2024-12-20 22:41:51,510 - [Process 3/5] - INFO - loading datasets finished
2024-12-20 22:41:51,511 - [Process 3/5] - INFO - model_max_len: 3950
2024-12-20 22:41:51,511 - [Process 3/5] - INFO - output_max_len: 128
2024-12-20 22:41:51,578 - [Process 3/5] - INFO - Max Length is 36418
2024-12-20 22:41:51,579 - [Process 3/5] - INFO - Finish loading dataset
2024-12-20 22:41:51,579 - [Process 3/5] - INFO - get_predicted begin
2024-12-20 22:41:56,431 - [Process 3/5] - INFO - len(per_windows_prompt):2
2024-12-20 22:42:01,286 - [Process 3/5] - INFO - res.shape is :torch.Size([8])
2024-12-20 22:42:01,681 - [Process 3/5] - INFO - len(per_windows_prompt):2
2024-12-20 22:42:05,653 - [Process 3/5] - INFO - res.shape is :torch.Size([6])
2024-12-20 22:42:06,268 - [Process 3/5] - INFO - len(per_windows_prompt):2
2024-12-20 22:42:10,172 - [Process 3/5] - INFO - res.shape is :torch.Size([3])
2024-12-20 22:42:10,779 - [Process 3/5] - INFO - len(per_windows_prompt):2
2024-12-20 22:42:14,821 - [Process 3/5] - INFO - res.shape is :torch.Size([6])
2024-12-20 22:42:15,431 - [Process 3/5] - INFO - len(per_windows_prompt):2
2024-12-20 22:42:19,387 - [Process 3/5] - INFO - res.shape is :torch.Size([4])
2024-12-20 22:42:19,600 - [Process 3/5] - INFO - len(per_windows_prompt):2
2024-12-20 22:42:23,655 - [Process 3/5] - INFO - res.shape is :torch.Size([7])
2024-12-20 22:42:23,891 - [Process 3/5] - INFO - len(per_windows_prompt):2
2024-12-20 22:42:28,044 - [Process 3/5] - INFO - res.shape is :torch.Size([10])
2024-12-20 22:42:28,346 - [Process 3/5] - INFO - len(per_windows_prompt):2
2024-12-20 22:42:32,230 - [Process 3/5] - INFO - res.shape is :torch.Size([4])
2024-12-20 22:42:32,534 - [Process 3/5] - INFO - len(per_windows_prompt):2
2024-12-20 22:42:36,719 - [Process 3/5] - INFO - res.shape is :torch.Size([11])
2024-12-20 22:42:37,121 - [Process 3/5] - INFO - len(per_windows_prompt):2
2024-12-20 22:42:40,977 - [Process 3/5] - INFO - res.shape is :torch.Size([2])
2024-12-20 22:42:41,408 - [Process 3/5] - INFO - len(per_windows_prompt):2
2024-12-20 22:42:45,402 - [Process 3/5] - INFO - res.shape is :torch.Size([5])
2024-12-20 22:42:45,801 - [Process 3/5] - INFO - len(per_windows_prompt):2
2024-12-20 22:42:49,667 - [Process 3/5] - INFO - res.shape is :torch.Size([2])
2024-12-20 22:42:50,119 - [Process 3/5] - INFO - len(per_windows_prompt):2
2024-12-20 22:42:54,122 - [Process 3/5] - INFO - res.shape is :torch.Size([5])
2024-12-20 22:42:54,387 - [Process 3/5] - INFO - len(per_windows_prompt):2
2024-12-20 22:42:58,933 - [Process 3/5] - INFO - res.shape is :torch.Size([17])
2024-12-20 22:42:59,184 - [Process 3/5] - INFO - len(per_windows_prompt):2
2024-12-20 22:43:03,404 - [Process 3/5] - INFO - res.shape is :torch.Size([10])
2024-12-20 22:43:03,647 - [Process 3/5] - INFO - len(per_windows_prompt):2
2024-12-20 22:43:07,614 - [Process 3/5] - INFO - res.shape is :torch.Size([4])
2024-12-20 22:43:07,867 - [Process 3/5] - INFO - len(per_windows_prompt):2
2024-12-20 22:43:11,821 - [Process 3/5] - INFO - res.shape is :torch.Size([5])
2024-12-20 22:43:12,054 - [Process 3/5] - INFO - len(per_windows_prompt):2
2024-12-20 22:43:17,469 - [Process 3/5] - INFO - res.shape is :torch.Size([38])
2024-12-20 22:43:17,867 - [Process 3/5] - INFO - len(per_windows_prompt):2
2024-12-20 22:43:21,781 - [Process 3/5] - INFO - res.shape is :torch.Size([4])
2024-12-20 22:43:22,015 - [Process 3/5] - INFO - len(per_windows_prompt):2
2024-12-20 22:43:26,041 - [Process 3/5] - INFO - res.shape is :torch.Size([6])
2024-12-20 22:43:26,436 - [Process 3/5] - INFO - len(per_windows_prompt):2
2024-12-20 22:43:30,526 - [Process 3/5] - INFO - res.shape is :torch.Size([8])
2024-12-20 22:43:30,836 - [Process 3/5] - INFO - len(per_windows_prompt):2
2024-12-20 22:43:34,752 - [Process 3/5] - INFO - res.shape is :torch.Size([4])
2024-12-20 22:43:35,318 - [Process 3/5] - INFO - len(per_windows_prompt):2
2024-12-20 22:43:39,218 - [Process 3/5] - INFO - res.shape is :torch.Size([3])
2024-12-20 22:43:39,583 - [Process 3/5] - INFO - len(per_windows_prompt):2
2024-12-20 22:43:43,585 - [Process 3/5] - INFO - res.shape is :torch.Size([6])
2024-12-20 22:43:44,032 - [Process 3/5] - INFO - len(per_windows_prompt):2
2024-12-20 22:43:48,169 - [Process 3/5] - INFO - res.shape is :torch.Size([8])
2024-12-20 22:43:48,414 - [Process 3/5] - INFO - len(per_windows_prompt):2
2024-12-20 22:43:52,869 - [Process 3/5] - INFO - res.shape is :torch.Size([16])
2024-12-20 22:43:53,464 - [Process 3/5] - INFO - len(per_windows_prompt):2
2024-12-20 22:43:57,803 - [Process 3/5] - INFO - res.shape is :torch.Size([12])
2024-12-20 22:43:58,017 - [Process 3/5] - INFO - len(per_windows_prompt):2
2024-12-20 22:44:01,977 - [Process 3/5] - INFO - res.shape is :torch.Size([4])
2024-12-20 22:44:02,192 - [Process 3/5] - INFO - len(per_windows_prompt):2
2024-12-20 22:44:06,189 - [Process 3/5] - INFO - res.shape is :torch.Size([5])
2024-12-20 22:44:06,654 - [Process 3/5] - INFO - len(per_windows_prompt):2
2024-12-20 22:44:10,892 - [Process 3/5] - INFO - res.shape is :torch.Size([10])
2024-12-20 22:44:11,323 - [Process 3/5] - INFO - len(per_windows_prompt):2
2024-12-20 22:44:15,392 - [Process 3/5] - INFO - res.shape is :torch.Size([6])
2024-12-20 22:44:16,000 - [Process 3/5] - INFO - len(per_windows_prompt):2
2024-12-20 22:44:20,435 - [Process 3/5] - INFO - res.shape is :torch.Size([14])
2024-12-20 22:44:20,740 - [Process 3/5] - INFO - len(per_windows_prompt):2
2024-12-20 22:44:24,701 - [Process 3/5] - INFO - res.shape is :torch.Size([5])
2024-12-20 22:44:24,933 - [Process 3/5] - INFO - len(per_windows_prompt):2
2024-12-20 22:44:28,930 - [Process 3/5] - INFO - res.shape is :torch.Size([5])
2024-12-20 22:44:29,321 - [Process 3/5] - INFO - len(per_windows_prompt):2
2024-12-20 22:44:34,221 - [Process 3/5] - INFO - res.shape is :torch.Size([27])
2024-12-20 22:44:34,487 - [Process 3/5] - INFO - len(per_windows_prompt):2
2024-12-20 22:44:39,126 - [Process 3/5] - INFO - res.shape is :torch.Size([19])
2024-12-20 22:44:39,337 - [Process 3/5] - INFO - len(per_windows_prompt):2
2024-12-20 22:44:43,244 - [Process 3/5] - INFO - res.shape is :torch.Size([3])
2024-12-20 22:44:43,494 - [Process 3/5] - INFO - len(per_windows_prompt):2
2024-12-20 22:44:47,380 - [Process 3/5] - INFO - res.shape is :torch.Size([2])
2024-12-20 22:44:47,942 - [Process 3/5] - INFO - len(per_windows_prompt):2
2024-12-20 22:44:51,852 - [Process 3/5] - INFO - res.shape is :torch.Size([2])
2024-12-20 22:44:52,401 - [Process 3/5] - INFO - len(per_windows_prompt):2
2024-12-20 22:44:56,259 - [Process 3/5] - INFO - res.shape is :torch.Size([2])
