2024-12-20 17:13:30,442 - [Process 4/5] - INFO - loading datasets finished
2024-12-20 17:13:30,442 - [Process 4/5] - INFO - model_max_len: 3950
2024-12-20 17:13:30,442 - [Process 4/5] - INFO - output_max_len: 64
2024-12-20 17:13:30,475 - [Process 4/5] - INFO - Max Length is 10337
2024-12-20 17:13:30,475 - [Process 4/5] - INFO - Finish loading dataset
2024-12-20 17:13:30,475 - [Process 4/5] - INFO - get_predicted begin
2024-12-20 17:13:39,554 - [Process 4/5] - INFO - res.shape is :torch.Size([13])
2024-12-20 17:13:45,630 - [Process 4/5] - INFO - res.shape is :torch.Size([51])
2024-12-20 17:13:49,784 - [Process 4/5] - INFO - res.shape is :torch.Size([13])
2024-12-20 17:13:53,944 - [Process 4/5] - INFO - res.shape is :torch.Size([6])
2024-12-20 17:13:59,196 - [Process 4/5] - INFO - res.shape is :torch.Size([30])
2024-12-20 17:14:03,695 - [Process 4/5] - INFO - res.shape is :torch.Size([12])
2024-12-20 17:14:08,979 - [Process 4/5] - INFO - res.shape is :torch.Size([30])
2024-12-20 17:14:13,216 - [Process 4/5] - INFO - res.shape is :torch.Size([6])
2024-12-20 17:14:17,326 - [Process 4/5] - INFO - res.shape is :torch.Size([4])
2024-12-20 17:14:23,319 - [Process 4/5] - INFO - res.shape is :torch.Size([44])
2024-12-20 17:14:27,227 - [Process 4/5] - INFO - res.shape is :torch.Size([6])
2024-12-20 17:14:31,174 - [Process 4/5] - INFO - res.shape is :torch.Size([7])
2024-12-20 17:14:37,621 - [Process 4/5] - INFO - res.shape is :torch.Size([56])
2024-12-20 17:14:43,406 - [Process 4/5] - INFO - res.shape is :torch.Size([41])
2024-12-20 17:14:47,770 - [Process 4/5] - INFO - res.shape is :torch.Size([8])
2024-12-20 17:14:52,330 - [Process 4/5] - INFO - res.shape is :torch.Size([12])
2024-12-20 17:14:56,559 - [Process 4/5] - INFO - res.shape is :torch.Size([5])
2024-12-20 17:15:00,889 - [Process 4/5] - INFO - res.shape is :torch.Size([7])
2024-12-20 17:15:05,138 - [Process 4/5] - INFO - res.shape is :torch.Size([6])
2024-12-20 17:15:10,329 - [Process 4/5] - INFO - res.shape is :torch.Size([28])
2024-12-20 17:15:14,657 - [Process 4/5] - INFO - res.shape is :torch.Size([8])
2024-12-20 17:15:18,534 - [Process 4/5] - INFO - res.shape is :torch.Size([9])
2024-12-20 17:15:23,502 - [Process 4/5] - INFO - res.shape is :torch.Size([22])
2024-12-20 17:15:27,979 - [Process 4/5] - INFO - res.shape is :torch.Size([19])
2024-12-20 17:15:31,407 - [Process 4/5] - INFO - res.shape is :torch.Size([57])
2024-12-20 17:15:38,226 - [Process 4/5] - INFO - res.shape is :torch.Size([66])
2024-12-20 17:15:41,429 - [Process 4/5] - INFO - res.shape is :torch.Size([6])
2024-12-20 17:15:45,634 - [Process 4/5] - INFO - res.shape is :torch.Size([4])
2024-12-20 17:15:51,110 - [Process 4/5] - INFO - res.shape is :torch.Size([35])
2024-12-20 17:15:56,378 - [Process 4/5] - INFO - res.shape is :torch.Size([29])
