2024-12-20 22:24:03,132 - [Process 0/5] - INFO - loading datasets finished
2024-12-20 22:24:03,132 - [Process 0/5] - INFO - model_max_len: 3950
2024-12-20 22:24:03,132 - [Process 0/5] - INFO - output_max_len: 64
2024-12-20 22:24:03,149 - [Process 0/5] - INFO - Max Length is 10337
2024-12-20 22:24:03,149 - [Process 0/5] - INFO - Finish loading dataset
2024-12-20 22:24:03,149 - [Process 0/5] - INFO - get_predicted begin
2024-12-20 22:24:07,885 - [Process 0/5] - INFO - len(per_windows_prompt):2
2024-12-20 22:24:10,567 - [Process 0/5] - INFO - res.shape is :torch.Size([6])
2024-12-20 22:24:10,798 - [Process 0/5] - INFO - len(per_windows_prompt):2
2024-12-20 22:24:14,529 - [Process 0/5] - INFO - res.shape is :torch.Size([2])
2024-12-20 22:24:14,732 - [Process 0/5] - INFO - len(per_windows_prompt):2
2024-12-20 22:24:19,435 - [Process 0/5] - INFO - res.shape is :torch.Size([24])
2024-12-20 22:24:19,681 - [Process 0/5] - INFO - len(per_windows_prompt):2
2024-12-20 22:24:23,675 - [Process 0/5] - INFO - res.shape is :torch.Size([8])
2024-12-20 22:24:23,892 - [Process 0/5] - INFO - len(per_windows_prompt):2
2024-12-20 22:24:27,991 - [Process 0/5] - INFO - res.shape is :torch.Size([8])
2024-12-20 22:24:28,207 - [Process 0/5] - INFO - len(per_windows_prompt):2
2024-12-20 22:24:33,697 - [Process 0/5] - INFO - res.shape is :torch.Size([42])
2024-12-20 22:24:33,919 - [Process 0/5] - INFO - len(per_windows_prompt):2
2024-12-20 22:24:38,216 - [Process 0/5] - INFO - res.shape is :torch.Size([14])
2024-12-20 22:24:38,375 - [Process 0/5] - INFO - len(per_windows_prompt):2
2024-12-20 22:24:41,810 - [Process 0/5] - INFO - res.shape is :torch.Size([5])
2024-12-20 22:24:41,905 - [Process 0/5] - INFO - len(per_windows_prompt):2
2024-12-20 22:24:44,209 - [Process 0/5] - INFO - res.shape is :torch.Size([5])
2024-12-20 22:24:44,449 - [Process 0/5] - INFO - len(per_windows_prompt):2
2024-12-20 22:24:48,857 - [Process 0/5] - INFO - res.shape is :torch.Size([15])
2024-12-20 22:24:49,067 - [Process 0/5] - INFO - len(per_windows_prompt):2
2024-12-20 22:24:52,846 - [Process 0/5] - INFO - res.shape is :torch.Size([2])
2024-12-20 22:24:53,072 - [Process 0/5] - INFO - len(per_windows_prompt):2
2024-12-20 22:24:57,038 - [Process 0/5] - INFO - res.shape is :torch.Size([8])
2024-12-20 22:24:57,298 - [Process 0/5] - INFO - len(per_windows_prompt):2
2024-12-20 22:25:03,121 - [Process 0/5] - INFO - res.shape is :torch.Size([47])
2024-12-20 22:25:03,338 - [Process 0/5] - INFO - len(per_windows_prompt):2
2024-12-20 22:25:07,156 - [Process 0/5] - INFO - res.shape is :torch.Size([3])
2024-12-20 22:25:07,382 - [Process 0/5] - INFO - len(per_windows_prompt):2
2024-12-20 22:25:12,239 - [Process 0/5] - INFO - res.shape is :torch.Size([24])
2024-12-20 22:25:12,388 - [Process 0/5] - INFO - len(per_windows_prompt):2
2024-12-20 22:25:15,769 - [Process 0/5] - INFO - res.shape is :torch.Size([7])
2024-12-20 22:25:16,002 - [Process 0/5] - INFO - len(per_windows_prompt):2
2024-12-20 22:25:20,224 - [Process 0/5] - INFO - res.shape is :torch.Size([13])
2024-12-20 22:25:20,452 - [Process 0/5] - INFO - len(per_windows_prompt):2
2024-12-20 22:25:24,998 - [Process 0/5] - INFO - res.shape is :torch.Size([20])
2024-12-20 22:25:25,242 - [Process 0/5] - INFO - len(per_windows_prompt):2
2024-12-20 22:25:29,250 - [Process 0/5] - INFO - res.shape is :torch.Size([7])
2024-12-20 22:25:29,456 - [Process 0/5] - INFO - len(per_windows_prompt):2
2024-12-20 22:25:33,574 - [Process 0/5] - INFO - res.shape is :torch.Size([10])
2024-12-20 22:25:33,715 - [Process 0/5] - INFO - len(per_windows_prompt):2
2024-12-20 22:25:36,741 - [Process 0/5] - INFO - res.shape is :torch.Size([7])
2024-12-20 22:25:36,943 - [Process 0/5] - INFO - len(per_windows_prompt):2
2024-12-20 22:25:40,849 - [Process 0/5] - INFO - res.shape is :torch.Size([6])
2024-12-20 22:25:41,044 - [Process 0/5] - INFO - len(per_windows_prompt):2
2024-12-20 22:25:45,255 - [Process 0/5] - INFO - res.shape is :torch.Size([14])
2024-12-20 22:25:45,441 - [Process 0/5] - INFO - len(per_windows_prompt):2
2024-12-20 22:25:49,616 - [Process 0/5] - INFO - res.shape is :torch.Size([13])
2024-12-20 22:25:49,840 - [Process 0/5] - INFO - len(per_windows_prompt):2
2024-12-20 22:25:54,606 - [Process 0/5] - INFO - res.shape is :torch.Size([25])
2024-12-20 22:25:54,809 - [Process 0/5] - INFO - len(per_windows_prompt):2
2024-12-20 22:25:59,422 - [Process 0/5] - INFO - res.shape is :torch.Size([19])
2024-12-20 22:25:59,636 - [Process 0/5] - INFO - len(per_windows_prompt):2
2024-12-20 22:26:03,736 - [Process 0/5] - INFO - res.shape is :torch.Size([10])
2024-12-20 22:26:03,988 - [Process 0/5] - INFO - len(per_windows_prompt):2
2024-12-20 22:26:07,999 - [Process 0/5] - INFO - res.shape is :torch.Size([7])
2024-12-20 22:26:08,208 - [Process 0/5] - INFO - len(per_windows_prompt):2
2024-12-20 22:26:11,962 - [Process 0/5] - INFO - res.shape is :torch.Size([2])
2024-12-20 22:26:12,176 - [Process 0/5] - INFO - len(per_windows_prompt):2
2024-12-20 22:26:16,506 - [Process 0/5] - INFO - res.shape is :torch.Size([16])
