2024-12-20 21:40:52,028 - [Process 2/5] - INFO - loading datasets finished
2024-12-20 21:40:52,028 - [Process 2/5] - INFO - model_max_len: 3950
2024-12-20 21:40:52,028 - [Process 2/5] - INFO - output_max_len: 64
2024-12-20 21:40:52,045 - [Process 2/5] - INFO - Max Length is 10337
2024-12-20 21:40:52,046 - [Process 2/5] - INFO - Finish loading dataset
2024-12-20 21:40:52,046 - [Process 2/5] - INFO - get_predicted begin
2024-12-20 21:40:56,916 - [Process 2/5] - INFO - len(per_windows_prompt):2
2024-12-20 21:40:58,023 - [Process 2/5] - INFO - res.shape is :torch.Size([2])
2024-12-20 21:40:58,293 - [Process 2/5] - INFO - len(per_windows_prompt):2
2024-12-20 21:40:58,681 - [Process 2/5] - INFO - res.shape is :torch.Size([4])
2024-12-20 21:40:58,838 - [Process 2/5] - INFO - len(per_windows_prompt):2
2024-12-20 21:40:59,309 - [Process 2/5] - INFO - res.shape is :torch.Size([6])
2024-12-20 21:40:59,480 - [Process 2/5] - INFO - len(per_windows_prompt):2
2024-12-20 21:40:59,838 - [Process 2/5] - INFO - res.shape is :torch.Size([3])
2024-12-20 21:40:59,935 - [Process 2/5] - INFO - len(per_windows_prompt):2
2024-12-20 21:41:00,236 - [Process 2/5] - INFO - res.shape is :torch.Size([2])
2024-12-20 21:41:00,465 - [Process 2/5] - INFO - len(per_windows_prompt):2
2024-12-20 21:41:01,131 - [Process 2/5] - INFO - res.shape is :torch.Size([10])
2024-12-20 21:41:01,383 - [Process 2/5] - INFO - len(per_windows_prompt):2
2024-12-20 21:41:01,737 - [Process 2/5] - INFO - res.shape is :torch.Size([3])
2024-12-20 21:41:01,965 - [Process 2/5] - INFO - len(per_windows_prompt):2
2024-12-20 21:41:02,972 - [Process 2/5] - INFO - res.shape is :torch.Size([18])
2024-12-20 21:41:03,172 - [Process 2/5] - INFO - len(per_windows_prompt):2
2024-12-20 21:41:03,640 - [Process 2/5] - INFO - res.shape is :torch.Size([6])
2024-12-20 21:41:03,836 - [Process 2/5] - INFO - len(per_windows_prompt):2
2024-12-20 21:41:04,239 - [Process 2/5] - INFO - res.shape is :torch.Size([4])
2024-12-20 21:41:04,349 - [Process 2/5] - INFO - len(per_windows_prompt):2
2024-12-20 21:41:04,784 - [Process 2/5] - INFO - res.shape is :torch.Size([5])
2024-12-20 21:41:04,865 - [Process 2/5] - INFO - len(per_windows_prompt):2
2024-12-20 21:41:05,165 - [Process 2/5] - INFO - res.shape is :torch.Size([2])
2024-12-20 21:41:05,375 - [Process 2/5] - INFO - len(per_windows_prompt):2
2024-12-20 21:41:06,835 - [Process 2/5] - INFO - res.shape is :torch.Size([28])
2024-12-20 21:41:07,066 - [Process 2/5] - INFO - len(per_windows_prompt):2
2024-12-20 21:41:08,883 - [Process 2/5] - INFO - res.shape is :torch.Size([37])
2024-12-20 21:41:09,133 - [Process 2/5] - INFO - len(per_windows_prompt):2
2024-12-20 21:41:09,577 - [Process 2/5] - INFO - res.shape is :torch.Size([5])
2024-12-20 21:41:09,841 - [Process 2/5] - INFO - len(per_windows_prompt):2
2024-12-20 21:41:10,357 - [Process 2/5] - INFO - res.shape is :torch.Size([7])
2024-12-20 21:41:10,539 - [Process 2/5] - INFO - len(per_windows_prompt):2
2024-12-20 21:41:11,106 - [Process 2/5] - INFO - res.shape is :torch.Size([8])
2024-12-20 21:41:11,324 - [Process 2/5] - INFO - len(per_windows_prompt):2
2024-12-20 21:41:12,176 - [Process 2/5] - INFO - res.shape is :torch.Size([15])
2024-12-20 21:41:12,380 - [Process 2/5] - INFO - len(per_windows_prompt):2
2024-12-20 21:41:12,764 - [Process 2/5] - INFO - res.shape is :torch.Size([4])
2024-12-20 21:41:12,982 - [Process 2/5] - INFO - len(per_windows_prompt):2
2024-12-20 21:41:13,283 - [Process 2/5] - INFO - res.shape is :torch.Size([2])
2024-12-20 21:41:13,502 - [Process 2/5] - INFO - len(per_windows_prompt):2
2024-12-20 21:41:14,083 - [Process 2/5] - INFO - res.shape is :torch.Size([8])
2024-12-20 21:41:14,309 - [Process 2/5] - INFO - len(per_windows_prompt):2
2024-12-20 21:41:15,807 - [Process 2/5] - INFO - res.shape is :torch.Size([28])
2024-12-20 21:41:16,001 - [Process 2/5] - INFO - len(per_windows_prompt):2
2024-12-20 21:41:16,315 - [Process 2/5] - INFO - res.shape is :torch.Size([2])
2024-12-20 21:41:16,400 - [Process 2/5] - INFO - len(per_windows_prompt):2
2024-12-20 21:41:16,783 - [Process 2/5] - INFO - res.shape is :torch.Size([4])
2024-12-20 21:41:16,986 - [Process 2/5] - INFO - len(per_windows_prompt):2
2024-12-20 21:41:18,190 - [Process 2/5] - INFO - res.shape is :torch.Size([23])
2024-12-20 21:41:18,462 - [Process 2/5] - INFO - len(per_windows_prompt):2
2024-12-20 21:41:20,738 - [Process 2/5] - INFO - res.shape is :torch.Size([47])
2024-12-20 21:41:20,829 - [Process 2/5] - INFO - len(per_windows_prompt):2
2024-12-20 21:41:21,298 - [Process 2/5] - INFO - res.shape is :torch.Size([6])
2024-12-20 21:41:21,435 - [Process 2/5] - INFO - len(per_windows_prompt):2
2024-12-20 21:41:21,828 - [Process 2/5] - INFO - res.shape is :torch.Size([4])
2024-12-20 21:41:22,033 - [Process 2/5] - INFO - len(per_windows_prompt):2
2024-12-20 21:41:22,402 - [Process 2/5] - INFO - res.shape is :torch.Size([4])
2024-12-20 21:41:22,594 - [Process 2/5] - INFO - len(per_windows_prompt):2
2024-12-20 21:41:22,877 - [Process 2/5] - INFO - res.shape is :torch.Size([2])
