2024-12-20 23:50:57,716 - [Process 0/1] - INFO - loading datasets finished
2024-12-20 23:50:57,716 - [Process 0/1] - INFO - model_max_len: 3950
2024-12-20 23:50:57,716 - [Process 0/1] - INFO - output_max_len: 32
2024-12-20 23:50:57,736 - [Process 0/1] - INFO - Max Length is 11950
2024-12-20 23:50:57,736 - [Process 0/1] - INFO - Finish loading dataset
2024-12-20 23:50:57,736 - [Process 0/1] - INFO - get_predicted begin
2024-12-20 23:50:57,859 - [Process 0/1] - INFO - len(per_windows_prompt):2
2024-12-20 23:51:02,377 - [Process 0/1] - INFO - res.shape is :torch.Size([8])
2024-12-20 23:51:02,499 - [Process 0/1] - INFO - len(per_windows_prompt):2
2024-12-20 23:51:06,546 - [Process 0/1] - INFO - res.shape is :torch.Size([8])
2024-12-20 23:51:06,667 - [Process 0/1] - INFO - len(per_windows_prompt):2
2024-12-20 23:51:10,668 - [Process 0/1] - INFO - res.shape is :torch.Size([8])
2024-12-20 23:51:10,812 - [Process 0/1] - INFO - len(per_windows_prompt):2
2024-12-20 23:51:14,610 - [Process 0/1] - INFO - res.shape is :torch.Size([2])
2024-12-20 23:51:14,731 - [Process 0/1] - INFO - len(per_windows_prompt):2
2024-12-20 23:51:18,710 - [Process 0/1] - INFO - res.shape is :torch.Size([8])
2024-12-20 23:51:18,830 - [Process 0/1] - INFO - len(per_windows_prompt):2
2024-12-20 23:51:22,775 - [Process 0/1] - INFO - res.shape is :torch.Size([5])
2024-12-20 23:51:22,897 - [Process 0/1] - INFO - len(per_windows_prompt):2
2024-12-20 23:51:26,840 - [Process 0/1] - INFO - res.shape is :torch.Size([6])
2024-12-20 23:51:26,982 - [Process 0/1] - INFO - len(per_windows_prompt):2
2024-12-20 23:51:30,991 - [Process 0/1] - INFO - res.shape is :torch.Size([7])
2024-12-20 23:51:31,107 - [Process 0/1] - INFO - len(per_windows_prompt):2
2024-12-20 23:51:34,925 - [Process 0/1] - INFO - res.shape is :torch.Size([2])
2024-12-20 23:51:35,049 - [Process 0/1] - INFO - len(per_windows_prompt):2
2024-12-20 23:51:38,895 - [Process 0/1] - INFO - res.shape is :torch.Size([4])
2024-12-20 23:51:39,056 - [Process 0/1] - INFO - len(per_windows_prompt):2
2024-12-20 23:51:42,983 - [Process 0/1] - INFO - res.shape is :torch.Size([6])
2024-12-20 23:51:43,095 - [Process 0/1] - INFO - len(per_windows_prompt):2
2024-12-20 23:51:47,808 - [Process 0/1] - INFO - res.shape is :torch.Size([26])
2024-12-20 23:51:47,874 - [Process 0/1] - INFO - len(per_windows_prompt):2
2024-12-20 23:51:50,680 - [Process 0/1] - INFO - res.shape is :torch.Size([9])
2024-12-20 23:51:50,793 - [Process 0/1] - INFO - len(per_windows_prompt):2
2024-12-20 23:51:54,916 - [Process 0/1] - INFO - res.shape is :torch.Size([10])
2024-12-20 23:51:55,037 - [Process 0/1] - INFO - len(per_windows_prompt):2
2024-12-20 23:51:58,846 - [Process 0/1] - INFO - res.shape is :torch.Size([2])
2024-12-20 23:51:59,005 - [Process 0/1] - INFO - len(per_windows_prompt):2
2024-12-20 23:52:02,985 - [Process 0/1] - INFO - res.shape is :torch.Size([5])
2024-12-20 23:52:03,062 - [Process 0/1] - INFO - len(per_windows_prompt):2
2024-12-20 23:52:05,988 - [Process 0/1] - INFO - res.shape is :torch.Size([7])
2024-12-20 23:52:06,117 - [Process 0/1] - INFO - len(per_windows_prompt):2
2024-12-20 23:52:09,949 - [Process 0/1] - INFO - res.shape is :torch.Size([2])
2024-12-20 23:52:09,981 - [Process 0/1] - INFO - len(per_windows_prompt):2
2024-12-20 23:52:11,275 - [Process 0/1] - INFO - res.shape is :torch.Size([2])
2024-12-20 23:52:11,387 - [Process 0/1] - INFO - len(per_windows_prompt):2
2024-12-20 23:52:15,283 - [Process 0/1] - INFO - res.shape is :torch.Size([3])
2024-12-20 23:52:15,390 - [Process 0/1] - INFO - len(per_windows_prompt):2
2024-12-20 23:52:19,111 - [Process 0/1] - INFO - res.shape is :torch.Size([3])
2024-12-20 23:52:19,251 - [Process 0/1] - INFO - len(per_windows_prompt):2
2024-12-20 23:52:23,136 - [Process 0/1] - INFO - res.shape is :torch.Size([5])
2024-12-20 23:52:23,288 - [Process 0/1] - INFO - len(per_windows_prompt):2
2024-12-20 23:52:27,264 - [Process 0/1] - INFO - res.shape is :torch.Size([6])
2024-12-20 23:52:27,393 - [Process 0/1] - INFO - len(per_windows_prompt):2
2024-12-20 23:52:31,419 - [Process 0/1] - INFO - res.shape is :torch.Size([6])
2024-12-20 23:52:31,551 - [Process 0/1] - INFO - len(per_windows_prompt):2
2024-12-20 23:52:35,439 - [Process 0/1] - INFO - res.shape is :torch.Size([7])
2024-12-20 23:52:35,487 - [Process 0/1] - INFO - len(per_windows_prompt):2
2024-12-20 23:52:37,615 - [Process 0/1] - INFO - res.shape is :torch.Size([11])
2024-12-20 23:52:37,728 - [Process 0/1] - INFO - len(per_windows_prompt):2
2024-12-20 23:52:41,875 - [Process 0/1] - INFO - res.shape is :torch.Size([9])
2024-12-20 23:52:41,993 - [Process 0/1] - INFO - len(per_windows_prompt):2
2024-12-20 23:52:45,774 - [Process 0/1] - INFO - res.shape is :torch.Size([2])
2024-12-20 23:52:45,890 - [Process 0/1] - INFO - len(per_windows_prompt):2
2024-12-20 23:52:49,962 - [Process 0/1] - INFO - res.shape is :torch.Size([7])
2024-12-20 23:52:50,083 - [Process 0/1] - INFO - len(per_windows_prompt):2
2024-12-20 23:52:54,023 - [Process 0/1] - INFO - res.shape is :torch.Size([5])
2024-12-20 23:52:54,140 - [Process 0/1] - INFO - len(per_windows_prompt):2
2024-12-20 23:52:58,511 - [Process 0/1] - INFO - res.shape is :torch.Size([17])
2024-12-20 23:52:58,638 - [Process 0/1] - INFO - len(per_windows_prompt):2
2024-12-20 23:53:02,537 - [Process 0/1] - INFO - res.shape is :torch.Size([4])
2024-12-20 23:53:02,705 - [Process 0/1] - INFO - len(per_windows_prompt):2
2024-12-20 23:53:06,483 - [Process 0/1] - INFO - res.shape is :torch.Size([2])
2024-12-20 23:53:06,593 - [Process 0/1] - INFO - len(per_windows_prompt):2
2024-12-20 23:53:10,421 - [Process 0/1] - INFO - res.shape is :torch.Size([2])
2024-12-20 23:53:10,539 - [Process 0/1] - INFO - len(per_windows_prompt):2
2024-12-20 23:53:14,494 - [Process 0/1] - INFO - res.shape is :torch.Size([5])
2024-12-20 23:53:14,604 - [Process 0/1] - INFO - len(per_windows_prompt):2
2024-12-20 23:53:18,562 - [Process 0/1] - INFO - res.shape is :torch.Size([5])
2024-12-20 23:53:18,681 - [Process 0/1] - INFO - len(per_windows_prompt):2
2024-12-20 23:53:22,619 - [Process 0/1] - INFO - res.shape is :torch.Size([4])
2024-12-20 23:53:22,729 - [Process 0/1] - INFO - len(per_windows_prompt):2
2024-12-20 23:53:26,613 - [Process 0/1] - INFO - res.shape is :torch.Size([3])
2024-12-20 23:53:26,745 - [Process 0/1] - INFO - len(per_windows_prompt):2
2024-12-20 23:53:30,764 - [Process 0/1] - INFO - res.shape is :torch.Size([6])
2024-12-20 23:53:30,885 - [Process 0/1] - INFO - len(per_windows_prompt):2
2024-12-20 23:53:34,790 - [Process 0/1] - INFO - res.shape is :torch.Size([4])
2024-12-20 23:53:34,911 - [Process 0/1] - INFO - len(per_windows_prompt):2
2024-12-20 23:53:38,639 - [Process 0/1] - INFO - res.shape is :torch.Size([3])
2024-12-20 23:53:38,745 - [Process 0/1] - INFO - len(per_windows_prompt):2
2024-12-20 23:53:42,754 - [Process 0/1] - INFO - res.shape is :torch.Size([8])
2024-12-20 23:53:42,900 - [Process 0/1] - INFO - len(per_windows_prompt):2
2024-12-20 23:53:46,768 - [Process 0/1] - INFO - res.shape is :torch.Size([3])
2024-12-20 23:53:46,895 - [Process 0/1] - INFO - len(per_windows_prompt):2
2024-12-20 23:53:50,865 - [Process 0/1] - INFO - res.shape is :torch.Size([7])
2024-12-20 23:53:50,981 - [Process 0/1] - INFO - len(per_windows_prompt):2
2024-12-20 23:53:54,849 - [Process 0/1] - INFO - res.shape is :torch.Size([3])
2024-12-20 23:53:54,978 - [Process 0/1] - INFO - len(per_windows_prompt):2
2024-12-20 23:53:59,358 - [Process 0/1] - INFO - res.shape is :torch.Size([15])
2024-12-20 23:53:59,476 - [Process 0/1] - INFO - len(per_windows_prompt):2
2024-12-20 23:54:03,322 - [Process 0/1] - INFO - res.shape is :torch.Size([2])
2024-12-20 23:54:03,436 - [Process 0/1] - INFO - len(per_windows_prompt):2
2024-12-20 23:54:07,206 - [Process 0/1] - INFO - res.shape is :torch.Size([4])
2024-12-20 23:54:07,261 - [Process 0/1] - INFO - len(per_windows_prompt):2
2024-12-20 23:54:09,407 - [Process 0/1] - INFO - res.shape is :torch.Size([7])
2024-12-20 23:54:09,520 - [Process 0/1] - INFO - len(per_windows_prompt):2
2024-12-20 23:54:13,511 - [Process 0/1] - INFO - res.shape is :torch.Size([7])
2024-12-20 23:54:13,669 - [Process 0/1] - INFO - len(per_windows_prompt):2
2024-12-20 23:54:17,644 - [Process 0/1] - INFO - res.shape is :torch.Size([7])
2024-12-20 23:54:17,765 - [Process 0/1] - INFO - len(per_windows_prompt):2
2024-12-20 23:54:21,804 - [Process 0/1] - INFO - res.shape is :torch.Size([6])
2024-12-20 23:54:21,916 - [Process 0/1] - INFO - len(per_windows_prompt):2
2024-12-20 23:54:25,748 - [Process 0/1] - INFO - res.shape is :torch.Size([3])
2024-12-20 23:54:25,863 - [Process 0/1] - INFO - len(per_windows_prompt):2
2024-12-20 23:54:29,896 - [Process 0/1] - INFO - res.shape is :torch.Size([6])
2024-12-20 23:54:30,011 - [Process 0/1] - INFO - len(per_windows_prompt):2
2024-12-20 23:54:34,077 - [Process 0/1] - INFO - res.shape is :torch.Size([7])
2024-12-20 23:54:34,186 - [Process 0/1] - INFO - len(per_windows_prompt):2
2024-12-20 23:54:38,185 - [Process 0/1] - INFO - res.shape is :torch.Size([5])
2024-12-20 23:54:38,303 - [Process 0/1] - INFO - len(per_windows_prompt):2
2024-12-20 23:54:42,288 - [Process 0/1] - INFO - res.shape is :torch.Size([6])
2024-12-20 23:54:42,424 - [Process 0/1] - INFO - len(per_windows_prompt):2
2024-12-20 23:54:46,193 - [Process 0/1] - INFO - res.shape is :torch.Size([4])
2024-12-20 23:54:46,294 - [Process 0/1] - INFO - len(per_windows_prompt):2
2024-12-20 23:54:50,097 - [Process 0/1] - INFO - res.shape is :torch.Size([5])
2024-12-20 23:54:50,207 - [Process 0/1] - INFO - len(per_windows_prompt):2
2024-12-20 23:54:54,098 - [Process 0/1] - INFO - res.shape is :torch.Size([5])
2024-12-20 23:54:54,240 - [Process 0/1] - INFO - len(per_windows_prompt):2
2024-12-20 23:54:58,115 - [Process 0/1] - INFO - res.shape is :torch.Size([4])
2024-12-20 23:54:58,222 - [Process 0/1] - INFO - len(per_windows_prompt):2
2024-12-20 23:55:02,049 - [Process 0/1] - INFO - res.shape is :torch.Size([2])
2024-12-20 23:55:02,146 - [Process 0/1] - INFO - len(per_windows_prompt):2
2024-12-20 23:55:05,709 - [Process 0/1] - INFO - res.shape is :torch.Size([5])
2024-12-20 23:55:05,830 - [Process 0/1] - INFO - len(per_windows_prompt):2
2024-12-20 23:55:09,696 - [Process 0/1] - INFO - res.shape is :torch.Size([2])
2024-12-20 23:55:09,766 - [Process 0/1] - INFO - len(per_windows_prompt):2
2024-12-20 23:55:12,334 - [Process 0/1] - INFO - res.shape is :torch.Size([2])
2024-12-20 23:55:12,457 - [Process 0/1] - INFO - len(per_windows_prompt):2
2024-12-20 23:55:16,443 - [Process 0/1] - INFO - res.shape is :torch.Size([6])
2024-12-20 23:55:16,552 - [Process 0/1] - INFO - len(per_windows_prompt):2
2024-12-20 23:55:20,246 - [Process 0/1] - INFO - res.shape is :torch.Size([2])
2024-12-20 23:55:20,358 - [Process 0/1] - INFO - len(per_windows_prompt):2
2024-12-20 23:55:24,467 - [Process 0/1] - INFO - res.shape is :torch.Size([10])
2024-12-20 23:55:24,585 - [Process 0/1] - INFO - len(per_windows_prompt):2
2024-12-20 23:55:28,493 - [Process 0/1] - INFO - res.shape is :torch.Size([5])
2024-12-20 23:55:28,605 - [Process 0/1] - INFO - len(per_windows_prompt):2
2024-12-20 23:55:32,513 - [Process 0/1] - INFO - res.shape is :torch.Size([4])
2024-12-20 23:55:32,631 - [Process 0/1] - INFO - len(per_windows_prompt):2
2024-12-20 23:55:36,496 - [Process 0/1] - INFO - res.shape is :torch.Size([3])
2024-12-20 23:55:36,618 - [Process 0/1] - INFO - len(per_windows_prompt):2
2024-12-20 23:55:40,408 - [Process 0/1] - INFO - res.shape is :torch.Size([2])
2024-12-20 23:55:40,527 - [Process 0/1] - INFO - len(per_windows_prompt):2
2024-12-20 23:55:44,373 - [Process 0/1] - INFO - res.shape is :torch.Size([6])
2024-12-20 23:55:44,401 - [Process 0/1] - INFO - len(per_windows_prompt):2
2024-12-20 23:55:45,530 - [Process 0/1] - INFO - res.shape is :torch.Size([2])
2024-12-20 23:55:45,646 - [Process 0/1] - INFO - len(per_windows_prompt):2
2024-12-20 23:55:49,457 - [Process 0/1] - INFO - res.shape is :torch.Size([3])
2024-12-20 23:55:49,564 - [Process 0/1] - INFO - len(per_windows_prompt):2
2024-12-20 23:55:53,697 - [Process 0/1] - INFO - res.shape is :torch.Size([11])
2024-12-20 23:55:53,846 - [Process 0/1] - INFO - len(per_windows_prompt):2
2024-12-20 23:55:57,670 - [Process 0/1] - INFO - res.shape is :torch.Size([2])
2024-12-20 23:55:57,785 - [Process 0/1] - INFO - len(per_windows_prompt):2
2024-12-20 23:56:01,690 - [Process 0/1] - INFO - res.shape is :torch.Size([4])
2024-12-20 23:56:01,855 - [Process 0/1] - INFO - len(per_windows_prompt):2
2024-12-20 23:56:05,576 - [Process 0/1] - INFO - res.shape is :torch.Size([3])
2024-12-20 23:56:05,690 - [Process 0/1] - INFO - len(per_windows_prompt):2
2024-12-20 23:56:09,794 - [Process 0/1] - INFO - res.shape is :torch.Size([9])
2024-12-20 23:56:09,909 - [Process 0/1] - INFO - len(per_windows_prompt):2
2024-12-20 23:56:13,760 - [Process 0/1] - INFO - res.shape is :torch.Size([4])
2024-12-20 23:56:13,880 - [Process 0/1] - INFO - len(per_windows_prompt):2
2024-12-20 23:56:17,721 - [Process 0/1] - INFO - res.shape is :torch.Size([6])
2024-12-20 23:56:17,840 - [Process 0/1] - INFO - len(per_windows_prompt):2
2024-12-20 23:56:21,837 - [Process 0/1] - INFO - res.shape is :torch.Size([5])
2024-12-20 23:56:21,966 - [Process 0/1] - INFO - len(per_windows_prompt):2
2024-12-20 23:56:26,062 - [Process 0/1] - INFO - res.shape is :torch.Size([10])
2024-12-20 23:56:26,174 - [Process 0/1] - INFO - len(per_windows_prompt):2
2024-12-20 23:56:30,213 - [Process 0/1] - INFO - res.shape is :torch.Size([6])
2024-12-20 23:56:30,372 - [Process 0/1] - INFO - len(per_windows_prompt):2
2024-12-20 23:56:34,217 - [Process 0/1] - INFO - res.shape is :torch.Size([2])
2024-12-20 23:56:34,343 - [Process 0/1] - INFO - len(per_windows_prompt):2
2024-12-20 23:56:38,491 - [Process 0/1] - INFO - res.shape is :torch.Size([11])
2024-12-20 23:56:38,619 - [Process 0/1] - INFO - len(per_windows_prompt):2
2024-12-20 23:56:42,403 - [Process 0/1] - INFO - res.shape is :torch.Size([2])
2024-12-20 23:56:42,553 - [Process 0/1] - INFO - len(per_windows_prompt):2
2024-12-20 23:56:46,240 - [Process 0/1] - INFO - res.shape is :torch.Size([2])
2024-12-20 23:56:46,348 - [Process 0/1] - INFO - len(per_windows_prompt):2
2024-12-20 23:56:50,396 - [Process 0/1] - INFO - res.shape is :torch.Size([9])
2024-12-20 23:56:50,529 - [Process 0/1] - INFO - len(per_windows_prompt):2
2024-12-20 23:56:54,592 - [Process 0/1] - INFO - res.shape is :torch.Size([8])
2024-12-20 23:56:54,722 - [Process 0/1] - INFO - len(per_windows_prompt):2
2024-12-20 23:56:58,784 - [Process 0/1] - INFO - res.shape is :torch.Size([8])
2024-12-20 23:56:58,901 - [Process 0/1] - INFO - len(per_windows_prompt):2
2024-12-20 23:57:02,706 - [Process 0/1] - INFO - res.shape is :torch.Size([5])
2024-12-20 23:57:02,867 - [Process 0/1] - INFO - len(per_windows_prompt):2
2024-12-20 23:57:07,007 - [Process 0/1] - INFO - res.shape is :torch.Size([10])
2024-12-20 23:57:07,122 - [Process 0/1] - INFO - len(per_windows_prompt):2
2024-12-20 23:57:10,965 - [Process 0/1] - INFO - res.shape is :torch.Size([2])
2024-12-20 23:57:11,088 - [Process 0/1] - INFO - len(per_windows_prompt):2
2024-12-20 23:57:15,165 - [Process 0/1] - INFO - res.shape is :torch.Size([7])
2024-12-20 23:57:15,312 - [Process 0/1] - INFO - len(per_windows_prompt):2
2024-12-20 23:57:19,307 - [Process 0/1] - INFO - res.shape is :torch.Size([5])
2024-12-20 23:57:19,395 - [Process 0/1] - INFO - len(per_windows_prompt):2
2024-12-20 23:57:22,830 - [Process 0/1] - INFO - res.shape is :torch.Size([7])
2024-12-20 23:57:22,984 - [Process 0/1] - INFO - len(per_windows_prompt):2
2024-12-20 23:57:26,906 - [Process 0/1] - INFO - res.shape is :torch.Size([4])
2024-12-20 23:57:27,017 - [Process 0/1] - INFO - len(per_windows_prompt):2
2024-12-20 23:57:31,056 - [Process 0/1] - INFO - res.shape is :torch.Size([6])
2024-12-20 23:57:31,175 - [Process 0/1] - INFO - len(per_windows_prompt):2
2024-12-20 23:57:35,043 - [Process 0/1] - INFO - res.shape is :torch.Size([4])
2024-12-20 23:57:35,132 - [Process 0/1] - INFO - len(per_windows_prompt):2
2024-12-20 23:57:38,244 - [Process 0/1] - INFO - res.shape is :torch.Size([2])
2024-12-20 23:57:38,357 - [Process 0/1] - INFO - len(per_windows_prompt):2
2024-12-20 23:57:42,274 - [Process 0/1] - INFO - res.shape is :torch.Size([3])
2024-12-20 23:57:42,393 - [Process 0/1] - INFO - len(per_windows_prompt):2
2024-12-20 23:57:46,363 - [Process 0/1] - INFO - res.shape is :torch.Size([7])
2024-12-20 23:57:46,523 - [Process 0/1] - INFO - len(per_windows_prompt):2
2024-12-20 23:57:50,755 - [Process 0/1] - INFO - res.shape is :torch.Size([11])
2024-12-20 23:57:50,869 - [Process 0/1] - INFO - len(per_windows_prompt):2
2024-12-20 23:57:54,900 - [Process 0/1] - INFO - res.shape is :torch.Size([6])
2024-12-20 23:57:54,981 - [Process 0/1] - INFO - len(per_windows_prompt):2
2024-12-20 23:57:58,228 - [Process 0/1] - INFO - res.shape is :torch.Size([9])
2024-12-20 23:57:58,337 - [Process 0/1] - INFO - len(per_windows_prompt):2
2024-12-20 23:58:02,186 - [Process 0/1] - INFO - res.shape is :torch.Size([4])
2024-12-20 23:58:02,299 - [Process 0/1] - INFO - len(per_windows_prompt):2
2024-12-20 23:58:06,290 - [Process 0/1] - INFO - res.shape is :torch.Size([7])
2024-12-20 23:58:06,400 - [Process 0/1] - INFO - len(per_windows_prompt):2
2024-12-20 23:58:10,428 - [Process 0/1] - INFO - res.shape is :torch.Size([8])
2024-12-20 23:58:10,544 - [Process 0/1] - INFO - len(per_windows_prompt):2
2024-12-20 23:58:14,618 - [Process 0/1] - INFO - res.shape is :torch.Size([7])
2024-12-20 23:58:14,724 - [Process 0/1] - INFO - len(per_windows_prompt):2
2024-12-20 23:58:18,588 - [Process 0/1] - INFO - res.shape is :torch.Size([3])
2024-12-20 23:58:18,705 - [Process 0/1] - INFO - len(per_windows_prompt):2
2024-12-20 23:58:22,676 - [Process 0/1] - INFO - res.shape is :torch.Size([7])
2024-12-20 23:58:22,805 - [Process 0/1] - INFO - len(per_windows_prompt):2
2024-12-20 23:58:26,576 - [Process 0/1] - INFO - res.shape is :torch.Size([2])
2024-12-20 23:58:26,694 - [Process 0/1] - INFO - len(per_windows_prompt):2
2024-12-20 23:58:30,789 - [Process 0/1] - INFO - res.shape is :torch.Size([10])
2024-12-20 23:58:30,926 - [Process 0/1] - INFO - len(per_windows_prompt):2
2024-12-20 23:58:34,725 - [Process 0/1] - INFO - res.shape is :torch.Size([5])
2024-12-20 23:58:34,836 - [Process 0/1] - INFO - len(per_windows_prompt):2
2024-12-20 23:58:38,707 - [Process 0/1] - INFO - res.shape is :torch.Size([4])
2024-12-20 23:58:38,832 - [Process 0/1] - INFO - len(per_windows_prompt):2
2024-12-20 23:58:42,763 - [Process 0/1] - INFO - res.shape is :torch.Size([6])
2024-12-20 23:58:42,824 - [Process 0/1] - INFO - len(per_windows_prompt):2
2024-12-20 23:58:45,271 - [Process 0/1] - INFO - res.shape is :torch.Size([8])
2024-12-20 23:58:45,326 - [Process 0/1] - INFO - len(per_windows_prompt):2
2024-12-20 23:58:47,441 - [Process 0/1] - INFO - res.shape is :torch.Size([2])
2024-12-20 23:58:47,549 - [Process 0/1] - INFO - len(per_windows_prompt):2
2024-12-20 23:58:51,505 - [Process 0/1] - INFO - res.shape is :torch.Size([4])
2024-12-20 23:58:51,618 - [Process 0/1] - INFO - len(per_windows_prompt):2
2024-12-20 23:58:55,681 - [Process 0/1] - INFO - res.shape is :torch.Size([7])
2024-12-20 23:58:55,793 - [Process 0/1] - INFO - len(per_windows_prompt):2
2024-12-20 23:58:59,563 - [Process 0/1] - INFO - res.shape is :torch.Size([2])
2024-12-20 23:58:59,684 - [Process 0/1] - INFO - len(per_windows_prompt):2
2024-12-20 23:59:03,630 - [Process 0/1] - INFO - res.shape is :torch.Size([4])
2024-12-20 23:59:03,758 - [Process 0/1] - INFO - len(per_windows_prompt):2
2024-12-20 23:59:07,833 - [Process 0/1] - INFO - res.shape is :torch.Size([7])
2024-12-20 23:59:07,956 - [Process 0/1] - INFO - len(per_windows_prompt):2
2024-12-20 23:59:11,901 - [Process 0/1] - INFO - res.shape is :torch.Size([5])
2024-12-20 23:59:12,060 - [Process 0/1] - INFO - len(per_windows_prompt):2
2024-12-20 23:59:16,175 - [Process 0/1] - INFO - res.shape is :torch.Size([8])
2024-12-20 23:59:16,283 - [Process 0/1] - INFO - len(per_windows_prompt):2
2024-12-20 23:59:20,308 - [Process 0/1] - INFO - res.shape is :torch.Size([7])
2024-12-20 23:59:20,427 - [Process 0/1] - INFO - len(per_windows_prompt):2
2024-12-20 23:59:24,371 - [Process 0/1] - INFO - res.shape is :torch.Size([5])
2024-12-20 23:59:24,486 - [Process 0/1] - INFO - len(per_windows_prompt):2
2024-12-20 23:59:28,630 - [Process 0/1] - INFO - res.shape is :torch.Size([10])
2024-12-20 23:59:28,784 - [Process 0/1] - INFO - len(per_windows_prompt):2
2024-12-20 23:59:32,695 - [Process 0/1] - INFO - res.shape is :torch.Size([3])
2024-12-20 23:59:32,809 - [Process 0/1] - INFO - len(per_windows_prompt):2
2024-12-20 23:59:36,616 - [Process 0/1] - INFO - res.shape is :torch.Size([5])
2024-12-20 23:59:36,732 - [Process 0/1] - INFO - len(per_windows_prompt):2
2024-12-20 23:59:40,651 - [Process 0/1] - INFO - res.shape is :torch.Size([8])
2024-12-20 23:59:40,762 - [Process 0/1] - INFO - len(per_windows_prompt):2
2024-12-20 23:59:44,631 - [Process 0/1] - INFO - res.shape is :torch.Size([3])
2024-12-20 23:59:44,736 - [Process 0/1] - INFO - len(per_windows_prompt):2
2024-12-20 23:59:48,545 - [Process 0/1] - INFO - res.shape is :torch.Size([5])
2024-12-20 23:59:48,663 - [Process 0/1] - INFO - len(per_windows_prompt):2
2024-12-20 23:59:52,557 - [Process 0/1] - INFO - res.shape is :torch.Size([2])
2024-12-20 23:59:52,676 - [Process 0/1] - INFO - len(per_windows_prompt):2
2024-12-20 23:59:56,676 - [Process 0/1] - INFO - res.shape is :torch.Size([6])
2024-12-20 23:59:56,825 - [Process 0/1] - INFO - len(per_windows_prompt):2
2024-12-21 00:00:00,655 - [Process 0/1] - INFO - res.shape is :torch.Size([3])
2024-12-21 00:00:00,775 - [Process 0/1] - INFO - len(per_windows_prompt):2
2024-12-21 00:00:04,807 - [Process 0/1] - INFO - res.shape is :torch.Size([8])
2024-12-21 00:00:04,921 - [Process 0/1] - INFO - len(per_windows_prompt):2
2024-12-21 00:00:08,825 - [Process 0/1] - INFO - res.shape is :torch.Size([4])
2024-12-21 00:00:08,940 - [Process 0/1] - INFO - len(per_windows_prompt):2
2024-12-21 00:00:12,861 - [Process 0/1] - INFO - res.shape is :torch.Size([4])
2024-12-21 00:00:12,983 - [Process 0/1] - INFO - len(per_windows_prompt):2
2024-12-21 00:00:17,372 - [Process 0/1] - INFO - res.shape is :torch.Size([15])
2024-12-21 00:00:17,512 - [Process 0/1] - INFO - len(per_windows_prompt):2
2024-12-21 00:00:21,285 - [Process 0/1] - INFO - res.shape is :torch.Size([2])
2024-12-21 00:00:21,395 - [Process 0/1] - INFO - len(per_windows_prompt):2
2024-12-21 00:00:25,375 - [Process 0/1] - INFO - res.shape is :torch.Size([5])
2024-12-21 00:00:25,491 - [Process 0/1] - INFO - len(per_windows_prompt):2
2024-12-21 00:00:30,029 - [Process 0/1] - INFO - res.shape is :torch.Size([19])
2024-12-21 00:00:30,163 - [Process 0/1] - INFO - len(per_windows_prompt):2
2024-12-21 00:00:33,932 - [Process 0/1] - INFO - res.shape is :torch.Size([2])
2024-12-21 00:00:34,044 - [Process 0/1] - INFO - len(per_windows_prompt):2
2024-12-21 00:00:37,902 - [Process 0/1] - INFO - res.shape is :torch.Size([2])
2024-12-21 00:00:38,010 - [Process 0/1] - INFO - len(per_windows_prompt):2
2024-12-21 00:00:41,896 - [Process 0/1] - INFO - res.shape is :torch.Size([4])
2024-12-21 00:00:42,060 - [Process 0/1] - INFO - len(per_windows_prompt):2
2024-12-21 00:00:45,850 - [Process 0/1] - INFO - res.shape is :torch.Size([2])
2024-12-21 00:00:45,966 - [Process 0/1] - INFO - len(per_windows_prompt):2
2024-12-21 00:00:50,052 - [Process 0/1] - INFO - res.shape is :torch.Size([10])
2024-12-21 00:00:50,163 - [Process 0/1] - INFO - len(per_windows_prompt):2
2024-12-21 00:00:54,107 - [Process 0/1] - INFO - res.shape is :torch.Size([5])
2024-12-21 00:00:54,260 - [Process 0/1] - INFO - len(per_windows_prompt):2
2024-12-21 00:00:58,278 - [Process 0/1] - INFO - res.shape is :torch.Size([8])
2024-12-21 00:00:58,395 - [Process 0/1] - INFO - len(per_windows_prompt):2
2024-12-21 00:01:02,256 - [Process 0/1] - INFO - res.shape is :torch.Size([2])
2024-12-21 00:01:02,408 - [Process 0/1] - INFO - len(per_windows_prompt):2
2024-12-21 00:01:06,474 - [Process 0/1] - INFO - res.shape is :torch.Size([7])
2024-12-21 00:01:06,618 - [Process 0/1] - INFO - len(per_windows_prompt):2
2024-12-21 00:01:10,530 - [Process 0/1] - INFO - res.shape is :torch.Size([3])
2024-12-21 00:01:10,650 - [Process 0/1] - INFO - len(per_windows_prompt):2
2024-12-21 00:01:14,721 - [Process 0/1] - INFO - res.shape is :torch.Size([7])
2024-12-21 00:01:14,846 - [Process 0/1] - INFO - len(per_windows_prompt):2
2024-12-21 00:01:19,158 - [Process 0/1] - INFO - res.shape is :torch.Size([13])
2024-12-21 00:01:19,326 - [Process 0/1] - INFO - len(per_windows_prompt):2
2024-12-21 00:01:23,253 - [Process 0/1] - INFO - res.shape is :torch.Size([6])
2024-12-21 00:01:23,368 - [Process 0/1] - INFO - len(per_windows_prompt):2
2024-12-21 00:01:27,216 - [Process 0/1] - INFO - res.shape is :torch.Size([4])
2024-12-21 00:01:27,346 - [Process 0/1] - INFO - len(per_windows_prompt):2
2024-12-21 00:01:31,407 - [Process 0/1] - INFO - res.shape is :torch.Size([9])
2024-12-21 00:01:31,563 - [Process 0/1] - INFO - len(per_windows_prompt):2
2024-12-21 00:01:35,630 - [Process 0/1] - INFO - res.shape is :torch.Size([7])
2024-12-21 00:01:35,738 - [Process 0/1] - INFO - len(per_windows_prompt):2
2024-12-21 00:01:39,732 - [Process 0/1] - INFO - res.shape is :torch.Size([6])
2024-12-21 00:01:39,869 - [Process 0/1] - INFO - len(per_windows_prompt):2
2024-12-21 00:01:43,983 - [Process 0/1] - INFO - res.shape is :torch.Size([8])
2024-12-21 00:01:44,102 - [Process 0/1] - INFO - len(per_windows_prompt):2
2024-12-21 00:01:47,892 - [Process 0/1] - INFO - res.shape is :torch.Size([2])
2024-12-21 00:01:48,001 - [Process 0/1] - INFO - len(per_windows_prompt):2
2024-12-21 00:01:51,984 - [Process 0/1] - INFO - res.shape is :torch.Size([6])
2024-12-21 00:01:52,100 - [Process 0/1] - INFO - len(per_windows_prompt):2
2024-12-21 00:01:55,930 - [Process 0/1] - INFO - res.shape is :torch.Size([3])
2024-12-21 00:01:56,038 - [Process 0/1] - INFO - len(per_windows_prompt):2
2024-12-21 00:02:00,293 - [Process 0/1] - INFO - res.shape is :torch.Size([14])
2024-12-21 00:02:00,401 - [Process 0/1] - INFO - len(per_windows_prompt):2
2024-12-21 00:02:04,424 - [Process 0/1] - INFO - res.shape is :torch.Size([6])
2024-12-21 00:02:04,563 - [Process 0/1] - INFO - len(per_windows_prompt):2
2024-12-21 00:02:08,441 - [Process 0/1] - INFO - res.shape is :torch.Size([7])
2024-12-21 00:02:08,553 - [Process 0/1] - INFO - len(per_windows_prompt):2
2024-12-21 00:02:12,407 - [Process 0/1] - INFO - res.shape is :torch.Size([4])
2024-12-21 00:02:12,520 - [Process 0/1] - INFO - len(per_windows_prompt):2
2024-12-21 00:02:17,576 - [Process 0/1] - INFO - res.shape is :torch.Size([32])
2024-12-21 00:02:17,698 - [Process 0/1] - INFO - len(per_windows_prompt):2
2024-12-21 00:02:21,520 - [Process 0/1] - INFO - res.shape is :torch.Size([2])
2024-12-21 00:02:21,677 - [Process 0/1] - INFO - len(per_windows_prompt):2
2024-12-21 00:02:25,567 - [Process 0/1] - INFO - res.shape is :torch.Size([5])
2024-12-21 00:02:25,682 - [Process 0/1] - INFO - len(per_windows_prompt):2
2024-12-21 00:02:29,718 - [Process 0/1] - INFO - res.shape is :torch.Size([11])
2024-12-21 00:02:29,867 - [Process 0/1] - INFO - len(per_windows_prompt):2
2024-12-21 00:02:33,847 - [Process 0/1] - INFO - res.shape is :torch.Size([6])
2024-12-21 00:02:33,976 - [Process 0/1] - INFO - len(per_windows_prompt):2
2024-12-21 00:02:37,907 - [Process 0/1] - INFO - res.shape is :torch.Size([6])
2024-12-21 00:02:38,058 - [Process 0/1] - INFO - len(per_windows_prompt):2
2024-12-21 00:02:42,197 - [Process 0/1] - INFO - res.shape is :torch.Size([11])
2024-12-21 00:02:42,339 - [Process 0/1] - INFO - len(per_windows_prompt):2
2024-12-21 00:02:46,368 - [Process 0/1] - INFO - res.shape is :torch.Size([6])
2024-12-21 00:02:46,483 - [Process 0/1] - INFO - len(per_windows_prompt):2
2024-12-21 00:02:50,444 - [Process 0/1] - INFO - res.shape is :torch.Size([4])
2024-12-21 00:02:50,558 - [Process 0/1] - INFO - len(per_windows_prompt):2
2024-12-21 00:02:54,451 - [Process 0/1] - INFO - res.shape is :torch.Size([5])
2024-12-21 00:02:54,568 - [Process 0/1] - INFO - len(per_windows_prompt):2
2024-12-21 00:02:58,439 - [Process 0/1] - INFO - res.shape is :torch.Size([2])
2024-12-21 00:02:58,561 - [Process 0/1] - INFO - len(per_windows_prompt):2
2024-12-21 00:03:02,515 - [Process 0/1] - INFO - res.shape is :torch.Size([4])
2024-12-21 00:03:02,627 - [Process 0/1] - INFO - len(per_windows_prompt):2
2024-12-21 00:03:06,525 - [Process 0/1] - INFO - res.shape is :torch.Size([4])
2024-12-21 00:03:06,642 - [Process 0/1] - INFO - len(per_windows_prompt):2
2024-12-21 00:03:10,602 - [Process 0/1] - INFO - res.shape is :torch.Size([5])
2024-12-21 00:03:10,726 - [Process 0/1] - INFO - len(per_windows_prompt):2
2024-12-21 00:03:14,446 - [Process 0/1] - INFO - res.shape is :torch.Size([2])
2024-12-21 00:03:14,558 - [Process 0/1] - INFO - len(per_windows_prompt):2
2024-12-21 00:03:18,536 - [Process 0/1] - INFO - res.shape is :torch.Size([6])
2024-12-21 00:03:18,630 - [Process 0/1] - INFO - len(per_windows_prompt):2
2024-12-21 00:03:22,024 - [Process 0/1] - INFO - res.shape is :torch.Size([5])
2024-12-21 00:03:22,140 - [Process 0/1] - INFO - len(per_windows_prompt):2
2024-12-21 00:03:26,167 - [Process 0/1] - INFO - res.shape is :torch.Size([8])
2024-12-21 00:03:26,207 - [Process 0/1] - INFO - len(per_windows_prompt):2
2024-12-21 00:03:27,759 - [Process 0/1] - INFO - res.shape is :torch.Size([2])
2024-12-21 00:03:27,924 - [Process 0/1] - INFO - len(per_windows_prompt):2
2024-12-21 00:03:31,914 - [Process 0/1] - INFO - res.shape is :torch.Size([7])
2024-12-21 00:03:32,044 - [Process 0/1] - INFO - len(per_windows_prompt):2
2024-12-21 00:03:35,994 - [Process 0/1] - INFO - res.shape is :torch.Size([4])
2024-12-21 00:03:36,028 - [Process 0/1] - INFO - len(per_windows_prompt):2
2024-12-21 00:03:37,384 - [Process 0/1] - INFO - res.shape is :torch.Size([2])
2024-12-21 00:03:37,555 - [Process 0/1] - INFO - len(per_windows_prompt):2
2024-12-21 00:03:41,424 - [Process 0/1] - INFO - res.shape is :torch.Size([2])
2024-12-21 00:03:41,543 - [Process 0/1] - INFO - len(per_windows_prompt):2
2024-12-21 00:03:45,624 - [Process 0/1] - INFO - res.shape is :torch.Size([8])
2024-12-21 00:03:45,739 - [Process 0/1] - INFO - len(per_windows_prompt):2
2024-12-21 00:03:50,129 - [Process 0/1] - INFO - res.shape is :torch.Size([15])
2024-12-21 00:03:50,248 - [Process 0/1] - INFO - len(per_windows_prompt):2
2024-12-21 00:03:54,094 - [Process 0/1] - INFO - res.shape is :torch.Size([4])
2024-12-21 00:03:54,242 - [Process 0/1] - INFO - len(per_windows_prompt):2
2024-12-21 00:03:58,352 - [Process 0/1] - INFO - res.shape is :torch.Size([8])
2024-12-21 00:03:58,463 - [Process 0/1] - INFO - len(per_windows_prompt):2
2024-12-21 00:04:02,495 - [Process 0/1] - INFO - res.shape is :torch.Size([6])
2024-12-21 00:04:02,606 - [Process 0/1] - INFO - len(per_windows_prompt):2
2024-12-21 00:04:06,481 - [Process 0/1] - INFO - res.shape is :torch.Size([2])
2024-12-21 00:04:06,597 - [Process 0/1] - INFO - len(per_windows_prompt):2
2024-12-21 00:04:10,419 - [Process 0/1] - INFO - res.shape is :torch.Size([2])
