2024-12-20 22:41:51,535 - [Process 0/5] - INFO - loading datasets finished
2024-12-20 22:41:51,535 - [Process 0/5] - INFO - model_max_len: 3950
2024-12-20 22:41:51,535 - [Process 0/5] - INFO - output_max_len: 128
2024-12-20 22:41:51,636 - [Process 0/5] - INFO - Max Length is 36418
2024-12-20 22:41:51,636 - [Process 0/5] - INFO - Finish loading dataset
2024-12-20 22:41:51,637 - [Process 0/5] - INFO - get_predicted begin
2024-12-20 22:41:56,435 - [Process 0/5] - INFO - len(per_windows_prompt):2
2024-12-20 22:42:01,066 - [Process 0/5] - INFO - res.shape is :torch.Size([4])
2024-12-20 22:42:01,509 - [Process 0/5] - INFO - len(per_windows_prompt):2
2024-12-20 22:42:06,034 - [Process 0/5] - INFO - res.shape is :torch.Size([19])
2024-12-20 22:42:06,274 - [Process 0/5] - INFO - len(per_windows_prompt):2
2024-12-20 22:42:10,201 - [Process 0/5] - INFO - res.shape is :torch.Size([6])
2024-12-20 22:42:10,423 - [Process 0/5] - INFO - len(per_windows_prompt):2
2024-12-20 22:42:14,532 - [Process 0/5] - INFO - res.shape is :torch.Size([10])
2024-12-20 22:42:14,994 - [Process 0/5] - INFO - len(per_windows_prompt):2
2024-12-20 22:42:19,072 - [Process 0/5] - INFO - res.shape is :torch.Size([9])
2024-12-20 22:42:19,329 - [Process 0/5] - INFO - len(per_windows_prompt):2
2024-12-20 22:42:23,289 - [Process 0/5] - INFO - res.shape is :torch.Size([6])
2024-12-20 22:42:23,669 - [Process 0/5] - INFO - len(per_windows_prompt):2
2024-12-20 22:42:27,428 - [Process 0/5] - INFO - res.shape is :torch.Size([2])
2024-12-20 22:42:27,935 - [Process 0/5] - INFO - len(per_windows_prompt):2
2024-12-20 22:42:31,793 - [Process 0/5] - INFO - res.shape is :torch.Size([5])
2024-12-20 22:42:32,193 - [Process 0/5] - INFO - len(per_windows_prompt):2
2024-12-20 22:42:35,932 - [Process 0/5] - INFO - res.shape is :torch.Size([2])
2024-12-20 22:42:36,144 - [Process 0/5] - INFO - len(per_windows_prompt):2
2024-12-20 22:42:40,039 - [Process 0/5] - INFO - res.shape is :torch.Size([5])
2024-12-20 22:42:40,483 - [Process 0/5] - INFO - len(per_windows_prompt):2
2024-12-20 22:42:44,930 - [Process 0/5] - INFO - res.shape is :torch.Size([17])
2024-12-20 22:42:45,198 - [Process 0/5] - INFO - len(per_windows_prompt):2
2024-12-20 22:42:49,647 - [Process 0/5] - INFO - res.shape is :torch.Size([17])
2024-12-20 22:42:49,884 - [Process 0/5] - INFO - len(per_windows_prompt):2
2024-12-20 22:42:53,783 - [Process 0/5] - INFO - res.shape is :torch.Size([5])
2024-12-20 22:42:54,026 - [Process 0/5] - INFO - len(per_windows_prompt):2
2024-12-20 22:42:58,482 - [Process 0/5] - INFO - res.shape is :torch.Size([18])
2024-12-20 22:42:58,734 - [Process 0/5] - INFO - len(per_windows_prompt):2
2024-12-20 22:43:02,622 - [Process 0/5] - INFO - res.shape is :torch.Size([5])
2024-12-20 22:43:03,103 - [Process 0/5] - INFO - len(per_windows_prompt):2
2024-12-20 22:43:08,070 - [Process 0/5] - INFO - res.shape is :torch.Size([30])
2024-12-20 22:43:08,376 - [Process 0/5] - INFO - len(per_windows_prompt):2
2024-12-20 22:43:12,983 - [Process 0/5] - INFO - res.shape is :torch.Size([22])
2024-12-20 22:43:13,430 - [Process 0/5] - INFO - len(per_windows_prompt):2
2024-12-20 22:43:17,933 - [Process 0/5] - INFO - res.shape is :torch.Size([17])
2024-12-20 22:43:18,302 - [Process 0/5] - INFO - len(per_windows_prompt):2
2024-12-20 22:43:22,430 - [Process 0/5] - INFO - res.shape is :torch.Size([10])
2024-12-20 22:43:22,646 - [Process 0/5] - INFO - len(per_windows_prompt):2
2024-12-20 22:43:26,493 - [Process 0/5] - INFO - res.shape is :torch.Size([3])
2024-12-20 22:43:26,744 - [Process 0/5] - INFO - len(per_windows_prompt):2
2024-12-20 22:43:30,915 - [Process 0/5] - INFO - res.shape is :torch.Size([10])
2024-12-20 22:43:31,366 - [Process 0/5] - INFO - len(per_windows_prompt):2
2024-12-20 22:43:35,531 - [Process 0/5] - INFO - res.shape is :torch.Size([10])
2024-12-20 22:43:36,082 - [Process 0/5] - INFO - len(per_windows_prompt):2
2024-12-20 22:43:40,087 - [Process 0/5] - INFO - res.shape is :torch.Size([7])
2024-12-20 22:43:40,300 - [Process 0/5] - INFO - len(per_windows_prompt):2
2024-12-20 22:43:44,232 - [Process 0/5] - INFO - res.shape is :torch.Size([5])
2024-12-20 22:43:44,621 - [Process 0/5] - INFO - len(per_windows_prompt):2
2024-12-20 22:43:48,389 - [Process 0/5] - INFO - res.shape is :torch.Size([2])
2024-12-20 22:43:48,760 - [Process 0/5] - INFO - len(per_windows_prompt):2
2024-12-20 22:43:52,626 - [Process 0/5] - INFO - res.shape is :torch.Size([4])
2024-12-20 22:43:52,856 - [Process 0/5] - INFO - len(per_windows_prompt):2
2024-12-20 22:43:56,790 - [Process 0/5] - INFO - res.shape is :torch.Size([5])
2024-12-20 22:43:57,354 - [Process 0/5] - INFO - len(per_windows_prompt):2
2024-12-20 22:44:01,619 - [Process 0/5] - INFO - res.shape is :torch.Size([12])
2024-12-20 22:44:02,023 - [Process 0/5] - INFO - len(per_windows_prompt):2
2024-12-20 22:44:05,961 - [Process 0/5] - INFO - res.shape is :torch.Size([6])
2024-12-20 22:44:06,353 - [Process 0/5] - INFO - len(per_windows_prompt):2
2024-12-20 22:44:10,466 - [Process 0/5] - INFO - res.shape is :torch.Size([10])
2024-12-20 22:44:10,750 - [Process 0/5] - INFO - len(per_windows_prompt):2
2024-12-20 22:44:15,664 - [Process 0/5] - INFO - res.shape is :torch.Size([27])
2024-12-20 22:44:16,065 - [Process 0/5] - INFO - len(per_windows_prompt):2
2024-12-20 22:44:19,882 - [Process 0/5] - INFO - res.shape is :torch.Size([3])
2024-12-20 22:44:20,266 - [Process 0/5] - INFO - len(per_windows_prompt):2
2024-12-20 22:44:24,150 - [Process 0/5] - INFO - res.shape is :torch.Size([4])
2024-12-20 22:44:24,557 - [Process 0/5] - INFO - len(per_windows_prompt):2
2024-12-20 22:44:28,586 - [Process 0/5] - INFO - res.shape is :torch.Size([7])
2024-12-20 22:44:28,838 - [Process 0/5] - INFO - len(per_windows_prompt):2
2024-12-20 22:44:32,739 - [Process 0/5] - INFO - res.shape is :torch.Size([4])
2024-12-20 22:44:33,153 - [Process 0/5] - INFO - len(per_windows_prompt):2
2024-12-20 22:44:37,429 - [Process 0/5] - INFO - res.shape is :torch.Size([14])
2024-12-20 22:44:37,981 - [Process 0/5] - INFO - len(per_windows_prompt):2
2024-12-20 22:44:42,117 - [Process 0/5] - INFO - res.shape is :torch.Size([10])
2024-12-20 22:44:42,367 - [Process 0/5] - INFO - len(per_windows_prompt):2
2024-12-20 22:44:46,400 - [Process 0/5] - INFO - res.shape is :torch.Size([7])
2024-12-20 22:44:46,876 - [Process 0/5] - INFO - len(per_windows_prompt):2
2024-12-20 22:44:50,728 - [Process 0/5] - INFO - res.shape is :torch.Size([4])
2024-12-20 22:44:51,129 - [Process 0/5] - INFO - len(per_windows_prompt):2
2024-12-20 22:44:55,580 - [Process 0/5] - INFO - res.shape is :torch.Size([17])
