2024-12-20 18:37:30,456 - [Process 1/5] - INFO - loading datasets finished
2024-12-20 18:37:30,457 - [Process 1/5] - INFO - model_max_len: 3950
2024-12-20 18:37:30,457 - [Process 1/5] - INFO - output_max_len: 64
2024-12-20 18:37:30,476 - [Process 1/5] - INFO - Max Length is 10337
2024-12-20 18:37:30,477 - [Process 1/5] - INFO - Finish loading dataset
2024-12-20 18:37:30,477 - [Process 1/5] - INFO - get_predicted begin
2024-12-20 18:37:35,348 - [Process 1/5] - INFO - len(per_windows_prompt):2
2024-12-20 18:37:41,315 - [Process 1/5] - INFO - res.shape is :torch.Size([40])
2024-12-20 18:37:41,506 - [Process 1/5] - INFO - len(per_windows_prompt):2
2024-12-20 18:37:45,276 - [Process 1/5] - INFO - res.shape is :torch.Size([9])
2024-12-20 18:37:45,488 - [Process 1/5] - INFO - len(per_windows_prompt):2
2024-12-20 18:37:49,478 - [Process 1/5] - INFO - res.shape is :torch.Size([14])
2024-12-20 18:37:49,679 - [Process 1/5] - INFO - len(per_windows_prompt):2
2024-12-20 18:37:54,482 - [Process 1/5] - INFO - res.shape is :torch.Size([32])
2024-12-20 18:37:54,690 - [Process 1/5] - INFO - len(per_windows_prompt):2
2024-12-20 18:38:00,977 - [Process 1/5] - INFO - res.shape is :torch.Size([66])
2024-12-20 18:38:01,166 - [Process 1/5] - INFO - len(per_windows_prompt):2
2024-12-20 18:38:05,719 - [Process 1/5] - INFO - res.shape is :torch.Size([27])
2024-12-20 18:38:05,826 - [Process 1/5] - INFO - len(per_windows_prompt):2
2024-12-20 18:38:07,986 - [Process 1/5] - INFO - res.shape is :torch.Size([5])
2024-12-20 18:38:08,201 - [Process 1/5] - INFO - len(per_windows_prompt):2
2024-12-20 18:38:13,745 - [Process 1/5] - INFO - res.shape is :torch.Size([48])
2024-12-20 18:38:13,926 - [Process 1/5] - INFO - len(per_windows_prompt):2
2024-12-20 18:38:17,786 - [Process 1/5] - INFO - res.shape is :torch.Size([6])
2024-12-20 18:38:17,967 - [Process 1/5] - INFO - len(per_windows_prompt):2
2024-12-20 18:38:21,737 - [Process 1/5] - INFO - res.shape is :torch.Size([6])
2024-12-20 18:38:21,914 - [Process 1/5] - INFO - len(per_windows_prompt):2
2024-12-20 18:38:25,756 - [Process 1/5] - INFO - res.shape is :torch.Size([9])
2024-12-20 18:38:25,861 - [Process 1/5] - INFO - len(per_windows_prompt):2
2024-12-20 18:38:28,172 - [Process 1/5] - INFO - res.shape is :torch.Size([7])
2024-12-20 18:38:28,361 - [Process 1/5] - INFO - len(per_windows_prompt):2
2024-12-20 18:38:33,161 - [Process 1/5] - INFO - res.shape is :torch.Size([32])
2024-12-20 18:38:33,400 - [Process 1/5] - INFO - len(per_windows_prompt):2
2024-12-20 18:38:37,512 - [Process 1/5] - INFO - res.shape is :torch.Size([14])
2024-12-20 18:38:37,737 - [Process 1/5] - INFO - len(per_windows_prompt):2
2024-12-20 18:38:41,637 - [Process 1/5] - INFO - res.shape is :torch.Size([9])
2024-12-20 18:38:41,849 - [Process 1/5] - INFO - len(per_windows_prompt):2
2024-12-20 18:38:45,590 - [Process 1/5] - INFO - res.shape is :torch.Size([5])
2024-12-20 18:38:45,794 - [Process 1/5] - INFO - len(per_windows_prompt):2
2024-12-20 18:38:49,423 - [Process 1/5] - INFO - res.shape is :torch.Size([4])
2024-12-20 18:38:49,633 - [Process 1/5] - INFO - len(per_windows_prompt):2
2024-12-20 18:38:55,385 - [Process 1/5] - INFO - res.shape is :torch.Size([54])
2024-12-20 18:38:55,548 - [Process 1/5] - INFO - len(per_windows_prompt):2
2024-12-20 18:38:59,440 - [Process 1/5] - INFO - res.shape is :torch.Size([17])
2024-12-20 18:38:59,608 - [Process 1/5] - INFO - len(per_windows_prompt):2
2024-12-20 18:39:04,918 - [Process 1/5] - INFO - res.shape is :torch.Size([39])
2024-12-20 18:39:05,087 - [Process 1/5] - INFO - len(per_windows_prompt):2
2024-12-20 18:39:08,608 - [Process 1/5] - INFO - res.shape is :torch.Size([13])
2024-12-20 18:39:08,851 - [Process 1/5] - INFO - len(per_windows_prompt):2
2024-12-20 18:39:14,192 - [Process 1/5] - INFO - res.shape is :torch.Size([41])
2024-12-20 18:39:14,410 - [Process 1/5] - INFO - len(per_windows_prompt):2
2024-12-20 18:39:20,522 - [Process 1/5] - INFO - res.shape is :torch.Size([63])
2024-12-20 18:39:20,714 - [Process 1/5] - INFO - len(per_windows_prompt):2
2024-12-20 18:39:24,464 - [Process 1/5] - INFO - res.shape is :torch.Size([5])
2024-12-20 18:39:24,625 - [Process 1/5] - INFO - len(per_windows_prompt):2
2024-12-20 18:39:28,328 - [Process 1/5] - INFO - res.shape is :torch.Size([9])
2024-12-20 18:39:28,461 - [Process 1/5] - INFO - len(per_windows_prompt):2
2024-12-20 18:39:31,575 - [Process 1/5] - INFO - res.shape is :torch.Size([12])
2024-12-20 18:39:31,764 - [Process 1/5] - INFO - len(per_windows_prompt):2
2024-12-20 18:39:35,578 - [Process 1/5] - INFO - res.shape is :torch.Size([6])
2024-12-20 18:39:35,745 - [Process 1/5] - INFO - len(per_windows_prompt):2
2024-12-20 18:39:39,025 - [Process 1/5] - INFO - res.shape is :torch.Size([7])
2024-12-20 18:39:39,090 - [Process 1/5] - INFO - len(per_windows_prompt):2
2024-12-20 18:39:41,882 - [Process 1/5] - INFO - res.shape is :torch.Size([38])
2024-12-20 18:39:42,067 - [Process 1/5] - INFO - len(per_windows_prompt):2
2024-12-20 18:39:48,469 - [Process 1/5] - INFO - res.shape is :torch.Size([66])
