2024-12-20 19:19:37,819 - [Process 2/5] - INFO - loading datasets finished
2024-12-20 19:19:37,819 - [Process 2/5] - INFO - model_max_len: 3950
2024-12-20 19:19:37,819 - [Process 2/5] - INFO - output_max_len: 512
2024-12-20 19:19:37,879 - [Process 2/5] - INFO - Max Length is 24585
2024-12-20 19:19:37,880 - [Process 2/5] - INFO - Finish loading dataset
2024-12-20 19:19:37,880 - [Process 2/5] - INFO - get_predicted begin
2024-12-20 19:19:42,668 - [Process 2/5] - INFO - len(per_windows_prompt):2
2024-12-20 19:19:57,915 - [Process 2/5] - INFO - res.shape is :torch.Size([247])
2024-12-20 19:19:58,329 - [Process 2/5] - INFO - len(per_windows_prompt):2
2024-12-20 19:20:05,742 - [Process 2/5] - INFO - res.shape is :torch.Size([89])
2024-12-20 19:20:06,023 - [Process 2/5] - INFO - len(per_windows_prompt):2
2024-12-20 19:20:12,268 - [Process 2/5] - INFO - res.shape is :torch.Size([65])
2024-12-20 19:20:12,502 - [Process 2/5] - INFO - len(per_windows_prompt):2
2024-12-20 19:20:39,422 - [Process 2/5] - INFO - res.shape is :torch.Size([514])
2024-12-20 19:20:39,723 - [Process 2/5] - INFO - len(per_windows_prompt):2
2024-12-20 19:20:50,481 - [Process 2/5] - INFO - res.shape is :torch.Size([159])
2024-12-20 19:20:50,736 - [Process 2/5] - INFO - len(per_windows_prompt):2
2024-12-20 19:20:59,776 - [Process 2/5] - INFO - res.shape is :torch.Size([124])
2024-12-20 19:20:59,990 - [Process 2/5] - INFO - len(per_windows_prompt):2
2024-12-20 19:21:09,761 - [Process 2/5] - INFO - res.shape is :torch.Size([138])
2024-12-20 19:21:10,166 - [Process 2/5] - INFO - len(per_windows_prompt):2
2024-12-20 19:21:18,789 - [Process 2/5] - INFO - res.shape is :torch.Size([115])
2024-12-20 19:21:19,083 - [Process 2/5] - INFO - len(per_windows_prompt):2
2024-12-20 19:21:29,015 - [Process 2/5] - INFO - res.shape is :torch.Size([143])
2024-12-20 19:21:29,390 - [Process 2/5] - INFO - len(per_windows_prompt):2
2024-12-20 19:21:40,408 - [Process 2/5] - INFO - res.shape is :torch.Size([165])
2024-12-20 19:21:40,691 - [Process 2/5] - INFO - len(per_windows_prompt):2
2024-12-20 19:21:46,091 - [Process 2/5] - INFO - res.shape is :torch.Size([42])
2024-12-20 19:21:46,296 - [Process 2/5] - INFO - len(per_windows_prompt):2
2024-12-20 19:21:56,553 - [Process 2/5] - INFO - res.shape is :torch.Size([150])
2024-12-20 19:21:56,796 - [Process 2/5] - INFO - len(per_windows_prompt):2
2024-12-20 19:22:05,292 - [Process 2/5] - INFO - res.shape is :torch.Size([110])
2024-12-20 19:22:05,550 - [Process 2/5] - INFO - len(per_windows_prompt):2
2024-12-20 19:22:17,791 - [Process 2/5] - INFO - res.shape is :torch.Size([198])
2024-12-20 19:22:18,078 - [Process 2/5] - INFO - len(per_windows_prompt):2
2024-12-20 19:22:27,712 - [Process 2/5] - INFO - res.shape is :torch.Size([143])
2024-12-20 19:22:28,034 - [Process 2/5] - INFO - len(per_windows_prompt):2
2024-12-20 19:22:36,839 - [Process 2/5] - INFO - res.shape is :torch.Size([125])
2024-12-20 19:22:37,066 - [Process 2/5] - INFO - len(per_windows_prompt):2
2024-12-20 19:22:46,452 - [Process 2/5] - INFO - res.shape is :torch.Size([136])
2024-12-20 19:22:46,726 - [Process 2/5] - INFO - len(per_windows_prompt):2
2024-12-20 19:22:56,264 - [Process 2/5] - INFO - res.shape is :torch.Size([138])
2024-12-20 19:22:56,544 - [Process 2/5] - INFO - len(per_windows_prompt):2
2024-12-20 19:23:06,566 - [Process 2/5] - INFO - res.shape is :torch.Size([146])
2024-12-20 19:23:06,830 - [Process 2/5] - INFO - len(per_windows_prompt):2
2024-12-20 19:23:14,942 - [Process 2/5] - INFO - res.shape is :torch.Size([103])
2024-12-20 19:23:15,184 - [Process 2/5] - INFO - len(per_windows_prompt):2
2024-12-20 19:23:22,310 - [Process 2/5] - INFO - res.shape is :torch.Size([88])
2024-12-20 19:23:22,536 - [Process 2/5] - INFO - len(per_windows_prompt):2
2024-12-20 19:23:30,238 - [Process 2/5] - INFO - res.shape is :torch.Size([96])
2024-12-20 19:23:30,448 - [Process 2/5] - INFO - len(per_windows_prompt):2
2024-12-20 19:23:34,803 - [Process 2/5] - INFO - res.shape is :torch.Size([19])
2024-12-20 19:23:35,080 - [Process 2/5] - INFO - len(per_windows_prompt):2
2024-12-20 19:23:44,515 - [Process 2/5] - INFO - res.shape is :torch.Size([130])
2024-12-20 19:23:44,797 - [Process 2/5] - INFO - len(per_windows_prompt):2
2024-12-20 19:23:53,209 - [Process 2/5] - INFO - res.shape is :torch.Size([112])
2024-12-20 19:23:53,440 - [Process 2/5] - INFO - len(per_windows_prompt):2
2024-12-20 19:24:01,571 - [Process 2/5] - INFO - res.shape is :torch.Size([103])
2024-12-20 19:24:01,830 - [Process 2/5] - INFO - len(per_windows_prompt):2
2024-12-20 19:24:14,201 - [Process 2/5] - INFO - res.shape is :torch.Size([201])
2024-12-20 19:24:14,487 - [Process 2/5] - INFO - len(per_windows_prompt):2
2024-12-20 19:24:23,598 - [Process 2/5] - INFO - res.shape is :torch.Size([130])
2024-12-20 19:24:23,809 - [Process 2/5] - INFO - len(per_windows_prompt):2
2024-12-20 19:24:33,278 - [Process 2/5] - INFO - res.shape is :torch.Size([131])
2024-12-20 19:24:33,569 - [Process 2/5] - INFO - len(per_windows_prompt):2
2024-12-20 19:24:44,314 - [Process 2/5] - INFO - res.shape is :torch.Size([159])
2024-12-20 19:24:44,558 - [Process 2/5] - INFO - len(per_windows_prompt):2
2024-12-20 19:24:56,443 - [Process 2/5] - INFO - res.shape is :torch.Size([187])
2024-12-20 19:24:56,712 - [Process 2/5] - INFO - len(per_windows_prompt):2
2024-12-20 19:25:06,252 - [Process 2/5] - INFO - res.shape is :torch.Size([137])
2024-12-20 19:25:06,575 - [Process 2/5] - INFO - len(per_windows_prompt):2
2024-12-20 19:25:12,408 - [Process 2/5] - INFO - res.shape is :torch.Size([56])
2024-12-20 19:25:12,669 - [Process 2/5] - INFO - len(per_windows_prompt):2
2024-12-20 19:25:20,575 - [Process 2/5] - INFO - res.shape is :torch.Size([98])
2024-12-20 19:25:20,797 - [Process 2/5] - INFO - len(per_windows_prompt):2
2024-12-20 19:25:28,585 - [Process 2/5] - INFO - res.shape is :torch.Size([96])
2024-12-20 19:25:28,863 - [Process 2/5] - INFO - len(per_windows_prompt):2
2024-12-20 19:25:37,235 - [Process 2/5] - INFO - res.shape is :torch.Size([109])
2024-12-20 19:25:37,494 - [Process 2/5] - INFO - len(per_windows_prompt):2
2024-12-20 19:25:48,302 - [Process 2/5] - INFO - res.shape is :torch.Size([163])
2024-12-20 19:25:48,547 - [Process 2/5] - INFO - len(per_windows_prompt):2
2024-12-20 19:25:55,475 - [Process 2/5] - INFO - res.shape is :torch.Size([75])
2024-12-20 19:25:55,754 - [Process 2/5] - INFO - len(per_windows_prompt):2
2024-12-20 19:26:03,113 - [Process 2/5] - INFO - res.shape is :torch.Size([91])
2024-12-20 19:26:03,566 - [Process 2/5] - INFO - len(per_windows_prompt):2
2024-12-20 19:26:09,580 - [Process 2/5] - INFO - res.shape is :torch.Size([59])
