2024-12-20 18:20:49,181 - [Process 3/5] - INFO - loading datasets finished
2024-12-20 18:20:49,181 - [Process 3/5] - INFO - model_max_len: 3950
2024-12-20 18:20:49,181 - [Process 3/5] - INFO - output_max_len: 128
2024-12-20 18:20:49,295 - [Process 3/5] - INFO - Max Length is 36418
2024-12-20 18:20:49,296 - [Process 3/5] - INFO - Finish loading dataset
2024-12-20 18:20:49,296 - [Process 3/5] - INFO - get_predicted begin
2024-12-20 18:20:54,062 - [Process 3/5] - INFO - len(per_windows_prompt):2
2024-12-20 18:20:58,412 - [Process 3/5] - INFO - tokenized_inputs_attention_mask.shape is :torch.Size([1, 2])
2024-12-20 18:20:58,412 - [Process 3/5] - INFO - cache['past_attention_mask'].shape is :torch.Size([1, 3951])
2024-12-20 18:20:59,238 - [Process 3/5] - INFO - res.shape is :torch.Size([20])
2024-12-20 18:20:59,622 - [Process 3/5] - INFO - len(per_windows_prompt):2
2024-12-20 18:21:03,088 - [Process 3/5] - INFO - tokenized_inputs_attention_mask.shape is :torch.Size([1, 2])
2024-12-20 18:21:03,089 - [Process 3/5] - INFO - cache['past_attention_mask'].shape is :torch.Size([1, 3951])
2024-12-20 18:21:08,629 - [Process 3/5] - INFO - res.shape is :torch.Size([130])
2024-12-20 18:21:09,213 - [Process 3/5] - INFO - len(per_windows_prompt):2
2024-12-20 18:21:12,887 - [Process 3/5] - INFO - tokenized_inputs_attention_mask.shape is :torch.Size([1, 2])
2024-12-20 18:21:12,887 - [Process 3/5] - INFO - cache['past_attention_mask'].shape is :torch.Size([1, 3950])
2024-12-20 18:21:18,422 - [Process 3/5] - INFO - res.shape is :torch.Size([130])
2024-12-20 18:21:19,041 - [Process 3/5] - INFO - len(per_windows_prompt):2
2024-12-20 18:21:22,713 - [Process 3/5] - INFO - tokenized_inputs_attention_mask.shape is :torch.Size([1, 2])
2024-12-20 18:21:22,713 - [Process 3/5] - INFO - cache['past_attention_mask'].shape is :torch.Size([1, 3951])
2024-12-20 18:21:28,244 - [Process 3/5] - INFO - res.shape is :torch.Size([130])
2024-12-20 18:21:28,852 - [Process 3/5] - INFO - len(per_windows_prompt):2
2024-12-20 18:21:32,539 - [Process 3/5] - INFO - tokenized_inputs_attention_mask.shape is :torch.Size([1, 2])
2024-12-20 18:21:32,539 - [Process 3/5] - INFO - cache['past_attention_mask'].shape is :torch.Size([1, 3953])
2024-12-20 18:21:32,639 - [Process 3/5] - INFO - res.shape is :torch.Size([4])
2024-12-20 18:21:32,854 - [Process 3/5] - INFO - len(per_windows_prompt):2
2024-12-20 18:21:36,452 - [Process 3/5] - INFO - tokenized_inputs_attention_mask.shape is :torch.Size([1, 2])
2024-12-20 18:21:36,453 - [Process 3/5] - INFO - cache['past_attention_mask'].shape is :torch.Size([1, 3950])
2024-12-20 18:21:37,245 - [Process 3/5] - INFO - res.shape is :torch.Size([20])
2024-12-20 18:21:37,502 - [Process 3/5] - INFO - len(per_windows_prompt):2
2024-12-20 18:21:41,105 - [Process 3/5] - INFO - tokenized_inputs_attention_mask.shape is :torch.Size([1, 2])
2024-12-20 18:21:41,105 - [Process 3/5] - INFO - cache['past_attention_mask'].shape is :torch.Size([1, 3952])
2024-12-20 18:21:41,676 - [Process 3/5] - INFO - res.shape is :torch.Size([15])
2024-12-20 18:21:42,013 - [Process 3/5] - INFO - len(per_windows_prompt):2
2024-12-20 18:21:45,539 - [Process 3/5] - INFO - tokenized_inputs_attention_mask.shape is :torch.Size([1, 2])
2024-12-20 18:21:45,539 - [Process 3/5] - INFO - cache['past_attention_mask'].shape is :torch.Size([1, 3950])
2024-12-20 18:21:45,808 - [Process 3/5] - INFO - res.shape is :torch.Size([8])
2024-12-20 18:21:46,132 - [Process 3/5] - INFO - len(per_windows_prompt):2
2024-12-20 18:21:49,657 - [Process 3/5] - INFO - tokenized_inputs_attention_mask.shape is :torch.Size([1, 2])
2024-12-20 18:21:49,658 - [Process 3/5] - INFO - cache['past_attention_mask'].shape is :torch.Size([1, 3953])
2024-12-20 18:21:50,805 - [Process 3/5] - INFO - res.shape is :torch.Size([27])
2024-12-20 18:21:51,226 - [Process 3/5] - INFO - len(per_windows_prompt):2
2024-12-20 18:21:54,828 - [Process 3/5] - INFO - tokenized_inputs_attention_mask.shape is :torch.Size([1, 2])
2024-12-20 18:21:54,828 - [Process 3/5] - INFO - cache['past_attention_mask'].shape is :torch.Size([1, 3952])
2024-12-20 18:22:00,379 - [Process 3/5] - INFO - res.shape is :torch.Size([130])
2024-12-20 18:22:00,819 - [Process 3/5] - INFO - len(per_windows_prompt):2
2024-12-20 18:22:04,425 - [Process 3/5] - INFO - tokenized_inputs_attention_mask.shape is :torch.Size([1, 2])
2024-12-20 18:22:04,425 - [Process 3/5] - INFO - cache['past_attention_mask'].shape is :torch.Size([1, 3952])
2024-12-20 18:22:06,520 - [Process 3/5] - INFO - res.shape is :torch.Size([51])
2024-12-20 18:22:06,934 - [Process 3/5] - INFO - len(per_windows_prompt):2
2024-12-20 18:22:10,541 - [Process 3/5] - INFO - tokenized_inputs_attention_mask.shape is :torch.Size([1, 2])
2024-12-20 18:22:10,541 - [Process 3/5] - INFO - cache['past_attention_mask'].shape is :torch.Size([1, 3951])
2024-12-20 18:22:16,078 - [Process 3/5] - INFO - res.shape is :torch.Size([130])
2024-12-20 18:22:16,539 - [Process 3/5] - INFO - len(per_windows_prompt):2
2024-12-20 18:22:20,147 - [Process 3/5] - INFO - tokenized_inputs_attention_mask.shape is :torch.Size([1, 2])
2024-12-20 18:22:20,148 - [Process 3/5] - INFO - cache['past_attention_mask'].shape is :torch.Size([1, 3951])
2024-12-20 18:22:20,436 - [Process 3/5] - INFO - res.shape is :torch.Size([8])
2024-12-20 18:22:20,728 - [Process 3/5] - INFO - len(per_windows_prompt):2
2024-12-20 18:22:24,336 - [Process 3/5] - INFO - tokenized_inputs_attention_mask.shape is :torch.Size([1, 2])
2024-12-20 18:22:24,336 - [Process 3/5] - INFO - cache['past_attention_mask'].shape is :torch.Size([1, 3951])
2024-12-20 18:22:30,082 - [Process 3/5] - INFO - res.shape is :torch.Size([130])
2024-12-20 18:22:30,361 - [Process 3/5] - INFO - len(per_windows_prompt):2
2024-12-20 18:22:33,975 - [Process 3/5] - INFO - tokenized_inputs_attention_mask.shape is :torch.Size([1, 2])
2024-12-20 18:22:33,975 - [Process 3/5] - INFO - cache['past_attention_mask'].shape is :torch.Size([1, 3952])
2024-12-20 18:22:35,096 - [Process 3/5] - INFO - res.shape is :torch.Size([28])
2024-12-20 18:22:35,345 - [Process 3/5] - INFO - len(per_windows_prompt):2
2024-12-20 18:22:38,960 - [Process 3/5] - INFO - tokenized_inputs_attention_mask.shape is :torch.Size([1, 2])
2024-12-20 18:22:38,960 - [Process 3/5] - INFO - cache['past_attention_mask'].shape is :torch.Size([1, 3951])
2024-12-20 18:22:39,144 - [Process 3/5] - INFO - res.shape is :torch.Size([6])
2024-12-20 18:22:39,382 - [Process 3/5] - INFO - len(per_windows_prompt):2
2024-12-20 18:22:42,996 - [Process 3/5] - INFO - tokenized_inputs_attention_mask.shape is :torch.Size([1, 2])
2024-12-20 18:22:42,997 - [Process 3/5] - INFO - cache['past_attention_mask'].shape is :torch.Size([1, 3952])
2024-12-20 18:22:43,351 - [Process 3/5] - INFO - res.shape is :torch.Size([10])
2024-12-20 18:22:43,588 - [Process 3/5] - INFO - len(per_windows_prompt):2
2024-12-20 18:22:47,149 - [Process 3/5] - INFO - tokenized_inputs_attention_mask.shape is :torch.Size([1, 2])
2024-12-20 18:22:47,149 - [Process 3/5] - INFO - cache['past_attention_mask'].shape is :torch.Size([1, 3951])
2024-12-20 18:22:47,333 - [Process 3/5] - INFO - res.shape is :torch.Size([6])
2024-12-20 18:22:47,710 - [Process 3/5] - INFO - len(per_windows_prompt):2
2024-12-20 18:22:51,222 - [Process 3/5] - INFO - tokenized_inputs_attention_mask.shape is :torch.Size([1, 2])
2024-12-20 18:22:51,222 - [Process 3/5] - INFO - cache['past_attention_mask'].shape is :torch.Size([1, 3950])
2024-12-20 18:22:56,756 - [Process 3/5] - INFO - res.shape is :torch.Size([130])
2024-12-20 18:22:56,995 - [Process 3/5] - INFO - len(per_windows_prompt):2
2024-12-20 18:23:00,556 - [Process 3/5] - INFO - tokenized_inputs_attention_mask.shape is :torch.Size([1, 2])
2024-12-20 18:23:00,557 - [Process 3/5] - INFO - cache['past_attention_mask'].shape is :torch.Size([1, 3952])
