2024-12-20 18:04:09,750 - [Process 0/1] - INFO - loading datasets finished
2024-12-20 18:04:09,750 - [Process 0/1] - INFO - model_max_len: 3950
2024-12-20 18:04:09,750 - [Process 0/1] - INFO - output_max_len: 64
2024-12-20 18:04:09,767 - [Process 0/1] - INFO - Max Length is 10337
2024-12-20 18:04:09,767 - [Process 0/1] - INFO - Finish loading dataset
2024-12-20 18:04:09,767 - [Process 0/1] - INFO - get_predicted begin
2024-12-20 18:04:09,820 - [Process 0/1] - INFO - len(per_windows_prompt):2
2024-12-20 18:04:12,033 - [Process 0/1] - INFO - tokenized_inputs_attention_mask.shape is :torch.Size([1, 2])
2024-12-20 18:04:12,034 - [Process 0/1] - INFO - cache['past_attention_mask'].shape is :torch.Size([1, 1888])
2024-12-20 18:04:12,265 - [Process 0/1] - INFO - res.shape is :torch.Size([8])
2024-12-20 18:04:12,404 - [Process 0/1] - INFO - len(per_windows_prompt):3
2024-12-20 18:04:19,821 - [Process 0/1] - INFO - tokenized_inputs_attention_mask.shape is :torch.Size([1, 2])
2024-12-20 18:04:19,821 - [Process 0/1] - INFO - cache['past_attention_mask'].shape is :torch.Size([1, 7897])
2024-12-20 18:04:19,997 - [Process 0/1] - INFO - res.shape is :torch.Size([5])
2024-12-20 18:04:20,121 - [Process 0/1] - INFO - len(per_windows_prompt):2
2024-12-20 18:04:23,677 - [Process 0/1] - INFO - tokenized_inputs_attention_mask.shape is :torch.Size([1, 2])
2024-12-20 18:04:23,677 - [Process 0/1] - INFO - cache['past_attention_mask'].shape is :torch.Size([1, 3950])
2024-12-20 18:04:24,678 - [Process 0/1] - INFO - res.shape is :torch.Size([27])
2024-12-20 18:04:24,828 - [Process 0/1] - INFO - len(per_windows_prompt):3
2024-12-20 18:04:32,201 - [Process 0/1] - INFO - tokenized_inputs_attention_mask.shape is :torch.Size([1, 2])
2024-12-20 18:04:32,201 - [Process 0/1] - INFO - cache['past_attention_mask'].shape is :torch.Size([1, 7901])
2024-12-20 18:04:32,824 - [Process 0/1] - INFO - res.shape is :torch.Size([14])
2024-12-20 18:04:32,950 - [Process 0/1] - INFO - len(per_windows_prompt):2
2024-12-20 18:04:36,425 - [Process 0/1] - INFO - tokenized_inputs_attention_mask.shape is :torch.Size([1, 2])
2024-12-20 18:04:36,425 - [Process 0/1] - INFO - cache['past_attention_mask'].shape is :torch.Size([1, 3951])
2024-12-20 18:04:36,915 - [Process 0/1] - INFO - res.shape is :torch.Size([14])
2024-12-20 18:04:37,046 - [Process 0/1] - INFO - len(per_windows_prompt):3
