2024-12-20 19:51:05,934 - [Process 0/1] - INFO - loading datasets finished
2024-12-20 19:51:05,934 - [Process 0/1] - INFO - model_max_len: 3950
2024-12-20 19:51:05,934 - [Process 0/1] - INFO - output_max_len: 64
2024-12-20 19:51:05,953 - [Process 0/1] - INFO - Max Length is 10337
2024-12-20 19:51:05,954 - [Process 0/1] - INFO - Finish loading dataset
2024-12-20 19:51:05,954 - [Process 0/1] - INFO - get_predicted begin
2024-12-20 19:51:06,006 - [Process 0/1] - INFO - len(per_windows_prompt):2
2024-12-20 19:51:08,452 - [Process 0/1] - INFO - res.shape is :torch.Size([8])
2024-12-20 19:51:08,593 - [Process 0/1] - INFO - len(per_windows_prompt):2
2024-12-20 19:51:12,326 - [Process 0/1] - INFO - res.shape is :torch.Size([4])
2024-12-20 19:51:12,449 - [Process 0/1] - INFO - len(per_windows_prompt):2
2024-12-20 19:51:17,038 - [Process 0/1] - INFO - res.shape is :torch.Size([27])
2024-12-20 19:51:17,190 - [Process 0/1] - INFO - len(per_windows_prompt):2
2024-12-20 19:51:23,351 - [Process 0/1] - INFO - res.shape is :torch.Size([66])
2024-12-20 19:51:23,481 - [Process 0/1] - INFO - len(per_windows_prompt):2
2024-12-20 19:51:27,458 - [Process 0/1] - INFO - res.shape is :torch.Size([14])
2024-12-20 19:51:27,589 - [Process 0/1] - INFO - len(per_windows_prompt):2
2024-12-20 19:51:31,813 - [Process 0/1] - INFO - res.shape is :torch.Size([18])
2024-12-20 19:51:31,946 - [Process 0/1] - INFO - len(per_windows_prompt):2
2024-12-20 19:51:37,781 - [Process 0/1] - INFO - res.shape is :torch.Size([55])
2024-12-20 19:51:37,879 - [Process 0/1] - INFO - len(per_windows_prompt):2
2024-12-20 19:51:41,593 - [Process 0/1] - INFO - res.shape is :torch.Size([14])
2024-12-20 19:51:41,652 - [Process 0/1] - INFO - len(per_windows_prompt):2
2024-12-20 19:51:44,021 - [Process 0/1] - INFO - res.shape is :torch.Size([9])
2024-12-20 19:51:44,166 - [Process 0/1] - INFO - len(per_windows_prompt):2
2024-12-20 19:51:47,998 - [Process 0/1] - INFO - res.shape is :torch.Size([11])
2024-12-20 19:51:48,126 - [Process 0/1] - INFO - len(per_windows_prompt):2
2024-12-20 19:51:54,215 - [Process 0/1] - INFO - res.shape is :torch.Size([66])
2024-12-20 19:51:54,357 - [Process 0/1] - INFO - len(per_windows_prompt):2
2024-12-20 19:52:00,436 - [Process 0/1] - INFO - res.shape is :torch.Size([66])
2024-12-20 19:52:00,583 - [Process 0/1] - INFO - len(per_windows_prompt):2
2024-12-20 19:52:05,967 - [Process 0/1] - INFO - res.shape is :torch.Size([49])
2024-12-20 19:52:06,101 - [Process 0/1] - INFO - len(per_windows_prompt):2
2024-12-20 19:52:10,060 - [Process 0/1] - INFO - res.shape is :torch.Size([8])
2024-12-20 19:52:10,198 - [Process 0/1] - INFO - len(per_windows_prompt):2
2024-12-20 19:52:13,882 - [Process 0/1] - INFO - res.shape is :torch.Size([6])
2024-12-20 19:52:13,974 - [Process 0/1] - INFO - len(per_windows_prompt):2
2024-12-20 19:52:17,226 - [Process 0/1] - INFO - res.shape is :torch.Size([7])
2024-12-20 19:52:17,358 - [Process 0/1] - INFO - len(per_windows_prompt):2
2024-12-20 19:52:21,499 - [Process 0/1] - INFO - res.shape is :torch.Size([17])
2024-12-20 19:52:21,627 - [Process 0/1] - INFO - len(per_windows_prompt):2
2024-12-20 19:52:27,241 - [Process 0/1] - INFO - res.shape is :torch.Size([49])
2024-12-20 19:52:27,379 - [Process 0/1] - INFO - len(per_windows_prompt):2
2024-12-20 19:52:33,662 - [Process 0/1] - INFO - res.shape is :torch.Size([66])
2024-12-20 19:52:33,773 - [Process 0/1] - INFO - len(per_windows_prompt):2
2024-12-20 19:52:37,635 - [Process 0/1] - INFO - res.shape is :torch.Size([8])
2024-12-20 19:52:37,714 - [Process 0/1] - INFO - len(per_windows_prompt):2
2024-12-20 19:52:41,517 - [Process 0/1] - INFO - res.shape is :torch.Size([31])
2024-12-20 19:52:41,641 - [Process 0/1] - INFO - len(per_windows_prompt):2
2024-12-20 19:52:45,445 - [Process 0/1] - INFO - res.shape is :torch.Size([8])
2024-12-20 19:52:45,563 - [Process 0/1] - INFO - len(per_windows_prompt):2
2024-12-20 19:52:49,197 - [Process 0/1] - INFO - res.shape is :torch.Size([5])
2024-12-20 19:52:49,311 - [Process 0/1] - INFO - len(per_windows_prompt):2
2024-12-20 19:52:52,905 - [Process 0/1] - INFO - res.shape is :torch.Size([4])
2024-12-20 19:52:53,043 - [Process 0/1] - INFO - len(per_windows_prompt):2
2024-12-20 19:52:58,134 - [Process 0/1] - INFO - res.shape is :torch.Size([41])
2024-12-20 19:52:58,259 - [Process 0/1] - INFO - len(per_windows_prompt):2
2024-12-20 19:53:04,435 - [Process 0/1] - INFO - res.shape is :torch.Size([66])
2024-12-20 19:53:04,567 - [Process 0/1] - INFO - len(per_windows_prompt):2
2024-12-20 19:53:08,590 - [Process 0/1] - INFO - res.shape is :torch.Size([12])
2024-12-20 19:53:08,746 - [Process 0/1] - INFO - len(per_windows_prompt):2
2024-12-20 19:53:13,149 - [Process 0/1] - INFO - res.shape is :torch.Size([19])
2024-12-20 19:53:13,276 - [Process 0/1] - INFO - len(per_windows_prompt):2
2024-12-20 19:53:19,473 - [Process 0/1] - INFO - res.shape is :torch.Size([66])
2024-12-20 19:53:19,604 - [Process 0/1] - INFO - len(per_windows_prompt):2
2024-12-20 19:53:24,348 - [Process 0/1] - INFO - res.shape is :torch.Size([30])
2024-12-20 19:53:24,457 - [Process 0/1] - INFO - len(per_windows_prompt):2
2024-12-20 19:53:29,604 - [Process 0/1] - INFO - res.shape is :torch.Size([40])
2024-12-20 19:53:29,718 - [Process 0/1] - INFO - len(per_windows_prompt):2
2024-12-20 19:53:33,523 - [Process 0/1] - INFO - res.shape is :torch.Size([9])
2024-12-20 19:53:33,650 - [Process 0/1] - INFO - len(per_windows_prompt):2
2024-12-20 19:53:37,650 - [Process 0/1] - INFO - res.shape is :torch.Size([14])
2024-12-20 19:53:37,770 - [Process 0/1] - INFO - len(per_windows_prompt):2
2024-12-20 19:53:42,543 - [Process 0/1] - INFO - res.shape is :torch.Size([32])
2024-12-20 19:53:42,669 - [Process 0/1] - INFO - len(per_windows_prompt):2
2024-12-20 19:53:48,866 - [Process 0/1] - INFO - res.shape is :torch.Size([66])
2024-12-20 19:53:48,979 - [Process 0/1] - INFO - len(per_windows_prompt):2
2024-12-20 19:53:53,505 - [Process 0/1] - INFO - res.shape is :torch.Size([27])
2024-12-20 19:53:53,564 - [Process 0/1] - INFO - len(per_windows_prompt):2
2024-12-20 19:53:55,702 - [Process 0/1] - INFO - res.shape is :torch.Size([5])
2024-12-20 19:53:55,819 - [Process 0/1] - INFO - len(per_windows_prompt):2
2024-12-20 19:54:01,289 - [Process 0/1] - INFO - res.shape is :torch.Size([48])
2024-12-20 19:54:01,398 - [Process 0/1] - INFO - len(per_windows_prompt):2
2024-12-20 19:54:05,271 - [Process 0/1] - INFO - res.shape is :torch.Size([6])
2024-12-20 19:54:05,381 - [Process 0/1] - INFO - len(per_windows_prompt):2
2024-12-20 19:54:09,164 - [Process 0/1] - INFO - res.shape is :torch.Size([6])
2024-12-20 19:54:09,270 - [Process 0/1] - INFO - len(per_windows_prompt):2
2024-12-20 19:54:13,111 - [Process 0/1] - INFO - res.shape is :torch.Size([9])
2024-12-20 19:54:13,174 - [Process 0/1] - INFO - len(per_windows_prompt):2
2024-12-20 19:54:15,487 - [Process 0/1] - INFO - res.shape is :torch.Size([7])
2024-12-20 19:54:15,598 - [Process 0/1] - INFO - len(per_windows_prompt):2
2024-12-20 19:54:20,344 - [Process 0/1] - INFO - res.shape is :torch.Size([32])
2024-12-20 19:54:20,488 - [Process 0/1] - INFO - len(per_windows_prompt):2
2024-12-20 19:54:24,588 - [Process 0/1] - INFO - res.shape is :torch.Size([14])
2024-12-20 19:54:24,724 - [Process 0/1] - INFO - len(per_windows_prompt):2
2024-12-20 19:54:28,626 - [Process 0/1] - INFO - res.shape is :torch.Size([9])
2024-12-20 19:54:28,755 - [Process 0/1] - INFO - len(per_windows_prompt):2
2024-12-20 19:54:32,494 - [Process 0/1] - INFO - res.shape is :torch.Size([5])
2024-12-20 19:54:32,616 - [Process 0/1] - INFO - len(per_windows_prompt):2
2024-12-20 19:54:36,235 - [Process 0/1] - INFO - res.shape is :torch.Size([4])
2024-12-20 19:54:36,361 - [Process 0/1] - INFO - len(per_windows_prompt):2
2024-12-20 19:54:41,993 - [Process 0/1] - INFO - res.shape is :torch.Size([54])
2024-12-20 19:54:42,090 - [Process 0/1] - INFO - len(per_windows_prompt):2
2024-12-20 19:54:45,948 - [Process 0/1] - INFO - res.shape is :torch.Size([17])
2024-12-20 19:54:46,049 - [Process 0/1] - INFO - len(per_windows_prompt):2
2024-12-20 19:54:51,156 - [Process 0/1] - INFO - res.shape is :torch.Size([39])
2024-12-20 19:54:51,250 - [Process 0/1] - INFO - len(per_windows_prompt):2
2024-12-20 19:54:54,741 - [Process 0/1] - INFO - res.shape is :torch.Size([13])
2024-12-20 19:54:54,889 - [Process 0/1] - INFO - len(per_windows_prompt):2
2024-12-20 19:55:00,076 - [Process 0/1] - INFO - res.shape is :torch.Size([41])
2024-12-20 19:55:00,210 - [Process 0/1] - INFO - len(per_windows_prompt):2
