2024-12-20 21:40:52,043 - [Process 1/5] - INFO - loading datasets finished
2024-12-20 21:40:52,043 - [Process 1/5] - INFO - model_max_len: 3950
2024-12-20 21:40:52,043 - [Process 1/5] - INFO - output_max_len: 64
2024-12-20 21:40:52,070 - [Process 1/5] - INFO - Max Length is 10337
2024-12-20 21:40:52,070 - [Process 1/5] - INFO - Finish loading dataset
2024-12-20 21:40:52,071 - [Process 1/5] - INFO - get_predicted begin
2024-12-20 21:40:56,918 - [Process 1/5] - INFO - len(per_windows_prompt):2
2024-12-20 21:40:58,149 - [Process 1/5] - INFO - res.shape is :torch.Size([5])
2024-12-20 21:40:58,357 - [Process 1/5] - INFO - len(per_windows_prompt):2
2024-12-20 21:40:58,744 - [Process 1/5] - INFO - res.shape is :torch.Size([4])
2024-12-20 21:40:58,972 - [Process 1/5] - INFO - len(per_windows_prompt):2
2024-12-20 21:40:59,838 - [Process 1/5] - INFO - res.shape is :torch.Size([15])
2024-12-20 21:41:00,051 - [Process 1/5] - INFO - len(per_windows_prompt):2
2024-12-20 21:41:01,005 - [Process 1/5] - INFO - res.shape is :torch.Size([17])
2024-12-20 21:41:01,231 - [Process 1/5] - INFO - len(per_windows_prompt):2
2024-12-20 21:41:01,749 - [Process 1/5] - INFO - res.shape is :torch.Size([7])
2024-12-20 21:41:01,962 - [Process 1/5] - INFO - len(per_windows_prompt):2
2024-12-20 21:41:02,719 - [Process 1/5] - INFO - res.shape is :torch.Size([12])
2024-12-20 21:41:02,824 - [Process 1/5] - INFO - len(per_windows_prompt):2
2024-12-20 21:41:03,175 - [Process 1/5] - INFO - res.shape is :torch.Size([3])
2024-12-20 21:41:03,378 - [Process 1/5] - INFO - len(per_windows_prompt):2
2024-12-20 21:41:04,423 - [Process 1/5] - INFO - res.shape is :torch.Size([19])
2024-12-20 21:41:04,612 - [Process 1/5] - INFO - len(per_windows_prompt):2
2024-12-20 21:41:04,959 - [Process 1/5] - INFO - res.shape is :torch.Size([3])
2024-12-20 21:41:05,151 - [Process 1/5] - INFO - len(per_windows_prompt):2
2024-12-20 21:41:05,451 - [Process 1/5] - INFO - res.shape is :torch.Size([2])
2024-12-20 21:41:05,636 - [Process 1/5] - INFO - len(per_windows_prompt):2
2024-12-20 21:41:05,998 - [Process 1/5] - INFO - res.shape is :torch.Size([3])
2024-12-20 21:41:06,109 - [Process 1/5] - INFO - len(per_windows_prompt):2
2024-12-20 21:41:06,603 - [Process 1/5] - INFO - res.shape is :torch.Size([6])
2024-12-20 21:41:06,808 - [Process 1/5] - INFO - len(per_windows_prompt):2
2024-12-20 21:41:07,239 - [Process 1/5] - INFO - res.shape is :torch.Size([5])
2024-12-20 21:41:07,496 - [Process 1/5] - INFO - len(per_windows_prompt):2
2024-12-20 21:41:07,897 - [Process 1/5] - INFO - res.shape is :torch.Size([4])
2024-12-20 21:41:08,144 - [Process 1/5] - INFO - len(per_windows_prompt):2
2024-12-20 21:41:08,729 - [Process 1/5] - INFO - res.shape is :torch.Size([8])
2024-12-20 21:41:08,962 - [Process 1/5] - INFO - len(per_windows_prompt):2
2024-12-20 21:41:09,696 - [Process 1/5] - INFO - res.shape is :torch.Size([12])
2024-12-20 21:41:09,920 - [Process 1/5] - INFO - len(per_windows_prompt):2
2024-12-20 21:41:10,316 - [Process 1/5] - INFO - res.shape is :torch.Size([4])
2024-12-20 21:41:10,553 - [Process 1/5] - INFO - len(per_windows_prompt):2
2024-12-20 21:41:11,037 - [Process 1/5] - INFO - res.shape is :torch.Size([6])
2024-12-20 21:41:11,212 - [Process 1/5] - INFO - len(per_windows_prompt):2
2024-12-20 21:41:11,684 - [Process 1/5] - INFO - res.shape is :torch.Size([6])
2024-12-20 21:41:11,866 - [Process 1/5] - INFO - len(per_windows_prompt):2
2024-12-20 21:41:12,399 - [Process 1/5] - INFO - res.shape is :torch.Size([6])
2024-12-20 21:41:12,558 - [Process 1/5] - INFO - len(per_windows_prompt):2
2024-12-20 21:41:13,033 - [Process 1/5] - INFO - res.shape is :torch.Size([6])
2024-12-20 21:41:13,290 - [Process 1/5] - INFO - len(per_windows_prompt):2
2024-12-20 21:41:16,334 - [Process 1/5] - INFO - res.shape is :torch.Size([64])
2024-12-20 21:41:16,569 - [Process 1/5] - INFO - len(per_windows_prompt):2
2024-12-20 21:41:17,045 - [Process 1/5] - INFO - res.shape is :torch.Size([6])
2024-12-20 21:41:17,247 - [Process 1/5] - INFO - len(per_windows_prompt):2
2024-12-20 21:41:17,697 - [Process 1/5] - INFO - res.shape is :torch.Size([5])
2024-12-20 21:41:17,873 - [Process 1/5] - INFO - len(per_windows_prompt):2
2024-12-20 21:41:18,441 - [Process 1/5] - INFO - res.shape is :torch.Size([8])
2024-12-20 21:41:18,578 - [Process 1/5] - INFO - len(per_windows_prompt):2
2024-12-20 21:41:19,068 - [Process 1/5] - INFO - res.shape is :torch.Size([6])
2024-12-20 21:41:19,275 - [Process 1/5] - INFO - len(per_windows_prompt):2
2024-12-20 21:41:20,043 - [Process 1/5] - INFO - res.shape is :torch.Size([12])
2024-12-20 21:41:20,208 - [Process 1/5] - INFO - len(per_windows_prompt):2
2024-12-20 21:41:20,751 - [Process 1/5] - INFO - res.shape is :torch.Size([7])
2024-12-20 21:41:20,823 - [Process 1/5] - INFO - len(per_windows_prompt):2
2024-12-20 21:41:21,125 - [Process 1/5] - INFO - res.shape is :torch.Size([2])
2024-12-20 21:41:21,326 - [Process 1/5] - INFO - len(per_windows_prompt):2
2024-12-20 21:41:22,180 - [Process 1/5] - INFO - res.shape is :torch.Size([15])
