2024-12-20 18:20:49,189 - [Process 0/5] - INFO - loading datasets finished
2024-12-20 18:20:49,189 - [Process 0/5] - INFO - model_max_len: 3950
2024-12-20 18:20:49,189 - [Process 0/5] - INFO - output_max_len: 128
2024-12-20 18:20:49,306 - [Process 0/5] - INFO - Max Length is 36418
2024-12-20 18:20:49,306 - [Process 0/5] - INFO - Finish loading dataset
2024-12-20 18:20:49,306 - [Process 0/5] - INFO - get_predicted begin
2024-12-20 18:20:54,056 - [Process 0/5] - INFO - len(per_windows_prompt):2
2024-12-20 18:20:58,294 - [Process 0/5] - INFO - tokenized_inputs_attention_mask.shape is :torch.Size([1, 2])
2024-12-20 18:20:58,294 - [Process 0/5] - INFO - cache['past_attention_mask'].shape is :torch.Size([1, 3950])
2024-12-20 18:20:58,809 - [Process 0/5] - INFO - res.shape is :torch.Size([13])
2024-12-20 18:20:59,255 - [Process 0/5] - INFO - len(per_windows_prompt):2
2024-12-20 18:21:02,788 - [Process 0/5] - INFO - tokenized_inputs_attention_mask.shape is :torch.Size([1, 2])
2024-12-20 18:21:02,788 - [Process 0/5] - INFO - cache['past_attention_mask'].shape is :torch.Size([1, 3952])
2024-12-20 18:21:02,928 - [Process 0/5] - INFO - res.shape is :torch.Size([5])
2024-12-20 18:21:03,143 - [Process 0/5] - INFO - len(per_windows_prompt):2
2024-12-20 18:21:06,660 - [Process 0/5] - INFO - tokenized_inputs_attention_mask.shape is :torch.Size([1, 2])
2024-12-20 18:21:06,660 - [Process 0/5] - INFO - cache['past_attention_mask'].shape is :torch.Size([1, 3950])
2024-12-20 18:21:07,500 - [Process 0/5] - INFO - res.shape is :torch.Size([20])
2024-12-20 18:21:07,736 - [Process 0/5] - INFO - len(per_windows_prompt):2
2024-12-20 18:21:11,262 - [Process 0/5] - INFO - tokenized_inputs_attention_mask.shape is :torch.Size([1, 2])
2024-12-20 18:21:11,263 - [Process 0/5] - INFO - cache['past_attention_mask'].shape is :torch.Size([1, 3951])
2024-12-20 18:21:11,956 - [Process 0/5] - INFO - res.shape is :torch.Size([18])
2024-12-20 18:21:12,397 - [Process 0/5] - INFO - len(per_windows_prompt):2
2024-12-20 18:21:15,914 - [Process 0/5] - INFO - tokenized_inputs_attention_mask.shape is :torch.Size([1, 2])
2024-12-20 18:21:15,914 - [Process 0/5] - INFO - cache['past_attention_mask'].shape is :torch.Size([1, 3952])
2024-12-20 18:21:16,613 - [Process 0/5] - INFO - res.shape is :torch.Size([17])
2024-12-20 18:21:16,889 - [Process 0/5] - INFO - len(per_windows_prompt):2
2024-12-20 18:21:20,416 - [Process 0/5] - INFO - tokenized_inputs_attention_mask.shape is :torch.Size([1, 2])
2024-12-20 18:21:20,416 - [Process 0/5] - INFO - cache['past_attention_mask'].shape is :torch.Size([1, 3949])
2024-12-20 18:21:20,938 - [Process 0/5] - INFO - res.shape is :torch.Size([14])
2024-12-20 18:21:21,303 - [Process 0/5] - INFO - len(per_windows_prompt):2
2024-12-20 18:21:24,777 - [Process 0/5] - INFO - tokenized_inputs_attention_mask.shape is :torch.Size([1, 2])
2024-12-20 18:21:24,777 - [Process 0/5] - INFO - cache['past_attention_mask'].shape is :torch.Size([1, 3950])
2024-12-20 18:21:25,203 - [Process 0/5] - INFO - res.shape is :torch.Size([11])
2024-12-20 18:21:25,727 - [Process 0/5] - INFO - len(per_windows_prompt):2
2024-12-20 18:21:29,178 - [Process 0/5] - INFO - tokenized_inputs_attention_mask.shape is :torch.Size([1, 2])
2024-12-20 18:21:29,178 - [Process 0/5] - INFO - cache['past_attention_mask'].shape is :torch.Size([1, 3953])
2024-12-20 18:21:29,363 - [Process 0/5] - INFO - res.shape is :torch.Size([6])
2024-12-20 18:21:29,759 - [Process 0/5] - INFO - len(per_windows_prompt):2
2024-12-20 18:21:33,211 - [Process 0/5] - INFO - tokenized_inputs_attention_mask.shape is :torch.Size([1, 2])
2024-12-20 18:21:33,211 - [Process 0/5] - INFO - cache['past_attention_mask'].shape is :torch.Size([1, 3951])
2024-12-20 18:21:33,310 - [Process 0/5] - INFO - res.shape is :torch.Size([4])
2024-12-20 18:21:33,524 - [Process 0/5] - INFO - len(per_windows_prompt):2
2024-12-20 18:21:37,060 - [Process 0/5] - INFO - tokenized_inputs_attention_mask.shape is :torch.Size([1, 2])
2024-12-20 18:21:37,060 - [Process 0/5] - INFO - cache['past_attention_mask'].shape is :torch.Size([1, 3951])
2024-12-20 18:21:37,604 - [Process 0/5] - INFO - res.shape is :torch.Size([14])
2024-12-20 18:21:38,057 - [Process 0/5] - INFO - len(per_windows_prompt):2
2024-12-20 18:21:41,596 - [Process 0/5] - INFO - tokenized_inputs_attention_mask.shape is :torch.Size([1, 2])
2024-12-20 18:21:41,596 - [Process 0/5] - INFO - cache['past_attention_mask'].shape is :torch.Size([1, 3951])
2024-12-20 18:21:42,177 - [Process 0/5] - INFO - res.shape is :torch.Size([15])
2024-12-20 18:21:42,446 - [Process 0/5] - INFO - len(per_windows_prompt):2
2024-12-20 18:21:45,893 - [Process 0/5] - INFO - tokenized_inputs_attention_mask.shape is :torch.Size([1, 2])
2024-12-20 18:21:45,893 - [Process 0/5] - INFO - cache['past_attention_mask'].shape is :torch.Size([1, 3950])
2024-12-20 18:21:45,995 - [Process 0/5] - INFO - res.shape is :torch.Size([4])
2024-12-20 18:21:46,242 - [Process 0/5] - INFO - len(per_windows_prompt):2
2024-12-20 18:21:49,788 - [Process 0/5] - INFO - tokenized_inputs_attention_mask.shape is :torch.Size([1, 2])
2024-12-20 18:21:49,788 - [Process 0/5] - INFO - cache['past_attention_mask'].shape is :torch.Size([1, 3951])
2024-12-20 18:21:50,673 - [Process 0/5] - INFO - res.shape is :torch.Size([21])
2024-12-20 18:21:50,931 - [Process 0/5] - INFO - len(per_windows_prompt):2
2024-12-20 18:21:54,490 - [Process 0/5] - INFO - tokenized_inputs_attention_mask.shape is :torch.Size([1, 2])
2024-12-20 18:21:54,490 - [Process 0/5] - INFO - cache['past_attention_mask'].shape is :torch.Size([1, 3951])
2024-12-20 18:21:55,303 - [Process 0/5] - INFO - res.shape is :torch.Size([20])
2024-12-20 18:21:55,560 - [Process 0/5] - INFO - len(per_windows_prompt):2
2024-12-20 18:21:59,119 - [Process 0/5] - INFO - tokenized_inputs_attention_mask.shape is :torch.Size([1, 2])
2024-12-20 18:21:59,119 - [Process 0/5] - INFO - cache['past_attention_mask'].shape is :torch.Size([1, 3952])
2024-12-20 18:21:59,360 - [Process 0/5] - INFO - res.shape is :torch.Size([7])
2024-12-20 18:21:59,886 - [Process 0/5] - INFO - len(per_windows_prompt):2
2024-12-20 18:22:03,355 - [Process 0/5] - INFO - tokenized_inputs_attention_mask.shape is :torch.Size([1, 2])
2024-12-20 18:22:03,355 - [Process 0/5] - INFO - cache['past_attention_mask'].shape is :torch.Size([1, 3951])
2024-12-20 18:22:03,879 - [Process 0/5] - INFO - res.shape is :torch.Size([14])
2024-12-20 18:22:04,187 - [Process 0/5] - INFO - len(per_windows_prompt):2
2024-12-20 18:22:07,663 - [Process 0/5] - INFO - tokenized_inputs_attention_mask.shape is :torch.Size([1, 2])
2024-12-20 18:22:07,663 - [Process 0/5] - INFO - cache['past_attention_mask'].shape is :torch.Size([1, 3952])
2024-12-20 18:22:08,532 - [Process 0/5] - INFO - res.shape is :torch.Size([22])
2024-12-20 18:22:08,990 - [Process 0/5] - INFO - len(per_windows_prompt):2
2024-12-20 18:22:12,546 - [Process 0/5] - INFO - tokenized_inputs_attention_mask.shape is :torch.Size([1, 2])
2024-12-20 18:22:12,546 - [Process 0/5] - INFO - cache['past_attention_mask'].shape is :torch.Size([1, 3951])
2024-12-20 18:22:13,157 - [Process 0/5] - INFO - res.shape is :torch.Size([15])
2024-12-20 18:22:13,561 - [Process 0/5] - INFO - len(per_windows_prompt):2
2024-12-20 18:22:17,010 - [Process 0/5] - INFO - tokenized_inputs_attention_mask.shape is :torch.Size([1, 2])
2024-12-20 18:22:17,011 - [Process 0/5] - INFO - cache['past_attention_mask'].shape is :torch.Size([1, 3951])
2024-12-20 18:22:22,509 - [Process 0/5] - INFO - res.shape is :torch.Size([130])
2024-12-20 18:22:22,730 - [Process 0/5] - INFO - len(per_windows_prompt):2
2024-12-20 18:22:26,285 - [Process 0/5] - INFO - tokenized_inputs_attention_mask.shape is :torch.Size([1, 2])
2024-12-20 18:22:26,285 - [Process 0/5] - INFO - cache['past_attention_mask'].shape is :torch.Size([1, 3950])
2024-12-20 18:22:31,534 - [Process 0/5] - INFO - res.shape is :torch.Size([118])
2024-12-20 18:22:31,790 - [Process 0/5] - INFO - len(per_windows_prompt):2
2024-12-20 18:22:35,346 - [Process 0/5] - INFO - tokenized_inputs_attention_mask.shape is :torch.Size([1, 2])
2024-12-20 18:22:35,346 - [Process 0/5] - INFO - cache['past_attention_mask'].shape is :torch.Size([1, 3952])
2024-12-20 18:22:36,467 - [Process 0/5] - INFO - res.shape is :torch.Size([28])
2024-12-20 18:22:36,924 - [Process 0/5] - INFO - len(per_windows_prompt):2
2024-12-20 18:22:40,482 - [Process 0/5] - INFO - tokenized_inputs_attention_mask.shape is :torch.Size([1, 2])
2024-12-20 18:22:40,482 - [Process 0/5] - INFO - cache['past_attention_mask'].shape is :torch.Size([1, 3952])
2024-12-20 18:22:40,920 - [Process 0/5] - INFO - res.shape is :torch.Size([12])
2024-12-20 18:22:41,486 - [Process 0/5] - INFO - len(per_windows_prompt):2
2024-12-20 18:22:45,042 - [Process 0/5] - INFO - tokenized_inputs_attention_mask.shape is :torch.Size([1, 2])
2024-12-20 18:22:45,042 - [Process 0/5] - INFO - cache['past_attention_mask'].shape is :torch.Size([1, 3950])
2024-12-20 18:22:45,311 - [Process 0/5] - INFO - res.shape is :torch.Size([8])
2024-12-20 18:22:45,530 - [Process 0/5] - INFO - len(per_windows_prompt):2
2024-12-20 18:22:49,086 - [Process 0/5] - INFO - tokenized_inputs_attention_mask.shape is :torch.Size([1, 2])
2024-12-20 18:22:49,087 - [Process 0/5] - INFO - cache['past_attention_mask'].shape is :torch.Size([1, 3951])
2024-12-20 18:22:50,080 - [Process 0/5] - INFO - res.shape is :torch.Size([25])
2024-12-20 18:22:50,476 - [Process 0/5] - INFO - len(per_windows_prompt):2
2024-12-20 18:22:53,955 - [Process 0/5] - INFO - tokenized_inputs_attention_mask.shape is :torch.Size([1, 2])
2024-12-20 18:22:53,955 - [Process 0/5] - INFO - cache['past_attention_mask'].shape is :torch.Size([1, 3951])
2024-12-20 18:22:54,657 - [Process 0/5] - INFO - res.shape is :torch.Size([17])
2024-12-20 18:22:55,056 - [Process 0/5] - INFO - len(per_windows_prompt):2
2024-12-20 18:22:58,508 - [Process 0/5] - INFO - tokenized_inputs_attention_mask.shape is :torch.Size([1, 2])
2024-12-20 18:22:58,508 - [Process 0/5] - INFO - cache['past_attention_mask'].shape is :torch.Size([1, 3950])
2024-12-20 18:23:04,247 - [Process 0/5] - INFO - res.shape is :torch.Size([130])
2024-12-20 18:23:04,484 - [Process 0/5] - INFO - len(per_windows_prompt):2
