2024-12-20 21:40:52,039 - [Process 0/5] - INFO - loading datasets finished
2024-12-20 21:40:52,040 - [Process 0/5] - INFO - model_max_len: 3950
2024-12-20 21:40:52,040 - [Process 0/5] - INFO - output_max_len: 64
2024-12-20 21:40:52,067 - [Process 0/5] - INFO - Max Length is 10337
2024-12-20 21:40:52,067 - [Process 0/5] - INFO - Finish loading dataset
2024-12-20 21:40:52,067 - [Process 0/5] - INFO - get_predicted begin
2024-12-20 21:40:56,821 - [Process 0/5] - INFO - len(per_windows_prompt):2
2024-12-20 21:40:58,002 - [Process 0/5] - INFO - res.shape is :torch.Size([4])
2024-12-20 21:40:58,267 - [Process 0/5] - INFO - len(per_windows_prompt):2
2024-12-20 21:40:58,702 - [Process 0/5] - INFO - res.shape is :torch.Size([5])
2024-12-20 21:40:58,928 - [Process 0/5] - INFO - len(per_windows_prompt):2
2024-12-20 21:40:59,441 - [Process 0/5] - INFO - res.shape is :torch.Size([7])
2024-12-20 21:40:59,713 - [Process 0/5] - INFO - len(per_windows_prompt):2
2024-12-20 21:41:00,096 - [Process 0/5] - INFO - res.shape is :torch.Size([4])
2024-12-20 21:41:00,323 - [Process 0/5] - INFO - len(per_windows_prompt):2
2024-12-20 21:41:00,767 - [Process 0/5] - INFO - res.shape is :torch.Size([5])
2024-12-20 21:41:01,008 - [Process 0/5] - INFO - len(per_windows_prompt):2
2024-12-20 21:41:01,350 - [Process 0/5] - INFO - res.shape is :torch.Size([3])
2024-12-20 21:41:01,592 - [Process 0/5] - INFO - len(per_windows_prompt):2
2024-12-20 21:41:02,658 - [Process 0/5] - INFO - res.shape is :torch.Size([20])
2024-12-20 21:41:02,834 - [Process 0/5] - INFO - len(per_windows_prompt):2
2024-12-20 21:41:03,259 - [Process 0/5] - INFO - res.shape is :torch.Size([5])
2024-12-20 21:41:03,361 - [Process 0/5] - INFO - len(per_windows_prompt):2
2024-12-20 21:41:03,834 - [Process 0/5] - INFO - res.shape is :torch.Size([6])
2024-12-20 21:41:04,101 - [Process 0/5] - INFO - len(per_windows_prompt):2
2024-12-20 21:41:04,488 - [Process 0/5] - INFO - res.shape is :torch.Size([4])
2024-12-20 21:41:04,720 - [Process 0/5] - INFO - len(per_windows_prompt):2
2024-12-20 21:41:05,064 - [Process 0/5] - INFO - res.shape is :torch.Size([2])
2024-12-20 21:41:05,320 - [Process 0/5] - INFO - len(per_windows_prompt):2
2024-12-20 21:41:05,710 - [Process 0/5] - INFO - res.shape is :torch.Size([4])
2024-12-20 21:41:05,973 - [Process 0/5] - INFO - len(per_windows_prompt):2
2024-12-20 21:41:06,556 - [Process 0/5] - INFO - res.shape is :torch.Size([8])
2024-12-20 21:41:06,797 - [Process 0/5] - INFO - len(per_windows_prompt):2
2024-12-20 21:41:07,652 - [Process 0/5] - INFO - res.shape is :torch.Size([14])
2024-12-20 21:41:07,901 - [Process 0/5] - INFO - len(per_windows_prompt):2
2024-12-20 21:41:08,723 - [Process 0/5] - INFO - res.shape is :torch.Size([14])
2024-12-20 21:41:08,885 - [Process 0/5] - INFO - len(per_windows_prompt):2
2024-12-20 21:41:09,182 - [Process 0/5] - INFO - res.shape is :torch.Size([2])
2024-12-20 21:41:09,410 - [Process 0/5] - INFO - len(per_windows_prompt):2
2024-12-20 21:41:09,793 - [Process 0/5] - INFO - res.shape is :torch.Size([4])
2024-12-20 21:41:10,016 - [Process 0/5] - INFO - len(per_windows_prompt):2
2024-12-20 21:41:10,443 - [Process 0/5] - INFO - res.shape is :torch.Size([5])
2024-12-20 21:41:10,682 - [Process 0/5] - INFO - len(per_windows_prompt):2
2024-12-20 21:41:11,327 - [Process 0/5] - INFO - res.shape is :torch.Size([10])
2024-12-20 21:41:11,531 - [Process 0/5] - INFO - len(per_windows_prompt):2
2024-12-20 21:41:11,953 - [Process 0/5] - INFO - res.shape is :torch.Size([5])
2024-12-20 21:41:12,101 - [Process 0/5] - INFO - len(per_windows_prompt):2
2024-12-20 21:41:12,486 - [Process 0/5] - INFO - res.shape is :torch.Size([4])
2024-12-20 21:41:12,710 - [Process 0/5] - INFO - len(per_windows_prompt):2
2024-12-20 21:41:13,265 - [Process 0/5] - INFO - res.shape is :torch.Size([8])
2024-12-20 21:41:13,472 - [Process 0/5] - INFO - len(per_windows_prompt):2
2024-12-20 21:41:13,815 - [Process 0/5] - INFO - res.shape is :torch.Size([3])
2024-12-20 21:41:14,015 - [Process 0/5] - INFO - len(per_windows_prompt):2
2024-12-20 21:41:14,527 - [Process 0/5] - INFO - res.shape is :torch.Size([7])
2024-12-20 21:41:14,773 - [Process 0/5] - INFO - len(per_windows_prompt):2
2024-12-20 21:41:15,080 - [Process 0/5] - INFO - res.shape is :torch.Size([2])
2024-12-20 21:41:15,304 - [Process 0/5] - INFO - len(per_windows_prompt):2
2024-12-20 21:41:17,035 - [Process 0/5] - INFO - res.shape is :torch.Size([34])
2024-12-20 21:41:17,275 - [Process 0/5] - INFO - len(per_windows_prompt):2
2024-12-20 21:41:17,921 - [Process 0/5] - INFO - res.shape is :torch.Size([10])
2024-12-20 21:41:18,201 - [Process 0/5] - INFO - len(per_windows_prompt):2
2024-12-20 21:41:19,147 - [Process 0/5] - INFO - res.shape is :torch.Size([17])
2024-12-20 21:41:19,380 - [Process 0/5] - INFO - len(per_windows_prompt):2
2024-12-20 21:41:19,911 - [Process 0/5] - INFO - res.shape is :torch.Size([7])
2024-12-20 21:41:20,150 - [Process 0/5] - INFO - len(per_windows_prompt):2
2024-12-20 21:41:20,925 - [Process 0/5] - INFO - res.shape is :torch.Size([13])
