2024-12-20 17:18:38,227 - [Process 0/5] - INFO - loading datasets finished
2024-12-20 17:18:38,228 - [Process 0/5] - INFO - model_max_len: 3950
2024-12-20 17:18:38,228 - [Process 0/5] - INFO - output_max_len: 64
2024-12-20 17:18:38,261 - [Process 0/5] - INFO - Max Length is 10337
2024-12-20 17:18:38,261 - [Process 0/5] - INFO - Finish loading dataset
2024-12-20 17:18:38,261 - [Process 0/5] - INFO - get_predicted begin
2024-12-20 17:18:45,522 - [Process 0/5] - INFO - res.shape is :torch.Size([8])
2024-12-20 17:18:49,681 - [Process 0/5] - INFO - res.shape is :torch.Size([5])
2024-12-20 17:18:54,821 - [Process 0/5] - INFO - res.shape is :torch.Size([28])
2024-12-20 17:18:59,418 - [Process 0/5] - INFO - res.shape is :torch.Size([14])
2024-12-20 17:19:06,214 - [Process 0/5] - INFO - res.shape is :torch.Size([66])
2024-12-20 17:19:12,072 - [Process 0/5] - INFO - res.shape is :torch.Size([44])
2024-12-20 17:19:18,864 - [Process 0/5] - INFO - res.shape is :torch.Size([66])
2024-12-20 17:19:22,464 - [Process 0/5] - INFO - res.shape is :torch.Size([7])
2024-12-20 17:19:25,322 - [Process 0/5] - INFO - res.shape is :torch.Size([23])
2024-12-20 17:19:31,231 - [Process 0/5] - INFO - res.shape is :torch.Size([45])
2024-12-20 17:19:35,351 - [Process 0/5] - INFO - res.shape is :torch.Size([4])
2024-12-20 17:19:39,541 - [Process 0/5] - INFO - res.shape is :torch.Size([5])
2024-12-20 17:19:46,395 - [Process 0/5] - INFO - res.shape is :torch.Size([66])
2024-12-20 17:19:50,695 - [Process 0/5] - INFO - res.shape is :torch.Size([8])
2024-12-20 17:19:56,305 - [Process 0/5] - INFO - res.shape is :torch.Size([39])
2024-12-20 17:19:59,807 - [Process 0/5] - INFO - res.shape is :torch.Size([9])
2024-12-20 17:20:06,242 - [Process 0/5] - INFO - res.shape is :torch.Size([57])
2024-12-20 17:20:11,424 - [Process 0/5] - INFO - res.shape is :torch.Size([29])
2024-12-20 17:20:15,806 - [Process 0/5] - INFO - res.shape is :torch.Size([9])
2024-12-20 17:20:20,231 - [Process 0/5] - INFO - res.shape is :torch.Size([11])
2024-12-20 17:20:23,745 - [Process 0/5] - INFO - res.shape is :torch.Size([12])
2024-12-20 17:20:28,054 - [Process 0/5] - INFO - res.shape is :torch.Size([8])
2024-12-20 17:20:32,231 - [Process 0/5] - INFO - res.shape is :torch.Size([5])
2024-12-20 17:20:36,815 - [Process 0/5] - INFO - res.shape is :torch.Size([15])
2024-12-20 17:20:42,817 - [Process 0/5] - INFO - res.shape is :torch.Size([48])
2024-12-20 17:20:47,423 - [Process 0/5] - INFO - res.shape is :torch.Size([15])
2024-12-20 17:20:52,163 - [Process 0/5] - INFO - res.shape is :torch.Size([18])
2024-12-20 17:20:56,560 - [Process 0/5] - INFO - res.shape is :torch.Size([9])
2024-12-20 17:21:00,787 - [Process 0/5] - INFO - res.shape is :torch.Size([6])
2024-12-20 17:21:05,794 - [Process 0/5] - INFO - res.shape is :torch.Size([23])
