2024-12-20 18:31:43,863 - [Process 4/5] - INFO - loading datasets finished
2024-12-20 18:31:43,863 - [Process 4/5] - INFO - model_max_len: 3950
2024-12-20 18:31:43,863 - [Process 4/5] - INFO - output_max_len: 128
2024-12-20 18:31:43,885 - [Process 4/5] - INFO - Max Length is 14660
2024-12-20 18:31:43,885 - [Process 4/5] - INFO - Finish loading dataset
2024-12-20 18:31:43,886 - [Process 4/5] - INFO - get_predicted begin
2024-12-20 18:31:48,684 - [Process 4/5] - INFO - len(per_windows_prompt):2
2024-12-20 18:31:57,945 - [Process 4/5] - INFO - res.shape is :torch.Size([130])
2024-12-20 18:31:58,068 - [Process 4/5] - INFO - len(per_windows_prompt):2
2024-12-20 18:32:01,727 - [Process 4/5] - INFO - res.shape is :torch.Size([5])
2024-12-20 18:32:01,814 - [Process 4/5] - INFO - len(per_windows_prompt):2
2024-12-20 18:32:04,944 - [Process 4/5] - INFO - res.shape is :torch.Size([10])
2024-12-20 18:32:05,037 - [Process 4/5] - INFO - len(per_windows_prompt):2
2024-12-20 18:32:09,588 - [Process 4/5] - INFO - res.shape is :torch.Size([43])
2024-12-20 18:32:09,685 - [Process 4/5] - INFO - len(per_windows_prompt):2
2024-12-20 18:32:17,686 - [Process 4/5] - INFO - res.shape is :torch.Size([130])
2024-12-20 18:32:17,805 - [Process 4/5] - INFO - len(per_windows_prompt):2
2024-12-20 18:32:23,114 - [Process 4/5] - INFO - res.shape is :torch.Size([48])
2024-12-20 18:32:23,215 - [Process 4/5] - INFO - len(per_windows_prompt):2
2024-12-20 18:32:26,747 - [Process 4/5] - INFO - res.shape is :torch.Size([10])
2024-12-20 18:32:26,869 - [Process 4/5] - INFO - len(per_windows_prompt):2
2024-12-20 18:32:35,542 - [Process 4/5] - INFO - res.shape is :torch.Size([130])
2024-12-20 18:32:35,661 - [Process 4/5] - INFO - len(per_windows_prompt):2
2024-12-20 18:32:44,352 - [Process 4/5] - INFO - res.shape is :torch.Size([130])
2024-12-20 18:32:44,468 - [Process 4/5] - INFO - len(per_windows_prompt):2
2024-12-20 18:32:49,470 - [Process 4/5] - INFO - res.shape is :torch.Size([39])
2024-12-20 18:32:49,599 - [Process 4/5] - INFO - len(per_windows_prompt):2
2024-12-20 18:32:53,269 - [Process 4/5] - INFO - res.shape is :torch.Size([4])
2024-12-20 18:32:53,388 - [Process 4/5] - INFO - len(per_windows_prompt):2
2024-12-20 18:32:57,754 - [Process 4/5] - INFO - res.shape is :torch.Size([19])
2024-12-20 18:32:57,857 - [Process 4/5] - INFO - len(per_windows_prompt):2
2024-12-20 18:33:06,141 - [Process 4/5] - INFO - res.shape is :torch.Size([130])
2024-12-20 18:33:06,256 - [Process 4/5] - INFO - len(per_windows_prompt):2
2024-12-20 18:33:10,469 - [Process 4/5] - INFO - res.shape is :torch.Size([20])
2024-12-20 18:33:10,593 - [Process 4/5] - INFO - len(per_windows_prompt):2
2024-12-20 18:33:19,296 - [Process 4/5] - INFO - res.shape is :torch.Size([130])
2024-12-20 18:33:19,424 - [Process 4/5] - INFO - len(per_windows_prompt):2
2024-12-20 18:33:23,565 - [Process 4/5] - INFO - res.shape is :torch.Size([18])
2024-12-20 18:33:23,690 - [Process 4/5] - INFO - len(per_windows_prompt):2
2024-12-20 18:33:29,297 - [Process 4/5] - INFO - res.shape is :torch.Size([52])
2024-12-20 18:33:29,418 - [Process 4/5] - INFO - len(per_windows_prompt):2
2024-12-20 18:33:33,339 - [Process 4/5] - INFO - res.shape is :torch.Size([10])
2024-12-20 18:33:33,475 - [Process 4/5] - INFO - len(per_windows_prompt):2
2024-12-20 18:33:37,943 - [Process 4/5] - INFO - res.shape is :torch.Size([26])
2024-12-20 18:33:38,030 - [Process 4/5] - INFO - len(per_windows_prompt):2
2024-12-20 18:33:40,954 - [Process 4/5] - INFO - res.shape is :torch.Size([4])
2024-12-20 18:33:41,047 - [Process 4/5] - INFO - len(per_windows_prompt):2
2024-12-20 18:33:44,541 - [Process 4/5] - INFO - res.shape is :torch.Size([16])
2024-12-20 18:33:44,666 - [Process 4/5] - INFO - len(per_windows_prompt):2
2024-12-20 18:33:53,396 - [Process 4/5] - INFO - res.shape is :torch.Size([130])
2024-12-20 18:33:53,517 - [Process 4/5] - INFO - len(per_windows_prompt):2
2024-12-20 18:34:00,153 - [Process 4/5] - INFO - res.shape is :torch.Size([78])
2024-12-20 18:34:00,276 - [Process 4/5] - INFO - len(per_windows_prompt):2
2024-12-20 18:34:09,002 - [Process 4/5] - INFO - res.shape is :torch.Size([130])
2024-12-20 18:34:09,133 - [Process 4/5] - INFO - len(per_windows_prompt):2
2024-12-20 18:34:16,043 - [Process 4/5] - INFO - res.shape is :torch.Size([87])
2024-12-20 18:34:16,159 - [Process 4/5] - INFO - len(per_windows_prompt):2
2024-12-20 18:34:22,583 - [Process 4/5] - INFO - res.shape is :torch.Size([74])
2024-12-20 18:34:22,684 - [Process 4/5] - INFO - len(per_windows_prompt):2
2024-12-20 18:34:26,262 - [Process 4/5] - INFO - res.shape is :torch.Size([10])
2024-12-20 18:34:26,373 - [Process 4/5] - INFO - len(per_windows_prompt):2
2024-12-20 18:34:31,543 - [Process 4/5] - INFO - res.shape is :torch.Size([41])
2024-12-20 18:34:31,656 - [Process 4/5] - INFO - len(per_windows_prompt):2
2024-12-20 18:34:39,748 - [Process 4/5] - INFO - res.shape is :torch.Size([114])
2024-12-20 18:34:39,868 - [Process 4/5] - INFO - len(per_windows_prompt):2
2024-12-20 18:34:43,483 - [Process 4/5] - INFO - res.shape is :torch.Size([4])
2024-12-20 18:34:43,619 - [Process 4/5] - INFO - len(per_windows_prompt):2
2024-12-20 18:34:48,893 - [Process 4/5] - INFO - res.shape is :torch.Size([46])
2024-12-20 18:34:49,010 - [Process 4/5] - INFO - len(per_windows_prompt):2
2024-12-20 18:34:53,534 - [Process 4/5] - INFO - res.shape is :torch.Size([25])
2024-12-20 18:34:53,648 - [Process 4/5] - INFO - len(per_windows_prompt):2
2024-12-20 18:34:59,298 - [Process 4/5] - INFO - res.shape is :torch.Size([53])
2024-12-20 18:34:59,410 - [Process 4/5] - INFO - len(per_windows_prompt):2
2024-12-20 18:35:07,077 - [Process 4/5] - INFO - res.shape is :torch.Size([105])
2024-12-20 18:35:07,201 - [Process 4/5] - INFO - len(per_windows_prompt):2
2024-12-20 18:35:10,795 - [Process 4/5] - INFO - res.shape is :torch.Size([4])
2024-12-20 18:35:10,920 - [Process 4/5] - INFO - len(per_windows_prompt):2
2024-12-20 18:35:14,648 - [Process 4/5] - INFO - res.shape is :torch.Size([6])
2024-12-20 18:35:14,788 - [Process 4/5] - INFO - len(per_windows_prompt):2
2024-12-20 18:35:19,091 - [Process 4/5] - INFO - res.shape is :torch.Size([19])
2024-12-20 18:35:19,216 - [Process 4/5] - INFO - len(per_windows_prompt):2
2024-12-20 18:35:22,946 - [Process 4/5] - INFO - res.shape is :torch.Size([6])
2024-12-20 18:35:23,025 - [Process 4/5] - INFO - len(per_windows_prompt):2
2024-12-20 18:35:27,015 - [Process 4/5] - INFO - res.shape is :torch.Size([40])
2024-12-20 18:35:27,141 - [Process 4/5] - INFO - len(per_windows_prompt):2
2024-12-20 18:35:31,328 - [Process 4/5] - INFO - res.shape is :torch.Size([17])
