2024-12-20 19:03:43,028 - [Process 1/5] - INFO - loading datasets finished
2024-12-20 19:03:43,029 - [Process 1/5] - INFO - model_max_len: 3950
2024-12-20 19:03:43,029 - [Process 1/5] - INFO - output_max_len: 32
2024-12-20 19:03:43,119 - [Process 1/5] - INFO - Max Length is 16633
2024-12-20 19:03:43,120 - [Process 1/5] - INFO - Finish loading dataset
2024-12-20 19:03:43,120 - [Process 1/5] - INFO - get_predicted begin
2024-12-20 19:03:47,879 - [Process 1/5] - INFO - len(per_windows_prompt):2
2024-12-20 19:03:52,990 - [Process 1/5] - INFO - res.shape is :torch.Size([19])
2024-12-20 19:03:53,214 - [Process 1/5] - INFO - len(per_windows_prompt):2
2024-12-20 19:03:57,457 - [Process 1/5] - INFO - res.shape is :torch.Size([15])
2024-12-20 19:03:57,649 - [Process 1/5] - INFO - len(per_windows_prompt):2
2024-12-20 19:04:01,289 - [Process 1/5] - INFO - res.shape is :torch.Size([6])
2024-12-20 19:04:01,491 - [Process 1/5] - INFO - len(per_windows_prompt):2
2024-12-20 19:04:06,417 - [Process 1/5] - INFO - res.shape is :torch.Size([34])
2024-12-20 19:04:06,676 - [Process 1/5] - INFO - len(per_windows_prompt):2
2024-12-20 19:04:10,756 - [Process 1/5] - INFO - res.shape is :torch.Size([15])
2024-12-20 19:04:10,996 - [Process 1/5] - INFO - len(per_windows_prompt):2
2024-12-20 19:04:16,028 - [Process 1/5] - INFO - res.shape is :torch.Size([34])
2024-12-20 19:04:16,248 - [Process 1/5] - INFO - len(per_windows_prompt):2
2024-12-20 19:04:20,956 - [Process 1/5] - INFO - res.shape is :torch.Size([31])
2024-12-20 19:04:21,227 - [Process 1/5] - INFO - len(per_windows_prompt):2
2024-12-20 19:04:26,160 - [Process 1/5] - INFO - res.shape is :torch.Size([34])
2024-12-20 19:04:26,424 - [Process 1/5] - INFO - len(per_windows_prompt):2
2024-12-20 19:04:31,353 - [Process 1/5] - INFO - res.shape is :torch.Size([34])
2024-12-20 19:04:31,594 - [Process 1/5] - INFO - len(per_windows_prompt):2
2024-12-20 19:04:35,324 - [Process 1/5] - INFO - res.shape is :torch.Size([7])
2024-12-20 19:04:35,554 - [Process 1/5] - INFO - len(per_windows_prompt):2
2024-12-20 19:04:40,437 - [Process 1/5] - INFO - res.shape is :torch.Size([34])
2024-12-20 19:04:40,676 - [Process 1/5] - INFO - len(per_windows_prompt):2
2024-12-20 19:04:45,620 - [Process 1/5] - INFO - res.shape is :torch.Size([34])
2024-12-20 19:04:45,825 - [Process 1/5] - INFO - len(per_windows_prompt):2
2024-12-20 19:04:50,765 - [Process 1/5] - INFO - res.shape is :torch.Size([34])
2024-12-20 19:04:51,044 - [Process 1/5] - INFO - len(per_windows_prompt):2
2024-12-20 19:04:54,854 - [Process 1/5] - INFO - res.shape is :torch.Size([7])
2024-12-20 19:04:54,992 - [Process 1/5] - INFO - len(per_windows_prompt):2
2024-12-20 19:04:57,808 - [Process 1/5] - INFO - res.shape is :torch.Size([5])
2024-12-20 19:04:58,144 - [Process 1/5] - INFO - len(per_windows_prompt):2
2024-12-20 19:05:02,188 - [Process 1/5] - INFO - res.shape is :torch.Size([14])
2024-12-20 19:05:02,429 - [Process 1/5] - INFO - len(per_windows_prompt):2
2024-12-20 19:05:06,388 - [Process 1/5] - INFO - res.shape is :torch.Size([12])
2024-12-20 19:05:06,648 - [Process 1/5] - INFO - len(per_windows_prompt):2
2024-12-20 19:05:11,521 - [Process 1/5] - INFO - res.shape is :torch.Size([34])
2024-12-20 19:05:11,814 - [Process 1/5] - INFO - len(per_windows_prompt):2
2024-12-20 19:05:16,777 - [Process 1/5] - INFO - res.shape is :torch.Size([34])
2024-12-20 19:05:17,053 - [Process 1/5] - INFO - len(per_windows_prompt):2
2024-12-20 19:05:22,046 - [Process 1/5] - INFO - res.shape is :torch.Size([34])
2024-12-20 19:05:22,290 - [Process 1/5] - INFO - len(per_windows_prompt):2
2024-12-20 19:05:27,188 - [Process 1/5] - INFO - res.shape is :torch.Size([34])
2024-12-20 19:05:27,392 - [Process 1/5] - INFO - len(per_windows_prompt):2
2024-12-20 19:05:32,358 - [Process 1/5] - INFO - res.shape is :torch.Size([34])
2024-12-20 19:05:32,655 - [Process 1/5] - INFO - len(per_windows_prompt):2
2024-12-20 19:05:36,783 - [Process 1/5] - INFO - res.shape is :torch.Size([14])
2024-12-20 19:05:37,103 - [Process 1/5] - INFO - len(per_windows_prompt):2
2024-12-20 19:05:42,075 - [Process 1/5] - INFO - res.shape is :torch.Size([34])
2024-12-20 19:05:42,317 - [Process 1/5] - INFO - len(per_windows_prompt):2
2024-12-20 19:05:46,280 - [Process 1/5] - INFO - res.shape is :torch.Size([10])
2024-12-20 19:05:46,387 - [Process 1/5] - INFO - len(per_windows_prompt):2
2024-12-20 19:05:48,772 - [Process 1/5] - INFO - res.shape is :torch.Size([5])
2024-12-20 19:05:48,980 - [Process 1/5] - INFO - len(per_windows_prompt):2
2024-12-20 19:05:53,781 - [Process 1/5] - INFO - res.shape is :torch.Size([30])
2024-12-20 19:05:53,994 - [Process 1/5] - INFO - len(per_windows_prompt):2
2024-12-20 19:05:58,155 - [Process 1/5] - INFO - res.shape is :torch.Size([16])
2024-12-20 19:05:58,387 - [Process 1/5] - INFO - len(per_windows_prompt):2
2024-12-20 19:06:03,186 - [Process 1/5] - INFO - res.shape is :torch.Size([32])
2024-12-20 19:06:03,454 - [Process 1/5] - INFO - len(per_windows_prompt):2
2024-12-20 19:06:07,261 - [Process 1/5] - INFO - res.shape is :torch.Size([7])
2024-12-20 19:06:07,497 - [Process 1/5] - INFO - len(per_windows_prompt):2
2024-12-20 19:06:12,469 - [Process 1/5] - INFO - res.shape is :torch.Size([34])
2024-12-20 19:06:12,572 - [Process 1/5] - INFO - len(per_windows_prompt):2
2024-12-20 19:06:16,025 - [Process 1/5] - INFO - res.shape is :torch.Size([34])
2024-12-20 19:06:16,204 - [Process 1/5] - INFO - len(per_windows_prompt):2
2024-12-20 19:06:20,625 - [Process 1/5] - INFO - res.shape is :torch.Size([21])
2024-12-20 19:06:20,878 - [Process 1/5] - INFO - len(per_windows_prompt):2
2024-12-20 19:06:25,849 - [Process 1/5] - INFO - res.shape is :torch.Size([34])
2024-12-20 19:06:26,153 - [Process 1/5] - INFO - len(per_windows_prompt):2
2024-12-20 19:06:31,122 - [Process 1/5] - INFO - res.shape is :torch.Size([34])
2024-12-20 19:06:31,383 - [Process 1/5] - INFO - len(per_windows_prompt):2
2024-12-20 19:06:36,250 - [Process 1/5] - INFO - res.shape is :torch.Size([34])
2024-12-20 19:06:36,474 - [Process 1/5] - INFO - len(per_windows_prompt):2
2024-12-20 19:06:40,973 - [Process 1/5] - INFO - res.shape is :torch.Size([24])
2024-12-20 19:06:41,290 - [Process 1/5] - INFO - len(per_windows_prompt):2
2024-12-20 19:06:46,289 - [Process 1/5] - INFO - res.shape is :torch.Size([34])
2024-12-20 19:06:46,496 - [Process 1/5] - INFO - len(per_windows_prompt):2
2024-12-20 19:06:50,614 - [Process 1/5] - INFO - res.shape is :torch.Size([13])
2024-12-20 19:06:50,889 - [Process 1/5] - INFO - len(per_windows_prompt):2
2024-12-20 19:06:54,777 - [Process 1/5] - INFO - res.shape is :torch.Size([9])
