2024-12-20 22:31:20,800 - [Process 1/5] - INFO - loading datasets finished
2024-12-20 22:31:20,801 - [Process 1/5] - INFO - model_max_len: 3950
2024-12-20 22:31:20,801 - [Process 1/5] - INFO - output_max_len: 64
2024-12-20 22:31:20,827 - [Process 1/5] - INFO - Max Length is 10337
2024-12-20 22:31:20,828 - [Process 1/5] - INFO - Finish loading dataset
2024-12-20 22:31:20,828 - [Process 1/5] - INFO - get_predicted begin
2024-12-20 22:31:25,672 - [Process 1/5] - INFO - len(per_windows_prompt):2
2024-12-20 22:31:30,655 - [Process 1/5] - INFO - res.shape is :torch.Size([12])
2024-12-20 22:31:30,859 - [Process 1/5] - INFO - len(per_windows_prompt):2
2024-12-20 22:31:34,763 - [Process 1/5] - INFO - res.shape is :torch.Size([4])
2024-12-20 22:31:34,987 - [Process 1/5] - INFO - len(per_windows_prompt):2
2024-12-20 22:31:39,484 - [Process 1/5] - INFO - res.shape is :torch.Size([21])
2024-12-20 22:31:39,688 - [Process 1/5] - INFO - len(per_windows_prompt):2
2024-12-20 22:31:44,871 - [Process 1/5] - INFO - res.shape is :torch.Size([35])
2024-12-20 22:31:45,081 - [Process 1/5] - INFO - len(per_windows_prompt):2
2024-12-20 22:31:49,511 - [Process 1/5] - INFO - res.shape is :torch.Size([18])
2024-12-20 22:31:49,701 - [Process 1/5] - INFO - len(per_windows_prompt):2
2024-12-20 22:31:53,875 - [Process 1/5] - INFO - res.shape is :torch.Size([14])
2024-12-20 22:31:53,972 - [Process 1/5] - INFO - len(per_windows_prompt):2
2024-12-20 22:31:56,091 - [Process 1/5] - INFO - res.shape is :torch.Size([2])
2024-12-20 22:31:56,289 - [Process 1/5] - INFO - len(per_windows_prompt):2
2024-12-20 22:32:01,057 - [Process 1/5] - INFO - res.shape is :torch.Size([26])
2024-12-20 22:32:01,240 - [Process 1/5] - INFO - len(per_windows_prompt):2
2024-12-20 22:32:05,247 - [Process 1/5] - INFO - res.shape is :torch.Size([6])
2024-12-20 22:32:05,430 - [Process 1/5] - INFO - len(per_windows_prompt):2
2024-12-20 22:32:09,319 - [Process 1/5] - INFO - res.shape is :torch.Size([5])
2024-12-20 22:32:09,497 - [Process 1/5] - INFO - len(per_windows_prompt):2
2024-12-20 22:32:13,420 - [Process 1/5] - INFO - res.shape is :torch.Size([6])
2024-12-20 22:32:13,524 - [Process 1/5] - INFO - len(per_windows_prompt):2
2024-12-20 22:32:15,961 - [Process 1/5] - INFO - res.shape is :torch.Size([6])
2024-12-20 22:32:16,165 - [Process 1/5] - INFO - len(per_windows_prompt):2
2024-12-20 22:32:20,810 - [Process 1/5] - INFO - res.shape is :torch.Size([24])
2024-12-20 22:32:21,071 - [Process 1/5] - INFO - len(per_windows_prompt):2
2024-12-20 22:32:26,885 - [Process 1/5] - INFO - res.shape is :torch.Size([49])
2024-12-20 22:32:27,118 - [Process 1/5] - INFO - len(per_windows_prompt):2
2024-12-20 22:32:31,153 - [Process 1/5] - INFO - res.shape is :torch.Size([8])
2024-12-20 22:32:31,367 - [Process 1/5] - INFO - len(per_windows_prompt):2
2024-12-20 22:32:36,190 - [Process 1/5] - INFO - res.shape is :torch.Size([27])
2024-12-20 22:32:36,396 - [Process 1/5] - INFO - len(per_windows_prompt):2
2024-12-20 22:32:40,438 - [Process 1/5] - INFO - res.shape is :torch.Size([10])
2024-12-20 22:32:40,650 - [Process 1/5] - INFO - len(per_windows_prompt):2
2024-12-20 22:32:45,413 - [Process 1/5] - INFO - res.shape is :torch.Size([25])
2024-12-20 22:32:45,591 - [Process 1/5] - INFO - len(per_windows_prompt):2
2024-12-20 22:32:49,042 - [Process 1/5] - INFO - res.shape is :torch.Size([6])
2024-12-20 22:32:49,213 - [Process 1/5] - INFO - len(per_windows_prompt):2
2024-12-20 22:32:53,139 - [Process 1/5] - INFO - res.shape is :torch.Size([5])
2024-12-20 22:32:53,298 - [Process 1/5] - INFO - len(per_windows_prompt):2
2024-12-20 22:32:56,708 - [Process 1/5] - INFO - res.shape is :torch.Size([10])
2024-12-20 22:32:56,954 - [Process 1/5] - INFO - len(per_windows_prompt):2
2024-12-20 22:33:02,686 - [Process 1/5] - INFO - res.shape is :torch.Size([47])
2024-12-20 22:33:02,923 - [Process 1/5] - INFO - len(per_windows_prompt):2
2024-12-20 22:33:06,760 - [Process 1/5] - INFO - res.shape is :torch.Size([5])
2024-12-20 22:33:06,952 - [Process 1/5] - INFO - len(per_windows_prompt):2
2024-12-20 22:33:10,991 - [Process 1/5] - INFO - res.shape is :torch.Size([8])
2024-12-20 22:33:11,153 - [Process 1/5] - INFO - len(per_windows_prompt):2
2024-12-20 22:33:14,858 - [Process 1/5] - INFO - res.shape is :torch.Size([8])
2024-12-20 22:33:14,992 - [Process 1/5] - INFO - len(per_windows_prompt):2
2024-12-20 22:33:18,008 - [Process 1/5] - INFO - res.shape is :torch.Size([6])
2024-12-20 22:33:18,199 - [Process 1/5] - INFO - len(per_windows_prompt):2
2024-12-20 22:33:22,117 - [Process 1/5] - INFO - res.shape is :torch.Size([5])
2024-12-20 22:33:22,268 - [Process 1/5] - INFO - len(per_windows_prompt):2
2024-12-20 22:33:25,436 - [Process 1/5] - INFO - res.shape is :torch.Size([4])
2024-12-20 22:33:25,498 - [Process 1/5] - INFO - len(per_windows_prompt):2
2024-12-20 22:33:27,586 - [Process 1/5] - INFO - res.shape is :torch.Size([19])
2024-12-20 22:33:27,772 - [Process 1/5] - INFO - len(per_windows_prompt):2
2024-12-20 22:33:31,934 - [Process 1/5] - INFO - res.shape is :torch.Size([9])
