2024-12-20 22:24:03,150 - [Process 2/5] - INFO - loading datasets finished
2024-12-20 22:24:03,151 - [Process 2/5] - INFO - model_max_len: 3950
2024-12-20 22:24:03,151 - [Process 2/5] - INFO - output_max_len: 64
2024-12-20 22:24:03,178 - [Process 2/5] - INFO - Max Length is 10337
2024-12-20 22:24:03,178 - [Process 2/5] - INFO - Finish loading dataset
2024-12-20 22:24:03,178 - [Process 2/5] - INFO - get_predicted begin
2024-12-20 22:24:08,020 - [Process 2/5] - INFO - len(per_windows_prompt):2
2024-12-20 22:24:12,858 - [Process 2/5] - INFO - res.shape is :torch.Size([13])
2024-12-20 22:24:13,009 - [Process 2/5] - INFO - len(per_windows_prompt):2
2024-12-20 22:24:17,512 - [Process 2/5] - INFO - res.shape is :torch.Size([22])
2024-12-20 22:24:17,601 - [Process 2/5] - INFO - len(per_windows_prompt):2
2024-12-20 22:24:20,950 - [Process 2/5] - INFO - res.shape is :torch.Size([8])
2024-12-20 22:24:21,047 - [Process 2/5] - INFO - len(per_windows_prompt):2
2024-12-20 22:24:24,575 - [Process 2/5] - INFO - res.shape is :torch.Size([8])
2024-12-20 22:24:24,630 - [Process 2/5] - INFO - len(per_windows_prompt):2
2024-12-20 22:24:26,825 - [Process 2/5] - INFO - res.shape is :torch.Size([7])
2024-12-20 22:24:26,956 - [Process 2/5] - INFO - len(per_windows_prompt):2
2024-12-20 22:24:31,733 - [Process 2/5] - INFO - res.shape is :torch.Size([28])
2024-12-20 22:24:31,880 - [Process 2/5] - INFO - len(per_windows_prompt):2
2024-12-20 22:24:35,746 - [Process 2/5] - INFO - res.shape is :torch.Size([5])
2024-12-20 22:24:35,869 - [Process 2/5] - INFO - len(per_windows_prompt):2
2024-12-20 22:24:40,633 - [Process 2/5] - INFO - res.shape is :torch.Size([29])
2024-12-20 22:24:40,746 - [Process 2/5] - INFO - len(per_windows_prompt):2
2024-12-20 22:24:44,648 - [Process 2/5] - INFO - res.shape is :torch.Size([6])
2024-12-20 22:24:44,759 - [Process 2/5] - INFO - len(per_windows_prompt):2
2024-12-20 22:24:51,018 - [Process 2/5] - INFO - res.shape is :torch.Size([64])
2024-12-20 22:24:51,082 - [Process 2/5] - INFO - len(per_windows_prompt):2
2024-12-20 22:24:53,279 - [Process 2/5] - INFO - res.shape is :torch.Size([3])
2024-12-20 22:24:53,326 - [Process 2/5] - INFO - len(per_windows_prompt):2
2024-12-20 22:24:55,169 - [Process 2/5] - INFO - res.shape is :torch.Size([4])
2024-12-20 22:24:55,292 - [Process 2/5] - INFO - len(per_windows_prompt):2
2024-12-20 22:25:00,042 - [Process 2/5] - INFO - res.shape is :torch.Size([26])
2024-12-20 22:25:00,176 - [Process 2/5] - INFO - len(per_windows_prompt):2
2024-12-20 22:25:05,213 - [Process 2/5] - INFO - res.shape is :torch.Size([34])
2024-12-20 22:25:05,357 - [Process 2/5] - INFO - len(per_windows_prompt):2
2024-12-20 22:25:09,764 - [Process 2/5] - INFO - res.shape is :torch.Size([17])
2024-12-20 22:25:09,910 - [Process 2/5] - INFO - len(per_windows_prompt):2
2024-12-20 22:25:13,704 - [Process 2/5] - INFO - res.shape is :torch.Size([2])
2024-12-20 22:25:13,802 - [Process 2/5] - INFO - len(per_windows_prompt):2
2024-12-20 22:25:17,307 - [Process 2/5] - INFO - res.shape is :torch.Size([6])
2024-12-20 22:25:17,432 - [Process 2/5] - INFO - len(per_windows_prompt):2
2024-12-20 22:25:21,729 - [Process 2/5] - INFO - res.shape is :torch.Size([14])
2024-12-20 22:25:21,845 - [Process 2/5] - INFO - len(per_windows_prompt):2
2024-12-20 22:25:27,417 - [Process 2/5] - INFO - res.shape is :torch.Size([48])
2024-12-20 22:25:27,541 - [Process 2/5] - INFO - len(per_windows_prompt):2
2024-12-20 22:25:31,535 - [Process 2/5] - INFO - res.shape is :torch.Size([8])
2024-12-20 22:25:31,664 - [Process 2/5] - INFO - len(per_windows_prompt):2
2024-12-20 22:25:35,848 - [Process 2/5] - INFO - res.shape is :torch.Size([9])
2024-12-20 22:25:35,976 - [Process 2/5] - INFO - len(per_windows_prompt):2
2024-12-20 22:25:41,806 - [Process 2/5] - INFO - res.shape is :torch.Size([52])
2024-12-20 22:25:41,915 - [Process 2/5] - INFO - len(per_windows_prompt):2
2024-12-20 22:25:46,233 - [Process 2/5] - INFO - res.shape is :torch.Size([16])
2024-12-20 22:25:46,283 - [Process 2/5] - INFO - len(per_windows_prompt):2
2024-12-20 22:25:48,195 - [Process 2/5] - INFO - res.shape is :torch.Size([4])
2024-12-20 22:25:48,310 - [Process 2/5] - INFO - len(per_windows_prompt):2
2024-12-20 22:25:52,622 - [Process 2/5] - INFO - res.shape is :torch.Size([16])
2024-12-20 22:25:52,776 - [Process 2/5] - INFO - len(per_windows_prompt):2
2024-12-20 22:25:58,418 - [Process 2/5] - INFO - res.shape is :torch.Size([48])
2024-12-20 22:25:58,468 - [Process 2/5] - INFO - len(per_windows_prompt):2
2024-12-20 22:26:00,585 - [Process 2/5] - INFO - res.shape is :torch.Size([10])
2024-12-20 22:26:00,664 - [Process 2/5] - INFO - len(per_windows_prompt):2
2024-12-20 22:26:03,760 - [Process 2/5] - INFO - res.shape is :torch.Size([9])
2024-12-20 22:26:03,874 - [Process 2/5] - INFO - len(per_windows_prompt):2
2024-12-20 22:26:07,912 - [Process 2/5] - INFO - res.shape is :torch.Size([8])
2024-12-20 22:26:08,027 - [Process 2/5] - INFO - len(per_windows_prompt):2
2024-12-20 22:26:11,768 - [Process 2/5] - INFO - res.shape is :torch.Size([2])
