2024-12-20 18:52:15,582 - [Process 4/5] - INFO - loading datasets finished
2024-12-20 18:52:15,582 - [Process 4/5] - INFO - model_max_len: 3950
2024-12-20 18:52:15,582 - [Process 4/5] - INFO - output_max_len: 32
2024-12-20 18:52:15,659 - [Process 4/5] - INFO - Max Length is 17355
2024-12-20 18:52:15,659 - [Process 4/5] - INFO - Finish loading dataset
2024-12-20 18:52:15,659 - [Process 4/5] - INFO - get_predicted begin
2024-12-20 18:52:20,385 - [Process 4/5] - INFO - len(per_windows_prompt):2
2024-12-20 18:52:24,626 - [Process 4/5] - INFO - res.shape is :torch.Size([7])
2024-12-20 18:52:24,801 - [Process 4/5] - INFO - len(per_windows_prompt):2
2024-12-20 18:52:28,397 - [Process 4/5] - INFO - res.shape is :torch.Size([6])
2024-12-20 18:52:28,574 - [Process 4/5] - INFO - len(per_windows_prompt):2
2024-12-20 18:52:32,218 - [Process 4/5] - INFO - res.shape is :torch.Size([7])
2024-12-20 18:52:32,385 - [Process 4/5] - INFO - len(per_windows_prompt):2
2024-12-20 18:52:36,049 - [Process 4/5] - INFO - res.shape is :torch.Size([5])
2024-12-20 18:52:36,226 - [Process 4/5] - INFO - len(per_windows_prompt):2
2024-12-20 18:52:41,041 - [Process 4/5] - INFO - res.shape is :torch.Size([34])
2024-12-20 18:52:41,212 - [Process 4/5] - INFO - len(per_windows_prompt):2
2024-12-20 18:52:46,034 - [Process 4/5] - INFO - res.shape is :torch.Size([34])
2024-12-20 18:52:46,187 - [Process 4/5] - INFO - len(per_windows_prompt):2
2024-12-20 18:52:51,009 - [Process 4/5] - INFO - res.shape is :torch.Size([34])
2024-12-20 18:52:51,181 - [Process 4/5] - INFO - len(per_windows_prompt):2
2024-12-20 18:52:54,983 - [Process 4/5] - INFO - res.shape is :torch.Size([8])
2024-12-20 18:52:55,158 - [Process 4/5] - INFO - len(per_windows_prompt):2
2024-12-20 18:52:58,921 - [Process 4/5] - INFO - res.shape is :torch.Size([7])
2024-12-20 18:52:59,103 - [Process 4/5] - INFO - len(per_windows_prompt):2
2024-12-20 18:53:03,047 - [Process 4/5] - INFO - res.shape is :torch.Size([9])
2024-12-20 18:53:03,209 - [Process 4/5] - INFO - len(per_windows_prompt):2
2024-12-20 18:53:08,043 - [Process 4/5] - INFO - res.shape is :torch.Size([34])
2024-12-20 18:53:08,223 - [Process 4/5] - INFO - len(per_windows_prompt):2
2024-12-20 18:53:11,832 - [Process 4/5] - INFO - res.shape is :torch.Size([5])
2024-12-20 18:53:12,008 - [Process 4/5] - INFO - len(per_windows_prompt):2
2024-12-20 18:53:15,822 - [Process 4/5] - INFO - res.shape is :torch.Size([8])
2024-12-20 18:53:15,993 - [Process 4/5] - INFO - len(per_windows_prompt):2
2024-12-20 18:53:19,650 - [Process 4/5] - INFO - res.shape is :torch.Size([6])
2024-12-20 18:53:19,822 - [Process 4/5] - INFO - len(per_windows_prompt):2
2024-12-20 18:53:23,659 - [Process 4/5] - INFO - res.shape is :torch.Size([9])
2024-12-20 18:53:23,835 - [Process 4/5] - INFO - len(per_windows_prompt):2
2024-12-20 18:53:27,664 - [Process 4/5] - INFO - res.shape is :torch.Size([8])
2024-12-20 18:53:27,846 - [Process 4/5] - INFO - len(per_windows_prompt):2
2024-12-20 18:53:31,509 - [Process 4/5] - INFO - res.shape is :torch.Size([6])
2024-12-20 18:53:31,690 - [Process 4/5] - INFO - len(per_windows_prompt):2
2024-12-20 18:53:35,475 - [Process 4/5] - INFO - res.shape is :torch.Size([9])
2024-12-20 18:53:35,653 - [Process 4/5] - INFO - len(per_windows_prompt):2
2024-12-20 18:53:39,330 - [Process 4/5] - INFO - res.shape is :torch.Size([6])
2024-12-20 18:53:39,511 - [Process 4/5] - INFO - len(per_windows_prompt):2
2024-12-20 18:53:43,191 - [Process 4/5] - INFO - res.shape is :torch.Size([6])
2024-12-20 18:53:43,365 - [Process 4/5] - INFO - len(per_windows_prompt):2
2024-12-20 18:53:47,204 - [Process 4/5] - INFO - res.shape is :torch.Size([8])
2024-12-20 18:53:47,376 - [Process 4/5] - INFO - len(per_windows_prompt):2
2024-12-20 18:53:52,248 - [Process 4/5] - INFO - res.shape is :torch.Size([34])
2024-12-20 18:53:52,433 - [Process 4/5] - INFO - len(per_windows_prompt):2
2024-12-20 18:53:56,224 - [Process 4/5] - INFO - res.shape is :torch.Size([4])
2024-12-20 18:53:56,403 - [Process 4/5] - INFO - len(per_windows_prompt):2
2024-12-20 18:54:00,048 - [Process 4/5] - INFO - res.shape is :torch.Size([5])
2024-12-20 18:54:00,226 - [Process 4/5] - INFO - len(per_windows_prompt):2
2024-12-20 18:54:05,010 - [Process 4/5] - INFO - res.shape is :torch.Size([34])
2024-12-20 18:54:05,188 - [Process 4/5] - INFO - len(per_windows_prompt):2
2024-12-20 18:54:08,812 - [Process 4/5] - INFO - res.shape is :torch.Size([5])
2024-12-20 18:54:08,990 - [Process 4/5] - INFO - len(per_windows_prompt):2
2024-12-20 18:54:12,709 - [Process 4/5] - INFO - res.shape is :torch.Size([7])
2024-12-20 18:54:12,882 - [Process 4/5] - INFO - len(per_windows_prompt):2
2024-12-20 18:54:16,744 - [Process 4/5] - INFO - res.shape is :torch.Size([6])
2024-12-20 18:54:16,927 - [Process 4/5] - INFO - len(per_windows_prompt):2
2024-12-20 18:54:20,813 - [Process 4/5] - INFO - res.shape is :torch.Size([9])
2024-12-20 18:54:20,989 - [Process 4/5] - INFO - len(per_windows_prompt):2
2024-12-20 18:54:25,872 - [Process 4/5] - INFO - res.shape is :torch.Size([34])
2024-12-20 18:54:26,032 - [Process 4/5] - INFO - len(per_windows_prompt):2
2024-12-20 18:54:29,807 - [Process 4/5] - INFO - res.shape is :torch.Size([6])
2024-12-20 18:54:29,934 - [Process 4/5] - INFO - len(per_windows_prompt):2
2024-12-20 18:54:33,660 - [Process 4/5] - INFO - res.shape is :torch.Size([7])
2024-12-20 18:54:33,835 - [Process 4/5] - INFO - len(per_windows_prompt):2
2024-12-20 18:54:37,926 - [Process 4/5] - INFO - res.shape is :torch.Size([14])
2024-12-20 18:54:38,098 - [Process 4/5] - INFO - len(per_windows_prompt):2
2024-12-20 18:54:41,825 - [Process 4/5] - INFO - res.shape is :torch.Size([7])
2024-12-20 18:54:42,002 - [Process 4/5] - INFO - len(per_windows_prompt):2
2024-12-20 18:54:45,735 - [Process 4/5] - INFO - res.shape is :torch.Size([5])
2024-12-20 18:54:45,909 - [Process 4/5] - INFO - len(per_windows_prompt):2
2024-12-20 18:54:49,717 - [Process 4/5] - INFO - res.shape is :torch.Size([4])
2024-12-20 18:54:49,894 - [Process 4/5] - INFO - len(per_windows_prompt):2
2024-12-20 18:54:54,703 - [Process 4/5] - INFO - res.shape is :torch.Size([34])
2024-12-20 18:54:54,875 - [Process 4/5] - INFO - len(per_windows_prompt):2
2024-12-20 18:54:58,614 - [Process 4/5] - INFO - res.shape is :torch.Size([5])
2024-12-20 18:54:58,790 - [Process 4/5] - INFO - len(per_windows_prompt):2
2024-12-20 18:55:03,679 - [Process 4/5] - INFO - res.shape is :torch.Size([34])
2024-12-20 18:55:03,856 - [Process 4/5] - INFO - len(per_windows_prompt):2
2024-12-20 18:55:07,979 - [Process 4/5] - INFO - res.shape is :torch.Size([12])
