2024-12-20 16:42:46,407 - [Process 4/5] - INFO - loading datasets finished
2024-12-20 16:42:46,408 - [Process 4/5] - INFO - model_max_len: 3950
2024-12-20 16:42:46,408 - [Process 4/5] - INFO - output_max_len: 64
2024-12-20 16:42:46,441 - [Process 4/5] - INFO - Max Length is 10337
2024-12-20 16:42:46,442 - [Process 4/5] - INFO - Finish loading dataset
2024-12-20 16:42:46,442 - [Process 4/5] - INFO - get_predicted begin
2024-12-20 16:42:55,938 - [Process 4/5] - INFO - res.shape is :torch.Size([30])
2024-12-20 16:43:00,725 - [Process 4/5] - INFO - res.shape is :torch.Size([26])
2024-12-20 16:43:07,740 - [Process 4/5] - INFO - res.shape is :torch.Size([81])
2024-12-20 16:43:19,298 - [Process 4/5] - INFO - res.shape is :torch.Size([175])
2024-12-20 16:43:27,685 - [Process 4/5] - INFO - res.shape is :torch.Size([107])
2024-12-20 16:43:37,493 - [Process 4/5] - INFO - res.shape is :torch.Size([138])
2024-12-20 16:43:45,933 - [Process 4/5] - INFO - res.shape is :torch.Size([105])
2024-12-20 16:44:00,507 - [Process 4/5] - INFO - res.shape is :torch.Size([230])
2024-12-20 16:44:05,369 - [Process 4/5] - INFO - res.shape is :torch.Size([27])
2024-12-20 16:44:13,206 - [Process 4/5] - INFO - res.shape is :torch.Size([90])
2024-12-20 16:44:18,633 - [Process 4/5] - INFO - res.shape is :torch.Size([46])
2024-12-20 16:44:24,013 - [Process 4/5] - INFO - res.shape is :torch.Size([45])
2024-12-20 16:44:36,074 - [Process 4/5] - INFO - res.shape is :torch.Size([182])
2024-12-20 16:44:55,352 - [Process 4/5] - INFO - res.shape is :torch.Size([324])
2024-12-20 16:45:02,570 - [Process 4/5] - INFO - res.shape is :torch.Size([78])
2024-12-20 16:45:17,041 - [Process 4/5] - INFO - res.shape is :torch.Size([239])
2024-12-20 16:45:24,261 - [Process 4/5] - INFO - res.shape is :torch.Size([76])
2024-12-20 16:45:29,284 - [Process 4/5] - INFO - res.shape is :torch.Size([29])
2024-12-20 16:45:38,421 - [Process 4/5] - INFO - res.shape is :torch.Size([121])
2024-12-20 16:45:45,189 - [Process 4/5] - INFO - res.shape is :torch.Size([71])
2024-12-20 16:45:53,059 - [Process 4/5] - INFO - res.shape is :torch.Size([96])
2024-12-20 16:45:57,919 - [Process 4/5] - INFO - res.shape is :torch.Size([37])
2024-12-20 16:46:04,368 - [Process 4/5] - INFO - res.shape is :torch.Size([62])
2024-12-20 16:46:09,947 - [Process 4/5] - INFO - res.shape is :torch.Size([49])
2024-12-20 16:46:20,264 - [Process 4/5] - INFO - res.shape is :torch.Size([215])
2024-12-20 16:46:35,291 - [Process 4/5] - INFO - res.shape is :torch.Size([245])
2024-12-20 16:46:40,057 - [Process 4/5] - INFO - res.shape is :torch.Size([48])
2024-12-20 16:46:52,183 - [Process 4/5] - INFO - res.shape is :torch.Size([191])
2024-12-20 16:47:01,619 - [Process 4/5] - INFO - res.shape is :torch.Size([134])
2024-12-20 16:47:06,736 - [Process 4/5] - INFO - res.shape is :torch.Size([33])
