2024-12-20 16:59:24,405 - [Process 1/5] - INFO - loading datasets finished
2024-12-20 16:59:24,406 - [Process 1/5] - INFO - model_max_len: 3950
2024-12-20 16:59:24,406 - [Process 1/5] - INFO - output_max_len: 64
2024-12-20 16:59:24,437 - [Process 1/5] - INFO - Max Length is 10337
2024-12-20 16:59:24,438 - [Process 1/5] - INFO - Finish loading dataset
2024-12-20 16:59:24,438 - [Process 1/5] - INFO - get_predicted begin
2024-12-20 16:59:35,142 - [Process 1/5] - INFO - res.shape is :torch.Size([33])
2024-12-20 16:59:39,586 - [Process 1/5] - INFO - res.shape is :torch.Size([12])
2024-12-20 16:59:44,728 - [Process 1/5] - INFO - res.shape is :torch.Size([28])
2024-12-20 16:59:50,348 - [Process 1/5] - INFO - res.shape is :torch.Size([38])
2024-12-20 16:59:55,774 - [Process 1/5] - INFO - res.shape is :torch.Size([34])
2024-12-20 17:00:01,070 - [Process 1/5] - INFO - res.shape is :torch.Size([32])
2024-12-20 17:00:03,281 - [Process 1/5] - INFO - res.shape is :torch.Size([5])
2024-12-20 17:00:09,629 - [Process 1/5] - INFO - res.shape is :torch.Size([56])
2024-12-20 17:00:13,838 - [Process 1/5] - INFO - res.shape is :torch.Size([6])
2024-12-20 17:00:18,098 - [Process 1/5] - INFO - res.shape is :torch.Size([7])
2024-12-20 17:00:22,395 - [Process 1/5] - INFO - res.shape is :torch.Size([8])
2024-12-20 17:00:24,714 - [Process 1/5] - INFO - res.shape is :torch.Size([7])
2024-12-20 17:00:31,621 - [Process 1/5] - INFO - res.shape is :torch.Size([66])
2024-12-20 17:00:38,471 - [Process 1/5] - INFO - res.shape is :torch.Size([66])
2024-12-20 17:00:42,866 - [Process 1/5] - INFO - res.shape is :torch.Size([9])
2024-12-20 17:00:49,509 - [Process 1/5] - INFO - res.shape is :torch.Size([63])
2024-12-20 17:00:54,019 - [Process 1/5] - INFO - res.shape is :torch.Size([12])
2024-12-20 17:00:58,287 - [Process 1/5] - INFO - res.shape is :torch.Size([6])
2024-12-20 17:01:02,238 - [Process 1/5] - INFO - res.shape is :torch.Size([14])
2024-12-20 17:01:06,451 - [Process 1/5] - INFO - res.shape is :torch.Size([6])
2024-12-20 17:01:10,137 - [Process 1/5] - INFO - res.shape is :torch.Size([13])
2024-12-20 17:01:16,944 - [Process 1/5] - INFO - res.shape is :torch.Size([66])
2024-12-20 17:01:22,994 - [Process 1/5] - INFO - res.shape is :torch.Size([47])
2024-12-20 17:01:27,440 - [Process 1/5] - INFO - res.shape is :torch.Size([10])
2024-12-20 17:01:31,350 - [Process 1/5] - INFO - res.shape is :torch.Size([9])
2024-12-20 17:01:34,958 - [Process 1/5] - INFO - res.shape is :torch.Size([13])
2024-12-20 17:01:39,585 - [Process 1/5] - INFO - res.shape is :torch.Size([15])
2024-12-20 17:01:42,945 - [Process 1/5] - INFO - res.shape is :torch.Size([5])
2024-12-20 17:01:45,255 - [Process 1/5] - INFO - res.shape is :torch.Size([29])
2024-12-20 17:01:49,705 - [Process 1/5] - INFO - res.shape is :torch.Size([11])
