2024-12-20 17:06:19,106 - [Process 3/5] - INFO - loading datasets finished
2024-12-20 17:06:19,107 - [Process 3/5] - INFO - model_max_len: 3950
2024-12-20 17:06:19,107 - [Process 3/5] - INFO - output_max_len: 64
2024-12-20 17:06:19,140 - [Process 3/5] - INFO - Max Length is 10337
2024-12-20 17:06:19,140 - [Process 3/5] - INFO - Finish loading dataset
2024-12-20 17:06:19,140 - [Process 3/5] - INFO - get_predicted begin
2024-12-20 17:06:30,383 - [Process 3/5] - INFO - res.shape is :torch.Size([46])
2024-12-20 17:06:34,741 - [Process 3/5] - INFO - res.shape is :torch.Size([8])
2024-12-20 17:06:40,415 - [Process 3/5] - INFO - res.shape is :torch.Size([40])
2024-12-20 17:06:44,739 - [Process 3/5] - INFO - res.shape is :torch.Size([20])
2024-12-20 17:06:51,556 - [Process 3/5] - INFO - res.shape is :torch.Size([66])
2024-12-20 17:06:57,323 - [Process 3/5] - INFO - res.shape is :torch.Size([41])
2024-12-20 17:07:01,641 - [Process 3/5] - INFO - res.shape is :torch.Size([8])
2024-12-20 17:07:06,402 - [Process 3/5] - INFO - res.shape is :torch.Size([17])
2024-12-20 17:07:10,589 - [Process 3/5] - INFO - res.shape is :torch.Size([5])
2024-12-20 17:07:15,044 - [Process 3/5] - INFO - res.shape is :torch.Size([9])
2024-12-20 17:07:20,805 - [Process 3/5] - INFO - res.shape is :torch.Size([41])
2024-12-20 17:07:25,673 - [Process 3/5] - INFO - res.shape is :torch.Size([20])
2024-12-20 17:07:30,463 - [Process 3/5] - INFO - res.shape is :torch.Size([17])
2024-12-20 17:07:35,069 - [Process 3/5] - INFO - res.shape is :torch.Size([14])
2024-12-20 17:07:41,294 - [Process 3/5] - INFO - res.shape is :torch.Size([51])
2024-12-20 17:07:45,919 - [Process 3/5] - INFO - res.shape is :torch.Size([14])
2024-12-20 17:07:50,168 - [Process 3/5] - INFO - res.shape is :torch.Size([5])
2024-12-20 17:07:56,936 - [Process 3/5] - INFO - res.shape is :torch.Size([66])
2024-12-20 17:08:01,222 - [Process 3/5] - INFO - res.shape is :torch.Size([6])
2024-12-20 17:08:08,056 - [Process 3/5] - INFO - res.shape is :torch.Size([66])
2024-12-20 17:08:12,519 - [Process 3/5] - INFO - res.shape is :torch.Size([10])
2024-12-20 17:08:15,977 - [Process 3/5] - INFO - res.shape is :torch.Size([7])
2024-12-20 17:08:20,234 - [Process 3/5] - INFO - res.shape is :torch.Size([5])
2024-12-20 17:08:24,681 - [Process 3/5] - INFO - res.shape is :torch.Size([10])
2024-12-20 17:08:29,341 - [Process 3/5] - INFO - res.shape is :torch.Size([14])
2024-12-20 17:08:36,166 - [Process 3/5] - INFO - res.shape is :torch.Size([66])
2024-12-20 17:08:40,536 - [Process 3/5] - INFO - res.shape is :torch.Size([7])
2024-12-20 17:08:45,723 - [Process 3/5] - INFO - res.shape is :torch.Size([27])
2024-12-20 17:08:50,021 - [Process 3/5] - INFO - res.shape is :torch.Size([6])
2024-12-20 17:08:55,691 - [Process 3/5] - INFO - res.shape is :torch.Size([44])
