2024-12-20 19:09:01,144 - [Process 3/5] - INFO - loading datasets finished
2024-12-20 19:09:01,145 - [Process 3/5] - INFO - model_max_len: 3950
2024-12-20 19:09:01,145 - [Process 3/5] - INFO - output_max_len: 32
2024-12-20 19:09:01,245 - [Process 3/5] - INFO - Max Length is 22099
2024-12-20 19:09:01,245 - [Process 3/5] - INFO - Finish loading dataset
2024-12-20 19:09:01,246 - [Process 3/5] - INFO - get_predicted begin
2024-12-20 19:09:06,000 - [Process 3/5] - INFO - len(per_windows_prompt):2
2024-12-20 19:09:11,013 - [Process 3/5] - INFO - res.shape is :torch.Size([16])
2024-12-20 19:09:11,339 - [Process 3/5] - INFO - len(per_windows_prompt):2
2024-12-20 19:09:16,157 - [Process 3/5] - INFO - res.shape is :torch.Size([32])
2024-12-20 19:09:16,500 - [Process 3/5] - INFO - len(per_windows_prompt):2
2024-12-20 19:09:20,225 - [Process 3/5] - INFO - res.shape is :torch.Size([5])
2024-12-20 19:09:20,529 - [Process 3/5] - INFO - len(per_windows_prompt):2
2024-12-20 19:09:24,488 - [Process 3/5] - INFO - res.shape is :torch.Size([12])
2024-12-20 19:09:24,751 - [Process 3/5] - INFO - len(per_windows_prompt):2
2024-12-20 19:09:28,897 - [Process 3/5] - INFO - res.shape is :torch.Size([15])
2024-12-20 19:09:29,110 - [Process 3/5] - INFO - len(per_windows_prompt):2
2024-12-20 19:09:33,843 - [Process 3/5] - INFO - res.shape is :torch.Size([29])
2024-12-20 19:09:34,221 - [Process 3/5] - INFO - len(per_windows_prompt):2
2024-12-20 19:09:38,768 - [Process 3/5] - INFO - res.shape is :torch.Size([23])
2024-12-20 19:09:38,989 - [Process 3/5] - INFO - len(per_windows_prompt):2
2024-12-20 19:09:44,013 - [Process 3/5] - INFO - res.shape is :torch.Size([34])
2024-12-20 19:09:44,278 - [Process 3/5] - INFO - len(per_windows_prompt):2
2024-12-20 19:09:49,191 - [Process 3/5] - INFO - res.shape is :torch.Size([34])
2024-12-20 19:09:49,471 - [Process 3/5] - INFO - len(per_windows_prompt):2
2024-12-20 19:09:54,012 - [Process 3/5] - INFO - res.shape is :torch.Size([24])
2024-12-20 19:09:54,286 - [Process 3/5] - INFO - len(per_windows_prompt):2
2024-12-20 19:09:58,465 - [Process 3/5] - INFO - res.shape is :torch.Size([17])
2024-12-20 19:09:58,740 - [Process 3/5] - INFO - len(per_windows_prompt):2
2024-12-20 19:10:03,684 - [Process 3/5] - INFO - res.shape is :torch.Size([34])
2024-12-20 19:10:03,905 - [Process 3/5] - INFO - len(per_windows_prompt):2
2024-12-20 19:10:08,764 - [Process 3/5] - INFO - res.shape is :torch.Size([31])
2024-12-20 19:10:09,065 - [Process 3/5] - INFO - len(per_windows_prompt):2
2024-12-20 19:10:13,164 - [Process 3/5] - INFO - res.shape is :torch.Size([15])
2024-12-20 19:10:13,444 - [Process 3/5] - INFO - len(per_windows_prompt):2
2024-12-20 19:10:18,334 - [Process 3/5] - INFO - res.shape is :torch.Size([32])
2024-12-20 19:10:18,671 - [Process 3/5] - INFO - len(per_windows_prompt):2
2024-12-20 19:10:23,559 - [Process 3/5] - INFO - res.shape is :torch.Size([34])
2024-12-20 19:10:23,863 - [Process 3/5] - INFO - len(per_windows_prompt):2
2024-12-20 19:10:28,863 - [Process 3/5] - INFO - res.shape is :torch.Size([34])
2024-12-20 19:10:29,083 - [Process 3/5] - INFO - len(per_windows_prompt):2
2024-12-20 19:10:34,079 - [Process 3/5] - INFO - res.shape is :torch.Size([34])
2024-12-20 19:10:34,309 - [Process 3/5] - INFO - len(per_windows_prompt):2
2024-12-20 19:10:38,608 - [Process 3/5] - INFO - res.shape is :torch.Size([18])
2024-12-20 19:10:38,908 - [Process 3/5] - INFO - len(per_windows_prompt):2
2024-12-20 19:10:43,889 - [Process 3/5] - INFO - res.shape is :torch.Size([34])
2024-12-20 19:10:44,175 - [Process 3/5] - INFO - len(per_windows_prompt):2
2024-12-20 19:10:49,101 - [Process 3/5] - INFO - res.shape is :torch.Size([34])
2024-12-20 19:10:49,403 - [Process 3/5] - INFO - len(per_windows_prompt):2
2024-12-20 19:10:54,461 - [Process 3/5] - INFO - res.shape is :torch.Size([34])
2024-12-20 19:10:54,728 - [Process 3/5] - INFO - len(per_windows_prompt):2
2024-12-20 19:10:59,752 - [Process 3/5] - INFO - res.shape is :torch.Size([34])
2024-12-20 19:11:00,065 - [Process 3/5] - INFO - len(per_windows_prompt):2
2024-12-20 19:11:04,540 - [Process 3/5] - INFO - res.shape is :torch.Size([22])
2024-12-20 19:11:04,832 - [Process 3/5] - INFO - len(per_windows_prompt):2
2024-12-20 19:11:09,716 - [Process 3/5] - INFO - res.shape is :torch.Size([34])
2024-12-20 19:11:09,975 - [Process 3/5] - INFO - len(per_windows_prompt):2
2024-12-20 19:11:13,716 - [Process 3/5] - INFO - res.shape is :torch.Size([5])
2024-12-20 19:11:14,040 - [Process 3/5] - INFO - len(per_windows_prompt):2
2024-12-20 19:11:18,381 - [Process 3/5] - INFO - res.shape is :torch.Size([20])
2024-12-20 19:11:18,690 - [Process 3/5] - INFO - len(per_windows_prompt):2
2024-12-20 19:11:22,955 - [Process 3/5] - INFO - res.shape is :torch.Size([17])
2024-12-20 19:11:23,169 - [Process 3/5] - INFO - len(per_windows_prompt):2
2024-12-20 19:11:28,048 - [Process 3/5] - INFO - res.shape is :torch.Size([34])
2024-12-20 19:11:28,304 - [Process 3/5] - INFO - len(per_windows_prompt):2
2024-12-20 19:11:31,965 - [Process 3/5] - INFO - res.shape is :torch.Size([5])
2024-12-20 19:11:32,174 - [Process 3/5] - INFO - len(per_windows_prompt):2
2024-12-20 19:11:36,549 - [Process 3/5] - INFO - res.shape is :torch.Size([22])
2024-12-20 19:11:36,876 - [Process 3/5] - INFO - len(per_windows_prompt):2
2024-12-20 19:11:41,767 - [Process 3/5] - INFO - res.shape is :torch.Size([34])
2024-12-20 19:11:41,975 - [Process 3/5] - INFO - len(per_windows_prompt):2
2024-12-20 19:11:46,058 - [Process 3/5] - INFO - res.shape is :torch.Size([14])
2024-12-20 19:11:46,333 - [Process 3/5] - INFO - len(per_windows_prompt):2
2024-12-20 19:11:50,320 - [Process 3/5] - INFO - res.shape is :torch.Size([11])
2024-12-20 19:11:50,658 - [Process 3/5] - INFO - len(per_windows_prompt):2
2024-12-20 19:11:55,583 - [Process 3/5] - INFO - res.shape is :torch.Size([34])
2024-12-20 19:11:55,884 - [Process 3/5] - INFO - len(per_windows_prompt):2
2024-12-20 19:12:00,917 - [Process 3/5] - INFO - res.shape is :torch.Size([34])
2024-12-20 19:12:01,183 - [Process 3/5] - INFO - len(per_windows_prompt):2
2024-12-20 19:12:05,393 - [Process 3/5] - INFO - res.shape is :torch.Size([16])
2024-12-20 19:12:05,627 - [Process 3/5] - INFO - len(per_windows_prompt):2
2024-12-20 19:12:09,855 - [Process 3/5] - INFO - res.shape is :torch.Size([16])
2024-12-20 19:12:10,129 - [Process 3/5] - INFO - len(per_windows_prompt):2
2024-12-20 19:12:14,686 - [Process 3/5] - INFO - res.shape is :torch.Size([24])
2024-12-20 19:12:14,964 - [Process 3/5] - INFO - len(per_windows_prompt):2
2024-12-20 19:12:19,936 - [Process 3/5] - INFO - res.shape is :torch.Size([34])
