2024-12-20 22:31:20,795 - [Process 2/5] - INFO - loading datasets finished
2024-12-20 22:31:20,796 - [Process 2/5] - INFO - model_max_len: 3950
2024-12-20 22:31:20,796 - [Process 2/5] - INFO - output_max_len: 64
2024-12-20 22:31:20,823 - [Process 2/5] - INFO - Max Length is 10337
2024-12-20 22:31:20,823 - [Process 2/5] - INFO - Finish loading dataset
2024-12-20 22:31:20,824 - [Process 2/5] - INFO - get_predicted begin
2024-12-20 22:31:25,674 - [Process 2/5] - INFO - len(per_windows_prompt):2
2024-12-20 22:31:30,951 - [Process 2/5] - INFO - res.shape is :torch.Size([19])
2024-12-20 22:31:31,200 - [Process 2/5] - INFO - len(per_windows_prompt):2
2024-12-20 22:31:35,481 - [Process 2/5] - INFO - res.shape is :torch.Size([15])
2024-12-20 22:31:35,627 - [Process 2/5] - INFO - len(per_windows_prompt):2
2024-12-20 22:31:38,827 - [Process 2/5] - INFO - res.shape is :torch.Size([6])
2024-12-20 22:31:38,999 - [Process 2/5] - INFO - len(per_windows_prompt):2
2024-12-20 22:31:42,409 - [Process 2/5] - INFO - res.shape is :torch.Size([3])
2024-12-20 22:31:42,500 - [Process 2/5] - INFO - len(per_windows_prompt):2
2024-12-20 22:31:44,615 - [Process 2/5] - INFO - res.shape is :torch.Size([8])
2024-12-20 22:31:44,848 - [Process 2/5] - INFO - len(per_windows_prompt):2
2024-12-20 22:31:48,702 - [Process 2/5] - INFO - res.shape is :torch.Size([5])
2024-12-20 22:31:48,957 - [Process 2/5] - INFO - len(per_windows_prompt):2
2024-12-20 22:31:52,778 - [Process 2/5] - INFO - res.shape is :torch.Size([6])
2024-12-20 22:31:52,983 - [Process 2/5] - INFO - len(per_windows_prompt):2
2024-12-20 22:31:57,860 - [Process 2/5] - INFO - res.shape is :torch.Size([29])
2024-12-20 22:31:58,046 - [Process 2/5] - INFO - len(per_windows_prompt):2
2024-12-20 22:32:02,080 - [Process 2/5] - INFO - res.shape is :torch.Size([9])
2024-12-20 22:32:02,263 - [Process 2/5] - INFO - len(per_windows_prompt):2
2024-12-20 22:32:06,343 - [Process 2/5] - INFO - res.shape is :torch.Size([12])
2024-12-20 22:32:06,446 - [Process 2/5] - INFO - len(per_windows_prompt):2
2024-12-20 22:32:08,871 - [Process 2/5] - INFO - res.shape is :torch.Size([7])
2024-12-20 22:32:08,950 - [Process 2/5] - INFO - len(per_windows_prompt):2
2024-12-20 22:32:10,814 - [Process 2/5] - INFO - res.shape is :torch.Size([4])
2024-12-20 22:32:11,019 - [Process 2/5] - INFO - len(per_windows_prompt):2
2024-12-20 22:32:16,584 - [Process 2/5] - INFO - res.shape is :torch.Size([42])
2024-12-20 22:32:16,807 - [Process 2/5] - INFO - len(per_windows_prompt):2
2024-12-20 22:32:22,032 - [Process 2/5] - INFO - res.shape is :torch.Size([36])
2024-12-20 22:32:22,269 - [Process 2/5] - INFO - len(per_windows_prompt):2
2024-12-20 22:32:26,653 - [Process 2/5] - INFO - res.shape is :torch.Size([16])
2024-12-20 22:32:26,916 - [Process 2/5] - INFO - len(per_windows_prompt):2
2024-12-20 22:32:30,938 - [Process 2/5] - INFO - res.shape is :torch.Size([6])
2024-12-20 22:32:31,110 - [Process 2/5] - INFO - len(per_windows_prompt):2
2024-12-20 22:32:34,570 - [Process 2/5] - INFO - res.shape is :torch.Size([7])
2024-12-20 22:32:34,773 - [Process 2/5] - INFO - len(per_windows_prompt):2
2024-12-20 22:32:39,041 - [Process 2/5] - INFO - res.shape is :torch.Size([14])
2024-12-20 22:32:39,230 - [Process 2/5] - INFO - len(per_windows_prompt):2
2024-12-20 22:32:45,335 - [Process 2/5] - INFO - res.shape is :torch.Size([55])
2024-12-20 22:32:45,567 - [Process 2/5] - INFO - len(per_windows_prompt):2
2024-12-20 22:32:49,373 - [Process 2/5] - INFO - res.shape is :torch.Size([3])
2024-12-20 22:32:49,583 - [Process 2/5] - INFO - len(per_windows_prompt):2
2024-12-20 22:32:53,697 - [Process 2/5] - INFO - res.shape is :torch.Size([12])
2024-12-20 22:32:53,905 - [Process 2/5] - INFO - len(per_windows_prompt):2
2024-12-20 22:32:58,389 - [Process 2/5] - INFO - res.shape is :torch.Size([19])
2024-12-20 22:32:58,568 - [Process 2/5] - INFO - len(per_windows_prompt):2
2024-12-20 22:33:03,101 - [Process 2/5] - INFO - res.shape is :torch.Size([18])
2024-12-20 22:33:03,182 - [Process 2/5] - INFO - len(per_windows_prompt):2
2024-12-20 22:33:05,101 - [Process 2/5] - INFO - res.shape is :torch.Size([4])
2024-12-20 22:33:05,290 - [Process 2/5] - INFO - len(per_windows_prompt):2
2024-12-20 22:33:09,779 - [Process 2/5] - INFO - res.shape is :torch.Size([19])
2024-12-20 22:33:10,030 - [Process 2/5] - INFO - len(per_windows_prompt):2
2024-12-20 22:33:14,811 - [Process 2/5] - INFO - res.shape is :torch.Size([27])
2024-12-20 22:33:14,901 - [Process 2/5] - INFO - len(per_windows_prompt):2
2024-12-20 22:33:17,091 - [Process 2/5] - INFO - res.shape is :torch.Size([11])
2024-12-20 22:33:17,222 - [Process 2/5] - INFO - len(per_windows_prompt):2
2024-12-20 22:33:20,175 - [Process 2/5] - INFO - res.shape is :torch.Size([5])
2024-12-20 22:33:20,364 - [Process 2/5] - INFO - len(per_windows_prompt):2
2024-12-20 22:33:24,442 - [Process 2/5] - INFO - res.shape is :torch.Size([7])
2024-12-20 22:33:24,636 - [Process 2/5] - INFO - len(per_windows_prompt):2
2024-12-20 22:33:28,534 - [Process 2/5] - INFO - res.shape is :torch.Size([3])
