2024-12-20 17:06:19,095 - [Process 4/5] - INFO - loading datasets finished
2024-12-20 17:06:19,095 - [Process 4/5] - INFO - model_max_len: 3950
2024-12-20 17:06:19,096 - [Process 4/5] - INFO - output_max_len: 64
2024-12-20 17:06:19,128 - [Process 4/5] - INFO - Max Length is 10337
2024-12-20 17:06:19,128 - [Process 4/5] - INFO - Finish loading dataset
2024-12-20 17:06:19,129 - [Process 4/5] - INFO - get_predicted begin
2024-12-20 17:06:28,199 - [Process 4/5] - INFO - res.shape is :torch.Size([13])
2024-12-20 17:06:34,272 - [Process 4/5] - INFO - res.shape is :torch.Size([51])
2024-12-20 17:06:38,432 - [Process 4/5] - INFO - res.shape is :torch.Size([13])
2024-12-20 17:06:42,604 - [Process 4/5] - INFO - res.shape is :torch.Size([6])
2024-12-20 17:06:47,820 - [Process 4/5] - INFO - res.shape is :torch.Size([30])
2024-12-20 17:06:52,284 - [Process 4/5] - INFO - res.shape is :torch.Size([12])
2024-12-20 17:06:57,570 - [Process 4/5] - INFO - res.shape is :torch.Size([30])
2024-12-20 17:07:01,794 - [Process 4/5] - INFO - res.shape is :torch.Size([6])
2024-12-20 17:07:05,916 - [Process 4/5] - INFO - res.shape is :torch.Size([4])
2024-12-20 17:07:11,789 - [Process 4/5] - INFO - res.shape is :torch.Size([44])
2024-12-20 17:07:15,697 - [Process 4/5] - INFO - res.shape is :torch.Size([6])
2024-12-20 17:07:19,666 - [Process 4/5] - INFO - res.shape is :torch.Size([7])
2024-12-20 17:07:26,058 - [Process 4/5] - INFO - res.shape is :torch.Size([56])
2024-12-20 17:07:31,829 - [Process 4/5] - INFO - res.shape is :torch.Size([41])
2024-12-20 17:07:36,177 - [Process 4/5] - INFO - res.shape is :torch.Size([8])
2024-12-20 17:07:40,726 - [Process 4/5] - INFO - res.shape is :torch.Size([12])
2024-12-20 17:07:44,960 - [Process 4/5] - INFO - res.shape is :torch.Size([5])
2024-12-20 17:07:49,268 - [Process 4/5] - INFO - res.shape is :torch.Size([7])
2024-12-20 17:07:53,519 - [Process 4/5] - INFO - res.shape is :torch.Size([6])
2024-12-20 17:07:58,705 - [Process 4/5] - INFO - res.shape is :torch.Size([28])
2024-12-20 17:08:03,033 - [Process 4/5] - INFO - res.shape is :torch.Size([8])
2024-12-20 17:08:06,942 - [Process 4/5] - INFO - res.shape is :torch.Size([9])
2024-12-20 17:08:11,931 - [Process 4/5] - INFO - res.shape is :torch.Size([22])
2024-12-20 17:08:16,433 - [Process 4/5] - INFO - res.shape is :torch.Size([19])
2024-12-20 17:08:19,841 - [Process 4/5] - INFO - res.shape is :torch.Size([57])
2024-12-20 17:08:26,685 - [Process 4/5] - INFO - res.shape is :torch.Size([66])
2024-12-20 17:08:29,892 - [Process 4/5] - INFO - res.shape is :torch.Size([6])
2024-12-20 17:08:34,101 - [Process 4/5] - INFO - res.shape is :torch.Size([4])
2024-12-20 17:08:39,579 - [Process 4/5] - INFO - res.shape is :torch.Size([35])
2024-12-20 17:08:44,848 - [Process 4/5] - INFO - res.shape is :torch.Size([29])
