2024-12-20 19:14:28,432 - [Process 3/5] - INFO - loading datasets finished
2024-12-20 19:14:28,432 - [Process 3/5] - INFO - model_max_len: 3950
2024-12-20 19:14:28,433 - [Process 3/5] - INFO - output_max_len: 32
2024-12-20 19:14:28,527 - [Process 3/5] - INFO - Max Length is 11516
2024-12-20 19:14:28,528 - [Process 3/5] - INFO - Finish loading dataset
2024-12-20 19:14:28,528 - [Process 3/5] - INFO - get_predicted begin
2024-12-20 19:14:33,290 - [Process 3/5] - INFO - len(per_windows_prompt):2
2024-12-20 19:14:37,978 - [Process 3/5] - INFO - res.shape is :torch.Size([9])
2024-12-20 19:14:38,273 - [Process 3/5] - INFO - len(per_windows_prompt):2
2024-12-20 19:14:42,207 - [Process 3/5] - INFO - res.shape is :torch.Size([8])
2024-12-20 19:14:42,459 - [Process 3/5] - INFO - len(per_windows_prompt):2
2024-12-20 19:14:46,337 - [Process 3/5] - INFO - res.shape is :torch.Size([9])
2024-12-20 19:14:46,590 - [Process 3/5] - INFO - len(per_windows_prompt):2
2024-12-20 19:14:50,804 - [Process 3/5] - INFO - res.shape is :torch.Size([17])
2024-12-20 19:14:51,042 - [Process 3/5] - INFO - len(per_windows_prompt):2
2024-12-20 19:14:55,154 - [Process 3/5] - INFO - res.shape is :torch.Size([15])
2024-12-20 19:14:55,389 - [Process 3/5] - INFO - len(per_windows_prompt):2
2024-12-20 19:15:00,267 - [Process 3/5] - INFO - res.shape is :torch.Size([34])
2024-12-20 19:15:00,518 - [Process 3/5] - INFO - len(per_windows_prompt):2
2024-12-20 19:15:04,274 - [Process 3/5] - INFO - res.shape is :torch.Size([8])
2024-12-20 19:15:04,508 - [Process 3/5] - INFO - len(per_windows_prompt):2
2024-12-20 19:15:09,402 - [Process 3/5] - INFO - res.shape is :torch.Size([34])
2024-12-20 19:15:09,665 - [Process 3/5] - INFO - len(per_windows_prompt):2
2024-12-20 19:15:13,863 - [Process 3/5] - INFO - res.shape is :torch.Size([16])
2024-12-20 19:15:14,105 - [Process 3/5] - INFO - len(per_windows_prompt):2
2024-12-20 19:15:18,803 - [Process 3/5] - INFO - res.shape is :torch.Size([28])
2024-12-20 19:15:19,045 - [Process 3/5] - INFO - len(per_windows_prompt):2
2024-12-20 19:15:24,006 - [Process 3/5] - INFO - res.shape is :torch.Size([34])
2024-12-20 19:15:24,255 - [Process 3/5] - INFO - len(per_windows_prompt):2
2024-12-20 19:15:28,532 - [Process 3/5] - INFO - res.shape is :torch.Size([19])
2024-12-20 19:15:28,780 - [Process 3/5] - INFO - len(per_windows_prompt):2
2024-12-20 19:15:32,695 - [Process 3/5] - INFO - res.shape is :torch.Size([9])
2024-12-20 19:15:32,940 - [Process 3/5] - INFO - len(per_windows_prompt):2
2024-12-20 19:15:36,773 - [Process 3/5] - INFO - res.shape is :torch.Size([9])
2024-12-20 19:15:37,021 - [Process 3/5] - INFO - len(per_windows_prompt):2
2024-12-20 19:15:40,823 - [Process 3/5] - INFO - res.shape is :torch.Size([8])
2024-12-20 19:15:41,075 - [Process 3/5] - INFO - len(per_windows_prompt):2
2024-12-20 19:15:45,326 - [Process 3/5] - INFO - res.shape is :torch.Size([19])
2024-12-20 19:15:45,583 - [Process 3/5] - INFO - len(per_windows_prompt):2
2024-12-20 19:15:50,445 - [Process 3/5] - INFO - res.shape is :torch.Size([34])
2024-12-20 19:15:50,695 - [Process 3/5] - INFO - len(per_windows_prompt):2
2024-12-20 19:15:54,560 - [Process 3/5] - INFO - res.shape is :torch.Size([9])
2024-12-20 19:15:54,805 - [Process 3/5] - INFO - len(per_windows_prompt):2
2024-12-20 19:15:58,664 - [Process 3/5] - INFO - res.shape is :torch.Size([8])
2024-12-20 19:15:58,925 - [Process 3/5] - INFO - len(per_windows_prompt):2
2024-12-20 19:16:02,861 - [Process 3/5] - INFO - res.shape is :torch.Size([10])
2024-12-20 19:16:03,147 - [Process 3/5] - INFO - len(per_windows_prompt):2
2024-12-20 19:16:07,031 - [Process 3/5] - INFO - res.shape is :torch.Size([8])
2024-12-20 19:16:07,274 - [Process 3/5] - INFO - len(per_windows_prompt):2
2024-12-20 19:16:11,197 - [Process 3/5] - INFO - res.shape is :torch.Size([9])
2024-12-20 19:16:11,455 - [Process 3/5] - INFO - len(per_windows_prompt):2
2024-12-20 19:16:16,354 - [Process 3/5] - INFO - res.shape is :torch.Size([34])
2024-12-20 19:16:16,598 - [Process 3/5] - INFO - len(per_windows_prompt):2
2024-12-20 19:16:20,523 - [Process 3/5] - INFO - res.shape is :torch.Size([9])
2024-12-20 19:16:20,792 - [Process 3/5] - INFO - len(per_windows_prompt):2
2024-12-20 19:16:25,012 - [Process 3/5] - INFO - res.shape is :torch.Size([16])
2024-12-20 19:16:25,260 - [Process 3/5] - INFO - len(per_windows_prompt):2
2024-12-20 19:16:29,045 - [Process 3/5] - INFO - res.shape is :torch.Size([8])
2024-12-20 19:16:29,292 - [Process 3/5] - INFO - len(per_windows_prompt):2
2024-12-20 19:16:33,163 - [Process 3/5] - INFO - res.shape is :torch.Size([9])
2024-12-20 19:16:33,409 - [Process 3/5] - INFO - len(per_windows_prompt):2
2024-12-20 19:16:37,202 - [Process 3/5] - INFO - res.shape is :torch.Size([8])
2024-12-20 19:16:37,459 - [Process 3/5] - INFO - len(per_windows_prompt):2
2024-12-20 19:16:41,388 - [Process 3/5] - INFO - res.shape is :torch.Size([9])
2024-12-20 19:16:41,632 - [Process 3/5] - INFO - len(per_windows_prompt):2
2024-12-20 19:16:46,602 - [Process 3/5] - INFO - res.shape is :torch.Size([34])
2024-12-20 19:16:46,844 - [Process 3/5] - INFO - len(per_windows_prompt):2
2024-12-20 19:16:50,771 - [Process 3/5] - INFO - res.shape is :torch.Size([9])
2024-12-20 19:16:51,030 - [Process 3/5] - INFO - len(per_windows_prompt):2
2024-12-20 19:16:55,935 - [Process 3/5] - INFO - res.shape is :torch.Size([34])
2024-12-20 19:16:56,167 - [Process 3/5] - INFO - len(per_windows_prompt):2
2024-12-20 19:17:00,093 - [Process 3/5] - INFO - res.shape is :torch.Size([9])
2024-12-20 19:17:00,344 - [Process 3/5] - INFO - len(per_windows_prompt):2
2024-12-20 19:17:05,266 - [Process 3/5] - INFO - res.shape is :torch.Size([34])
2024-12-20 19:17:05,524 - [Process 3/5] - INFO - len(per_windows_prompt):2
2024-12-20 19:17:10,283 - [Process 3/5] - INFO - res.shape is :torch.Size([29])
2024-12-20 19:17:10,517 - [Process 3/5] - INFO - len(per_windows_prompt):2
2024-12-20 19:17:14,733 - [Process 3/5] - INFO - res.shape is :torch.Size([16])
2024-12-20 19:17:14,993 - [Process 3/5] - INFO - len(per_windows_prompt):2
2024-12-20 19:17:19,141 - [Process 3/5] - INFO - res.shape is :torch.Size([16])
2024-12-20 19:17:19,394 - [Process 3/5] - INFO - len(per_windows_prompt):2
2024-12-20 19:17:23,368 - [Process 3/5] - INFO - res.shape is :torch.Size([10])
2024-12-20 19:17:23,638 - [Process 3/5] - INFO - len(per_windows_prompt):2
2024-12-20 19:17:28,542 - [Process 3/5] - INFO - res.shape is :torch.Size([34])
2024-12-20 19:17:28,801 - [Process 3/5] - INFO - len(per_windows_prompt):2
2024-12-20 19:17:33,710 - [Process 3/5] - INFO - res.shape is :torch.Size([34])
