2024-12-20 19:03:43,027 - [Process 2/5] - INFO - loading datasets finished
2024-12-20 19:03:43,028 - [Process 2/5] - INFO - model_max_len: 3950
2024-12-20 19:03:43,028 - [Process 2/5] - INFO - output_max_len: 32
2024-12-20 19:03:43,119 - [Process 2/5] - INFO - Max Length is 16633
2024-12-20 19:03:43,120 - [Process 2/5] - INFO - Finish loading dataset
2024-12-20 19:03:43,120 - [Process 2/5] - INFO - get_predicted begin
2024-12-20 19:03:47,876 - [Process 2/5] - INFO - len(per_windows_prompt):2
2024-12-20 19:03:53,145 - [Process 2/5] - INFO - res.shape is :torch.Size([23])
2024-12-20 19:03:53,427 - [Process 2/5] - INFO - len(per_windows_prompt):2
2024-12-20 19:03:58,464 - [Process 2/5] - INFO - res.shape is :torch.Size([34])
2024-12-20 19:03:58,730 - [Process 2/5] - INFO - len(per_windows_prompt):2
2024-12-20 19:04:03,533 - [Process 2/5] - INFO - res.shape is :torch.Size([34])
2024-12-20 19:04:03,711 - [Process 2/5] - INFO - len(per_windows_prompt):2
2024-12-20 19:04:08,615 - [Process 2/5] - INFO - res.shape is :torch.Size([34])
2024-12-20 19:04:08,798 - [Process 2/5] - INFO - len(per_windows_prompt):2
2024-12-20 19:04:13,683 - [Process 2/5] - INFO - res.shape is :torch.Size([34])
2024-12-20 19:04:13,979 - [Process 2/5] - INFO - len(per_windows_prompt):2
2024-12-20 19:04:18,892 - [Process 2/5] - INFO - res.shape is :torch.Size([34])
2024-12-20 19:04:19,080 - [Process 2/5] - INFO - len(per_windows_prompt):2
2024-12-20 19:04:23,963 - [Process 2/5] - INFO - res.shape is :torch.Size([31])
2024-12-20 19:04:24,175 - [Process 2/5] - INFO - len(per_windows_prompt):2
2024-12-20 19:04:28,578 - [Process 2/5] - INFO - res.shape is :torch.Size([23])
2024-12-20 19:04:28,821 - [Process 2/5] - INFO - len(per_windows_prompt):2
2024-12-20 19:04:33,656 - [Process 2/5] - INFO - res.shape is :torch.Size([34])
2024-12-20 19:04:33,907 - [Process 2/5] - INFO - len(per_windows_prompt):2
2024-12-20 19:04:38,752 - [Process 2/5] - INFO - res.shape is :torch.Size([34])
2024-12-20 19:04:38,935 - [Process 2/5] - INFO - len(per_windows_prompt):2
2024-12-20 19:04:43,779 - [Process 2/5] - INFO - res.shape is :torch.Size([34])
2024-12-20 19:04:44,007 - [Process 2/5] - INFO - len(per_windows_prompt):2
2024-12-20 19:04:48,134 - [Process 2/5] - INFO - res.shape is :torch.Size([15])
2024-12-20 19:04:48,416 - [Process 2/5] - INFO - len(per_windows_prompt):2
2024-12-20 19:04:53,455 - [Process 2/5] - INFO - res.shape is :torch.Size([34])
2024-12-20 19:04:53,678 - [Process 2/5] - INFO - len(per_windows_prompt):2
2024-12-20 19:04:58,632 - [Process 2/5] - INFO - res.shape is :torch.Size([34])
2024-12-20 19:04:58,904 - [Process 2/5] - INFO - len(per_windows_prompt):2
2024-12-20 19:05:03,791 - [Process 2/5] - INFO - res.shape is :torch.Size([34])
2024-12-20 19:05:04,095 - [Process 2/5] - INFO - len(per_windows_prompt):2
2024-12-20 19:05:08,209 - [Process 2/5] - INFO - res.shape is :torch.Size([12])
2024-12-20 19:05:08,499 - [Process 2/5] - INFO - len(per_windows_prompt):2
2024-12-20 19:05:12,896 - [Process 2/5] - INFO - res.shape is :torch.Size([21])
2024-12-20 19:05:13,109 - [Process 2/5] - INFO - len(per_windows_prompt):2
2024-12-20 19:05:16,901 - [Process 2/5] - INFO - res.shape is :torch.Size([7])
2024-12-20 19:05:17,190 - [Process 2/5] - INFO - len(per_windows_prompt):2
2024-12-20 19:05:22,135 - [Process 2/5] - INFO - res.shape is :torch.Size([34])
2024-12-20 19:05:22,400 - [Process 2/5] - INFO - len(per_windows_prompt):2
2024-12-20 19:05:26,082 - [Process 2/5] - INFO - res.shape is :torch.Size([6])
2024-12-20 19:05:26,396 - [Process 2/5] - INFO - len(per_windows_prompt):2
2024-12-20 19:05:30,797 - [Process 2/5] - INFO - res.shape is :torch.Size([21])
2024-12-20 19:05:31,094 - [Process 2/5] - INFO - len(per_windows_prompt):2
2024-12-20 19:05:35,987 - [Process 2/5] - INFO - res.shape is :torch.Size([34])
2024-12-20 19:05:36,284 - [Process 2/5] - INFO - len(per_windows_prompt):2
2024-12-20 19:05:40,587 - [Process 2/5] - INFO - res.shape is :torch.Size([21])
2024-12-20 19:05:40,878 - [Process 2/5] - INFO - len(per_windows_prompt):2
2024-12-20 19:05:45,825 - [Process 2/5] - INFO - res.shape is :torch.Size([34])
2024-12-20 19:05:46,164 - [Process 2/5] - INFO - len(per_windows_prompt):2
2024-12-20 19:05:51,039 - [Process 2/5] - INFO - res.shape is :torch.Size([34])
2024-12-20 19:05:51,343 - [Process 2/5] - INFO - len(per_windows_prompt):2
2024-12-20 19:05:55,178 - [Process 2/5] - INFO - res.shape is :torch.Size([10])
2024-12-20 19:05:55,509 - [Process 2/5] - INFO - len(per_windows_prompt):2
2024-12-20 19:06:00,387 - [Process 2/5] - INFO - res.shape is :torch.Size([34])
2024-12-20 19:06:00,625 - [Process 2/5] - INFO - len(per_windows_prompt):2
2024-12-20 19:06:04,953 - [Process 2/5] - INFO - res.shape is :torch.Size([21])
2024-12-20 19:06:05,162 - [Process 2/5] - INFO - len(per_windows_prompt):2
2024-12-20 19:06:10,104 - [Process 2/5] - INFO - res.shape is :torch.Size([34])
2024-12-20 19:06:10,392 - [Process 2/5] - INFO - len(per_windows_prompt):2
2024-12-20 19:06:15,304 - [Process 2/5] - INFO - res.shape is :torch.Size([34])
2024-12-20 19:06:15,569 - [Process 2/5] - INFO - len(per_windows_prompt):2
2024-12-20 19:06:19,325 - [Process 2/5] - INFO - res.shape is :torch.Size([8])
2024-12-20 19:06:19,500 - [Process 2/5] - INFO - len(per_windows_prompt):2
2024-12-20 19:06:24,449 - [Process 2/5] - INFO - res.shape is :torch.Size([34])
2024-12-20 19:06:24,754 - [Process 2/5] - INFO - len(per_windows_prompt):2
2024-12-20 19:06:29,610 - [Process 2/5] - INFO - res.shape is :torch.Size([34])
2024-12-20 19:06:29,805 - [Process 2/5] - INFO - len(per_windows_prompt):2
2024-12-20 19:06:34,759 - [Process 2/5] - INFO - res.shape is :torch.Size([34])
2024-12-20 19:06:35,004 - [Process 2/5] - INFO - len(per_windows_prompt):2
2024-12-20 19:06:39,954 - [Process 2/5] - INFO - res.shape is :torch.Size([34])
2024-12-20 19:06:40,214 - [Process 2/5] - INFO - len(per_windows_prompt):2
2024-12-20 19:06:45,182 - [Process 2/5] - INFO - res.shape is :torch.Size([34])
2024-12-20 19:06:45,486 - [Process 2/5] - INFO - len(per_windows_prompt):2
2024-12-20 19:06:50,462 - [Process 2/5] - INFO - res.shape is :torch.Size([34])
2024-12-20 19:06:50,771 - [Process 2/5] - INFO - len(per_windows_prompt):2
2024-12-20 19:06:55,666 - [Process 2/5] - INFO - res.shape is :torch.Size([34])
2024-12-20 19:06:55,853 - [Process 2/5] - INFO - len(per_windows_prompt):2
2024-12-20 19:07:00,793 - [Process 2/5] - INFO - res.shape is :torch.Size([34])
2024-12-20 19:07:00,901 - [Process 2/5] - INFO - len(per_windows_prompt):2
2024-12-20 19:07:03,809 - [Process 2/5] - INFO - res.shape is :torch.Size([22])
