2024-12-20 18:25:15,583 - [Process 0/5] - INFO - loading datasets finished
2024-12-20 18:25:15,583 - [Process 0/5] - INFO - model_max_len: 3950
2024-12-20 18:25:15,583 - [Process 0/5] - INFO - output_max_len: 128
2024-12-20 18:25:15,664 - [Process 0/5] - INFO - Max Length is 36418
2024-12-20 18:25:15,665 - [Process 0/5] - INFO - Finish loading dataset
2024-12-20 18:25:15,665 - [Process 0/5] - INFO - get_predicted begin
2024-12-20 18:25:20,397 - [Process 0/5] - INFO - len(per_windows_prompt):2
2024-12-20 18:25:24,881 - [Process 0/5] - INFO - res.shape is :torch.Size([13])
2024-12-20 18:25:25,141 - [Process 0/5] - INFO - len(per_windows_prompt):2
2024-12-20 18:25:28,788 - [Process 0/5] - INFO - res.shape is :torch.Size([5])
2024-12-20 18:25:28,916 - [Process 0/5] - INFO - len(per_windows_prompt):2
2024-12-20 18:25:33,142 - [Process 0/5] - INFO - res.shape is :torch.Size([20])
2024-12-20 18:25:33,272 - [Process 0/5] - INFO - len(per_windows_prompt):2
2024-12-20 18:25:37,431 - [Process 0/5] - INFO - res.shape is :torch.Size([18])
2024-12-20 18:25:37,703 - [Process 0/5] - INFO - len(per_windows_prompt):2
2024-12-20 18:25:41,815 - [Process 0/5] - INFO - res.shape is :torch.Size([17])
2024-12-20 18:25:41,970 - [Process 0/5] - INFO - len(per_windows_prompt):2
2024-12-20 18:25:45,973 - [Process 0/5] - INFO - res.shape is :torch.Size([14])
2024-12-20 18:25:46,197 - [Process 0/5] - INFO - len(per_windows_prompt):2
2024-12-20 18:25:50,032 - [Process 0/5] - INFO - res.shape is :torch.Size([11])
2024-12-20 18:25:50,331 - [Process 0/5] - INFO - len(per_windows_prompt):2
2024-12-20 18:25:53,939 - [Process 0/5] - INFO - res.shape is :torch.Size([6])
2024-12-20 18:25:54,186 - [Process 0/5] - INFO - len(per_windows_prompt):2
2024-12-20 18:25:57,722 - [Process 0/5] - INFO - res.shape is :torch.Size([4])
2024-12-20 18:25:57,851 - [Process 0/5] - INFO - len(per_windows_prompt):2
2024-12-20 18:26:01,863 - [Process 0/5] - INFO - res.shape is :torch.Size([14])
2024-12-20 18:26:02,149 - [Process 0/5] - INFO - len(per_windows_prompt):2
2024-12-20 18:26:06,209 - [Process 0/5] - INFO - res.shape is :torch.Size([15])
2024-12-20 18:26:06,373 - [Process 0/5] - INFO - len(per_windows_prompt):2
2024-12-20 18:26:09,903 - [Process 0/5] - INFO - res.shape is :torch.Size([4])
2024-12-20 18:26:10,043 - [Process 0/5] - INFO - len(per_windows_prompt):2
2024-12-20 18:26:14,342 - [Process 0/5] - INFO - res.shape is :torch.Size([21])
2024-12-20 18:26:14,487 - [Process 0/5] - INFO - len(per_windows_prompt):2
2024-12-20 18:26:18,760 - [Process 0/5] - INFO - res.shape is :torch.Size([20])
2024-12-20 18:26:18,906 - [Process 0/5] - INFO - len(per_windows_prompt):2
2024-12-20 18:26:22,663 - [Process 0/5] - INFO - res.shape is :torch.Size([7])
2024-12-20 18:26:22,960 - [Process 0/5] - INFO - len(per_windows_prompt):2
2024-12-20 18:26:26,908 - [Process 0/5] - INFO - res.shape is :torch.Size([14])
2024-12-20 18:26:27,096 - [Process 0/5] - INFO - len(per_windows_prompt):2
2024-12-20 18:26:31,368 - [Process 0/5] - INFO - res.shape is :torch.Size([22])
2024-12-20 18:26:31,653 - [Process 0/5] - INFO - len(per_windows_prompt):2
2024-12-20 18:26:35,729 - [Process 0/5] - INFO - res.shape is :torch.Size([15])
2024-12-20 18:26:35,961 - [Process 0/5] - INFO - len(per_windows_prompt):2
2024-12-20 18:26:44,512 - [Process 0/5] - INFO - res.shape is :torch.Size([130])
2024-12-20 18:26:44,646 - [Process 0/5] - INFO - len(per_windows_prompt):2
2024-12-20 18:26:52,826 - [Process 0/5] - INFO - res.shape is :torch.Size([118])
2024-12-20 18:26:52,984 - [Process 0/5] - INFO - len(per_windows_prompt):2
2024-12-20 18:26:57,574 - [Process 0/5] - INFO - res.shape is :torch.Size([28])
2024-12-20 18:26:57,865 - [Process 0/5] - INFO - len(per_windows_prompt):2
2024-12-20 18:27:01,819 - [Process 0/5] - INFO - res.shape is :torch.Size([12])
2024-12-20 18:27:02,172 - [Process 0/5] - INFO - len(per_windows_prompt):2
2024-12-20 18:27:05,970 - [Process 0/5] - INFO - res.shape is :torch.Size([8])
2024-12-20 18:27:06,101 - [Process 0/5] - INFO - len(per_windows_prompt):2
2024-12-20 18:27:10,574 - [Process 0/5] - INFO - res.shape is :torch.Size([25])
2024-12-20 18:27:10,823 - [Process 0/5] - INFO - len(per_windows_prompt):2
2024-12-20 18:27:14,901 - [Process 0/5] - INFO - res.shape is :torch.Size([17])
2024-12-20 18:27:15,129 - [Process 0/5] - INFO - len(per_windows_prompt):2
2024-12-20 18:27:24,339 - [Process 0/5] - INFO - res.shape is :torch.Size([130])
2024-12-20 18:27:24,577 - [Process 0/5] - INFO - len(per_windows_prompt):2
2024-12-20 18:27:29,536 - [Process 0/5] - INFO - res.shape is :torch.Size([35])
2024-12-20 18:27:30,147 - [Process 0/5] - INFO - len(per_windows_prompt):2
2024-12-20 18:27:39,342 - [Process 0/5] - INFO - res.shape is :torch.Size([130])
2024-12-20 18:27:39,781 - [Process 0/5] - INFO - len(per_windows_prompt):2
2024-12-20 18:27:43,534 - [Process 0/5] - INFO - res.shape is :torch.Size([8])
2024-12-20 18:27:43,933 - [Process 0/5] - INFO - len(per_windows_prompt):2
2024-12-20 18:27:53,242 - [Process 0/5] - INFO - res.shape is :torch.Size([130])
2024-12-20 18:27:53,527 - [Process 0/5] - INFO - len(per_windows_prompt):2
2024-12-20 18:28:02,629 - [Process 0/5] - INFO - res.shape is :torch.Size([130])
2024-12-20 18:28:03,038 - [Process 0/5] - INFO - len(per_windows_prompt):2
2024-12-20 18:28:12,015 - [Process 0/5] - INFO - res.shape is :torch.Size([130])
2024-12-20 18:28:12,410 - [Process 0/5] - INFO - len(per_windows_prompt):2
2024-12-20 18:28:16,101 - [Process 0/5] - INFO - res.shape is :torch.Size([5])
2024-12-20 18:28:16,511 - [Process 0/5] - INFO - len(per_windows_prompt):2
2024-12-20 18:28:20,211 - [Process 0/5] - INFO - res.shape is :torch.Size([5])
2024-12-20 18:28:20,457 - [Process 0/5] - INFO - len(per_windows_prompt):2
2024-12-20 18:28:24,240 - [Process 0/5] - INFO - res.shape is :torch.Size([7])
2024-12-20 18:28:24,662 - [Process 0/5] - INFO - len(per_windows_prompt):2
2024-12-20 18:28:33,843 - [Process 0/5] - INFO - res.shape is :torch.Size([130])
2024-12-20 18:28:34,414 - [Process 0/5] - INFO - len(per_windows_prompt):2
2024-12-20 18:28:38,389 - [Process 0/5] - INFO - res.shape is :torch.Size([11])
2024-12-20 18:28:38,663 - [Process 0/5] - INFO - len(per_windows_prompt):2
2024-12-20 18:28:42,739 - [Process 0/5] - INFO - res.shape is :torch.Size([14])
2024-12-20 18:28:43,228 - [Process 0/5] - INFO - len(per_windows_prompt):2
2024-12-20 18:28:46,886 - [Process 0/5] - INFO - res.shape is :torch.Size([6])
2024-12-20 18:28:47,296 - [Process 0/5] - INFO - len(per_windows_prompt):2
2024-12-20 18:28:56,587 - [Process 0/5] - INFO - res.shape is :torch.Size([130])
