2024-12-20 19:56:05,651 - [Process 0/1] - INFO - loading datasets finished
2024-12-20 19:56:05,652 - [Process 0/1] - INFO - model_max_len: 3950
2024-12-20 19:56:05,652 - [Process 0/1] - INFO - output_max_len: 32
2024-12-20 19:56:05,694 - [Process 0/1] - INFO - Max Length is 12697
2024-12-20 19:56:05,695 - [Process 0/1] - INFO - Finish loading dataset
2024-12-20 19:56:05,695 - [Process 0/1] - INFO - get_predicted begin
2024-12-20 19:56:05,849 - [Process 0/1] - INFO - len(per_windows_prompt):2
2024-12-20 19:56:10,184 - [Process 0/1] - INFO - res.shape is :torch.Size([8])
2024-12-20 19:56:10,357 - [Process 0/1] - INFO - len(per_windows_prompt):2
2024-12-20 19:56:14,001 - [Process 0/1] - INFO - res.shape is :torch.Size([6])
2024-12-20 19:56:14,176 - [Process 0/1] - INFO - len(per_windows_prompt):2
2024-12-20 19:56:17,778 - [Process 0/1] - INFO - res.shape is :torch.Size([4])
2024-12-20 19:56:17,958 - [Process 0/1] - INFO - len(per_windows_prompt):2
2024-12-20 19:56:21,696 - [Process 0/1] - INFO - res.shape is :torch.Size([6])
2024-12-20 19:56:21,859 - [Process 0/1] - INFO - len(per_windows_prompt):2
2024-12-20 19:56:25,837 - [Process 0/1] - INFO - res.shape is :torch.Size([12])
2024-12-20 19:56:25,997 - [Process 0/1] - INFO - len(per_windows_prompt):2
2024-12-20 19:56:30,304 - [Process 0/1] - INFO - res.shape is :torch.Size([22])
2024-12-20 19:56:30,463 - [Process 0/1] - INFO - len(per_windows_prompt):2
2024-12-20 19:56:34,690 - [Process 0/1] - INFO - res.shape is :torch.Size([18])
2024-12-20 19:56:34,757 - [Process 0/1] - INFO - len(per_windows_prompt):2
2024-12-20 19:56:37,135 - [Process 0/1] - INFO - res.shape is :torch.Size([4])
2024-12-20 19:56:37,283 - [Process 0/1] - INFO - len(per_windows_prompt):2
2024-12-20 19:56:41,157 - [Process 0/1] - INFO - res.shape is :torch.Size([7])
2024-12-20 19:56:41,286 - [Process 0/1] - INFO - len(per_windows_prompt):2
2024-12-20 19:56:44,948 - [Process 0/1] - INFO - res.shape is :torch.Size([6])
2024-12-20 19:56:45,120 - [Process 0/1] - INFO - len(per_windows_prompt):2
2024-12-20 19:56:49,009 - [Process 0/1] - INFO - res.shape is :torch.Size([7])
2024-12-20 19:56:49,180 - [Process 0/1] - INFO - len(per_windows_prompt):2
2024-12-20 19:56:52,851 - [Process 0/1] - INFO - res.shape is :torch.Size([4])
2024-12-20 19:56:53,019 - [Process 0/1] - INFO - len(per_windows_prompt):2
2024-12-20 19:56:56,774 - [Process 0/1] - INFO - res.shape is :torch.Size([6])
2024-12-20 19:56:56,910 - [Process 0/1] - INFO - len(per_windows_prompt):2
2024-12-20 19:57:01,349 - [Process 0/1] - INFO - res.shape is :torch.Size([25])
2024-12-20 19:57:01,519 - [Process 0/1] - INFO - len(per_windows_prompt):2
2024-12-20 19:57:06,413 - [Process 0/1] - INFO - res.shape is :torch.Size([34])
2024-12-20 19:57:06,564 - [Process 0/1] - INFO - len(per_windows_prompt):2
2024-12-20 19:57:11,353 - [Process 0/1] - INFO - res.shape is :torch.Size([34])
2024-12-20 19:57:11,472 - [Process 0/1] - INFO - len(per_windows_prompt):2
2024-12-20 19:57:15,163 - [Process 0/1] - INFO - res.shape is :torch.Size([4])
2024-12-20 19:57:15,346 - [Process 0/1] - INFO - len(per_windows_prompt):2
2024-12-20 19:57:20,210 - [Process 0/1] - INFO - res.shape is :torch.Size([34])
2024-12-20 19:57:20,368 - [Process 0/1] - INFO - len(per_windows_prompt):2
2024-12-20 19:57:24,056 - [Process 0/1] - INFO - res.shape is :torch.Size([6])
2024-12-20 19:57:24,222 - [Process 0/1] - INFO - len(per_windows_prompt):2
2024-12-20 19:57:28,039 - [Process 0/1] - INFO - res.shape is :torch.Size([7])
2024-12-20 19:57:28,183 - [Process 0/1] - INFO - len(per_windows_prompt):2
2024-12-20 19:57:32,041 - [Process 0/1] - INFO - res.shape is :torch.Size([8])
2024-12-20 19:57:32,202 - [Process 0/1] - INFO - len(per_windows_prompt):2
2024-12-20 19:57:36,403 - [Process 0/1] - INFO - res.shape is :torch.Size([19])
2024-12-20 19:57:36,516 - [Process 0/1] - INFO - len(per_windows_prompt):2
2024-12-20 19:57:40,220 - [Process 0/1] - INFO - res.shape is :torch.Size([5])
2024-12-20 19:57:40,366 - [Process 0/1] - INFO - len(per_windows_prompt):2
2024-12-20 19:57:44,223 - [Process 0/1] - INFO - res.shape is :torch.Size([8])
2024-12-20 19:57:44,383 - [Process 0/1] - INFO - len(per_windows_prompt):2
2024-12-20 19:57:48,681 - [Process 0/1] - INFO - res.shape is :torch.Size([19])
2024-12-20 19:57:48,815 - [Process 0/1] - INFO - len(per_windows_prompt):2
2024-12-20 19:57:52,833 - [Process 0/1] - INFO - res.shape is :torch.Size([12])
2024-12-20 19:57:53,005 - [Process 0/1] - INFO - len(per_windows_prompt):2
2024-12-20 19:57:56,868 - [Process 0/1] - INFO - res.shape is :torch.Size([8])
2024-12-20 19:57:57,001 - [Process 0/1] - INFO - len(per_windows_prompt):2
2024-12-20 19:58:00,691 - [Process 0/1] - INFO - res.shape is :torch.Size([6])
2024-12-20 19:58:00,793 - [Process 0/1] - INFO - len(per_windows_prompt):2
2024-12-20 19:58:04,827 - [Process 0/1] - INFO - res.shape is :torch.Size([10])
2024-12-20 19:58:04,997 - [Process 0/1] - INFO - len(per_windows_prompt):2
2024-12-20 19:58:08,728 - [Process 0/1] - INFO - res.shape is :torch.Size([7])
2024-12-20 19:58:08,905 - [Process 0/1] - INFO - len(per_windows_prompt):2
2024-12-20 19:58:12,749 - [Process 0/1] - INFO - res.shape is :torch.Size([10])
2024-12-20 19:58:12,913 - [Process 0/1] - INFO - len(per_windows_prompt):2
2024-12-20 19:58:16,681 - [Process 0/1] - INFO - res.shape is :torch.Size([8])
2024-12-20 19:58:16,837 - [Process 0/1] - INFO - len(per_windows_prompt):2
2024-12-20 19:58:21,522 - [Process 0/1] - INFO - res.shape is :torch.Size([31])
2024-12-20 19:58:21,689 - [Process 0/1] - INFO - len(per_windows_prompt):2
2024-12-20 19:58:25,508 - [Process 0/1] - INFO - res.shape is :torch.Size([7])
2024-12-20 19:58:25,660 - [Process 0/1] - INFO - len(per_windows_prompt):2
2024-12-20 19:58:29,482 - [Process 0/1] - INFO - res.shape is :torch.Size([5])
2024-12-20 19:58:29,651 - [Process 0/1] - INFO - len(per_windows_prompt):2
2024-12-20 19:58:33,412 - [Process 0/1] - INFO - res.shape is :torch.Size([8])
2024-12-20 19:58:33,579 - [Process 0/1] - INFO - len(per_windows_prompt):2
2024-12-20 19:58:38,161 - [Process 0/1] - INFO - res.shape is :torch.Size([26])
2024-12-20 19:58:38,317 - [Process 0/1] - INFO - len(per_windows_prompt):2
2024-12-20 19:58:42,107 - [Process 0/1] - INFO - res.shape is :torch.Size([4])
2024-12-20 19:58:42,284 - [Process 0/1] - INFO - len(per_windows_prompt):2
2024-12-20 19:58:46,124 - [Process 0/1] - INFO - res.shape is :torch.Size([10])
2024-12-20 19:58:46,289 - [Process 0/1] - INFO - len(per_windows_prompt):2
2024-12-20 19:58:50,066 - [Process 0/1] - INFO - res.shape is :torch.Size([6])
2024-12-20 19:58:50,237 - [Process 0/1] - INFO - len(per_windows_prompt):2
2024-12-20 19:58:53,959 - [Process 0/1] - INFO - res.shape is :torch.Size([7])
2024-12-20 19:58:54,131 - [Process 0/1] - INFO - len(per_windows_prompt):2
2024-12-20 19:58:58,753 - [Process 0/1] - INFO - res.shape is :torch.Size([27])
2024-12-20 19:58:58,900 - [Process 0/1] - INFO - len(per_windows_prompt):2
2024-12-20 19:59:02,672 - [Process 0/1] - INFO - res.shape is :torch.Size([8])
2024-12-20 19:59:02,842 - [Process 0/1] - INFO - len(per_windows_prompt):2
