2024-12-20 19:03:43,018 - [Process 4/5] - INFO - loading datasets finished
2024-12-20 19:03:43,018 - [Process 4/5] - INFO - model_max_len: 3950
2024-12-20 19:03:43,018 - [Process 4/5] - INFO - output_max_len: 32
2024-12-20 19:03:43,103 - [Process 4/5] - INFO - Max Length is 16633
2024-12-20 19:03:43,104 - [Process 4/5] - INFO - Finish loading dataset
2024-12-20 19:03:43,104 - [Process 4/5] - INFO - get_predicted begin
2024-12-20 19:03:47,879 - [Process 4/5] - INFO - len(per_windows_prompt):2
2024-12-20 19:03:53,549 - [Process 4/5] - INFO - res.shape is :torch.Size([34])
2024-12-20 19:03:53,818 - [Process 4/5] - INFO - len(per_windows_prompt):2
2024-12-20 19:03:57,788 - [Process 4/5] - INFO - res.shape is :torch.Size([12])
2024-12-20 19:03:58,014 - [Process 4/5] - INFO - len(per_windows_prompt):2
2024-12-20 19:04:02,819 - [Process 4/5] - INFO - res.shape is :torch.Size([29])
2024-12-20 19:04:03,060 - [Process 4/5] - INFO - len(per_windows_prompt):2
2024-12-20 19:04:07,293 - [Process 4/5] - INFO - res.shape is :torch.Size([18])
2024-12-20 19:04:07,402 - [Process 4/5] - INFO - len(per_windows_prompt):2
2024-12-20 19:04:09,960 - [Process 4/5] - INFO - res.shape is :torch.Size([14])
2024-12-20 19:04:10,144 - [Process 4/5] - INFO - len(per_windows_prompt):2
2024-12-20 19:04:14,133 - [Process 4/5] - INFO - res.shape is :torch.Size([12])
2024-12-20 19:04:14,285 - [Process 4/5] - INFO - len(per_windows_prompt):2
2024-12-20 19:04:18,622 - [Process 4/5] - INFO - res.shape is :torch.Size([34])
2024-12-20 19:04:18,923 - [Process 4/5] - INFO - len(per_windows_prompt):2
2024-12-20 19:04:23,853 - [Process 4/5] - INFO - res.shape is :torch.Size([34])
2024-12-20 19:04:24,173 - [Process 4/5] - INFO - len(per_windows_prompt):2
2024-12-20 19:04:28,669 - [Process 4/5] - INFO - res.shape is :torch.Size([24])
2024-12-20 19:04:28,833 - [Process 4/5] - INFO - len(per_windows_prompt):2
2024-12-20 19:04:32,919 - [Process 4/5] - INFO - res.shape is :torch.Size([22])
2024-12-20 19:04:33,174 - [Process 4/5] - INFO - len(per_windows_prompt):2
2024-12-20 19:04:38,213 - [Process 4/5] - INFO - res.shape is :torch.Size([34])
2024-12-20 19:04:38,515 - [Process 4/5] - INFO - len(per_windows_prompt):2
2024-12-20 19:04:43,449 - [Process 4/5] - INFO - res.shape is :torch.Size([34])
2024-12-20 19:04:43,740 - [Process 4/5] - INFO - len(per_windows_prompt):2
2024-12-20 19:04:48,422 - [Process 4/5] - INFO - res.shape is :torch.Size([28])
2024-12-20 19:04:48,664 - [Process 4/5] - INFO - len(per_windows_prompt):2
2024-12-20 19:04:52,297 - [Process 4/5] - INFO - res.shape is :torch.Size([5])
2024-12-20 19:04:52,511 - [Process 4/5] - INFO - len(per_windows_prompt):2
2024-12-20 19:04:57,456 - [Process 4/5] - INFO - res.shape is :torch.Size([34])
2024-12-20 19:04:57,755 - [Process 4/5] - INFO - len(per_windows_prompt):2
2024-12-20 19:05:02,703 - [Process 4/5] - INFO - res.shape is :torch.Size([34])
2024-12-20 19:05:02,945 - [Process 4/5] - INFO - len(per_windows_prompt):2
2024-12-20 19:05:07,844 - [Process 4/5] - INFO - res.shape is :torch.Size([34])
2024-12-20 19:05:08,097 - [Process 4/5] - INFO - len(per_windows_prompt):2
2024-12-20 19:05:13,161 - [Process 4/5] - INFO - res.shape is :torch.Size([34])
2024-12-20 19:05:13,331 - [Process 4/5] - INFO - len(per_windows_prompt):2
2024-12-20 19:05:18,007 - [Process 4/5] - INFO - res.shape is :torch.Size([34])
2024-12-20 19:05:18,267 - [Process 4/5] - INFO - len(per_windows_prompt):2
2024-12-20 19:05:23,264 - [Process 4/5] - INFO - res.shape is :torch.Size([34])
2024-12-20 19:05:23,533 - [Process 4/5] - INFO - len(per_windows_prompt):2
2024-12-20 19:05:28,578 - [Process 4/5] - INFO - res.shape is :torch.Size([34])
2024-12-20 19:05:28,805 - [Process 4/5] - INFO - len(per_windows_prompt):2
2024-12-20 19:05:33,852 - [Process 4/5] - INFO - res.shape is :torch.Size([34])
2024-12-20 19:05:34,065 - [Process 4/5] - INFO - len(per_windows_prompt):2
2024-12-20 19:05:39,130 - [Process 4/5] - INFO - res.shape is :torch.Size([34])
2024-12-20 19:05:39,332 - [Process 4/5] - INFO - len(per_windows_prompt):2
2024-12-20 19:05:43,060 - [Process 4/5] - INFO - res.shape is :torch.Size([7])
2024-12-20 19:05:43,277 - [Process 4/5] - INFO - len(per_windows_prompt):2
2024-12-20 19:05:48,244 - [Process 4/5] - INFO - res.shape is :torch.Size([34])
2024-12-20 19:05:48,490 - [Process 4/5] - INFO - len(per_windows_prompt):2
2024-12-20 19:05:53,360 - [Process 4/5] - INFO - res.shape is :torch.Size([34])
2024-12-20 19:05:53,539 - [Process 4/5] - INFO - len(per_windows_prompt):2
2024-12-20 19:05:58,085 - [Process 4/5] - INFO - res.shape is :torch.Size([24])
2024-12-20 19:05:58,407 - [Process 4/5] - INFO - len(per_windows_prompt):2
2024-12-20 19:06:02,767 - [Process 4/5] - INFO - res.shape is :torch.Size([22])
2024-12-20 19:06:02,969 - [Process 4/5] - INFO - len(per_windows_prompt):2
2024-12-20 19:06:07,933 - [Process 4/5] - INFO - res.shape is :torch.Size([34])
2024-12-20 19:06:08,232 - [Process 4/5] - INFO - len(per_windows_prompt):2
2024-12-20 19:06:13,306 - [Process 4/5] - INFO - res.shape is :torch.Size([34])
2024-12-20 19:06:13,535 - [Process 4/5] - INFO - len(per_windows_prompt):2
2024-12-20 19:06:18,547 - [Process 4/5] - INFO - res.shape is :torch.Size([34])
2024-12-20 19:06:18,784 - [Process 4/5] - INFO - len(per_windows_prompt):2
2024-12-20 19:06:22,954 - [Process 4/5] - INFO - res.shape is :torch.Size([15])
2024-12-20 19:06:23,213 - [Process 4/5] - INFO - len(per_windows_prompt):2
2024-12-20 19:06:28,162 - [Process 4/5] - INFO - res.shape is :torch.Size([34])
2024-12-20 19:06:28,307 - [Process 4/5] - INFO - len(per_windows_prompt):2
2024-12-20 19:06:32,525 - [Process 4/5] - INFO - res.shape is :torch.Size([34])
2024-12-20 19:06:32,800 - [Process 4/5] - INFO - len(per_windows_prompt):2
2024-12-20 19:06:37,744 - [Process 4/5] - INFO - res.shape is :torch.Size([34])
2024-12-20 19:06:37,995 - [Process 4/5] - INFO - len(per_windows_prompt):2
2024-12-20 19:06:42,903 - [Process 4/5] - INFO - res.shape is :torch.Size([34])
2024-12-20 19:06:43,192 - [Process 4/5] - INFO - len(per_windows_prompt):2
2024-12-20 19:06:47,073 - [Process 4/5] - INFO - res.shape is :torch.Size([8])
2024-12-20 19:06:47,298 - [Process 4/5] - INFO - len(per_windows_prompt):2
2024-12-20 19:06:52,268 - [Process 4/5] - INFO - res.shape is :torch.Size([34])
2024-12-20 19:06:52,552 - [Process 4/5] - INFO - len(per_windows_prompt):2
2024-12-20 19:06:57,416 - [Process 4/5] - INFO - res.shape is :torch.Size([34])
2024-12-20 19:06:57,576 - [Process 4/5] - INFO - len(per_windows_prompt):2
2024-12-20 19:07:00,884 - [Process 4/5] - INFO - res.shape is :torch.Size([6])
