2024-12-20 20:08:27,649 - [Process 0/1] - INFO - loading datasets finished
2024-12-20 20:08:27,649 - [Process 0/1] - INFO - model_max_len: 3950
2024-12-20 20:08:27,649 - [Process 0/1] - INFO - output_max_len: 64
2024-12-20 20:08:27,668 - [Process 0/1] - INFO - Max Length is 10337
2024-12-20 20:08:27,668 - [Process 0/1] - INFO - Finish loading dataset
2024-12-20 20:08:27,668 - [Process 0/1] - INFO - get_predicted begin
2024-12-20 20:08:27,720 - [Process 0/1] - INFO - len(per_windows_prompt):2
2024-12-20 20:08:29,937 - [Process 0/1] - INFO - sum_windows_size:1888
2024-12-20 20:08:30,170 - [Process 0/1] - INFO - res.shape is :torch.Size([8])
2024-12-20 20:08:30,312 - [Process 0/1] - INFO - len(per_windows_prompt):2
2024-12-20 20:08:33,940 - [Process 0/1] - INFO - sum_windows_size:3950
2024-12-20 20:08:34,045 - [Process 0/1] - INFO - res.shape is :torch.Size([4])
2024-12-20 20:08:34,169 - [Process 0/1] - INFO - len(per_windows_prompt):2
2024-12-20 20:08:37,716 - [Process 0/1] - INFO - sum_windows_size:3950
2024-12-20 20:08:38,746 - [Process 0/1] - INFO - res.shape is :torch.Size([27])
2024-12-20 20:08:38,899 - [Process 0/1] - INFO - len(per_windows_prompt):2
2024-12-20 20:08:42,448 - [Process 0/1] - INFO - sum_windows_size:3953
2024-12-20 20:08:45,055 - [Process 0/1] - INFO - res.shape is :torch.Size([66])
2024-12-20 20:08:45,185 - [Process 0/1] - INFO - len(per_windows_prompt):2
2024-12-20 20:08:48,661 - [Process 0/1] - INFO - sum_windows_size:3951
2024-12-20 20:08:49,160 - [Process 0/1] - INFO - res.shape is :torch.Size([14])
2024-12-20 20:08:49,291 - [Process 0/1] - INFO - len(per_windows_prompt):2
2024-12-20 20:08:52,854 - [Process 0/1] - INFO - sum_windows_size:3951
2024-12-20 20:08:53,513 - [Process 0/1] - INFO - res.shape is :torch.Size([18])
2024-12-20 20:08:53,645 - [Process 0/1] - INFO - len(per_windows_prompt):2
