2024-12-20 18:31:43,896 - [Process 1/5] - INFO - loading datasets finished
2024-12-20 18:31:43,896 - [Process 1/5] - INFO - model_max_len: 3950
2024-12-20 18:31:43,896 - [Process 1/5] - INFO - output_max_len: 128
2024-12-20 18:31:43,933 - [Process 1/5] - INFO - Max Length is 14660
2024-12-20 18:31:43,933 - [Process 1/5] - INFO - Finish loading dataset
2024-12-20 18:31:43,934 - [Process 1/5] - INFO - get_predicted begin
2024-12-20 18:31:48,769 - [Process 1/5] - INFO - len(per_windows_prompt):2
2024-12-20 18:31:53,213 - [Process 1/5] - INFO - res.shape is :torch.Size([4])
2024-12-20 18:31:53,435 - [Process 1/5] - INFO - len(per_windows_prompt):2
2024-12-20 18:31:57,112 - [Process 1/5] - INFO - res.shape is :torch.Size([4])
2024-12-20 18:31:57,259 - [Process 1/5] - INFO - len(per_windows_prompt):2
2024-12-20 18:32:02,337 - [Process 1/5] - INFO - res.shape is :torch.Size([63])
2024-12-20 18:32:02,529 - [Process 1/5] - INFO - len(per_windows_prompt):2
2024-12-20 18:32:06,415 - [Process 1/5] - INFO - res.shape is :torch.Size([9])
2024-12-20 18:32:06,623 - [Process 1/5] - INFO - len(per_windows_prompt):2
2024-12-20 18:32:10,887 - [Process 1/5] - INFO - res.shape is :torch.Size([18])
2024-12-20 18:32:11,077 - [Process 1/5] - INFO - len(per_windows_prompt):2
2024-12-20 18:32:14,798 - [Process 1/5] - INFO - res.shape is :torch.Size([5])
2024-12-20 18:32:14,928 - [Process 1/5] - INFO - len(per_windows_prompt):2
2024-12-20 18:32:18,323 - [Process 1/5] - INFO - res.shape is :torch.Size([22])
2024-12-20 18:32:18,530 - [Process 1/5] - INFO - len(per_windows_prompt):2
2024-12-20 18:32:23,039 - [Process 1/5] - INFO - res.shape is :torch.Size([22])
2024-12-20 18:32:23,234 - [Process 1/5] - INFO - len(per_windows_prompt):2
2024-12-20 18:32:26,978 - [Process 1/5] - INFO - res.shape is :torch.Size([8])
2024-12-20 18:32:27,192 - [Process 1/5] - INFO - len(per_windows_prompt):2
2024-12-20 18:32:36,275 - [Process 1/5] - INFO - res.shape is :torch.Size([130])
2024-12-20 18:32:36,461 - [Process 1/5] - INFO - len(per_windows_prompt):2
2024-12-20 18:32:40,125 - [Process 1/5] - INFO - res.shape is :torch.Size([5])
2024-12-20 18:32:40,341 - [Process 1/5] - INFO - len(per_windows_prompt):2
2024-12-20 18:32:49,386 - [Process 1/5] - INFO - res.shape is :torch.Size([130])
2024-12-20 18:32:49,575 - [Process 1/5] - INFO - len(per_windows_prompt):2
2024-12-20 18:32:53,265 - [Process 1/5] - INFO - res.shape is :torch.Size([4])
2024-12-20 18:32:53,373 - [Process 1/5] - INFO - len(per_windows_prompt):2
2024-12-20 18:33:00,434 - [Process 1/5] - INFO - res.shape is :torch.Size([121])
2024-12-20 18:33:00,773 - [Process 1/5] - INFO - len(per_windows_prompt):2
2024-12-20 18:33:05,644 - [Process 1/5] - INFO - res.shape is :torch.Size([34])
2024-12-20 18:33:05,840 - [Process 1/5] - INFO - len(per_windows_prompt):2
2024-12-20 18:33:10,542 - [Process 1/5] - INFO - res.shape is :torch.Size([26])
2024-12-20 18:33:10,753 - [Process 1/5] - INFO - len(per_windows_prompt):2
2024-12-20 18:33:16,273 - [Process 1/5] - INFO - res.shape is :torch.Size([47])
2024-12-20 18:33:16,614 - [Process 1/5] - INFO - len(per_windows_prompt):2
2024-12-20 18:33:21,005 - [Process 1/5] - INFO - res.shape is :torch.Size([19])
2024-12-20 18:33:21,229 - [Process 1/5] - INFO - len(per_windows_prompt):2
2024-12-20 18:33:25,505 - [Process 1/5] - INFO - res.shape is :torch.Size([19])
2024-12-20 18:33:25,678 - [Process 1/5] - INFO - len(per_windows_prompt):2
2024-12-20 18:33:29,021 - [Process 1/5] - INFO - res.shape is :torch.Size([4])
2024-12-20 18:33:29,205 - [Process 1/5] - INFO - len(per_windows_prompt):2
2024-12-20 18:33:37,133 - [Process 1/5] - INFO - res.shape is :torch.Size([105])
2024-12-20 18:33:37,336 - [Process 1/5] - INFO - len(per_windows_prompt):2
2024-12-20 18:33:42,035 - [Process 1/5] - INFO - res.shape is :torch.Size([29])
2024-12-20 18:33:42,204 - [Process 1/5] - INFO - len(per_windows_prompt):2
2024-12-20 18:33:45,703 - [Process 1/5] - INFO - res.shape is :torch.Size([4])
2024-12-20 18:33:45,914 - [Process 1/5] - INFO - len(per_windows_prompt):2
2024-12-20 18:33:49,521 - [Process 1/5] - INFO - res.shape is :torch.Size([4])
2024-12-20 18:33:49,708 - [Process 1/5] - INFO - len(per_windows_prompt):2
2024-12-20 18:33:53,626 - [Process 1/5] - INFO - res.shape is :torch.Size([9])
2024-12-20 18:33:53,758 - [Process 1/5] - INFO - len(per_windows_prompt):2
2024-12-20 18:33:57,910 - [Process 1/5] - INFO - res.shape is :torch.Size([33])
2024-12-20 18:33:58,122 - [Process 1/5] - INFO - len(per_windows_prompt):2
2024-12-20 18:34:01,925 - [Process 1/5] - INFO - res.shape is :torch.Size([6])
2024-12-20 18:34:02,160 - [Process 1/5] - INFO - len(per_windows_prompt):2
2024-12-20 18:34:07,091 - [Process 1/5] - INFO - res.shape is :torch.Size([33])
2024-12-20 18:34:07,272 - [Process 1/5] - INFO - len(per_windows_prompt):2
2024-12-20 18:34:11,040 - [Process 1/5] - INFO - res.shape is :torch.Size([5])
2024-12-20 18:34:11,213 - [Process 1/5] - INFO - len(per_windows_prompt):2
2024-12-20 18:34:16,431 - [Process 1/5] - INFO - res.shape is :torch.Size([52])
2024-12-20 18:34:16,632 - [Process 1/5] - INFO - len(per_windows_prompt):2
2024-12-20 18:34:20,245 - [Process 1/5] - INFO - res.shape is :torch.Size([4])
2024-12-20 18:34:20,389 - [Process 1/5] - INFO - len(per_windows_prompt):2
2024-12-20 18:34:25,078 - [Process 1/5] - INFO - res.shape is :torch.Size([51])
2024-12-20 18:34:25,286 - [Process 1/5] - INFO - len(per_windows_prompt):2
2024-12-20 18:34:28,940 - [Process 1/5] - INFO - res.shape is :torch.Size([5])
2024-12-20 18:34:29,169 - [Process 1/5] - INFO - len(per_windows_prompt):2
2024-12-20 18:34:33,527 - [Process 1/5] - INFO - res.shape is :torch.Size([18])
2024-12-20 18:34:33,743 - [Process 1/5] - INFO - len(per_windows_prompt):2
2024-12-20 18:34:37,712 - [Process 1/5] - INFO - res.shape is :torch.Size([10])
2024-12-20 18:34:37,873 - [Process 1/5] - INFO - len(per_windows_prompt):2
2024-12-20 18:34:41,092 - [Process 1/5] - INFO - res.shape is :torch.Size([4])
2024-12-20 18:34:41,293 - [Process 1/5] - INFO - len(per_windows_prompt):2
2024-12-20 18:34:46,764 - [Process 1/5] - INFO - res.shape is :torch.Size([45])
2024-12-20 18:34:46,962 - [Process 1/5] - INFO - len(per_windows_prompt):2
2024-12-20 18:34:56,068 - [Process 1/5] - INFO - res.shape is :torch.Size([130])
2024-12-20 18:34:56,199 - [Process 1/5] - INFO - len(per_windows_prompt):2
2024-12-20 18:34:58,565 - [Process 1/5] - INFO - res.shape is :torch.Size([8])
2024-12-20 18:34:58,748 - [Process 1/5] - INFO - len(per_windows_prompt):2
2024-12-20 18:35:03,926 - [Process 1/5] - INFO - res.shape is :torch.Size([41])
