2024-12-20 18:01:07,750 - [Process 0/1] - INFO - loading datasets finished
2024-12-20 18:01:07,750 - [Process 0/1] - INFO - model_max_len: 3950
2024-12-20 18:01:07,750 - [Process 0/1] - INFO - output_max_len: 64
2024-12-20 18:01:07,766 - [Process 0/1] - INFO - Max Length is 10337
2024-12-20 18:01:07,766 - [Process 0/1] - INFO - Finish loading dataset
2024-12-20 18:01:07,766 - [Process 0/1] - INFO - get_predicted begin
2024-12-20 18:01:07,819 - [Process 0/1] - INFO - len(per_windows_prompt):2
2024-12-20 18:01:10,019 - [Process 0/1] - INFO - tokenized_inputs_attention_mask.shape is :torch.Size([1, 2])
2024-12-20 18:01:10,019 - [Process 0/1] - INFO - cache['past_attention_mask'].shape is :torch.Size([1, 1888])
2024-12-20 18:01:10,251 - [Process 0/1] - INFO - res.shape is :torch.Size([8])
2024-12-20 18:01:10,393 - [Process 0/1] - INFO - len(per_windows_prompt):3
2024-12-20 18:01:17,801 - [Process 0/1] - INFO - tokenized_inputs_attention_mask.shape is :torch.Size([1, 2])
2024-12-20 18:01:17,802 - [Process 0/1] - INFO - cache['past_attention_mask'].shape is :torch.Size([1, 7897])
2024-12-20 18:01:17,978 - [Process 0/1] - INFO - res.shape is :torch.Size([5])
2024-12-20 18:01:18,104 - [Process 0/1] - INFO - len(per_windows_prompt):2
2024-12-20 18:01:21,660 - [Process 0/1] - INFO - tokenized_inputs_attention_mask.shape is :torch.Size([1, 2])
2024-12-20 18:01:21,661 - [Process 0/1] - INFO - cache['past_attention_mask'].shape is :torch.Size([1, 3950])
2024-12-20 18:01:22,664 - [Process 0/1] - INFO - res.shape is :torch.Size([27])
2024-12-20 18:01:22,816 - [Process 0/1] - INFO - len(per_windows_prompt):3
2024-12-20 18:01:30,187 - [Process 0/1] - INFO - tokenized_inputs_attention_mask.shape is :torch.Size([1, 2])
2024-12-20 18:01:30,187 - [Process 0/1] - INFO - cache['past_attention_mask'].shape is :torch.Size([1, 7901])
2024-12-20 18:01:30,810 - [Process 0/1] - INFO - res.shape is :torch.Size([14])
2024-12-20 18:01:30,937 - [Process 0/1] - INFO - len(per_windows_prompt):2
2024-12-20 18:01:34,413 - [Process 0/1] - INFO - tokenized_inputs_attention_mask.shape is :torch.Size([1, 2])
2024-12-20 18:01:34,413 - [Process 0/1] - INFO - cache['past_attention_mask'].shape is :torch.Size([1, 3951])
2024-12-20 18:01:34,904 - [Process 0/1] - INFO - res.shape is :torch.Size([14])
2024-12-20 18:01:35,035 - [Process 0/1] - INFO - len(per_windows_prompt):3
2024-12-20 18:01:42,423 - [Process 0/1] - INFO - tokenized_inputs_attention_mask.shape is :torch.Size([1, 2])
2024-12-20 18:01:42,423 - [Process 0/1] - INFO - cache['past_attention_mask'].shape is :torch.Size([1, 7899])
2024-12-20 18:01:44,671 - [Process 0/1] - INFO - res.shape is :torch.Size([46])
2024-12-20 18:01:44,806 - [Process 0/1] - INFO - len(per_windows_prompt):2
2024-12-20 18:01:48,483 - [Process 0/1] - INFO - tokenized_inputs_attention_mask.shape is :torch.Size([1, 2])
2024-12-20 18:01:48,483 - [Process 0/1] - INFO - cache['past_attention_mask'].shape is :torch.Size([1, 3951])
2024-12-20 18:01:50,603 - [Process 0/1] - INFO - res.shape is :torch.Size([55])
2024-12-20 18:01:50,699 - [Process 0/1] - INFO - len(per_windows_prompt):2
2024-12-20 18:01:53,929 - [Process 0/1] - INFO - tokenized_inputs_attention_mask.shape is :torch.Size([1, 2])
2024-12-20 18:01:53,929 - [Process 0/1] - INFO - cache['past_attention_mask'].shape is :torch.Size([1, 3580])
2024-12-20 18:01:54,407 - [Process 0/1] - INFO - res.shape is :torch.Size([14])
2024-12-20 18:01:54,467 - [Process 0/1] - INFO - len(per_windows_prompt):2
2024-12-20 18:01:56,569 - [Process 0/1] - INFO - tokenized_inputs_attention_mask.shape is :torch.Size([1, 2])
2024-12-20 18:01:56,569 - [Process 0/1] - INFO - cache['past_attention_mask'].shape is :torch.Size([1, 2300])
2024-12-20 18:01:56,828 - [Process 0/1] - INFO - res.shape is :torch.Size([9])
2024-12-20 18:01:56,975 - [Process 0/1] - INFO - len(per_windows_prompt):2
2024-12-20 18:02:00,432 - [Process 0/1] - INFO - tokenized_inputs_attention_mask.shape is :torch.Size([1, 2])
2024-12-20 18:02:00,432 - [Process 0/1] - INFO - cache['past_attention_mask'].shape is :torch.Size([1, 3951])
2024-12-20 18:02:00,804 - [Process 0/1] - INFO - res.shape is :torch.Size([11])
2024-12-20 18:02:00,932 - [Process 0/1] - INFO - len(per_windows_prompt):3
