2024-12-20 22:31:20,770 - [Process 4/5] - INFO - loading datasets finished
2024-12-20 22:31:20,770 - [Process 4/5] - INFO - model_max_len: 3950
2024-12-20 22:31:20,770 - [Process 4/5] - INFO - output_max_len: 64
2024-12-20 22:31:20,787 - [Process 4/5] - INFO - Max Length is 10337
2024-12-20 22:31:20,788 - [Process 4/5] - INFO - Finish loading dataset
2024-12-20 22:31:20,788 - [Process 4/5] - INFO - get_predicted begin
2024-12-20 22:31:25,574 - [Process 4/5] - INFO - len(per_windows_prompt):2
2024-12-20 22:31:29,553 - [Process 4/5] - INFO - res.shape is :torch.Size([13])
2024-12-20 22:31:29,678 - [Process 4/5] - INFO - len(per_windows_prompt):2
2024-12-20 22:31:33,800 - [Process 4/5] - INFO - res.shape is :torch.Size([15])
2024-12-20 22:31:33,897 - [Process 4/5] - INFO - len(per_windows_prompt):2
2024-12-20 22:31:37,410 - [Process 4/5] - INFO - res.shape is :torch.Size([7])
2024-12-20 22:31:37,518 - [Process 4/5] - INFO - len(per_windows_prompt):2
2024-12-20 22:31:41,445 - [Process 4/5] - INFO - res.shape is :torch.Size([6])
2024-12-20 22:31:41,571 - [Process 4/5] - INFO - len(per_windows_prompt):2
2024-12-20 22:31:45,387 - [Process 4/5] - INFO - res.shape is :torch.Size([5])
2024-12-20 22:31:45,517 - [Process 4/5] - INFO - len(per_windows_prompt):2
2024-12-20 22:31:49,550 - [Process 4/5] - INFO - res.shape is :torch.Size([8])
2024-12-20 22:31:49,667 - [Process 4/5] - INFO - len(per_windows_prompt):2
2024-12-20 22:31:53,652 - [Process 4/5] - INFO - res.shape is :torch.Size([9])
2024-12-20 22:31:53,780 - [Process 4/5] - INFO - len(per_windows_prompt):2
2024-12-20 22:31:57,764 - [Process 4/5] - INFO - res.shape is :torch.Size([9])
2024-12-20 22:31:57,877 - [Process 4/5] - INFO - len(per_windows_prompt):2
2024-12-20 22:32:01,702 - [Process 4/5] - INFO - res.shape is :torch.Size([5])
2024-12-20 22:32:01,839 - [Process 4/5] - INFO - len(per_windows_prompt):2
2024-12-20 22:32:06,749 - [Process 4/5] - INFO - res.shape is :torch.Size([29])
2024-12-20 22:32:06,846 - [Process 4/5] - INFO - len(per_windows_prompt):2
2024-12-20 22:32:10,278 - [Process 4/5] - INFO - res.shape is :torch.Size([4])
2024-12-20 22:32:10,375 - [Process 4/5] - INFO - len(per_windows_prompt):2
2024-12-20 22:32:13,886 - [Process 4/5] - INFO - res.shape is :torch.Size([6])
2024-12-20 22:32:13,994 - [Process 4/5] - INFO - len(per_windows_prompt):2
2024-12-20 22:32:20,125 - [Process 4/5] - INFO - res.shape is :torch.Size([64])
2024-12-20 22:32:20,267 - [Process 4/5] - INFO - len(per_windows_prompt):2
2024-12-20 22:32:26,138 - [Process 4/5] - INFO - res.shape is :torch.Size([57])
2024-12-20 22:32:26,276 - [Process 4/5] - INFO - len(per_windows_prompt):2
2024-12-20 22:32:30,274 - [Process 4/5] - INFO - res.shape is :torch.Size([6])
2024-12-20 22:32:30,411 - [Process 4/5] - INFO - len(per_windows_prompt):2
2024-12-20 22:32:35,400 - [Process 4/5] - INFO - res.shape is :torch.Size([33])
2024-12-20 22:32:35,533 - [Process 4/5] - INFO - len(per_windows_prompt):2
2024-12-20 22:32:39,362 - [Process 4/5] - INFO - res.shape is :torch.Size([4])
2024-12-20 22:32:39,499 - [Process 4/5] - INFO - len(per_windows_prompt):2
2024-12-20 22:32:43,330 - [Process 4/5] - INFO - res.shape is :torch.Size([6])
2024-12-20 22:32:43,452 - [Process 4/5] - INFO - len(per_windows_prompt):2
2024-12-20 22:32:47,323 - [Process 4/5] - INFO - res.shape is :torch.Size([4])
2024-12-20 22:32:47,452 - [Process 4/5] - INFO - len(per_windows_prompt):2
2024-12-20 22:32:51,330 - [Process 4/5] - INFO - res.shape is :torch.Size([4])
2024-12-20 22:32:51,446 - [Process 4/5] - INFO - len(per_windows_prompt):2
2024-12-20 22:32:55,236 - [Process 4/5] - INFO - res.shape is :torch.Size([3])
2024-12-20 22:32:55,333 - [Process 4/5] - INFO - len(per_windows_prompt):2
2024-12-20 22:32:58,963 - [Process 4/5] - INFO - res.shape is :torch.Size([8])
2024-12-20 22:32:59,110 - [Process 4/5] - INFO - len(per_windows_prompt):2
2024-12-20 22:33:03,497 - [Process 4/5] - INFO - res.shape is :torch.Size([20])
2024-12-20 22:33:03,594 - [Process 4/5] - INFO - len(per_windows_prompt):2
2024-12-20 22:33:07,297 - [Process 4/5] - INFO - res.shape is :torch.Size([10])
2024-12-20 22:33:07,337 - [Process 4/5] - INFO - len(per_windows_prompt):2
2024-12-20 22:33:09,261 - [Process 4/5] - INFO - res.shape is :torch.Size([17])
2024-12-20 22:33:09,398 - [Process 4/5] - INFO - len(per_windows_prompt):2
2024-12-20 22:33:14,247 - [Process 4/5] - INFO - res.shape is :torch.Size([31])
2024-12-20 22:33:14,325 - [Process 4/5] - INFO - len(per_windows_prompt):2
2024-12-20 22:33:17,191 - [Process 4/5] - INFO - res.shape is :torch.Size([3])
2024-12-20 22:33:17,328 - [Process 4/5] - INFO - len(per_windows_prompt):2
2024-12-20 22:33:21,007 - [Process 4/5] - INFO - res.shape is :torch.Size([2])
2024-12-20 22:33:21,123 - [Process 4/5] - INFO - len(per_windows_prompt):2
2024-12-20 22:33:27,104 - [Process 4/5] - INFO - res.shape is :torch.Size([55])
2024-12-20 22:33:27,245 - [Process 4/5] - INFO - len(per_windows_prompt):2
2024-12-20 22:33:31,861 - [Process 4/5] - INFO - res.shape is :torch.Size([23])
