2024-12-20 18:52:15,616 - [Process 0/5] - INFO - loading datasets finished
2024-12-20 18:52:15,616 - [Process 0/5] - INFO - model_max_len: 3950
2024-12-20 18:52:15,616 - [Process 0/5] - INFO - output_max_len: 32
2024-12-20 18:52:15,737 - [Process 0/5] - INFO - Max Length is 17355
2024-12-20 18:52:15,738 - [Process 0/5] - INFO - Finish loading dataset
2024-12-20 18:52:15,738 - [Process 0/5] - INFO - get_predicted begin
2024-12-20 18:52:20,468 - [Process 0/5] - INFO - len(per_windows_prompt):2
2024-12-20 18:52:25,041 - [Process 0/5] - INFO - res.shape is :torch.Size([9])
2024-12-20 18:52:25,351 - [Process 0/5] - INFO - len(per_windows_prompt):2
2024-12-20 18:52:29,349 - [Process 0/5] - INFO - res.shape is :torch.Size([14])
2024-12-20 18:52:29,635 - [Process 0/5] - INFO - len(per_windows_prompt):2
2024-12-20 18:52:33,392 - [Process 0/5] - INFO - res.shape is :torch.Size([5])
2024-12-20 18:52:33,676 - [Process 0/5] - INFO - len(per_windows_prompt):2
2024-12-20 18:52:37,209 - [Process 0/5] - INFO - res.shape is :torch.Size([4])
2024-12-20 18:52:37,498 - [Process 0/5] - INFO - len(per_windows_prompt):2
2024-12-20 18:52:41,226 - [Process 0/5] - INFO - res.shape is :torch.Size([9])
2024-12-20 18:52:41,503 - [Process 0/5] - INFO - len(per_windows_prompt):2
2024-12-20 18:52:45,293 - [Process 0/5] - INFO - res.shape is :torch.Size([9])
2024-12-20 18:52:45,566 - [Process 0/5] - INFO - len(per_windows_prompt):2
2024-12-20 18:52:49,502 - [Process 0/5] - INFO - res.shape is :torch.Size([9])
2024-12-20 18:52:49,787 - [Process 0/5] - INFO - len(per_windows_prompt):2
2024-12-20 18:52:53,368 - [Process 0/5] - INFO - res.shape is :torch.Size([4])
2024-12-20 18:52:53,642 - [Process 0/5] - INFO - len(per_windows_prompt):2
2024-12-20 18:52:57,379 - [Process 0/5] - INFO - res.shape is :torch.Size([4])
2024-12-20 18:52:57,664 - [Process 0/5] - INFO - len(per_windows_prompt):2
2024-12-20 18:53:02,560 - [Process 0/5] - INFO - res.shape is :torch.Size([34])
2024-12-20 18:53:02,848 - [Process 0/5] - INFO - len(per_windows_prompt):2
2024-12-20 18:53:06,712 - [Process 0/5] - INFO - res.shape is :torch.Size([10])
2024-12-20 18:53:06,984 - [Process 0/5] - INFO - len(per_windows_prompt):2
2024-12-20 18:53:11,307 - [Process 0/5] - INFO - res.shape is :torch.Size([18])
2024-12-20 18:53:11,583 - [Process 0/5] - INFO - len(per_windows_prompt):2
2024-12-20 18:53:15,400 - [Process 0/5] - INFO - res.shape is :torch.Size([8])
2024-12-20 18:53:15,677 - [Process 0/5] - INFO - len(per_windows_prompt):2
2024-12-20 18:53:19,415 - [Process 0/5] - INFO - res.shape is :torch.Size([6])
2024-12-20 18:53:19,665 - [Process 0/5] - INFO - len(per_windows_prompt):2
2024-12-20 18:53:24,109 - [Process 0/5] - INFO - res.shape is :torch.Size([25])
2024-12-20 18:53:24,382 - [Process 0/5] - INFO - len(per_windows_prompt):2
2024-12-20 18:53:28,101 - [Process 0/5] - INFO - res.shape is :torch.Size([8])
2024-12-20 18:53:28,387 - [Process 0/5] - INFO - len(per_windows_prompt):2
2024-12-20 18:53:32,255 - [Process 0/5] - INFO - res.shape is :torch.Size([7])
2024-12-20 18:53:32,534 - [Process 0/5] - INFO - len(per_windows_prompt):2
2024-12-20 18:53:36,737 - [Process 0/5] - INFO - res.shape is :torch.Size([17])
2024-12-20 18:53:37,030 - [Process 0/5] - INFO - len(per_windows_prompt):2
2024-12-20 18:53:40,717 - [Process 0/5] - INFO - res.shape is :torch.Size([6])
2024-12-20 18:53:40,995 - [Process 0/5] - INFO - len(per_windows_prompt):2
2024-12-20 18:53:44,862 - [Process 0/5] - INFO - res.shape is :torch.Size([9])
2024-12-20 18:53:45,147 - [Process 0/5] - INFO - len(per_windows_prompt):2
2024-12-20 18:53:48,849 - [Process 0/5] - INFO - res.shape is :torch.Size([7])
2024-12-20 18:53:49,129 - [Process 0/5] - INFO - len(per_windows_prompt):2
2024-12-20 18:53:52,820 - [Process 0/5] - INFO - res.shape is :torch.Size([7])
2024-12-20 18:53:53,116 - [Process 0/5] - INFO - len(per_windows_prompt):2
2024-12-20 18:53:56,735 - [Process 0/5] - INFO - res.shape is :torch.Size([5])
2024-12-20 18:53:57,016 - [Process 0/5] - INFO - len(per_windows_prompt):2
2024-12-20 18:54:00,661 - [Process 0/5] - INFO - res.shape is :torch.Size([6])
2024-12-20 18:54:00,947 - [Process 0/5] - INFO - len(per_windows_prompt):2
2024-12-20 18:54:04,983 - [Process 0/5] - INFO - res.shape is :torch.Size([13])
2024-12-20 18:54:05,237 - [Process 0/5] - INFO - len(per_windows_prompt):2
2024-12-20 18:54:09,123 - [Process 0/5] - INFO - res.shape is :torch.Size([7])
2024-12-20 18:54:09,408 - [Process 0/5] - INFO - len(per_windows_prompt):2
2024-12-20 18:54:13,865 - [Process 0/5] - INFO - res.shape is :torch.Size([23])
2024-12-20 18:54:14,145 - [Process 0/5] - INFO - len(per_windows_prompt):2
2024-12-20 18:54:17,810 - [Process 0/5] - INFO - res.shape is :torch.Size([6])
2024-12-20 18:54:18,091 - [Process 0/5] - INFO - len(per_windows_prompt):2
2024-12-20 18:54:21,905 - [Process 0/5] - INFO - res.shape is :torch.Size([10])
2024-12-20 18:54:22,188 - [Process 0/5] - INFO - len(per_windows_prompt):2
2024-12-20 18:54:26,520 - [Process 0/5] - INFO - res.shape is :torch.Size([20])
2024-12-20 18:54:26,748 - [Process 0/5] - INFO - len(per_windows_prompt):2
2024-12-20 18:54:30,454 - [Process 0/5] - INFO - res.shape is :torch.Size([7])
2024-12-20 18:54:30,739 - [Process 0/5] - INFO - len(per_windows_prompt):2
2024-12-20 18:54:34,644 - [Process 0/5] - INFO - res.shape is :torch.Size([7])
2024-12-20 18:54:34,950 - [Process 0/5] - INFO - len(per_windows_prompt):2
2024-12-20 18:54:39,128 - [Process 0/5] - INFO - res.shape is :torch.Size([16])
2024-12-20 18:54:39,422 - [Process 0/5] - INFO - len(per_windows_prompt):2
2024-12-20 18:54:43,481 - [Process 0/5] - INFO - res.shape is :torch.Size([15])
2024-12-20 18:54:43,786 - [Process 0/5] - INFO - len(per_windows_prompt):2
2024-12-20 18:54:47,452 - [Process 0/5] - INFO - res.shape is :torch.Size([6])
2024-12-20 18:54:47,720 - [Process 0/5] - INFO - len(per_windows_prompt):2
2024-12-20 18:54:51,513 - [Process 0/5] - INFO - res.shape is :torch.Size([7])
2024-12-20 18:54:51,821 - [Process 0/5] - INFO - len(per_windows_prompt):2
2024-12-20 18:54:56,770 - [Process 0/5] - INFO - res.shape is :torch.Size([34])
2024-12-20 18:54:57,008 - [Process 0/5] - INFO - len(per_windows_prompt):2
2024-12-20 18:55:00,862 - [Process 0/5] - INFO - res.shape is :torch.Size([11])
2024-12-20 18:55:01,140 - [Process 0/5] - INFO - len(per_windows_prompt):2
2024-12-20 18:55:04,839 - [Process 0/5] - INFO - res.shape is :torch.Size([5])
2024-12-20 18:55:05,125 - [Process 0/5] - INFO - len(per_windows_prompt):2
2024-12-20 18:55:08,966 - [Process 0/5] - INFO - res.shape is :torch.Size([10])
