2024-12-20 23:23:51,365 - [Process 0/1] - INFO - loading datasets finished
2024-12-20 23:23:51,366 - [Process 0/1] - INFO - model_max_len: 3950
2024-12-20 23:23:51,366 - [Process 0/1] - INFO - output_max_len: 128
2024-12-20 23:23:51,382 - [Process 0/1] - INFO - Max Length is 14660
2024-12-20 23:23:51,382 - [Process 0/1] - INFO - Finish loading dataset
2024-12-20 23:23:51,383 - [Process 0/1] - INFO - get_predicted begin
2024-12-20 23:23:51,495 - [Process 0/1] - INFO - len(per_windows_prompt):1
2024-12-20 23:23:56,470 - [Process 0/1] - INFO - res.shape is :torch.Size([4])
2024-12-20 23:23:56,565 - [Process 0/1] - INFO - len(per_windows_prompt):1
2024-12-20 23:24:05,195 - [Process 0/1] - INFO - res.shape is :torch.Size([128])
2024-12-20 23:24:05,312 - [Process 0/1] - INFO - len(per_windows_prompt):1
2024-12-20 23:24:10,712 - [Process 0/1] - INFO - res.shape is :torch.Size([26])
2024-12-20 23:24:10,805 - [Process 0/1] - INFO - len(per_windows_prompt):1
2024-12-20 23:24:15,426 - [Process 0/1] - INFO - res.shape is :torch.Size([29])
2024-12-20 23:24:15,539 - [Process 0/1] - INFO - len(per_windows_prompt):1
2024-12-20 23:24:21,013 - [Process 0/1] - INFO - res.shape is :torch.Size([30])
2024-12-20 23:24:21,130 - [Process 0/1] - INFO - len(per_windows_prompt):1
2024-12-20 23:24:25,588 - [Process 0/1] - INFO - res.shape is :torch.Size([4])
2024-12-20 23:24:25,709 - [Process 0/1] - INFO - len(per_windows_prompt):1
2024-12-20 23:24:31,011 - [Process 0/1] - INFO - res.shape is :torch.Size([25])
2024-12-20 23:24:31,134 - [Process 0/1] - INFO - len(per_windows_prompt):1
2024-12-20 23:24:36,589 - [Process 0/1] - INFO - res.shape is :torch.Size([29])
2024-12-20 23:24:36,692 - [Process 0/1] - INFO - len(per_windows_prompt):1
2024-12-20 23:24:40,825 - [Process 0/1] - INFO - res.shape is :torch.Size([5])
2024-12-20 23:24:40,944 - [Process 0/1] - INFO - len(per_windows_prompt):1
2024-12-20 23:24:45,378 - [Process 0/1] - INFO - res.shape is :torch.Size([3])
2024-12-20 23:24:45,491 - [Process 0/1] - INFO - len(per_windows_prompt):1
2024-12-20 23:24:49,957 - [Process 0/1] - INFO - res.shape is :torch.Size([4])
2024-12-20 23:24:50,051 - [Process 0/1] - INFO - len(per_windows_prompt):1
2024-12-20 23:24:53,978 - [Process 0/1] - INFO - res.shape is :torch.Size([4])
2024-12-20 23:24:54,076 - [Process 0/1] - INFO - len(per_windows_prompt):1
2024-12-20 23:24:57,914 - [Process 0/1] - INFO - res.shape is :torch.Size([4])
2024-12-20 23:24:58,042 - [Process 0/1] - INFO - len(per_windows_prompt):1
2024-12-20 23:25:04,713 - [Process 0/1] - INFO - res.shape is :torch.Size([57])
2024-12-20 23:25:04,828 - [Process 0/1] - INFO - len(per_windows_prompt):1
2024-12-20 23:25:10,740 - [Process 0/1] - INFO - res.shape is :torch.Size([40])
2024-12-20 23:25:10,926 - [Process 0/1] - INFO - len(per_windows_prompt):1
2024-12-20 23:25:15,403 - [Process 0/1] - INFO - res.shape is :torch.Size([4])
2024-12-20 23:25:15,570 - [Process 0/1] - INFO - len(per_windows_prompt):1
2024-12-20 23:25:21,095 - [Process 0/1] - INFO - res.shape is :torch.Size([30])
2024-12-20 23:25:21,211 - [Process 0/1] - INFO - len(per_windows_prompt):1
2024-12-20 23:25:25,695 - [Process 0/1] - INFO - res.shape is :torch.Size([4])
2024-12-20 23:25:25,809 - [Process 0/1] - INFO - len(per_windows_prompt):1
2024-12-20 23:25:31,043 - [Process 0/1] - INFO - res.shape is :torch.Size([23])
2024-12-20 23:25:31,163 - [Process 0/1] - INFO - len(per_windows_prompt):1
2024-12-20 23:25:36,474 - [Process 0/1] - INFO - res.shape is :torch.Size([25])
2024-12-20 23:25:36,583 - [Process 0/1] - INFO - len(per_windows_prompt):1
2024-12-20 23:25:42,663 - [Process 0/1] - INFO - res.shape is :torch.Size([44])
2024-12-20 23:25:42,789 - [Process 0/1] - INFO - len(per_windows_prompt):1
2024-12-20 23:25:48,074 - [Process 0/1] - INFO - res.shape is :torch.Size([24])
2024-12-20 23:25:48,189 - [Process 0/1] - INFO - len(per_windows_prompt):1
2024-12-20 23:25:53,539 - [Process 0/1] - INFO - res.shape is :torch.Size([26])
2024-12-20 23:25:53,655 - [Process 0/1] - INFO - len(per_windows_prompt):1
2024-12-20 23:25:58,177 - [Process 0/1] - INFO - res.shape is :torch.Size([5])
2024-12-20 23:25:58,300 - [Process 0/1] - INFO - len(per_windows_prompt):1
2024-12-20 23:26:02,802 - [Process 0/1] - INFO - res.shape is :torch.Size([5])
2024-12-20 23:26:02,916 - [Process 0/1] - INFO - len(per_windows_prompt):1
2024-12-20 23:26:07,402 - [Process 0/1] - INFO - res.shape is :torch.Size([4])
2024-12-20 23:26:07,492 - [Process 0/1] - INFO - len(per_windows_prompt):1
2024-12-20 23:26:11,198 - [Process 0/1] - INFO - res.shape is :torch.Size([4])
2024-12-20 23:26:11,334 - [Process 0/1] - INFO - len(per_windows_prompt):1
2024-12-20 23:26:17,922 - [Process 0/1] - INFO - res.shape is :torch.Size([56])
2024-12-20 23:26:18,006 - [Process 0/1] - INFO - len(per_windows_prompt):1
2024-12-20 23:26:21,460 - [Process 0/1] - INFO - res.shape is :torch.Size([4])
2024-12-20 23:26:21,578 - [Process 0/1] - INFO - len(per_windows_prompt):1
2024-12-20 23:26:26,982 - [Process 0/1] - INFO - res.shape is :torch.Size([27])
2024-12-20 23:26:27,091 - [Process 0/1] - INFO - len(per_windows_prompt):1
2024-12-20 23:26:36,748 - [Process 0/1] - INFO - res.shape is :torch.Size([128])
2024-12-20 23:26:36,864 - [Process 0/1] - INFO - len(per_windows_prompt):1
2024-12-20 23:26:42,211 - [Process 0/1] - INFO - res.shape is :torch.Size([26])
2024-12-20 23:26:42,332 - [Process 0/1] - INFO - len(per_windows_prompt):1
2024-12-20 23:26:48,174 - [Process 0/1] - INFO - res.shape is :torch.Size([38])
2024-12-20 23:26:48,300 - [Process 0/1] - INFO - len(per_windows_prompt):1
2024-12-20 23:26:57,766 - [Process 0/1] - INFO - res.shape is :torch.Size([128])
2024-12-20 23:26:57,880 - [Process 0/1] - INFO - len(per_windows_prompt):1
2024-12-20 23:27:02,368 - [Process 0/1] - INFO - res.shape is :torch.Size([4])
2024-12-20 23:27:02,516 - [Process 0/1] - INFO - len(per_windows_prompt):1
2024-12-20 23:27:07,542 - [Process 0/1] - INFO - res.shape is :torch.Size([18])
2024-12-20 23:27:07,645 - [Process 0/1] - INFO - len(per_windows_prompt):1
2024-12-20 23:27:12,040 - [Process 0/1] - INFO - res.shape is :torch.Size([2])
2024-12-20 23:27:12,115 - [Process 0/1] - INFO - len(per_windows_prompt):1
2024-12-20 23:27:15,056 - [Process 0/1] - INFO - res.shape is :torch.Size([4])
2024-12-20 23:27:15,172 - [Process 0/1] - INFO - len(per_windows_prompt):1
2024-12-20 23:27:19,655 - [Process 0/1] - INFO - res.shape is :torch.Size([4])
2024-12-20 23:27:19,772 - [Process 0/1] - INFO - len(per_windows_prompt):1
2024-12-20 23:27:25,093 - [Process 0/1] - INFO - res.shape is :torch.Size([25])
2024-12-20 23:27:25,218 - [Process 0/1] - INFO - len(per_windows_prompt):1
2024-12-20 23:27:29,705 - [Process 0/1] - INFO - res.shape is :torch.Size([4])
2024-12-20 23:27:29,823 - [Process 0/1] - INFO - len(per_windows_prompt):1
2024-12-20 23:27:34,995 - [Process 0/1] - INFO - res.shape is :torch.Size([21])
2024-12-20 23:27:35,073 - [Process 0/1] - INFO - len(per_windows_prompt):1
2024-12-20 23:27:38,255 - [Process 0/1] - INFO - res.shape is :torch.Size([4])
2024-12-20 23:27:38,366 - [Process 0/1] - INFO - len(per_windows_prompt):1
2024-12-20 23:27:42,833 - [Process 0/1] - INFO - res.shape is :torch.Size([4])
2024-12-20 23:27:42,956 - [Process 0/1] - INFO - len(per_windows_prompt):1
2024-12-20 23:27:47,439 - [Process 0/1] - INFO - res.shape is :torch.Size([4])
2024-12-20 23:27:47,550 - [Process 0/1] - INFO - len(per_windows_prompt):1
2024-12-20 23:27:52,039 - [Process 0/1] - INFO - res.shape is :torch.Size([4])
2024-12-20 23:27:52,111 - [Process 0/1] - INFO - len(per_windows_prompt):1
2024-12-20 23:27:54,918 - [Process 0/1] - INFO - res.shape is :torch.Size([4])
2024-12-20 23:27:55,029 - [Process 0/1] - INFO - len(per_windows_prompt):1
2024-12-20 23:27:59,503 - [Process 0/1] - INFO - res.shape is :torch.Size([4])
2024-12-20 23:27:59,600 - [Process 0/1] - INFO - len(per_windows_prompt):1
2024-12-20 23:28:03,667 - [Process 0/1] - INFO - res.shape is :torch.Size([2])
2024-12-20 23:28:03,782 - [Process 0/1] - INFO - len(per_windows_prompt):1
2024-12-20 23:28:09,328 - [Process 0/1] - INFO - res.shape is :torch.Size([31])
2024-12-20 23:28:09,431 - [Process 0/1] - INFO - len(per_windows_prompt):1
2024-12-20 23:28:13,564 - [Process 0/1] - INFO - res.shape is :torch.Size([4])
2024-12-20 23:28:13,681 - [Process 0/1] - INFO - len(per_windows_prompt):1
2024-12-20 23:28:18,988 - [Process 0/1] - INFO - res.shape is :torch.Size([25])
2024-12-20 23:28:19,097 - [Process 0/1] - INFO - len(per_windows_prompt):1
2024-12-20 23:28:24,416 - [Process 0/1] - INFO - res.shape is :torch.Size([25])
2024-12-20 23:28:24,477 - [Process 0/1] - INFO - len(per_windows_prompt):1
2024-12-20 23:28:26,742 - [Process 0/1] - INFO - res.shape is :torch.Size([4])
2024-12-20 23:28:26,941 - [Process 0/1] - INFO - len(per_windows_prompt):1
2024-12-20 23:28:31,463 - [Process 0/1] - INFO - res.shape is :torch.Size([5])
2024-12-20 23:28:31,578 - [Process 0/1] - INFO - len(per_windows_prompt):1
2024-12-20 23:28:36,869 - [Process 0/1] - INFO - res.shape is :torch.Size([24])
2024-12-20 23:28:36,984 - [Process 0/1] - INFO - len(per_windows_prompt):1
2024-12-20 23:28:41,513 - [Process 0/1] - INFO - res.shape is :torch.Size([5])
2024-12-20 23:28:41,715 - [Process 0/1] - INFO - len(per_windows_prompt):1
2024-12-20 23:28:47,568 - [Process 0/1] - INFO - res.shape is :torch.Size([38])
2024-12-20 23:28:47,693 - [Process 0/1] - INFO - len(per_windows_prompt):1
2024-12-20 23:28:52,501 - [Process 0/1] - INFO - res.shape is :torch.Size([12])
2024-12-20 23:28:52,591 - [Process 0/1] - INFO - len(per_windows_prompt):1
2024-12-20 23:28:56,339 - [Process 0/1] - INFO - res.shape is :torch.Size([5])
2024-12-20 23:28:56,444 - [Process 0/1] - INFO - len(per_windows_prompt):1
2024-12-20 23:29:00,930 - [Process 0/1] - INFO - res.shape is :torch.Size([4])
2024-12-20 23:29:01,040 - [Process 0/1] - INFO - len(per_windows_prompt):1
2024-12-20 23:29:06,369 - [Process 0/1] - INFO - res.shape is :torch.Size([25])
2024-12-20 23:29:06,465 - [Process 0/1] - INFO - len(per_windows_prompt):1
2024-12-20 23:29:10,405 - [Process 0/1] - INFO - res.shape is :torch.Size([4])
2024-12-20 23:29:10,519 - [Process 0/1] - INFO - len(per_windows_prompt):1
2024-12-20 23:29:15,887 - [Process 0/1] - INFO - res.shape is :torch.Size([26])
2024-12-20 23:29:15,996 - [Process 0/1] - INFO - len(per_windows_prompt):1
2024-12-20 23:29:22,067 - [Process 0/1] - INFO - res.shape is :torch.Size([44])
2024-12-20 23:29:22,141 - [Process 0/1] - INFO - len(per_windows_prompt):1
2024-12-20 23:29:24,997 - [Process 0/1] - INFO - res.shape is :torch.Size([4])
2024-12-20 23:29:25,112 - [Process 0/1] - INFO - len(per_windows_prompt):1
2024-12-20 23:29:29,596 - [Process 0/1] - INFO - res.shape is :torch.Size([4])
2024-12-20 23:29:29,734 - [Process 0/1] - INFO - len(per_windows_prompt):1
2024-12-20 23:29:35,451 - [Process 0/1] - INFO - res.shape is :torch.Size([35])
2024-12-20 23:29:35,555 - [Process 0/1] - INFO - len(per_windows_prompt):1
2024-12-20 23:29:39,719 - [Process 0/1] - INFO - res.shape is :torch.Size([4])
2024-12-20 23:29:39,811 - [Process 0/1] - INFO - len(per_windows_prompt):1
2024-12-20 23:29:43,518 - [Process 0/1] - INFO - res.shape is :torch.Size([4])
2024-12-20 23:29:43,634 - [Process 0/1] - INFO - len(per_windows_prompt):1
2024-12-20 23:29:48,882 - [Process 0/1] - INFO - res.shape is :torch.Size([23])
2024-12-20 23:29:48,955 - [Process 0/1] - INFO - len(per_windows_prompt):1
2024-12-20 23:29:53,552 - [Process 0/1] - INFO - res.shape is :torch.Size([51])
2024-12-20 23:29:53,673 - [Process 0/1] - INFO - len(per_windows_prompt):1
2024-12-20 23:29:58,161 - [Process 0/1] - INFO - res.shape is :torch.Size([4])
2024-12-20 23:29:58,295 - [Process 0/1] - INFO - len(per_windows_prompt):1
2024-12-20 23:30:03,660 - [Process 0/1] - INFO - res.shape is :torch.Size([26])
2024-12-20 23:30:03,777 - [Process 0/1] - INFO - len(per_windows_prompt):1
2024-12-20 23:30:08,248 - [Process 0/1] - INFO - res.shape is :torch.Size([4])
2024-12-20 23:30:08,341 - [Process 0/1] - INFO - len(per_windows_prompt):1
2024-12-20 23:30:12,047 - [Process 0/1] - INFO - res.shape is :torch.Size([4])
2024-12-20 23:30:12,158 - [Process 0/1] - INFO - len(per_windows_prompt):1
2024-12-20 23:30:21,645 - [Process 0/1] - INFO - res.shape is :torch.Size([128])
2024-12-20 23:30:21,766 - [Process 0/1] - INFO - len(per_windows_prompt):1
2024-12-20 23:30:27,412 - [Process 0/1] - INFO - res.shape is :torch.Size([33])
2024-12-20 23:30:27,476 - [Process 0/1] - INFO - len(per_windows_prompt):1
2024-12-20 23:30:30,906 - [Process 0/1] - INFO - res.shape is :torch.Size([32])
2024-12-20 23:30:31,014 - [Process 0/1] - INFO - len(per_windows_prompt):1
2024-12-20 23:30:36,383 - [Process 0/1] - INFO - res.shape is :torch.Size([26])
2024-12-20 23:30:36,500 - [Process 0/1] - INFO - len(per_windows_prompt):1
2024-12-20 23:30:45,996 - [Process 0/1] - INFO - res.shape is :torch.Size([128])
2024-12-20 23:30:46,109 - [Process 0/1] - INFO - len(per_windows_prompt):1
2024-12-20 23:30:50,550 - [Process 0/1] - INFO - res.shape is :torch.Size([3])
2024-12-20 23:30:50,646 - [Process 0/1] - INFO - len(per_windows_prompt):1
2024-12-20 23:30:54,514 - [Process 0/1] - INFO - res.shape is :torch.Size([5])
2024-12-20 23:30:54,623 - [Process 0/1] - INFO - len(per_windows_prompt):1
2024-12-20 23:30:59,994 - [Process 0/1] - INFO - res.shape is :torch.Size([26])
2024-12-20 23:31:00,114 - [Process 0/1] - INFO - len(per_windows_prompt):1
2024-12-20 23:31:05,968 - [Process 0/1] - INFO - res.shape is :torch.Size([38])
2024-12-20 23:31:06,084 - [Process 0/1] - INFO - len(per_windows_prompt):1
2024-12-20 23:31:11,766 - [Process 0/1] - INFO - res.shape is :torch.Size([34])
2024-12-20 23:31:11,842 - [Process 0/1] - INFO - len(per_windows_prompt):1
2024-12-20 23:31:16,794 - [Process 0/1] - INFO - res.shape is :torch.Size([61])
2024-12-20 23:31:16,910 - [Process 0/1] - INFO - len(per_windows_prompt):1
2024-12-20 23:31:22,556 - [Process 0/1] - INFO - res.shape is :torch.Size([33])
2024-12-20 23:31:22,678 - [Process 0/1] - INFO - len(per_windows_prompt):1
2024-12-20 23:31:27,167 - [Process 0/1] - INFO - res.shape is :torch.Size([4])
2024-12-20 23:31:27,230 - [Process 0/1] - INFO - len(per_windows_prompt):1
2024-12-20 23:31:29,664 - [Process 0/1] - INFO - res.shape is :torch.Size([4])
2024-12-20 23:31:29,779 - [Process 0/1] - INFO - len(per_windows_prompt):1
2024-12-20 23:31:35,870 - [Process 0/1] - INFO - res.shape is :torch.Size([44])
2024-12-20 23:31:35,991 - [Process 0/1] - INFO - len(per_windows_prompt):1
2024-12-20 23:31:40,460 - [Process 0/1] - INFO - res.shape is :torch.Size([4])
2024-12-20 23:31:40,533 - [Process 0/1] - INFO - len(per_windows_prompt):1
2024-12-20 23:31:43,304 - [Process 0/1] - INFO - res.shape is :torch.Size([2])
2024-12-20 23:31:43,409 - [Process 0/1] - INFO - len(per_windows_prompt):1
2024-12-20 23:31:52,882 - [Process 0/1] - INFO - res.shape is :torch.Size([128])
2024-12-20 23:31:52,998 - [Process 0/1] - INFO - len(per_windows_prompt):1
2024-12-20 23:31:57,479 - [Process 0/1] - INFO - res.shape is :torch.Size([4])
2024-12-20 23:31:57,540 - [Process 0/1] - INFO - len(per_windows_prompt):1
2024-12-20 23:31:59,956 - [Process 0/1] - INFO - res.shape is :torch.Size([2])
2024-12-20 23:32:00,020 - [Process 0/1] - INFO - len(per_windows_prompt):1
2024-12-20 23:32:02,456 - [Process 0/1] - INFO - res.shape is :torch.Size([4])
2024-12-20 23:32:02,576 - [Process 0/1] - INFO - len(per_windows_prompt):1
2024-12-20 23:32:07,060 - [Process 0/1] - INFO - res.shape is :torch.Size([4])
2024-12-20 23:32:07,185 - [Process 0/1] - INFO - len(per_windows_prompt):1
2024-12-20 23:32:11,653 - [Process 0/1] - INFO - res.shape is :torch.Size([4])
2024-12-20 23:32:11,747 - [Process 0/1] - INFO - len(per_windows_prompt):1
2024-12-20 23:32:15,689 - [Process 0/1] - INFO - res.shape is :torch.Size([4])
2024-12-20 23:32:15,810 - [Process 0/1] - INFO - len(per_windows_prompt):1
2024-12-20 23:32:21,681 - [Process 0/1] - INFO - res.shape is :torch.Size([39])
2024-12-20 23:32:21,801 - [Process 0/1] - INFO - len(per_windows_prompt):1
2024-12-20 23:32:27,169 - [Process 0/1] - INFO - res.shape is :torch.Size([26])
2024-12-20 23:32:27,263 - [Process 0/1] - INFO - len(per_windows_prompt):1
2024-12-20 23:32:31,200 - [Process 0/1] - INFO - res.shape is :torch.Size([4])
2024-12-20 23:32:31,261 - [Process 0/1] - INFO - len(per_windows_prompt):1
2024-12-20 23:32:33,468 - [Process 0/1] - INFO - res.shape is :torch.Size([2])
2024-12-20 23:32:33,540 - [Process 0/1] - INFO - len(per_windows_prompt):1
2024-12-20 23:32:36,324 - [Process 0/1] - INFO - res.shape is :torch.Size([4])
2024-12-20 23:32:36,432 - [Process 0/1] - INFO - len(per_windows_prompt):1
2024-12-20 23:32:40,875 - [Process 0/1] - INFO - res.shape is :torch.Size([3])
2024-12-20 23:32:40,994 - [Process 0/1] - INFO - len(per_windows_prompt):1
2024-12-20 23:32:46,849 - [Process 0/1] - INFO - res.shape is :torch.Size([38])
2024-12-20 23:32:46,913 - [Process 0/1] - INFO - len(per_windows_prompt):1
2024-12-20 23:32:49,349 - [Process 0/1] - INFO - res.shape is :torch.Size([4])
2024-12-20 23:32:49,460 - [Process 0/1] - INFO - len(per_windows_prompt):1
2024-12-20 23:32:53,954 - [Process 0/1] - INFO - res.shape is :torch.Size([4])
2024-12-20 23:32:54,062 - [Process 0/1] - INFO - len(per_windows_prompt):1
2024-12-20 23:32:58,513 - [Process 0/1] - INFO - res.shape is :torch.Size([3])
2024-12-20 23:32:58,630 - [Process 0/1] - INFO - len(per_windows_prompt):1
2024-12-20 23:33:08,102 - [Process 0/1] - INFO - res.shape is :torch.Size([128])
2024-12-20 23:33:08,220 - [Process 0/1] - INFO - len(per_windows_prompt):1
2024-12-20 23:33:12,705 - [Process 0/1] - INFO - res.shape is :torch.Size([4])
2024-12-20 23:33:12,827 - [Process 0/1] - INFO - len(per_windows_prompt):1
2024-12-20 23:33:17,834 - [Process 0/1] - INFO - res.shape is :torch.Size([17])
2024-12-20 23:33:17,976 - [Process 0/1] - INFO - len(per_windows_prompt):1
2024-12-20 23:33:23,702 - [Process 0/1] - INFO - res.shape is :torch.Size([35])
2024-12-20 23:33:23,793 - [Process 0/1] - INFO - len(per_windows_prompt):1
2024-12-20 23:33:27,383 - [Process 0/1] - INFO - res.shape is :torch.Size([4])
2024-12-20 23:33:27,489 - [Process 0/1] - INFO - len(per_windows_prompt):1
2024-12-20 23:33:34,581 - [Process 0/1] - INFO - res.shape is :torch.Size([69])
2024-12-20 23:33:34,690 - [Process 0/1] - INFO - len(per_windows_prompt):1
2024-12-20 23:33:40,023 - [Process 0/1] - INFO - res.shape is :torch.Size([25])
2024-12-20 23:33:40,114 - [Process 0/1] - INFO - len(per_windows_prompt):1
2024-12-20 23:33:43,622 - [Process 0/1] - INFO - res.shape is :torch.Size([2])
2024-12-20 23:33:43,755 - [Process 0/1] - INFO - len(per_windows_prompt):1
2024-12-20 23:33:49,275 - [Process 0/1] - INFO - res.shape is :torch.Size([30])
2024-12-20 23:33:49,390 - [Process 0/1] - INFO - len(per_windows_prompt):1
2024-12-20 23:33:54,787 - [Process 0/1] - INFO - res.shape is :torch.Size([27])
2024-12-20 23:33:54,899 - [Process 0/1] - INFO - len(per_windows_prompt):1
2024-12-20 23:33:59,991 - [Process 0/1] - INFO - res.shape is :torch.Size([19])
2024-12-20 23:34:00,101 - [Process 0/1] - INFO - len(per_windows_prompt):1
2024-12-20 23:34:06,023 - [Process 0/1] - INFO - res.shape is :torch.Size([40])
2024-12-20 23:34:06,130 - [Process 0/1] - INFO - len(per_windows_prompt):1
2024-12-20 23:34:11,652 - [Process 0/1] - INFO - res.shape is :torch.Size([30])
2024-12-20 23:34:11,766 - [Process 0/1] - INFO - len(per_windows_prompt):1
2024-12-20 23:34:16,233 - [Process 0/1] - INFO - res.shape is :torch.Size([4])
2024-12-20 23:34:16,349 - [Process 0/1] - INFO - len(per_windows_prompt):1
2024-12-20 23:34:20,817 - [Process 0/1] - INFO - res.shape is :torch.Size([4])
2024-12-20 23:34:20,930 - [Process 0/1] - INFO - len(per_windows_prompt):1
2024-12-20 23:34:25,624 - [Process 0/1] - INFO - res.shape is :torch.Size([9])
2024-12-20 23:34:25,718 - [Process 0/1] - INFO - len(per_windows_prompt):1
2024-12-20 23:34:29,296 - [Process 0/1] - INFO - res.shape is :torch.Size([2])
2024-12-20 23:34:29,419 - [Process 0/1] - INFO - len(per_windows_prompt):1
2024-12-20 23:34:34,943 - [Process 0/1] - INFO - res.shape is :torch.Size([30])
2024-12-20 23:34:35,064 - [Process 0/1] - INFO - len(per_windows_prompt):1
2024-12-20 23:34:40,313 - [Process 0/1] - INFO - res.shape is :torch.Size([23])
2024-12-20 23:34:40,422 - [Process 0/1] - INFO - len(per_windows_prompt):1
2024-12-20 23:34:44,894 - [Process 0/1] - INFO - res.shape is :torch.Size([4])
2024-12-20 23:34:44,982 - [Process 0/1] - INFO - len(per_windows_prompt):1
2024-12-20 23:34:48,375 - [Process 0/1] - INFO - res.shape is :torch.Size([4])
2024-12-20 23:34:48,471 - [Process 0/1] - INFO - len(per_windows_prompt):1
2024-12-20 23:34:52,306 - [Process 0/1] - INFO - res.shape is :torch.Size([4])
2024-12-20 23:34:52,418 - [Process 0/1] - INFO - len(per_windows_prompt):1
2024-12-20 23:34:58,387 - [Process 0/1] - INFO - res.shape is :torch.Size([41])
2024-12-20 23:34:58,521 - [Process 0/1] - INFO - len(per_windows_prompt):1
2024-12-20 23:35:03,012 - [Process 0/1] - INFO - res.shape is :torch.Size([4])
2024-12-20 23:35:03,123 - [Process 0/1] - INFO - len(per_windows_prompt):1
2024-12-20 23:35:07,599 - [Process 0/1] - INFO - res.shape is :torch.Size([4])
2024-12-20 23:35:07,712 - [Process 0/1] - INFO - len(per_windows_prompt):1
2024-12-20 23:35:13,399 - [Process 0/1] - INFO - res.shape is :torch.Size([34])
2024-12-20 23:35:13,519 - [Process 0/1] - INFO - len(per_windows_prompt):1
2024-12-20 23:35:18,026 - [Process 0/1] - INFO - res.shape is :torch.Size([5])
2024-12-20 23:35:18,101 - [Process 0/1] - INFO - len(per_windows_prompt):1
2024-12-20 23:35:23,122 - [Process 0/1] - INFO - res.shape is :torch.Size([60])
2024-12-20 23:35:23,218 - [Process 0/1] - INFO - len(per_windows_prompt):1
2024-12-20 23:35:26,957 - [Process 0/1] - INFO - res.shape is :torch.Size([2])
2024-12-20 23:35:27,058 - [Process 0/1] - INFO - len(per_windows_prompt):1
2024-12-20 23:35:31,124 - [Process 0/1] - INFO - res.shape is :torch.Size([4])
2024-12-20 23:35:31,248 - [Process 0/1] - INFO - len(per_windows_prompt):1
2024-12-20 23:35:36,923 - [Process 0/1] - INFO - res.shape is :torch.Size([34])
2024-12-20 23:35:37,038 - [Process 0/1] - INFO - len(per_windows_prompt):1
2024-12-20 23:35:42,408 - [Process 0/1] - INFO - res.shape is :torch.Size([26])
2024-12-20 23:35:42,527 - [Process 0/1] - INFO - len(per_windows_prompt):1
2024-12-20 23:35:50,187 - [Process 0/1] - INFO - res.shape is :torch.Size([83])
2024-12-20 23:35:50,306 - [Process 0/1] - INFO - len(per_windows_prompt):1
2024-12-20 23:35:55,817 - [Process 0/1] - INFO - res.shape is :torch.Size([30])
2024-12-20 23:35:55,928 - [Process 0/1] - INFO - len(per_windows_prompt):1
2024-12-20 23:36:02,486 - [Process 0/1] - INFO - res.shape is :torch.Size([56])
2024-12-20 23:36:02,600 - [Process 0/1] - INFO - len(per_windows_prompt):1
2024-12-20 23:36:08,631 - [Process 0/1] - INFO - res.shape is :torch.Size([43])
2024-12-20 23:36:08,704 - [Process 0/1] - INFO - len(per_windows_prompt):1
2024-12-20 23:36:12,080 - [Process 0/1] - INFO - res.shape is :torch.Size([16])
2024-12-20 23:36:12,181 - [Process 0/1] - INFO - len(per_windows_prompt):1
2024-12-20 23:36:16,336 - [Process 0/1] - INFO - res.shape is :torch.Size([4])
2024-12-20 23:36:16,456 - [Process 0/1] - INFO - len(per_windows_prompt):1
2024-12-20 23:36:20,896 - [Process 0/1] - INFO - res.shape is :torch.Size([3])
2024-12-20 23:36:20,985 - [Process 0/1] - INFO - len(per_windows_prompt):1
2024-12-20 23:36:25,345 - [Process 0/1] - INFO - res.shape is :torch.Size([21])
2024-12-20 23:36:25,426 - [Process 0/1] - INFO - len(per_windows_prompt):1
2024-12-20 23:36:31,507 - [Process 0/1] - INFO - res.shape is :torch.Size([82])
2024-12-20 23:36:31,623 - [Process 0/1] - INFO - len(per_windows_prompt):1
2024-12-20 23:36:36,866 - [Process 0/1] - INFO - res.shape is :torch.Size([23])
2024-12-20 23:36:36,965 - [Process 0/1] - INFO - len(per_windows_prompt):1
2024-12-20 23:36:45,645 - [Process 0/1] - INFO - res.shape is :torch.Size([128])
2024-12-20 23:36:45,762 - [Process 0/1] - INFO - len(per_windows_prompt):1
2024-12-20 23:36:50,206 - [Process 0/1] - INFO - res.shape is :torch.Size([3])
2024-12-20 23:36:50,317 - [Process 0/1] - INFO - len(per_windows_prompt):1
2024-12-20 23:36:54,801 - [Process 0/1] - INFO - res.shape is :torch.Size([4])
2024-12-20 23:36:54,917 - [Process 0/1] - INFO - len(per_windows_prompt):1
2024-12-20 23:36:59,404 - [Process 0/1] - INFO - res.shape is :torch.Size([4])
2024-12-20 23:36:59,511 - [Process 0/1] - INFO - len(per_windows_prompt):1
2024-12-20 23:37:03,983 - [Process 0/1] - INFO - res.shape is :torch.Size([4])
2024-12-20 23:37:04,099 - [Process 0/1] - INFO - len(per_windows_prompt):1
2024-12-20 23:37:09,442 - [Process 0/1] - INFO - res.shape is :torch.Size([26])
2024-12-20 23:37:09,562 - [Process 0/1] - INFO - len(per_windows_prompt):1
2024-12-20 23:37:13,965 - [Process 0/1] - INFO - res.shape is :torch.Size([2])
2024-12-20 23:37:14,045 - [Process 0/1] - INFO - len(per_windows_prompt):1
2024-12-20 23:37:17,379 - [Process 0/1] - INFO - res.shape is :torch.Size([4])
2024-12-20 23:37:17,490 - [Process 0/1] - INFO - len(per_windows_prompt):1
2024-12-20 23:37:23,424 - [Process 0/1] - INFO - res.shape is :torch.Size([40])
2024-12-20 23:37:23,541 - [Process 0/1] - INFO - len(per_windows_prompt):1
2024-12-20 23:37:28,027 - [Process 0/1] - INFO - res.shape is :torch.Size([4])
2024-12-20 23:37:28,105 - [Process 0/1] - INFO - len(per_windows_prompt):1
2024-12-20 23:37:31,294 - [Process 0/1] - INFO - res.shape is :torch.Size([4])
2024-12-20 23:37:31,381 - [Process 0/1] - INFO - len(per_windows_prompt):1
2024-12-20 23:37:34,845 - [Process 0/1] - INFO - res.shape is :torch.Size([4])
2024-12-20 23:37:34,931 - [Process 0/1] - INFO - len(per_windows_prompt):1
2024-12-20 23:37:38,313 - [Process 0/1] - INFO - res.shape is :torch.Size([4])
2024-12-20 23:37:38,423 - [Process 0/1] - INFO - len(per_windows_prompt):1
2024-12-20 23:37:42,852 - [Process 0/1] - INFO - res.shape is :torch.Size([3])
2024-12-20 23:37:42,942 - [Process 0/1] - INFO - len(per_windows_prompt):1
2024-12-20 23:37:46,698 - [Process 0/1] - INFO - res.shape is :torch.Size([4])
2024-12-20 23:37:46,818 - [Process 0/1] - INFO - len(per_windows_prompt):1
2024-12-20 23:37:52,273 - [Process 0/1] - INFO - res.shape is :torch.Size([28])
2024-12-20 23:37:52,383 - [Process 0/1] - INFO - len(per_windows_prompt):1
2024-12-20 23:37:57,834 - [Process 0/1] - INFO - res.shape is :torch.Size([28])
2024-12-20 23:37:57,942 - [Process 0/1] - INFO - len(per_windows_prompt):1
2024-12-20 23:38:02,432 - [Process 0/1] - INFO - res.shape is :torch.Size([4])
2024-12-20 23:38:02,554 - [Process 0/1] - INFO - len(per_windows_prompt):1
2024-12-20 23:38:08,232 - [Process 0/1] - INFO - res.shape is :torch.Size([34])
2024-12-20 23:38:08,347 - [Process 0/1] - INFO - len(per_windows_prompt):1
2024-12-20 23:38:17,814 - [Process 0/1] - INFO - res.shape is :torch.Size([128])
2024-12-20 23:38:17,911 - [Process 0/1] - INFO - len(per_windows_prompt):1
2024-12-20 23:38:21,847 - [Process 0/1] - INFO - res.shape is :torch.Size([4])
2024-12-20 23:38:21,954 - [Process 0/1] - INFO - len(per_windows_prompt):1
2024-12-20 23:38:26,433 - [Process 0/1] - INFO - res.shape is :torch.Size([4])
2024-12-20 23:38:26,553 - [Process 0/1] - INFO - len(per_windows_prompt):1
2024-12-20 23:38:31,902 - [Process 0/1] - INFO - res.shape is :torch.Size([26])
2024-12-20 23:38:32,024 - [Process 0/1] - INFO - len(per_windows_prompt):1
2024-12-20 23:38:37,868 - [Process 0/1] - INFO - res.shape is :torch.Size([38])
2024-12-20 23:38:37,989 - [Process 0/1] - INFO - len(per_windows_prompt):1
2024-12-20 23:38:43,042 - [Process 0/1] - INFO - res.shape is :torch.Size([18])
2024-12-20 23:38:43,156 - [Process 0/1] - INFO - len(per_windows_prompt):1
2024-12-20 23:38:47,626 - [Process 0/1] - INFO - res.shape is :torch.Size([4])
2024-12-20 23:38:47,754 - [Process 0/1] - INFO - len(per_windows_prompt):1
2024-12-20 23:38:52,288 - [Process 0/1] - INFO - res.shape is :torch.Size([5])
2024-12-20 23:38:52,365 - [Process 0/1] - INFO - len(per_windows_prompt):1
2024-12-20 23:38:55,619 - [Process 0/1] - INFO - res.shape is :torch.Size([2])
2024-12-20 23:38:55,705 - [Process 0/1] - INFO - len(per_windows_prompt):1
2024-12-20 23:38:59,070 - [Process 0/1] - INFO - res.shape is :torch.Size([4])
2024-12-20 23:38:59,188 - [Process 0/1] - INFO - len(per_windows_prompt):1
2024-12-20 23:39:03,676 - [Process 0/1] - INFO - res.shape is :torch.Size([4])
2024-12-20 23:39:03,789 - [Process 0/1] - INFO - len(per_windows_prompt):1
2024-12-20 23:39:10,286 - [Process 0/1] - INFO - res.shape is :torch.Size([54])
2024-12-20 23:39:10,404 - [Process 0/1] - INFO - len(per_windows_prompt):1
2024-12-20 23:39:15,813 - [Process 0/1] - INFO - res.shape is :torch.Size([27])
2024-12-20 23:39:15,937 - [Process 0/1] - INFO - len(per_windows_prompt):1
2024-12-20 23:39:20,443 - [Process 0/1] - INFO - res.shape is :torch.Size([5])
2024-12-20 23:39:20,549 - [Process 0/1] - INFO - len(per_windows_prompt):1
2024-12-20 23:39:25,050 - [Process 0/1] - INFO - res.shape is :torch.Size([5])
2024-12-20 23:39:25,141 - [Process 0/1] - INFO - len(per_windows_prompt):1
2024-12-20 23:39:28,895 - [Process 0/1] - INFO - res.shape is :torch.Size([4])
2024-12-20 23:39:29,002 - [Process 0/1] - INFO - len(per_windows_prompt):1
2024-12-20 23:39:35,571 - [Process 0/1] - INFO - res.shape is :torch.Size([56])
2024-12-20 23:39:35,679 - [Process 0/1] - INFO - len(per_windows_prompt):1
2024-12-20 23:39:40,530 - [Process 0/1] - INFO - res.shape is :torch.Size([13])
2024-12-20 23:39:40,642 - [Process 0/1] - INFO - len(per_windows_prompt):1
2024-12-20 23:39:45,042 - [Process 0/1] - INFO - res.shape is :torch.Size([2])
2024-12-20 23:39:45,172 - [Process 0/1] - INFO - len(per_windows_prompt):1
2024-12-20 23:39:49,659 - [Process 0/1] - INFO - res.shape is :torch.Size([4])
2024-12-20 23:39:49,769 - [Process 0/1] - INFO - len(per_windows_prompt):1
2024-12-20 23:39:54,281 - [Process 0/1] - INFO - res.shape is :torch.Size([5])
2024-12-20 23:39:54,389 - [Process 0/1] - INFO - len(per_windows_prompt):1
2024-12-20 23:39:59,749 - [Process 0/1] - INFO - res.shape is :torch.Size([26])
2024-12-20 23:39:59,857 - [Process 0/1] - INFO - len(per_windows_prompt):1
2024-12-20 23:40:04,341 - [Process 0/1] - INFO - res.shape is :torch.Size([4])
2024-12-20 23:40:04,457 - [Process 0/1] - INFO - len(per_windows_prompt):1
2024-12-20 23:40:08,888 - [Process 0/1] - INFO - res.shape is :torch.Size([3])
2024-12-20 23:40:09,007 - [Process 0/1] - INFO - len(per_windows_prompt):1
2024-12-20 23:40:14,538 - [Process 0/1] - INFO - res.shape is :torch.Size([30])
2024-12-20 23:40:14,678 - [Process 0/1] - INFO - len(per_windows_prompt):1
2024-12-20 23:40:19,800 - [Process 0/1] - INFO - res.shape is :torch.Size([20])
2024-12-20 23:40:19,920 - [Process 0/1] - INFO - len(per_windows_prompt):1
2024-12-20 23:40:26,446 - [Process 0/1] - INFO - res.shape is :torch.Size([55])
2024-12-20 23:40:26,518 - [Process 0/1] - INFO - len(per_windows_prompt):1
2024-12-20 23:40:30,351 - [Process 0/1] - INFO - res.shape is :torch.Size([32])
2024-12-20 23:40:30,473 - [Process 0/1] - INFO - len(per_windows_prompt):1
2024-12-20 23:40:35,752 - [Process 0/1] - INFO - res.shape is :torch.Size([24])
