2024-12-20 17:13:30,433 - [Process 2/5] - INFO - loading datasets finished
2024-12-20 17:13:30,434 - [Process 2/5] - INFO - model_max_len: 3950
2024-12-20 17:13:30,434 - [Process 2/5] - INFO - output_max_len: 64
2024-12-20 17:13:30,455 - [Process 2/5] - INFO - Max Length is 10337
2024-12-20 17:13:30,455 - [Process 2/5] - INFO - Finish loading dataset
2024-12-20 17:13:30,455 - [Process 2/5] - INFO - get_predicted begin
2024-12-20 17:13:40,653 - [Process 2/5] - INFO - res.shape is :torch.Size([28])
2024-12-20 17:13:45,189 - [Process 2/5] - INFO - res.shape is :torch.Size([16])
2024-12-20 17:13:48,836 - [Process 2/5] - INFO - res.shape is :torch.Size([15])
2024-12-20 17:13:52,403 - [Process 2/5] - INFO - res.shape is :torch.Size([7])
2024-12-20 17:13:55,973 - [Process 2/5] - INFO - res.shape is :torch.Size([51])
2024-12-20 17:14:00,363 - [Process 2/5] - INFO - res.shape is :torch.Size([13])
2024-12-20 17:14:04,490 - [Process 2/5] - INFO - res.shape is :torch.Size([6])
2024-12-20 17:14:09,748 - [Process 2/5] - INFO - res.shape is :torch.Size([35])
2024-12-20 17:14:14,009 - [Process 2/5] - INFO - res.shape is :torch.Size([10])
2024-12-20 17:14:18,381 - [Process 2/5] - INFO - res.shape is :torch.Size([13])
2024-12-20 17:14:21,073 - [Process 2/5] - INFO - res.shape is :torch.Size([19])
2024-12-20 17:14:22,844 - [Process 2/5] - INFO - res.shape is :torch.Size([6])
2024-12-20 17:14:27,889 - [Process 2/5] - INFO - res.shape is :torch.Size([29])
2024-12-20 17:14:34,428 - [Process 2/5] - INFO - res.shape is :torch.Size([66])
2024-12-20 17:14:38,583 - [Process 2/5] - INFO - res.shape is :torch.Size([6])
2024-12-20 17:14:43,496 - [Process 2/5] - INFO - res.shape is :torch.Size([25])
2024-12-20 17:14:47,184 - [Process 2/5] - INFO - res.shape is :torch.Size([9])
2024-12-20 17:14:51,728 - [Process 2/5] - INFO - res.shape is :torch.Size([16])
2024-12-20 17:14:56,898 - [Process 2/5] - INFO - res.shape is :torch.Size([32])
2024-12-20 17:15:00,960 - [Process 2/5] - INFO - res.shape is :torch.Size([4])
2024-12-20 17:15:05,388 - [Process 2/5] - INFO - res.shape is :torch.Size([13])
2024-12-20 17:15:10,859 - [Process 2/5] - INFO - res.shape is :torch.Size([39])
2024-12-20 17:15:16,779 - [Process 2/5] - INFO - res.shape is :torch.Size([51])
2024-12-20 17:15:18,578 - [Process 2/5] - INFO - res.shape is :torch.Size([6])
2024-12-20 17:15:23,435 - [Process 2/5] - INFO - res.shape is :torch.Size([24])
2024-12-20 17:15:29,967 - [Process 2/5] - INFO - res.shape is :torch.Size([65])
2024-12-20 17:15:31,972 - [Process 2/5] - INFO - res.shape is :torch.Size([12])
2024-12-20 17:15:35,135 - [Process 2/5] - INFO - res.shape is :torch.Size([6])
2024-12-20 17:15:39,754 - [Process 2/5] - INFO - res.shape is :torch.Size([18])
2024-12-20 17:15:43,813 - [Process 2/5] - INFO - res.shape is :torch.Size([4])
