2024-12-20 22:48:32,262 - [Process 0/1] - INFO - loading datasets finished
2024-12-20 22:48:32,263 - [Process 0/1] - INFO - model_max_len: 3950
2024-12-20 22:48:32,263 - [Process 0/1] - INFO - output_max_len: 128
2024-12-20 22:48:32,320 - [Process 0/1] - INFO - Max Length is 36418
2024-12-20 22:48:32,320 - [Process 0/1] - INFO - Finish loading dataset
2024-12-20 22:48:32,320 - [Process 0/1] - INFO - get_predicted begin
2024-12-20 22:48:32,568 - [Process 0/1] - INFO - len(per_windows_prompt):1
2024-12-20 22:48:41,955 - [Process 0/1] - INFO - res.shape is :torch.Size([128])
2024-12-20 22:48:42,213 - [Process 0/1] - INFO - len(per_windows_prompt):1
2024-12-20 22:48:51,069 - [Process 0/1] - INFO - res.shape is :torch.Size([128])
2024-12-20 22:48:51,202 - [Process 0/1] - INFO - len(per_windows_prompt):1
2024-12-20 22:49:00,067 - [Process 0/1] - INFO - res.shape is :torch.Size([128])
2024-12-20 22:49:00,201 - [Process 0/1] - INFO - len(per_windows_prompt):1
2024-12-20 22:49:09,071 - [Process 0/1] - INFO - res.shape is :torch.Size([128])
2024-12-20 22:49:09,343 - [Process 0/1] - INFO - len(per_windows_prompt):1
2024-12-20 22:49:18,223 - [Process 0/1] - INFO - res.shape is :torch.Size([128])
2024-12-20 22:49:18,381 - [Process 0/1] - INFO - len(per_windows_prompt):1
2024-12-20 22:49:27,253 - [Process 0/1] - INFO - res.shape is :torch.Size([128])
2024-12-20 22:49:27,473 - [Process 0/1] - INFO - len(per_windows_prompt):1
2024-12-20 22:49:36,356 - [Process 0/1] - INFO - res.shape is :torch.Size([128])
2024-12-20 22:49:36,654 - [Process 0/1] - INFO - len(per_windows_prompt):1
2024-12-20 22:49:40,583 - [Process 0/1] - INFO - res.shape is :torch.Size([3])
2024-12-20 22:49:40,825 - [Process 0/1] - INFO - len(per_windows_prompt):1
2024-12-20 22:49:49,701 - [Process 0/1] - INFO - res.shape is :torch.Size([128])
2024-12-20 22:49:49,831 - [Process 0/1] - INFO - len(per_windows_prompt):1
2024-12-20 22:49:58,721 - [Process 0/1] - INFO - res.shape is :torch.Size([128])
2024-12-20 22:49:59,013 - [Process 0/1] - INFO - len(per_windows_prompt):1
