2024-12-20 18:57:17,112 - [Process 3/5] - INFO - loading datasets finished
2024-12-20 18:57:17,113 - [Process 3/5] - INFO - model_max_len: 3950
2024-12-20 18:57:17,113 - [Process 3/5] - INFO - output_max_len: 64
2024-12-20 18:57:17,144 - [Process 3/5] - INFO - Max Length is 8714
2024-12-20 18:57:17,144 - [Process 3/5] - INFO - Finish loading dataset
2024-12-20 18:57:17,145 - [Process 3/5] - INFO - get_predicted begin
2024-12-20 18:57:21,939 - [Process 3/5] - INFO - len(per_windows_prompt):2
2024-12-20 18:57:28,314 - [Process 3/5] - INFO - res.shape is :torch.Size([66])
2024-12-20 18:57:28,540 - [Process 3/5] - INFO - len(per_windows_prompt):2
2024-12-20 18:57:34,904 - [Process 3/5] - INFO - res.shape is :torch.Size([66])
2024-12-20 18:57:35,167 - [Process 3/5] - INFO - len(per_windows_prompt):2
2024-12-20 18:57:41,549 - [Process 3/5] - INFO - res.shape is :torch.Size([66])
2024-12-20 18:57:41,781 - [Process 3/5] - INFO - len(per_windows_prompt):2
2024-12-20 18:57:48,176 - [Process 3/5] - INFO - res.shape is :torch.Size([66])
2024-12-20 18:57:48,378 - [Process 3/5] - INFO - len(per_windows_prompt):2
2024-12-20 18:57:54,841 - [Process 3/5] - INFO - res.shape is :torch.Size([66])
2024-12-20 18:57:54,981 - [Process 3/5] - INFO - len(per_windows_prompt):2
2024-12-20 18:58:00,214 - [Process 3/5] - INFO - res.shape is :torch.Size([66])
2024-12-20 18:58:00,454 - [Process 3/5] - INFO - len(per_windows_prompt):2
2024-12-20 18:58:06,857 - [Process 3/5] - INFO - res.shape is :torch.Size([66])
2024-12-20 18:58:07,005 - [Process 3/5] - INFO - len(per_windows_prompt):2
2024-12-20 18:58:12,344 - [Process 3/5] - INFO - res.shape is :torch.Size([66])
2024-12-20 18:58:12,589 - [Process 3/5] - INFO - len(per_windows_prompt):2
2024-12-20 18:58:18,977 - [Process 3/5] - INFO - res.shape is :torch.Size([66])
2024-12-20 18:58:19,201 - [Process 3/5] - INFO - len(per_windows_prompt):2
2024-12-20 18:58:25,592 - [Process 3/5] - INFO - res.shape is :torch.Size([66])
2024-12-20 18:58:25,840 - [Process 3/5] - INFO - len(per_windows_prompt):2
2024-12-20 18:58:32,260 - [Process 3/5] - INFO - res.shape is :torch.Size([66])
2024-12-20 18:58:32,442 - [Process 3/5] - INFO - len(per_windows_prompt):2
2024-12-20 18:58:38,473 - [Process 3/5] - INFO - res.shape is :torch.Size([66])
2024-12-20 18:58:38,674 - [Process 3/5] - INFO - len(per_windows_prompt):2
2024-12-20 18:58:45,065 - [Process 3/5] - INFO - res.shape is :torch.Size([66])
2024-12-20 18:58:45,264 - [Process 3/5] - INFO - len(per_windows_prompt):2
2024-12-20 18:58:51,656 - [Process 3/5] - INFO - res.shape is :torch.Size([66])
2024-12-20 18:58:51,885 - [Process 3/5] - INFO - len(per_windows_prompt):2
2024-12-20 18:58:58,283 - [Process 3/5] - INFO - res.shape is :torch.Size([66])
2024-12-20 18:58:58,521 - [Process 3/5] - INFO - len(per_windows_prompt):2
2024-12-20 18:59:04,933 - [Process 3/5] - INFO - res.shape is :torch.Size([66])
2024-12-20 18:59:05,179 - [Process 3/5] - INFO - len(per_windows_prompt):2
2024-12-20 18:59:11,549 - [Process 3/5] - INFO - res.shape is :torch.Size([66])
2024-12-20 18:59:11,806 - [Process 3/5] - INFO - len(per_windows_prompt):2
2024-12-20 18:59:18,234 - [Process 3/5] - INFO - res.shape is :torch.Size([66])
2024-12-20 18:59:18,460 - [Process 3/5] - INFO - len(per_windows_prompt):2
2024-12-20 18:59:24,968 - [Process 3/5] - INFO - res.shape is :torch.Size([66])
2024-12-20 18:59:25,186 - [Process 3/5] - INFO - len(per_windows_prompt):2
2024-12-20 18:59:31,615 - [Process 3/5] - INFO - res.shape is :torch.Size([66])
2024-12-20 18:59:31,833 - [Process 3/5] - INFO - len(per_windows_prompt):2
2024-12-20 18:59:38,311 - [Process 3/5] - INFO - res.shape is :torch.Size([66])
2024-12-20 18:59:38,543 - [Process 3/5] - INFO - len(per_windows_prompt):2
2024-12-20 18:59:45,018 - [Process 3/5] - INFO - res.shape is :torch.Size([66])
2024-12-20 18:59:45,216 - [Process 3/5] - INFO - len(per_windows_prompt):2
2024-12-20 18:59:51,683 - [Process 3/5] - INFO - res.shape is :torch.Size([66])
2024-12-20 18:59:51,912 - [Process 3/5] - INFO - len(per_windows_prompt):2
2024-12-20 18:59:58,366 - [Process 3/5] - INFO - res.shape is :torch.Size([66])
2024-12-20 18:59:58,508 - [Process 3/5] - INFO - len(per_windows_prompt):2
2024-12-20 19:00:04,031 - [Process 3/5] - INFO - res.shape is :torch.Size([66])
2024-12-20 19:00:04,241 - [Process 3/5] - INFO - len(per_windows_prompt):2
2024-12-20 19:00:10,612 - [Process 3/5] - INFO - res.shape is :torch.Size([66])
2024-12-20 19:00:10,812 - [Process 3/5] - INFO - len(per_windows_prompt):2
2024-12-20 19:00:17,234 - [Process 3/5] - INFO - res.shape is :torch.Size([66])
2024-12-20 19:00:17,461 - [Process 3/5] - INFO - len(per_windows_prompt):2
2024-12-20 19:00:23,882 - [Process 3/5] - INFO - res.shape is :torch.Size([66])
2024-12-20 19:00:24,097 - [Process 3/5] - INFO - len(per_windows_prompt):2
2024-12-20 19:00:30,502 - [Process 3/5] - INFO - res.shape is :torch.Size([66])
2024-12-20 19:00:30,712 - [Process 3/5] - INFO - len(per_windows_prompt):2
2024-12-20 19:00:37,063 - [Process 3/5] - INFO - res.shape is :torch.Size([66])
2024-12-20 19:00:37,283 - [Process 3/5] - INFO - len(per_windows_prompt):2
2024-12-20 19:00:43,609 - [Process 3/5] - INFO - res.shape is :torch.Size([66])
2024-12-20 19:00:43,836 - [Process 3/5] - INFO - len(per_windows_prompt):2
2024-12-20 19:00:50,209 - [Process 3/5] - INFO - res.shape is :torch.Size([66])
2024-12-20 19:00:50,372 - [Process 3/5] - INFO - len(per_windows_prompt):2
2024-12-20 19:00:56,322 - [Process 3/5] - INFO - res.shape is :torch.Size([66])
2024-12-20 19:00:56,503 - [Process 3/5] - INFO - len(per_windows_prompt):2
2024-12-20 19:01:02,859 - [Process 3/5] - INFO - res.shape is :torch.Size([66])
2024-12-20 19:01:03,059 - [Process 3/5] - INFO - len(per_windows_prompt):2
2024-12-20 19:01:09,388 - [Process 3/5] - INFO - res.shape is :torch.Size([66])
2024-12-20 19:01:09,599 - [Process 3/5] - INFO - len(per_windows_prompt):2
2024-12-20 19:01:15,956 - [Process 3/5] - INFO - res.shape is :torch.Size([66])
2024-12-20 19:01:16,209 - [Process 3/5] - INFO - len(per_windows_prompt):2
2024-12-20 19:01:22,633 - [Process 3/5] - INFO - res.shape is :torch.Size([66])
2024-12-20 19:01:22,877 - [Process 3/5] - INFO - len(per_windows_prompt):2
2024-12-20 19:01:29,316 - [Process 3/5] - INFO - res.shape is :torch.Size([66])
2024-12-20 19:01:29,445 - [Process 3/5] - INFO - len(per_windows_prompt):2
2024-12-20 19:01:34,382 - [Process 3/5] - INFO - res.shape is :torch.Size([66])
2024-12-20 19:01:34,600 - [Process 3/5] - INFO - len(per_windows_prompt):2
2024-12-20 19:01:40,915 - [Process 3/5] - INFO - res.shape is :torch.Size([66])
