2024-12-20 19:14:28,413 - [Process 1/5] - INFO - loading datasets finished
2024-12-20 19:14:28,413 - [Process 1/5] - INFO - model_max_len: 3950
2024-12-20 19:14:28,413 - [Process 1/5] - INFO - output_max_len: 32
2024-12-20 19:14:28,473 - [Process 1/5] - INFO - Max Length is 11516
2024-12-20 19:14:28,473 - [Process 1/5] - INFO - Finish loading dataset
2024-12-20 19:14:28,473 - [Process 1/5] - INFO - get_predicted begin
2024-12-20 19:14:33,204 - [Process 1/5] - INFO - len(per_windows_prompt):2
2024-12-20 19:14:38,605 - [Process 1/5] - INFO - res.shape is :torch.Size([34])
2024-12-20 19:14:38,766 - [Process 1/5] - INFO - len(per_windows_prompt):2
2024-12-20 19:14:42,320 - [Process 1/5] - INFO - res.shape is :torch.Size([4])
2024-12-20 19:14:42,470 - [Process 1/5] - INFO - len(per_windows_prompt):2
2024-12-20 19:14:46,351 - [Process 1/5] - INFO - res.shape is :torch.Size([10])
2024-12-20 19:14:46,511 - [Process 1/5] - INFO - len(per_windows_prompt):2
2024-12-20 19:14:50,509 - [Process 1/5] - INFO - res.shape is :torch.Size([15])
2024-12-20 19:14:50,657 - [Process 1/5] - INFO - len(per_windows_prompt):2
2024-12-20 19:14:55,499 - [Process 1/5] - INFO - res.shape is :torch.Size([34])
2024-12-20 19:14:55,662 - [Process 1/5] - INFO - len(per_windows_prompt):2
2024-12-20 19:14:59,477 - [Process 1/5] - INFO - res.shape is :torch.Size([8])
2024-12-20 19:14:59,639 - [Process 1/5] - INFO - len(per_windows_prompt):2
2024-12-20 19:15:03,456 - [Process 1/5] - INFO - res.shape is :torch.Size([8])
2024-12-20 19:15:03,607 - [Process 1/5] - INFO - len(per_windows_prompt):2
2024-12-20 19:15:08,365 - [Process 1/5] - INFO - res.shape is :torch.Size([34])
2024-12-20 19:15:08,527 - [Process 1/5] - INFO - len(per_windows_prompt):2
2024-12-20 19:15:12,490 - [Process 1/5] - INFO - res.shape is :torch.Size([14])
2024-12-20 19:15:12,645 - [Process 1/5] - INFO - len(per_windows_prompt):2
2024-12-20 19:15:17,430 - [Process 1/5] - INFO - res.shape is :torch.Size([34])
2024-12-20 19:15:17,581 - [Process 1/5] - INFO - len(per_windows_prompt):2
2024-12-20 19:15:21,597 - [Process 1/5] - INFO - res.shape is :torch.Size([15])
2024-12-20 19:15:21,745 - [Process 1/5] - INFO - len(per_windows_prompt):2
2024-12-20 19:15:25,612 - [Process 1/5] - INFO - res.shape is :torch.Size([9])
2024-12-20 19:15:25,769 - [Process 1/5] - INFO - len(per_windows_prompt):2
2024-12-20 19:15:30,631 - [Process 1/5] - INFO - res.shape is :torch.Size([34])
2024-12-20 19:15:30,780 - [Process 1/5] - INFO - len(per_windows_prompt):2
2024-12-20 19:15:34,649 - [Process 1/5] - INFO - res.shape is :torch.Size([9])
2024-12-20 19:15:34,803 - [Process 1/5] - INFO - len(per_windows_prompt):2
2024-12-20 19:15:38,864 - [Process 1/5] - INFO - res.shape is :torch.Size([16])
2024-12-20 19:15:39,021 - [Process 1/5] - INFO - len(per_windows_prompt):2
2024-12-20 19:15:43,423 - [Process 1/5] - INFO - res.shape is :torch.Size([23])
2024-12-20 19:15:43,574 - [Process 1/5] - INFO - len(per_windows_prompt):2
2024-12-20 19:15:47,398 - [Process 1/5] - INFO - res.shape is :torch.Size([9])
2024-12-20 19:15:47,545 - [Process 1/5] - INFO - len(per_windows_prompt):2
2024-12-20 19:15:51,425 - [Process 1/5] - INFO - res.shape is :torch.Size([9])
2024-12-20 19:15:51,586 - [Process 1/5] - INFO - len(per_windows_prompt):2
2024-12-20 19:15:55,645 - [Process 1/5] - INFO - res.shape is :torch.Size([16])
2024-12-20 19:15:55,804 - [Process 1/5] - INFO - len(per_windows_prompt):2
2024-12-20 19:16:00,794 - [Process 1/5] - INFO - res.shape is :torch.Size([34])
2024-12-20 19:16:00,957 - [Process 1/5] - INFO - len(per_windows_prompt):2
2024-12-20 19:16:04,811 - [Process 1/5] - INFO - res.shape is :torch.Size([8])
2024-12-20 19:16:04,969 - [Process 1/5] - INFO - len(per_windows_prompt):2
2024-12-20 19:16:08,810 - [Process 1/5] - INFO - res.shape is :torch.Size([9])
2024-12-20 19:16:08,965 - [Process 1/5] - INFO - len(per_windows_prompt):2
2024-12-20 19:16:13,850 - [Process 1/5] - INFO - res.shape is :torch.Size([34])
2024-12-20 19:16:14,010 - [Process 1/5] - INFO - len(per_windows_prompt):2
2024-12-20 19:16:17,848 - [Process 1/5] - INFO - res.shape is :torch.Size([9])
2024-12-20 19:16:18,002 - [Process 1/5] - INFO - len(per_windows_prompt):2
2024-12-20 19:16:22,970 - [Process 1/5] - INFO - res.shape is :torch.Size([34])
2024-12-20 19:16:23,116 - [Process 1/5] - INFO - len(per_windows_prompt):2
2024-12-20 19:16:27,946 - [Process 1/5] - INFO - res.shape is :torch.Size([34])
2024-12-20 19:16:28,094 - [Process 1/5] - INFO - len(per_windows_prompt):2
2024-12-20 19:16:32,025 - [Process 1/5] - INFO - res.shape is :torch.Size([10])
2024-12-20 19:16:32,176 - [Process 1/5] - INFO - len(per_windows_prompt):2
2024-12-20 19:16:35,968 - [Process 1/5] - INFO - res.shape is :torch.Size([9])
2024-12-20 19:16:36,119 - [Process 1/5] - INFO - len(per_windows_prompt):2
2024-12-20 19:16:40,010 - [Process 1/5] - INFO - res.shape is :torch.Size([9])
2024-12-20 19:16:40,178 - [Process 1/5] - INFO - len(per_windows_prompt):2
2024-12-20 19:16:44,076 - [Process 1/5] - INFO - res.shape is :torch.Size([9])
2024-12-20 19:16:44,234 - [Process 1/5] - INFO - len(per_windows_prompt):2
2024-12-20 19:16:48,169 - [Process 1/5] - INFO - res.shape is :torch.Size([10])
2024-12-20 19:16:48,317 - [Process 1/5] - INFO - len(per_windows_prompt):2
2024-12-20 19:16:52,360 - [Process 1/5] - INFO - res.shape is :torch.Size([15])
2024-12-20 19:16:52,505 - [Process 1/5] - INFO - len(per_windows_prompt):2
2024-12-20 19:16:57,392 - [Process 1/5] - INFO - res.shape is :torch.Size([34])
2024-12-20 19:16:57,546 - [Process 1/5] - INFO - len(per_windows_prompt):2
2024-12-20 19:17:02,520 - [Process 1/5] - INFO - res.shape is :torch.Size([34])
2024-12-20 19:17:02,674 - [Process 1/5] - INFO - len(per_windows_prompt):2
2024-12-20 19:17:07,533 - [Process 1/5] - INFO - res.shape is :torch.Size([34])
2024-12-20 19:17:07,690 - [Process 1/5] - INFO - len(per_windows_prompt):2
2024-12-20 19:17:11,864 - [Process 1/5] - INFO - res.shape is :torch.Size([16])
2024-12-20 19:17:12,011 - [Process 1/5] - INFO - len(per_windows_prompt):2
2024-12-20 19:17:16,260 - [Process 1/5] - INFO - res.shape is :torch.Size([20])
2024-12-20 19:17:16,412 - [Process 1/5] - INFO - len(per_windows_prompt):2
2024-12-20 19:17:20,310 - [Process 1/5] - INFO - res.shape is :torch.Size([9])
2024-12-20 19:17:20,461 - [Process 1/5] - INFO - len(per_windows_prompt):2
2024-12-20 19:17:25,446 - [Process 1/5] - INFO - res.shape is :torch.Size([34])
2024-12-20 19:17:25,594 - [Process 1/5] - INFO - len(per_windows_prompt):2
2024-12-20 19:17:30,483 - [Process 1/5] - INFO - res.shape is :torch.Size([34])
