2024-12-20 19:19:37,797 - [Process 1/5] - INFO - loading datasets finished
2024-12-20 19:19:37,797 - [Process 1/5] - INFO - model_max_len: 3950
2024-12-20 19:19:37,797 - [Process 1/5] - INFO - output_max_len: 512
2024-12-20 19:19:37,838 - [Process 1/5] - INFO - Max Length is 24585
2024-12-20 19:19:37,838 - [Process 1/5] - INFO - Finish loading dataset
2024-12-20 19:19:37,838 - [Process 1/5] - INFO - get_predicted begin
2024-12-20 19:19:42,582 - [Process 1/5] - INFO - len(per_windows_prompt):2
2024-12-20 19:19:51,506 - [Process 1/5] - INFO - res.shape is :torch.Size([123])
2024-12-20 19:19:51,666 - [Process 1/5] - INFO - len(per_windows_prompt):2
2024-12-20 19:20:01,511 - [Process 1/5] - INFO - res.shape is :torch.Size([160])
2024-12-20 19:20:01,598 - [Process 1/5] - INFO - len(per_windows_prompt):2
2024-12-20 19:20:08,358 - [Process 1/5] - INFO - res.shape is :torch.Size([107])
2024-12-20 19:20:08,520 - [Process 1/5] - INFO - len(per_windows_prompt):2
2024-12-20 19:20:17,207 - [Process 1/5] - INFO - res.shape is :torch.Size([131])
2024-12-20 19:20:17,321 - [Process 1/5] - INFO - len(per_windows_prompt):2
2024-12-20 19:20:26,068 - [Process 1/5] - INFO - res.shape is :torch.Size([134])
2024-12-20 19:20:26,252 - [Process 1/5] - INFO - len(per_windows_prompt):2
2024-12-20 19:20:33,905 - [Process 1/5] - INFO - res.shape is :torch.Size([107])
2024-12-20 19:20:34,053 - [Process 1/5] - INFO - len(per_windows_prompt):2
2024-12-20 19:20:42,119 - [Process 1/5] - INFO - res.shape is :torch.Size([115])
2024-12-20 19:20:42,261 - [Process 1/5] - INFO - len(per_windows_prompt):2
2024-12-20 19:20:48,903 - [Process 1/5] - INFO - res.shape is :torch.Size([79])
2024-12-20 19:20:49,035 - [Process 1/5] - INFO - len(per_windows_prompt):2
2024-12-20 19:21:13,241 - [Process 1/5] - INFO - res.shape is :torch.Size([514])
2024-12-20 19:21:13,389 - [Process 1/5] - INFO - len(per_windows_prompt):2
2024-12-20 19:21:19,433 - [Process 1/5] - INFO - res.shape is :torch.Size([64])
2024-12-20 19:21:19,604 - [Process 1/5] - INFO - len(per_windows_prompt):2
2024-12-20 19:21:30,629 - [Process 1/5] - INFO - res.shape is :torch.Size([190])
2024-12-20 19:21:30,789 - [Process 1/5] - INFO - len(per_windows_prompt):2
2024-12-20 19:21:40,648 - [Process 1/5] - INFO - res.shape is :torch.Size([160])
2024-12-20 19:21:40,780 - [Process 1/5] - INFO - len(per_windows_prompt):2
2024-12-20 19:22:05,009 - [Process 1/5] - INFO - res.shape is :torch.Size([514])
2024-12-20 19:22:05,152 - [Process 1/5] - INFO - len(per_windows_prompt):2
2024-12-20 19:22:29,368 - [Process 1/5] - INFO - res.shape is :torch.Size([514])
2024-12-20 19:22:29,536 - [Process 1/5] - INFO - len(per_windows_prompt):2
2024-12-20 19:22:35,414 - [Process 1/5] - INFO - res.shape is :torch.Size([62])
2024-12-20 19:22:35,573 - [Process 1/5] - INFO - len(per_windows_prompt):2
2024-12-20 19:22:45,679 - [Process 1/5] - INFO - res.shape is :torch.Size([166])
2024-12-20 19:22:45,795 - [Process 1/5] - INFO - len(per_windows_prompt):2
2024-12-20 19:22:58,239 - [Process 1/5] - INFO - res.shape is :torch.Size([226])
2024-12-20 19:22:58,399 - [Process 1/5] - INFO - len(per_windows_prompt):2
2024-12-20 19:23:08,939 - [Process 1/5] - INFO - res.shape is :torch.Size([179])
2024-12-20 19:23:09,077 - [Process 1/5] - INFO - len(per_windows_prompt):2
2024-12-20 19:23:16,577 - [Process 1/5] - INFO - res.shape is :torch.Size([103])
2024-12-20 19:23:16,700 - [Process 1/5] - INFO - len(per_windows_prompt):2
2024-12-20 19:23:23,793 - [Process 1/5] - INFO - res.shape is :torch.Size([90])
2024-12-20 19:23:23,931 - [Process 1/5] - INFO - len(per_windows_prompt):2
2024-12-20 19:23:30,507 - [Process 1/5] - INFO - res.shape is :torch.Size([77])
2024-12-20 19:23:30,648 - [Process 1/5] - INFO - len(per_windows_prompt):2
2024-12-20 19:23:37,712 - [Process 1/5] - INFO - res.shape is :torch.Size([89])
2024-12-20 19:23:37,897 - [Process 1/5] - INFO - len(per_windows_prompt):2
2024-12-20 19:23:48,209 - [Process 1/5] - INFO - res.shape is :torch.Size([173])
2024-12-20 19:23:48,369 - [Process 1/5] - INFO - len(per_windows_prompt):2
2024-12-20 19:23:58,219 - [Process 1/5] - INFO - res.shape is :torch.Size([159])
2024-12-20 19:23:58,483 - [Process 1/5] - INFO - len(per_windows_prompt):2
2024-12-20 19:24:05,188 - [Process 1/5] - INFO - res.shape is :torch.Size([80])
2024-12-20 19:24:05,317 - [Process 1/5] - INFO - len(per_windows_prompt):2
2024-12-20 19:24:13,803 - [Process 1/5] - INFO - res.shape is :torch.Size([125])
2024-12-20 19:24:13,939 - [Process 1/5] - INFO - len(per_windows_prompt):2
2024-12-20 19:24:22,950 - [Process 1/5] - INFO - res.shape is :torch.Size([138])
2024-12-20 19:24:23,080 - [Process 1/5] - INFO - len(per_windows_prompt):2
2024-12-20 19:24:32,279 - [Process 1/5] - INFO - res.shape is :torch.Size([143])
2024-12-20 19:24:32,431 - [Process 1/5] - INFO - len(per_windows_prompt):2
2024-12-20 19:24:39,115 - [Process 1/5] - INFO - res.shape is :torch.Size([81])
2024-12-20 19:24:39,297 - [Process 1/5] - INFO - len(per_windows_prompt):2
2024-12-20 19:24:46,974 - [Process 1/5] - INFO - res.shape is :torch.Size([107])
2024-12-20 19:24:47,235 - [Process 1/5] - INFO - len(per_windows_prompt):2
2024-12-20 19:24:54,890 - [Process 1/5] - INFO - res.shape is :torch.Size([104])
2024-12-20 19:24:55,061 - [Process 1/5] - INFO - len(per_windows_prompt):2
2024-12-20 19:25:19,306 - [Process 1/5] - INFO - res.shape is :torch.Size([514])
2024-12-20 19:25:19,462 - [Process 1/5] - INFO - len(per_windows_prompt):2
2024-12-20 19:25:25,519 - [Process 1/5] - INFO - res.shape is :torch.Size([64])
2024-12-20 19:25:25,678 - [Process 1/5] - INFO - len(per_windows_prompt):2
2024-12-20 19:25:29,835 - [Process 1/5] - INFO - res.shape is :torch.Size([16])
2024-12-20 19:25:29,962 - [Process 1/5] - INFO - len(per_windows_prompt):2
2024-12-20 19:25:38,004 - [Process 1/5] - INFO - res.shape is :torch.Size([114])
2024-12-20 19:25:38,131 - [Process 1/5] - INFO - len(per_windows_prompt):2
2024-12-20 19:25:45,109 - [Process 1/5] - INFO - res.shape is :torch.Size([87])
2024-12-20 19:25:45,255 - [Process 1/5] - INFO - len(per_windows_prompt):2
2024-12-20 19:25:52,370 - [Process 1/5] - INFO - res.shape is :torch.Size([90])
2024-12-20 19:25:52,573 - [Process 1/5] - INFO - len(per_windows_prompt):2
2024-12-20 19:26:00,760 - [Process 1/5] - INFO - res.shape is :torch.Size([117])
2024-12-20 19:26:00,918 - [Process 1/5] - INFO - len(per_windows_prompt):2
2024-12-20 19:26:08,225 - [Process 1/5] - INFO - res.shape is :torch.Size([95])
2024-12-20 19:26:08,399 - [Process 1/5] - INFO - len(per_windows_prompt):2
2024-12-20 19:26:32,659 - [Process 1/5] - INFO - res.shape is :torch.Size([514])
