2024-12-20 22:19:29,210 - [Process 2/5] - INFO - loading datasets finished
2024-12-20 22:19:29,211 - [Process 2/5] - INFO - model_max_len: 3950
2024-12-20 22:19:29,211 - [Process 2/5] - INFO - output_max_len: 64
2024-12-20 22:19:29,240 - [Process 2/5] - INFO - Max Length is 10337
2024-12-20 22:19:29,240 - [Process 2/5] - INFO - Finish loading dataset
2024-12-20 22:19:29,240 - [Process 2/5] - INFO - get_predicted begin
2024-12-20 22:19:34,099 - [Process 2/5] - INFO - len(per_windows_prompt):2
2024-12-20 22:19:38,754 - [Process 2/5] - INFO - res.shape is :torch.Size([2])
2024-12-20 22:19:38,998 - [Process 2/5] - INFO - len(per_windows_prompt):2
2024-12-20 22:19:43,356 - [Process 2/5] - INFO - res.shape is :torch.Size([15])
2024-12-20 22:19:43,506 - [Process 2/5] - INFO - len(per_windows_prompt):2
2024-12-20 22:19:46,867 - [Process 2/5] - INFO - res.shape is :torch.Size([6])
2024-12-20 22:19:47,027 - [Process 2/5] - INFO - len(per_windows_prompt):2
2024-12-20 22:19:50,455 - [Process 2/5] - INFO - res.shape is :torch.Size([3])
2024-12-20 22:19:50,555 - [Process 2/5] - INFO - len(per_windows_prompt):2
2024-12-20 22:19:52,878 - [Process 2/5] - INFO - res.shape is :torch.Size([8])
2024-12-20 22:19:53,098 - [Process 2/5] - INFO - len(per_windows_prompt):2
2024-12-20 22:19:57,853 - [Process 2/5] - INFO - res.shape is :torch.Size([24])
2024-12-20 22:19:58,095 - [Process 2/5] - INFO - len(per_windows_prompt):2
2024-12-20 22:20:02,053 - [Process 2/5] - INFO - res.shape is :torch.Size([5])
2024-12-20 22:20:02,259 - [Process 2/5] - INFO - len(per_windows_prompt):2
2024-12-20 22:20:07,182 - [Process 2/5] - INFO - res.shape is :torch.Size([29])
2024-12-20 22:20:07,370 - [Process 2/5] - INFO - len(per_windows_prompt):2
2024-12-20 22:20:11,372 - [Process 2/5] - INFO - res.shape is :torch.Size([6])
2024-12-20 22:20:11,558 - [Process 2/5] - INFO - len(per_windows_prompt):2
2024-12-20 22:20:15,495 - [Process 2/5] - INFO - res.shape is :torch.Size([4])
2024-12-20 22:20:15,599 - [Process 2/5] - INFO - len(per_windows_prompt):2
2024-12-20 22:20:18,563 - [Process 2/5] - INFO - res.shape is :torch.Size([18])
2024-12-20 22:20:18,650 - [Process 2/5] - INFO - len(per_windows_prompt):2
2024-12-20 22:20:20,570 - [Process 2/5] - INFO - res.shape is :torch.Size([4])
2024-12-20 22:20:20,777 - [Process 2/5] - INFO - len(per_windows_prompt):2
2024-12-20 22:20:26,778 - [Process 2/5] - INFO - res.shape is :torch.Size([51])
2024-12-20 22:20:27,005 - [Process 2/5] - INFO - len(per_windows_prompt):2
2024-12-20 22:20:31,955 - [Process 2/5] - INFO - res.shape is :torch.Size([27])
2024-12-20 22:20:32,197 - [Process 2/5] - INFO - len(per_windows_prompt):2
2024-12-20 22:20:36,735 - [Process 2/5] - INFO - res.shape is :torch.Size([16])
2024-12-20 22:20:36,992 - [Process 2/5] - INFO - len(per_windows_prompt):2
2024-12-20 22:20:40,964 - [Process 2/5] - INFO - res.shape is :torch.Size([4])
2024-12-20 22:20:41,127 - [Process 2/5] - INFO - len(per_windows_prompt):2
2024-12-20 22:20:44,765 - [Process 2/5] - INFO - res.shape is :torch.Size([7])
2024-12-20 22:20:44,987 - [Process 2/5] - INFO - len(per_windows_prompt):2
2024-12-20 22:20:49,488 - [Process 2/5] - INFO - res.shape is :torch.Size([16])
2024-12-20 22:20:49,680 - [Process 2/5] - INFO - len(per_windows_prompt):2
2024-12-20 22:20:56,209 - [Process 2/5] - INFO - res.shape is :torch.Size([64])
2024-12-20 22:20:56,437 - [Process 2/5] - INFO - len(per_windows_prompt):2
2024-12-20 22:21:00,319 - [Process 2/5] - INFO - res.shape is :torch.Size([3])
2024-12-20 22:21:00,533 - [Process 2/5] - INFO - len(per_windows_prompt):2
2024-12-20 22:21:04,813 - [Process 2/5] - INFO - res.shape is :torch.Size([9])
2024-12-20 22:21:05,026 - [Process 2/5] - INFO - len(per_windows_prompt):2
2024-12-20 22:21:09,271 - [Process 2/5] - INFO - res.shape is :torch.Size([10])
2024-12-20 22:21:09,461 - [Process 2/5] - INFO - len(per_windows_prompt):2
2024-12-20 22:21:13,902 - [Process 2/5] - INFO - res.shape is :torch.Size([16])
2024-12-20 22:21:13,984 - [Process 2/5] - INFO - len(per_windows_prompt):2
2024-12-20 22:21:15,932 - [Process 2/5] - INFO - res.shape is :torch.Size([3])
2024-12-20 22:21:16,125 - [Process 2/5] - INFO - len(per_windows_prompt):2
2024-12-20 22:21:20,810 - [Process 2/5] - INFO - res.shape is :torch.Size([22])
2024-12-20 22:21:21,066 - [Process 2/5] - INFO - len(per_windows_prompt):2
2024-12-20 22:21:27,072 - [Process 2/5] - INFO - res.shape is :torch.Size([51])
2024-12-20 22:21:27,156 - [Process 2/5] - INFO - len(per_windows_prompt):2
2024-12-20 22:21:29,411 - [Process 2/5] - INFO - res.shape is :torch.Size([11])
2024-12-20 22:21:29,544 - [Process 2/5] - INFO - len(per_windows_prompt):2
2024-12-20 22:21:32,571 - [Process 2/5] - INFO - res.shape is :torch.Size([5])
2024-12-20 22:21:32,764 - [Process 2/5] - INFO - len(per_windows_prompt):2
2024-12-20 22:21:39,352 - [Process 2/5] - INFO - res.shape is :torch.Size([64])
2024-12-20 22:21:39,564 - [Process 2/5] - INFO - len(per_windows_prompt):2
2024-12-20 22:21:46,039 - [Process 2/5] - INFO - res.shape is :torch.Size([64])
