2024-12-20 21:40:52,033 - [Process 4/5] - INFO - loading datasets finished
2024-12-20 21:40:52,033 - [Process 4/5] - INFO - model_max_len: 3950
2024-12-20 21:40:52,033 - [Process 4/5] - INFO - output_max_len: 64
2024-12-20 21:40:52,061 - [Process 4/5] - INFO - Max Length is 10337
2024-12-20 21:40:52,061 - [Process 4/5] - INFO - Finish loading dataset
2024-12-20 21:40:52,062 - [Process 4/5] - INFO - get_predicted begin
2024-12-20 21:40:56,878 - [Process 4/5] - INFO - len(per_windows_prompt):2
2024-12-20 21:40:58,049 - [Process 4/5] - INFO - res.shape is :torch.Size([4])
2024-12-20 21:40:58,278 - [Process 4/5] - INFO - len(per_windows_prompt):2
2024-12-20 21:40:58,923 - [Process 4/5] - INFO - res.shape is :torch.Size([10])
2024-12-20 21:40:59,088 - [Process 4/5] - INFO - len(per_windows_prompt):2
2024-12-20 21:40:59,441 - [Process 4/5] - INFO - res.shape is :torch.Size([3])
2024-12-20 21:40:59,638 - [Process 4/5] - INFO - len(per_windows_prompt):2
2024-12-20 21:40:59,978 - [Process 4/5] - INFO - res.shape is :torch.Size([3])
2024-12-20 21:41:00,203 - [Process 4/5] - INFO - len(per_windows_prompt):2
2024-12-20 21:41:00,855 - [Process 4/5] - INFO - res.shape is :torch.Size([10])
2024-12-20 21:41:01,087 - [Process 4/5] - INFO - len(per_windows_prompt):2
2024-12-20 21:41:01,478 - [Process 4/5] - INFO - res.shape is :torch.Size([4])
2024-12-20 21:41:01,684 - [Process 4/5] - INFO - len(per_windows_prompt):2
2024-12-20 21:41:02,083 - [Process 4/5] - INFO - res.shape is :torch.Size([4])
2024-12-20 21:41:02,308 - [Process 4/5] - INFO - len(per_windows_prompt):2
2024-12-20 21:41:02,747 - [Process 4/5] - INFO - res.shape is :torch.Size([5])
2024-12-20 21:41:02,945 - [Process 4/5] - INFO - len(per_windows_prompt):2
2024-12-20 21:41:03,255 - [Process 4/5] - INFO - res.shape is :torch.Size([2])
2024-12-20 21:41:03,491 - [Process 4/5] - INFO - len(per_windows_prompt):2
2024-12-20 21:41:03,884 - [Process 4/5] - INFO - res.shape is :torch.Size([4])
2024-12-20 21:41:04,062 - [Process 4/5] - INFO - len(per_windows_prompt):2
2024-12-20 21:41:04,456 - [Process 4/5] - INFO - res.shape is :torch.Size([4])
2024-12-20 21:41:04,630 - [Process 4/5] - INFO - len(per_windows_prompt):2
2024-12-20 21:41:05,097 - [Process 4/5] - INFO - res.shape is :torch.Size([6])
2024-12-20 21:41:05,294 - [Process 4/5] - INFO - len(per_windows_prompt):2
2024-12-20 21:41:08,304 - [Process 4/5] - INFO - res.shape is :torch.Size([64])
2024-12-20 21:41:08,557 - [Process 4/5] - INFO - len(per_windows_prompt):2
2024-12-20 21:41:08,906 - [Process 4/5] - INFO - res.shape is :torch.Size([3])
2024-12-20 21:41:09,141 - [Process 4/5] - INFO - len(per_windows_prompt):2
2024-12-20 21:41:09,482 - [Process 4/5] - INFO - res.shape is :torch.Size([3])
2024-12-20 21:41:09,719 - [Process 4/5] - INFO - len(per_windows_prompt):2
2024-12-20 21:41:10,104 - [Process 4/5] - INFO - res.shape is :torch.Size([4])
2024-12-20 21:41:10,329 - [Process 4/5] - INFO - len(per_windows_prompt):2
2024-12-20 21:41:10,676 - [Process 4/5] - INFO - res.shape is :torch.Size([3])
2024-12-20 21:41:10,907 - [Process 4/5] - INFO - len(per_windows_prompt):2
2024-12-20 21:41:11,396 - [Process 4/5] - INFO - res.shape is :torch.Size([6])
2024-12-20 21:41:11,612 - [Process 4/5] - INFO - len(per_windows_prompt):2
2024-12-20 21:41:11,913 - [Process 4/5] - INFO - res.shape is :torch.Size([2])
2024-12-20 21:41:12,145 - [Process 4/5] - INFO - len(per_windows_prompt):2
2024-12-20 21:41:12,450 - [Process 4/5] - INFO - res.shape is :torch.Size([2])
2024-12-20 21:41:12,661 - [Process 4/5] - INFO - len(per_windows_prompt):2
2024-12-20 21:41:13,049 - [Process 4/5] - INFO - res.shape is :torch.Size([4])
2024-12-20 21:41:13,222 - [Process 4/5] - INFO - len(per_windows_prompt):2
2024-12-20 21:41:13,605 - [Process 4/5] - INFO - res.shape is :torch.Size([4])
2024-12-20 21:41:13,858 - [Process 4/5] - INFO - len(per_windows_prompt):2
2024-12-20 21:41:14,158 - [Process 4/5] - INFO - res.shape is :torch.Size([2])
2024-12-20 21:41:14,326 - [Process 4/5] - INFO - len(per_windows_prompt):2
2024-12-20 21:41:14,631 - [Process 4/5] - INFO - res.shape is :torch.Size([2])
2024-12-20 21:41:14,700 - [Process 4/5] - INFO - len(per_windows_prompt):2
2024-12-20 21:41:16,056 - [Process 4/5] - INFO - res.shape is :torch.Size([26])
2024-12-20 21:41:16,299 - [Process 4/5] - INFO - len(per_windows_prompt):2
2024-12-20 21:41:17,537 - [Process 4/5] - INFO - res.shape is :torch.Size([23])
2024-12-20 21:41:17,679 - [Process 4/5] - INFO - len(per_windows_prompt):2
2024-12-20 21:41:18,028 - [Process 4/5] - INFO - res.shape is :torch.Size([3])
2024-12-20 21:41:18,272 - [Process 4/5] - INFO - len(per_windows_prompt):2
2024-12-20 21:41:18,578 - [Process 4/5] - INFO - res.shape is :torch.Size([2])
2024-12-20 21:41:18,784 - [Process 4/5] - INFO - len(per_windows_prompt):2
2024-12-20 21:41:19,833 - [Process 4/5] - INFO - res.shape is :torch.Size([19])
2024-12-20 21:41:20,086 - [Process 4/5] - INFO - len(per_windows_prompt):2
2024-12-20 21:41:20,752 - [Process 4/5] - INFO - res.shape is :torch.Size([10])
