2024-12-20 17:06:19,111 - [Process 0/5] - INFO - loading datasets finished
2024-12-20 17:06:19,111 - [Process 0/5] - INFO - model_max_len: 3950
2024-12-20 17:06:19,111 - [Process 0/5] - INFO - output_max_len: 64
2024-12-20 17:06:19,144 - [Process 0/5] - INFO - Max Length is 10337
2024-12-20 17:06:19,144 - [Process 0/5] - INFO - Finish loading dataset
2024-12-20 17:06:19,145 - [Process 0/5] - INFO - get_predicted begin
2024-12-20 17:06:26,415 - [Process 0/5] - INFO - res.shape is :torch.Size([8])
2024-12-20 17:06:30,581 - [Process 0/5] - INFO - res.shape is :torch.Size([5])
2024-12-20 17:06:35,683 - [Process 0/5] - INFO - res.shape is :torch.Size([28])
2024-12-20 17:06:40,238 - [Process 0/5] - INFO - res.shape is :torch.Size([14])
2024-12-20 17:06:47,057 - [Process 0/5] - INFO - res.shape is :torch.Size([66])
2024-12-20 17:06:52,853 - [Process 0/5] - INFO - res.shape is :torch.Size([44])
2024-12-20 17:06:59,683 - [Process 0/5] - INFO - res.shape is :torch.Size([66])
2024-12-20 17:07:03,285 - [Process 0/5] - INFO - res.shape is :torch.Size([7])
2024-12-20 17:07:06,139 - [Process 0/5] - INFO - res.shape is :torch.Size([23])
2024-12-20 17:07:12,071 - [Process 0/5] - INFO - res.shape is :torch.Size([45])
2024-12-20 17:07:16,193 - [Process 0/5] - INFO - res.shape is :torch.Size([4])
2024-12-20 17:07:20,375 - [Process 0/5] - INFO - res.shape is :torch.Size([5])
2024-12-20 17:07:27,225 - [Process 0/5] - INFO - res.shape is :torch.Size([66])
2024-12-20 17:07:31,526 - [Process 0/5] - INFO - res.shape is :torch.Size([8])
2024-12-20 17:07:37,137 - [Process 0/5] - INFO - res.shape is :torch.Size([39])
2024-12-20 17:07:40,601 - [Process 0/5] - INFO - res.shape is :torch.Size([9])
2024-12-20 17:07:46,964 - [Process 0/5] - INFO - res.shape is :torch.Size([57])
2024-12-20 17:07:52,141 - [Process 0/5] - INFO - res.shape is :torch.Size([29])
2024-12-20 17:07:56,498 - [Process 0/5] - INFO - res.shape is :torch.Size([9])
2024-12-20 17:08:00,903 - [Process 0/5] - INFO - res.shape is :torch.Size([11])
2024-12-20 17:08:04,417 - [Process 0/5] - INFO - res.shape is :torch.Size([12])
2024-12-20 17:08:08,737 - [Process 0/5] - INFO - res.shape is :torch.Size([8])
2024-12-20 17:08:12,928 - [Process 0/5] - INFO - res.shape is :torch.Size([5])
2024-12-20 17:08:17,514 - [Process 0/5] - INFO - res.shape is :torch.Size([15])
2024-12-20 17:08:23,604 - [Process 0/5] - INFO - res.shape is :torch.Size([48])
2024-12-20 17:08:28,231 - [Process 0/5] - INFO - res.shape is :torch.Size([15])
2024-12-20 17:08:33,006 - [Process 0/5] - INFO - res.shape is :torch.Size([18])
2024-12-20 17:08:37,402 - [Process 0/5] - INFO - res.shape is :torch.Size([9])
2024-12-20 17:08:41,624 - [Process 0/5] - INFO - res.shape is :torch.Size([6])
2024-12-20 17:08:46,565 - [Process 0/5] - INFO - res.shape is :torch.Size([23])
