2024-12-20 18:31:43,896 - [Process 3/5] - INFO - loading datasets finished
2024-12-20 18:31:43,896 - [Process 3/5] - INFO - model_max_len: 3950
2024-12-20 18:31:43,896 - [Process 3/5] - INFO - output_max_len: 128
2024-12-20 18:31:43,934 - [Process 3/5] - INFO - Max Length is 14660
2024-12-20 18:31:43,935 - [Process 3/5] - INFO - Finish loading dataset
2024-12-20 18:31:43,935 - [Process 3/5] - INFO - get_predicted begin
2024-12-20 18:31:48,768 - [Process 3/5] - INFO - len(per_windows_prompt):2
2024-12-20 18:31:58,626 - [Process 3/5] - INFO - res.shape is :torch.Size([130])
2024-12-20 18:31:58,819 - [Process 3/5] - INFO - len(per_windows_prompt):2
2024-12-20 18:32:02,565 - [Process 3/5] - INFO - res.shape is :torch.Size([7])
2024-12-20 18:32:02,747 - [Process 3/5] - INFO - len(per_windows_prompt):2
2024-12-20 18:32:06,353 - [Process 3/5] - INFO - res.shape is :torch.Size([4])
2024-12-20 18:32:06,562 - [Process 3/5] - INFO - len(per_windows_prompt):2
2024-12-20 18:32:10,508 - [Process 3/5] - INFO - res.shape is :torch.Size([12])
2024-12-20 18:32:10,709 - [Process 3/5] - INFO - len(per_windows_prompt):2
2024-12-20 18:32:16,816 - [Process 3/5] - INFO - res.shape is :torch.Size([61])
2024-12-20 18:32:17,012 - [Process 3/5] - INFO - len(per_windows_prompt):2
2024-12-20 18:32:21,634 - [Process 3/5] - INFO - res.shape is :torch.Size([24])
2024-12-20 18:32:21,816 - [Process 3/5] - INFO - len(per_windows_prompt):2
2024-12-20 18:32:26,387 - [Process 3/5] - INFO - res.shape is :torch.Size([33])
2024-12-20 18:32:26,600 - [Process 3/5] - INFO - len(per_windows_prompt):2
2024-12-20 18:32:35,194 - [Process 3/5] - INFO - res.shape is :torch.Size([117])
2024-12-20 18:32:35,420 - [Process 3/5] - INFO - len(per_windows_prompt):2
2024-12-20 18:32:40,711 - [Process 3/5] - INFO - res.shape is :torch.Size([42])
2024-12-20 18:32:40,898 - [Process 3/5] - INFO - len(per_windows_prompt):2
2024-12-20 18:32:50,008 - [Process 3/5] - INFO - res.shape is :torch.Size([130])
2024-12-20 18:32:50,193 - [Process 3/5] - INFO - len(per_windows_prompt):2
2024-12-20 18:32:56,276 - [Process 3/5] - INFO - res.shape is :torch.Size([72])
2024-12-20 18:32:56,452 - [Process 3/5] - INFO - len(per_windows_prompt):2
2024-12-20 18:33:00,995 - [Process 3/5] - INFO - res.shape is :torch.Size([28])
2024-12-20 18:33:01,188 - [Process 3/5] - INFO - len(per_windows_prompt):2
2024-12-20 18:33:08,191 - [Process 3/5] - INFO - res.shape is :torch.Size([81])
2024-12-20 18:33:08,419 - [Process 3/5] - INFO - len(per_windows_prompt):2
2024-12-20 18:33:17,907 - [Process 3/5] - INFO - res.shape is :torch.Size([130])
2024-12-20 18:33:18,103 - [Process 3/5] - INFO - len(per_windows_prompt):2
2024-12-20 18:33:22,098 - [Process 3/5] - INFO - res.shape is :torch.Size([10])
2024-12-20 18:33:22,310 - [Process 3/5] - INFO - len(per_windows_prompt):2
2024-12-20 18:33:26,071 - [Process 3/5] - INFO - res.shape is :torch.Size([5])
2024-12-20 18:33:26,279 - [Process 3/5] - INFO - len(per_windows_prompt):2
2024-12-20 18:33:30,778 - [Process 3/5] - INFO - res.shape is :torch.Size([25])
2024-12-20 18:33:30,917 - [Process 3/5] - INFO - len(per_windows_prompt):2
2024-12-20 18:33:33,892 - [Process 3/5] - INFO - res.shape is :torch.Size([4])
2024-12-20 18:33:34,065 - [Process 3/5] - INFO - len(per_windows_prompt):2
2024-12-20 18:33:37,492 - [Process 3/5] - INFO - res.shape is :torch.Size([4])
2024-12-20 18:33:37,688 - [Process 3/5] - INFO - len(per_windows_prompt):2
2024-12-20 18:33:41,562 - [Process 3/5] - INFO - res.shape is :torch.Size([10])
2024-12-20 18:33:41,775 - [Process 3/5] - INFO - len(per_windows_prompt):2
2024-12-20 18:33:46,382 - [Process 3/5] - INFO - res.shape is :torch.Size([24])
2024-12-20 18:33:46,582 - [Process 3/5] - INFO - len(per_windows_prompt):2
2024-12-20 18:33:50,347 - [Process 3/5] - INFO - res.shape is :torch.Size([5])
2024-12-20 18:33:50,549 - [Process 3/5] - INFO - len(per_windows_prompt):2
2024-12-20 18:33:54,318 - [Process 3/5] - INFO - res.shape is :torch.Size([5])
2024-12-20 18:33:54,516 - [Process 3/5] - INFO - len(per_windows_prompt):2
2024-12-20 18:33:59,535 - [Process 3/5] - INFO - res.shape is :torch.Size([34])
2024-12-20 18:33:59,725 - [Process 3/5] - INFO - len(per_windows_prompt):2
2024-12-20 18:34:06,938 - [Process 3/5] - INFO - res.shape is :torch.Size([80])
2024-12-20 18:34:07,153 - [Process 3/5] - INFO - len(per_windows_prompt):2
2024-12-20 18:34:12,811 - [Process 3/5] - INFO - res.shape is :torch.Size([51])
2024-12-20 18:34:12,953 - [Process 3/5] - INFO - len(per_windows_prompt):2
2024-12-20 18:34:17,246 - [Process 3/5] - INFO - res.shape is :torch.Size([45])
2024-12-20 18:34:17,425 - [Process 3/5] - INFO - len(per_windows_prompt):2
2024-12-20 18:34:20,980 - [Process 3/5] - INFO - res.shape is :torch.Size([4])
2024-12-20 18:34:21,199 - [Process 3/5] - INFO - len(per_windows_prompt):2
2024-12-20 18:34:29,101 - [Process 3/5] - INFO - res.shape is :torch.Size([99])
2024-12-20 18:34:29,265 - [Process 3/5] - INFO - len(per_windows_prompt):2
2024-12-20 18:34:36,699 - [Process 3/5] - INFO - res.shape is :torch.Size([102])
2024-12-20 18:34:36,850 - [Process 3/5] - INFO - len(per_windows_prompt):2
2024-12-20 18:34:42,788 - [Process 3/5] - INFO - res.shape is :torch.Size([78])
2024-12-20 18:34:42,989 - [Process 3/5] - INFO - len(per_windows_prompt):2
2024-12-20 18:34:48,272 - [Process 3/5] - INFO - res.shape is :torch.Size([41])
2024-12-20 18:34:48,460 - [Process 3/5] - INFO - len(per_windows_prompt):2
2024-12-20 18:34:54,406 - [Process 3/5] - INFO - res.shape is :torch.Size([60])
2024-12-20 18:34:54,605 - [Process 3/5] - INFO - len(per_windows_prompt):2
2024-12-20 18:34:58,572 - [Process 3/5] - INFO - res.shape is :torch.Size([10])
2024-12-20 18:34:58,761 - [Process 3/5] - INFO - len(per_windows_prompt):2
2024-12-20 18:35:02,566 - [Process 3/5] - INFO - res.shape is :torch.Size([6])
2024-12-20 18:35:02,767 - [Process 3/5] - INFO - len(per_windows_prompt):2
2024-12-20 18:35:07,318 - [Process 3/5] - INFO - res.shape is :torch.Size([25])
2024-12-20 18:35:07,502 - [Process 3/5] - INFO - len(per_windows_prompt):2
2024-12-20 18:35:11,309 - [Process 3/5] - INFO - res.shape is :torch.Size([6])
2024-12-20 18:35:11,509 - [Process 3/5] - INFO - len(per_windows_prompt):2
2024-12-20 18:35:15,193 - [Process 3/5] - INFO - res.shape is :torch.Size([5])
2024-12-20 18:35:15,398 - [Process 3/5] - INFO - len(per_windows_prompt):2
2024-12-20 18:35:19,118 - [Process 3/5] - INFO - res.shape is :torch.Size([4])
2024-12-20 18:35:19,263 - [Process 3/5] - INFO - len(per_windows_prompt):2
2024-12-20 18:35:27,278 - [Process 3/5] - INFO - res.shape is :torch.Size([130])
