2024-12-20 18:37:30,479 - [Process 2/5] - INFO - loading datasets finished
2024-12-20 18:37:30,479 - [Process 2/5] - INFO - model_max_len: 3950
2024-12-20 18:37:30,479 - [Process 2/5] - INFO - output_max_len: 64
2024-12-20 18:37:30,510 - [Process 2/5] - INFO - Max Length is 10337
2024-12-20 18:37:30,511 - [Process 2/5] - INFO - Finish loading dataset
2024-12-20 18:37:30,511 - [Process 2/5] - INFO - get_predicted begin
2024-12-20 18:37:35,357 - [Process 2/5] - INFO - len(per_windows_prompt):2
2024-12-20 18:37:42,331 - [Process 2/5] - INFO - res.shape is :torch.Size([66])
2024-12-20 18:37:42,588 - [Process 2/5] - INFO - len(per_windows_prompt):2
2024-12-20 18:37:46,749 - [Process 2/5] - INFO - res.shape is :torch.Size([16])
2024-12-20 18:37:46,903 - [Process 2/5] - INFO - len(per_windows_prompt):2
2024-12-20 18:37:49,913 - [Process 2/5] - INFO - res.shape is :torch.Size([5])
2024-12-20 18:37:50,092 - [Process 2/5] - INFO - len(per_windows_prompt):2
2024-12-20 18:37:55,975 - [Process 2/5] - INFO - res.shape is :torch.Size([66])
2024-12-20 18:37:56,074 - [Process 2/5] - INFO - len(per_windows_prompt):2
2024-12-20 18:37:59,348 - [Process 2/5] - INFO - res.shape is :torch.Size([34])
2024-12-20 18:37:59,569 - [Process 2/5] - INFO - len(per_windows_prompt):2
2024-12-20 18:38:04,005 - [Process 2/5] - INFO - res.shape is :torch.Size([22])
2024-12-20 18:38:04,267 - [Process 2/5] - INFO - len(per_windows_prompt):2
2024-12-20 18:38:07,966 - [Process 2/5] - INFO - res.shape is :torch.Size([7])
2024-12-20 18:38:08,173 - [Process 2/5] - INFO - len(per_windows_prompt):2
2024-12-20 18:38:12,717 - [Process 2/5] - INFO - res.shape is :torch.Size([25])
2024-12-20 18:38:12,907 - [Process 2/5] - INFO - len(per_windows_prompt):2
2024-12-20 18:38:16,710 - [Process 2/5] - INFO - res.shape is :torch.Size([7])
2024-12-20 18:38:16,913 - [Process 2/5] - INFO - len(per_windows_prompt):2
2024-12-20 18:38:21,111 - [Process 2/5] - INFO - res.shape is :torch.Size([17])
2024-12-20 18:38:21,228 - [Process 2/5] - INFO - len(per_windows_prompt):2
2024-12-20 18:38:24,055 - [Process 2/5] - INFO - res.shape is :torch.Size([20])
2024-12-20 18:38:24,139 - [Process 2/5] - INFO - len(per_windows_prompt):2
2024-12-20 18:38:25,987 - [Process 2/5] - INFO - res.shape is :torch.Size([6])
2024-12-20 18:38:26,195 - [Process 2/5] - INFO - len(per_windows_prompt):2
2024-12-20 18:38:30,816 - [Process 2/5] - INFO - res.shape is :torch.Size([24])
2024-12-20 18:38:31,041 - [Process 2/5] - INFO - len(per_windows_prompt):2
2024-12-20 18:38:35,306 - [Process 2/5] - INFO - res.shape is :torch.Size([18])
2024-12-20 18:38:35,559 - [Process 2/5] - INFO - len(per_windows_prompt):2
2024-12-20 18:38:41,968 - [Process 2/5] - INFO - res.shape is :torch.Size([66])
2024-12-20 18:38:42,236 - [Process 2/5] - INFO - len(per_windows_prompt):2
2024-12-20 18:38:48,071 - [Process 2/5] - INFO - res.shape is :torch.Size([49])
2024-12-20 18:38:48,253 - [Process 2/5] - INFO - len(per_windows_prompt):2
2024-12-20 18:38:52,101 - [Process 2/5] - INFO - res.shape is :torch.Size([16])
2024-12-20 18:38:52,327 - [Process 2/5] - INFO - len(per_windows_prompt):2
2024-12-20 18:38:57,176 - [Process 2/5] - INFO - res.shape is :torch.Size([31])
2024-12-20 18:38:57,368 - [Process 2/5] - INFO - len(per_windows_prompt):2
2024-12-20 18:39:03,259 - [Process 2/5] - INFO - res.shape is :torch.Size([56])
2024-12-20 18:39:03,470 - [Process 2/5] - INFO - len(per_windows_prompt):2
2024-12-20 18:39:07,142 - [Process 2/5] - INFO - res.shape is :torch.Size([5])
2024-12-20 18:39:07,357 - [Process 2/5] - INFO - len(per_windows_prompt):2
2024-12-20 18:39:11,357 - [Process 2/5] - INFO - res.shape is :torch.Size([12])
2024-12-20 18:39:11,568 - [Process 2/5] - INFO - len(per_windows_prompt):2
2024-12-20 18:39:17,398 - [Process 2/5] - INFO - res.shape is :torch.Size([54])
2024-12-20 18:39:17,581 - [Process 2/5] - INFO - len(per_windows_prompt):2
2024-12-20 18:39:24,051 - [Process 2/5] - INFO - res.shape is :torch.Size([66])
2024-12-20 18:39:24,138 - [Process 2/5] - INFO - len(per_windows_prompt):2
2024-12-20 18:39:26,014 - [Process 2/5] - INFO - res.shape is :torch.Size([6])
2024-12-20 18:39:26,209 - [Process 2/5] - INFO - len(per_windows_prompt):2
2024-12-20 18:39:30,749 - [Process 2/5] - INFO - res.shape is :torch.Size([24])
2024-12-20 18:39:31,005 - [Process 2/5] - INFO - len(per_windows_prompt):2
2024-12-20 18:39:36,536 - [Process 2/5] - INFO - res.shape is :torch.Size([47])
2024-12-20 18:39:36,631 - [Process 2/5] - INFO - len(per_windows_prompt):2
2024-12-20 18:39:38,743 - [Process 2/5] - INFO - res.shape is :torch.Size([12])
2024-12-20 18:39:38,880 - [Process 2/5] - INFO - len(per_windows_prompt):2
2024-12-20 18:39:42,165 - [Process 2/5] - INFO - res.shape is :torch.Size([15])
2024-12-20 18:39:42,372 - [Process 2/5] - INFO - len(per_windows_prompt):2
2024-12-20 18:39:47,565 - [Process 2/5] - INFO - res.shape is :torch.Size([40])
2024-12-20 18:39:47,762 - [Process 2/5] - INFO - len(per_windows_prompt):2
2024-12-20 18:39:51,612 - [Process 2/5] - INFO - res.shape is :torch.Size([4])
