2024-12-20 19:14:28,436 - [Process 0/5] - INFO - loading datasets finished
2024-12-20 19:14:28,436 - [Process 0/5] - INFO - model_max_len: 3950
2024-12-20 19:14:28,436 - [Process 0/5] - INFO - output_max_len: 32
2024-12-20 19:14:28,530 - [Process 0/5] - INFO - Max Length is 11516
2024-12-20 19:14:28,530 - [Process 0/5] - INFO - Finish loading dataset
2024-12-20 19:14:28,531 - [Process 0/5] - INFO - get_predicted begin
2024-12-20 19:14:33,290 - [Process 0/5] - INFO - len(per_windows_prompt):2
2024-12-20 19:14:37,906 - [Process 0/5] - INFO - res.shape is :torch.Size([8])
2024-12-20 19:14:38,169 - [Process 0/5] - INFO - len(per_windows_prompt):2
2024-12-20 19:14:43,046 - [Process 0/5] - INFO - res.shape is :torch.Size([34])
2024-12-20 19:14:43,319 - [Process 0/5] - INFO - len(per_windows_prompt):2
2024-12-20 19:14:46,979 - [Process 0/5] - INFO - res.shape is :torch.Size([5])
2024-12-20 19:14:47,228 - [Process 0/5] - INFO - len(per_windows_prompt):2
2024-12-20 19:14:51,008 - [Process 0/5] - INFO - res.shape is :torch.Size([9])
2024-12-20 19:14:51,255 - [Process 0/5] - INFO - len(per_windows_prompt):2
2024-12-20 19:14:56,225 - [Process 0/5] - INFO - res.shape is :torch.Size([34])
2024-12-20 19:14:56,471 - [Process 0/5] - INFO - len(per_windows_prompt):2
2024-12-20 19:15:00,602 - [Process 0/5] - INFO - res.shape is :torch.Size([16])
2024-12-20 19:15:00,848 - [Process 0/5] - INFO - len(per_windows_prompt):2
2024-12-20 19:15:05,733 - [Process 0/5] - INFO - res.shape is :torch.Size([34])
2024-12-20 19:15:05,981 - [Process 0/5] - INFO - len(per_windows_prompt):2
2024-12-20 19:15:10,873 - [Process 0/5] - INFO - res.shape is :torch.Size([34])
2024-12-20 19:15:11,108 - [Process 0/5] - INFO - len(per_windows_prompt):2
2024-12-20 19:15:14,948 - [Process 0/5] - INFO - res.shape is :torch.Size([9])
2024-12-20 19:15:15,206 - [Process 0/5] - INFO - len(per_windows_prompt):2
2024-12-20 19:15:18,938 - [Process 0/5] - INFO - res.shape is :torch.Size([8])
2024-12-20 19:15:19,199 - [Process 0/5] - INFO - len(per_windows_prompt):2
2024-12-20 19:15:23,067 - [Process 0/5] - INFO - res.shape is :torch.Size([9])
2024-12-20 19:15:23,342 - [Process 0/5] - INFO - len(per_windows_prompt):2
2024-12-20 19:15:27,119 - [Process 0/5] - INFO - res.shape is :torch.Size([9])
2024-12-20 19:15:27,366 - [Process 0/5] - INFO - len(per_windows_prompt):2
2024-12-20 19:15:32,206 - [Process 0/5] - INFO - res.shape is :torch.Size([34])
2024-12-20 19:15:32,486 - [Process 0/5] - INFO - len(per_windows_prompt):2
2024-12-20 19:15:36,466 - [Process 0/5] - INFO - res.shape is :torch.Size([9])
2024-12-20 19:15:36,761 - [Process 0/5] - INFO - len(per_windows_prompt):2
2024-12-20 19:15:40,583 - [Process 0/5] - INFO - res.shape is :torch.Size([8])
2024-12-20 19:15:40,840 - [Process 0/5] - INFO - len(per_windows_prompt):2
2024-12-20 19:15:45,041 - [Process 0/5] - INFO - res.shape is :torch.Size([17])
2024-12-20 19:15:45,290 - [Process 0/5] - INFO - len(per_windows_prompt):2
2024-12-20 19:15:49,152 - [Process 0/5] - INFO - res.shape is :torch.Size([9])
2024-12-20 19:15:49,401 - [Process 0/5] - INFO - len(per_windows_prompt):2
2024-12-20 19:15:53,262 - [Process 0/5] - INFO - res.shape is :torch.Size([9])
2024-12-20 19:15:53,513 - [Process 0/5] - INFO - len(per_windows_prompt):2
2024-12-20 19:15:57,339 - [Process 0/5] - INFO - res.shape is :torch.Size([8])
2024-12-20 19:15:57,607 - [Process 0/5] - INFO - len(per_windows_prompt):2
2024-12-20 19:16:01,701 - [Process 0/5] - INFO - res.shape is :torch.Size([15])
2024-12-20 19:16:01,956 - [Process 0/5] - INFO - len(per_windows_prompt):2
2024-12-20 19:16:06,960 - [Process 0/5] - INFO - res.shape is :torch.Size([34])
2024-12-20 19:16:07,219 - [Process 0/5] - INFO - len(per_windows_prompt):2
2024-12-20 19:16:11,086 - [Process 0/5] - INFO - res.shape is :torch.Size([9])
2024-12-20 19:16:11,335 - [Process 0/5] - INFO - len(per_windows_prompt):2
2024-12-20 19:16:15,061 - [Process 0/5] - INFO - res.shape is :torch.Size([8])
2024-12-20 19:16:15,311 - [Process 0/5] - INFO - len(per_windows_prompt):2
2024-12-20 19:16:20,256 - [Process 0/5] - INFO - res.shape is :torch.Size([34])
2024-12-20 19:16:20,500 - [Process 0/5] - INFO - len(per_windows_prompt):2
2024-12-20 19:16:25,415 - [Process 0/5] - INFO - res.shape is :torch.Size([34])
2024-12-20 19:16:25,654 - [Process 0/5] - INFO - len(per_windows_prompt):2
2024-12-20 19:16:30,531 - [Process 0/5] - INFO - res.shape is :torch.Size([33])
2024-12-20 19:16:30,797 - [Process 0/5] - INFO - len(per_windows_prompt):2
2024-12-20 19:16:34,546 - [Process 0/5] - INFO - res.shape is :torch.Size([8])
2024-12-20 19:16:34,796 - [Process 0/5] - INFO - len(per_windows_prompt):2
2024-12-20 19:16:38,957 - [Process 0/5] - INFO - res.shape is :torch.Size([16])
2024-12-20 19:16:39,214 - [Process 0/5] - INFO - len(per_windows_prompt):2
2024-12-20 19:16:43,913 - [Process 0/5] - INFO - res.shape is :torch.Size([29])
2024-12-20 19:16:44,146 - [Process 0/5] - INFO - len(per_windows_prompt):2
2024-12-20 19:16:48,209 - [Process 0/5] - INFO - res.shape is :torch.Size([16])
2024-12-20 19:16:48,466 - [Process 0/5] - INFO - len(per_windows_prompt):2
2024-12-20 19:16:52,281 - [Process 0/5] - INFO - res.shape is :torch.Size([9])
2024-12-20 19:16:52,525 - [Process 0/5] - INFO - len(per_windows_prompt):2
2024-12-20 19:16:56,689 - [Process 0/5] - INFO - res.shape is :torch.Size([16])
2024-12-20 19:16:56,950 - [Process 0/5] - INFO - len(per_windows_prompt):2
2024-12-20 19:17:00,995 - [Process 0/5] - INFO - res.shape is :torch.Size([15])
2024-12-20 19:17:01,231 - [Process 0/5] - INFO - len(per_windows_prompt):2
2024-12-20 19:17:04,880 - [Process 0/5] - INFO - res.shape is :torch.Size([5])
2024-12-20 19:17:05,137 - [Process 0/5] - INFO - len(per_windows_prompt):2
2024-12-20 19:17:09,897 - [Process 0/5] - INFO - res.shape is :torch.Size([29])
2024-12-20 19:17:10,151 - [Process 0/5] - INFO - len(per_windows_prompt):2
2024-12-20 19:17:15,058 - [Process 0/5] - INFO - res.shape is :torch.Size([34])
2024-12-20 19:17:15,317 - [Process 0/5] - INFO - len(per_windows_prompt):2
2024-12-20 19:17:19,190 - [Process 0/5] - INFO - res.shape is :torch.Size([9])
2024-12-20 19:17:19,439 - [Process 0/5] - INFO - len(per_windows_prompt):2
2024-12-20 19:17:24,458 - [Process 0/5] - INFO - res.shape is :torch.Size([34])
2024-12-20 19:17:24,715 - [Process 0/5] - INFO - len(per_windows_prompt):2
2024-12-20 19:17:28,448 - [Process 0/5] - INFO - res.shape is :torch.Size([8])
2024-12-20 19:17:28,681 - [Process 0/5] - INFO - len(per_windows_prompt):2
2024-12-20 19:17:33,530 - [Process 0/5] - INFO - res.shape is :torch.Size([32])
