2024-12-20 17:18:38,228 - [Process 3/5] - INFO - loading datasets finished
2024-12-20 17:18:38,229 - [Process 3/5] - INFO - model_max_len: 3950
2024-12-20 17:18:38,229 - [Process 3/5] - INFO - output_max_len: 64
2024-12-20 17:18:38,261 - [Process 3/5] - INFO - Max Length is 10337
2024-12-20 17:18:38,262 - [Process 3/5] - INFO - Finish loading dataset
2024-12-20 17:18:38,262 - [Process 3/5] - INFO - get_predicted begin
2024-12-20 17:18:49,525 - [Process 3/5] - INFO - res.shape is :torch.Size([46])
2024-12-20 17:18:53,924 - [Process 3/5] - INFO - res.shape is :torch.Size([8])
2024-12-20 17:18:59,690 - [Process 3/5] - INFO - res.shape is :torch.Size([40])
2024-12-20 17:19:04,084 - [Process 3/5] - INFO - res.shape is :torch.Size([20])
2024-12-20 17:19:11,016 - [Process 3/5] - INFO - res.shape is :torch.Size([66])
2024-12-20 17:19:16,807 - [Process 3/5] - INFO - res.shape is :torch.Size([41])
2024-12-20 17:19:21,140 - [Process 3/5] - INFO - res.shape is :torch.Size([8])
2024-12-20 17:19:25,904 - [Process 3/5] - INFO - res.shape is :torch.Size([17])
2024-12-20 17:19:30,107 - [Process 3/5] - INFO - res.shape is :torch.Size([5])
2024-12-20 17:19:34,575 - [Process 3/5] - INFO - res.shape is :torch.Size([9])
2024-12-20 17:19:40,350 - [Process 3/5] - INFO - res.shape is :torch.Size([41])
2024-12-20 17:19:45,232 - [Process 3/5] - INFO - res.shape is :torch.Size([20])
2024-12-20 17:19:50,004 - [Process 3/5] - INFO - res.shape is :torch.Size([17])
2024-12-20 17:19:54,600 - [Process 3/5] - INFO - res.shape is :torch.Size([14])
2024-12-20 17:20:00,834 - [Process 3/5] - INFO - res.shape is :torch.Size([51])
2024-12-20 17:20:05,508 - [Process 3/5] - INFO - res.shape is :torch.Size([14])
2024-12-20 17:20:09,778 - [Process 3/5] - INFO - res.shape is :torch.Size([5])
2024-12-20 17:20:16,608 - [Process 3/5] - INFO - res.shape is :torch.Size([66])
2024-12-20 17:20:20,900 - [Process 3/5] - INFO - res.shape is :torch.Size([6])
2024-12-20 17:20:27,730 - [Process 3/5] - INFO - res.shape is :torch.Size([66])
2024-12-20 17:20:32,226 - [Process 3/5] - INFO - res.shape is :torch.Size([10])
2024-12-20 17:20:35,669 - [Process 3/5] - INFO - res.shape is :torch.Size([7])
2024-12-20 17:20:39,914 - [Process 3/5] - INFO - res.shape is :torch.Size([5])
2024-12-20 17:20:44,341 - [Process 3/5] - INFO - res.shape is :torch.Size([10])
2024-12-20 17:20:48,990 - [Process 3/5] - INFO - res.shape is :torch.Size([14])
2024-12-20 17:20:55,824 - [Process 3/5] - INFO - res.shape is :torch.Size([66])
2024-12-20 17:21:00,202 - [Process 3/5] - INFO - res.shape is :torch.Size([7])
2024-12-20 17:21:05,438 - [Process 3/5] - INFO - res.shape is :torch.Size([27])
2024-12-20 17:21:09,764 - [Process 3/5] - INFO - res.shape is :torch.Size([6])
2024-12-20 17:21:15,454 - [Process 3/5] - INFO - res.shape is :torch.Size([44])
