2024-12-20 19:46:05,300 - [Process 0/1] - INFO - loading datasets finished
2024-12-20 19:46:05,300 - [Process 0/1] - INFO - model_max_len: 3950
2024-12-20 19:46:05,300 - [Process 0/1] - INFO - output_max_len: 128
2024-12-20 19:46:05,317 - [Process 0/1] - INFO - Max Length is 14660
2024-12-20 19:46:05,318 - [Process 0/1] - INFO - Finish loading dataset
2024-12-20 19:46:05,318 - [Process 0/1] - INFO - get_predicted begin
2024-12-20 19:46:05,435 - [Process 0/1] - INFO - len(per_windows_prompt):2
2024-12-20 19:46:09,850 - [Process 0/1] - INFO - res.shape is :torch.Size([10])
2024-12-20 19:46:09,952 - [Process 0/1] - INFO - len(per_windows_prompt):2
2024-12-20 19:46:15,932 - [Process 0/1] - INFO - res.shape is :torch.Size([70])
2024-12-20 19:46:16,048 - [Process 0/1] - INFO - len(per_windows_prompt):2
2024-12-20 19:46:21,435 - [Process 0/1] - INFO - res.shape is :torch.Size([49])
2024-12-20 19:46:21,532 - [Process 0/1] - INFO - len(per_windows_prompt):2
2024-12-20 19:46:25,574 - [Process 0/1] - INFO - res.shape is :torch.Size([23])
2024-12-20 19:46:25,689 - [Process 0/1] - INFO - len(per_windows_prompt):2
2024-12-20 19:46:29,354 - [Process 0/1] - INFO - res.shape is :torch.Size([4])
2024-12-20 19:46:29,472 - [Process 0/1] - INFO - len(per_windows_prompt):2
2024-12-20 19:46:34,065 - [Process 0/1] - INFO - res.shape is :torch.Size([29])
2024-12-20 19:46:34,187 - [Process 0/1] - INFO - len(per_windows_prompt):2
2024-12-20 19:46:38,641 - [Process 0/1] - INFO - res.shape is :torch.Size([26])
2024-12-20 19:46:38,766 - [Process 0/1] - INFO - len(per_windows_prompt):2
2024-12-20 19:46:42,874 - [Process 0/1] - INFO - res.shape is :torch.Size([15])
2024-12-20 19:46:42,981 - [Process 0/1] - INFO - len(per_windows_prompt):2
2024-12-20 19:46:46,600 - [Process 0/1] - INFO - res.shape is :torch.Size([5])
2024-12-20 19:46:46,718 - [Process 0/1] - INFO - len(per_windows_prompt):2
2024-12-20 19:46:51,178 - [Process 0/1] - INFO - res.shape is :torch.Size([25])
2024-12-20 19:46:51,294 - [Process 0/1] - INFO - len(per_windows_prompt):2
2024-12-20 19:47:00,041 - [Process 0/1] - INFO - res.shape is :torch.Size([130])
2024-12-20 19:47:00,145 - [Process 0/1] - INFO - len(per_windows_prompt):2
2024-12-20 19:47:03,602 - [Process 0/1] - INFO - res.shape is :torch.Size([4])
2024-12-20 19:47:03,708 - [Process 0/1] - INFO - len(per_windows_prompt):2
2024-12-20 19:47:07,294 - [Process 0/1] - INFO - res.shape is :torch.Size([6])
2024-12-20 19:47:07,424 - [Process 0/1] - INFO - len(per_windows_prompt):2
2024-12-20 19:47:12,749 - [Process 0/1] - INFO - res.shape is :torch.Size([47])
2024-12-20 19:47:12,868 - [Process 0/1] - INFO - len(per_windows_prompt):2
2024-12-20 19:47:16,562 - [Process 0/1] - INFO - res.shape is :torch.Size([4])
2024-12-20 19:47:16,749 - [Process 0/1] - INFO - len(per_windows_prompt):2
2024-12-20 19:47:25,489 - [Process 0/1] - INFO - res.shape is :torch.Size([130])
2024-12-20 19:47:25,659 - [Process 0/1] - INFO - len(per_windows_prompt):2
2024-12-20 19:47:29,353 - [Process 0/1] - INFO - res.shape is :torch.Size([4])
2024-12-20 19:47:29,469 - [Process 0/1] - INFO - len(per_windows_prompt):2
2024-12-20 19:47:34,915 - [Process 0/1] - INFO - res.shape is :torch.Size([45])
2024-12-20 19:47:35,033 - [Process 0/1] - INFO - len(per_windows_prompt):2
2024-12-20 19:47:39,009 - [Process 0/1] - INFO - res.shape is :torch.Size([13])
2024-12-20 19:47:39,132 - [Process 0/1] - INFO - len(per_windows_prompt):2
2024-12-20 19:47:42,987 - [Process 0/1] - INFO - res.shape is :torch.Size([8])
2024-12-20 19:47:43,098 - [Process 0/1] - INFO - len(per_windows_prompt):2
2024-12-20 19:47:46,839 - [Process 0/1] - INFO - res.shape is :torch.Size([5])
2024-12-20 19:47:46,967 - [Process 0/1] - INFO - len(per_windows_prompt):2
2024-12-20 19:47:51,321 - [Process 0/1] - INFO - res.shape is :torch.Size([18])
2024-12-20 19:47:51,438 - [Process 0/1] - INFO - len(per_windows_prompt):2
2024-12-20 19:47:55,038 - [Process 0/1] - INFO - res.shape is :torch.Size([4])
2024-12-20 19:47:55,154 - [Process 0/1] - INFO - len(per_windows_prompt):2
2024-12-20 19:47:59,716 - [Process 0/1] - INFO - res.shape is :torch.Size([28])
2024-12-20 19:47:59,841 - [Process 0/1] - INFO - len(per_windows_prompt):2
2024-12-20 19:48:04,283 - [Process 0/1] - INFO - res.shape is :torch.Size([24])
2024-12-20 19:48:04,400 - [Process 0/1] - INFO - len(per_windows_prompt):2
2024-12-20 19:48:13,176 - [Process 0/1] - INFO - res.shape is :torch.Size([130])
2024-12-20 19:48:13,277 - [Process 0/1] - INFO - len(per_windows_prompt):2
2024-12-20 19:48:18,031 - [Process 0/1] - INFO - res.shape is :torch.Size([44])
2024-12-20 19:48:18,170 - [Process 0/1] - INFO - len(per_windows_prompt):2
2024-12-20 19:48:26,947 - [Process 0/1] - INFO - res.shape is :torch.Size([130])
2024-12-20 19:48:27,039 - [Process 0/1] - INFO - len(per_windows_prompt):2
2024-12-20 19:48:34,372 - [Process 0/1] - INFO - res.shape is :torch.Size([117])
2024-12-20 19:48:34,494 - [Process 0/1] - INFO - len(per_windows_prompt):2
2024-12-20 19:48:39,018 - [Process 0/1] - INFO - res.shape is :torch.Size([26])
2024-12-20 19:48:39,130 - [Process 0/1] - INFO - len(per_windows_prompt):2
2024-12-20 19:48:47,901 - [Process 0/1] - INFO - res.shape is :torch.Size([130])
2024-12-20 19:48:48,021 - [Process 0/1] - INFO - len(per_windows_prompt):2
2024-12-20 19:48:53,667 - [Process 0/1] - INFO - res.shape is :torch.Size([55])
2024-12-20 19:48:53,791 - [Process 0/1] - INFO - len(per_windows_prompt):2
2024-12-20 19:48:57,732 - [Process 0/1] - INFO - res.shape is :torch.Size([10])
2024-12-20 19:48:57,859 - [Process 0/1] - INFO - len(per_windows_prompt):2
2024-12-20 19:49:02,817 - [Process 0/1] - INFO - res.shape is :torch.Size([33])
2024-12-20 19:49:02,932 - [Process 0/1] - INFO - len(per_windows_prompt):2
2024-12-20 19:49:07,713 - [Process 0/1] - INFO - res.shape is :torch.Size([31])
2024-12-20 19:49:07,867 - [Process 0/1] - INFO - len(per_windows_prompt):2
2024-12-20 19:49:11,570 - [Process 0/1] - INFO - res.shape is :torch.Size([4])
2024-12-20 19:49:11,677 - [Process 0/1] - INFO - len(per_windows_prompt):2
2024-12-20 19:49:15,373 - [Process 0/1] - INFO - res.shape is :torch.Size([4])
2024-12-20 19:49:15,455 - [Process 0/1] - INFO - len(per_windows_prompt):2
2024-12-20 19:49:19,412 - [Process 0/1] - INFO - res.shape is :torch.Size([31])
2024-12-20 19:49:19,532 - [Process 0/1] - INFO - len(per_windows_prompt):2
2024-12-20 19:49:25,502 - [Process 0/1] - INFO - res.shape is :torch.Size([63])
2024-12-20 19:49:25,623 - [Process 0/1] - INFO - len(per_windows_prompt):2
2024-12-20 19:49:30,601 - [Process 0/1] - INFO - res.shape is :torch.Size([38])
2024-12-20 19:49:30,730 - [Process 0/1] - INFO - len(per_windows_prompt):2
2024-12-20 19:49:34,428 - [Process 0/1] - INFO - res.shape is :torch.Size([4])
2024-12-20 19:49:34,549 - [Process 0/1] - INFO - len(per_windows_prompt):2
2024-12-20 19:49:38,251 - [Process 0/1] - INFO - res.shape is :torch.Size([4])
2024-12-20 19:49:38,334 - [Process 0/1] - INFO - len(per_windows_prompt):2
2024-12-20 19:49:43,303 - [Process 0/1] - INFO - res.shape is :torch.Size([63])
2024-12-20 19:49:43,418 - [Process 0/1] - INFO - len(per_windows_prompt):2
2024-12-20 19:49:47,319 - [Process 0/1] - INFO - res.shape is :torch.Size([9])
2024-12-20 19:49:47,446 - [Process 0/1] - INFO - len(per_windows_prompt):2
2024-12-20 19:49:51,708 - [Process 0/1] - INFO - res.shape is :torch.Size([18])
2024-12-20 19:49:51,825 - [Process 0/1] - INFO - len(per_windows_prompt):2
2024-12-20 19:49:55,566 - [Process 0/1] - INFO - res.shape is :torch.Size([5])
2024-12-20 19:49:55,644 - [Process 0/1] - INFO - len(per_windows_prompt):2
2024-12-20 19:49:58,902 - [Process 0/1] - INFO - res.shape is :torch.Size([22])
2024-12-20 19:49:59,016 - [Process 0/1] - INFO - len(per_windows_prompt):2
