2024-12-20 18:57:17,123 - [Process 0/5] - INFO - loading datasets finished
2024-12-20 18:57:17,124 - [Process 0/5] - INFO - model_max_len: 3950
2024-12-20 18:57:17,124 - [Process 0/5] - INFO - output_max_len: 64
2024-12-20 18:57:17,155 - [Process 0/5] - INFO - Max Length is 8714
2024-12-20 18:57:17,155 - [Process 0/5] - INFO - Finish loading dataset
2024-12-20 18:57:17,156 - [Process 0/5] - INFO - get_predicted begin
2024-12-20 18:57:21,968 - [Process 0/5] - INFO - len(per_windows_prompt):2
2024-12-20 18:57:29,134 - [Process 0/5] - INFO - res.shape is :torch.Size([66])
2024-12-20 18:57:29,364 - [Process 0/5] - INFO - len(per_windows_prompt):2
2024-12-20 18:57:35,701 - [Process 0/5] - INFO - res.shape is :torch.Size([66])
2024-12-20 18:57:35,898 - [Process 0/5] - INFO - len(per_windows_prompt):2
2024-12-20 18:57:42,285 - [Process 0/5] - INFO - res.shape is :torch.Size([66])
2024-12-20 18:57:42,499 - [Process 0/5] - INFO - len(per_windows_prompt):2
2024-12-20 18:57:48,848 - [Process 0/5] - INFO - res.shape is :torch.Size([66])
2024-12-20 18:57:49,055 - [Process 0/5] - INFO - len(per_windows_prompt):2
2024-12-20 18:57:55,411 - [Process 0/5] - INFO - res.shape is :torch.Size([66])
2024-12-20 18:57:55,648 - [Process 0/5] - INFO - len(per_windows_prompt):2
2024-12-20 18:58:01,920 - [Process 0/5] - INFO - res.shape is :torch.Size([66])
2024-12-20 18:58:02,065 - [Process 0/5] - INFO - len(per_windows_prompt):2
2024-12-20 18:58:07,656 - [Process 0/5] - INFO - res.shape is :torch.Size([66])
2024-12-20 18:58:07,855 - [Process 0/5] - INFO - len(per_windows_prompt):2
2024-12-20 18:58:14,124 - [Process 0/5] - INFO - res.shape is :torch.Size([66])
2024-12-20 18:58:14,324 - [Process 0/5] - INFO - len(per_windows_prompt):2
2024-12-20 18:58:20,603 - [Process 0/5] - INFO - res.shape is :torch.Size([66])
2024-12-20 18:58:20,782 - [Process 0/5] - INFO - len(per_windows_prompt):2
2024-12-20 18:58:27,134 - [Process 0/5] - INFO - res.shape is :torch.Size([66])
2024-12-20 18:58:27,339 - [Process 0/5] - INFO - len(per_windows_prompt):2
2024-12-20 18:58:33,656 - [Process 0/5] - INFO - res.shape is :torch.Size([66])
2024-12-20 18:58:33,863 - [Process 0/5] - INFO - len(per_windows_prompt):2
2024-12-20 18:58:40,197 - [Process 0/5] - INFO - res.shape is :torch.Size([66])
2024-12-20 18:58:40,401 - [Process 0/5] - INFO - len(per_windows_prompt):2
2024-12-20 18:58:46,738 - [Process 0/5] - INFO - res.shape is :torch.Size([66])
2024-12-20 18:58:46,968 - [Process 0/5] - INFO - len(per_windows_prompt):2
2024-12-20 18:58:53,305 - [Process 0/5] - INFO - res.shape is :torch.Size([66])
2024-12-20 18:58:53,512 - [Process 0/5] - INFO - len(per_windows_prompt):2
2024-12-20 18:58:59,863 - [Process 0/5] - INFO - res.shape is :torch.Size([66])
2024-12-20 18:59:00,059 - [Process 0/5] - INFO - len(per_windows_prompt):2
2024-12-20 18:59:06,429 - [Process 0/5] - INFO - res.shape is :torch.Size([66])
2024-12-20 18:59:06,628 - [Process 0/5] - INFO - len(per_windows_prompt):2
2024-12-20 18:59:12,951 - [Process 0/5] - INFO - res.shape is :torch.Size([66])
2024-12-20 18:59:13,159 - [Process 0/5] - INFO - len(per_windows_prompt):2
2024-12-20 18:59:19,531 - [Process 0/5] - INFO - res.shape is :torch.Size([66])
2024-12-20 18:59:19,640 - [Process 0/5] - INFO - len(per_windows_prompt):2
2024-12-20 18:59:24,604 - [Process 0/5] - INFO - res.shape is :torch.Size([66])
2024-12-20 18:59:24,777 - [Process 0/5] - INFO - len(per_windows_prompt):2
2024-12-20 18:59:30,817 - [Process 0/5] - INFO - res.shape is :torch.Size([66])
2024-12-20 18:59:31,071 - [Process 0/5] - INFO - len(per_windows_prompt):2
2024-12-20 18:59:37,433 - [Process 0/5] - INFO - res.shape is :torch.Size([66])
2024-12-20 18:59:37,627 - [Process 0/5] - INFO - len(per_windows_prompt):2
2024-12-20 18:59:44,030 - [Process 0/5] - INFO - res.shape is :torch.Size([66])
2024-12-20 18:59:44,234 - [Process 0/5] - INFO - len(per_windows_prompt):2
2024-12-20 18:59:50,631 - [Process 0/5] - INFO - res.shape is :torch.Size([66])
2024-12-20 18:59:50,837 - [Process 0/5] - INFO - len(per_windows_prompt):2
2024-12-20 18:59:57,214 - [Process 0/5] - INFO - res.shape is :torch.Size([66])
2024-12-20 18:59:57,354 - [Process 0/5] - INFO - len(per_windows_prompt):2
2024-12-20 19:00:02,553 - [Process 0/5] - INFO - res.shape is :torch.Size([66])
2024-12-20 19:00:02,793 - [Process 0/5] - INFO - len(per_windows_prompt):2
2024-12-20 19:00:09,141 - [Process 0/5] - INFO - res.shape is :torch.Size([66])
2024-12-20 19:00:09,387 - [Process 0/5] - INFO - len(per_windows_prompt):2
2024-12-20 19:00:15,682 - [Process 0/5] - INFO - res.shape is :torch.Size([66])
2024-12-20 19:00:15,898 - [Process 0/5] - INFO - len(per_windows_prompt):2
2024-12-20 19:00:22,188 - [Process 0/5] - INFO - res.shape is :torch.Size([66])
2024-12-20 19:00:22,396 - [Process 0/5] - INFO - len(per_windows_prompt):2
2024-12-20 19:00:28,723 - [Process 0/5] - INFO - res.shape is :torch.Size([66])
2024-12-20 19:00:28,953 - [Process 0/5] - INFO - len(per_windows_prompt):2
2024-12-20 19:00:35,291 - [Process 0/5] - INFO - res.shape is :torch.Size([66])
2024-12-20 19:00:35,476 - [Process 0/5] - INFO - len(per_windows_prompt):2
2024-12-20 19:00:41,582 - [Process 0/5] - INFO - res.shape is :torch.Size([66])
2024-12-20 19:00:41,818 - [Process 0/5] - INFO - len(per_windows_prompt):2
2024-12-20 19:00:48,072 - [Process 0/5] - INFO - res.shape is :torch.Size([66])
2024-12-20 19:00:48,243 - [Process 0/5] - INFO - len(per_windows_prompt):2
2024-12-20 19:00:53,973 - [Process 0/5] - INFO - res.shape is :torch.Size([66])
2024-12-20 19:00:54,220 - [Process 0/5] - INFO - len(per_windows_prompt):2
2024-12-20 19:01:00,455 - [Process 0/5] - INFO - res.shape is :torch.Size([66])
2024-12-20 19:01:00,596 - [Process 0/5] - INFO - len(per_windows_prompt):2
2024-12-20 19:01:05,576 - [Process 0/5] - INFO - res.shape is :torch.Size([66])
2024-12-20 19:01:05,767 - [Process 0/5] - INFO - len(per_windows_prompt):2
2024-12-20 19:01:11,988 - [Process 0/5] - INFO - res.shape is :torch.Size([66])
2024-12-20 19:01:12,121 - [Process 0/5] - INFO - len(per_windows_prompt):2
2024-12-20 19:01:17,465 - [Process 0/5] - INFO - res.shape is :torch.Size([66])
2024-12-20 19:01:17,664 - [Process 0/5] - INFO - len(per_windows_prompt):2
2024-12-20 19:01:24,032 - [Process 0/5] - INFO - res.shape is :torch.Size([66])
2024-12-20 19:01:24,217 - [Process 0/5] - INFO - len(per_windows_prompt):2
2024-12-20 19:01:30,552 - [Process 0/5] - INFO - res.shape is :torch.Size([66])
2024-12-20 19:01:30,760 - [Process 0/5] - INFO - len(per_windows_prompt):2
2024-12-20 19:01:37,036 - [Process 0/5] - INFO - res.shape is :torch.Size([66])
