2024-12-20 19:03:43,030 - [Process 0/5] - INFO - loading datasets finished
2024-12-20 19:03:43,030 - [Process 0/5] - INFO - model_max_len: 3950
2024-12-20 19:03:43,030 - [Process 0/5] - INFO - output_max_len: 32
2024-12-20 19:03:43,115 - [Process 0/5] - INFO - Max Length is 16633
2024-12-20 19:03:43,116 - [Process 0/5] - INFO - Finish loading dataset
2024-12-20 19:03:43,116 - [Process 0/5] - INFO - get_predicted begin
2024-12-20 19:03:47,879 - [Process 0/5] - INFO - len(per_windows_prompt):2
2024-12-20 19:03:52,724 - [Process 0/5] - INFO - res.shape is :torch.Size([15])
2024-12-20 19:03:53,039 - [Process 0/5] - INFO - len(per_windows_prompt):2
2024-12-20 19:03:57,216 - [Process 0/5] - INFO - res.shape is :torch.Size([19])
2024-12-20 19:03:57,480 - [Process 0/5] - INFO - len(per_windows_prompt):2
2024-12-20 19:04:01,300 - [Process 0/5] - INFO - res.shape is :torch.Size([10])
2024-12-20 19:04:01,617 - [Process 0/5] - INFO - len(per_windows_prompt):2
2024-12-20 19:04:06,425 - [Process 0/5] - INFO - res.shape is :torch.Size([34])
2024-12-20 19:04:06,671 - [Process 0/5] - INFO - len(per_windows_prompt):2
2024-12-20 19:04:11,652 - [Process 0/5] - INFO - res.shape is :torch.Size([34])
2024-12-20 19:04:11,891 - [Process 0/5] - INFO - len(per_windows_prompt):2
2024-12-20 19:04:16,231 - [Process 0/5] - INFO - res.shape is :torch.Size([23])
2024-12-20 19:04:16,443 - [Process 0/5] - INFO - len(per_windows_prompt):2
2024-12-20 19:04:20,610 - [Process 0/5] - INFO - res.shape is :torch.Size([18])
2024-12-20 19:04:20,790 - [Process 0/5] - INFO - len(per_windows_prompt):2
2024-12-20 19:04:25,610 - [Process 0/5] - INFO - res.shape is :torch.Size([34])
2024-12-20 19:04:25,800 - [Process 0/5] - INFO - len(per_windows_prompt):2
2024-12-20 19:04:30,791 - [Process 0/5] - INFO - res.shape is :torch.Size([34])
2024-12-20 19:04:31,018 - [Process 0/5] - INFO - len(per_windows_prompt):2
2024-12-20 19:04:35,921 - [Process 0/5] - INFO - res.shape is :torch.Size([34])
2024-12-20 19:04:36,234 - [Process 0/5] - INFO - len(per_windows_prompt):2
2024-12-20 19:04:40,293 - [Process 0/5] - INFO - res.shape is :torch.Size([14])
2024-12-20 19:04:40,522 - [Process 0/5] - INFO - len(per_windows_prompt):2
2024-12-20 19:04:45,534 - [Process 0/5] - INFO - res.shape is :torch.Size([34])
2024-12-20 19:04:45,722 - [Process 0/5] - INFO - len(per_windows_prompt):2
2024-12-20 19:04:49,638 - [Process 0/5] - INFO - res.shape is :torch.Size([8])
2024-12-20 19:04:49,890 - [Process 0/5] - INFO - len(per_windows_prompt):2
2024-12-20 19:04:54,899 - [Process 0/5] - INFO - res.shape is :torch.Size([34])
2024-12-20 19:04:55,089 - [Process 0/5] - INFO - len(per_windows_prompt):2
2024-12-20 19:04:59,703 - [Process 0/5] - INFO - res.shape is :torch.Size([29])
2024-12-20 19:04:59,895 - [Process 0/5] - INFO - len(per_windows_prompt):2
2024-12-20 19:05:04,756 - [Process 0/5] - INFO - res.shape is :torch.Size([34])
2024-12-20 19:05:05,050 - [Process 0/5] - INFO - len(per_windows_prompt):2
2024-12-20 19:05:08,852 - [Process 0/5] - INFO - res.shape is :torch.Size([10])
2024-12-20 19:05:08,989 - [Process 0/5] - INFO - len(per_windows_prompt):2
2024-12-20 19:05:13,126 - [Process 0/5] - INFO - res.shape is :torch.Size([34])
2024-12-20 19:05:13,427 - [Process 0/5] - INFO - len(per_windows_prompt):2
2024-12-20 19:05:18,347 - [Process 0/5] - INFO - res.shape is :torch.Size([34])
2024-12-20 19:05:18,639 - [Process 0/5] - INFO - len(per_windows_prompt):2
2024-12-20 19:05:23,031 - [Process 0/5] - INFO - res.shape is :torch.Size([20])
2024-12-20 19:05:23,306 - [Process 0/5] - INFO - len(per_windows_prompt):2
2024-12-20 19:05:28,309 - [Process 0/5] - INFO - res.shape is :torch.Size([34])
2024-12-20 19:05:28,516 - [Process 0/5] - INFO - len(per_windows_prompt):2
2024-12-20 19:05:32,253 - [Process 0/5] - INFO - res.shape is :torch.Size([6])
2024-12-20 19:05:32,476 - [Process 0/5] - INFO - len(per_windows_prompt):2
2024-12-20 19:05:37,396 - [Process 0/5] - INFO - res.shape is :torch.Size([34])
2024-12-20 19:05:37,645 - [Process 0/5] - INFO - len(per_windows_prompt):2
2024-12-20 19:05:41,380 - [Process 0/5] - INFO - res.shape is :torch.Size([7])
2024-12-20 19:05:41,675 - [Process 0/5] - INFO - len(per_windows_prompt):2
2024-12-20 19:05:46,230 - [Process 0/5] - INFO - res.shape is :torch.Size([27])
2024-12-20 19:05:46,494 - [Process 0/5] - INFO - len(per_windows_prompt):2
2024-12-20 19:05:51,090 - [Process 0/5] - INFO - res.shape is :torch.Size([28])
2024-12-20 19:05:51,396 - [Process 0/5] - INFO - len(per_windows_prompt):2
2024-12-20 19:05:55,097 - [Process 0/5] - INFO - res.shape is :torch.Size([5])
2024-12-20 19:05:55,293 - [Process 0/5] - INFO - len(per_windows_prompt):2
2024-12-20 19:05:59,498 - [Process 0/5] - INFO - res.shape is :torch.Size([17])
2024-12-20 19:05:59,671 - [Process 0/5] - INFO - len(per_windows_prompt):2
2024-12-20 19:06:04,460 - [Process 0/5] - INFO - res.shape is :torch.Size([34])
2024-12-20 19:06:04,711 - [Process 0/5] - INFO - len(per_windows_prompt):2
2024-12-20 19:06:09,533 - [Process 0/5] - INFO - res.shape is :torch.Size([34])
2024-12-20 19:06:09,771 - [Process 0/5] - INFO - len(per_windows_prompt):2
2024-12-20 19:06:14,149 - [Process 0/5] - INFO - res.shape is :torch.Size([21])
2024-12-20 19:06:14,325 - [Process 0/5] - INFO - len(per_windows_prompt):2
2024-12-20 19:06:19,381 - [Process 0/5] - INFO - res.shape is :torch.Size([34])
2024-12-20 19:06:19,664 - [Process 0/5] - INFO - len(per_windows_prompt):2
2024-12-20 19:06:23,617 - [Process 0/5] - INFO - res.shape is :torch.Size([11])
2024-12-20 19:06:23,822 - [Process 0/5] - INFO - len(per_windows_prompt):2
2024-12-20 19:06:27,588 - [Process 0/5] - INFO - res.shape is :torch.Size([8])
2024-12-20 19:06:27,865 - [Process 0/5] - INFO - len(per_windows_prompt):2
2024-12-20 19:06:31,571 - [Process 0/5] - INFO - res.shape is :torch.Size([7])
2024-12-20 19:06:31,928 - [Process 0/5] - INFO - len(per_windows_prompt):2
2024-12-20 19:06:36,900 - [Process 0/5] - INFO - res.shape is :torch.Size([34])
2024-12-20 19:06:36,984 - [Process 0/5] - INFO - len(per_windows_prompt):2
2024-12-20 19:06:38,685 - [Process 0/5] - INFO - res.shape is :torch.Size([6])
2024-12-20 19:06:39,010 - [Process 0/5] - INFO - len(per_windows_prompt):2
2024-12-20 19:06:43,964 - [Process 0/5] - INFO - res.shape is :torch.Size([34])
2024-12-20 19:06:44,281 - [Process 0/5] - INFO - len(per_windows_prompt):2
2024-12-20 19:06:49,294 - [Process 0/5] - INFO - res.shape is :torch.Size([34])
2024-12-20 19:06:49,537 - [Process 0/5] - INFO - len(per_windows_prompt):2
2024-12-20 19:06:54,068 - [Process 0/5] - INFO - res.shape is :torch.Size([27])
