2024-12-20 22:41:51,534 - [Process 2/5] - INFO - loading datasets finished
2024-12-20 22:41:51,534 - [Process 2/5] - INFO - model_max_len: 3950
2024-12-20 22:41:51,534 - [Process 2/5] - INFO - output_max_len: 128
2024-12-20 22:41:51,636 - [Process 2/5] - INFO - Max Length is 36418
2024-12-20 22:41:51,636 - [Process 2/5] - INFO - Finish loading dataset
2024-12-20 22:41:51,637 - [Process 2/5] - INFO - get_predicted begin
2024-12-20 22:41:56,347 - [Process 2/5] - INFO - len(per_windows_prompt):2
2024-12-20 22:42:00,859 - [Process 2/5] - INFO - res.shape is :torch.Size([5])
2024-12-20 22:42:01,085 - [Process 2/5] - INFO - len(per_windows_prompt):2
2024-12-20 22:42:04,898 - [Process 2/5] - INFO - res.shape is :torch.Size([4])
2024-12-20 22:42:05,243 - [Process 2/5] - INFO - len(per_windows_prompt):2
2024-12-20 22:42:09,202 - [Process 2/5] - INFO - res.shape is :torch.Size([6])
2024-12-20 22:42:09,361 - [Process 2/5] - INFO - len(per_windows_prompt):2
2024-12-20 22:42:13,311 - [Process 2/5] - INFO - res.shape is :torch.Size([6])
2024-12-20 22:42:13,464 - [Process 2/5] - INFO - len(per_windows_prompt):2
2024-12-20 22:42:18,540 - [Process 2/5] - INFO - res.shape is :torch.Size([34])
2024-12-20 22:42:18,670 - [Process 2/5] - INFO - len(per_windows_prompt):2
2024-12-20 22:42:22,607 - [Process 2/5] - INFO - res.shape is :torch.Size([6])
2024-12-20 22:42:22,859 - [Process 2/5] - INFO - len(per_windows_prompt):2
2024-12-20 22:42:26,725 - [Process 2/5] - INFO - res.shape is :torch.Size([5])
2024-12-20 22:42:27,013 - [Process 2/5] - INFO - len(per_windows_prompt):2
2024-12-20 22:42:30,916 - [Process 2/5] - INFO - res.shape is :torch.Size([6])
2024-12-20 22:42:31,077 - [Process 2/5] - INFO - len(per_windows_prompt):2
2024-12-20 22:42:35,162 - [Process 2/5] - INFO - res.shape is :torch.Size([9])
2024-12-20 22:42:35,407 - [Process 2/5] - INFO - len(per_windows_prompt):2
2024-12-20 22:42:39,245 - [Process 2/5] - INFO - res.shape is :torch.Size([3])
2024-12-20 22:42:39,520 - [Process 2/5] - INFO - len(per_windows_prompt):2
2024-12-20 22:42:43,405 - [Process 2/5] - INFO - res.shape is :torch.Size([4])
2024-12-20 22:42:43,746 - [Process 2/5] - INFO - len(per_windows_prompt):2
2024-12-20 22:42:47,616 - [Process 2/5] - INFO - res.shape is :torch.Size([3])
2024-12-20 22:42:47,907 - [Process 2/5] - INFO - len(per_windows_prompt):2
2024-12-20 22:42:51,660 - [Process 2/5] - INFO - res.shape is :torch.Size([2])
2024-12-20 22:42:51,788 - [Process 2/5] - INFO - len(per_windows_prompt):2
2024-12-20 22:42:55,993 - [Process 2/5] - INFO - res.shape is :torch.Size([12])
2024-12-20 22:42:56,133 - [Process 2/5] - INFO - len(per_windows_prompt):2
2024-12-20 22:43:00,691 - [Process 2/5] - INFO - res.shape is :torch.Size([21])
2024-12-20 22:43:00,838 - [Process 2/5] - INFO - len(per_windows_prompt):2
2024-12-20 22:43:04,726 - [Process 2/5] - INFO - res.shape is :torch.Size([4])
2024-12-20 22:43:04,868 - [Process 2/5] - INFO - len(per_windows_prompt):2
2024-12-20 22:43:08,967 - [Process 2/5] - INFO - res.shape is :torch.Size([10])
2024-12-20 22:43:09,108 - [Process 2/5] - INFO - len(per_windows_prompt):2
2024-12-20 22:43:13,247 - [Process 2/5] - INFO - res.shape is :torch.Size([11])
2024-12-20 22:43:13,590 - [Process 2/5] - INFO - len(per_windows_prompt):2
2024-12-20 22:43:17,917 - [Process 2/5] - INFO - res.shape is :torch.Size([14])
2024-12-20 22:43:18,169 - [Process 2/5] - INFO - len(per_windows_prompt):2
2024-12-20 22:43:22,069 - [Process 2/5] - INFO - res.shape is :torch.Size([5])
2024-12-20 22:43:22,320 - [Process 2/5] - INFO - len(per_windows_prompt):2
2024-12-20 22:43:26,221 - [Process 2/5] - INFO - res.shape is :torch.Size([5])
2024-12-20 22:43:26,563 - [Process 2/5] - INFO - len(per_windows_prompt):2
2024-12-20 22:43:30,454 - [Process 2/5] - INFO - res.shape is :torch.Size([3])
2024-12-20 22:43:30,702 - [Process 2/5] - INFO - len(per_windows_prompt):2
2024-12-20 22:43:34,813 - [Process 2/5] - INFO - res.shape is :torch.Size([9])
2024-12-20 22:43:35,033 - [Process 2/5] - INFO - len(per_windows_prompt):2
2024-12-20 22:43:39,087 - [Process 2/5] - INFO - res.shape is :torch.Size([8])
2024-12-20 22:43:39,234 - [Process 2/5] - INFO - len(per_windows_prompt):2
2024-12-20 22:43:43,102 - [Process 2/5] - INFO - res.shape is :torch.Size([3])
2024-12-20 22:43:43,352 - [Process 2/5] - INFO - len(per_windows_prompt):2
2024-12-20 22:43:47,461 - [Process 2/5] - INFO - res.shape is :torch.Size([9])
2024-12-20 22:43:47,677 - [Process 2/5] - INFO - len(per_windows_prompt):2
2024-12-20 22:43:51,895 - [Process 2/5] - INFO - res.shape is :torch.Size([12])
2024-12-20 22:43:52,144 - [Process 2/5] - INFO - len(per_windows_prompt):2
2024-12-20 22:43:56,412 - [Process 2/5] - INFO - res.shape is :torch.Size([13])
2024-12-20 22:43:56,564 - [Process 2/5] - INFO - len(per_windows_prompt):2
2024-12-20 22:44:00,640 - [Process 2/5] - INFO - res.shape is :torch.Size([8])
2024-12-20 22:44:01,011 - [Process 2/5] - INFO - len(per_windows_prompt):2
2024-12-20 22:44:05,230 - [Process 2/5] - INFO - res.shape is :torch.Size([11])
2024-12-20 22:44:05,472 - [Process 2/5] - INFO - len(per_windows_prompt):2
2024-12-20 22:44:09,256 - [Process 2/5] - INFO - res.shape is :torch.Size([2])
2024-12-20 22:44:09,534 - [Process 2/5] - INFO - len(per_windows_prompt):2
2024-12-20 22:44:13,453 - [Process 2/5] - INFO - res.shape is :torch.Size([4])
2024-12-20 22:44:13,676 - [Process 2/5] - INFO - len(per_windows_prompt):2
2024-12-20 22:44:17,787 - [Process 2/5] - INFO - res.shape is :torch.Size([10])
2024-12-20 22:44:18,029 - [Process 2/5] - INFO - len(per_windows_prompt):2
2024-12-20 22:44:21,895 - [Process 2/5] - INFO - res.shape is :torch.Size([4])
2024-12-20 22:44:22,077 - [Process 2/5] - INFO - len(per_windows_prompt):2
2024-12-20 22:44:25,982 - [Process 2/5] - INFO - res.shape is :torch.Size([5])
2024-12-20 22:44:26,247 - [Process 2/5] - INFO - len(per_windows_prompt):2
2024-12-20 22:44:30,201 - [Process 2/5] - INFO - res.shape is :torch.Size([5])
2024-12-20 22:44:30,425 - [Process 2/5] - INFO - len(per_windows_prompt):2
2024-12-20 22:44:34,294 - [Process 2/5] - INFO - res.shape is :torch.Size([4])
2024-12-20 22:44:34,545 - [Process 2/5] - INFO - len(per_windows_prompt):2
2024-12-20 22:44:38,453 - [Process 2/5] - INFO - res.shape is :torch.Size([5])
2024-12-20 22:44:38,693 - [Process 2/5] - INFO - len(per_windows_prompt):2
2024-12-20 22:44:42,561 - [Process 2/5] - INFO - res.shape is :torch.Size([4])
2024-12-20 22:44:42,701 - [Process 2/5] - INFO - len(per_windows_prompt):2
2024-12-20 22:44:46,642 - [Process 2/5] - INFO - res.shape is :torch.Size([5])
