2024-12-23 12:36:47,539 - [Process 0/4] - INFO - loading datasets finished
2024-12-23 12:36:47,539 - [Process 0/4] - INFO - model_max_len: 3950
2024-12-23 12:36:47,539 - [Process 0/4] - INFO - output_max_len: 64
2024-12-23 12:36:47,539 - [Process 0/4] - INFO - parallel_pattern: every_window_no_query_input_query
2024-12-23 12:36:47,588 - [Process 0/4] - INFO - Max Length is 8714
2024-12-23 12:36:47,588 - [Process 0/4] - INFO - Finish loading dataset
2024-12-23 12:36:47,589 - [Process 0/4] - INFO - get_predicted begin
2024-12-23 12:36:51,390 - [Process 0/4] - INFO - len(per_windows_prompt):2
2024-12-23 12:37:02,704 - [Process 0/4] - INFO - res.shape is :torch.Size([64])
2024-12-23 12:37:03,174 - [Process 0/4] - INFO - len(per_windows_prompt):2
2024-12-23 12:37:13,017 - [Process 0/4] - INFO - res.shape is :torch.Size([64])
2024-12-23 12:37:13,407 - [Process 0/4] - INFO - len(per_windows_prompt):2
2024-12-23 12:37:23,095 - [Process 0/4] - INFO - res.shape is :torch.Size([64])
2024-12-23 12:37:23,522 - [Process 0/4] - INFO - len(per_windows_prompt):2
2024-12-23 12:37:32,899 - [Process 0/4] - INFO - res.shape is :torch.Size([64])
2024-12-23 12:37:33,318 - [Process 0/4] - INFO - len(per_windows_prompt):2
2024-12-23 12:37:42,735 - [Process 0/4] - INFO - res.shape is :torch.Size([64])
2024-12-23 12:37:43,206 - [Process 0/4] - INFO - len(per_windows_prompt):2
2024-12-23 12:37:52,586 - [Process 0/4] - INFO - res.shape is :torch.Size([64])
2024-12-23 12:37:52,866 - [Process 0/4] - INFO - len(per_windows_prompt):2
2024-12-23 12:38:01,241 - [Process 0/4] - INFO - res.shape is :torch.Size([64])
2024-12-23 12:38:01,646 - [Process 0/4] - INFO - len(per_windows_prompt):2
2024-12-23 12:38:11,004 - [Process 0/4] - INFO - res.shape is :torch.Size([64])
2024-12-23 12:38:11,415 - [Process 0/4] - INFO - len(per_windows_prompt):2
2024-12-23 12:38:20,717 - [Process 0/4] - INFO - res.shape is :torch.Size([64])
2024-12-23 12:38:21,074 - [Process 0/4] - INFO - len(per_windows_prompt):2
2024-12-23 12:38:30,422 - [Process 0/4] - INFO - res.shape is :torch.Size([64])
2024-12-23 12:38:30,828 - [Process 0/4] - INFO - len(per_windows_prompt):2
2024-12-23 12:38:40,225 - [Process 0/4] - INFO - res.shape is :torch.Size([64])
2024-12-23 12:38:40,627 - [Process 0/4] - INFO - len(per_windows_prompt):2
2024-12-23 12:38:49,934 - [Process 0/4] - INFO - res.shape is :torch.Size([64])
2024-12-23 12:38:50,344 - [Process 0/4] - INFO - len(per_windows_prompt):2
2024-12-23 12:38:59,836 - [Process 0/4] - INFO - res.shape is :torch.Size([64])
2024-12-23 12:39:00,288 - [Process 0/4] - INFO - len(per_windows_prompt):2
2024-12-23 12:39:09,622 - [Process 0/4] - INFO - res.shape is :torch.Size([64])
2024-12-23 12:39:10,020 - [Process 0/4] - INFO - len(per_windows_prompt):2
2024-12-23 12:39:19,322 - [Process 0/4] - INFO - res.shape is :torch.Size([64])
2024-12-23 12:39:19,714 - [Process 0/4] - INFO - len(per_windows_prompt):2
2024-12-23 12:39:29,153 - [Process 0/4] - INFO - res.shape is :torch.Size([64])
2024-12-23 12:39:29,546 - [Process 0/4] - INFO - len(per_windows_prompt):2
2024-12-23 12:39:38,996 - [Process 0/4] - INFO - res.shape is :torch.Size([64])
2024-12-23 12:39:39,424 - [Process 0/4] - INFO - len(per_windows_prompt):2
2024-12-23 12:39:48,842 - [Process 0/4] - INFO - res.shape is :torch.Size([64])
2024-12-23 12:39:49,072 - [Process 0/4] - INFO - len(per_windows_prompt):2
2024-12-23 12:39:56,526 - [Process 0/4] - INFO - res.shape is :torch.Size([64])
2024-12-23 12:39:56,851 - [Process 0/4] - INFO - len(per_windows_prompt):2
2024-12-23 12:40:05,939 - [Process 0/4] - INFO - res.shape is :torch.Size([64])
2024-12-23 12:40:06,408 - [Process 0/4] - INFO - len(per_windows_prompt):2
2024-12-23 12:40:15,800 - [Process 0/4] - INFO - res.shape is :torch.Size([64])
2024-12-23 12:40:16,162 - [Process 0/4] - INFO - len(per_windows_prompt):2
2024-12-23 12:40:25,416 - [Process 0/4] - INFO - res.shape is :torch.Size([64])
2024-12-23 12:40:25,790 - [Process 0/4] - INFO - len(per_windows_prompt):2
2024-12-23 12:40:35,074 - [Process 0/4] - INFO - res.shape is :torch.Size([64])
2024-12-23 12:40:35,480 - [Process 0/4] - INFO - len(per_windows_prompt):2
2024-12-23 12:40:44,775 - [Process 0/4] - INFO - res.shape is :torch.Size([64])
2024-12-23 12:40:45,032 - [Process 0/4] - INFO - len(per_windows_prompt):2
2024-12-23 12:40:53,036 - [Process 0/4] - INFO - res.shape is :torch.Size([64])
2024-12-23 12:40:53,491 - [Process 0/4] - INFO - len(per_windows_prompt):2
2024-12-23 12:41:02,711 - [Process 0/4] - INFO - res.shape is :torch.Size([64])
2024-12-23 12:41:03,175 - [Process 0/4] - INFO - len(per_windows_prompt):2
2024-12-23 12:41:12,465 - [Process 0/4] - INFO - res.shape is :torch.Size([64])
2024-12-23 12:41:12,888 - [Process 0/4] - INFO - len(per_windows_prompt):2
2024-12-23 12:41:22,287 - [Process 0/4] - INFO - res.shape is :torch.Size([64])
2024-12-23 12:41:22,666 - [Process 0/4] - INFO - len(per_windows_prompt):2
2024-12-23 12:41:31,973 - [Process 0/4] - INFO - res.shape is :torch.Size([64])
2024-12-23 12:41:32,422 - [Process 0/4] - INFO - len(per_windows_prompt):2
2024-12-23 12:41:41,745 - [Process 0/4] - INFO - res.shape is :torch.Size([64])
2024-12-23 12:41:42,093 - [Process 0/4] - INFO - len(per_windows_prompt):2
2024-12-23 12:41:51,121 - [Process 0/4] - INFO - res.shape is :torch.Size([64])
2024-12-23 12:41:51,565 - [Process 0/4] - INFO - len(per_windows_prompt):2
2024-12-23 12:42:00,860 - [Process 0/4] - INFO - res.shape is :torch.Size([64])
2024-12-23 12:42:01,176 - [Process 0/4] - INFO - len(per_windows_prompt):2
2024-12-23 12:42:09,944 - [Process 0/4] - INFO - res.shape is :torch.Size([64])
2024-12-23 12:42:10,408 - [Process 0/4] - INFO - len(per_windows_prompt):2
2024-12-23 12:42:19,716 - [Process 0/4] - INFO - res.shape is :torch.Size([64])
2024-12-23 12:42:19,983 - [Process 0/4] - INFO - len(per_windows_prompt):2
2024-12-23 12:42:27,961 - [Process 0/4] - INFO - res.shape is :torch.Size([64])
2024-12-23 12:42:28,324 - [Process 0/4] - INFO - len(per_windows_prompt):2
2024-12-23 12:42:37,772 - [Process 0/4] - INFO - res.shape is :torch.Size([64])
2024-12-23 12:42:38,052 - [Process 0/4] - INFO - len(per_windows_prompt):2
2024-12-23 12:42:46,295 - [Process 0/4] - INFO - res.shape is :torch.Size([64])
2024-12-23 12:42:46,712 - [Process 0/4] - INFO - len(per_windows_prompt):2
2024-12-23 12:42:56,484 - [Process 0/4] - INFO - res.shape is :torch.Size([64])
2024-12-23 12:42:56,860 - [Process 0/4] - INFO - len(per_windows_prompt):2
2024-12-23 12:43:06,440 - [Process 0/4] - INFO - res.shape is :torch.Size([64])
2024-12-23 12:43:06,871 - [Process 0/4] - INFO - len(per_windows_prompt):2
2024-12-23 12:43:16,341 - [Process 0/4] - INFO - res.shape is :torch.Size([64])
2024-12-23 12:43:16,809 - [Process 0/4] - INFO - len(per_windows_prompt):2
2024-12-23 12:43:26,327 - [Process 0/4] - INFO - res.shape is :torch.Size([64])
2024-12-23 12:43:26,795 - [Process 0/4] - INFO - len(per_windows_prompt):2
2024-12-23 12:43:36,418 - [Process 0/4] - INFO - res.shape is :torch.Size([64])
2024-12-23 12:43:36,879 - [Process 0/4] - INFO - len(per_windows_prompt):2
2024-12-23 12:43:46,330 - [Process 0/4] - INFO - res.shape is :torch.Size([64])
2024-12-23 12:43:46,713 - [Process 0/4] - INFO - len(per_windows_prompt):2
2024-12-23 12:43:56,254 - [Process 0/4] - INFO - res.shape is :torch.Size([64])
2024-12-23 12:43:56,683 - [Process 0/4] - INFO - len(per_windows_prompt):2
2024-12-23 12:44:06,173 - [Process 0/4] - INFO - res.shape is :torch.Size([64])
2024-12-23 12:44:06,549 - [Process 0/4] - INFO - len(per_windows_prompt):2
2024-12-23 12:44:15,971 - [Process 0/4] - INFO - res.shape is :torch.Size([64])
2024-12-23 12:44:16,405 - [Process 0/4] - INFO - len(per_windows_prompt):2
2024-12-23 12:44:25,938 - [Process 0/4] - INFO - res.shape is :torch.Size([64])
2024-12-23 12:44:26,385 - [Process 0/4] - INFO - len(per_windows_prompt):2
2024-12-23 12:44:35,997 - [Process 0/4] - INFO - res.shape is :torch.Size([64])
2024-12-23 12:44:36,367 - [Process 0/4] - INFO - len(per_windows_prompt):2
2024-12-23 12:44:45,795 - [Process 0/4] - INFO - res.shape is :torch.Size([64])
2024-12-23 12:44:46,073 - [Process 0/4] - INFO - len(per_windows_prompt):2
2024-12-23 12:44:54,499 - [Process 0/4] - INFO - res.shape is :torch.Size([64])
