2024-12-23 13:07:39,208 - [Process 0/4] - INFO - loading datasets finished
2024-12-23 13:07:39,208 - [Process 0/4] - INFO - model_max_len: 3950
2024-12-23 13:07:39,208 - [Process 0/4] - INFO - output_max_len: 32
2024-12-23 13:07:39,208 - [Process 0/4] - INFO - parallel_pattern: every_window_no_query_input_query
2024-12-23 13:07:39,349 - [Process 0/4] - INFO - Max Length is 11516
2024-12-23 13:07:39,350 - [Process 0/4] - INFO - Finish loading dataset
2024-12-23 13:07:39,350 - [Process 0/4] - INFO - get_predicted begin
2024-12-23 13:07:42,988 - [Process 0/4] - INFO - len(per_windows_prompt):2
2024-12-23 13:07:49,219 - [Process 0/4] - INFO - res.shape is :torch.Size([6])
2024-12-23 13:07:49,747 - [Process 0/4] - INFO - len(per_windows_prompt):2
2024-12-23 13:07:54,400 - [Process 0/4] - INFO - res.shape is :torch.Size([6])
2024-12-23 13:07:54,943 - [Process 0/4] - INFO - len(per_windows_prompt):2
2024-12-23 13:07:59,458 - [Process 0/4] - INFO - res.shape is :torch.Size([3])
2024-12-23 13:07:59,970 - [Process 0/4] - INFO - len(per_windows_prompt):2
2024-12-23 13:08:04,761 - [Process 0/4] - INFO - res.shape is :torch.Size([6])
2024-12-23 13:08:05,277 - [Process 0/4] - INFO - len(per_windows_prompt):2
2024-12-23 13:08:10,027 - [Process 0/4] - INFO - res.shape is :torch.Size([3])
2024-12-23 13:08:10,536 - [Process 0/4] - INFO - len(per_windows_prompt):2
2024-12-23 13:08:15,069 - [Process 0/4] - INFO - res.shape is :torch.Size([3])
2024-12-23 13:08:15,595 - [Process 0/4] - INFO - len(per_windows_prompt):2
2024-12-23 13:08:20,167 - [Process 0/4] - INFO - res.shape is :torch.Size([3])
2024-12-23 13:08:20,659 - [Process 0/4] - INFO - len(per_windows_prompt):2
2024-12-23 13:08:25,319 - [Process 0/4] - INFO - res.shape is :torch.Size([3])
2024-12-23 13:08:25,796 - [Process 0/4] - INFO - len(per_windows_prompt):2
2024-12-23 13:08:30,255 - [Process 0/4] - INFO - res.shape is :torch.Size([3])
2024-12-23 13:08:30,753 - [Process 0/4] - INFO - len(per_windows_prompt):2
2024-12-23 13:08:35,379 - [Process 0/4] - INFO - res.shape is :torch.Size([6])
2024-12-23 13:08:35,861 - [Process 0/4] - INFO - len(per_windows_prompt):2
2024-12-23 13:08:40,661 - [Process 0/4] - INFO - res.shape is :torch.Size([6])
2024-12-23 13:08:41,155 - [Process 0/4] - INFO - len(per_windows_prompt):2
2024-12-23 13:08:46,043 - [Process 0/4] - INFO - res.shape is :torch.Size([6])
2024-12-23 13:08:46,537 - [Process 0/4] - INFO - len(per_windows_prompt):2
2024-12-23 13:08:51,196 - [Process 0/4] - INFO - res.shape is :torch.Size([3])
2024-12-23 13:08:51,692 - [Process 0/4] - INFO - len(per_windows_prompt):2
2024-12-23 13:08:56,606 - [Process 0/4] - INFO - res.shape is :torch.Size([5])
2024-12-23 13:08:57,122 - [Process 0/4] - INFO - len(per_windows_prompt):2
2024-12-23 13:09:01,843 - [Process 0/4] - INFO - res.shape is :torch.Size([3])
2024-12-23 13:09:02,336 - [Process 0/4] - INFO - len(per_windows_prompt):2
2024-12-23 13:09:06,958 - [Process 0/4] - INFO - res.shape is :torch.Size([3])
2024-12-23 13:09:07,432 - [Process 0/4] - INFO - len(per_windows_prompt):2
2024-12-23 13:09:12,195 - [Process 0/4] - INFO - res.shape is :torch.Size([3])
2024-12-23 13:09:12,687 - [Process 0/4] - INFO - len(per_windows_prompt):2
2024-12-23 13:09:17,465 - [Process 0/4] - INFO - res.shape is :torch.Size([5])
2024-12-23 13:09:17,963 - [Process 0/4] - INFO - len(per_windows_prompt):2
2024-12-23 13:09:22,403 - [Process 0/4] - INFO - res.shape is :torch.Size([3])
2024-12-23 13:09:22,917 - [Process 0/4] - INFO - len(per_windows_prompt):2
2024-12-23 13:09:27,364 - [Process 0/4] - INFO - res.shape is :torch.Size([2])
2024-12-23 13:09:27,841 - [Process 0/4] - INFO - len(per_windows_prompt):2
2024-12-23 13:09:32,527 - [Process 0/4] - INFO - res.shape is :torch.Size([3])
2024-12-23 13:09:33,030 - [Process 0/4] - INFO - len(per_windows_prompt):2
2024-12-23 13:09:37,578 - [Process 0/4] - INFO - res.shape is :torch.Size([3])
2024-12-23 13:09:38,046 - [Process 0/4] - INFO - len(per_windows_prompt):2
2024-12-23 13:09:42,566 - [Process 0/4] - INFO - res.shape is :torch.Size([3])
2024-12-23 13:09:43,037 - [Process 0/4] - INFO - len(per_windows_prompt):2
2024-12-23 13:09:47,628 - [Process 0/4] - INFO - res.shape is :torch.Size([3])
2024-12-23 13:09:48,094 - [Process 0/4] - INFO - len(per_windows_prompt):2
2024-12-23 13:09:52,638 - [Process 0/4] - INFO - res.shape is :torch.Size([3])
2024-12-23 13:09:53,094 - [Process 0/4] - INFO - len(per_windows_prompt):2
2024-12-23 13:09:57,717 - [Process 0/4] - INFO - res.shape is :torch.Size([3])
2024-12-23 13:09:58,222 - [Process 0/4] - INFO - len(per_windows_prompt):2
2024-12-23 13:10:02,810 - [Process 0/4] - INFO - res.shape is :torch.Size([3])
2024-12-23 13:10:03,293 - [Process 0/4] - INFO - len(per_windows_prompt):2
2024-12-23 13:10:08,110 - [Process 0/4] - INFO - res.shape is :torch.Size([6])
2024-12-23 13:10:08,612 - [Process 0/4] - INFO - len(per_windows_prompt):2
2024-12-23 13:10:13,382 - [Process 0/4] - INFO - res.shape is :torch.Size([5])
2024-12-23 13:10:13,829 - [Process 0/4] - INFO - len(per_windows_prompt):2
2024-12-23 13:10:18,487 - [Process 0/4] - INFO - res.shape is :torch.Size([3])
2024-12-23 13:10:18,972 - [Process 0/4] - INFO - len(per_windows_prompt):2
2024-12-23 13:10:23,556 - [Process 0/4] - INFO - res.shape is :torch.Size([5])
2024-12-23 13:10:24,043 - [Process 0/4] - INFO - len(per_windows_prompt):2
2024-12-23 13:10:28,875 - [Process 0/4] - INFO - res.shape is :torch.Size([6])
2024-12-23 13:10:29,391 - [Process 0/4] - INFO - len(per_windows_prompt):2
2024-12-23 13:10:33,917 - [Process 0/4] - INFO - res.shape is :torch.Size([3])
2024-12-23 13:10:34,369 - [Process 0/4] - INFO - len(per_windows_prompt):2
2024-12-23 13:10:39,004 - [Process 0/4] - INFO - res.shape is :torch.Size([3])
2024-12-23 13:10:39,494 - [Process 0/4] - INFO - len(per_windows_prompt):2
2024-12-23 13:10:44,238 - [Process 0/4] - INFO - res.shape is :torch.Size([3])
2024-12-23 13:10:44,717 - [Process 0/4] - INFO - len(per_windows_prompt):2
2024-12-23 13:10:49,581 - [Process 0/4] - INFO - res.shape is :torch.Size([6])
2024-12-23 13:10:50,090 - [Process 0/4] - INFO - len(per_windows_prompt):2
2024-12-23 13:10:55,007 - [Process 0/4] - INFO - res.shape is :torch.Size([6])
2024-12-23 13:10:55,490 - [Process 0/4] - INFO - len(per_windows_prompt):2
2024-12-23 13:11:00,132 - [Process 0/4] - INFO - res.shape is :torch.Size([3])
2024-12-23 13:11:00,624 - [Process 0/4] - INFO - len(per_windows_prompt):2
2024-12-23 13:11:05,506 - [Process 0/4] - INFO - res.shape is :torch.Size([6])
2024-12-23 13:11:05,964 - [Process 0/4] - INFO - len(per_windows_prompt):2
2024-12-23 13:11:10,583 - [Process 0/4] - INFO - res.shape is :torch.Size([3])
2024-12-23 13:11:11,066 - [Process 0/4] - INFO - len(per_windows_prompt):2
2024-12-23 13:11:15,631 - [Process 0/4] - INFO - res.shape is :torch.Size([3])
2024-12-23 13:11:16,124 - [Process 0/4] - INFO - len(per_windows_prompt):2
2024-12-23 13:11:20,851 - [Process 0/4] - INFO - res.shape is :torch.Size([6])
2024-12-23 13:11:21,338 - [Process 0/4] - INFO - len(per_windows_prompt):2
2024-12-23 13:11:26,216 - [Process 0/4] - INFO - res.shape is :torch.Size([6])
2024-12-23 13:11:26,717 - [Process 0/4] - INFO - len(per_windows_prompt):2
2024-12-23 13:11:31,757 - [Process 0/4] - INFO - res.shape is :torch.Size([6])
2024-12-23 13:11:32,219 - [Process 0/4] - INFO - len(per_windows_prompt):2
2024-12-23 13:11:37,086 - [Process 0/4] - INFO - res.shape is :torch.Size([6])
2024-12-23 13:11:37,600 - [Process 0/4] - INFO - len(per_windows_prompt):2
2024-12-23 13:11:42,377 - [Process 0/4] - INFO - res.shape is :torch.Size([6])
2024-12-23 13:11:42,897 - [Process 0/4] - INFO - len(per_windows_prompt):2
2024-12-23 13:11:48,001 - [Process 0/4] - INFO - res.shape is :torch.Size([6])
2024-12-23 13:11:48,483 - [Process 0/4] - INFO - len(per_windows_prompt):2
2024-12-23 13:11:53,146 - [Process 0/4] - INFO - res.shape is :torch.Size([3])
2024-12-23 13:11:53,652 - [Process 0/4] - INFO - len(per_windows_prompt):2
2024-12-23 13:11:58,637 - [Process 0/4] - INFO - res.shape is :torch.Size([6])
2024-12-23 13:11:59,143 - [Process 0/4] - INFO - len(per_windows_prompt):2
2024-12-23 13:12:03,834 - [Process 0/4] - INFO - res.shape is :torch.Size([6])
