2024-12-23 16:35:07,650 - [Process 2/4] - INFO - loading datasets finished
2024-12-23 16:35:07,650 - [Process 2/4] - INFO - model_max_len: 3950
2024-12-23 16:35:07,650 - [Process 2/4] - INFO - output_max_len: 64
2024-12-23 16:35:07,650 - [Process 2/4] - INFO - parallel_pattern: default
2024-12-23 16:35:07,677 - [Process 2/4] - INFO - Max Length is 8714
2024-12-23 16:35:07,677 - [Process 2/4] - INFO - Finish loading dataset
2024-12-23 16:35:07,678 - [Process 2/4] - INFO - get_predicted begin
2024-12-23 16:35:11,254 - [Process 2/4] - INFO - len(per_windows_prompt):1
2024-12-23 16:35:16,583 - [Process 2/4] - INFO - res.shape is :torch.Size([16])
2024-12-23 16:35:16,844 - [Process 2/4] - INFO - len(per_windows_prompt):1
2024-12-23 16:35:21,419 - [Process 2/4] - INFO - res.shape is :torch.Size([17])
2024-12-23 16:35:21,525 - [Process 2/4] - INFO - len(per_windows_prompt):1
2024-12-23 16:35:25,963 - [Process 2/4] - INFO - res.shape is :torch.Size([63])
2024-12-23 16:35:26,193 - [Process 2/4] - INFO - len(per_windows_prompt):1
2024-12-23 16:35:30,437 - [Process 2/4] - INFO - res.shape is :torch.Size([9])
2024-12-23 16:35:30,620 - [Process 2/4] - INFO - len(per_windows_prompt):1
2024-12-23 16:35:34,949 - [Process 2/4] - INFO - res.shape is :torch.Size([11])
2024-12-23 16:35:35,167 - [Process 2/4] - INFO - len(per_windows_prompt):1
2024-12-23 16:35:39,135 - [Process 2/4] - INFO - res.shape is :torch.Size([2])
2024-12-23 16:35:39,259 - [Process 2/4] - INFO - len(per_windows_prompt):1
2024-12-23 16:35:42,417 - [Process 2/4] - INFO - res.shape is :torch.Size([17])
2024-12-23 16:35:42,600 - [Process 2/4] - INFO - len(per_windows_prompt):1
2024-12-23 16:35:47,932 - [Process 2/4] - INFO - res.shape is :torch.Size([35])
2024-12-23 16:35:48,120 - [Process 2/4] - INFO - len(per_windows_prompt):1
2024-12-23 16:35:53,374 - [Process 2/4] - INFO - res.shape is :torch.Size([33])
2024-12-23 16:35:53,553 - [Process 2/4] - INFO - len(per_windows_prompt):1
2024-12-23 16:35:58,193 - [Process 2/4] - INFO - res.shape is :torch.Size([18])
2024-12-23 16:35:58,427 - [Process 2/4] - INFO - len(per_windows_prompt):1
2024-12-23 16:36:03,008 - [Process 2/4] - INFO - res.shape is :torch.Size([16])
2024-12-23 16:36:03,232 - [Process 2/4] - INFO - len(per_windows_prompt):1
2024-12-23 16:36:08,142 - [Process 2/4] - INFO - res.shape is :torch.Size([24])
2024-12-23 16:36:08,320 - [Process 2/4] - INFO - len(per_windows_prompt):1
2024-12-23 16:36:12,354 - [Process 2/4] - INFO - res.shape is :torch.Size([3])
2024-12-23 16:36:12,565 - [Process 2/4] - INFO - len(per_windows_prompt):1
2024-12-23 16:36:17,391 - [Process 2/4] - INFO - res.shape is :torch.Size([21])
2024-12-23 16:36:17,606 - [Process 2/4] - INFO - len(per_windows_prompt):1
2024-12-23 16:36:21,650 - [Process 2/4] - INFO - res.shape is :torch.Size([3])
2024-12-23 16:36:21,885 - [Process 2/4] - INFO - len(per_windows_prompt):1
2024-12-23 16:36:27,033 - [Process 2/4] - INFO - res.shape is :torch.Size([28])
2024-12-23 16:36:27,279 - [Process 2/4] - INFO - len(per_windows_prompt):1
2024-12-23 16:36:33,588 - [Process 2/4] - INFO - res.shape is :torch.Size([55])
2024-12-23 16:36:33,788 - [Process 2/4] - INFO - len(per_windows_prompt):1
2024-12-23 16:36:38,818 - [Process 2/4] - INFO - res.shape is :torch.Size([27])
2024-12-23 16:36:39,041 - [Process 2/4] - INFO - len(per_windows_prompt):1
2024-12-23 16:36:43,126 - [Process 2/4] - INFO - res.shape is :torch.Size([4])
2024-12-23 16:36:43,258 - [Process 2/4] - INFO - len(per_windows_prompt):1
2024-12-23 16:36:46,110 - [Process 2/4] - INFO - res.shape is :torch.Size([3])
2024-12-23 16:36:46,265 - [Process 2/4] - INFO - len(per_windows_prompt):1
2024-12-23 16:36:49,750 - [Process 2/4] - INFO - res.shape is :torch.Size([12])
2024-12-23 16:36:49,959 - [Process 2/4] - INFO - len(per_windows_prompt):1
2024-12-23 16:36:54,544 - [Process 2/4] - INFO - res.shape is :torch.Size([16])
2024-12-23 16:36:54,786 - [Process 2/4] - INFO - len(per_windows_prompt):1
2024-12-23 16:36:58,831 - [Process 2/4] - INFO - res.shape is :torch.Size([3])
2024-12-23 16:36:59,045 - [Process 2/4] - INFO - len(per_windows_prompt):1
2024-12-23 16:37:03,093 - [Process 2/4] - INFO - res.shape is :torch.Size([3])
2024-12-23 16:37:03,280 - [Process 2/4] - INFO - len(per_windows_prompt):1
2024-12-23 16:37:08,035 - [Process 2/4] - INFO - res.shape is :torch.Size([20])
2024-12-23 16:37:08,167 - [Process 2/4] - INFO - len(per_windows_prompt):1
2024-12-23 16:37:10,975 - [Process 2/4] - INFO - res.shape is :torch.Size([3])
2024-12-23 16:37:11,214 - [Process 2/4] - INFO - len(per_windows_prompt):1
2024-12-23 16:37:15,994 - [Process 2/4] - INFO - res.shape is :torch.Size([20])
2024-12-23 16:37:16,138 - [Process 2/4] - INFO - len(per_windows_prompt):1
2024-12-23 16:37:19,641 - [Process 2/4] - INFO - res.shape is :torch.Size([18])
2024-12-23 16:37:19,865 - [Process 2/4] - INFO - len(per_windows_prompt):1
2024-12-23 16:37:24,697 - [Process 2/4] - INFO - res.shape is :torch.Size([22])
2024-12-23 16:37:24,906 - [Process 2/4] - INFO - len(per_windows_prompt):1
2024-12-23 16:37:29,581 - [Process 2/4] - INFO - res.shape is :torch.Size([18])
2024-12-23 16:37:29,814 - [Process 2/4] - INFO - len(per_windows_prompt):1
2024-12-23 16:37:33,948 - [Process 2/4] - INFO - res.shape is :torch.Size([5])
2024-12-23 16:37:34,114 - [Process 2/4] - INFO - len(per_windows_prompt):1
2024-12-23 16:37:38,343 - [Process 2/4] - INFO - res.shape is :torch.Size([14])
2024-12-23 16:37:38,536 - [Process 2/4] - INFO - len(per_windows_prompt):1
2024-12-23 16:37:42,591 - [Process 2/4] - INFO - res.shape is :torch.Size([3])
2024-12-23 16:37:42,776 - [Process 2/4] - INFO - len(per_windows_prompt):1
2024-12-23 16:37:47,687 - [Process 2/4] - INFO - res.shape is :torch.Size([23])
2024-12-23 16:37:47,900 - [Process 2/4] - INFO - len(per_windows_prompt):1
2024-12-23 16:37:54,491 - [Process 2/4] - INFO - res.shape is :torch.Size([64])
2024-12-23 16:37:54,711 - [Process 2/4] - INFO - len(per_windows_prompt):1
2024-12-23 16:37:59,342 - [Process 2/4] - INFO - res.shape is :torch.Size([17])
2024-12-23 16:37:59,572 - [Process 2/4] - INFO - len(per_windows_prompt):1
2024-12-23 16:38:06,224 - [Process 2/4] - INFO - res.shape is :torch.Size([64])
2024-12-23 16:38:06,464 - [Process 2/4] - INFO - len(per_windows_prompt):1
2024-12-23 16:38:11,116 - [Process 2/4] - INFO - res.shape is :torch.Size([17])
2024-12-23 16:38:11,323 - [Process 2/4] - INFO - len(per_windows_prompt):1
2024-12-23 16:38:17,894 - [Process 2/4] - INFO - res.shape is :torch.Size([64])
2024-12-23 16:38:18,112 - [Process 2/4] - INFO - len(per_windows_prompt):1
2024-12-23 16:38:23,410 - [Process 2/4] - INFO - res.shape is :torch.Size([33])
2024-12-23 16:38:23,647 - [Process 2/4] - INFO - len(per_windows_prompt):1
2024-12-23 16:38:28,245 - [Process 2/4] - INFO - res.shape is :torch.Size([16])
2024-12-23 16:38:28,499 - [Process 2/4] - INFO - len(per_windows_prompt):1
2024-12-23 16:38:33,545 - [Process 2/4] - INFO - res.shape is :torch.Size([26])
2024-12-23 16:38:33,761 - [Process 2/4] - INFO - len(per_windows_prompt):1
2024-12-23 16:38:38,536 - [Process 2/4] - INFO - res.shape is :torch.Size([20])
2024-12-23 16:38:38,765 - [Process 2/4] - INFO - len(per_windows_prompt):1
2024-12-23 16:38:42,826 - [Process 2/4] - INFO - res.shape is :torch.Size([3])
2024-12-23 16:38:42,979 - [Process 2/4] - INFO - len(per_windows_prompt):1
2024-12-23 16:38:46,515 - [Process 2/4] - INFO - res.shape is :torch.Size([14])
2024-12-23 16:38:46,724 - [Process 2/4] - INFO - len(per_windows_prompt):1
2024-12-23 16:38:51,021 - [Process 2/4] - INFO - res.shape is :torch.Size([9])
2024-12-23 16:38:51,219 - [Process 2/4] - INFO - len(per_windows_prompt):1
2024-12-23 16:38:56,419 - [Process 2/4] - INFO - res.shape is :torch.Size([30])
2024-12-23 16:38:56,667 - [Process 2/4] - INFO - len(per_windows_prompt):1
2024-12-23 16:39:01,436 - [Process 2/4] - INFO - res.shape is :torch.Size([19])
2024-12-23 16:39:01,669 - [Process 2/4] - INFO - len(per_windows_prompt):1
2024-12-23 16:39:06,215 - [Process 2/4] - INFO - res.shape is :torch.Size([15])
2024-12-23 16:39:06,425 - [Process 2/4] - INFO - len(per_windows_prompt):1
2024-12-23 16:39:10,842 - [Process 2/4] - INFO - res.shape is :torch.Size([12])
