2024-12-23 12:49:12,536 - [Process 3/4] - INFO - loading datasets finished
2024-12-23 12:49:12,536 - [Process 3/4] - INFO - model_max_len: 3950
2024-12-23 12:49:12,536 - [Process 3/4] - INFO - output_max_len: 32
2024-12-23 12:49:12,536 - [Process 3/4] - INFO - parallel_pattern: every_window_no_query_input_query
2024-12-23 12:49:12,673 - [Process 3/4] - INFO - Max Length is 16633
2024-12-23 12:49:12,673 - [Process 3/4] - INFO - Finish loading dataset
2024-12-23 12:49:12,674 - [Process 3/4] - INFO - get_predicted begin
2024-12-23 12:49:16,273 - [Process 3/4] - INFO - len(per_windows_prompt):2
2024-12-23 12:49:22,668 - [Process 3/4] - INFO - res.shape is :torch.Size([3])
2024-12-23 12:49:23,367 - [Process 3/4] - INFO - len(per_windows_prompt):2
2024-12-23 12:49:28,468 - [Process 3/4] - INFO - res.shape is :torch.Size([8])
2024-12-23 12:49:28,858 - [Process 3/4] - INFO - len(per_windows_prompt):2
2024-12-23 12:49:33,434 - [Process 3/4] - INFO - res.shape is :torch.Size([3])
2024-12-23 12:49:34,065 - [Process 3/4] - INFO - len(per_windows_prompt):2
2024-12-23 12:49:38,539 - [Process 3/4] - INFO - res.shape is :torch.Size([3])
2024-12-23 12:49:38,971 - [Process 3/4] - INFO - len(per_windows_prompt):2
2024-12-23 12:49:45,001 - [Process 3/4] - INFO - res.shape is :torch.Size([5])
2024-12-23 12:49:45,573 - [Process 3/4] - INFO - len(per_windows_prompt):2
2024-12-23 12:49:51,361 - [Process 3/4] - INFO - res.shape is :torch.Size([5])
2024-12-23 12:49:51,585 - [Process 3/4] - INFO - len(per_windows_prompt):2
2024-12-23 12:49:55,311 - [Process 3/4] - INFO - res.shape is :torch.Size([4])
2024-12-23 12:49:55,798 - [Process 3/4] - INFO - len(per_windows_prompt):2
2024-12-23 12:50:04,706 - [Process 3/4] - INFO - res.shape is :torch.Size([32])
2024-12-23 12:50:05,151 - [Process 3/4] - INFO - len(per_windows_prompt):2
2024-12-23 12:50:13,722 - [Process 3/4] - INFO - res.shape is :torch.Size([32])
2024-12-23 12:50:14,343 - [Process 3/4] - INFO - len(per_windows_prompt):2
2024-12-23 12:50:19,591 - [Process 3/4] - INFO - res.shape is :torch.Size([5])
2024-12-23 12:50:20,034 - [Process 3/4] - INFO - len(per_windows_prompt):2
2024-12-23 12:50:25,226 - [Process 3/4] - INFO - res.shape is :torch.Size([3])
2024-12-23 12:50:25,725 - [Process 3/4] - INFO - len(per_windows_prompt):2
2024-12-23 12:50:33,212 - [Process 3/4] - INFO - res.shape is :torch.Size([32])
2024-12-23 12:50:33,680 - [Process 3/4] - INFO - len(per_windows_prompt):2
2024-12-23 12:50:39,010 - [Process 3/4] - INFO - res.shape is :torch.Size([7])
2024-12-23 12:50:39,467 - [Process 3/4] - INFO - len(per_windows_prompt):2
2024-12-23 12:50:47,088 - [Process 3/4] - INFO - res.shape is :torch.Size([32])
2024-12-23 12:50:47,232 - [Process 3/4] - INFO - len(per_windows_prompt):2
2024-12-23 12:50:52,168 - [Process 3/4] - INFO - res.shape is :torch.Size([28])
2024-12-23 12:50:52,543 - [Process 3/4] - INFO - len(per_windows_prompt):2
2024-12-23 12:50:57,587 - [Process 3/4] - INFO - res.shape is :torch.Size([3])
2024-12-23 12:50:57,878 - [Process 3/4] - INFO - len(per_windows_prompt):2
2024-12-23 12:51:03,951 - [Process 3/4] - INFO - res.shape is :torch.Size([32])
2024-12-23 12:51:04,480 - [Process 3/4] - INFO - len(per_windows_prompt):2
2024-12-23 12:51:10,700 - [Process 3/4] - INFO - res.shape is :torch.Size([5])
2024-12-23 12:51:11,308 - [Process 3/4] - INFO - len(per_windows_prompt):2
2024-12-23 12:51:16,440 - [Process 3/4] - INFO - res.shape is :torch.Size([4])
2024-12-23 12:51:16,666 - [Process 3/4] - INFO - len(per_windows_prompt):2
2024-12-23 12:51:22,722 - [Process 3/4] - INFO - res.shape is :torch.Size([32])
2024-12-23 12:51:23,204 - [Process 3/4] - INFO - len(per_windows_prompt):2
2024-12-23 12:51:30,904 - [Process 3/4] - INFO - res.shape is :torch.Size([32])
2024-12-23 12:51:31,490 - [Process 3/4] - INFO - len(per_windows_prompt):2
2024-12-23 12:51:36,777 - [Process 3/4] - INFO - res.shape is :torch.Size([6])
2024-12-23 12:51:37,302 - [Process 3/4] - INFO - len(per_windows_prompt):2
2024-12-23 12:51:47,220 - [Process 3/4] - INFO - res.shape is :torch.Size([32])
2024-12-23 12:51:47,681 - [Process 3/4] - INFO - len(per_windows_prompt):2
2024-12-23 12:51:52,847 - [Process 3/4] - INFO - res.shape is :torch.Size([3])
2024-12-23 12:51:53,254 - [Process 3/4] - INFO - len(per_windows_prompt):2
2024-12-23 12:52:01,962 - [Process 3/4] - INFO - res.shape is :torch.Size([32])
2024-12-23 12:52:02,538 - [Process 3/4] - INFO - len(per_windows_prompt):2
2024-12-23 12:52:07,688 - [Process 3/4] - INFO - res.shape is :torch.Size([4])
2024-12-23 12:52:08,166 - [Process 3/4] - INFO - len(per_windows_prompt):2
2024-12-23 12:52:13,504 - [Process 3/4] - INFO - res.shape is :torch.Size([6])
2024-12-23 12:52:14,035 - [Process 3/4] - INFO - len(per_windows_prompt):2
2024-12-23 12:52:20,289 - [Process 3/4] - INFO - res.shape is :torch.Size([15])
2024-12-23 12:52:20,517 - [Process 3/4] - INFO - len(per_windows_prompt):2
2024-12-23 12:52:26,561 - [Process 3/4] - INFO - res.shape is :torch.Size([32])
2024-12-23 12:52:27,052 - [Process 3/4] - INFO - len(per_windows_prompt):2
2024-12-23 12:52:31,590 - [Process 3/4] - INFO - res.shape is :torch.Size([3])
2024-12-23 12:52:32,106 - [Process 3/4] - INFO - len(per_windows_prompt):2
2024-12-23 12:52:36,657 - [Process 3/4] - INFO - res.shape is :torch.Size([4])
2024-12-23 12:52:37,085 - [Process 3/4] - INFO - len(per_windows_prompt):2
2024-12-23 12:52:43,394 - [Process 3/4] - INFO - res.shape is :torch.Size([7])
2024-12-23 12:52:43,831 - [Process 3/4] - INFO - len(per_windows_prompt):2
2024-12-23 12:52:52,331 - [Process 3/4] - INFO - res.shape is :torch.Size([32])
2024-12-23 12:52:52,730 - [Process 3/4] - INFO - len(per_windows_prompt):2
2024-12-23 12:52:57,905 - [Process 3/4] - INFO - res.shape is :torch.Size([5])
2024-12-23 12:52:58,325 - [Process 3/4] - INFO - len(per_windows_prompt):2
2024-12-23 12:53:05,828 - [Process 3/4] - INFO - res.shape is :torch.Size([32])
2024-12-23 12:53:06,317 - [Process 3/4] - INFO - len(per_windows_prompt):2
2024-12-23 12:53:11,080 - [Process 3/4] - INFO - res.shape is :torch.Size([4])
2024-12-23 12:53:11,405 - [Process 3/4] - INFO - len(per_windows_prompt):2
2024-12-23 12:53:16,095 - [Process 3/4] - INFO - res.shape is :torch.Size([3])
2024-12-23 12:53:16,683 - [Process 3/4] - INFO - len(per_windows_prompt):2
2024-12-23 12:53:23,045 - [Process 3/4] - INFO - res.shape is :torch.Size([4])
2024-12-23 12:53:23,440 - [Process 3/4] - INFO - len(per_windows_prompt):2
2024-12-23 12:53:30,154 - [Process 3/4] - INFO - res.shape is :torch.Size([13])
2024-12-23 12:53:30,718 - [Process 3/4] - INFO - len(per_windows_prompt):2
2024-12-23 12:53:35,415 - [Process 3/4] - INFO - res.shape is :torch.Size([3])
2024-12-23 12:53:35,844 - [Process 3/4] - INFO - len(per_windows_prompt):2
2024-12-23 12:53:43,595 - [Process 3/4] - INFO - res.shape is :torch.Size([32])
2024-12-23 12:53:44,013 - [Process 3/4] - INFO - len(per_windows_prompt):2
2024-12-23 12:53:52,460 - [Process 3/4] - INFO - res.shape is :torch.Size([32])
2024-12-23 12:53:52,954 - [Process 3/4] - INFO - len(per_windows_prompt):2
2024-12-23 12:54:01,335 - [Process 3/4] - INFO - res.shape is :torch.Size([32])
2024-12-23 12:54:01,573 - [Process 3/4] - INFO - len(per_windows_prompt):2
2024-12-23 12:54:07,572 - [Process 3/4] - INFO - res.shape is :torch.Size([32])
2024-12-23 12:54:08,106 - [Process 3/4] - INFO - len(per_windows_prompt):2
2024-12-23 12:54:13,359 - [Process 3/4] - INFO - res.shape is :torch.Size([5])
2024-12-23 12:54:13,868 - [Process 3/4] - INFO - len(per_windows_prompt):2
2024-12-23 12:54:18,501 - [Process 3/4] - INFO - res.shape is :torch.Size([5])
2024-12-23 12:54:19,023 - [Process 3/4] - INFO - len(per_windows_prompt):2
2024-12-23 12:54:27,699 - [Process 3/4] - INFO - res.shape is :torch.Size([32])
2024-12-23 12:54:28,144 - [Process 3/4] - INFO - len(per_windows_prompt):2
2024-12-23 12:54:35,986 - [Process 3/4] - INFO - res.shape is :torch.Size([32])
2024-12-23 12:54:36,533 - [Process 3/4] - INFO - len(per_windows_prompt):2
2024-12-23 12:54:41,211 - [Process 3/4] - INFO - res.shape is :torch.Size([3])
2024-12-23 12:54:41,513 - [Process 3/4] - INFO - len(per_windows_prompt):2
2024-12-23 12:54:45,451 - [Process 3/4] - INFO - res.shape is :torch.Size([4])
