2024-12-23 16:18:12,828 - [Process 3/4] - INFO - loading datasets finished
2024-12-23 16:18:12,828 - [Process 3/4] - INFO - model_max_len: 3950
2024-12-23 16:18:12,829 - [Process 3/4] - INFO - output_max_len: 64
2024-12-23 16:18:12,829 - [Process 3/4] - INFO - parallel_pattern: default
2024-12-23 16:18:12,856 - [Process 3/4] - INFO - Max Length is 8714
2024-12-23 16:18:12,856 - [Process 3/4] - INFO - Finish loading dataset
2024-12-23 16:18:12,857 - [Process 3/4] - INFO - get_predicted begin
2024-12-23 16:18:16,449 - [Process 3/4] - INFO - len(per_windows_prompt):1
2024-12-23 16:18:21,548 - [Process 3/4] - INFO - res.shape is :torch.Size([12])
2024-12-23 16:18:21,776 - [Process 3/4] - INFO - len(per_windows_prompt):1
2024-12-23 16:18:25,726 - [Process 3/4] - INFO - res.shape is :torch.Size([3])
2024-12-23 16:18:25,902 - [Process 3/4] - INFO - len(per_windows_prompt):1
2024-12-23 16:18:29,362 - [Process 3/4] - INFO - res.shape is :torch.Size([2])
2024-12-23 16:18:29,541 - [Process 3/4] - INFO - len(per_windows_prompt):1
2024-12-23 16:18:33,922 - [Process 3/4] - INFO - res.shape is :torch.Size([13])
2024-12-23 16:18:34,119 - [Process 3/4] - INFO - len(per_windows_prompt):1
2024-12-23 16:18:38,048 - [Process 3/4] - INFO - res.shape is :torch.Size([2])
2024-12-23 16:18:38,241 - [Process 3/4] - INFO - len(per_windows_prompt):1
2024-12-23 16:18:42,213 - [Process 3/4] - INFO - res.shape is :torch.Size([3])
2024-12-23 16:18:42,447 - [Process 3/4] - INFO - len(per_windows_prompt):1
2024-12-23 16:18:46,421 - [Process 3/4] - INFO - res.shape is :torch.Size([3])
2024-12-23 16:18:46,645 - [Process 3/4] - INFO - len(per_windows_prompt):1
2024-12-23 16:18:50,995 - [Process 3/4] - INFO - res.shape is :torch.Size([12])
2024-12-23 16:18:51,111 - [Process 3/4] - INFO - len(per_windows_prompt):1
2024-12-23 16:18:55,013 - [Process 3/4] - INFO - res.shape is :torch.Size([38])
2024-12-23 16:18:55,213 - [Process 3/4] - INFO - len(per_windows_prompt):1
2024-12-23 16:18:59,570 - [Process 3/4] - INFO - res.shape is :torch.Size([12])
2024-12-23 16:18:59,793 - [Process 3/4] - INFO - len(per_windows_prompt):1
2024-12-23 16:19:03,790 - [Process 3/4] - INFO - res.shape is :torch.Size([3])
2024-12-23 16:19:04,010 - [Process 3/4] - INFO - len(per_windows_prompt):1
2024-12-23 16:19:08,018 - [Process 3/4] - INFO - res.shape is :torch.Size([3])
2024-12-23 16:19:08,200 - [Process 3/4] - INFO - len(per_windows_prompt):1
2024-12-23 16:19:12,210 - [Process 3/4] - INFO - res.shape is :torch.Size([3])
2024-12-23 16:19:12,415 - [Process 3/4] - INFO - len(per_windows_prompt):1
2024-12-23 16:19:16,386 - [Process 3/4] - INFO - res.shape is :torch.Size([2])
2024-12-23 16:19:16,572 - [Process 3/4] - INFO - len(per_windows_prompt):1
2024-12-23 16:19:20,545 - [Process 3/4] - INFO - res.shape is :torch.Size([2])
2024-12-23 16:19:20,764 - [Process 3/4] - INFO - len(per_windows_prompt):1
2024-12-23 16:19:24,781 - [Process 3/4] - INFO - res.shape is :torch.Size([3])
2024-12-23 16:19:24,978 - [Process 3/4] - INFO - len(per_windows_prompt):1
2024-12-23 16:19:28,996 - [Process 3/4] - INFO - res.shape is :torch.Size([3])
2024-12-23 16:19:29,212 - [Process 3/4] - INFO - len(per_windows_prompt):1
2024-12-23 16:19:33,233 - [Process 3/4] - INFO - res.shape is :torch.Size([3])
2024-12-23 16:19:33,436 - [Process 3/4] - INFO - len(per_windows_prompt):1
2024-12-23 16:19:37,460 - [Process 3/4] - INFO - res.shape is :torch.Size([3])
2024-12-23 16:19:37,662 - [Process 3/4] - INFO - len(per_windows_prompt):1
2024-12-23 16:19:42,064 - [Process 3/4] - INFO - res.shape is :torch.Size([12])
2024-12-23 16:19:42,265 - [Process 3/4] - INFO - len(per_windows_prompt):1
2024-12-23 16:19:46,542 - [Process 3/4] - INFO - res.shape is :torch.Size([9])
2024-12-23 16:19:46,759 - [Process 3/4] - INFO - len(per_windows_prompt):1
2024-12-23 16:19:50,790 - [Process 3/4] - INFO - res.shape is :torch.Size([3])
2024-12-23 16:19:51,015 - [Process 3/4] - INFO - len(per_windows_prompt):1
2024-12-23 16:19:55,047 - [Process 3/4] - INFO - res.shape is :torch.Size([3])
2024-12-23 16:19:55,230 - [Process 3/4] - INFO - len(per_windows_prompt):1
2024-12-23 16:19:59,265 - [Process 3/4] - INFO - res.shape is :torch.Size([3])
2024-12-23 16:19:59,491 - [Process 3/4] - INFO - len(per_windows_prompt):1
2024-12-23 16:20:03,939 - [Process 3/4] - INFO - res.shape is :torch.Size([13])
2024-12-23 16:20:04,137 - [Process 3/4] - INFO - len(per_windows_prompt):1
2024-12-23 16:20:08,132 - [Process 3/4] - INFO - res.shape is :torch.Size([2])
2024-12-23 16:20:08,311 - [Process 3/4] - INFO - len(per_windows_prompt):1
2024-12-23 16:20:12,307 - [Process 3/4] - INFO - res.shape is :torch.Size([2])
2024-12-23 16:20:12,531 - [Process 3/4] - INFO - len(per_windows_prompt):1
2024-12-23 16:20:16,570 - [Process 3/4] - INFO - res.shape is :torch.Size([3])
2024-12-23 16:20:16,686 - [Process 3/4] - INFO - len(per_windows_prompt):1
2024-12-23 16:20:19,351 - [Process 3/4] - INFO - res.shape is :torch.Size([3])
2024-12-23 16:20:19,529 - [Process 3/4] - INFO - len(per_windows_prompt):1
2024-12-23 16:20:23,569 - [Process 3/4] - INFO - res.shape is :torch.Size([3])
2024-12-23 16:20:23,766 - [Process 3/4] - INFO - len(per_windows_prompt):1
2024-12-23 16:20:27,768 - [Process 3/4] - INFO - res.shape is :torch.Size([2])
2024-12-23 16:20:27,947 - [Process 3/4] - INFO - len(per_windows_prompt):1
2024-12-23 16:20:32,361 - [Process 3/4] - INFO - res.shape is :torch.Size([12])
2024-12-23 16:20:32,596 - [Process 3/4] - INFO - len(per_windows_prompt):1
2024-12-23 16:20:36,597 - [Process 3/4] - INFO - res.shape is :torch.Size([2])
2024-12-23 16:20:36,827 - [Process 3/4] - INFO - len(per_windows_prompt):1
2024-12-23 16:20:41,245 - [Process 3/4] - INFO - res.shape is :torch.Size([12])
2024-12-23 16:20:41,447 - [Process 3/4] - INFO - len(per_windows_prompt):1
2024-12-23 16:20:45,453 - [Process 3/4] - INFO - res.shape is :torch.Size([2])
2024-12-23 16:20:45,645 - [Process 3/4] - INFO - len(per_windows_prompt):1
2024-12-23 16:20:49,651 - [Process 3/4] - INFO - res.shape is :torch.Size([2])
2024-12-23 16:20:49,859 - [Process 3/4] - INFO - len(per_windows_prompt):1
2024-12-23 16:20:54,279 - [Process 3/4] - INFO - res.shape is :torch.Size([12])
2024-12-23 16:20:54,470 - [Process 3/4] - INFO - len(per_windows_prompt):1
2024-12-23 16:20:58,478 - [Process 3/4] - INFO - res.shape is :torch.Size([2])
2024-12-23 16:20:58,644 - [Process 3/4] - INFO - len(per_windows_prompt):1
2024-12-23 16:21:02,856 - [Process 3/4] - INFO - res.shape is :torch.Size([11])
2024-12-23 16:21:03,058 - [Process 3/4] - INFO - len(per_windows_prompt):1
2024-12-23 16:21:07,151 - [Process 3/4] - INFO - res.shape is :torch.Size([4])
2024-12-23 16:21:07,386 - [Process 3/4] - INFO - len(per_windows_prompt):1
2024-12-23 16:21:11,437 - [Process 3/4] - INFO - res.shape is :torch.Size([3])
2024-12-23 16:21:11,632 - [Process 3/4] - INFO - len(per_windows_prompt):1
2024-12-23 16:21:16,011 - [Process 3/4] - INFO - res.shape is :torch.Size([11])
2024-12-23 16:21:16,230 - [Process 3/4] - INFO - len(per_windows_prompt):1
2024-12-23 16:21:20,280 - [Process 3/4] - INFO - res.shape is :torch.Size([3])
2024-12-23 16:21:20,512 - [Process 3/4] - INFO - len(per_windows_prompt):1
2024-12-23 16:21:24,565 - [Process 3/4] - INFO - res.shape is :torch.Size([3])
2024-12-23 16:21:24,765 - [Process 3/4] - INFO - len(per_windows_prompt):1
2024-12-23 16:21:28,819 - [Process 3/4] - INFO - res.shape is :torch.Size([3])
2024-12-23 16:21:29,008 - [Process 3/4] - INFO - len(per_windows_prompt):1
2024-12-23 16:21:33,394 - [Process 3/4] - INFO - res.shape is :torch.Size([11])
2024-12-23 16:21:33,612 - [Process 3/4] - INFO - len(per_windows_prompt):1
2024-12-23 16:21:37,664 - [Process 3/4] - INFO - res.shape is :torch.Size([3])
2024-12-23 16:21:37,813 - [Process 3/4] - INFO - len(per_windows_prompt):1
2024-12-23 16:21:41,479 - [Process 3/4] - INFO - res.shape is :torch.Size([11])
2024-12-23 16:21:41,675 - [Process 3/4] - INFO - len(per_windows_prompt):1
2024-12-23 16:21:45,728 - [Process 3/4] - INFO - res.shape is :torch.Size([3])
2024-12-23 16:21:45,910 - [Process 3/4] - INFO - len(per_windows_prompt):1
2024-12-23 16:21:49,920 - [Process 3/4] - INFO - res.shape is :torch.Size([2])
