2024-12-23 16:04:56,198 - [Process 3/4] - INFO - loading datasets finished
2024-12-23 16:04:56,199 - [Process 3/4] - INFO - model_max_len: 3950
2024-12-23 16:04:56,199 - [Process 3/4] - INFO - output_max_len: 64
2024-12-23 16:04:56,199 - [Process 3/4] - INFO - parallel_pattern: default
2024-12-23 16:04:56,224 - [Process 3/4] - INFO - Max Length is 8714
2024-12-23 16:04:56,225 - [Process 3/4] - INFO - Finish loading dataset
2024-12-23 16:04:56,225 - [Process 3/4] - INFO - get_predicted begin
2024-12-23 16:04:59,815 - [Process 3/4] - INFO - len(per_windows_prompt):1
2024-12-23 16:05:04,491 - [Process 3/4] - INFO - res.shape is :torch.Size([2])
2024-12-23 16:05:04,737 - [Process 3/4] - INFO - len(per_windows_prompt):1
2024-12-23 16:05:08,928 - [Process 3/4] - INFO - res.shape is :torch.Size([9])
2024-12-23 16:05:09,088 - [Process 3/4] - INFO - len(per_windows_prompt):1
2024-12-23 16:05:12,537 - [Process 3/4] - INFO - res.shape is :torch.Size([2])
2024-12-23 16:05:12,716 - [Process 3/4] - INFO - len(per_windows_prompt):1
2024-12-23 16:05:16,681 - [Process 3/4] - INFO - res.shape is :torch.Size([3])
2024-12-23 16:05:16,876 - [Process 3/4] - INFO - len(per_windows_prompt):1
2024-12-23 16:05:21,053 - [Process 3/4] - INFO - res.shape is :torch.Size([8])
2024-12-23 16:05:21,248 - [Process 3/4] - INFO - len(per_windows_prompt):1
2024-12-23 16:05:25,466 - [Process 3/4] - INFO - res.shape is :torch.Size([9])
2024-12-23 16:05:25,697 - [Process 3/4] - INFO - len(per_windows_prompt):1
2024-12-23 16:05:29,669 - [Process 3/4] - INFO - res.shape is :torch.Size([3])
2024-12-23 16:05:29,894 - [Process 3/4] - INFO - len(per_windows_prompt):1
2024-12-23 16:05:34,117 - [Process 3/4] - INFO - res.shape is :torch.Size([9])
2024-12-23 16:05:34,233 - [Process 3/4] - INFO - len(per_windows_prompt):1
2024-12-23 16:05:38,100 - [Process 3/4] - INFO - res.shape is :torch.Size([37])
2024-12-23 16:05:38,303 - [Process 3/4] - INFO - len(per_windows_prompt):1
2024-12-23 16:05:42,243 - [Process 3/4] - INFO - res.shape is :torch.Size([2])
2024-12-23 16:05:42,460 - [Process 3/4] - INFO - len(per_windows_prompt):1
2024-12-23 16:05:46,718 - [Process 3/4] - INFO - res.shape is :torch.Size([9])
2024-12-23 16:05:46,958 - [Process 3/4] - INFO - len(per_windows_prompt):1
2024-12-23 16:05:51,631 - [Process 3/4] - INFO - res.shape is :torch.Size([19])
2024-12-23 16:05:51,812 - [Process 3/4] - INFO - len(per_windows_prompt):1
2024-12-23 16:05:56,078 - [Process 3/4] - INFO - res.shape is :torch.Size([9])
2024-12-23 16:05:56,302 - [Process 3/4] - INFO - len(per_windows_prompt):1
2024-12-23 16:06:00,260 - [Process 3/4] - INFO - res.shape is :torch.Size([2])
2024-12-23 16:06:00,463 - [Process 3/4] - INFO - len(per_windows_prompt):1
2024-12-23 16:06:07,039 - [Process 3/4] - INFO - res.shape is :torch.Size([64])
2024-12-23 16:06:07,259 - [Process 3/4] - INFO - len(per_windows_prompt):1
2024-12-23 16:06:11,300 - [Process 3/4] - INFO - res.shape is :torch.Size([4])
2024-12-23 16:06:11,493 - [Process 3/4] - INFO - len(per_windows_prompt):1
2024-12-23 16:06:16,525 - [Process 3/4] - INFO - res.shape is :torch.Size([28])
2024-12-23 16:06:16,741 - [Process 3/4] - INFO - len(per_windows_prompt):1
2024-12-23 16:06:20,751 - [Process 3/4] - INFO - res.shape is :torch.Size([3])
2024-12-23 16:06:20,953 - [Process 3/4] - INFO - len(per_windows_prompt):1
2024-12-23 16:06:25,220 - [Process 3/4] - INFO - res.shape is :torch.Size([9])
2024-12-23 16:06:25,423 - [Process 3/4] - INFO - len(per_windows_prompt):1
2024-12-23 16:06:29,939 - [Process 3/4] - INFO - res.shape is :torch.Size([15])
2024-12-23 16:06:30,139 - [Process 3/4] - INFO - len(per_windows_prompt):1
2024-12-23 16:06:34,368 - [Process 3/4] - INFO - res.shape is :torch.Size([8])
2024-12-23 16:06:34,581 - [Process 3/4] - INFO - len(per_windows_prompt):1
2024-12-23 16:06:38,607 - [Process 3/4] - INFO - res.shape is :torch.Size([3])
2024-12-23 16:06:38,829 - [Process 3/4] - INFO - len(per_windows_prompt):1
2024-12-23 16:06:43,105 - [Process 3/4] - INFO - res.shape is :torch.Size([9])
2024-12-23 16:06:43,284 - [Process 3/4] - INFO - len(per_windows_prompt):1
2024-12-23 16:06:47,313 - [Process 3/4] - INFO - res.shape is :torch.Size([3])
2024-12-23 16:06:47,537 - [Process 3/4] - INFO - len(per_windows_prompt):1
2024-12-23 16:06:51,787 - [Process 3/4] - INFO - res.shape is :torch.Size([8])
2024-12-23 16:06:52,002 - [Process 3/4] - INFO - len(per_windows_prompt):1
2024-12-23 16:06:56,040 - [Process 3/4] - INFO - res.shape is :torch.Size([3])
2024-12-23 16:06:56,216 - [Process 3/4] - INFO - len(per_windows_prompt):1
2024-12-23 16:07:00,457 - [Process 3/4] - INFO - res.shape is :torch.Size([8])
2024-12-23 16:07:00,681 - [Process 3/4] - INFO - len(per_windows_prompt):1
2024-12-23 16:07:06,746 - [Process 3/4] - INFO - res.shape is :torch.Size([52])
2024-12-23 16:07:06,871 - [Process 3/4] - INFO - len(per_windows_prompt):1
2024-12-23 16:07:09,491 - [Process 3/4] - INFO - res.shape is :torch.Size([3])
2024-12-23 16:07:09,668 - [Process 3/4] - INFO - len(per_windows_prompt):1
2024-12-23 16:07:13,704 - [Process 3/4] - INFO - res.shape is :torch.Size([3])
2024-12-23 16:07:13,901 - [Process 3/4] - INFO - len(per_windows_prompt):1
2024-12-23 16:07:17,939 - [Process 3/4] - INFO - res.shape is :torch.Size([3])
2024-12-23 16:07:18,119 - [Process 3/4] - INFO - len(per_windows_prompt):1
2024-12-23 16:07:24,697 - [Process 3/4] - INFO - res.shape is :torch.Size([64])
2024-12-23 16:07:24,953 - [Process 3/4] - INFO - len(per_windows_prompt):1
2024-12-23 16:07:28,959 - [Process 3/4] - INFO - res.shape is :torch.Size([2])
2024-12-23 16:07:29,206 - [Process 3/4] - INFO - len(per_windows_prompt):1
2024-12-23 16:07:35,813 - [Process 3/4] - INFO - res.shape is :torch.Size([64])
2024-12-23 16:07:36,016 - [Process 3/4] - INFO - len(per_windows_prompt):1
2024-12-23 16:07:40,924 - [Process 3/4] - INFO - res.shape is :torch.Size([24])
2024-12-23 16:07:41,117 - [Process 3/4] - INFO - len(per_windows_prompt):1
2024-12-23 16:07:45,583 - [Process 3/4] - INFO - res.shape is :torch.Size([13])
2024-12-23 16:07:45,792 - [Process 3/4] - INFO - len(per_windows_prompt):1
2024-12-23 16:07:50,000 - [Process 3/4] - INFO - res.shape is :torch.Size([7])
2024-12-23 16:07:50,189 - [Process 3/4] - INFO - len(per_windows_prompt):1
2024-12-23 16:07:54,441 - [Process 3/4] - INFO - res.shape is :torch.Size([8])
2024-12-23 16:07:54,610 - [Process 3/4] - INFO - len(per_windows_prompt):1
2024-12-23 16:07:59,017 - [Process 3/4] - INFO - res.shape is :torch.Size([16])
2024-12-23 16:07:59,218 - [Process 3/4] - INFO - len(per_windows_prompt):1
2024-12-23 16:08:03,716 - [Process 3/4] - INFO - res.shape is :torch.Size([14])
2024-12-23 16:08:03,952 - [Process 3/4] - INFO - len(per_windows_prompt):1
2024-12-23 16:08:07,997 - [Process 3/4] - INFO - res.shape is :torch.Size([3])
2024-12-23 16:08:08,193 - [Process 3/4] - INFO - len(per_windows_prompt):1
2024-12-23 16:08:12,403 - [Process 3/4] - INFO - res.shape is :torch.Size([7])
2024-12-23 16:08:12,623 - [Process 3/4] - INFO - len(per_windows_prompt):1
2024-12-23 16:08:16,753 - [Process 3/4] - INFO - res.shape is :torch.Size([5])
2024-12-23 16:08:16,981 - [Process 3/4] - INFO - len(per_windows_prompt):1
2024-12-23 16:08:21,401 - [Process 3/4] - INFO - res.shape is :torch.Size([12])
2024-12-23 16:08:21,600 - [Process 3/4] - INFO - len(per_windows_prompt):1
2024-12-23 16:08:25,689 - [Process 3/4] - INFO - res.shape is :torch.Size([4])
2024-12-23 16:08:25,878 - [Process 3/4] - INFO - len(per_windows_prompt):1
2024-12-23 16:08:30,837 - [Process 3/4] - INFO - res.shape is :torch.Size([25])
2024-12-23 16:08:31,055 - [Process 3/4] - INFO - len(per_windows_prompt):1
2024-12-23 16:08:35,101 - [Process 3/4] - INFO - res.shape is :torch.Size([3])
2024-12-23 16:08:35,250 - [Process 3/4] - INFO - len(per_windows_prompt):1
2024-12-23 16:08:38,991 - [Process 3/4] - INFO - res.shape is :torch.Size([13])
2024-12-23 16:08:39,187 - [Process 3/4] - INFO - len(per_windows_prompt):1
2024-12-23 16:08:43,237 - [Process 3/4] - INFO - res.shape is :torch.Size([3])
2024-12-23 16:08:43,420 - [Process 3/4] - INFO - len(per_windows_prompt):1
2024-12-23 16:08:49,983 - [Process 3/4] - INFO - res.shape is :torch.Size([64])
