2024-12-23 16:25:25,385 - [Process 0/4] - INFO - loading datasets finished
2024-12-23 16:25:25,385 - [Process 0/4] - INFO - model_max_len: 3950
2024-12-23 16:25:25,386 - [Process 0/4] - INFO - output_max_len: 64
2024-12-23 16:25:25,386 - [Process 0/4] - INFO - parallel_pattern: default
2024-12-23 16:25:25,413 - [Process 0/4] - INFO - Max Length is 8714
2024-12-23 16:25:25,413 - [Process 0/4] - INFO - Finish loading dataset
2024-12-23 16:25:25,414 - [Process 0/4] - INFO - get_predicted begin
2024-12-23 16:25:28,994 - [Process 0/4] - INFO - len(per_windows_prompt):1
2024-12-23 16:25:34,284 - [Process 0/4] - INFO - res.shape is :torch.Size([15])
2024-12-23 16:25:34,534 - [Process 0/4] - INFO - len(per_windows_prompt):1
2024-12-23 16:25:38,471 - [Process 0/4] - INFO - res.shape is :torch.Size([2])
2024-12-23 16:25:38,663 - [Process 0/4] - INFO - len(per_windows_prompt):1
2024-12-23 16:25:44,094 - [Process 0/4] - INFO - res.shape is :torch.Size([38])
2024-12-23 16:25:44,310 - [Process 0/4] - INFO - len(per_windows_prompt):1
2024-12-23 16:25:48,712 - [Process 0/4] - INFO - res.shape is :torch.Size([13])
2024-12-23 16:25:48,918 - [Process 0/4] - INFO - len(per_windows_prompt):1
2024-12-23 16:25:53,568 - [Process 0/4] - INFO - res.shape is :torch.Size([19])
2024-12-23 16:25:53,805 - [Process 0/4] - INFO - len(per_windows_prompt):1
2024-12-23 16:25:57,805 - [Process 0/4] - INFO - res.shape is :torch.Size([3])
2024-12-23 16:25:57,949 - [Process 0/4] - INFO - len(per_windows_prompt):1
2024-12-23 16:26:01,471 - [Process 0/4] - INFO - res.shape is :torch.Size([14])
2024-12-23 16:26:01,671 - [Process 0/4] - INFO - len(per_windows_prompt):1
2024-12-23 16:26:05,675 - [Process 0/4] - INFO - res.shape is :torch.Size([3])
2024-12-23 16:26:05,875 - [Process 0/4] - INFO - len(per_windows_prompt):1
2024-12-23 16:26:10,094 - [Process 0/4] - INFO - res.shape is :torch.Size([8])
2024-12-23 16:26:10,272 - [Process 0/4] - INFO - len(per_windows_prompt):1
2024-12-23 16:26:14,283 - [Process 0/4] - INFO - res.shape is :torch.Size([3])
2024-12-23 16:26:14,488 - [Process 0/4] - INFO - len(per_windows_prompt):1
2024-12-23 16:26:18,504 - [Process 0/4] - INFO - res.shape is :torch.Size([3])
2024-12-23 16:26:18,715 - [Process 0/4] - INFO - len(per_windows_prompt):1
2024-12-23 16:26:23,562 - [Process 0/4] - INFO - res.shape is :torch.Size([23])
2024-12-23 16:26:23,767 - [Process 0/4] - INFO - len(per_windows_prompt):1
2024-12-23 16:26:27,743 - [Process 0/4] - INFO - res.shape is :torch.Size([2])
2024-12-23 16:26:27,973 - [Process 0/4] - INFO - len(per_windows_prompt):1
2024-12-23 16:26:31,952 - [Process 0/4] - INFO - res.shape is :torch.Size([2])
2024-12-23 16:26:32,157 - [Process 0/4] - INFO - len(per_windows_prompt):1
2024-12-23 16:26:36,838 - [Process 0/4] - INFO - res.shape is :torch.Size([19])
2024-12-23 16:26:37,034 - [Process 0/4] - INFO - len(per_windows_prompt):1
2024-12-23 16:26:41,345 - [Process 0/4] - INFO - res.shape is :torch.Size([10])
2024-12-23 16:26:41,543 - [Process 0/4] - INFO - len(per_windows_prompt):1
2024-12-23 16:26:45,608 - [Process 0/4] - INFO - res.shape is :torch.Size([4])
2024-12-23 16:26:45,814 - [Process 0/4] - INFO - len(per_windows_prompt):1
2024-12-23 16:26:49,841 - [Process 0/4] - INFO - res.shape is :torch.Size([3])
2024-12-23 16:26:49,949 - [Process 0/4] - INFO - len(per_windows_prompt):1
2024-12-23 16:26:52,370 - [Process 0/4] - INFO - res.shape is :torch.Size([8])
2024-12-23 16:26:52,529 - [Process 0/4] - INFO - len(per_windows_prompt):1
2024-12-23 16:26:56,205 - [Process 0/4] - INFO - res.shape is :torch.Size([3])
2024-12-23 16:26:56,440 - [Process 0/4] - INFO - len(per_windows_prompt):1
2024-12-23 16:27:00,510 - [Process 0/4] - INFO - res.shape is :torch.Size([4])
2024-12-23 16:27:00,689 - [Process 0/4] - INFO - len(per_windows_prompt):1
2024-12-23 16:27:04,715 - [Process 0/4] - INFO - res.shape is :torch.Size([3])
2024-12-23 16:27:04,903 - [Process 0/4] - INFO - len(per_windows_prompt):1
2024-12-23 16:27:08,932 - [Process 0/4] - INFO - res.shape is :torch.Size([3])
2024-12-23 16:27:09,121 - [Process 0/4] - INFO - len(per_windows_prompt):1
2024-12-23 16:27:13,849 - [Process 0/4] - INFO - res.shape is :torch.Size([20])
2024-12-23 16:27:13,977 - [Process 0/4] - INFO - len(per_windows_prompt):1
2024-12-23 16:27:16,908 - [Process 0/4] - INFO - res.shape is :torch.Size([7])
2024-12-23 16:27:17,127 - [Process 0/4] - INFO - len(per_windows_prompt):1
2024-12-23 16:27:21,156 - [Process 0/4] - INFO - res.shape is :torch.Size([3])
2024-12-23 16:27:21,383 - [Process 0/4] - INFO - len(per_windows_prompt):1
2024-12-23 16:27:25,419 - [Process 0/4] - INFO - res.shape is :torch.Size([3])
2024-12-23 16:27:25,640 - [Process 0/4] - INFO - len(per_windows_prompt):1
2024-12-23 16:27:29,674 - [Process 0/4] - INFO - res.shape is :torch.Size([3])
2024-12-23 16:27:29,867 - [Process 0/4] - INFO - len(per_windows_prompt):1
2024-12-23 16:27:34,349 - [Process 0/4] - INFO - res.shape is :torch.Size([14])
2024-12-23 16:27:34,561 - [Process 0/4] - INFO - len(per_windows_prompt):1
2024-12-23 16:27:39,577 - [Process 0/4] - INFO - res.shape is :torch.Size([27])
2024-12-23 16:27:39,748 - [Process 0/4] - INFO - len(per_windows_prompt):1
2024-12-23 16:27:43,506 - [Process 0/4] - INFO - res.shape is :torch.Size([2])
2024-12-23 16:27:43,721 - [Process 0/4] - INFO - len(per_windows_prompt):1
2024-12-23 16:27:48,247 - [Process 0/4] - INFO - res.shape is :torch.Size([15])
2024-12-23 16:27:48,403 - [Process 0/4] - INFO - len(per_windows_prompt):1
2024-12-23 16:27:52,070 - [Process 0/4] - INFO - res.shape is :torch.Size([3])
2024-12-23 16:27:52,293 - [Process 0/4] - INFO - len(per_windows_prompt):1
2024-12-23 16:27:56,283 - [Process 0/4] - INFO - res.shape is :torch.Size([2])
2024-12-23 16:27:56,409 - [Process 0/4] - INFO - len(per_windows_prompt):1
2024-12-23 16:27:59,151 - [Process 0/4] - INFO - res.shape is :torch.Size([2])
2024-12-23 16:27:59,343 - [Process 0/4] - INFO - len(per_windows_prompt):1
2024-12-23 16:28:03,787 - [Process 0/4] - INFO - res.shape is :torch.Size([13])
2024-12-23 16:28:03,921 - [Process 0/4] - INFO - len(per_windows_prompt):1
2024-12-23 16:28:06,785 - [Process 0/4] - INFO - res.shape is :torch.Size([2])
2024-12-23 16:28:06,985 - [Process 0/4] - INFO - len(per_windows_prompt):1
2024-12-23 16:28:10,974 - [Process 0/4] - INFO - res.shape is :torch.Size([2])
2024-12-23 16:28:11,158 - [Process 0/4] - INFO - len(per_windows_prompt):1
2024-12-23 16:28:16,096 - [Process 0/4] - INFO - res.shape is :torch.Size([25])
2024-12-23 16:28:16,304 - [Process 0/4] - INFO - len(per_windows_prompt):1
2024-12-23 16:28:20,336 - [Process 0/4] - INFO - res.shape is :torch.Size([3])
2024-12-23 16:28:20,564 - [Process 0/4] - INFO - len(per_windows_prompt):1
2024-12-23 16:28:24,595 - [Process 0/4] - INFO - res.shape is :torch.Size([3])
2024-12-23 16:28:24,825 - [Process 0/4] - INFO - len(per_windows_prompt):1
2024-12-23 16:28:28,861 - [Process 0/4] - INFO - res.shape is :torch.Size([3])
2024-12-23 16:28:29,079 - [Process 0/4] - INFO - len(per_windows_prompt):1
2024-12-23 16:28:33,129 - [Process 0/4] - INFO - res.shape is :torch.Size([3])
2024-12-23 16:28:33,307 - [Process 0/4] - INFO - len(per_windows_prompt):1
2024-12-23 16:28:37,772 - [Process 0/4] - INFO - res.shape is :torch.Size([13])
2024-12-23 16:28:37,984 - [Process 0/4] - INFO - len(per_windows_prompt):1
2024-12-23 16:28:42,033 - [Process 0/4] - INFO - res.shape is :torch.Size([3])
2024-12-23 16:28:42,215 - [Process 0/4] - INFO - len(per_windows_prompt):1
2024-12-23 16:28:46,970 - [Process 0/4] - INFO - res.shape is :torch.Size([20])
2024-12-23 16:28:47,191 - [Process 0/4] - INFO - len(per_windows_prompt):1
2024-12-23 16:28:51,240 - [Process 0/4] - INFO - res.shape is :torch.Size([3])
2024-12-23 16:28:51,460 - [Process 0/4] - INFO - len(per_windows_prompt):1
2024-12-23 16:28:55,507 - [Process 0/4] - INFO - res.shape is :torch.Size([3])
2024-12-23 16:28:55,690 - [Process 0/4] - INFO - len(per_windows_prompt):1
2024-12-23 16:28:59,990 - [Process 0/4] - INFO - res.shape is :torch.Size([9])
2024-12-23 16:29:00,128 - [Process 0/4] - INFO - len(per_windows_prompt):1
2024-12-23 16:29:03,434 - [Process 0/4] - INFO - res.shape is :torch.Size([3])
