2024-12-23 16:57:29,737 - [Process 2/4] - INFO - loading datasets finished
2024-12-23 16:57:29,737 - [Process 2/4] - INFO - model_max_len: 3950
2024-12-23 16:57:29,737 - [Process 2/4] - INFO - output_max_len: 64
2024-12-23 16:57:29,737 - [Process 2/4] - INFO - parallel_pattern: every_window_no_query_input_query
2024-12-23 16:57:29,764 - [Process 2/4] - INFO - Max Length is 8714
2024-12-23 16:57:29,764 - [Process 2/4] - INFO - Finish loading dataset
2024-12-23 16:57:29,765 - [Process 2/4] - INFO - get_predicted begin
2024-12-23 16:57:33,344 - [Process 2/4] - INFO - len(per_windows_prompt):2
2024-12-23 16:57:40,591 - [Process 2/4] - INFO - res.shape is :torch.Size([64])
2024-12-23 16:57:40,858 - [Process 2/4] - INFO - len(per_windows_prompt):2
2024-12-23 16:57:47,410 - [Process 2/4] - INFO - res.shape is :torch.Size([64])
2024-12-23 16:57:47,534 - [Process 2/4] - INFO - len(per_windows_prompt):2
2024-12-23 16:57:52,187 - [Process 2/4] - INFO - res.shape is :torch.Size([64])
2024-12-23 16:57:52,434 - [Process 2/4] - INFO - len(per_windows_prompt):2
2024-12-23 16:57:58,801 - [Process 2/4] - INFO - res.shape is :torch.Size([64])
2024-12-23 16:57:59,003 - [Process 2/4] - INFO - len(per_windows_prompt):2
2024-12-23 16:58:05,421 - [Process 2/4] - INFO - res.shape is :torch.Size([64])
2024-12-23 16:58:05,665 - [Process 2/4] - INFO - len(per_windows_prompt):2
2024-12-23 16:58:12,104 - [Process 2/4] - INFO - res.shape is :torch.Size([64])
2024-12-23 16:58:12,239 - [Process 2/4] - INFO - len(per_windows_prompt):2
2024-12-23 16:58:17,258 - [Process 2/4] - INFO - res.shape is :torch.Size([64])
2024-12-23 16:58:17,461 - [Process 2/4] - INFO - len(per_windows_prompt):2
2024-12-23 16:58:23,872 - [Process 2/4] - INFO - res.shape is :torch.Size([64])
2024-12-23 16:58:24,080 - [Process 2/4] - INFO - len(per_windows_prompt):2
2024-12-23 16:58:30,503 - [Process 2/4] - INFO - res.shape is :torch.Size([64])
2024-12-23 16:58:30,701 - [Process 2/4] - INFO - len(per_windows_prompt):2
2024-12-23 16:58:37,129 - [Process 2/4] - INFO - res.shape is :torch.Size([64])
2024-12-23 16:58:37,383 - [Process 2/4] - INFO - len(per_windows_prompt):2
2024-12-23 16:58:43,812 - [Process 2/4] - INFO - res.shape is :torch.Size([64])
2024-12-23 16:58:44,038 - [Process 2/4] - INFO - len(per_windows_prompt):2
2024-12-23 16:58:50,428 - [Process 2/4] - INFO - res.shape is :torch.Size([64])
2024-12-23 16:58:50,623 - [Process 2/4] - INFO - len(per_windows_prompt):2
2024-12-23 16:58:56,927 - [Process 2/4] - INFO - res.shape is :torch.Size([64])
2024-12-23 16:58:57,160 - [Process 2/4] - INFO - len(per_windows_prompt):2
2024-12-23 16:59:03,592 - [Process 2/4] - INFO - res.shape is :torch.Size([64])
2024-12-23 16:59:03,808 - [Process 2/4] - INFO - len(per_windows_prompt):2
2024-12-23 16:59:10,246 - [Process 2/4] - INFO - res.shape is :torch.Size([64])
2024-12-23 16:59:10,501 - [Process 2/4] - INFO - len(per_windows_prompt):2
