2024-12-23 16:18:12,835 - [Process 2/4] - INFO - loading datasets finished
2024-12-23 16:18:12,835 - [Process 2/4] - INFO - model_max_len: 3950
2024-12-23 16:18:12,835 - [Process 2/4] - INFO - output_max_len: 64
2024-12-23 16:18:12,835 - [Process 2/4] - INFO - parallel_pattern: default
2024-12-23 16:18:12,863 - [Process 2/4] - INFO - Max Length is 8714
2024-12-23 16:18:12,863 - [Process 2/4] - INFO - Finish loading dataset
2024-12-23 16:18:12,864 - [Process 2/4] - INFO - get_predicted begin
2024-12-23 16:18:16,450 - [Process 2/4] - INFO - len(per_windows_prompt):1
2024-12-23 16:18:21,171 - [Process 2/4] - INFO - res.shape is :torch.Size([2])
2024-12-23 16:18:21,425 - [Process 2/4] - INFO - len(per_windows_prompt):1
2024-12-23 16:18:25,806 - [Process 2/4] - INFO - res.shape is :torch.Size([12])
2024-12-23 16:18:25,926 - [Process 2/4] - INFO - len(per_windows_prompt):1
2024-12-23 16:18:28,156 - [Process 2/4] - INFO - res.shape is :torch.Size([3])
2024-12-23 16:18:28,381 - [Process 2/4] - INFO - len(per_windows_prompt):1
2024-12-23 16:18:32,337 - [Process 2/4] - INFO - res.shape is :torch.Size([2])
2024-12-23 16:18:32,520 - [Process 2/4] - INFO - len(per_windows_prompt):1
2024-12-23 16:18:36,479 - [Process 2/4] - INFO - res.shape is :torch.Size([2])
2024-12-23 16:18:36,698 - [Process 2/4] - INFO - len(per_windows_prompt):1
2024-12-23 16:18:40,670 - [Process 2/4] - INFO - res.shape is :torch.Size([2])
2024-12-23 16:18:40,792 - [Process 2/4] - INFO - len(per_windows_prompt):1
2024-12-23 16:18:43,733 - [Process 2/4] - INFO - res.shape is :torch.Size([11])
2024-12-23 16:18:43,918 - [Process 2/4] - INFO - len(per_windows_prompt):1
2024-12-23 16:18:47,984 - [Process 2/4] - INFO - res.shape is :torch.Size([4])
2024-12-23 16:18:48,172 - [Process 2/4] - INFO - len(per_windows_prompt):1
2024-12-23 16:18:52,201 - [Process 2/4] - INFO - res.shape is :torch.Size([3])
2024-12-23 16:18:52,379 - [Process 2/4] - INFO - len(per_windows_prompt):1
2024-12-23 16:18:56,779 - [Process 2/4] - INFO - res.shape is :torch.Size([12])
2024-12-23 16:18:57,012 - [Process 2/4] - INFO - len(per_windows_prompt):1
2024-12-23 16:19:01,003 - [Process 2/4] - INFO - res.shape is :torch.Size([2])
2024-12-23 16:19:01,209 - [Process 2/4] - INFO - len(per_windows_prompt):1
2024-12-23 16:19:05,204 - [Process 2/4] - INFO - res.shape is :torch.Size([2])
2024-12-23 16:19:05,382 - [Process 2/4] - INFO - len(per_windows_prompt):1
2024-12-23 16:19:09,377 - [Process 2/4] - INFO - res.shape is :torch.Size([2])
2024-12-23 16:19:09,590 - [Process 2/4] - INFO - len(per_windows_prompt):1
2024-12-23 16:19:13,628 - [Process 2/4] - INFO - res.shape is :torch.Size([3])
2024-12-23 16:19:13,826 - [Process 2/4] - INFO - len(per_windows_prompt):1
2024-12-23 16:19:17,865 - [Process 2/4] - INFO - res.shape is :torch.Size([3])
2024-12-23 16:19:18,100 - [Process 2/4] - INFO - len(per_windows_prompt):1
2024-12-23 16:19:22,142 - [Process 2/4] - INFO - res.shape is :torch.Size([3])
2024-12-23 16:19:22,383 - [Process 2/4] - INFO - len(per_windows_prompt):1
2024-12-23 16:19:26,385 - [Process 2/4] - INFO - res.shape is :torch.Size([2])
2024-12-23 16:19:26,585 - [Process 2/4] - INFO - len(per_windows_prompt):1
2024-12-23 16:19:30,629 - [Process 2/4] - INFO - res.shape is :torch.Size([3])
2024-12-23 16:19:30,854 - [Process 2/4] - INFO - len(per_windows_prompt):1
2024-12-23 16:19:34,901 - [Process 2/4] - INFO - res.shape is :torch.Size([3])
2024-12-23 16:19:35,034 - [Process 2/4] - INFO - len(per_windows_prompt):1
2024-12-23 16:19:37,876 - [Process 2/4] - INFO - res.shape is :torch.Size([3])
2024-12-23 16:19:38,022 - [Process 2/4] - INFO - len(per_windows_prompt):1
2024-12-23 16:19:41,332 - [Process 2/4] - INFO - res.shape is :torch.Size([2])
2024-12-23 16:19:41,539 - [Process 2/4] - INFO - len(per_windows_prompt):1
2024-12-23 16:19:45,588 - [Process 2/4] - INFO - res.shape is :torch.Size([3])
2024-12-23 16:19:45,826 - [Process 2/4] - INFO - len(per_windows_prompt):1
2024-12-23 16:19:49,874 - [Process 2/4] - INFO - res.shape is :torch.Size([3])
2024-12-23 16:19:50,089 - [Process 2/4] - INFO - len(per_windows_prompt):1
2024-12-23 16:19:54,137 - [Process 2/4] - INFO - res.shape is :torch.Size([3])
2024-12-23 16:19:54,321 - [Process 2/4] - INFO - len(per_windows_prompt):1
2024-12-23 16:19:58,371 - [Process 2/4] - INFO - res.shape is :torch.Size([3])
2024-12-23 16:19:58,501 - [Process 2/4] - INFO - len(per_windows_prompt):1
2024-12-23 16:20:01,302 - [Process 2/4] - INFO - res.shape is :torch.Size([3])
2024-12-23 16:20:01,524 - [Process 2/4] - INFO - len(per_windows_prompt):1
2024-12-23 16:20:05,574 - [Process 2/4] - INFO - res.shape is :torch.Size([3])
2024-12-23 16:20:05,709 - [Process 2/4] - INFO - len(per_windows_prompt):1
2024-12-23 16:20:10,403 - [Process 2/4] - INFO - res.shape is :torch.Size([49])
2024-12-23 16:20:10,628 - [Process 2/4] - INFO - len(per_windows_prompt):1
2024-12-23 16:20:14,678 - [Process 2/4] - INFO - res.shape is :torch.Size([3])
2024-12-23 16:20:14,884 - [Process 2/4] - INFO - len(per_windows_prompt):1
2024-12-23 16:20:18,936 - [Process 2/4] - INFO - res.shape is :torch.Size([3])
2024-12-23 16:20:19,164 - [Process 2/4] - INFO - len(per_windows_prompt):1
2024-12-23 16:20:23,217 - [Process 2/4] - INFO - res.shape is :torch.Size([3])
2024-12-23 16:20:23,381 - [Process 2/4] - INFO - len(per_windows_prompt):1
2024-12-23 16:20:27,092 - [Process 2/4] - INFO - res.shape is :torch.Size([2])
2024-12-23 16:20:27,278 - [Process 2/4] - INFO - len(per_windows_prompt):1
2024-12-23 16:20:31,290 - [Process 2/4] - INFO - res.shape is :torch.Size([2])
2024-12-23 16:20:31,472 - [Process 2/4] - INFO - len(per_windows_prompt):1
2024-12-23 16:20:35,485 - [Process 2/4] - INFO - res.shape is :torch.Size([2])
2024-12-23 16:20:35,699 - [Process 2/4] - INFO - len(per_windows_prompt):1
2024-12-23 16:20:40,125 - [Process 2/4] - INFO - res.shape is :torch.Size([12])
2024-12-23 16:20:40,345 - [Process 2/4] - INFO - len(per_windows_prompt):1
2024-12-23 16:20:44,399 - [Process 2/4] - INFO - res.shape is :torch.Size([3])
2024-12-23 16:20:44,625 - [Process 2/4] - INFO - len(per_windows_prompt):1
2024-12-23 16:20:48,681 - [Process 2/4] - INFO - res.shape is :torch.Size([3])
2024-12-23 16:20:48,917 - [Process 2/4] - INFO - len(per_windows_prompt):1
2024-12-23 16:20:52,931 - [Process 2/4] - INFO - res.shape is :torch.Size([2])
2024-12-23 16:20:53,139 - [Process 2/4] - INFO - len(per_windows_prompt):1
2024-12-23 16:20:57,194 - [Process 2/4] - INFO - res.shape is :torch.Size([3])
2024-12-23 16:20:57,411 - [Process 2/4] - INFO - len(per_windows_prompt):1
2024-12-23 16:21:01,466 - [Process 2/4] - INFO - res.shape is :torch.Size([3])
2024-12-23 16:21:01,683 - [Process 2/4] - INFO - len(per_windows_prompt):1
2024-12-23 16:21:05,738 - [Process 2/4] - INFO - res.shape is :torch.Size([3])
2024-12-23 16:21:05,971 - [Process 2/4] - INFO - len(per_windows_prompt):1
2024-12-23 16:21:10,030 - [Process 2/4] - INFO - res.shape is :torch.Size([3])
2024-12-23 16:21:10,226 - [Process 2/4] - INFO - len(per_windows_prompt):1
2024-12-23 16:21:14,451 - [Process 2/4] - INFO - res.shape is :torch.Size([7])
2024-12-23 16:21:14,680 - [Process 2/4] - INFO - len(per_windows_prompt):1
2024-12-23 16:21:18,735 - [Process 2/4] - INFO - res.shape is :torch.Size([3])
2024-12-23 16:21:18,876 - [Process 2/4] - INFO - len(per_windows_prompt):1
2024-12-23 16:21:21,950 - [Process 2/4] - INFO - res.shape is :torch.Size([2])
2024-12-23 16:21:22,159 - [Process 2/4] - INFO - len(per_windows_prompt):1
2024-12-23 16:21:26,175 - [Process 2/4] - INFO - res.shape is :torch.Size([2])
2024-12-23 16:21:26,373 - [Process 2/4] - INFO - len(per_windows_prompt):1
2024-12-23 16:21:30,969 - [Process 2/4] - INFO - res.shape is :torch.Size([16])
2024-12-23 16:21:31,197 - [Process 2/4] - INFO - len(per_windows_prompt):1
2024-12-23 16:21:35,256 - [Process 2/4] - INFO - res.shape is :torch.Size([3])
2024-12-23 16:21:35,473 - [Process 2/4] - INFO - len(per_windows_prompt):1
2024-12-23 16:21:39,489 - [Process 2/4] - INFO - res.shape is :torch.Size([2])
2024-12-23 16:21:39,700 - [Process 2/4] - INFO - len(per_windows_prompt):1
2024-12-23 16:21:44,134 - [Process 2/4] - INFO - res.shape is :torch.Size([12])
