2024-12-23 15:47:55,365 - [Process 1/5] - INFO - loading datasets finished
2024-12-23 15:47:55,365 - [Process 1/5] - INFO - model_max_len: 3950
2024-12-23 15:47:55,365 - [Process 1/5] - INFO - output_max_len: 64
2024-12-23 15:47:55,366 - [Process 1/5] - INFO - parallel_pattern: default
2024-12-23 15:47:55,432 - [Process 1/5] - INFO - Max Length is 8714
2024-12-23 15:47:55,432 - [Process 1/5] - INFO - Finish loading dataset
2024-12-23 15:47:55,433 - [Process 1/5] - INFO - get_predicted begin
2024-12-23 15:48:00,467 - [Process 1/5] - INFO - len(per_windows_prompt):1
2024-12-23 15:48:13,460 - [Process 1/5] - INFO - res.shape is :torch.Size([64])
2024-12-23 15:48:14,128 - [Process 1/5] - INFO - len(per_windows_prompt):1
2024-12-23 15:48:25,251 - [Process 1/5] - INFO - res.shape is :torch.Size([64])
2024-12-23 15:48:25,833 - [Process 1/5] - INFO - len(per_windows_prompt):1
2024-12-23 15:48:36,998 - [Process 1/5] - INFO - res.shape is :torch.Size([64])
2024-12-23 15:48:37,497 - [Process 1/5] - INFO - len(per_windows_prompt):1
2024-12-23 15:48:48,671 - [Process 1/5] - INFO - res.shape is :torch.Size([64])
2024-12-23 15:48:49,176 - [Process 1/5] - INFO - len(per_windows_prompt):1
2024-12-23 15:49:00,405 - [Process 1/5] - INFO - res.shape is :torch.Size([64])
2024-12-23 15:49:00,915 - [Process 1/5] - INFO - len(per_windows_prompt):1
2024-12-23 15:49:12,021 - [Process 1/5] - INFO - res.shape is :torch.Size([64])
2024-12-23 15:49:12,594 - [Process 1/5] - INFO - len(per_windows_prompt):1
2024-12-23 15:49:23,681 - [Process 1/5] - INFO - res.shape is :torch.Size([64])
2024-12-23 15:49:24,295 - [Process 1/5] - INFO - len(per_windows_prompt):1
2024-12-23 15:49:35,448 - [Process 1/5] - INFO - res.shape is :torch.Size([64])
2024-12-23 15:49:35,946 - [Process 1/5] - INFO - len(per_windows_prompt):1
2024-12-23 15:49:46,898 - [Process 1/5] - INFO - res.shape is :torch.Size([64])
2024-12-23 15:49:47,233 - [Process 1/5] - INFO - len(per_windows_prompt):1
2024-12-23 15:49:57,178 - [Process 1/5] - INFO - res.shape is :torch.Size([64])
2024-12-23 15:49:57,673 - [Process 1/5] - INFO - len(per_windows_prompt):1
2024-12-23 15:50:08,645 - [Process 1/5] - INFO - res.shape is :torch.Size([64])
2024-12-23 15:50:09,266 - [Process 1/5] - INFO - len(per_windows_prompt):1
2024-12-23 15:50:20,347 - [Process 1/5] - INFO - res.shape is :torch.Size([64])
2024-12-23 15:50:20,822 - [Process 1/5] - INFO - len(per_windows_prompt):1
2024-12-23 15:50:31,841 - [Process 1/5] - INFO - res.shape is :torch.Size([64])
2024-12-23 15:50:32,455 - [Process 1/5] - INFO - len(per_windows_prompt):1
