2024-12-23 11:45:36,648 - [Process 2/4] - INFO - loading datasets finished
2024-12-23 11:45:36,648 - [Process 2/4] - INFO - model_max_len: 3950
2024-12-23 11:45:36,648 - [Process 2/4] - INFO - output_max_len: 128
2024-12-23 11:45:36,648 - [Process 2/4] - INFO - parallel_pattern: every_window_no_query_input_query
2024-12-23 11:45:36,829 - [Process 2/4] - INFO - Max Length is 36418
2024-12-23 11:45:36,829 - [Process 2/4] - INFO - Finish loading dataset
2024-12-23 11:45:36,830 - [Process 2/4] - INFO - get_predicted begin
2024-12-23 11:45:40,411 - [Process 2/4] - INFO - len(per_windows_prompt):2
2024-12-23 11:45:46,318 - [Process 2/4] - INFO - res.shape is :torch.Size([5])
2024-12-23 11:45:47,505 - [Process 2/4] - INFO - len(per_windows_prompt):2
2024-12-23 11:45:51,901 - [Process 2/4] - INFO - res.shape is :torch.Size([3])
2024-12-23 11:45:52,794 - [Process 2/4] - INFO - len(per_windows_prompt):2
2024-12-23 11:45:57,674 - [Process 2/4] - INFO - res.shape is :torch.Size([9])
2024-12-23 11:45:58,433 - [Process 2/4] - INFO - len(per_windows_prompt):2
2024-12-23 11:46:03,270 - [Process 2/4] - INFO - res.shape is :torch.Size([8])
2024-12-23 11:46:03,792 - [Process 2/4] - INFO - len(per_windows_prompt):2
2024-12-23 11:46:08,198 - [Process 2/4] - INFO - res.shape is :torch.Size([3])
2024-12-23 11:46:09,027 - [Process 2/4] - INFO - len(per_windows_prompt):2
2024-12-23 11:46:13,821 - [Process 2/4] - INFO - res.shape is :torch.Size([9])
2024-12-23 11:46:14,559 - [Process 2/4] - INFO - len(per_windows_prompt):2
2024-12-23 11:46:19,694 - [Process 2/4] - INFO - res.shape is :torch.Size([12])
2024-12-23 11:46:20,547 - [Process 2/4] - INFO - len(per_windows_prompt):2
2024-12-23 11:46:25,800 - [Process 2/4] - INFO - res.shape is :torch.Size([13])
2024-12-23 11:46:26,293 - [Process 2/4] - INFO - len(per_windows_prompt):2
2024-12-23 11:46:31,042 - [Process 2/4] - INFO - res.shape is :torch.Size([8])
2024-12-23 11:46:32,163 - [Process 2/4] - INFO - len(per_windows_prompt):2
2024-12-23 11:46:37,307 - [Process 2/4] - INFO - res.shape is :torch.Size([11])
2024-12-23 11:46:38,083 - [Process 2/4] - INFO - len(per_windows_prompt):2
2024-12-23 11:46:42,302 - [Process 2/4] - INFO - res.shape is :torch.Size([2])
2024-12-23 11:46:43,165 - [Process 2/4] - INFO - len(per_windows_prompt):2
2024-12-23 11:46:47,756 - [Process 2/4] - INFO - res.shape is :torch.Size([4])
2024-12-23 11:46:48,486 - [Process 2/4] - INFO - len(per_windows_prompt):2
2024-12-23 11:46:53,386 - [Process 2/4] - INFO - res.shape is :torch.Size([10])
2024-12-23 11:46:54,158 - [Process 2/4] - INFO - len(per_windows_prompt):2
2024-12-23 11:46:58,509 - [Process 2/4] - INFO - res.shape is :torch.Size([4])
2024-12-23 11:46:59,139 - [Process 2/4] - INFO - len(per_windows_prompt):2
2024-12-23 11:47:03,696 - [Process 2/4] - INFO - res.shape is :torch.Size([5])
2024-12-23 11:47:04,559 - [Process 2/4] - INFO - len(per_windows_prompt):2
2024-12-23 11:47:09,101 - [Process 2/4] - INFO - res.shape is :torch.Size([5])
2024-12-23 11:47:09,815 - [Process 2/4] - INFO - len(per_windows_prompt):2
2024-12-23 11:47:14,188 - [Process 2/4] - INFO - res.shape is :torch.Size([4])
2024-12-23 11:47:14,985 - [Process 2/4] - INFO - len(per_windows_prompt):2
2024-12-23 11:47:19,506 - [Process 2/4] - INFO - res.shape is :torch.Size([5])
2024-12-23 11:47:20,275 - [Process 2/4] - INFO - len(per_windows_prompt):2
2024-12-23 11:47:24,708 - [Process 2/4] - INFO - res.shape is :torch.Size([4])
2024-12-23 11:47:25,204 - [Process 2/4] - INFO - len(per_windows_prompt):2
2024-12-23 11:47:29,851 - [Process 2/4] - INFO - res.shape is :torch.Size([5])
2024-12-23 11:47:30,379 - [Process 2/4] - INFO - len(per_windows_prompt):2
2024-12-23 11:47:35,114 - [Process 2/4] - INFO - res.shape is :torch.Size([8])
2024-12-23 11:47:35,886 - [Process 2/4] - INFO - len(per_windows_prompt):2
2024-12-23 11:47:40,476 - [Process 2/4] - INFO - res.shape is :torch.Size([6])
2024-12-23 11:47:41,646 - [Process 2/4] - INFO - len(per_windows_prompt):2
2024-12-23 11:47:46,111 - [Process 2/4] - INFO - res.shape is :torch.Size([3])
2024-12-23 11:47:47,359 - [Process 2/4] - INFO - len(per_windows_prompt):2
2024-12-23 11:47:52,034 - [Process 2/4] - INFO - res.shape is :torch.Size([6])
2024-12-23 11:47:53,209 - [Process 2/4] - INFO - len(per_windows_prompt):2
2024-12-23 11:47:57,820 - [Process 2/4] - INFO - res.shape is :torch.Size([4])
2024-12-23 11:47:58,275 - [Process 2/4] - INFO - len(per_windows_prompt):2
2024-12-23 11:48:02,964 - [Process 2/4] - INFO - res.shape is :torch.Size([7])
2024-12-23 11:48:03,456 - [Process 2/4] - INFO - len(per_windows_prompt):2
2024-12-23 11:48:08,402 - [Process 2/4] - INFO - res.shape is :torch.Size([10])
2024-12-23 11:48:08,996 - [Process 2/4] - INFO - len(per_windows_prompt):2
2024-12-23 11:48:13,354 - [Process 2/4] - INFO - res.shape is :torch.Size([4])
2024-12-23 11:48:13,975 - [Process 2/4] - INFO - len(per_windows_prompt):2
2024-12-23 11:48:19,009 - [Process 2/4] - INFO - res.shape is :torch.Size([11])
2024-12-23 11:48:19,854 - [Process 2/4] - INFO - len(per_windows_prompt):2
2024-12-23 11:48:24,093 - [Process 2/4] - INFO - res.shape is :torch.Size([2])
2024-12-23 11:48:25,004 - [Process 2/4] - INFO - len(per_windows_prompt):2
2024-12-23 11:48:29,561 - [Process 2/4] - INFO - res.shape is :torch.Size([5])
2024-12-23 11:48:30,438 - [Process 2/4] - INFO - len(per_windows_prompt):2
2024-12-23 11:48:34,848 - [Process 2/4] - INFO - res.shape is :torch.Size([2])
2024-12-23 11:48:35,784 - [Process 2/4] - INFO - len(per_windows_prompt):2
2024-12-23 11:48:40,320 - [Process 2/4] - INFO - res.shape is :torch.Size([5])
2024-12-23 11:48:40,859 - [Process 2/4] - INFO - len(per_windows_prompt):2
2024-12-23 11:48:46,551 - [Process 2/4] - INFO - res.shape is :torch.Size([17])
2024-12-23 11:48:47,072 - [Process 2/4] - INFO - len(per_windows_prompt):2
2024-12-23 11:48:52,114 - [Process 2/4] - INFO - res.shape is :torch.Size([10])
2024-12-23 11:48:52,611 - [Process 2/4] - INFO - len(per_windows_prompt):2
2024-12-23 11:48:57,011 - [Process 2/4] - INFO - res.shape is :torch.Size([4])
2024-12-23 11:48:57,473 - [Process 2/4] - INFO - len(per_windows_prompt):2
2024-12-23 11:49:02,029 - [Process 2/4] - INFO - res.shape is :torch.Size([5])
2024-12-23 11:49:02,491 - [Process 2/4] - INFO - len(per_windows_prompt):2
2024-12-23 11:49:09,822 - [Process 2/4] - INFO - res.shape is :torch.Size([38])
2024-12-23 11:49:10,578 - [Process 2/4] - INFO - len(per_windows_prompt):2
2024-12-23 11:49:14,999 - [Process 2/4] - INFO - res.shape is :torch.Size([4])
2024-12-23 11:49:15,474 - [Process 2/4] - INFO - len(per_windows_prompt):2
2024-12-23 11:49:20,194 - [Process 2/4] - INFO - res.shape is :torch.Size([6])
2024-12-23 11:49:20,997 - [Process 2/4] - INFO - len(per_windows_prompt):2
2024-12-23 11:49:25,934 - [Process 2/4] - INFO - res.shape is :torch.Size([8])
2024-12-23 11:49:26,541 - [Process 2/4] - INFO - len(per_windows_prompt):2
2024-12-23 11:49:30,848 - [Process 2/4] - INFO - res.shape is :torch.Size([4])
2024-12-23 11:49:31,991 - [Process 2/4] - INFO - len(per_windows_prompt):2
2024-12-23 11:49:36,316 - [Process 2/4] - INFO - res.shape is :torch.Size([3])
2024-12-23 11:49:37,049 - [Process 2/4] - INFO - len(per_windows_prompt):2
2024-12-23 11:49:41,616 - [Process 2/4] - INFO - res.shape is :torch.Size([6])
2024-12-23 11:49:42,518 - [Process 2/4] - INFO - len(per_windows_prompt):2
2024-12-23 11:49:47,433 - [Process 2/4] - INFO - res.shape is :torch.Size([8])
2024-12-23 11:49:47,942 - [Process 2/4] - INFO - len(per_windows_prompt):2
2024-12-23 11:49:53,375 - [Process 2/4] - INFO - res.shape is :torch.Size([16])
2024-12-23 11:49:54,588 - [Process 2/4] - INFO - len(per_windows_prompt):2
2024-12-23 11:49:59,835 - [Process 2/4] - INFO - res.shape is :torch.Size([12])
2024-12-23 11:50:00,266 - [Process 2/4] - INFO - len(per_windows_prompt):2
2024-12-23 11:50:04,702 - [Process 2/4] - INFO - res.shape is :torch.Size([4])
2024-12-23 11:50:05,165 - [Process 2/4] - INFO - len(per_windows_prompt):2
2024-12-23 11:50:09,739 - [Process 2/4] - INFO - res.shape is :torch.Size([5])
2024-12-23 11:50:10,594 - [Process 2/4] - INFO - len(per_windows_prompt):2
2024-12-23 11:50:15,527 - [Process 2/4] - INFO - res.shape is :torch.Size([10])
