2024-12-23 16:35:07,650 - [Process 1/4] - INFO - loading datasets finished
2024-12-23 16:35:07,650 - [Process 1/4] - INFO - model_max_len: 3950
2024-12-23 16:35:07,650 - [Process 1/4] - INFO - output_max_len: 64
2024-12-23 16:35:07,650 - [Process 1/4] - INFO - parallel_pattern: default
2024-12-23 16:35:07,677 - [Process 1/4] - INFO - Max Length is 8714
2024-12-23 16:35:07,677 - [Process 1/4] - INFO - Finish loading dataset
2024-12-23 16:35:07,678 - [Process 1/4] - INFO - get_predicted begin
2024-12-23 16:35:11,256 - [Process 1/4] - INFO - len(per_windows_prompt):1
2024-12-23 16:35:18,594 - [Process 1/4] - INFO - res.shape is :torch.Size([64])
2024-12-23 16:35:18,813 - [Process 1/4] - INFO - len(per_windows_prompt):1
2024-12-23 16:35:23,281 - [Process 1/4] - INFO - res.shape is :torch.Size([15])
2024-12-23 16:35:23,481 - [Process 1/4] - INFO - len(per_windows_prompt):1
2024-12-23 16:35:27,985 - [Process 1/4] - INFO - res.shape is :torch.Size([16])
2024-12-23 16:35:28,206 - [Process 1/4] - INFO - len(per_windows_prompt):1
2024-12-23 16:35:32,174 - [Process 1/4] - INFO - res.shape is :torch.Size([3])
2024-12-23 16:35:32,366 - [Process 1/4] - INFO - len(per_windows_prompt):1
2024-12-23 16:35:37,205 - [Process 1/4] - INFO - res.shape is :torch.Size([24])
2024-12-23 16:35:37,307 - [Process 1/4] - INFO - len(per_windows_prompt):1
2024-12-23 16:35:39,413 - [Process 1/4] - INFO - res.shape is :torch.Size([2])
2024-12-23 16:35:39,615 - [Process 1/4] - INFO - len(per_windows_prompt):1
2024-12-23 16:35:44,129 - [Process 1/4] - INFO - res.shape is :torch.Size([16])
2024-12-23 16:35:44,308 - [Process 1/4] - INFO - len(per_windows_prompt):1
2024-12-23 16:35:48,787 - [Process 1/4] - INFO - res.shape is :torch.Size([15])
2024-12-23 16:35:48,886 - [Process 1/4] - INFO - len(per_windows_prompt):1
2024-12-23 16:35:51,512 - [Process 1/4] - INFO - res.shape is :torch.Size([15])
2024-12-23 16:35:51,742 - [Process 1/4] - INFO - len(per_windows_prompt):1
2024-12-23 16:35:55,726 - [Process 1/4] - INFO - res.shape is :torch.Size([3])
2024-12-23 16:35:55,873 - [Process 1/4] - INFO - len(per_windows_prompt):1
2024-12-23 16:35:59,706 - [Process 1/4] - INFO - res.shape is :torch.Size([15])
2024-12-23 16:35:59,850 - [Process 1/4] - INFO - len(per_windows_prompt):1
2024-12-23 16:36:04,491 - [Process 1/4] - INFO - res.shape is :torch.Size([42])
2024-12-23 16:36:04,728 - [Process 1/4] - INFO - len(per_windows_prompt):1
2024-12-23 16:36:09,267 - [Process 1/4] - INFO - res.shape is :torch.Size([16])
2024-12-23 16:36:09,405 - [Process 1/4] - INFO - len(per_windows_prompt):1
2024-12-23 16:36:12,672 - [Process 1/4] - INFO - res.shape is :torch.Size([3])
2024-12-23 16:36:12,906 - [Process 1/4] - INFO - len(per_windows_prompt):1
2024-12-23 16:36:18,284 - [Process 1/4] - INFO - res.shape is :torch.Size([35])
2024-12-23 16:36:18,391 - [Process 1/4] - INFO - len(per_windows_prompt):1
2024-12-23 16:36:21,125 - [Process 1/4] - INFO - res.shape is :torch.Size([17])
2024-12-23 16:36:21,314 - [Process 1/4] - INFO - len(per_windows_prompt):1
2024-12-23 16:36:26,839 - [Process 1/4] - INFO - res.shape is :torch.Size([38])
2024-12-23 16:36:27,074 - [Process 1/4] - INFO - len(per_windows_prompt):1
2024-12-23 16:36:32,813 - [Process 1/4] - INFO - res.shape is :torch.Size([42])
2024-12-23 16:36:33,013 - [Process 1/4] - INFO - len(per_windows_prompt):1
2024-12-23 16:36:37,522 - [Process 1/4] - INFO - res.shape is :torch.Size([15])
2024-12-23 16:36:37,718 - [Process 1/4] - INFO - len(per_windows_prompt):1
2024-12-23 16:36:41,695 - [Process 1/4] - INFO - res.shape is :torch.Size([2])
2024-12-23 16:36:41,915 - [Process 1/4] - INFO - len(per_windows_prompt):1
2024-12-23 16:36:46,726 - [Process 1/4] - INFO - res.shape is :torch.Size([22])
2024-12-23 16:36:46,958 - [Process 1/4] - INFO - len(per_windows_prompt):1
2024-12-23 16:36:50,974 - [Process 1/4] - INFO - res.shape is :torch.Size([3])
2024-12-23 16:36:51,173 - [Process 1/4] - INFO - len(per_windows_prompt):1
2024-12-23 16:36:55,147 - [Process 1/4] - INFO - res.shape is :torch.Size([2])
2024-12-23 16:36:55,376 - [Process 1/4] - INFO - len(per_windows_prompt):1
2024-12-23 16:37:00,710 - [Process 1/4] - INFO - res.shape is :torch.Size([35])
2024-12-23 16:37:00,868 - [Process 1/4] - INFO - len(per_windows_prompt):1
2024-12-23 16:37:06,690 - [Process 1/4] - INFO - res.shape is :torch.Size([57])
2024-12-23 16:37:06,871 - [Process 1/4] - INFO - len(per_windows_prompt):1
2024-12-23 16:37:11,565 - [Process 1/4] - INFO - res.shape is :torch.Size([19])
2024-12-23 16:37:11,798 - [Process 1/4] - INFO - len(per_windows_prompt):1
2024-12-23 16:37:16,544 - [Process 1/4] - INFO - res.shape is :torch.Size([20])
2024-12-23 16:37:16,780 - [Process 1/4] - INFO - len(per_windows_prompt):1
2024-12-23 16:37:23,322 - [Process 1/4] - INFO - res.shape is :torch.Size([64])
2024-12-23 16:37:23,508 - [Process 1/4] - INFO - len(per_windows_prompt):1
2024-12-23 16:37:27,525 - [Process 1/4] - INFO - res.shape is :torch.Size([3])
2024-12-23 16:37:27,731 - [Process 1/4] - INFO - len(per_windows_prompt):1
2024-12-23 16:37:32,792 - [Process 1/4] - INFO - res.shape is :torch.Size([28])
2024-12-23 16:37:33,025 - [Process 1/4] - INFO - len(per_windows_prompt):1
2024-12-23 16:37:38,178 - [Process 1/4] - INFO - res.shape is :torch.Size([30])
2024-12-23 16:37:38,392 - [Process 1/4] - INFO - len(per_windows_prompt):1
2024-12-23 16:37:42,377 - [Process 1/4] - INFO - res.shape is :torch.Size([2])
2024-12-23 16:37:42,599 - [Process 1/4] - INFO - len(per_windows_prompt):1
2024-12-23 16:37:47,060 - [Process 1/4] - INFO - res.shape is :torch.Size([13])
2024-12-23 16:37:47,288 - [Process 1/4] - INFO - len(per_windows_prompt):1
2024-12-23 16:37:52,027 - [Process 1/4] - INFO - res.shape is :torch.Size([20])
2024-12-23 16:37:52,285 - [Process 1/4] - INFO - len(per_windows_prompt):1
2024-12-23 16:37:56,267 - [Process 1/4] - INFO - res.shape is :torch.Size([2])
2024-12-23 16:37:56,454 - [Process 1/4] - INFO - len(per_windows_prompt):1
2024-12-23 16:38:00,476 - [Process 1/4] - INFO - res.shape is :torch.Size([3])
2024-12-23 16:38:00,712 - [Process 1/4] - INFO - len(per_windows_prompt):1
2024-12-23 16:38:05,544 - [Process 1/4] - INFO - res.shape is :torch.Size([21])
2024-12-23 16:38:05,795 - [Process 1/4] - INFO - len(per_windows_prompt):1
2024-12-23 16:38:10,577 - [Process 1/4] - INFO - res.shape is :torch.Size([21])
2024-12-23 16:38:10,751 - [Process 1/4] - INFO - len(per_windows_prompt):1
2024-12-23 16:38:14,310 - [Process 1/4] - INFO - res.shape is :torch.Size([3])
2024-12-23 16:38:14,491 - [Process 1/4] - INFO - len(per_windows_prompt):1
2024-12-23 16:38:19,090 - [Process 1/4] - INFO - res.shape is :torch.Size([17])
2024-12-23 16:38:19,302 - [Process 1/4] - INFO - len(per_windows_prompt):1
2024-12-23 16:38:24,012 - [Process 1/4] - INFO - res.shape is :torch.Size([19])
2024-12-23 16:38:24,207 - [Process 1/4] - INFO - len(per_windows_prompt):1
2024-12-23 16:38:28,828 - [Process 1/4] - INFO - res.shape is :torch.Size([17])
2024-12-23 16:38:29,061 - [Process 1/4] - INFO - len(per_windows_prompt):1
2024-12-23 16:38:33,752 - [Process 1/4] - INFO - res.shape is :torch.Size([18])
2024-12-23 16:38:33,968 - [Process 1/4] - INFO - len(per_windows_prompt):1
2024-12-23 16:38:37,999 - [Process 1/4] - INFO - res.shape is :torch.Size([3])
2024-12-23 16:38:38,248 - [Process 1/4] - INFO - len(per_windows_prompt):1
2024-12-23 16:38:43,036 - [Process 1/4] - INFO - res.shape is :torch.Size([21])
2024-12-23 16:38:43,267 - [Process 1/4] - INFO - len(per_windows_prompt):1
2024-12-23 16:38:47,249 - [Process 1/4] - INFO - res.shape is :torch.Size([2])
2024-12-23 16:38:47,470 - [Process 1/4] - INFO - len(per_windows_prompt):1
2024-12-23 16:38:51,741 - [Process 1/4] - INFO - res.shape is :torch.Size([9])
2024-12-23 16:38:51,978 - [Process 1/4] - INFO - len(per_windows_prompt):1
2024-12-23 16:38:56,366 - [Process 1/4] - INFO - res.shape is :torch.Size([11])
2024-12-23 16:38:56,625 - [Process 1/4] - INFO - len(per_windows_prompt):1
2024-12-23 16:39:03,237 - [Process 1/4] - INFO - res.shape is :torch.Size([64])
2024-12-23 16:39:03,431 - [Process 1/4] - INFO - len(per_windows_prompt):1
2024-12-23 16:39:07,950 - [Process 1/4] - INFO - res.shape is :torch.Size([15])
