2024-12-23 12:36:47,505 - [Process 1/4] - INFO - loading datasets finished
2024-12-23 12:36:47,505 - [Process 1/4] - INFO - model_max_len: 3950
2024-12-23 12:36:47,505 - [Process 1/4] - INFO - output_max_len: 64
2024-12-23 12:36:47,505 - [Process 1/4] - INFO - parallel_pattern: every_window_no_query_input_query
2024-12-23 12:36:47,573 - [Process 1/4] - INFO - Max Length is 8714
2024-12-23 12:36:47,574 - [Process 1/4] - INFO - Finish loading dataset
2024-12-23 12:36:47,574 - [Process 1/4] - INFO - get_predicted begin
2024-12-23 12:36:51,397 - [Process 1/4] - INFO - len(per_windows_prompt):2
2024-12-23 12:37:02,632 - [Process 1/4] - INFO - res.shape is :torch.Size([64])
2024-12-23 12:37:03,096 - [Process 1/4] - INFO - len(per_windows_prompt):2
2024-12-23 12:37:12,874 - [Process 1/4] - INFO - res.shape is :torch.Size([64])
2024-12-23 12:37:13,278 - [Process 1/4] - INFO - len(per_windows_prompt):2
2024-12-23 12:37:22,937 - [Process 1/4] - INFO - res.shape is :torch.Size([64])
2024-12-23 12:37:23,384 - [Process 1/4] - INFO - len(per_windows_prompt):2
2024-12-23 12:37:32,767 - [Process 1/4] - INFO - res.shape is :torch.Size([64])
2024-12-23 12:37:33,147 - [Process 1/4] - INFO - len(per_windows_prompt):2
2024-12-23 12:37:42,555 - [Process 1/4] - INFO - res.shape is :torch.Size([64])
2024-12-23 12:37:42,750 - [Process 1/4] - INFO - len(per_windows_prompt):2
2024-12-23 12:37:50,182 - [Process 1/4] - INFO - res.shape is :torch.Size([64])
2024-12-23 12:37:50,609 - [Process 1/4] - INFO - len(per_windows_prompt):2
2024-12-23 12:37:59,945 - [Process 1/4] - INFO - res.shape is :torch.Size([64])
2024-12-23 12:38:00,309 - [Process 1/4] - INFO - len(per_windows_prompt):2
2024-12-23 12:38:09,636 - [Process 1/4] - INFO - res.shape is :torch.Size([64])
2024-12-23 12:38:09,837 - [Process 1/4] - INFO - len(per_windows_prompt):2
2024-12-23 12:38:17,198 - [Process 1/4] - INFO - res.shape is :torch.Size([64])
2024-12-23 12:38:17,694 - [Process 1/4] - INFO - len(per_windows_prompt):2
2024-12-23 12:38:27,122 - [Process 1/4] - INFO - res.shape is :torch.Size([64])
2024-12-23 12:38:27,454 - [Process 1/4] - INFO - len(per_windows_prompt):2
2024-12-23 12:38:35,849 - [Process 1/4] - INFO - res.shape is :torch.Size([64])
2024-12-23 12:38:36,159 - [Process 1/4] - INFO - len(per_windows_prompt):2
2024-12-23 12:38:44,431 - [Process 1/4] - INFO - res.shape is :torch.Size([64])
2024-12-23 12:38:44,939 - [Process 1/4] - INFO - len(per_windows_prompt):2
2024-12-23 12:38:54,254 - [Process 1/4] - INFO - res.shape is :torch.Size([64])
2024-12-23 12:38:54,551 - [Process 1/4] - INFO - len(per_windows_prompt):2
2024-12-23 12:39:02,682 - [Process 1/4] - INFO - res.shape is :torch.Size([64])
2024-12-23 12:39:03,185 - [Process 1/4] - INFO - len(per_windows_prompt):2
2024-12-23 12:39:12,415 - [Process 1/4] - INFO - res.shape is :torch.Size([64])
2024-12-23 12:39:12,619 - [Process 1/4] - INFO - len(per_windows_prompt):2
2024-12-23 12:39:19,999 - [Process 1/4] - INFO - res.shape is :torch.Size([64])
2024-12-23 12:39:20,360 - [Process 1/4] - INFO - len(per_windows_prompt):2
2024-12-23 12:39:29,661 - [Process 1/4] - INFO - res.shape is :torch.Size([64])
2024-12-23 12:39:30,079 - [Process 1/4] - INFO - len(per_windows_prompt):2
2024-12-23 12:39:39,421 - [Process 1/4] - INFO - res.shape is :torch.Size([64])
2024-12-23 12:39:39,790 - [Process 1/4] - INFO - len(per_windows_prompt):2
2024-12-23 12:39:49,316 - [Process 1/4] - INFO - res.shape is :torch.Size([64])
2024-12-23 12:39:49,692 - [Process 1/4] - INFO - len(per_windows_prompt):2
2024-12-23 12:39:59,081 - [Process 1/4] - INFO - res.shape is :torch.Size([64])
2024-12-23 12:39:59,542 - [Process 1/4] - INFO - len(per_windows_prompt):2
2024-12-23 12:40:08,882 - [Process 1/4] - INFO - res.shape is :torch.Size([64])
2024-12-23 12:40:09,379 - [Process 1/4] - INFO - len(per_windows_prompt):2
2024-12-23 12:40:18,799 - [Process 1/4] - INFO - res.shape is :torch.Size([64])
2024-12-23 12:40:19,206 - [Process 1/4] - INFO - len(per_windows_prompt):2
2024-12-23 12:40:28,581 - [Process 1/4] - INFO - res.shape is :torch.Size([64])
2024-12-23 12:40:29,101 - [Process 1/4] - INFO - len(per_windows_prompt):2
2024-12-23 12:40:38,502 - [Process 1/4] - INFO - res.shape is :torch.Size([64])
2024-12-23 12:40:38,850 - [Process 1/4] - INFO - len(per_windows_prompt):2
2024-12-23 12:40:47,953 - [Process 1/4] - INFO - res.shape is :torch.Size([64])
2024-12-23 12:40:48,332 - [Process 1/4] - INFO - len(per_windows_prompt):2
2024-12-23 12:40:57,769 - [Process 1/4] - INFO - res.shape is :torch.Size([64])
2024-12-23 12:40:58,263 - [Process 1/4] - INFO - len(per_windows_prompt):2
2024-12-23 12:41:07,598 - [Process 1/4] - INFO - res.shape is :torch.Size([64])
2024-12-23 12:41:08,116 - [Process 1/4] - INFO - len(per_windows_prompt):2
2024-12-23 12:41:17,640 - [Process 1/4] - INFO - res.shape is :torch.Size([64])
2024-12-23 12:41:18,026 - [Process 1/4] - INFO - len(per_windows_prompt):2
2024-12-23 12:41:27,524 - [Process 1/4] - INFO - res.shape is :torch.Size([64])
2024-12-23 12:41:27,950 - [Process 1/4] - INFO - len(per_windows_prompt):2
2024-12-23 12:41:37,404 - [Process 1/4] - INFO - res.shape is :torch.Size([64])
2024-12-23 12:41:37,889 - [Process 1/4] - INFO - len(per_windows_prompt):2
2024-12-23 12:41:47,427 - [Process 1/4] - INFO - res.shape is :torch.Size([64])
2024-12-23 12:41:47,826 - [Process 1/4] - INFO - len(per_windows_prompt):2
2024-12-23 12:41:57,333 - [Process 1/4] - INFO - res.shape is :torch.Size([64])
2024-12-23 12:41:57,766 - [Process 1/4] - INFO - len(per_windows_prompt):2
2024-12-23 12:42:07,258 - [Process 1/4] - INFO - res.shape is :torch.Size([64])
2024-12-23 12:42:07,698 - [Process 1/4] - INFO - len(per_windows_prompt):2
2024-12-23 12:42:17,174 - [Process 1/4] - INFO - res.shape is :torch.Size([64])
2024-12-23 12:42:17,660 - [Process 1/4] - INFO - len(per_windows_prompt):2
2024-12-23 12:42:27,241 - [Process 1/4] - INFO - res.shape is :torch.Size([64])
2024-12-23 12:42:27,610 - [Process 1/4] - INFO - len(per_windows_prompt):2
2024-12-23 12:42:37,101 - [Process 1/4] - INFO - res.shape is :torch.Size([64])
2024-12-23 12:42:37,596 - [Process 1/4] - INFO - len(per_windows_prompt):2
2024-12-23 12:42:47,167 - [Process 1/4] - INFO - res.shape is :torch.Size([64])
2024-12-23 12:42:47,652 - [Process 1/4] - INFO - len(per_windows_prompt):2
2024-12-23 12:42:57,284 - [Process 1/4] - INFO - res.shape is :torch.Size([64])
2024-12-23 12:42:57,618 - [Process 1/4] - INFO - len(per_windows_prompt):2
2024-12-23 12:43:06,590 - [Process 1/4] - INFO - res.shape is :torch.Size([64])
2024-12-23 12:43:06,973 - [Process 1/4] - INFO - len(per_windows_prompt):2
2024-12-23 12:43:16,417 - [Process 1/4] - INFO - res.shape is :torch.Size([64])
2024-12-23 12:43:16,855 - [Process 1/4] - INFO - len(per_windows_prompt):2
2024-12-23 12:43:26,313 - [Process 1/4] - INFO - res.shape is :torch.Size([64])
2024-12-23 12:43:26,714 - [Process 1/4] - INFO - len(per_windows_prompt):2
2024-12-23 12:43:36,197 - [Process 1/4] - INFO - res.shape is :torch.Size([64])
2024-12-23 12:43:36,686 - [Process 1/4] - INFO - len(per_windows_prompt):2
2024-12-23 12:43:46,044 - [Process 1/4] - INFO - res.shape is :torch.Size([64])
2024-12-23 12:43:46,494 - [Process 1/4] - INFO - len(per_windows_prompt):2
2024-12-23 12:43:55,959 - [Process 1/4] - INFO - res.shape is :torch.Size([64])
2024-12-23 12:43:56,434 - [Process 1/4] - INFO - len(per_windows_prompt):2
2024-12-23 12:44:05,966 - [Process 1/4] - INFO - res.shape is :torch.Size([64])
2024-12-23 12:44:06,452 - [Process 1/4] - INFO - len(per_windows_prompt):2
2024-12-23 12:44:15,931 - [Process 1/4] - INFO - res.shape is :torch.Size([64])
2024-12-23 12:44:16,387 - [Process 1/4] - INFO - len(per_windows_prompt):2
2024-12-23 12:44:25,944 - [Process 1/4] - INFO - res.shape is :torch.Size([64])
2024-12-23 12:44:26,417 - [Process 1/4] - INFO - len(per_windows_prompt):2
2024-12-23 12:44:36,094 - [Process 1/4] - INFO - res.shape is :torch.Size([64])
2024-12-23 12:44:36,555 - [Process 1/4] - INFO - len(per_windows_prompt):2
2024-12-23 12:44:46,025 - [Process 1/4] - INFO - res.shape is :torch.Size([64])
2024-12-23 12:44:46,420 - [Process 1/4] - INFO - len(per_windows_prompt):2
2024-12-23 12:44:55,840 - [Process 1/4] - INFO - res.shape is :torch.Size([64])
