2024-12-23 16:43:07,258 - [Process 1/4] - INFO - loading datasets finished
2024-12-23 16:43:07,258 - [Process 1/4] - INFO - model_max_len: 3950
2024-12-23 16:43:07,258 - [Process 1/4] - INFO - output_max_len: 64
2024-12-23 16:43:07,258 - [Process 1/4] - INFO - parallel_pattern: default
2024-12-23 16:43:07,285 - [Process 1/4] - INFO - Max Length is 8714
2024-12-23 16:43:07,286 - [Process 1/4] - INFO - Finish loading dataset
2024-12-23 16:43:07,287 - [Process 1/4] - INFO - get_predicted begin
2024-12-23 16:43:10,877 - [Process 1/4] - INFO - len(per_windows_prompt):1
2024-12-23 16:43:18,150 - [Process 1/4] - INFO - res.shape is :torch.Size([64])
2024-12-23 16:43:18,378 - [Process 1/4] - INFO - len(per_windows_prompt):1
2024-12-23 16:43:22,521 - [Process 1/4] - INFO - res.shape is :torch.Size([7])
2024-12-23 16:43:22,720 - [Process 1/4] - INFO - len(per_windows_prompt):1
2024-12-23 16:43:27,144 - [Process 1/4] - INFO - res.shape is :torch.Size([14])
2024-12-23 16:43:27,367 - [Process 1/4] - INFO - len(per_windows_prompt):1
2024-12-23 16:43:31,336 - [Process 1/4] - INFO - res.shape is :torch.Size([3])
2024-12-23 16:43:31,531 - [Process 1/4] - INFO - len(per_windows_prompt):1
2024-12-23 16:43:36,383 - [Process 1/4] - INFO - res.shape is :torch.Size([24])
2024-12-23 16:43:36,495 - [Process 1/4] - INFO - len(per_windows_prompt):1
2024-12-23 16:43:39,082 - [Process 1/4] - INFO - res.shape is :torch.Size([15])
2024-12-23 16:43:39,284 - [Process 1/4] - INFO - len(per_windows_prompt):1
2024-12-23 16:43:44,536 - [Process 1/4] - INFO - res.shape is :torch.Size([34])
2024-12-23 16:43:44,717 - [Process 1/4] - INFO - len(per_windows_prompt):1
2024-12-23 16:43:48,964 - [Process 1/4] - INFO - res.shape is :torch.Size([9])
2024-12-23 16:43:49,072 - [Process 1/4] - INFO - len(per_windows_prompt):1
2024-12-23 16:43:51,691 - [Process 1/4] - INFO - res.shape is :torch.Size([15])
2024-12-23 16:43:51,918 - [Process 1/4] - INFO - len(per_windows_prompt):1
2024-12-23 16:43:55,901 - [Process 1/4] - INFO - res.shape is :torch.Size([3])
2024-12-23 16:43:56,047 - [Process 1/4] - INFO - len(per_windows_prompt):1
2024-12-23 16:43:59,865 - [Process 1/4] - INFO - res.shape is :torch.Size([15])
2024-12-23 16:44:00,009 - [Process 1/4] - INFO - len(per_windows_prompt):1
2024-12-23 16:44:03,524 - [Process 1/4] - INFO - res.shape is :torch.Size([14])
2024-12-23 16:44:03,762 - [Process 1/4] - INFO - len(per_windows_prompt):1
2024-12-23 16:44:09,288 - [Process 1/4] - INFO - res.shape is :torch.Size([40])
2024-12-23 16:44:09,428 - [Process 1/4] - INFO - len(per_windows_prompt):1
2024-12-23 16:44:12,688 - [Process 1/4] - INFO - res.shape is :torch.Size([3])
2024-12-23 16:44:12,921 - [Process 1/4] - INFO - len(per_windows_prompt):1
2024-12-23 16:44:17,291 - [Process 1/4] - INFO - res.shape is :torch.Size([11])
2024-12-23 16:44:17,405 - [Process 1/4] - INFO - len(per_windows_prompt):1
2024-12-23 16:44:20,026 - [Process 1/4] - INFO - res.shape is :torch.Size([14])
2024-12-23 16:44:20,215 - [Process 1/4] - INFO - len(per_windows_prompt):1
2024-12-23 16:44:24,472 - [Process 1/4] - INFO - res.shape is :torch.Size([9])
2024-12-23 16:44:24,686 - [Process 1/4] - INFO - len(per_windows_prompt):1
2024-12-23 16:44:30,142 - [Process 1/4] - INFO - res.shape is :torch.Size([38])
2024-12-23 16:44:30,327 - [Process 1/4] - INFO - len(per_windows_prompt):1
2024-12-23 16:44:34,583 - [Process 1/4] - INFO - res.shape is :torch.Size([9])
2024-12-23 16:44:34,777 - [Process 1/4] - INFO - len(per_windows_prompt):1
2024-12-23 16:44:38,748 - [Process 1/4] - INFO - res.shape is :torch.Size([2])
2024-12-23 16:44:38,969 - [Process 1/4] - INFO - len(per_windows_prompt):1
2024-12-23 16:44:43,767 - [Process 1/4] - INFO - res.shape is :torch.Size([22])
2024-12-23 16:44:44,001 - [Process 1/4] - INFO - len(per_windows_prompt):1
2024-12-23 16:44:48,016 - [Process 1/4] - INFO - res.shape is :torch.Size([3])
2024-12-23 16:44:48,217 - [Process 1/4] - INFO - len(per_windows_prompt):1
2024-12-23 16:44:52,191 - [Process 1/4] - INFO - res.shape is :torch.Size([2])
2024-12-23 16:44:52,419 - [Process 1/4] - INFO - len(per_windows_prompt):1
2024-12-23 16:44:56,477 - [Process 1/4] - INFO - res.shape is :torch.Size([4])
2024-12-23 16:44:56,635 - [Process 1/4] - INFO - len(per_windows_prompt):1
2024-12-23 16:45:00,489 - [Process 1/4] - INFO - res.shape is :torch.Size([8])
2024-12-23 16:45:00,670 - [Process 1/4] - INFO - len(per_windows_prompt):1
2024-12-23 16:45:04,938 - [Process 1/4] - INFO - res.shape is :torch.Size([9])
2024-12-23 16:45:05,175 - [Process 1/4] - INFO - len(per_windows_prompt):1
2024-12-23 16:45:09,195 - [Process 1/4] - INFO - res.shape is :torch.Size([3])
2024-12-23 16:45:09,433 - [Process 1/4] - INFO - len(per_windows_prompt):1
2024-12-23 16:45:16,003 - [Process 1/4] - INFO - res.shape is :torch.Size([64])
2024-12-23 16:45:16,207 - [Process 1/4] - INFO - len(per_windows_prompt):1
2024-12-23 16:45:20,400 - [Process 1/4] - INFO - res.shape is :torch.Size([7])
2024-12-23 16:45:20,626 - [Process 1/4] - INFO - len(per_windows_prompt):1
2024-12-23 16:45:24,656 - [Process 1/4] - INFO - res.shape is :torch.Size([3])
2024-12-23 16:45:24,916 - [Process 1/4] - INFO - len(per_windows_prompt):1
2024-12-23 16:45:29,819 - [Process 1/4] - INFO - res.shape is :torch.Size([24])
2024-12-23 16:45:30,014 - [Process 1/4] - INFO - len(per_windows_prompt):1
2024-12-23 16:45:33,997 - [Process 1/4] - INFO - res.shape is :torch.Size([2])
2024-12-23 16:45:34,227 - [Process 1/4] - INFO - len(per_windows_prompt):1
2024-12-23 16:45:38,416 - [Process 1/4] - INFO - res.shape is :torch.Size([7])
2024-12-23 16:45:38,626 - [Process 1/4] - INFO - len(per_windows_prompt):1
2024-12-23 16:45:43,347 - [Process 1/4] - INFO - res.shape is :torch.Size([20])
2024-12-23 16:45:43,584 - [Process 1/4] - INFO - len(per_windows_prompt):1
2024-12-23 16:45:47,565 - [Process 1/4] - INFO - res.shape is :torch.Size([2])
2024-12-23 16:45:47,756 - [Process 1/4] - INFO - len(per_windows_prompt):1
2024-12-23 16:45:51,785 - [Process 1/4] - INFO - res.shape is :torch.Size([3])
2024-12-23 16:45:52,046 - [Process 1/4] - INFO - len(per_windows_prompt):1
2024-12-23 16:45:56,947 - [Process 1/4] - INFO - res.shape is :torch.Size([23])
2024-12-23 16:45:57,178 - [Process 1/4] - INFO - len(per_windows_prompt):1
2024-12-23 16:46:01,161 - [Process 1/4] - INFO - res.shape is :torch.Size([2])
2024-12-23 16:46:01,336 - [Process 1/4] - INFO - len(per_windows_prompt):1
2024-12-23 16:46:04,891 - [Process 1/4] - INFO - res.shape is :torch.Size([3])
2024-12-23 16:46:05,073 - [Process 1/4] - INFO - len(per_windows_prompt):1
2024-12-23 16:46:09,097 - [Process 1/4] - INFO - res.shape is :torch.Size([3])
2024-12-23 16:46:09,307 - [Process 1/4] - INFO - len(per_windows_prompt):1
2024-12-23 16:46:13,989 - [Process 1/4] - INFO - res.shape is :torch.Size([19])
2024-12-23 16:46:14,183 - [Process 1/4] - INFO - len(per_windows_prompt):1
2024-12-23 16:46:20,372 - [Process 1/4] - INFO - res.shape is :torch.Size([55])
2024-12-23 16:46:20,606 - [Process 1/4] - INFO - len(per_windows_prompt):1
2024-12-23 16:46:25,127 - [Process 1/4] - INFO - res.shape is :torch.Size([15])
2024-12-23 16:46:25,340 - [Process 1/4] - INFO - len(per_windows_prompt):1
2024-12-23 16:46:29,363 - [Process 1/4] - INFO - res.shape is :torch.Size([3])
2024-12-23 16:46:29,595 - [Process 1/4] - INFO - len(per_windows_prompt):1
2024-12-23 16:46:34,072 - [Process 1/4] - INFO - res.shape is :torch.Size([14])
2024-12-23 16:46:34,307 - [Process 1/4] - INFO - len(per_windows_prompt):1
2024-12-23 16:46:38,291 - [Process 1/4] - INFO - res.shape is :torch.Size([2])
2024-12-23 16:46:38,512 - [Process 1/4] - INFO - len(per_windows_prompt):1
2024-12-23 16:46:42,784 - [Process 1/4] - INFO - res.shape is :torch.Size([9])
2024-12-23 16:46:43,021 - [Process 1/4] - INFO - len(per_windows_prompt):1
2024-12-23 16:46:47,375 - [Process 1/4] - INFO - res.shape is :torch.Size([11])
2024-12-23 16:46:47,609 - [Process 1/4] - INFO - len(per_windows_prompt):1
2024-12-23 16:46:51,962 - [Process 1/4] - INFO - res.shape is :torch.Size([11])
2024-12-23 16:46:52,156 - [Process 1/4] - INFO - len(per_windows_prompt):1
2024-12-23 16:46:56,180 - [Process 1/4] - INFO - res.shape is :torch.Size([3])
