2024-12-23 13:07:39,217 - [Process 3/4] - INFO - loading datasets finished
2024-12-23 13:07:39,218 - [Process 3/4] - INFO - model_max_len: 3950
2024-12-23 13:07:39,218 - [Process 3/4] - INFO - output_max_len: 32
2024-12-23 13:07:39,218 - [Process 3/4] - INFO - parallel_pattern: every_window_no_query_input_query
2024-12-23 13:07:39,347 - [Process 3/4] - INFO - Max Length is 11516
2024-12-23 13:07:39,347 - [Process 3/4] - INFO - Finish loading dataset
2024-12-23 13:07:39,347 - [Process 3/4] - INFO - get_predicted begin
2024-12-23 13:07:43,000 - [Process 3/4] - INFO - len(per_windows_prompt):2
2024-12-23 13:07:49,139 - [Process 3/4] - INFO - res.shape is :torch.Size([6])
2024-12-23 13:07:49,695 - [Process 3/4] - INFO - len(per_windows_prompt):2
2024-12-23 13:07:54,493 - [Process 3/4] - INFO - res.shape is :torch.Size([3])
2024-12-23 13:07:54,991 - [Process 3/4] - INFO - len(per_windows_prompt):2
2024-12-23 13:07:59,633 - [Process 3/4] - INFO - res.shape is :torch.Size([6])
2024-12-23 13:08:00,164 - [Process 3/4] - INFO - len(per_windows_prompt):2
2024-12-23 13:08:04,719 - [Process 3/4] - INFO - res.shape is :torch.Size([3])
2024-12-23 13:08:05,252 - [Process 3/4] - INFO - len(per_windows_prompt):2
2024-12-23 13:08:09,953 - [Process 3/4] - INFO - res.shape is :torch.Size([3])
2024-12-23 13:08:10,433 - [Process 3/4] - INFO - len(per_windows_prompt):2
2024-12-23 13:08:15,102 - [Process 3/4] - INFO - res.shape is :torch.Size([3])
2024-12-23 13:08:15,653 - [Process 3/4] - INFO - len(per_windows_prompt):2
2024-12-23 13:08:20,582 - [Process 3/4] - INFO - res.shape is :torch.Size([6])
2024-12-23 13:08:21,082 - [Process 3/4] - INFO - len(per_windows_prompt):2
2024-12-23 13:08:25,900 - [Process 3/4] - INFO - res.shape is :torch.Size([6])
2024-12-23 13:08:26,453 - [Process 3/4] - INFO - len(per_windows_prompt):2
2024-12-23 13:08:31,358 - [Process 3/4] - INFO - res.shape is :torch.Size([6])
2024-12-23 13:08:31,889 - [Process 3/4] - INFO - len(per_windows_prompt):2
2024-12-23 13:08:36,740 - [Process 3/4] - INFO - res.shape is :torch.Size([6])
2024-12-23 13:08:37,227 - [Process 3/4] - INFO - len(per_windows_prompt):2
2024-12-23 13:08:42,065 - [Process 3/4] - INFO - res.shape is :torch.Size([6])
2024-12-23 13:08:42,584 - [Process 3/4] - INFO - len(per_windows_prompt):2
2024-12-23 13:08:47,400 - [Process 3/4] - INFO - res.shape is :torch.Size([6])
2024-12-23 13:08:47,877 - [Process 3/4] - INFO - len(per_windows_prompt):2
2024-12-23 13:08:52,631 - [Process 3/4] - INFO - res.shape is :torch.Size([6])
2024-12-23 13:08:53,122 - [Process 3/4] - INFO - len(per_windows_prompt):2
2024-12-23 13:08:57,687 - [Process 3/4] - INFO - res.shape is :torch.Size([3])
2024-12-23 13:08:58,151 - [Process 3/4] - INFO - len(per_windows_prompt):2
2024-12-23 13:09:02,714 - [Process 3/4] - INFO - res.shape is :torch.Size([3])
2024-12-23 13:09:03,187 - [Process 3/4] - INFO - len(per_windows_prompt):2
2024-12-23 13:09:07,901 - [Process 3/4] - INFO - res.shape is :torch.Size([5])
2024-12-23 13:09:08,365 - [Process 3/4] - INFO - len(per_windows_prompt):2
2024-12-23 13:09:13,127 - [Process 3/4] - INFO - res.shape is :torch.Size([6])
2024-12-23 13:09:13,592 - [Process 3/4] - INFO - len(per_windows_prompt):2
2024-12-23 13:09:17,995 - [Process 3/4] - INFO - res.shape is :torch.Size([3])
2024-12-23 13:09:18,474 - [Process 3/4] - INFO - len(per_windows_prompt):2
2024-12-23 13:09:23,347 - [Process 3/4] - INFO - res.shape is :torch.Size([6])
2024-12-23 13:09:23,802 - [Process 3/4] - INFO - len(per_windows_prompt):2
2024-12-23 13:09:28,327 - [Process 3/4] - INFO - res.shape is :torch.Size([3])
2024-12-23 13:09:28,776 - [Process 3/4] - INFO - len(per_windows_prompt):2
2024-12-23 13:09:33,750 - [Process 3/4] - INFO - res.shape is :torch.Size([6])
2024-12-23 13:09:34,218 - [Process 3/4] - INFO - len(per_windows_prompt):2
2024-12-23 13:09:38,903 - [Process 3/4] - INFO - res.shape is :torch.Size([6])
2024-12-23 13:09:39,394 - [Process 3/4] - INFO - len(per_windows_prompt):2
2024-12-23 13:09:44,177 - [Process 3/4] - INFO - res.shape is :torch.Size([6])
2024-12-23 13:09:44,635 - [Process 3/4] - INFO - len(per_windows_prompt):2
2024-12-23 13:09:49,199 - [Process 3/4] - INFO - res.shape is :torch.Size([3])
2024-12-23 13:09:49,667 - [Process 3/4] - INFO - len(per_windows_prompt):2
2024-12-23 13:09:54,165 - [Process 3/4] - INFO - res.shape is :torch.Size([3])
2024-12-23 13:09:54,668 - [Process 3/4] - INFO - len(per_windows_prompt):2
2024-12-23 13:09:59,185 - [Process 3/4] - INFO - res.shape is :torch.Size([3])
2024-12-23 13:09:59,690 - [Process 3/4] - INFO - len(per_windows_prompt):2
2024-12-23 13:10:04,385 - [Process 3/4] - INFO - res.shape is :torch.Size([6])
2024-12-23 13:10:04,850 - [Process 3/4] - INFO - len(per_windows_prompt):2
2024-12-23 13:10:09,260 - [Process 3/4] - INFO - res.shape is :torch.Size([3])
2024-12-23 13:10:09,738 - [Process 3/4] - INFO - len(per_windows_prompt):2
2024-12-23 13:10:14,991 - [Process 3/4] - INFO - res.shape is :torch.Size([6])
2024-12-23 13:10:15,472 - [Process 3/4] - INFO - len(per_windows_prompt):2
2024-12-23 13:10:20,313 - [Process 3/4] - INFO - res.shape is :torch.Size([6])
2024-12-23 13:10:20,804 - [Process 3/4] - INFO - len(per_windows_prompt):2
2024-12-23 13:10:25,619 - [Process 3/4] - INFO - res.shape is :torch.Size([6])
2024-12-23 13:10:26,115 - [Process 3/4] - INFO - len(per_windows_prompt):2
2024-12-23 13:10:30,929 - [Process 3/4] - INFO - res.shape is :torch.Size([6])
2024-12-23 13:10:31,451 - [Process 3/4] - INFO - len(per_windows_prompt):2
2024-12-23 13:10:35,975 - [Process 3/4] - INFO - res.shape is :torch.Size([3])
2024-12-23 13:10:36,462 - [Process 3/4] - INFO - len(per_windows_prompt):2
2024-12-23 13:10:41,022 - [Process 3/4] - INFO - res.shape is :torch.Size([3])
2024-12-23 13:10:41,487 - [Process 3/4] - INFO - len(per_windows_prompt):2
2024-12-23 13:10:46,333 - [Process 3/4] - INFO - res.shape is :torch.Size([6])
2024-12-23 13:10:46,812 - [Process 3/4] - INFO - len(per_windows_prompt):2
2024-12-23 13:10:51,500 - [Process 3/4] - INFO - res.shape is :torch.Size([6])
2024-12-23 13:10:51,967 - [Process 3/4] - INFO - len(per_windows_prompt):2
2024-12-23 13:10:56,653 - [Process 3/4] - INFO - res.shape is :torch.Size([3])
2024-12-23 13:10:57,137 - [Process 3/4] - INFO - len(per_windows_prompt):2
2024-12-23 13:11:01,616 - [Process 3/4] - INFO - res.shape is :torch.Size([3])
2024-12-23 13:11:02,091 - [Process 3/4] - INFO - len(per_windows_prompt):2
2024-12-23 13:11:06,801 - [Process 3/4] - INFO - res.shape is :torch.Size([6])
2024-12-23 13:11:07,297 - [Process 3/4] - INFO - len(per_windows_prompt):2
2024-12-23 13:11:11,909 - [Process 3/4] - INFO - res.shape is :torch.Size([5])
2024-12-23 13:11:12,385 - [Process 3/4] - INFO - len(per_windows_prompt):2
2024-12-23 13:11:17,165 - [Process 3/4] - INFO - res.shape is :torch.Size([6])
2024-12-23 13:11:17,632 - [Process 3/4] - INFO - len(per_windows_prompt):2
2024-12-23 13:11:22,387 - [Process 3/4] - INFO - res.shape is :torch.Size([6])
2024-12-23 13:11:22,857 - [Process 3/4] - INFO - len(per_windows_prompt):2
2024-12-23 13:11:27,751 - [Process 3/4] - INFO - res.shape is :torch.Size([6])
2024-12-23 13:11:28,237 - [Process 3/4] - INFO - len(per_windows_prompt):2
2024-12-23 13:11:33,047 - [Process 3/4] - INFO - res.shape is :torch.Size([6])
2024-12-23 13:11:33,552 - [Process 3/4] - INFO - len(per_windows_prompt):2
2024-12-23 13:11:38,015 - [Process 3/4] - INFO - res.shape is :torch.Size([3])
2024-12-23 13:11:38,504 - [Process 3/4] - INFO - len(per_windows_prompt):2
2024-12-23 13:11:43,086 - [Process 3/4] - INFO - res.shape is :torch.Size([3])
2024-12-23 13:11:43,576 - [Process 3/4] - INFO - len(per_windows_prompt):2
2024-12-23 13:11:48,833 - [Process 3/4] - INFO - res.shape is :torch.Size([6])
2024-12-23 13:11:49,337 - [Process 3/4] - INFO - len(per_windows_prompt):2
2024-12-23 13:11:54,090 - [Process 3/4] - INFO - res.shape is :torch.Size([6])
2024-12-23 13:11:54,547 - [Process 3/4] - INFO - len(per_windows_prompt):2
2024-12-23 13:11:58,963 - [Process 3/4] - INFO - res.shape is :torch.Size([3])
2024-12-23 13:11:59,491 - [Process 3/4] - INFO - len(per_windows_prompt):2
2024-12-23 13:12:04,490 - [Process 3/4] - INFO - res.shape is :torch.Size([6])
