2024-12-23 15:47:55,398 - [Process 4/5] - INFO - loading datasets finished
2024-12-23 15:47:55,398 - [Process 4/5] - INFO - model_max_len: 3950
2024-12-23 15:47:55,398 - [Process 4/5] - INFO - output_max_len: 64
2024-12-23 15:47:55,398 - [Process 4/5] - INFO - parallel_pattern: default
2024-12-23 15:47:55,442 - [Process 4/5] - INFO - Max Length is 8714
2024-12-23 15:47:55,442 - [Process 4/5] - INFO - Finish loading dataset
2024-12-23 15:47:55,443 - [Process 4/5] - INFO - get_predicted begin
2024-12-23 15:48:00,424 - [Process 4/5] - INFO - len(per_windows_prompt):1
2024-12-23 15:48:13,421 - [Process 4/5] - INFO - res.shape is :torch.Size([64])
2024-12-23 15:48:14,018 - [Process 4/5] - INFO - len(per_windows_prompt):1
2024-12-23 15:48:25,029 - [Process 4/5] - INFO - res.shape is :torch.Size([64])
2024-12-23 15:48:25,503 - [Process 4/5] - INFO - len(per_windows_prompt):1
2024-12-23 15:48:36,509 - [Process 4/5] - INFO - res.shape is :torch.Size([64])
2024-12-23 15:48:37,087 - [Process 4/5] - INFO - len(per_windows_prompt):1
2024-12-23 15:48:48,250 - [Process 4/5] - INFO - res.shape is :torch.Size([64])
2024-12-23 15:48:48,751 - [Process 4/5] - INFO - len(per_windows_prompt):1
2024-12-23 15:48:59,806 - [Process 4/5] - INFO - res.shape is :torch.Size([64])
2024-12-23 15:49:00,453 - [Process 4/5] - INFO - len(per_windows_prompt):1
2024-12-23 15:49:11,472 - [Process 4/5] - INFO - res.shape is :torch.Size([64])
2024-12-23 15:49:11,997 - [Process 4/5] - INFO - len(per_windows_prompt):1
2024-12-23 15:49:23,153 - [Process 4/5] - INFO - res.shape is :torch.Size([64])
2024-12-23 15:49:23,704 - [Process 4/5] - INFO - len(per_windows_prompt):1
2024-12-23 15:49:34,949 - [Process 4/5] - INFO - res.shape is :torch.Size([64])
2024-12-23 15:49:35,523 - [Process 4/5] - INFO - len(per_windows_prompt):1
2024-12-23 15:49:46,426 - [Process 4/5] - INFO - res.shape is :torch.Size([64])
2024-12-23 15:49:46,974 - [Process 4/5] - INFO - len(per_windows_prompt):1
2024-12-23 15:49:57,994 - [Process 4/5] - INFO - res.shape is :torch.Size([64])
2024-12-23 15:49:58,533 - [Process 4/5] - INFO - len(per_windows_prompt):1
2024-12-23 15:50:09,670 - [Process 4/5] - INFO - res.shape is :torch.Size([64])
2024-12-23 15:50:10,244 - [Process 4/5] - INFO - len(per_windows_prompt):1
2024-12-23 15:50:21,347 - [Process 4/5] - INFO - res.shape is :torch.Size([64])
2024-12-23 15:50:21,938 - [Process 4/5] - INFO - len(per_windows_prompt):1
2024-12-23 15:50:33,011 - [Process 4/5] - INFO - res.shape is :torch.Size([64])
2024-12-23 15:50:33,468 - [Process 4/5] - INFO - len(per_windows_prompt):1
