2024-12-23 14:32:27,050 - [Process 3/4] - INFO - loading datasets finished
2024-12-23 14:32:27,050 - [Process 3/4] - INFO - model_max_len: 3950
2024-12-23 14:32:27,050 - [Process 3/4] - INFO - output_max_len: 512
2024-12-23 14:32:27,051 - [Process 3/4] - INFO - parallel_pattern: every_window_no_query_input_query
2024-12-23 14:32:27,176 - [Process 3/4] - INFO - Max Length is 40508
2024-12-23 14:32:27,177 - [Process 3/4] - INFO - Finish loading dataset
2024-12-23 14:32:27,177 - [Process 3/4] - INFO - get_predicted begin
2024-12-23 14:32:30,798 - [Process 3/4] - INFO - len(per_windows_prompt):2
2024-12-23 14:32:56,496 - [Process 3/4] - INFO - res.shape is :torch.Size([229])
2024-12-23 14:32:57,163 - [Process 3/4] - INFO - len(per_windows_prompt):2
2024-12-23 14:33:22,102 - [Process 3/4] - INFO - res.shape is :torch.Size([238])
2024-12-23 14:33:22,555 - [Process 3/4] - INFO - len(per_windows_prompt):2
2024-12-23 14:33:48,654 - [Process 3/4] - INFO - res.shape is :torch.Size([251])
2024-12-23 14:33:49,186 - [Process 3/4] - INFO - len(per_windows_prompt):2
2024-12-23 14:34:11,371 - [Process 3/4] - INFO - res.shape is :torch.Size([208])
2024-12-23 14:34:11,902 - [Process 3/4] - INFO - len(per_windows_prompt):2
2024-12-23 14:34:28,023 - [Process 3/4] - INFO - res.shape is :torch.Size([139])
2024-12-23 14:34:28,484 - [Process 3/4] - INFO - len(per_windows_prompt):2
2024-12-23 14:34:56,057 - [Process 3/4] - INFO - res.shape is :torch.Size([268])
2024-12-23 14:34:56,704 - [Process 3/4] - INFO - len(per_windows_prompt):2
2024-12-23 14:35:32,779 - [Process 3/4] - INFO - res.shape is :torch.Size([366])
2024-12-23 14:35:33,351 - [Process 3/4] - INFO - len(per_windows_prompt):2
2024-12-23 14:35:53,959 - [Process 3/4] - INFO - res.shape is :torch.Size([191])
2024-12-23 14:35:54,442 - [Process 3/4] - INFO - len(per_windows_prompt):2
2024-12-23 14:36:12,725 - [Process 3/4] - INFO - res.shape is :torch.Size([162])
2024-12-23 14:36:13,271 - [Process 3/4] - INFO - len(per_windows_prompt):2
2024-12-23 14:36:44,081 - [Process 3/4] - INFO - res.shape is :torch.Size([306])
2024-12-23 14:36:44,491 - [Process 3/4] - INFO - len(per_windows_prompt):2
2024-12-23 14:37:07,570 - [Process 3/4] - INFO - res.shape is :torch.Size([217])
2024-12-23 14:37:07,959 - [Process 3/4] - INFO - len(per_windows_prompt):2
2024-12-23 14:37:33,968 - [Process 3/4] - INFO - res.shape is :torch.Size([251])
2024-12-23 14:37:34,378 - [Process 3/4] - INFO - len(per_windows_prompt):2
2024-12-23 14:38:03,534 - [Process 3/4] - INFO - res.shape is :torch.Size([287])
2024-12-23 14:38:03,960 - [Process 3/4] - INFO - len(per_windows_prompt):2
2024-12-23 14:38:31,923 - [Process 3/4] - INFO - res.shape is :torch.Size([273])
2024-12-23 14:38:32,377 - [Process 3/4] - INFO - len(per_windows_prompt):2
2024-12-23 14:39:04,093 - [Process 3/4] - INFO - res.shape is :torch.Size([316])
2024-12-23 14:39:04,539 - [Process 3/4] - INFO - len(per_windows_prompt):2
2024-12-23 14:39:25,211 - [Process 3/4] - INFO - res.shape is :torch.Size([192])
2024-12-23 14:39:25,738 - [Process 3/4] - INFO - len(per_windows_prompt):2
2024-12-23 14:39:48,803 - [Process 3/4] - INFO - res.shape is :torch.Size([218])
2024-12-23 14:39:49,238 - [Process 3/4] - INFO - len(per_windows_prompt):2
2024-12-23 14:40:09,082 - [Process 3/4] - INFO - res.shape is :torch.Size([180])
2024-12-23 14:40:09,528 - [Process 3/4] - INFO - len(per_windows_prompt):2
2024-12-23 14:40:39,258 - [Process 3/4] - INFO - res.shape is :torch.Size([293])
2024-12-23 14:40:39,779 - [Process 3/4] - INFO - len(per_windows_prompt):2
2024-12-23 14:41:06,194 - [Process 3/4] - INFO - res.shape is :torch.Size([254])
2024-12-23 14:41:06,883 - [Process 3/4] - INFO - len(per_windows_prompt):2
2024-12-23 14:41:32,383 - [Process 3/4] - INFO - res.shape is :torch.Size([246])
2024-12-23 14:41:33,041 - [Process 3/4] - INFO - len(per_windows_prompt):2
2024-12-23 14:42:00,226 - [Process 3/4] - INFO - res.shape is :torch.Size([264])
2024-12-23 14:42:01,039 - [Process 3/4] - INFO - len(per_windows_prompt):2
2024-12-23 14:42:22,549 - [Process 3/4] - INFO - res.shape is :torch.Size([201])
2024-12-23 14:42:23,056 - [Process 3/4] - INFO - len(per_windows_prompt):2
2024-12-23 14:42:45,702 - [Process 3/4] - INFO - res.shape is :torch.Size([214])
2024-12-23 14:42:46,148 - [Process 3/4] - INFO - len(per_windows_prompt):2
2024-12-23 14:43:03,207 - [Process 3/4] - INFO - res.shape is :torch.Size([149])
2024-12-23 14:43:03,783 - [Process 3/4] - INFO - len(per_windows_prompt):2
2024-12-23 14:43:27,819 - [Process 3/4] - INFO - res.shape is :torch.Size([228])
2024-12-23 14:43:28,510 - [Process 3/4] - INFO - len(per_windows_prompt):2
2024-12-23 14:43:51,092 - [Process 3/4] - INFO - res.shape is :torch.Size([212])
2024-12-23 14:43:51,721 - [Process 3/4] - INFO - len(per_windows_prompt):2
2024-12-23 14:44:15,142 - [Process 3/4] - INFO - res.shape is :torch.Size([223])
2024-12-23 14:44:15,590 - [Process 3/4] - INFO - len(per_windows_prompt):2
2024-12-23 14:44:40,945 - [Process 3/4] - INFO - res.shape is :torch.Size([245])
2024-12-23 14:44:41,423 - [Process 3/4] - INFO - len(per_windows_prompt):2
2024-12-23 14:45:04,379 - [Process 3/4] - INFO - res.shape is :torch.Size([217])
2024-12-23 14:45:04,797 - [Process 3/4] - INFO - len(per_windows_prompt):2
2024-12-23 14:45:32,315 - [Process 3/4] - INFO - res.shape is :torch.Size([267])
2024-12-23 14:45:32,822 - [Process 3/4] - INFO - len(per_windows_prompt):2
2024-12-23 14:46:05,397 - [Process 3/4] - INFO - res.shape is :torch.Size([324])
2024-12-23 14:46:05,853 - [Process 3/4] - INFO - len(per_windows_prompt):2
2024-12-23 14:46:25,150 - [Process 3/4] - INFO - res.shape is :torch.Size([174])
2024-12-23 14:46:25,679 - [Process 3/4] - INFO - len(per_windows_prompt):2
2024-12-23 14:46:52,206 - [Process 3/4] - INFO - res.shape is :torch.Size([256])
2024-12-23 14:46:52,608 - [Process 3/4] - INFO - len(per_windows_prompt):2
2024-12-23 14:47:11,185 - [Process 3/4] - INFO - res.shape is :torch.Size([167])
2024-12-23 14:47:11,731 - [Process 3/4] - INFO - len(per_windows_prompt):2
2024-12-23 14:47:40,506 - [Process 3/4] - INFO - res.shape is :torch.Size([281])
2024-12-23 14:47:41,047 - [Process 3/4] - INFO - len(per_windows_prompt):2
2024-12-23 14:48:03,022 - [Process 3/4] - INFO - res.shape is :torch.Size([205])
2024-12-23 14:48:03,470 - [Process 3/4] - INFO - len(per_windows_prompt):2
2024-12-23 14:48:33,969 - [Process 3/4] - INFO - res.shape is :torch.Size([301])
2024-12-23 14:48:34,557 - [Process 3/4] - INFO - len(per_windows_prompt):2
2024-12-23 14:49:00,533 - [Process 3/4] - INFO - res.shape is :torch.Size([253])
2024-12-23 14:49:01,139 - [Process 3/4] - INFO - len(per_windows_prompt):2
2024-12-23 14:49:29,049 - [Process 3/4] - INFO - res.shape is :torch.Size([273])
2024-12-23 14:49:29,392 - [Process 3/4] - INFO - len(per_windows_prompt):2
2024-12-23 14:49:49,959 - [Process 3/4] - INFO - res.shape is :torch.Size([205])
2024-12-23 14:49:50,371 - [Process 3/4] - INFO - len(per_windows_prompt):2
2024-12-23 14:50:12,130 - [Process 3/4] - INFO - res.shape is :torch.Size([203])
2024-12-23 14:50:12,620 - [Process 3/4] - INFO - len(per_windows_prompt):2
2024-12-23 14:50:33,455 - [Process 3/4] - INFO - res.shape is :torch.Size([193])
2024-12-23 14:50:33,987 - [Process 3/4] - INFO - len(per_windows_prompt):2
2024-12-23 14:51:09,777 - [Process 3/4] - INFO - res.shape is :torch.Size([360])
2024-12-23 14:51:10,211 - [Process 3/4] - INFO - len(per_windows_prompt):2
2024-12-23 14:51:29,306 - [Process 3/4] - INFO - res.shape is :torch.Size([176])
2024-12-23 14:51:29,953 - [Process 3/4] - INFO - len(per_windows_prompt):2
2024-12-23 14:51:48,724 - [Process 3/4] - INFO - res.shape is :torch.Size([169])
2024-12-23 14:51:49,271 - [Process 3/4] - INFO - len(per_windows_prompt):2
2024-12-23 14:52:12,977 - [Process 3/4] - INFO - res.shape is :torch.Size([225])
2024-12-23 14:52:13,405 - [Process 3/4] - INFO - len(per_windows_prompt):2
2024-12-23 14:52:42,675 - [Process 3/4] - INFO - res.shape is :torch.Size([288])
2024-12-23 14:52:43,289 - [Process 3/4] - INFO - len(per_windows_prompt):2
2024-12-23 14:53:11,728 - [Process 3/4] - INFO - res.shape is :torch.Size([279])
2024-12-23 14:53:12,192 - [Process 3/4] - INFO - len(per_windows_prompt):2
2024-12-23 14:53:34,115 - [Process 3/4] - INFO - res.shape is :torch.Size([203])
