2024-12-23 16:43:07,268 - [Process 2/4] - INFO - loading datasets finished
2024-12-23 16:43:07,268 - [Process 2/4] - INFO - model_max_len: 3950
2024-12-23 16:43:07,268 - [Process 2/4] - INFO - output_max_len: 64
2024-12-23 16:43:07,268 - [Process 2/4] - INFO - parallel_pattern: default
2024-12-23 16:43:07,295 - [Process 2/4] - INFO - Max Length is 8714
2024-12-23 16:43:07,296 - [Process 2/4] - INFO - Finish loading dataset
2024-12-23 16:43:07,296 - [Process 2/4] - INFO - get_predicted begin
2024-12-23 16:43:10,881 - [Process 2/4] - INFO - len(per_windows_prompt):1
2024-12-23 16:43:15,866 - [Process 2/4] - INFO - res.shape is :torch.Size([8])
2024-12-23 16:43:16,123 - [Process 2/4] - INFO - len(per_windows_prompt):1
2024-12-23 16:43:20,713 - [Process 2/4] - INFO - res.shape is :torch.Size([17])
2024-12-23 16:43:20,832 - [Process 2/4] - INFO - len(per_windows_prompt):1
2024-12-23 16:43:25,300 - [Process 2/4] - INFO - res.shape is :torch.Size([63])
2024-12-23 16:43:25,533 - [Process 2/4] - INFO - len(per_windows_prompt):1
2024-12-23 16:43:29,806 - [Process 2/4] - INFO - res.shape is :torch.Size([9])
2024-12-23 16:43:30,008 - [Process 2/4] - INFO - len(per_windows_prompt):1
2024-12-23 16:43:34,065 - [Process 2/4] - INFO - res.shape is :torch.Size([4])
2024-12-23 16:43:34,302 - [Process 2/4] - INFO - len(per_windows_prompt):1
2024-12-23 16:43:38,270 - [Process 2/4] - INFO - res.shape is :torch.Size([2])
2024-12-23 16:43:38,401 - [Process 2/4] - INFO - len(per_windows_prompt):1
2024-12-23 16:43:41,685 - [Process 2/4] - INFO - res.shape is :torch.Size([20])
2024-12-23 16:43:41,888 - [Process 2/4] - INFO - len(per_windows_prompt):1
2024-12-23 16:43:46,189 - [Process 2/4] - INFO - res.shape is :torch.Size([10])
2024-12-23 16:43:46,384 - [Process 2/4] - INFO - len(per_windows_prompt):1
2024-12-23 16:43:50,649 - [Process 2/4] - INFO - res.shape is :torch.Size([9])
2024-12-23 16:43:50,837 - [Process 2/4] - INFO - len(per_windows_prompt):1
2024-12-23 16:43:54,987 - [Process 2/4] - INFO - res.shape is :torch.Size([6])
2024-12-23 16:43:55,220 - [Process 2/4] - INFO - len(per_windows_prompt):1
2024-12-23 16:43:59,209 - [Process 2/4] - INFO - res.shape is :torch.Size([2])
2024-12-23 16:43:59,419 - [Process 2/4] - INFO - len(per_windows_prompt):1
2024-12-23 16:44:03,659 - [Process 2/4] - INFO - res.shape is :torch.Size([8])
2024-12-23 16:44:03,839 - [Process 2/4] - INFO - len(per_windows_prompt):1
2024-12-23 16:44:07,872 - [Process 2/4] - INFO - res.shape is :torch.Size([3])
2024-12-23 16:44:08,086 - [Process 2/4] - INFO - len(per_windows_prompt):1
2024-12-23 16:44:12,368 - [Process 2/4] - INFO - res.shape is :torch.Size([9])
2024-12-23 16:44:12,566 - [Process 2/4] - INFO - len(per_windows_prompt):1
2024-12-23 16:44:16,604 - [Process 2/4] - INFO - res.shape is :torch.Size([3])
2024-12-23 16:44:16,841 - [Process 2/4] - INFO - len(per_windows_prompt):1
2024-12-23 16:44:21,413 - [Process 2/4] - INFO - res.shape is :torch.Size([15])
2024-12-23 16:44:21,661 - [Process 2/4] - INFO - len(per_windows_prompt):1
2024-12-23 16:44:25,708 - [Process 2/4] - INFO - res.shape is :torch.Size([3])
2024-12-23 16:44:25,928 - [Process 2/4] - INFO - len(per_windows_prompt):1
2024-12-23 16:44:32,503 - [Process 2/4] - INFO - res.shape is :torch.Size([64])
2024-12-23 16:44:32,731 - [Process 2/4] - INFO - len(per_windows_prompt):1
2024-12-23 16:44:36,812 - [Process 2/4] - INFO - res.shape is :torch.Size([4])
2024-12-23 16:44:36,946 - [Process 2/4] - INFO - len(per_windows_prompt):1
2024-12-23 16:44:40,244 - [Process 2/4] - INFO - res.shape is :torch.Size([15])
2024-12-23 16:44:40,390 - [Process 2/4] - INFO - len(per_windows_prompt):1
2024-12-23 16:44:43,792 - [Process 2/4] - INFO - res.shape is :torch.Size([10])
2024-12-23 16:44:44,002 - [Process 2/4] - INFO - len(per_windows_prompt):1
2024-12-23 16:44:48,046 - [Process 2/4] - INFO - res.shape is :torch.Size([3])
2024-12-23 16:44:48,286 - [Process 2/4] - INFO - len(per_windows_prompt):1
2024-12-23 16:44:52,331 - [Process 2/4] - INFO - res.shape is :torch.Size([3])
2024-12-23 16:44:52,549 - [Process 2/4] - INFO - len(per_windows_prompt):1
2024-12-23 16:44:56,595 - [Process 2/4] - INFO - res.shape is :torch.Size([3])
2024-12-23 16:44:56,783 - [Process 2/4] - INFO - len(per_windows_prompt):1
2024-12-23 16:45:01,981 - [Process 2/4] - INFO - res.shape is :torch.Size([31])
2024-12-23 16:45:02,113 - [Process 2/4] - INFO - len(per_windows_prompt):1
2024-12-23 16:45:04,911 - [Process 2/4] - INFO - res.shape is :torch.Size([3])
2024-12-23 16:45:05,135 - [Process 2/4] - INFO - len(per_windows_prompt):1
2024-12-23 16:45:09,429 - [Process 2/4] - INFO - res.shape is :torch.Size([9])
2024-12-23 16:45:09,563 - [Process 2/4] - INFO - len(per_windows_prompt):1
2024-12-23 16:45:13,123 - [Process 2/4] - INFO - res.shape is :torch.Size([18])
2024-12-23 16:45:13,368 - [Process 2/4] - INFO - len(per_windows_prompt):1
2024-12-23 16:45:17,379 - [Process 2/4] - INFO - res.shape is :torch.Size([2])
2024-12-23 16:45:17,588 - [Process 2/4] - INFO - len(per_windows_prompt):1
2024-12-23 16:45:22,251 - [Process 2/4] - INFO - res.shape is :torch.Size([18])
2024-12-23 16:45:22,502 - [Process 2/4] - INFO - len(per_windows_prompt):1
2024-12-23 16:45:26,554 - [Process 2/4] - INFO - res.shape is :torch.Size([3])
2024-12-23 16:45:26,722 - [Process 2/4] - INFO - len(per_windows_prompt):1
2024-12-23 16:45:30,629 - [Process 2/4] - INFO - res.shape is :torch.Size([7])
2024-12-23 16:45:30,816 - [Process 2/4] - INFO - len(per_windows_prompt):1
2024-12-23 16:45:34,869 - [Process 2/4] - INFO - res.shape is :torch.Size([3])
2024-12-23 16:45:35,052 - [Process 2/4] - INFO - len(per_windows_prompt):1
2024-12-23 16:45:39,391 - [Process 2/4] - INFO - res.shape is :torch.Size([10])
2024-12-23 16:45:39,606 - [Process 2/4] - INFO - len(per_windows_prompt):1
2024-12-23 16:45:46,216 - [Process 2/4] - INFO - res.shape is :torch.Size([64])
2024-12-23 16:45:46,441 - [Process 2/4] - INFO - len(per_windows_prompt):1
2024-12-23 16:45:50,982 - [Process 2/4] - INFO - res.shape is :torch.Size([15])
2024-12-23 16:45:51,212 - [Process 2/4] - INFO - len(per_windows_prompt):1
2024-12-23 16:45:55,265 - [Process 2/4] - INFO - res.shape is :torch.Size([3])
2024-12-23 16:45:55,501 - [Process 2/4] - INFO - len(per_windows_prompt):1
2024-12-23 16:45:59,758 - [Process 2/4] - INFO - res.shape is :torch.Size([8])
2024-12-23 16:45:59,964 - [Process 2/4] - INFO - len(per_windows_prompt):1
2024-12-23 16:46:06,535 - [Process 2/4] - INFO - res.shape is :torch.Size([64])
2024-12-23 16:46:06,775 - [Process 2/4] - INFO - len(per_windows_prompt):1
2024-12-23 16:46:10,993 - [Process 2/4] - INFO - res.shape is :torch.Size([7])
2024-12-23 16:46:11,214 - [Process 2/4] - INFO - len(per_windows_prompt):1
2024-12-23 16:46:15,521 - [Process 2/4] - INFO - res.shape is :torch.Size([9])
2024-12-23 16:46:15,774 - [Process 2/4] - INFO - len(per_windows_prompt):1
2024-12-23 16:46:20,085 - [Process 2/4] - INFO - res.shape is :torch.Size([9])
2024-12-23 16:46:20,299 - [Process 2/4] - INFO - len(per_windows_prompt):1
2024-12-23 16:46:25,082 - [Process 2/4] - INFO - res.shape is :torch.Size([20])
2024-12-23 16:46:25,333 - [Process 2/4] - INFO - len(per_windows_prompt):1
2024-12-23 16:46:29,390 - [Process 2/4] - INFO - res.shape is :torch.Size([3])
2024-12-23 16:46:29,536 - [Process 2/4] - INFO - len(per_windows_prompt):1
2024-12-23 16:46:33,073 - [Process 2/4] - INFO - res.shape is :torch.Size([14])
2024-12-23 16:46:33,285 - [Process 2/4] - INFO - len(per_windows_prompt):1
2024-12-23 16:46:37,542 - [Process 2/4] - INFO - res.shape is :torch.Size([8])
2024-12-23 16:46:37,744 - [Process 2/4] - INFO - len(per_windows_prompt):1
2024-12-23 16:46:42,414 - [Process 2/4] - INFO - res.shape is :torch.Size([18])
2024-12-23 16:46:42,642 - [Process 2/4] - INFO - len(per_windows_prompt):1
2024-12-23 16:46:46,942 - [Process 2/4] - INFO - res.shape is :torch.Size([9])
2024-12-23 16:46:47,159 - [Process 2/4] - INFO - len(per_windows_prompt):1
2024-12-23 16:46:51,169 - [Process 2/4] - INFO - res.shape is :torch.Size([2])
2024-12-23 16:46:51,381 - [Process 2/4] - INFO - len(per_windows_prompt):1
2024-12-23 16:46:57,964 - [Process 2/4] - INFO - res.shape is :torch.Size([64])
