2024-12-23 11:54:31,733 - [Process 0/4] - INFO - loading datasets finished
2024-12-23 11:54:31,733 - [Process 0/4] - INFO - model_max_len: 3950
2024-12-23 11:54:31,734 - [Process 0/4] - INFO - output_max_len: 128
2024-12-23 11:54:31,734 - [Process 0/4] - INFO - parallel_pattern: every_window_no_query_input_query
2024-12-23 11:54:31,811 - [Process 0/4] - INFO - Max Length is 14660
2024-12-23 11:54:31,811 - [Process 0/4] - INFO - Finish loading dataset
2024-12-23 11:54:31,811 - [Process 0/4] - INFO - get_predicted begin
2024-12-23 11:54:35,514 - [Process 0/4] - INFO - len(per_windows_prompt):2
2024-12-23 11:54:41,470 - [Process 0/4] - INFO - res.shape is :torch.Size([4])
2024-12-23 11:54:41,820 - [Process 0/4] - INFO - len(per_windows_prompt):2
2024-12-23 11:54:46,439 - [Process 0/4] - INFO - res.shape is :torch.Size([9])
2024-12-23 11:54:46,834 - [Process 0/4] - INFO - len(per_windows_prompt):2
2024-12-23 11:54:51,835 - [Process 0/4] - INFO - res.shape is :torch.Size([7])
2024-12-23 11:54:52,154 - [Process 0/4] - INFO - len(per_windows_prompt):2
2024-12-23 11:54:56,299 - [Process 0/4] - INFO - res.shape is :torch.Size([5])
2024-12-23 11:54:56,672 - [Process 0/4] - INFO - len(per_windows_prompt):2
2024-12-23 11:55:06,088 - [Process 0/4] - INFO - res.shape is :torch.Size([62])
2024-12-23 11:55:06,503 - [Process 0/4] - INFO - len(per_windows_prompt):2
2024-12-23 11:55:11,159 - [Process 0/4] - INFO - res.shape is :torch.Size([4])
2024-12-23 11:55:11,579 - [Process 0/4] - INFO - len(per_windows_prompt):2
2024-12-23 11:55:16,086 - [Process 0/4] - INFO - res.shape is :torch.Size([2])
2024-12-23 11:55:16,509 - [Process 0/4] - INFO - len(per_windows_prompt):2
2024-12-23 11:55:21,940 - [Process 0/4] - INFO - res.shape is :torch.Size([15])
2024-12-23 11:55:22,297 - [Process 0/4] - INFO - len(per_windows_prompt):2
2024-12-23 11:55:26,781 - [Process 0/4] - INFO - res.shape is :torch.Size([3])
2024-12-23 11:55:27,175 - [Process 0/4] - INFO - len(per_windows_prompt):2
2024-12-23 11:55:31,535 - [Process 0/4] - INFO - res.shape is :torch.Size([2])
2024-12-23 11:55:31,908 - [Process 0/4] - INFO - len(per_windows_prompt):2
2024-12-23 11:55:36,405 - [Process 0/4] - INFO - res.shape is :torch.Size([4])
2024-12-23 11:55:36,714 - [Process 0/4] - INFO - len(per_windows_prompt):2
2024-12-23 11:55:50,986 - [Process 0/4] - INFO - res.shape is :torch.Size([128])
2024-12-23 11:55:51,338 - [Process 0/4] - INFO - len(per_windows_prompt):2
2024-12-23 11:55:55,561 - [Process 0/4] - INFO - res.shape is :torch.Size([4])
2024-12-23 11:55:55,970 - [Process 0/4] - INFO - len(per_windows_prompt):2
2024-12-23 11:56:03,597 - [Process 0/4] - INFO - res.shape is :torch.Size([38])
2024-12-23 11:56:03,993 - [Process 0/4] - INFO - len(per_windows_prompt):2
2024-12-23 11:56:08,274 - [Process 0/4] - INFO - res.shape is :torch.Size([2])
2024-12-23 11:56:08,884 - [Process 0/4] - INFO - len(per_windows_prompt):2
2024-12-23 11:56:13,704 - [Process 0/4] - INFO - res.shape is :torch.Size([5])
2024-12-23 11:56:14,240 - [Process 0/4] - INFO - len(per_windows_prompt):2
2024-12-23 11:56:18,755 - [Process 0/4] - INFO - res.shape is :torch.Size([4])
2024-12-23 11:56:19,139 - [Process 0/4] - INFO - len(per_windows_prompt):2
2024-12-23 11:56:23,834 - [Process 0/4] - INFO - res.shape is :torch.Size([5])
2024-12-23 11:56:24,204 - [Process 0/4] - INFO - len(per_windows_prompt):2
2024-12-23 11:56:28,775 - [Process 0/4] - INFO - res.shape is :torch.Size([4])
2024-12-23 11:56:29,174 - [Process 0/4] - INFO - len(per_windows_prompt):2
2024-12-23 11:56:33,702 - [Process 0/4] - INFO - res.shape is :torch.Size([4])
2024-12-23 11:56:34,067 - [Process 0/4] - INFO - len(per_windows_prompt):2
2024-12-23 11:56:38,855 - [Process 0/4] - INFO - res.shape is :torch.Size([8])
2024-12-23 11:56:39,277 - [Process 0/4] - INFO - len(per_windows_prompt):2
2024-12-23 11:56:43,798 - [Process 0/4] - INFO - res.shape is :torch.Size([3])
2024-12-23 11:56:44,219 - [Process 0/4] - INFO - len(per_windows_prompt):2
2024-12-23 11:56:48,914 - [Process 0/4] - INFO - res.shape is :torch.Size([4])
2024-12-23 11:56:49,303 - [Process 0/4] - INFO - len(per_windows_prompt):2
2024-12-23 11:56:53,941 - [Process 0/4] - INFO - res.shape is :torch.Size([4])
2024-12-23 11:56:54,346 - [Process 0/4] - INFO - len(per_windows_prompt):2
2024-12-23 11:56:59,034 - [Process 0/4] - INFO - res.shape is :torch.Size([5])
2024-12-23 11:56:59,415 - [Process 0/4] - INFO - len(per_windows_prompt):2
2024-12-23 11:57:04,077 - [Process 0/4] - INFO - res.shape is :torch.Size([5])
2024-12-23 11:57:04,396 - [Process 0/4] - INFO - len(per_windows_prompt):2
2024-12-23 11:57:08,369 - [Process 0/4] - INFO - res.shape is :torch.Size([4])
2024-12-23 11:57:08,819 - [Process 0/4] - INFO - len(per_windows_prompt):2
2024-12-23 11:57:13,324 - [Process 0/4] - INFO - res.shape is :torch.Size([3])
2024-12-23 11:57:13,601 - [Process 0/4] - INFO - len(per_windows_prompt):2
2024-12-23 11:57:17,308 - [Process 0/4] - INFO - res.shape is :torch.Size([4])
2024-12-23 11:57:17,709 - [Process 0/4] - INFO - len(per_windows_prompt):2
2024-12-23 11:57:23,945 - [Process 0/4] - INFO - res.shape is :torch.Size([25])
2024-12-23 11:57:24,320 - [Process 0/4] - INFO - len(per_windows_prompt):2
2024-12-23 11:57:30,735 - [Process 0/4] - INFO - res.shape is :torch.Size([26])
2024-12-23 11:57:31,124 - [Process 0/4] - INFO - len(per_windows_prompt):2
2024-12-23 11:57:35,751 - [Process 0/4] - INFO - res.shape is :torch.Size([4])
2024-12-23 11:57:36,141 - [Process 0/4] - INFO - len(per_windows_prompt):2
2024-12-23 11:57:40,731 - [Process 0/4] - INFO - res.shape is :torch.Size([5])
2024-12-23 11:57:41,132 - [Process 0/4] - INFO - len(per_windows_prompt):2
2024-12-23 11:57:45,662 - [Process 0/4] - INFO - res.shape is :torch.Size([4])
2024-12-23 11:57:46,043 - [Process 0/4] - INFO - len(per_windows_prompt):2
2024-12-23 11:57:50,368 - [Process 0/4] - INFO - res.shape is :torch.Size([2])
2024-12-23 11:57:50,850 - [Process 0/4] - INFO - len(per_windows_prompt):2
2024-12-23 11:57:55,527 - [Process 0/4] - INFO - res.shape is :torch.Size([4])
2024-12-23 11:57:55,893 - [Process 0/4] - INFO - len(per_windows_prompt):2
2024-12-23 11:58:00,241 - [Process 0/4] - INFO - res.shape is :torch.Size([2])
2024-12-23 11:58:00,500 - [Process 0/4] - INFO - len(per_windows_prompt):2
2024-12-23 11:58:04,721 - [Process 0/4] - INFO - res.shape is :torch.Size([13])
2024-12-23 11:58:05,117 - [Process 0/4] - INFO - len(per_windows_prompt):2
2024-12-23 11:58:09,826 - [Process 0/4] - INFO - res.shape is :torch.Size([4])
2024-12-23 11:58:10,216 - [Process 0/4] - INFO - len(per_windows_prompt):2
2024-12-23 11:58:14,942 - [Process 0/4] - INFO - res.shape is :torch.Size([5])
2024-12-23 11:58:15,350 - [Process 0/4] - INFO - len(per_windows_prompt):2
2024-12-23 11:58:19,901 - [Process 0/4] - INFO - res.shape is :torch.Size([4])
2024-12-23 11:58:20,309 - [Process 0/4] - INFO - len(per_windows_prompt):2
2024-12-23 11:58:24,765 - [Process 0/4] - INFO - res.shape is :torch.Size([3])
2024-12-23 11:58:25,037 - [Process 0/4] - INFO - len(per_windows_prompt):2
2024-12-23 11:58:29,643 - [Process 0/4] - INFO - res.shape is :torch.Size([17])
2024-12-23 11:58:30,039 - [Process 0/4] - INFO - len(per_windows_prompt):2
2024-12-23 11:58:34,520 - [Process 0/4] - INFO - res.shape is :torch.Size([4])
2024-12-23 11:58:34,966 - [Process 0/4] - INFO - len(per_windows_prompt):2
2024-12-23 11:58:39,396 - [Process 0/4] - INFO - res.shape is :torch.Size([4])
2024-12-23 11:58:39,788 - [Process 0/4] - INFO - len(per_windows_prompt):2
2024-12-23 11:58:44,227 - [Process 0/4] - INFO - res.shape is :torch.Size([4])
2024-12-23 11:58:44,479 - [Process 0/4] - INFO - len(per_windows_prompt):2
2024-12-23 11:58:54,918 - [Process 0/4] - INFO - res.shape is :torch.Size([97])
2024-12-23 11:58:55,309 - [Process 0/4] - INFO - len(per_windows_prompt):2
2024-12-23 11:58:59,978 - [Process 0/4] - INFO - res.shape is :torch.Size([4])
2024-12-23 11:59:00,327 - [Process 0/4] - INFO - len(per_windows_prompt):2
2024-12-23 11:59:04,526 - [Process 0/4] - INFO - res.shape is :torch.Size([4])
2024-12-23 11:59:04,948 - [Process 0/4] - INFO - len(per_windows_prompt):2
2024-12-23 11:59:09,463 - [Process 0/4] - INFO - res.shape is :torch.Size([4])
