2024-12-23 12:11:23,340 - [Process 2/4] - INFO - loading datasets finished
2024-12-23 12:11:23,341 - [Process 2/4] - INFO - model_max_len: 3950
2024-12-23 12:11:23,341 - [Process 2/4] - INFO - output_max_len: 32
2024-12-23 12:11:23,341 - [Process 2/4] - INFO - parallel_pattern: every_window_no_query_input_query
2024-12-23 12:11:23,463 - [Process 2/4] - INFO - Max Length is 12697
2024-12-23 12:11:23,463 - [Process 2/4] - INFO - Finish loading dataset
2024-12-23 12:11:23,464 - [Process 2/4] - INFO - get_predicted begin
2024-12-23 12:11:27,100 - [Process 2/4] - INFO - len(per_windows_prompt):2
2024-12-23 12:11:32,922 - [Process 2/4] - INFO - res.shape is :torch.Size([4])
2024-12-23 12:11:33,479 - [Process 2/4] - INFO - len(per_windows_prompt):2
2024-12-23 12:11:37,866 - [Process 2/4] - INFO - res.shape is :torch.Size([3])
2024-12-23 12:11:38,376 - [Process 2/4] - INFO - len(per_windows_prompt):2
2024-12-23 12:11:43,075 - [Process 2/4] - INFO - res.shape is :torch.Size([7])
2024-12-23 12:11:43,522 - [Process 2/4] - INFO - len(per_windows_prompt):2
2024-12-23 12:11:48,050 - [Process 2/4] - INFO - res.shape is :torch.Size([6])
2024-12-23 12:11:48,635 - [Process 2/4] - INFO - len(per_windows_prompt):2
2024-12-23 12:11:53,096 - [Process 2/4] - INFO - res.shape is :torch.Size([5])
2024-12-23 12:11:53,654 - [Process 2/4] - INFO - len(per_windows_prompt):2
2024-12-23 12:11:57,838 - [Process 2/4] - INFO - res.shape is :torch.Size([2])
2024-12-23 12:11:58,433 - [Process 2/4] - INFO - len(per_windows_prompt):2
2024-12-23 12:12:04,026 - [Process 2/4] - INFO - res.shape is :torch.Size([16])
2024-12-23 12:12:04,541 - [Process 2/4] - INFO - len(per_windows_prompt):2
2024-12-23 12:12:09,081 - [Process 2/4] - INFO - res.shape is :torch.Size([6])
2024-12-23 12:12:09,628 - [Process 2/4] - INFO - len(per_windows_prompt):2
2024-12-23 12:12:14,202 - [Process 2/4] - INFO - res.shape is :torch.Size([6])
2024-12-23 12:12:14,646 - [Process 2/4] - INFO - len(per_windows_prompt):2
2024-12-23 12:12:19,254 - [Process 2/4] - INFO - res.shape is :torch.Size([6])
2024-12-23 12:12:19,803 - [Process 2/4] - INFO - len(per_windows_prompt):2
2024-12-23 12:12:24,100 - [Process 2/4] - INFO - res.shape is :torch.Size([2])
2024-12-23 12:12:24,637 - [Process 2/4] - INFO - len(per_windows_prompt):2
2024-12-23 12:12:29,366 - [Process 2/4] - INFO - res.shape is :torch.Size([9])
2024-12-23 12:12:29,884 - [Process 2/4] - INFO - len(per_windows_prompt):2
2024-12-23 12:12:34,085 - [Process 2/4] - INFO - res.shape is :torch.Size([2])
2024-12-23 12:12:34,611 - [Process 2/4] - INFO - len(per_windows_prompt):2
2024-12-23 12:12:38,801 - [Process 2/4] - INFO - res.shape is :torch.Size([2])
2024-12-23 12:12:39,177 - [Process 2/4] - INFO - len(per_windows_prompt):2
2024-12-23 12:12:43,537 - [Process 2/4] - INFO - res.shape is :torch.Size([3])
2024-12-23 12:12:44,036 - [Process 2/4] - INFO - len(per_windows_prompt):2
2024-12-23 12:12:48,408 - [Process 2/4] - INFO - res.shape is :torch.Size([3])
2024-12-23 12:12:48,892 - [Process 2/4] - INFO - len(per_windows_prompt):2
2024-12-23 12:12:53,331 - [Process 2/4] - INFO - res.shape is :torch.Size([3])
2024-12-23 12:12:53,894 - [Process 2/4] - INFO - len(per_windows_prompt):2
2024-12-23 12:12:58,382 - [Process 2/4] - INFO - res.shape is :torch.Size([5])
2024-12-23 12:12:58,901 - [Process 2/4] - INFO - len(per_windows_prompt):2
2024-12-23 12:13:03,221 - [Process 2/4] - INFO - res.shape is :torch.Size([4])
2024-12-23 12:13:03,742 - [Process 2/4] - INFO - len(per_windows_prompt):2
2024-12-23 12:13:08,110 - [Process 2/4] - INFO - res.shape is :torch.Size([4])
2024-12-23 12:13:08,468 - [Process 2/4] - INFO - len(per_windows_prompt):2
2024-12-23 12:13:12,759 - [Process 2/4] - INFO - res.shape is :torch.Size([3])
2024-12-23 12:13:13,168 - [Process 2/4] - INFO - len(per_windows_prompt):2
2024-12-23 12:13:17,696 - [Process 2/4] - INFO - res.shape is :torch.Size([4])
2024-12-23 12:13:18,263 - [Process 2/4] - INFO - len(per_windows_prompt):2
2024-12-23 12:13:22,939 - [Process 2/4] - INFO - res.shape is :torch.Size([6])
2024-12-23 12:13:23,469 - [Process 2/4] - INFO - len(per_windows_prompt):2
2024-12-23 12:13:28,271 - [Process 2/4] - INFO - res.shape is :torch.Size([10])
2024-12-23 12:13:28,841 - [Process 2/4] - INFO - len(per_windows_prompt):2
2024-12-23 12:13:33,421 - [Process 2/4] - INFO - res.shape is :torch.Size([6])
2024-12-23 12:13:33,922 - [Process 2/4] - INFO - len(per_windows_prompt):2
2024-12-23 12:13:38,378 - [Process 2/4] - INFO - res.shape is :torch.Size([3])
2024-12-23 12:13:38,779 - [Process 2/4] - INFO - len(per_windows_prompt):2
2024-12-23 12:13:43,212 - [Process 2/4] - INFO - res.shape is :torch.Size([4])
2024-12-23 12:13:43,641 - [Process 2/4] - INFO - len(per_windows_prompt):2
2024-12-23 12:13:48,073 - [Process 2/4] - INFO - res.shape is :torch.Size([4])
2024-12-23 12:13:48,635 - [Process 2/4] - INFO - len(per_windows_prompt):2
2024-12-23 12:13:52,925 - [Process 2/4] - INFO - res.shape is :torch.Size([3])
2024-12-23 12:13:53,101 - [Process 2/4] - INFO - len(per_windows_prompt):2
2024-12-23 12:13:55,755 - [Process 2/4] - INFO - res.shape is :torch.Size([5])
2024-12-23 12:13:56,246 - [Process 2/4] - INFO - len(per_windows_prompt):2
2024-12-23 12:14:01,608 - [Process 2/4] - INFO - res.shape is :torch.Size([14])
2024-12-23 12:14:02,066 - [Process 2/4] - INFO - len(per_windows_prompt):2
2024-12-23 12:14:06,423 - [Process 2/4] - INFO - res.shape is :torch.Size([2])
2024-12-23 12:14:06,947 - [Process 2/4] - INFO - len(per_windows_prompt):2
2024-12-23 12:14:11,253 - [Process 2/4] - INFO - res.shape is :torch.Size([3])
2024-12-23 12:14:11,684 - [Process 2/4] - INFO - len(per_windows_prompt):2
2024-12-23 12:14:16,260 - [Process 2/4] - INFO - res.shape is :torch.Size([6])
2024-12-23 12:14:16,805 - [Process 2/4] - INFO - len(per_windows_prompt):2
2024-12-23 12:14:21,345 - [Process 2/4] - INFO - res.shape is :torch.Size([6])
2024-12-23 12:14:21,811 - [Process 2/4] - INFO - len(per_windows_prompt):2
2024-12-23 12:14:26,205 - [Process 2/4] - INFO - res.shape is :torch.Size([4])
2024-12-23 12:14:26,606 - [Process 2/4] - INFO - len(per_windows_prompt):2
2024-12-23 12:14:31,086 - [Process 2/4] - INFO - res.shape is :torch.Size([5])
2024-12-23 12:14:31,651 - [Process 2/4] - INFO - len(per_windows_prompt):2
2024-12-23 12:14:36,157 - [Process 2/4] - INFO - res.shape is :torch.Size([4])
2024-12-23 12:14:36,722 - [Process 2/4] - INFO - len(per_windows_prompt):2
2024-12-23 12:14:41,157 - [Process 2/4] - INFO - res.shape is :torch.Size([3])
2024-12-23 12:14:41,693 - [Process 2/4] - INFO - len(per_windows_prompt):2
2024-12-23 12:14:46,161 - [Process 2/4] - INFO - res.shape is :torch.Size([4])
2024-12-23 12:14:46,638 - [Process 2/4] - INFO - len(per_windows_prompt):2
2024-12-23 12:14:51,992 - [Process 2/4] - INFO - res.shape is :torch.Size([15])
2024-12-23 12:14:52,525 - [Process 2/4] - INFO - len(per_windows_prompt):2
2024-12-23 12:14:56,715 - [Process 2/4] - INFO - res.shape is :torch.Size([2])
2024-12-23 12:14:57,268 - [Process 2/4] - INFO - len(per_windows_prompt):2
2024-12-23 12:15:01,555 - [Process 2/4] - INFO - res.shape is :torch.Size([3])
2024-12-23 12:15:02,121 - [Process 2/4] - INFO - len(per_windows_prompt):2
2024-12-23 12:15:06,545 - [Process 2/4] - INFO - res.shape is :torch.Size([4])
2024-12-23 12:15:07,131 - [Process 2/4] - INFO - len(per_windows_prompt):2
2024-12-23 12:15:11,606 - [Process 2/4] - INFO - res.shape is :torch.Size([4])
2024-12-23 12:15:12,140 - [Process 2/4] - INFO - len(per_windows_prompt):2
2024-12-23 12:15:16,600 - [Process 2/4] - INFO - res.shape is :torch.Size([5])
2024-12-23 12:15:17,161 - [Process 2/4] - INFO - len(per_windows_prompt):2
2024-12-23 12:15:21,405 - [Process 2/4] - INFO - res.shape is :torch.Size([2])
2024-12-23 12:15:21,917 - [Process 2/4] - INFO - len(per_windows_prompt):2
2024-12-23 12:15:26,630 - [Process 2/4] - INFO - res.shape is :torch.Size([6])
2024-12-23 12:15:27,129 - [Process 2/4] - INFO - len(per_windows_prompt):2
2024-12-23 12:15:31,956 - [Process 2/4] - INFO - res.shape is :torch.Size([8])
2024-12-23 12:15:32,507 - [Process 2/4] - INFO - len(per_windows_prompt):2
2024-12-23 12:15:37,111 - [Process 2/4] - INFO - res.shape is :torch.Size([6])
