2024-12-23 14:59:26,157 - [Process 2/4] - INFO - loading datasets finished
2024-12-23 14:59:26,157 - [Process 2/4] - INFO - model_max_len: 3950
2024-12-23 14:59:26,157 - [Process 2/4] - INFO - output_max_len: 512
2024-12-23 14:59:26,157 - [Process 2/4] - INFO - parallel_pattern: every_window_no_query_input_query
2024-12-23 14:59:26,188 - [Process 2/4] - INFO - Max Length is 10933
2024-12-23 14:59:26,188 - [Process 2/4] - INFO - Finish loading dataset
2024-12-23 14:59:26,188 - [Process 2/4] - INFO - get_predicted begin
2024-12-23 14:59:29,867 - [Process 2/4] - INFO - len(per_windows_prompt):2
2024-12-23 14:59:51,835 - [Process 2/4] - INFO - res.shape is :torch.Size([187])
2024-12-23 14:59:52,143 - [Process 2/4] - INFO - len(per_windows_prompt):2
2024-12-23 15:00:18,163 - [Process 2/4] - INFO - res.shape is :torch.Size([279])
2024-12-23 15:00:18,641 - [Process 2/4] - INFO - len(per_windows_prompt):2
2024-12-23 15:00:41,895 - [Process 2/4] - INFO - res.shape is :torch.Size([221])
2024-12-23 15:00:42,051 - [Process 2/4] - INFO - len(per_windows_prompt):2
2024-12-23 15:01:00,390 - [Process 2/4] - INFO - res.shape is :torch.Size([199])
2024-12-23 15:01:00,534 - [Process 2/4] - INFO - len(per_windows_prompt):2
2024-12-23 15:01:18,591 - [Process 2/4] - INFO - res.shape is :torch.Size([199])
2024-12-23 15:01:19,034 - [Process 2/4] - INFO - len(per_windows_prompt):2
2024-12-23 15:01:38,449 - [Process 2/4] - INFO - res.shape is :torch.Size([177])
2024-12-23 15:01:38,705 - [Process 2/4] - INFO - len(per_windows_prompt):2
2024-12-23 15:01:55,189 - [Process 2/4] - INFO - res.shape is :torch.Size([176])
2024-12-23 15:01:55,318 - [Process 2/4] - INFO - len(per_windows_prompt):2
2024-12-23 15:02:16,833 - [Process 2/4] - INFO - res.shape is :torch.Size([240])
2024-12-23 15:02:17,097 - [Process 2/4] - INFO - len(per_windows_prompt):2
2024-12-23 15:02:37,892 - [Process 2/4] - INFO - res.shape is :torch.Size([226])
2024-12-23 15:02:38,020 - [Process 2/4] - INFO - len(per_windows_prompt):2
2024-12-23 15:02:55,643 - [Process 2/4] - INFO - res.shape is :torch.Size([198])
2024-12-23 15:02:55,880 - [Process 2/4] - INFO - len(per_windows_prompt):2
2024-12-23 15:03:14,184 - [Process 2/4] - INFO - res.shape is :torch.Size([194])
2024-12-23 15:03:14,385 - [Process 2/4] - INFO - len(per_windows_prompt):2
2024-12-23 15:03:39,080 - [Process 2/4] - INFO - res.shape is :torch.Size([276])
2024-12-23 15:03:39,378 - [Process 2/4] - INFO - len(per_windows_prompt):2
2024-12-23 15:03:56,921 - [Process 2/4] - INFO - res.shape is :torch.Size([176])
2024-12-23 15:03:57,323 - [Process 2/4] - INFO - len(per_windows_prompt):2
2024-12-23 15:04:24,411 - [Process 2/4] - INFO - res.shape is :torch.Size([267])
2024-12-23 15:04:24,492 - [Process 2/4] - INFO - len(per_windows_prompt):2
2024-12-23 15:04:39,206 - [Process 2/4] - INFO - res.shape is :torch.Size([169])
2024-12-23 15:04:39,700 - [Process 2/4] - INFO - len(per_windows_prompt):2
2024-12-23 15:05:03,020 - [Process 2/4] - INFO - res.shape is :torch.Size([222])
2024-12-23 15:05:03,224 - [Process 2/4] - INFO - len(per_windows_prompt):2
2024-12-23 15:05:15,839 - [Process 2/4] - INFO - res.shape is :torch.Size([132])
2024-12-23 15:05:15,858 - [Process 2/4] - INFO - len(per_windows_prompt):2
2024-12-23 15:05:26,897 - [Process 2/4] - INFO - res.shape is :torch.Size([128])
2024-12-23 15:05:27,184 - [Process 2/4] - INFO - len(per_windows_prompt):2
2024-12-23 15:05:51,858 - [Process 2/4] - INFO - res.shape is :torch.Size([267])
2024-12-23 15:05:51,977 - [Process 2/4] - INFO - len(per_windows_prompt):2
2024-12-23 15:06:08,447 - [Process 2/4] - INFO - res.shape is :torch.Size([186])
2024-12-23 15:06:08,779 - [Process 2/4] - INFO - len(per_windows_prompt):2
2024-12-23 15:06:28,290 - [Process 2/4] - INFO - res.shape is :torch.Size([193])
2024-12-23 15:06:28,726 - [Process 2/4] - INFO - len(per_windows_prompt):2
2024-12-23 15:06:53,413 - [Process 2/4] - INFO - res.shape is :torch.Size([238])
2024-12-23 15:06:53,760 - [Process 2/4] - INFO - len(per_windows_prompt):2
2024-12-23 15:07:13,940 - [Process 2/4] - INFO - res.shape is :torch.Size([201])
2024-12-23 15:07:14,242 - [Process 2/4] - INFO - len(per_windows_prompt):2
2024-12-23 15:07:32,739 - [Process 2/4] - INFO - res.shape is :torch.Size([188])
2024-12-23 15:07:33,121 - [Process 2/4] - INFO - len(per_windows_prompt):2
2024-12-23 15:07:56,055 - [Process 2/4] - INFO - res.shape is :torch.Size([218])
2024-12-23 15:07:56,506 - [Process 2/4] - INFO - len(per_windows_prompt):2
2024-12-23 15:08:18,847 - [Process 2/4] - INFO - res.shape is :torch.Size([211])
2024-12-23 15:08:18,974 - [Process 2/4] - INFO - len(per_windows_prompt):2
2024-12-23 15:08:37,487 - [Process 2/4] - INFO - res.shape is :torch.Size([202])
2024-12-23 15:08:37,820 - [Process 2/4] - INFO - len(per_windows_prompt):2
2024-12-23 15:08:53,231 - [Process 2/4] - INFO - res.shape is :torch.Size([147])
2024-12-23 15:08:53,655 - [Process 2/4] - INFO - len(per_windows_prompt):2
2024-12-23 15:09:12,880 - [Process 2/4] - INFO - res.shape is :torch.Size([173])
2024-12-23 15:09:13,292 - [Process 2/4] - INFO - len(per_windows_prompt):2
2024-12-23 15:09:39,091 - [Process 2/4] - INFO - res.shape is :torch.Size([251])
2024-12-23 15:09:39,460 - [Process 2/4] - INFO - len(per_windows_prompt):2
2024-12-23 15:10:11,258 - [Process 2/4] - INFO - res.shape is :torch.Size([329])
2024-12-23 15:10:11,550 - [Process 2/4] - INFO - len(per_windows_prompt):2
2024-12-23 15:10:36,186 - [Process 2/4] - INFO - res.shape is :torch.Size([264])
2024-12-23 15:10:36,584 - [Process 2/4] - INFO - len(per_windows_prompt):2
2024-12-23 15:11:02,781 - [Process 2/4] - INFO - res.shape is :torch.Size([262])
2024-12-23 15:11:02,923 - [Process 2/4] - INFO - len(per_windows_prompt):2
2024-12-23 15:11:20,397 - [Process 2/4] - INFO - res.shape is :torch.Size([192])
2024-12-23 15:11:20,657 - [Process 2/4] - INFO - len(per_windows_prompt):2
2024-12-23 15:11:42,792 - [Process 2/4] - INFO - res.shape is :torch.Size([243])
2024-12-23 15:11:43,190 - [Process 2/4] - INFO - len(per_windows_prompt):2
2024-12-23 15:12:09,986 - [Process 2/4] - INFO - res.shape is :torch.Size([264])
2024-12-23 15:12:10,393 - [Process 2/4] - INFO - len(per_windows_prompt):2
2024-12-23 15:12:30,321 - [Process 2/4] - INFO - res.shape is :torch.Size([181])
2024-12-23 15:12:30,645 - [Process 2/4] - INFO - len(per_windows_prompt):2
2024-12-23 15:12:51,611 - [Process 2/4] - INFO - res.shape is :torch.Size([214])
2024-12-23 15:12:51,842 - [Process 2/4] - INFO - len(per_windows_prompt):2
2024-12-23 15:13:05,761 - [Process 2/4] - INFO - res.shape is :torch.Size([140])
2024-12-23 15:13:05,993 - [Process 2/4] - INFO - len(per_windows_prompt):2
2024-12-23 15:13:22,597 - [Process 2/4] - INFO - res.shape is :torch.Size([173])
2024-12-23 15:13:22,708 - [Process 2/4] - INFO - len(per_windows_prompt):2
2024-12-23 15:13:38,065 - [Process 2/4] - INFO - res.shape is :torch.Size([173])
2024-12-23 15:13:38,424 - [Process 2/4] - INFO - len(per_windows_prompt):2
2024-12-23 15:14:00,582 - [Process 2/4] - INFO - res.shape is :torch.Size([216])
2024-12-23 15:14:00,804 - [Process 2/4] - INFO - len(per_windows_prompt):2
2024-12-23 15:14:24,820 - [Process 2/4] - INFO - res.shape is :torch.Size([266])
2024-12-23 15:14:25,212 - [Process 2/4] - INFO - len(per_windows_prompt):2
2024-12-23 15:14:55,513 - [Process 2/4] - INFO - res.shape is :torch.Size([302])
2024-12-23 15:14:55,959 - [Process 2/4] - INFO - len(per_windows_prompt):2
2024-12-23 15:15:21,515 - [Process 2/4] - INFO - res.shape is :torch.Size([246])
2024-12-23 15:15:21,813 - [Process 2/4] - INFO - len(per_windows_prompt):2
2024-12-23 15:15:46,243 - [Process 2/4] - INFO - res.shape is :torch.Size([261])
2024-12-23 15:15:46,660 - [Process 2/4] - INFO - len(per_windows_prompt):2
2024-12-23 15:16:07,523 - [Process 2/4] - INFO - res.shape is :torch.Size([194])
2024-12-23 15:16:07,552 - [Process 2/4] - INFO - len(per_windows_prompt):2
2024-12-23 15:16:13,185 - [Process 2/4] - INFO - res.shape is :torch.Size([64])
2024-12-23 15:16:13,411 - [Process 2/4] - INFO - len(per_windows_prompt):2
2024-12-23 15:16:31,660 - [Process 2/4] - INFO - res.shape is :torch.Size([197])
2024-12-23 15:16:32,082 - [Process 2/4] - INFO - len(per_windows_prompt):2
2024-12-23 15:16:59,438 - [Process 2/4] - INFO - res.shape is :torch.Size([268])
