2024-12-23 12:59:11,449 - [Process 1/4] - INFO - loading datasets finished
2024-12-23 12:59:11,450 - [Process 1/4] - INFO - model_max_len: 3950
2024-12-23 12:59:11,450 - [Process 1/4] - INFO - output_max_len: 32
2024-12-23 12:59:11,450 - [Process 1/4] - INFO - parallel_pattern: every_window_no_query_input_query
2024-12-23 12:59:11,622 - [Process 1/4] - INFO - Max Length is 22099
2024-12-23 12:59:11,623 - [Process 1/4] - INFO - Finish loading dataset
2024-12-23 12:59:11,623 - [Process 1/4] - INFO - get_predicted begin
2024-12-23 12:59:15,217 - [Process 1/4] - INFO - len(per_windows_prompt):2
2024-12-23 12:59:20,972 - [Process 1/4] - INFO - res.shape is :torch.Size([2])
2024-12-23 12:59:21,406 - [Process 1/4] - INFO - len(per_windows_prompt):2
2024-12-23 12:59:25,684 - [Process 1/4] - INFO - res.shape is :torch.Size([2])
2024-12-23 12:59:26,254 - [Process 1/4] - INFO - len(per_windows_prompt):2
2024-12-23 12:59:31,747 - [Process 1/4] - INFO - res.shape is :torch.Size([16])
2024-12-23 12:59:32,309 - [Process 1/4] - INFO - len(per_windows_prompt):2
2024-12-23 12:59:36,641 - [Process 1/4] - INFO - res.shape is :torch.Size([2])
2024-12-23 12:59:37,169 - [Process 1/4] - INFO - len(per_windows_prompt):2
2024-12-23 12:59:42,651 - [Process 1/4] - INFO - res.shape is :torch.Size([16])
2024-12-23 12:59:43,096 - [Process 1/4] - INFO - len(per_windows_prompt):2
2024-12-23 12:59:47,359 - [Process 1/4] - INFO - res.shape is :torch.Size([2])
2024-12-23 12:59:47,791 - [Process 1/4] - INFO - len(per_windows_prompt):2
2024-12-23 12:59:52,062 - [Process 1/4] - INFO - res.shape is :torch.Size([2])
2024-12-23 12:59:52,646 - [Process 1/4] - INFO - len(per_windows_prompt):2
2024-12-23 12:59:57,040 - [Process 1/4] - INFO - res.shape is :torch.Size([2])
2024-12-23 12:59:57,703 - [Process 1/4] - INFO - len(per_windows_prompt):2
2024-12-23 13:00:02,031 - [Process 1/4] - INFO - res.shape is :torch.Size([2])
2024-12-23 13:00:02,633 - [Process 1/4] - INFO - len(per_windows_prompt):2
2024-12-23 13:00:06,946 - [Process 1/4] - INFO - res.shape is :torch.Size([2])
2024-12-23 13:00:07,483 - [Process 1/4] - INFO - len(per_windows_prompt):2
2024-12-23 13:00:11,824 - [Process 1/4] - INFO - res.shape is :torch.Size([2])
2024-12-23 13:00:12,356 - [Process 1/4] - INFO - len(per_windows_prompt):2
2024-12-23 13:00:17,789 - [Process 1/4] - INFO - res.shape is :torch.Size([16])
2024-12-23 13:00:18,364 - [Process 1/4] - INFO - len(per_windows_prompt):2
2024-12-23 13:00:22,671 - [Process 1/4] - INFO - res.shape is :torch.Size([2])
2024-12-23 13:00:23,231 - [Process 1/4] - INFO - len(per_windows_prompt):2
2024-12-23 13:00:27,416 - [Process 1/4] - INFO - res.shape is :torch.Size([2])
2024-12-23 13:00:27,852 - [Process 1/4] - INFO - len(per_windows_prompt):2
2024-12-23 13:00:32,111 - [Process 1/4] - INFO - res.shape is :torch.Size([2])
2024-12-23 13:00:32,725 - [Process 1/4] - INFO - len(per_windows_prompt):2
2024-12-23 13:00:37,035 - [Process 1/4] - INFO - res.shape is :torch.Size([2])
2024-12-23 13:00:37,526 - [Process 1/4] - INFO - len(per_windows_prompt):2
2024-12-23 13:00:41,807 - [Process 1/4] - INFO - res.shape is :torch.Size([2])
2024-12-23 13:00:42,228 - [Process 1/4] - INFO - len(per_windows_prompt):2
2024-12-23 13:00:46,490 - [Process 1/4] - INFO - res.shape is :torch.Size([2])
2024-12-23 13:00:46,958 - [Process 1/4] - INFO - len(per_windows_prompt):2
2024-12-23 13:00:51,440 - [Process 1/4] - INFO - res.shape is :torch.Size([2])
2024-12-23 13:00:51,935 - [Process 1/4] - INFO - len(per_windows_prompt):2
2024-12-23 13:00:57,549 - [Process 1/4] - INFO - res.shape is :torch.Size([16])
2024-12-23 13:00:58,052 - [Process 1/4] - INFO - len(per_windows_prompt):2
2024-12-23 13:01:02,257 - [Process 1/4] - INFO - res.shape is :torch.Size([2])
2024-12-23 13:01:02,801 - [Process 1/4] - INFO - len(per_windows_prompt):2
2024-12-23 13:01:06,984 - [Process 1/4] - INFO - res.shape is :torch.Size([2])
2024-12-23 13:01:07,521 - [Process 1/4] - INFO - len(per_windows_prompt):2
2024-12-23 13:01:11,668 - [Process 1/4] - INFO - res.shape is :torch.Size([2])
2024-12-23 13:01:12,135 - [Process 1/4] - INFO - len(per_windows_prompt):2
2024-12-23 13:01:16,490 - [Process 1/4] - INFO - res.shape is :torch.Size([2])
2024-12-23 13:01:16,958 - [Process 1/4] - INFO - len(per_windows_prompt):2
2024-12-23 13:01:21,271 - [Process 1/4] - INFO - res.shape is :torch.Size([2])
2024-12-23 13:01:21,870 - [Process 1/4] - INFO - len(per_windows_prompt):2
2024-12-23 13:01:26,159 - [Process 1/4] - INFO - res.shape is :torch.Size([2])
2024-12-23 13:01:26,810 - [Process 1/4] - INFO - len(per_windows_prompt):2
2024-12-23 13:01:31,094 - [Process 1/4] - INFO - res.shape is :torch.Size([2])
2024-12-23 13:01:31,496 - [Process 1/4] - INFO - len(per_windows_prompt):2
2024-12-23 13:01:35,851 - [Process 1/4] - INFO - res.shape is :torch.Size([2])
2024-12-23 13:01:36,245 - [Process 1/4] - INFO - len(per_windows_prompt):2
2024-12-23 13:01:40,507 - [Process 1/4] - INFO - res.shape is :torch.Size([2])
2024-12-23 13:01:41,037 - [Process 1/4] - INFO - len(per_windows_prompt):2
2024-12-23 13:01:45,267 - [Process 1/4] - INFO - res.shape is :torch.Size([2])
2024-12-23 13:01:45,805 - [Process 1/4] - INFO - len(per_windows_prompt):2
2024-12-23 13:01:49,996 - [Process 1/4] - INFO - res.shape is :torch.Size([2])
2024-12-23 13:01:50,538 - [Process 1/4] - INFO - len(per_windows_prompt):2
2024-12-23 13:01:55,165 - [Process 1/4] - INFO - res.shape is :torch.Size([6])
2024-12-23 13:01:55,612 - [Process 1/4] - INFO - len(per_windows_prompt):2
2024-12-23 13:02:00,969 - [Process 1/4] - INFO - res.shape is :torch.Size([16])
2024-12-23 13:02:01,425 - [Process 1/4] - INFO - len(per_windows_prompt):2
2024-12-23 13:02:05,682 - [Process 1/4] - INFO - res.shape is :torch.Size([2])
2024-12-23 13:02:06,154 - [Process 1/4] - INFO - len(per_windows_prompt):2
2024-12-23 13:02:10,362 - [Process 1/4] - INFO - res.shape is :torch.Size([2])
2024-12-23 13:02:10,903 - [Process 1/4] - INFO - len(per_windows_prompt):2
2024-12-23 13:02:15,246 - [Process 1/4] - INFO - res.shape is :torch.Size([2])
2024-12-23 13:02:15,746 - [Process 1/4] - INFO - len(per_windows_prompt):2
2024-12-23 13:02:20,024 - [Process 1/4] - INFO - res.shape is :torch.Size([2])
2024-12-23 13:02:20,447 - [Process 1/4] - INFO - len(per_windows_prompt):2
2024-12-23 13:02:24,824 - [Process 1/4] - INFO - res.shape is :torch.Size([2])
2024-12-23 13:02:25,244 - [Process 1/4] - INFO - len(per_windows_prompt):2
2024-12-23 13:02:29,502 - [Process 1/4] - INFO - res.shape is :torch.Size([2])
2024-12-23 13:02:30,005 - [Process 1/4] - INFO - len(per_windows_prompt):2
2024-12-23 13:02:34,243 - [Process 1/4] - INFO - res.shape is :torch.Size([2])
2024-12-23 13:02:34,709 - [Process 1/4] - INFO - len(per_windows_prompt):2
2024-12-23 13:02:39,052 - [Process 1/4] - INFO - res.shape is :torch.Size([2])
2024-12-23 13:02:39,564 - [Process 1/4] - INFO - len(per_windows_prompt):2
2024-12-23 13:02:43,869 - [Process 1/4] - INFO - res.shape is :torch.Size([2])
2024-12-23 13:02:44,374 - [Process 1/4] - INFO - len(per_windows_prompt):2
2024-12-23 13:02:48,758 - [Process 1/4] - INFO - res.shape is :torch.Size([3])
2024-12-23 13:02:49,298 - [Process 1/4] - INFO - len(per_windows_prompt):2
2024-12-23 13:02:53,732 - [Process 1/4] - INFO - res.shape is :torch.Size([2])
2024-12-23 13:02:54,313 - [Process 1/4] - INFO - len(per_windows_prompt):2
2024-12-23 13:02:58,614 - [Process 1/4] - INFO - res.shape is :torch.Size([2])
2024-12-23 13:02:59,165 - [Process 1/4] - INFO - len(per_windows_prompt):2
2024-12-23 13:03:03,476 - [Process 1/4] - INFO - res.shape is :torch.Size([2])
2024-12-23 13:03:03,983 - [Process 1/4] - INFO - len(per_windows_prompt):2
2024-12-23 13:03:08,321 - [Process 1/4] - INFO - res.shape is :torch.Size([2])
2024-12-23 13:03:08,797 - [Process 1/4] - INFO - len(per_windows_prompt):2
2024-12-23 13:03:13,243 - [Process 1/4] - INFO - res.shape is :torch.Size([2])
2024-12-23 13:03:13,676 - [Process 1/4] - INFO - len(per_windows_prompt):2
2024-12-23 13:03:17,935 - [Process 1/4] - INFO - res.shape is :torch.Size([2])
2024-12-23 13:03:18,293 - [Process 1/4] - INFO - len(per_windows_prompt):2
2024-12-23 13:03:22,557 - [Process 1/4] - INFO - res.shape is :torch.Size([2])
