2024-12-23 15:47:55,365 - [Process 3/5] - INFO - loading datasets finished
2024-12-23 15:47:55,365 - [Process 3/5] - INFO - model_max_len: 3950
2024-12-23 15:47:55,365 - [Process 3/5] - INFO - output_max_len: 64
2024-12-23 15:47:55,365 - [Process 3/5] - INFO - parallel_pattern: default
2024-12-23 15:47:55,454 - [Process 3/5] - INFO - Max Length is 8714
2024-12-23 15:47:55,455 - [Process 3/5] - INFO - Finish loading dataset
2024-12-23 15:47:55,455 - [Process 3/5] - INFO - get_predicted begin
2024-12-23 15:48:00,303 - [Process 3/5] - INFO - len(per_windows_prompt):1
2024-12-23 15:48:12,066 - [Process 3/5] - INFO - res.shape is :torch.Size([64])
2024-12-23 15:48:12,576 - [Process 3/5] - INFO - len(per_windows_prompt):1
2024-12-23 15:48:23,773 - [Process 3/5] - INFO - res.shape is :torch.Size([64])
2024-12-23 15:48:24,440 - [Process 3/5] - INFO - len(per_windows_prompt):1
2024-12-23 15:48:35,489 - [Process 3/5] - INFO - res.shape is :torch.Size([64])
2024-12-23 15:48:36,099 - [Process 3/5] - INFO - len(per_windows_prompt):1
2024-12-23 15:48:47,195 - [Process 3/5] - INFO - res.shape is :torch.Size([64])
2024-12-23 15:48:47,720 - [Process 3/5] - INFO - len(per_windows_prompt):1
2024-12-23 15:48:58,750 - [Process 3/5] - INFO - res.shape is :torch.Size([64])
2024-12-23 15:48:59,112 - [Process 3/5] - INFO - len(per_windows_prompt):1
2024-12-23 15:49:08,237 - [Process 3/5] - INFO - res.shape is :torch.Size([64])
2024-12-23 15:49:08,861 - [Process 3/5] - INFO - len(per_windows_prompt):1
2024-12-23 15:49:19,724 - [Process 3/5] - INFO - res.shape is :torch.Size([64])
2024-12-23 15:49:20,099 - [Process 3/5] - INFO - len(per_windows_prompt):1
2024-12-23 15:49:29,263 - [Process 3/5] - INFO - res.shape is :torch.Size([64])
2024-12-23 15:49:29,851 - [Process 3/5] - INFO - len(per_windows_prompt):1
2024-12-23 15:49:40,862 - [Process 3/5] - INFO - res.shape is :torch.Size([64])
2024-12-23 15:49:41,469 - [Process 3/5] - INFO - len(per_windows_prompt):1
2024-12-23 15:49:52,320 - [Process 3/5] - INFO - res.shape is :torch.Size([64])
2024-12-23 15:49:52,978 - [Process 3/5] - INFO - len(per_windows_prompt):1
2024-12-23 15:50:03,887 - [Process 3/5] - INFO - res.shape is :torch.Size([64])
2024-12-23 15:50:04,381 - [Process 3/5] - INFO - len(per_windows_prompt):1
2024-12-23 15:50:14,815 - [Process 3/5] - INFO - res.shape is :torch.Size([64])
2024-12-23 15:50:15,301 - [Process 3/5] - INFO - len(per_windows_prompt):1
2024-12-23 15:50:26,290 - [Process 3/5] - INFO - res.shape is :torch.Size([64])
2024-12-23 15:50:26,728 - [Process 3/5] - INFO - len(per_windows_prompt):1
2024-12-23 15:50:37,482 - [Process 3/5] - INFO - res.shape is :torch.Size([64])
2024-12-23 15:50:38,011 - [Process 3/5] - INFO - len(per_windows_prompt):1
