2024-12-23 13:40:42,721 - [Process 0/4] - INFO - loading datasets finished
2024-12-23 13:40:42,721 - [Process 0/4] - INFO - model_max_len: 3950
2024-12-23 13:40:42,721 - [Process 0/4] - INFO - output_max_len: 64
2024-12-23 13:40:42,721 - [Process 0/4] - INFO - parallel_pattern: every_window_no_query_input_query
2024-12-23 13:40:42,804 - [Process 0/4] - INFO - Max Length is 10029
2024-12-23 13:40:42,805 - [Process 0/4] - INFO - Finish loading dataset
2024-12-23 13:40:42,805 - [Process 0/4] - INFO - get_predicted begin
2024-12-23 13:40:46,474 - [Process 0/4] - INFO - len(per_windows_prompt):2
2024-12-23 13:40:57,342 - [Process 0/4] - INFO - res.shape is :torch.Size([64])
2024-12-23 13:40:57,697 - [Process 0/4] - INFO - len(per_windows_prompt):2
2024-12-23 13:41:07,123 - [Process 0/4] - INFO - res.shape is :torch.Size([64])
2024-12-23 13:41:07,374 - [Process 0/4] - INFO - len(per_windows_prompt):2
2024-12-23 13:41:15,257 - [Process 0/4] - INFO - res.shape is :torch.Size([64])
2024-12-23 13:41:15,474 - [Process 0/4] - INFO - len(per_windows_prompt):2
2024-12-23 13:41:23,142 - [Process 0/4] - INFO - res.shape is :torch.Size([64])
2024-12-23 13:41:23,428 - [Process 0/4] - INFO - len(per_windows_prompt):2
2024-12-23 13:41:31,930 - [Process 0/4] - INFO - res.shape is :torch.Size([64])
2024-12-23 13:41:32,329 - [Process 0/4] - INFO - len(per_windows_prompt):2
2024-12-23 13:41:41,714 - [Process 0/4] - INFO - res.shape is :torch.Size([64])
2024-12-23 13:41:42,011 - [Process 0/4] - INFO - len(per_windows_prompt):2
2024-12-23 13:41:50,516 - [Process 0/4] - INFO - res.shape is :torch.Size([64])
2024-12-23 13:41:50,888 - [Process 0/4] - INFO - len(per_windows_prompt):2
2024-12-23 13:42:00,223 - [Process 0/4] - INFO - res.shape is :torch.Size([64])
2024-12-23 13:42:00,511 - [Process 0/4] - INFO - len(per_windows_prompt):2
2024-12-23 13:42:08,599 - [Process 0/4] - INFO - res.shape is :torch.Size([64])
2024-12-23 13:42:08,849 - [Process 0/4] - INFO - len(per_windows_prompt):2
2024-12-23 13:42:16,762 - [Process 0/4] - INFO - res.shape is :torch.Size([64])
2024-12-23 13:42:17,156 - [Process 0/4] - INFO - len(per_windows_prompt):2
2024-12-23 13:42:26,520 - [Process 0/4] - INFO - res.shape is :torch.Size([64])
2024-12-23 13:42:26,829 - [Process 0/4] - INFO - len(per_windows_prompt):2
2024-12-23 13:42:35,434 - [Process 0/4] - INFO - res.shape is :torch.Size([64])
2024-12-23 13:42:35,811 - [Process 0/4] - INFO - len(per_windows_prompt):2
2024-12-23 13:42:45,079 - [Process 0/4] - INFO - res.shape is :torch.Size([64])
2024-12-23 13:42:45,334 - [Process 0/4] - INFO - len(per_windows_prompt):2
2024-12-23 13:42:53,130 - [Process 0/4] - INFO - res.shape is :torch.Size([64])
2024-12-23 13:42:53,382 - [Process 0/4] - INFO - len(per_windows_prompt):2
2024-12-23 13:43:01,256 - [Process 0/4] - INFO - res.shape is :torch.Size([64])
2024-12-23 13:43:01,501 - [Process 0/4] - INFO - len(per_windows_prompt):2
2024-12-23 13:43:09,262 - [Process 0/4] - INFO - res.shape is :torch.Size([64])
2024-12-23 13:43:09,639 - [Process 0/4] - INFO - len(per_windows_prompt):2
2024-12-23 13:43:19,003 - [Process 0/4] - INFO - res.shape is :torch.Size([64])
2024-12-23 13:43:19,313 - [Process 0/4] - INFO - len(per_windows_prompt):2
2024-12-23 13:43:28,037 - [Process 0/4] - INFO - res.shape is :torch.Size([64])
2024-12-23 13:43:28,420 - [Process 0/4] - INFO - len(per_windows_prompt):2
2024-12-23 13:43:37,729 - [Process 0/4] - INFO - res.shape is :torch.Size([64])
2024-12-23 13:43:37,924 - [Process 0/4] - INFO - len(per_windows_prompt):2
2024-12-23 13:43:45,085 - [Process 0/4] - INFO - res.shape is :torch.Size([64])
2024-12-23 13:43:45,462 - [Process 0/4] - INFO - len(per_windows_prompt):2
2024-12-23 13:43:54,675 - [Process 0/4] - INFO - res.shape is :torch.Size([64])
2024-12-23 13:43:54,857 - [Process 0/4] - INFO - len(per_windows_prompt):2
2024-12-23 13:44:01,956 - [Process 0/4] - INFO - res.shape is :torch.Size([64])
2024-12-23 13:44:02,432 - [Process 0/4] - INFO - len(per_windows_prompt):2
2024-12-23 13:44:11,840 - [Process 0/4] - INFO - res.shape is :torch.Size([64])
2024-12-23 13:44:12,196 - [Process 0/4] - INFO - len(per_windows_prompt):2
2024-12-23 13:44:21,706 - [Process 0/4] - INFO - res.shape is :torch.Size([64])
2024-12-23 13:44:22,264 - [Process 0/4] - INFO - len(per_windows_prompt):2
2024-12-23 13:44:31,619 - [Process 0/4] - INFO - res.shape is :torch.Size([64])
2024-12-23 13:44:31,844 - [Process 0/4] - INFO - len(per_windows_prompt):2
2024-12-23 13:44:39,200 - [Process 0/4] - INFO - res.shape is :torch.Size([64])
2024-12-23 13:44:39,532 - [Process 0/4] - INFO - len(per_windows_prompt):2
2024-12-23 13:44:48,464 - [Process 0/4] - INFO - res.shape is :torch.Size([64])
2024-12-23 13:44:48,865 - [Process 0/4] - INFO - len(per_windows_prompt):2
2024-12-23 13:44:58,341 - [Process 0/4] - INFO - res.shape is :torch.Size([64])
2024-12-23 13:44:58,575 - [Process 0/4] - INFO - len(per_windows_prompt):2
2024-12-23 13:45:06,214 - [Process 0/4] - INFO - res.shape is :torch.Size([64])
2024-12-23 13:45:06,561 - [Process 0/4] - INFO - len(per_windows_prompt):2
2024-12-23 13:45:15,714 - [Process 0/4] - INFO - res.shape is :torch.Size([64])
2024-12-23 13:45:16,006 - [Process 0/4] - INFO - len(per_windows_prompt):2
2024-12-23 13:45:24,372 - [Process 0/4] - INFO - res.shape is :torch.Size([64])
2024-12-23 13:45:24,819 - [Process 0/4] - INFO - len(per_windows_prompt):2
2024-12-23 13:45:34,219 - [Process 0/4] - INFO - res.shape is :torch.Size([64])
2024-12-23 13:45:34,578 - [Process 0/4] - INFO - len(per_windows_prompt):2
2024-12-23 13:45:43,530 - [Process 0/4] - INFO - res.shape is :torch.Size([64])
2024-12-23 13:45:43,875 - [Process 0/4] - INFO - len(per_windows_prompt):2
2024-12-23 13:45:53,077 - [Process 0/4] - INFO - res.shape is :torch.Size([64])
2024-12-23 13:45:53,305 - [Process 0/4] - INFO - len(per_windows_prompt):2
2024-12-23 13:46:00,633 - [Process 0/4] - INFO - res.shape is :torch.Size([64])
2024-12-23 13:46:00,923 - [Process 0/4] - INFO - len(per_windows_prompt):2
2024-12-23 13:46:09,233 - [Process 0/4] - INFO - res.shape is :torch.Size([64])
2024-12-23 13:46:09,437 - [Process 0/4] - INFO - len(per_windows_prompt):2
2024-12-23 13:46:16,483 - [Process 0/4] - INFO - res.shape is :torch.Size([64])
2024-12-23 13:46:16,718 - [Process 0/4] - INFO - len(per_windows_prompt):2
2024-12-23 13:46:23,948 - [Process 0/4] - INFO - res.shape is :torch.Size([64])
2024-12-23 13:46:24,137 - [Process 0/4] - INFO - len(per_windows_prompt):2
2024-12-23 13:46:31,124 - [Process 0/4] - INFO - res.shape is :torch.Size([64])
2024-12-23 13:46:31,326 - [Process 0/4] - INFO - len(per_windows_prompt):2
2024-12-23 13:46:38,823 - [Process 0/4] - INFO - res.shape is :torch.Size([64])
2024-12-23 13:46:38,990 - [Process 0/4] - INFO - len(per_windows_prompt):2
2024-12-23 13:46:46,224 - [Process 0/4] - INFO - res.shape is :torch.Size([64])
2024-12-23 13:46:46,471 - [Process 0/4] - INFO - len(per_windows_prompt):2
2024-12-23 13:46:54,298 - [Process 0/4] - INFO - res.shape is :torch.Size([64])
2024-12-23 13:46:54,631 - [Process 0/4] - INFO - len(per_windows_prompt):2
2024-12-23 13:47:03,593 - [Process 0/4] - INFO - res.shape is :torch.Size([64])
2024-12-23 13:47:03,983 - [Process 0/4] - INFO - len(per_windows_prompt):2
2024-12-23 13:47:13,312 - [Process 0/4] - INFO - res.shape is :torch.Size([64])
2024-12-23 13:47:13,500 - [Process 0/4] - INFO - len(per_windows_prompt):2
2024-12-23 13:47:20,572 - [Process 0/4] - INFO - res.shape is :torch.Size([64])
2024-12-23 13:47:20,769 - [Process 0/4] - INFO - len(per_windows_prompt):2
2024-12-23 13:47:28,093 - [Process 0/4] - INFO - res.shape is :torch.Size([64])
2024-12-23 13:47:28,520 - [Process 0/4] - INFO - len(per_windows_prompt):2
2024-12-23 13:47:38,011 - [Process 0/4] - INFO - res.shape is :torch.Size([64])
2024-12-23 13:47:38,356 - [Process 0/4] - INFO - len(per_windows_prompt):2
2024-12-23 13:47:47,783 - [Process 0/4] - INFO - res.shape is :torch.Size([64])
2024-12-23 13:47:48,180 - [Process 0/4] - INFO - len(per_windows_prompt):2
2024-12-23 13:47:57,508 - [Process 0/4] - INFO - res.shape is :torch.Size([64])
2024-12-23 13:47:57,793 - [Process 0/4] - INFO - len(per_windows_prompt):2
2024-12-23 13:48:06,096 - [Process 0/4] - INFO - res.shape is :torch.Size([64])
2024-12-23 13:48:06,532 - [Process 0/4] - INFO - len(per_windows_prompt):2
2024-12-23 13:48:15,820 - [Process 0/4] - INFO - res.shape is :torch.Size([64])
2024-12-23 13:48:16,051 - [Process 0/4] - INFO - len(per_windows_prompt):2
2024-12-23 13:48:23,323 - [Process 0/4] - INFO - res.shape is :torch.Size([64])
2024-12-23 13:48:23,516 - [Process 0/4] - INFO - len(per_windows_prompt):2
2024-12-23 13:48:30,697 - [Process 0/4] - INFO - res.shape is :torch.Size([64])
2024-12-23 13:48:30,970 - [Process 0/4] - INFO - len(per_windows_prompt):2
2024-12-23 13:48:38,857 - [Process 0/4] - INFO - res.shape is :torch.Size([64])
2024-12-23 13:48:39,376 - [Process 0/4] - INFO - len(per_windows_prompt):2
2024-12-23 13:48:48,916 - [Process 0/4] - INFO - res.shape is :torch.Size([64])
2024-12-23 13:48:49,242 - [Process 0/4] - INFO - len(per_windows_prompt):2
2024-12-23 13:48:57,975 - [Process 0/4] - INFO - res.shape is :torch.Size([64])
2024-12-23 13:48:58,259 - [Process 0/4] - INFO - len(per_windows_prompt):2
2024-12-23 13:49:06,485 - [Process 0/4] - INFO - res.shape is :torch.Size([64])
2024-12-23 13:49:06,807 - [Process 0/4] - INFO - len(per_windows_prompt):2
2024-12-23 13:49:15,889 - [Process 0/4] - INFO - res.shape is :torch.Size([64])
2024-12-23 13:49:16,126 - [Process 0/4] - INFO - len(per_windows_prompt):2
2024-12-23 13:49:23,533 - [Process 0/4] - INFO - res.shape is :torch.Size([64])
2024-12-23 13:49:23,847 - [Process 0/4] - INFO - len(per_windows_prompt):2
2024-12-23 13:49:32,167 - [Process 0/4] - INFO - res.shape is :torch.Size([64])
2024-12-23 13:49:32,462 - [Process 0/4] - INFO - len(per_windows_prompt):2
2024-12-23 13:49:40,976 - [Process 0/4] - INFO - res.shape is :torch.Size([64])
2024-12-23 13:49:41,234 - [Process 0/4] - INFO - len(per_windows_prompt):2
2024-12-23 13:49:49,171 - [Process 0/4] - INFO - res.shape is :torch.Size([64])
2024-12-23 13:49:49,394 - [Process 0/4] - INFO - len(per_windows_prompt):2
2024-12-23 13:49:57,000 - [Process 0/4] - INFO - res.shape is :torch.Size([64])
2024-12-23 13:49:57,335 - [Process 0/4] - INFO - len(per_windows_prompt):2
2024-12-23 13:50:06,120 - [Process 0/4] - INFO - res.shape is :torch.Size([64])
2024-12-23 13:50:06,433 - [Process 0/4] - INFO - len(per_windows_prompt):2
2024-12-23 13:50:15,287 - [Process 0/4] - INFO - res.shape is :torch.Size([64])
2024-12-23 13:50:15,667 - [Process 0/4] - INFO - len(per_windows_prompt):2
2024-12-23 13:50:25,180 - [Process 0/4] - INFO - res.shape is :torch.Size([64])
2024-12-23 13:50:25,395 - [Process 0/4] - INFO - len(per_windows_prompt):2
2024-12-23 13:50:32,862 - [Process 0/4] - INFO - res.shape is :torch.Size([64])
2024-12-23 13:50:33,217 - [Process 0/4] - INFO - len(per_windows_prompt):2
2024-12-23 13:50:42,550 - [Process 0/4] - INFO - res.shape is :torch.Size([64])
2024-12-23 13:50:42,845 - [Process 0/4] - INFO - len(per_windows_prompt):2
2024-12-23 13:50:51,526 - [Process 0/4] - INFO - res.shape is :torch.Size([64])
2024-12-23 13:50:51,729 - [Process 0/4] - INFO - len(per_windows_prompt):2
2024-12-23 13:50:59,057 - [Process 0/4] - INFO - res.shape is :torch.Size([64])
2024-12-23 13:50:59,362 - [Process 0/4] - INFO - len(per_windows_prompt):2
2024-12-23 13:51:08,321 - [Process 0/4] - INFO - res.shape is :torch.Size([64])
2024-12-23 13:51:08,496 - [Process 0/4] - INFO - len(per_windows_prompt):2
2024-12-23 13:51:15,557 - [Process 0/4] - INFO - res.shape is :torch.Size([64])
2024-12-23 13:51:15,921 - [Process 0/4] - INFO - len(per_windows_prompt):2
2024-12-23 13:51:25,262 - [Process 0/4] - INFO - res.shape is :torch.Size([64])
2024-12-23 13:51:25,439 - [Process 0/4] - INFO - len(per_windows_prompt):2
2024-12-23 13:51:32,055 - [Process 0/4] - INFO - res.shape is :torch.Size([58])
2024-12-23 13:51:32,457 - [Process 0/4] - INFO - len(per_windows_prompt):2
2024-12-23 13:51:41,975 - [Process 0/4] - INFO - res.shape is :torch.Size([64])
2024-12-23 13:51:42,189 - [Process 0/4] - INFO - len(per_windows_prompt):2
2024-12-23 13:51:49,475 - [Process 0/4] - INFO - res.shape is :torch.Size([64])
2024-12-23 13:51:49,887 - [Process 0/4] - INFO - len(per_windows_prompt):2
2024-12-23 13:51:59,258 - [Process 0/4] - INFO - res.shape is :torch.Size([64])
2024-12-23 13:51:59,450 - [Process 0/4] - INFO - len(per_windows_prompt):2
2024-12-23 13:52:06,695 - [Process 0/4] - INFO - res.shape is :torch.Size([64])
2024-12-23 13:52:07,058 - [Process 0/4] - INFO - len(per_windows_prompt):2
2024-12-23 13:52:16,440 - [Process 0/4] - INFO - res.shape is :torch.Size([64])
2024-12-23 13:52:16,774 - [Process 0/4] - INFO - len(per_windows_prompt):2
2024-12-23 13:52:25,710 - [Process 0/4] - INFO - res.shape is :torch.Size([64])
2024-12-23 13:52:26,090 - [Process 0/4] - INFO - len(per_windows_prompt):2
2024-12-23 13:52:35,370 - [Process 0/4] - INFO - res.shape is :torch.Size([64])
2024-12-23 13:52:35,697 - [Process 0/4] - INFO - len(per_windows_prompt):2
2024-12-23 13:52:44,592 - [Process 0/4] - INFO - res.shape is :torch.Size([64])
2024-12-23 13:52:44,811 - [Process 0/4] - INFO - len(per_windows_prompt):2
2024-12-23 13:52:51,992 - [Process 0/4] - INFO - res.shape is :torch.Size([64])
2024-12-23 13:52:52,251 - [Process 0/4] - INFO - len(per_windows_prompt):2
2024-12-23 13:53:00,422 - [Process 0/4] - INFO - res.shape is :torch.Size([64])
2024-12-23 13:53:00,594 - [Process 0/4] - INFO - len(per_windows_prompt):2
2024-12-23 13:53:07,676 - [Process 0/4] - INFO - res.shape is :torch.Size([64])
2024-12-23 13:53:08,084 - [Process 0/4] - INFO - len(per_windows_prompt):2
2024-12-23 13:53:17,414 - [Process 0/4] - INFO - res.shape is :torch.Size([64])
2024-12-23 13:53:17,925 - [Process 0/4] - INFO - len(per_windows_prompt):2
2024-12-23 13:53:27,380 - [Process 0/4] - INFO - res.shape is :torch.Size([64])
2024-12-23 13:53:27,638 - [Process 0/4] - INFO - len(per_windows_prompt):2
2024-12-23 13:53:35,435 - [Process 0/4] - INFO - res.shape is :torch.Size([64])
2024-12-23 13:53:35,617 - [Process 0/4] - INFO - len(per_windows_prompt):2
2024-12-23 13:53:42,911 - [Process 0/4] - INFO - res.shape is :torch.Size([64])
2024-12-23 13:53:43,109 - [Process 0/4] - INFO - len(per_windows_prompt):2
2024-12-23 13:53:50,544 - [Process 0/4] - INFO - res.shape is :torch.Size([64])
2024-12-23 13:53:50,805 - [Process 0/4] - INFO - len(per_windows_prompt):2
2024-12-23 13:53:58,824 - [Process 0/4] - INFO - res.shape is :torch.Size([64])
2024-12-23 13:53:59,025 - [Process 0/4] - INFO - len(per_windows_prompt):2
2024-12-23 13:54:06,307 - [Process 0/4] - INFO - res.shape is :torch.Size([64])
2024-12-23 13:54:06,706 - [Process 0/4] - INFO - len(per_windows_prompt):2
2024-12-23 13:54:16,209 - [Process 0/4] - INFO - res.shape is :torch.Size([64])
2024-12-23 13:54:16,525 - [Process 0/4] - INFO - len(per_windows_prompt):2
2024-12-23 13:54:25,490 - [Process 0/4] - INFO - res.shape is :torch.Size([64])
2024-12-23 13:54:25,743 - [Process 0/4] - INFO - len(per_windows_prompt):2
2024-12-23 13:54:33,602 - [Process 0/4] - INFO - res.shape is :torch.Size([64])
2024-12-23 13:54:34,125 - [Process 0/4] - INFO - len(per_windows_prompt):2
2024-12-23 13:54:43,614 - [Process 0/4] - INFO - res.shape is :torch.Size([64])
2024-12-23 13:54:43,784 - [Process 0/4] - INFO - len(per_windows_prompt):2
2024-12-23 13:54:51,009 - [Process 0/4] - INFO - res.shape is :torch.Size([64])
2024-12-23 13:54:51,199 - [Process 0/4] - INFO - len(per_windows_prompt):2
2024-12-23 13:54:58,227 - [Process 0/4] - INFO - res.shape is :torch.Size([64])
2024-12-23 13:54:58,562 - [Process 0/4] - INFO - len(per_windows_prompt):2
2024-12-23 13:55:07,595 - [Process 0/4] - INFO - res.shape is :torch.Size([64])
2024-12-23 13:55:07,733 - [Process 0/4] - INFO - len(per_windows_prompt):2
2024-12-23 13:55:14,255 - [Process 0/4] - INFO - res.shape is :torch.Size([64])
2024-12-23 13:55:14,500 - [Process 0/4] - INFO - len(per_windows_prompt):2
2024-12-23 13:55:22,470 - [Process 0/4] - INFO - res.shape is :torch.Size([64])
2024-12-23 13:55:22,864 - [Process 0/4] - INFO - len(per_windows_prompt):2
2024-12-23 13:55:32,204 - [Process 0/4] - INFO - res.shape is :torch.Size([64])
2024-12-23 13:55:32,609 - [Process 0/4] - INFO - len(per_windows_prompt):2
2024-12-23 13:55:42,082 - [Process 0/4] - INFO - res.shape is :torch.Size([64])
2024-12-23 13:55:42,405 - [Process 0/4] - INFO - len(per_windows_prompt):2
2024-12-23 13:55:50,992 - [Process 0/4] - INFO - res.shape is :torch.Size([64])
2024-12-23 13:55:51,470 - [Process 0/4] - INFO - len(per_windows_prompt):2
2024-12-23 13:56:00,949 - [Process 0/4] - INFO - res.shape is :torch.Size([64])
2024-12-23 13:56:01,266 - [Process 0/4] - INFO - len(per_windows_prompt):2
2024-12-23 13:56:09,962 - [Process 0/4] - INFO - res.shape is :torch.Size([64])
2024-12-23 13:56:10,214 - [Process 0/4] - INFO - len(per_windows_prompt):2
2024-12-23 13:56:18,330 - [Process 0/4] - INFO - res.shape is :torch.Size([64])
2024-12-23 13:56:18,713 - [Process 0/4] - INFO - len(per_windows_prompt):2
2024-12-23 13:56:28,201 - [Process 0/4] - INFO - res.shape is :torch.Size([64])
2024-12-23 13:56:28,383 - [Process 0/4] - INFO - len(per_windows_prompt):2
2024-12-23 13:56:35,723 - [Process 0/4] - INFO - res.shape is :torch.Size([64])
2024-12-23 13:56:36,034 - [Process 0/4] - INFO - len(per_windows_prompt):2
2024-12-23 13:56:44,532 - [Process 0/4] - INFO - res.shape is :torch.Size([64])
2024-12-23 13:56:44,864 - [Process 0/4] - INFO - len(per_windows_prompt):2
2024-12-23 13:56:53,897 - [Process 0/4] - INFO - res.shape is :torch.Size([64])
2024-12-23 13:56:54,247 - [Process 0/4] - INFO - len(per_windows_prompt):2
2024-12-23 13:57:03,333 - [Process 0/4] - INFO - res.shape is :torch.Size([64])
2024-12-23 13:57:03,691 - [Process 0/4] - INFO - len(per_windows_prompt):2
2024-12-23 13:57:13,058 - [Process 0/4] - INFO - res.shape is :torch.Size([64])
2024-12-23 13:57:13,382 - [Process 0/4] - INFO - len(per_windows_prompt):2
2024-12-23 13:57:22,436 - [Process 0/4] - INFO - res.shape is :torch.Size([64])
2024-12-23 13:57:22,734 - [Process 0/4] - INFO - len(per_windows_prompt):2
2024-12-23 13:57:31,439 - [Process 0/4] - INFO - res.shape is :torch.Size([64])
2024-12-23 13:57:31,594 - [Process 0/4] - INFO - len(per_windows_prompt):2
2024-12-23 13:57:38,853 - [Process 0/4] - INFO - res.shape is :torch.Size([64])
2024-12-23 13:57:39,095 - [Process 0/4] - INFO - len(per_windows_prompt):2
2024-12-23 13:57:46,777 - [Process 0/4] - INFO - res.shape is :torch.Size([64])
2024-12-23 13:57:47,155 - [Process 0/4] - INFO - len(per_windows_prompt):2
2024-12-23 13:57:56,631 - [Process 0/4] - INFO - res.shape is :torch.Size([64])
2024-12-23 13:57:56,792 - [Process 0/4] - INFO - len(per_windows_prompt):2
2024-12-23 13:58:03,744 - [Process 0/4] - INFO - res.shape is :torch.Size([64])
2024-12-23 13:58:04,225 - [Process 0/4] - INFO - len(per_windows_prompt):2
2024-12-23 13:58:13,889 - [Process 0/4] - INFO - res.shape is :torch.Size([64])
2024-12-23 13:58:14,096 - [Process 0/4] - INFO - len(per_windows_prompt):2
2024-12-23 13:58:21,138 - [Process 0/4] - INFO - res.shape is :torch.Size([64])
2024-12-23 13:58:21,489 - [Process 0/4] - INFO - len(per_windows_prompt):2
2024-12-23 13:58:30,472 - [Process 0/4] - INFO - res.shape is :torch.Size([64])
2024-12-23 13:58:30,798 - [Process 0/4] - INFO - len(per_windows_prompt):2
2024-12-23 13:58:39,696 - [Process 0/4] - INFO - res.shape is :torch.Size([64])
2024-12-23 13:58:40,085 - [Process 0/4] - INFO - len(per_windows_prompt):2
2024-12-23 13:58:49,486 - [Process 0/4] - INFO - res.shape is :torch.Size([64])
2024-12-23 13:58:49,754 - [Process 0/4] - INFO - len(per_windows_prompt):2
2024-12-23 13:58:57,985 - [Process 0/4] - INFO - res.shape is :torch.Size([64])
