2024-12-23 13:29:50,721 - [Process 2/4] - INFO - loading datasets finished
2024-12-23 13:29:50,721 - [Process 2/4] - INFO - model_max_len: 3950
2024-12-23 13:29:50,721 - [Process 2/4] - INFO - output_max_len: 128
2024-12-23 13:29:50,721 - [Process 2/4] - INFO - parallel_pattern: every_window_no_query_input_query
2024-12-23 13:29:50,861 - [Process 2/4] - INFO - Max Length is 12252
2024-12-23 13:29:50,861 - [Process 2/4] - INFO - Finish loading dataset
2024-12-23 13:29:50,861 - [Process 2/4] - INFO - get_predicted begin
2024-12-23 13:29:54,498 - [Process 2/4] - INFO - len(per_windows_prompt):2
2024-12-23 13:30:04,184 - [Process 2/4] - INFO - res.shape is :torch.Size([46])
2024-12-23 13:30:04,650 - [Process 2/4] - INFO - len(per_windows_prompt):2
2024-12-23 13:30:16,611 - [Process 2/4] - INFO - res.shape is :torch.Size([83])
2024-12-23 13:30:17,089 - [Process 2/4] - INFO - len(per_windows_prompt):2
2024-12-23 13:30:22,915 - [Process 2/4] - INFO - res.shape is :torch.Size([17])
2024-12-23 13:30:23,282 - [Process 2/4] - INFO - len(per_windows_prompt):2
2024-12-23 13:30:30,747 - [Process 2/4] - INFO - res.shape is :torch.Size([42])
2024-12-23 13:30:31,074 - [Process 2/4] - INFO - len(per_windows_prompt):2
2024-12-23 13:30:39,233 - [Process 2/4] - INFO - res.shape is :torch.Size([54])
2024-12-23 13:30:39,698 - [Process 2/4] - INFO - len(per_windows_prompt):2
2024-12-23 13:30:48,503 - [Process 2/4] - INFO - res.shape is :torch.Size([54])
2024-12-23 13:30:48,901 - [Process 2/4] - INFO - len(per_windows_prompt):2
2024-12-23 13:30:55,366 - [Process 2/4] - INFO - res.shape is :torch.Size([26])
2024-12-23 13:30:55,810 - [Process 2/4] - INFO - len(per_windows_prompt):2
2024-12-23 13:31:02,436 - [Process 2/4] - INFO - res.shape is :torch.Size([30])
2024-12-23 13:31:02,859 - [Process 2/4] - INFO - len(per_windows_prompt):2
2024-12-23 13:31:10,843 - [Process 2/4] - INFO - res.shape is :torch.Size([42])
2024-12-23 13:31:11,249 - [Process 2/4] - INFO - len(per_windows_prompt):2
2024-12-23 13:31:17,455 - [Process 2/4] - INFO - res.shape is :torch.Size([23])
2024-12-23 13:31:17,853 - [Process 2/4] - INFO - len(per_windows_prompt):2
2024-12-23 13:31:25,953 - [Process 2/4] - INFO - res.shape is :torch.Size([38])
2024-12-23 13:31:26,441 - [Process 2/4] - INFO - len(per_windows_prompt):2
2024-12-23 13:31:32,922 - [Process 2/4] - INFO - res.shape is :torch.Size([26])
2024-12-23 13:31:33,375 - [Process 2/4] - INFO - len(per_windows_prompt):2
2024-12-23 13:31:40,892 - [Process 2/4] - INFO - res.shape is :torch.Size([38])
2024-12-23 13:31:41,310 - [Process 2/4] - INFO - len(per_windows_prompt):2
2024-12-23 13:31:49,024 - [Process 2/4] - INFO - res.shape is :torch.Size([33])
2024-12-23 13:31:49,472 - [Process 2/4] - INFO - len(per_windows_prompt):2
2024-12-23 13:31:55,342 - [Process 2/4] - INFO - res.shape is :torch.Size([19])
2024-12-23 13:31:55,721 - [Process 2/4] - INFO - len(per_windows_prompt):2
2024-12-23 13:32:01,952 - [Process 2/4] - INFO - res.shape is :torch.Size([25])
2024-12-23 13:32:02,284 - [Process 2/4] - INFO - len(per_windows_prompt):2
2024-12-23 13:32:09,434 - [Process 2/4] - INFO - res.shape is :torch.Size([35])
2024-12-23 13:32:10,014 - [Process 2/4] - INFO - len(per_windows_prompt):2
2024-12-23 13:32:17,935 - [Process 2/4] - INFO - res.shape is :torch.Size([41])
2024-12-23 13:32:18,339 - [Process 2/4] - INFO - len(per_windows_prompt):2
2024-12-23 13:32:30,062 - [Process 2/4] - INFO - res.shape is :torch.Size([83])
2024-12-23 13:32:30,485 - [Process 2/4] - INFO - len(per_windows_prompt):2
2024-12-23 13:32:37,979 - [Process 2/4] - INFO - res.shape is :torch.Size([38])
2024-12-23 13:32:38,388 - [Process 2/4] - INFO - len(per_windows_prompt):2
2024-12-23 13:32:43,921 - [Process 2/4] - INFO - res.shape is :torch.Size([17])
2024-12-23 13:32:44,289 - [Process 2/4] - INFO - len(per_windows_prompt):2
2024-12-23 13:32:54,865 - [Process 2/4] - INFO - res.shape is :torch.Size([66])
2024-12-23 13:32:55,364 - [Process 2/4] - INFO - len(per_windows_prompt):2
2024-12-23 13:33:06,047 - [Process 2/4] - INFO - res.shape is :torch.Size([76])
2024-12-23 13:33:06,587 - [Process 2/4] - INFO - len(per_windows_prompt):2
2024-12-23 13:33:17,049 - [Process 2/4] - INFO - res.shape is :torch.Size([67])
2024-12-23 13:33:17,443 - [Process 2/4] - INFO - len(per_windows_prompt):2
2024-12-23 13:33:25,063 - [Process 2/4] - INFO - res.shape is :torch.Size([39])
2024-12-23 13:33:25,453 - [Process 2/4] - INFO - len(per_windows_prompt):2
2024-12-23 13:33:36,828 - [Process 2/4] - INFO - res.shape is :torch.Size([81])
2024-12-23 13:33:37,345 - [Process 2/4] - INFO - len(per_windows_prompt):2
2024-12-23 13:33:43,626 - [Process 2/4] - INFO - res.shape is :torch.Size([24])
2024-12-23 13:33:44,117 - [Process 2/4] - INFO - len(per_windows_prompt):2
2024-12-23 13:33:52,582 - [Process 2/4] - INFO - res.shape is :torch.Size([45])
2024-12-23 13:33:52,949 - [Process 2/4] - INFO - len(per_windows_prompt):2
2024-12-23 13:34:00,623 - [Process 2/4] - INFO - res.shape is :torch.Size([39])
2024-12-23 13:34:00,824 - [Process 2/4] - INFO - len(per_windows_prompt):2
2024-12-23 13:34:05,126 - [Process 2/4] - INFO - res.shape is :torch.Size([23])
2024-12-23 13:34:05,510 - [Process 2/4] - INFO - len(per_windows_prompt):2
2024-12-23 13:34:15,289 - [Process 2/4] - INFO - res.shape is :torch.Size([64])
2024-12-23 13:34:15,748 - [Process 2/4] - INFO - len(per_windows_prompt):2
2024-12-23 13:34:23,484 - [Process 2/4] - INFO - res.shape is :torch.Size([38])
2024-12-23 13:34:23,995 - [Process 2/4] - INFO - len(per_windows_prompt):2
2024-12-23 13:34:30,270 - [Process 2/4] - INFO - res.shape is :torch.Size([26])
2024-12-23 13:34:30,774 - [Process 2/4] - INFO - len(per_windows_prompt):2
2024-12-23 13:34:36,459 - [Process 2/4] - INFO - res.shape is :torch.Size([19])
2024-12-23 13:34:36,906 - [Process 2/4] - INFO - len(per_windows_prompt):2
2024-12-23 13:34:44,270 - [Process 2/4] - INFO - res.shape is :torch.Size([34])
2024-12-23 13:34:44,772 - [Process 2/4] - INFO - len(per_windows_prompt):2
2024-12-23 13:34:51,242 - [Process 2/4] - INFO - res.shape is :torch.Size([27])
2024-12-23 13:34:51,551 - [Process 2/4] - INFO - len(per_windows_prompt):2
2024-12-23 13:34:58,798 - [Process 2/4] - INFO - res.shape is :torch.Size([43])
2024-12-23 13:34:59,061 - [Process 2/4] - INFO - len(per_windows_prompt):2
2024-12-23 13:35:04,527 - [Process 2/4] - INFO - res.shape is :torch.Size([31])
2024-12-23 13:35:04,897 - [Process 2/4] - INFO - len(per_windows_prompt):2
2024-12-23 13:35:10,895 - [Process 2/4] - INFO - res.shape is :torch.Size([22])
2024-12-23 13:35:11,275 - [Process 2/4] - INFO - len(per_windows_prompt):2
2024-12-23 13:35:18,971 - [Process 2/4] - INFO - res.shape is :torch.Size([39])
2024-12-23 13:35:19,530 - [Process 2/4] - INFO - len(per_windows_prompt):2
2024-12-23 13:35:26,052 - [Process 2/4] - INFO - res.shape is :torch.Size([27])
2024-12-23 13:35:26,545 - [Process 2/4] - INFO - len(per_windows_prompt):2
2024-12-23 13:35:33,399 - [Process 2/4] - INFO - res.shape is :torch.Size([29])
2024-12-23 13:35:33,780 - [Process 2/4] - INFO - len(per_windows_prompt):2
2024-12-23 13:35:40,376 - [Process 2/4] - INFO - res.shape is :torch.Size([27])
2024-12-23 13:35:40,789 - [Process 2/4] - INFO - len(per_windows_prompt):2
2024-12-23 13:35:46,939 - [Process 2/4] - INFO - res.shape is :torch.Size([23])
2024-12-23 13:35:47,417 - [Process 2/4] - INFO - len(per_windows_prompt):2
2024-12-23 13:35:56,247 - [Process 2/4] - INFO - res.shape is :torch.Size([48])
2024-12-23 13:35:56,687 - [Process 2/4] - INFO - len(per_windows_prompt):2
2024-12-23 13:36:05,205 - [Process 2/4] - INFO - res.shape is :torch.Size([48])
2024-12-23 13:36:05,661 - [Process 2/4] - INFO - len(per_windows_prompt):2
2024-12-23 13:36:11,009 - [Process 2/4] - INFO - res.shape is :torch.Size([14])
2024-12-23 13:36:11,475 - [Process 2/4] - INFO - len(per_windows_prompt):2
2024-12-23 13:36:18,510 - [Process 2/4] - INFO - res.shape is :torch.Size([34])
2024-12-23 13:36:19,066 - [Process 2/4] - INFO - len(per_windows_prompt):2
2024-12-23 13:36:26,131 - [Process 2/4] - INFO - res.shape is :torch.Size([35])
2024-12-23 13:36:26,614 - [Process 2/4] - INFO - len(per_windows_prompt):2
2024-12-23 13:36:33,508 - [Process 2/4] - INFO - res.shape is :torch.Size([33])
