2024-12-23 16:49:12,735 - [Process 3/4] - INFO - loading datasets finished
2024-12-23 16:49:12,735 - [Process 3/4] - INFO - model_max_len: 3950
2024-12-23 16:49:12,735 - [Process 3/4] - INFO - output_max_len: 64
2024-12-23 16:49:12,735 - [Process 3/4] - INFO - parallel_pattern: every_window_no_query_input_query
2024-12-23 16:49:12,762 - [Process 3/4] - INFO - Max Length is 8714
2024-12-23 16:49:12,763 - [Process 3/4] - INFO - Finish loading dataset
2024-12-23 16:49:12,763 - [Process 3/4] - INFO - get_predicted begin
2024-12-23 16:49:16,361 - [Process 3/4] - INFO - len(per_windows_prompt):2
2024-12-23 16:49:23,609 - [Process 3/4] - INFO - res.shape is :torch.Size([64])
2024-12-23 16:49:23,869 - [Process 3/4] - INFO - len(per_windows_prompt):2
2024-12-23 16:49:30,332 - [Process 3/4] - INFO - res.shape is :torch.Size([64])
2024-12-23 16:49:30,510 - [Process 3/4] - INFO - len(per_windows_prompt):2
2024-12-23 16:49:36,530 - [Process 3/4] - INFO - res.shape is :torch.Size([64])
2024-12-23 16:49:36,733 - [Process 3/4] - INFO - len(per_windows_prompt):2
2024-12-23 16:49:43,167 - [Process 3/4] - INFO - res.shape is :torch.Size([64])
2024-12-23 16:49:43,387 - [Process 3/4] - INFO - len(per_windows_prompt):2
2024-12-23 16:49:49,833 - [Process 3/4] - INFO - res.shape is :torch.Size([64])
2024-12-23 16:49:50,048 - [Process 3/4] - INFO - len(per_windows_prompt):2
2024-12-23 16:49:56,486 - [Process 3/4] - INFO - res.shape is :torch.Size([64])
2024-12-23 16:49:56,722 - [Process 3/4] - INFO - len(per_windows_prompt):2
2024-12-23 16:50:01,080 - [Process 3/4] - INFO - res.shape is :torch.Size([15])
2024-12-23 16:50:01,326 - [Process 3/4] - INFO - len(per_windows_prompt):2
2024-12-23 16:50:06,313 - [Process 3/4] - INFO - res.shape is :torch.Size([31])
2024-12-23 16:50:06,441 - [Process 3/4] - INFO - len(per_windows_prompt):2
2024-12-23 16:50:11,285 - [Process 3/4] - INFO - res.shape is :torch.Size([64])
2024-12-23 16:50:11,509 - [Process 3/4] - INFO - len(per_windows_prompt):2
2024-12-23 16:50:18,041 - [Process 3/4] - INFO - res.shape is :torch.Size([64])
2024-12-23 16:50:18,286 - [Process 3/4] - INFO - len(per_windows_prompt):2
2024-12-23 16:50:24,678 - [Process 3/4] - INFO - res.shape is :torch.Size([64])
2024-12-23 16:50:24,927 - [Process 3/4] - INFO - len(per_windows_prompt):2
2024-12-23 16:50:29,268 - [Process 3/4] - INFO - res.shape is :torch.Size([16])
2024-12-23 16:50:29,456 - [Process 3/4] - INFO - len(per_windows_prompt):2
2024-12-23 16:50:35,922 - [Process 3/4] - INFO - res.shape is :torch.Size([64])
2024-12-23 16:50:36,156 - [Process 3/4] - INFO - len(per_windows_prompt):2
2024-12-23 16:50:42,590 - [Process 3/4] - INFO - res.shape is :torch.Size([64])
2024-12-23 16:50:42,803 - [Process 3/4] - INFO - len(per_windows_prompt):2
2024-12-23 16:50:49,296 - [Process 3/4] - INFO - res.shape is :torch.Size([64])
2024-12-23 16:50:49,520 - [Process 3/4] - INFO - len(per_windows_prompt):2
2024-12-23 16:50:55,417 - [Process 3/4] - INFO - res.shape is :torch.Size([49])
2024-12-23 16:50:55,633 - [Process 3/4] - INFO - len(per_windows_prompt):2
2024-12-23 16:51:02,145 - [Process 3/4] - INFO - res.shape is :torch.Size([64])
2024-12-23 16:51:02,383 - [Process 3/4] - INFO - len(per_windows_prompt):2
2024-12-23 16:51:08,944 - [Process 3/4] - INFO - res.shape is :torch.Size([64])
2024-12-23 16:51:09,171 - [Process 3/4] - INFO - len(per_windows_prompt):2
2024-12-23 16:51:15,601 - [Process 3/4] - INFO - res.shape is :torch.Size([64])
2024-12-23 16:51:15,810 - [Process 3/4] - INFO - len(per_windows_prompt):2
2024-12-23 16:51:22,253 - [Process 3/4] - INFO - res.shape is :torch.Size([64])
2024-12-23 16:51:22,458 - [Process 3/4] - INFO - len(per_windows_prompt):2
2024-12-23 16:51:28,857 - [Process 3/4] - INFO - res.shape is :torch.Size([64])
2024-12-23 16:51:29,076 - [Process 3/4] - INFO - len(per_windows_prompt):2
2024-12-23 16:51:35,481 - [Process 3/4] - INFO - res.shape is :torch.Size([64])
2024-12-23 16:51:35,709 - [Process 3/4] - INFO - len(per_windows_prompt):2
2024-12-23 16:51:39,905 - [Process 3/4] - INFO - res.shape is :torch.Size([11])
2024-12-23 16:51:40,090 - [Process 3/4] - INFO - len(per_windows_prompt):2
2024-12-23 16:51:46,554 - [Process 3/4] - INFO - res.shape is :torch.Size([64])
2024-12-23 16:51:46,785 - [Process 3/4] - INFO - len(per_windows_prompt):2
2024-12-23 16:51:50,923 - [Process 3/4] - INFO - res.shape is :torch.Size([10])
2024-12-23 16:51:51,140 - [Process 3/4] - INFO - len(per_windows_prompt):2
2024-12-23 16:51:55,659 - [Process 3/4] - INFO - res.shape is :torch.Size([18])
2024-12-23 16:51:55,857 - [Process 3/4] - INFO - len(per_windows_prompt):2
2024-12-23 16:52:02,301 - [Process 3/4] - INFO - res.shape is :torch.Size([64])
2024-12-23 16:52:02,549 - [Process 3/4] - INFO - len(per_windows_prompt):2
2024-12-23 16:52:08,947 - [Process 3/4] - INFO - res.shape is :torch.Size([64])
2024-12-23 16:52:09,077 - [Process 3/4] - INFO - len(per_windows_prompt):2
2024-12-23 16:52:12,751 - [Process 3/4] - INFO - res.shape is :torch.Size([31])
2024-12-23 16:52:12,930 - [Process 3/4] - INFO - len(per_windows_prompt):2
2024-12-23 16:52:19,371 - [Process 3/4] - INFO - res.shape is :torch.Size([64])
2024-12-23 16:52:19,571 - [Process 3/4] - INFO - len(per_windows_prompt):2
2024-12-23 16:52:26,028 - [Process 3/4] - INFO - res.shape is :torch.Size([64])
2024-12-23 16:52:26,212 - [Process 3/4] - INFO - len(per_windows_prompt):2
2024-12-23 16:52:30,844 - [Process 3/4] - INFO - res.shape is :torch.Size([20])
2024-12-23 16:52:31,096 - [Process 3/4] - INFO - len(per_windows_prompt):2
2024-12-23 16:52:37,673 - [Process 3/4] - INFO - res.shape is :torch.Size([64])
2024-12-23 16:52:37,927 - [Process 3/4] - INFO - len(per_windows_prompt):2
2024-12-23 16:52:44,450 - [Process 3/4] - INFO - res.shape is :torch.Size([64])
2024-12-23 16:52:44,675 - [Process 3/4] - INFO - len(per_windows_prompt):2
2024-12-23 16:52:51,197 - [Process 3/4] - INFO - res.shape is :torch.Size([64])
2024-12-23 16:52:51,411 - [Process 3/4] - INFO - len(per_windows_prompt):2
2024-12-23 16:52:57,929 - [Process 3/4] - INFO - res.shape is :torch.Size([64])
2024-12-23 16:52:58,160 - [Process 3/4] - INFO - len(per_windows_prompt):2
2024-12-23 16:53:04,740 - [Process 3/4] - INFO - res.shape is :torch.Size([64])
2024-12-23 16:53:04,952 - [Process 3/4] - INFO - len(per_windows_prompt):2
2024-12-23 16:53:11,541 - [Process 3/4] - INFO - res.shape is :torch.Size([64])
2024-12-23 16:53:11,723 - [Process 3/4] - INFO - len(per_windows_prompt):2
2024-12-23 16:53:17,853 - [Process 3/4] - INFO - res.shape is :torch.Size([64])
2024-12-23 16:53:18,079 - [Process 3/4] - INFO - len(per_windows_prompt):2
2024-12-23 16:53:22,532 - [Process 3/4] - INFO - res.shape is :torch.Size([16])
2024-12-23 16:53:22,790 - [Process 3/4] - INFO - len(per_windows_prompt):2
2024-12-23 16:53:29,194 - [Process 3/4] - INFO - res.shape is :torch.Size([64])
2024-12-23 16:53:29,412 - [Process 3/4] - INFO - len(per_windows_prompt):2
2024-12-23 16:53:35,868 - [Process 3/4] - INFO - res.shape is :torch.Size([64])
2024-12-23 16:53:36,109 - [Process 3/4] - INFO - len(per_windows_prompt):2
2024-12-23 16:53:42,573 - [Process 3/4] - INFO - res.shape is :torch.Size([64])
2024-12-23 16:53:42,826 - [Process 3/4] - INFO - len(per_windows_prompt):2
2024-12-23 16:53:49,296 - [Process 3/4] - INFO - res.shape is :torch.Size([64])
2024-12-23 16:53:49,515 - [Process 3/4] - INFO - len(per_windows_prompt):2
2024-12-23 16:53:55,937 - [Process 3/4] - INFO - res.shape is :torch.Size([64])
2024-12-23 16:53:56,147 - [Process 3/4] - INFO - len(per_windows_prompt):2
2024-12-23 16:54:02,565 - [Process 3/4] - INFO - res.shape is :torch.Size([64])
2024-12-23 16:54:02,807 - [Process 3/4] - INFO - len(per_windows_prompt):2
2024-12-23 16:54:09,204 - [Process 3/4] - INFO - res.shape is :torch.Size([64])
2024-12-23 16:54:09,355 - [Process 3/4] - INFO - len(per_windows_prompt):2
2024-12-23 16:54:12,743 - [Process 3/4] - INFO - res.shape is :torch.Size([9])
2024-12-23 16:54:12,956 - [Process 3/4] - INFO - len(per_windows_prompt):2
2024-12-23 16:54:17,326 - [Process 3/4] - INFO - res.shape is :torch.Size([15])
2024-12-23 16:54:17,513 - [Process 3/4] - INFO - len(per_windows_prompt):2
2024-12-23 16:54:23,978 - [Process 3/4] - INFO - res.shape is :torch.Size([64])
