2024-12-23 16:43:07,260 - [Process 3/4] - INFO - loading datasets finished
2024-12-23 16:43:07,260 - [Process 3/4] - INFO - model_max_len: 3950
2024-12-23 16:43:07,260 - [Process 3/4] - INFO - output_max_len: 64
2024-12-23 16:43:07,260 - [Process 3/4] - INFO - parallel_pattern: default
2024-12-23 16:43:07,287 - [Process 3/4] - INFO - Max Length is 8714
2024-12-23 16:43:07,288 - [Process 3/4] - INFO - Finish loading dataset
2024-12-23 16:43:07,288 - [Process 3/4] - INFO - get_predicted begin
2024-12-23 16:43:10,885 - [Process 3/4] - INFO - len(per_windows_prompt):1
2024-12-23 16:43:15,553 - [Process 3/4] - INFO - res.shape is :torch.Size([2])
2024-12-23 16:43:15,799 - [Process 3/4] - INFO - len(per_windows_prompt):1
2024-12-23 16:43:19,990 - [Process 3/4] - INFO - res.shape is :torch.Size([9])
2024-12-23 16:43:20,148 - [Process 3/4] - INFO - len(per_windows_prompt):1
2024-12-23 16:43:23,598 - [Process 3/4] - INFO - res.shape is :torch.Size([2])
2024-12-23 16:43:23,778 - [Process 3/4] - INFO - len(per_windows_prompt):1
2024-12-23 16:43:27,744 - [Process 3/4] - INFO - res.shape is :torch.Size([3])
2024-12-23 16:43:27,940 - [Process 3/4] - INFO - len(per_windows_prompt):1
2024-12-23 16:43:32,117 - [Process 3/4] - INFO - res.shape is :torch.Size([8])
2024-12-23 16:43:32,309 - [Process 3/4] - INFO - len(per_windows_prompt):1
2024-12-23 16:43:36,549 - [Process 3/4] - INFO - res.shape is :torch.Size([9])
2024-12-23 16:43:36,781 - [Process 3/4] - INFO - len(per_windows_prompt):1
2024-12-23 16:43:40,753 - [Process 3/4] - INFO - res.shape is :torch.Size([3])
2024-12-23 16:43:40,978 - [Process 3/4] - INFO - len(per_windows_prompt):1
2024-12-23 16:43:45,199 - [Process 3/4] - INFO - res.shape is :torch.Size([9])
2024-12-23 16:43:45,314 - [Process 3/4] - INFO - len(per_windows_prompt):1
2024-12-23 16:43:49,228 - [Process 3/4] - INFO - res.shape is :torch.Size([37])
2024-12-23 16:43:49,428 - [Process 3/4] - INFO - len(per_windows_prompt):1
2024-12-23 16:43:53,368 - [Process 3/4] - INFO - res.shape is :torch.Size([2])
2024-12-23 16:43:53,588 - [Process 3/4] - INFO - len(per_windows_prompt):1
2024-12-23 16:43:57,821 - [Process 3/4] - INFO - res.shape is :torch.Size([9])
2024-12-23 16:43:58,046 - [Process 3/4] - INFO - len(per_windows_prompt):1
2024-12-23 16:44:02,697 - [Process 3/4] - INFO - res.shape is :torch.Size([19])
2024-12-23 16:44:02,878 - [Process 3/4] - INFO - len(per_windows_prompt):1
2024-12-23 16:44:07,121 - [Process 3/4] - INFO - res.shape is :torch.Size([9])
2024-12-23 16:44:07,327 - [Process 3/4] - INFO - len(per_windows_prompt):1
2024-12-23 16:44:11,276 - [Process 3/4] - INFO - res.shape is :torch.Size([2])
2024-12-23 16:44:11,463 - [Process 3/4] - INFO - len(per_windows_prompt):1
2024-12-23 16:44:18,032 - [Process 3/4] - INFO - res.shape is :torch.Size([64])
2024-12-23 16:44:18,252 - [Process 3/4] - INFO - len(per_windows_prompt):1
2024-12-23 16:44:22,292 - [Process 3/4] - INFO - res.shape is :torch.Size([4])
2024-12-23 16:44:22,488 - [Process 3/4] - INFO - len(per_windows_prompt):1
2024-12-23 16:44:27,521 - [Process 3/4] - INFO - res.shape is :torch.Size([28])
2024-12-23 16:44:27,737 - [Process 3/4] - INFO - len(per_windows_prompt):1
2024-12-23 16:44:31,739 - [Process 3/4] - INFO - res.shape is :torch.Size([3])
2024-12-23 16:44:31,941 - [Process 3/4] - INFO - len(per_windows_prompt):1
2024-12-23 16:44:36,200 - [Process 3/4] - INFO - res.shape is :torch.Size([9])
2024-12-23 16:44:36,402 - [Process 3/4] - INFO - len(per_windows_prompt):1
2024-12-23 16:44:40,919 - [Process 3/4] - INFO - res.shape is :torch.Size([15])
2024-12-23 16:44:41,117 - [Process 3/4] - INFO - len(per_windows_prompt):1
2024-12-23 16:44:45,344 - [Process 3/4] - INFO - res.shape is :torch.Size([8])
2024-12-23 16:44:45,557 - [Process 3/4] - INFO - len(per_windows_prompt):1
2024-12-23 16:44:49,583 - [Process 3/4] - INFO - res.shape is :torch.Size([3])
2024-12-23 16:44:49,806 - [Process 3/4] - INFO - len(per_windows_prompt):1
2024-12-23 16:44:54,081 - [Process 3/4] - INFO - res.shape is :torch.Size([9])
2024-12-23 16:44:54,262 - [Process 3/4] - INFO - len(per_windows_prompt):1
2024-12-23 16:44:58,290 - [Process 3/4] - INFO - res.shape is :torch.Size([3])
2024-12-23 16:44:58,515 - [Process 3/4] - INFO - len(per_windows_prompt):1
2024-12-23 16:45:02,752 - [Process 3/4] - INFO - res.shape is :torch.Size([8])
2024-12-23 16:45:02,950 - [Process 3/4] - INFO - len(per_windows_prompt):1
2024-12-23 16:45:06,981 - [Process 3/4] - INFO - res.shape is :torch.Size([3])
2024-12-23 16:45:07,160 - [Process 3/4] - INFO - len(per_windows_prompt):1
2024-12-23 16:45:11,400 - [Process 3/4] - INFO - res.shape is :torch.Size([8])
2024-12-23 16:45:11,621 - [Process 3/4] - INFO - len(per_windows_prompt):1
2024-12-23 16:45:17,726 - [Process 3/4] - INFO - res.shape is :torch.Size([52])
2024-12-23 16:45:17,844 - [Process 3/4] - INFO - len(per_windows_prompt):1
2024-12-23 16:45:20,472 - [Process 3/4] - INFO - res.shape is :torch.Size([3])
2024-12-23 16:45:20,670 - [Process 3/4] - INFO - len(per_windows_prompt):1
2024-12-23 16:45:24,711 - [Process 3/4] - INFO - res.shape is :torch.Size([3])
2024-12-23 16:45:24,930 - [Process 3/4] - INFO - len(per_windows_prompt):1
2024-12-23 16:45:28,976 - [Process 3/4] - INFO - res.shape is :torch.Size([3])
2024-12-23 16:45:29,172 - [Process 3/4] - INFO - len(per_windows_prompt):1
2024-12-23 16:45:35,757 - [Process 3/4] - INFO - res.shape is :torch.Size([64])
2024-12-23 16:45:35,994 - [Process 3/4] - INFO - len(per_windows_prompt):1
2024-12-23 16:45:39,990 - [Process 3/4] - INFO - res.shape is :torch.Size([2])
2024-12-23 16:45:40,218 - [Process 3/4] - INFO - len(per_windows_prompt):1
2024-12-23 16:45:46,797 - [Process 3/4] - INFO - res.shape is :torch.Size([64])
2024-12-23 16:45:47,000 - [Process 3/4] - INFO - len(per_windows_prompt):1
2024-12-23 16:45:51,921 - [Process 3/4] - INFO - res.shape is :torch.Size([24])
2024-12-23 16:45:52,131 - [Process 3/4] - INFO - len(per_windows_prompt):1
2024-12-23 16:45:56,622 - [Process 3/4] - INFO - res.shape is :torch.Size([13])
2024-12-23 16:45:56,850 - [Process 3/4] - INFO - len(per_windows_prompt):1
2024-12-23 16:46:01,059 - [Process 3/4] - INFO - res.shape is :torch.Size([7])
2024-12-23 16:46:01,267 - [Process 3/4] - INFO - len(per_windows_prompt):1
2024-12-23 16:46:05,524 - [Process 3/4] - INFO - res.shape is :torch.Size([8])
2024-12-23 16:46:05,689 - [Process 3/4] - INFO - len(per_windows_prompt):1
2024-12-23 16:46:10,093 - [Process 3/4] - INFO - res.shape is :torch.Size([16])
2024-12-23 16:46:10,293 - [Process 3/4] - INFO - len(per_windows_prompt):1
2024-12-23 16:46:14,792 - [Process 3/4] - INFO - res.shape is :torch.Size([14])
2024-12-23 16:46:15,026 - [Process 3/4] - INFO - len(per_windows_prompt):1
2024-12-23 16:46:19,080 - [Process 3/4] - INFO - res.shape is :torch.Size([3])
2024-12-23 16:46:19,293 - [Process 3/4] - INFO - len(per_windows_prompt):1
2024-12-23 16:46:23,507 - [Process 3/4] - INFO - res.shape is :torch.Size([7])
2024-12-23 16:46:23,726 - [Process 3/4] - INFO - len(per_windows_prompt):1
2024-12-23 16:46:27,854 - [Process 3/4] - INFO - res.shape is :torch.Size([5])
2024-12-23 16:46:28,081 - [Process 3/4] - INFO - len(per_windows_prompt):1
2024-12-23 16:46:32,499 - [Process 3/4] - INFO - res.shape is :torch.Size([12])
2024-12-23 16:46:32,699 - [Process 3/4] - INFO - len(per_windows_prompt):1
2024-12-23 16:46:36,787 - [Process 3/4] - INFO - res.shape is :torch.Size([4])
2024-12-23 16:46:36,976 - [Process 3/4] - INFO - len(per_windows_prompt):1
2024-12-23 16:46:41,934 - [Process 3/4] - INFO - res.shape is :torch.Size([25])
2024-12-23 16:46:42,152 - [Process 3/4] - INFO - len(per_windows_prompt):1
2024-12-23 16:46:46,198 - [Process 3/4] - INFO - res.shape is :torch.Size([3])
2024-12-23 16:46:46,347 - [Process 3/4] - INFO - len(per_windows_prompt):1
2024-12-23 16:46:50,090 - [Process 3/4] - INFO - res.shape is :torch.Size([13])
2024-12-23 16:46:50,285 - [Process 3/4] - INFO - len(per_windows_prompt):1
2024-12-23 16:46:54,333 - [Process 3/4] - INFO - res.shape is :torch.Size([3])
2024-12-23 16:46:54,515 - [Process 3/4] - INFO - len(per_windows_prompt):1
2024-12-23 16:47:01,078 - [Process 3/4] - INFO - res.shape is :torch.Size([64])
