2024-12-22 06:08:22,037 - [Process 4/5] - INFO - loading datasets finished
2024-12-22 06:08:22,037 - [Process 4/5] - INFO - model_max_len: 3950
2024-12-22 06:08:22,037 - [Process 4/5] - INFO - output_max_len: 128
2024-12-22 06:08:22,114 - [Process 4/5] - INFO - Max Length is 12252
2024-12-22 06:08:22,115 - [Process 4/5] - INFO - Finish loading dataset
2024-12-22 06:08:22,115 - [Process 4/5] - INFO - get_predicted begin
2024-12-22 06:08:26,898 - [Process 4/5] - INFO - len(per_windows_prompt):2
2024-12-22 06:08:33,261 - [Process 4/5] - INFO - res.shape is :torch.Size([37])
2024-12-22 06:08:33,450 - [Process 4/5] - INFO - len(per_windows_prompt):2
2024-12-22 06:08:39,943 - [Process 4/5] - INFO - res.shape is :torch.Size([52])
2024-12-22 06:08:40,177 - [Process 4/5] - INFO - len(per_windows_prompt):2
2024-12-22 06:08:47,261 - [Process 4/5] - INFO - res.shape is :torch.Size([70])
2024-12-22 06:08:47,469 - [Process 4/5] - INFO - len(per_windows_prompt):2
2024-12-22 06:08:51,654 - [Process 4/5] - INFO - res.shape is :torch.Size([12])
2024-12-22 06:08:51,909 - [Process 4/5] - INFO - len(per_windows_prompt):2
2024-12-22 06:08:57,525 - [Process 4/5] - INFO - res.shape is :torch.Size([45])
2024-12-22 06:08:57,679 - [Process 4/5] - INFO - len(per_windows_prompt):2
2024-12-22 06:09:02,112 - [Process 4/5] - INFO - res.shape is :torch.Size([29])
2024-12-22 06:09:02,372 - [Process 4/5] - INFO - len(per_windows_prompt):2
2024-12-22 06:09:07,135 - [Process 4/5] - INFO - res.shape is :torch.Size([25])
2024-12-22 06:09:07,365 - [Process 4/5] - INFO - len(per_windows_prompt):2
2024-12-22 06:09:11,651 - [Process 4/5] - INFO - res.shape is :torch.Size([15])
2024-12-22 06:09:11,840 - [Process 4/5] - INFO - len(per_windows_prompt):2
2024-12-22 06:09:16,242 - [Process 4/5] - INFO - res.shape is :torch.Size([17])
2024-12-22 06:09:16,461 - [Process 4/5] - INFO - len(per_windows_prompt):2
2024-12-22 06:09:22,977 - [Process 4/5] - INFO - res.shape is :torch.Size([58])
2024-12-22 06:09:23,233 - [Process 4/5] - INFO - len(per_windows_prompt):2
2024-12-22 06:09:30,148 - [Process 4/5] - INFO - res.shape is :torch.Size([65])
2024-12-22 06:09:30,298 - [Process 4/5] - INFO - len(per_windows_prompt):2
2024-12-22 06:09:35,134 - [Process 4/5] - INFO - res.shape is :torch.Size([43])
2024-12-22 06:09:35,361 - [Process 4/5] - INFO - len(per_windows_prompt):2
2024-12-22 06:09:39,681 - [Process 4/5] - INFO - res.shape is :torch.Size([14])
2024-12-22 06:09:39,939 - [Process 4/5] - INFO - len(per_windows_prompt):2
2024-12-22 06:09:44,849 - [Process 4/5] - INFO - res.shape is :torch.Size([24])
2024-12-22 06:09:45,044 - [Process 4/5] - INFO - len(per_windows_prompt):2
2024-12-22 06:09:51,247 - [Process 4/5] - INFO - res.shape is :torch.Size([53])
2024-12-22 06:09:51,440 - [Process 4/5] - INFO - len(per_windows_prompt):2
2024-12-22 06:09:57,765 - [Process 4/5] - INFO - res.shape is :torch.Size([49])
2024-12-22 06:09:58,007 - [Process 4/5] - INFO - len(per_windows_prompt):2
2024-12-22 06:10:03,066 - [Process 4/5] - INFO - res.shape is :torch.Size([27])
2024-12-22 06:10:03,255 - [Process 4/5] - INFO - len(per_windows_prompt):2
2024-12-22 06:10:08,354 - [Process 4/5] - INFO - res.shape is :torch.Size([32])
2024-12-22 06:10:08,617 - [Process 4/5] - INFO - len(per_windows_prompt):2
2024-12-22 06:10:15,720 - [Process 4/5] - INFO - res.shape is :torch.Size([67])
2024-12-22 06:10:15,904 - [Process 4/5] - INFO - len(per_windows_prompt):2
2024-12-22 06:10:21,048 - [Process 4/5] - INFO - res.shape is :torch.Size([27])
2024-12-22 06:10:21,301 - [Process 4/5] - INFO - len(per_windows_prompt):2
2024-12-22 06:10:26,255 - [Process 4/5] - INFO - res.shape is :torch.Size([25])
2024-12-22 06:10:26,449 - [Process 4/5] - INFO - len(per_windows_prompt):2
2024-12-22 06:10:30,874 - [Process 4/5] - INFO - res.shape is :torch.Size([18])
2024-12-22 06:10:31,120 - [Process 4/5] - INFO - len(per_windows_prompt):2
2024-12-22 06:10:37,172 - [Process 4/5] - INFO - res.shape is :torch.Size([48])
2024-12-22 06:10:37,365 - [Process 4/5] - INFO - len(per_windows_prompt):2
2024-12-22 06:10:43,149 - [Process 4/5] - INFO - res.shape is :torch.Size([45])
2024-12-22 06:10:43,331 - [Process 4/5] - INFO - len(per_windows_prompt):2
2024-12-22 06:10:49,037 - [Process 4/5] - INFO - res.shape is :torch.Size([41])
2024-12-22 06:10:49,279 - [Process 4/5] - INFO - len(per_windows_prompt):2
2024-12-22 06:10:54,292 - [Process 4/5] - INFO - res.shape is :torch.Size([25])
2024-12-22 06:10:54,549 - [Process 4/5] - INFO - len(per_windows_prompt):2
2024-12-22 06:11:00,085 - [Process 4/5] - INFO - res.shape is :torch.Size([40])
2024-12-22 06:11:00,294 - [Process 4/5] - INFO - len(per_windows_prompt):2
2024-12-22 06:11:06,103 - [Process 4/5] - INFO - res.shape is :torch.Size([41])
2024-12-22 06:11:06,289 - [Process 4/5] - INFO - len(per_windows_prompt):2
2024-12-22 06:11:11,641 - [Process 4/5] - INFO - res.shape is :torch.Size([31])
2024-12-22 06:11:11,878 - [Process 4/5] - INFO - len(per_windows_prompt):2
2024-12-22 06:11:15,993 - [Process 4/5] - INFO - res.shape is :torch.Size([9])
2024-12-22 06:11:16,195 - [Process 4/5] - INFO - len(per_windows_prompt):2
2024-12-22 06:11:21,798 - [Process 4/5] - INFO - res.shape is :torch.Size([39])
2024-12-22 06:11:22,058 - [Process 4/5] - INFO - len(per_windows_prompt):2
2024-12-22 06:11:27,887 - [Process 4/5] - INFO - res.shape is :torch.Size([47])
2024-12-22 06:11:28,096 - [Process 4/5] - INFO - len(per_windows_prompt):2
2024-12-22 06:11:32,443 - [Process 4/5] - INFO - res.shape is :torch.Size([14])
2024-12-22 06:11:32,669 - [Process 4/5] - INFO - len(per_windows_prompt):2
2024-12-22 06:11:38,210 - [Process 4/5] - INFO - res.shape is :torch.Size([36])
2024-12-22 06:11:38,303 - [Process 4/5] - INFO - len(per_windows_prompt):2
2024-12-22 06:11:40,872 - [Process 4/5] - INFO - res.shape is :torch.Size([17])
2024-12-22 06:11:41,120 - [Process 4/5] - INFO - len(per_windows_prompt):2
2024-12-22 06:11:45,872 - [Process 4/5] - INFO - res.shape is :torch.Size([24])
2024-12-22 06:11:46,106 - [Process 4/5] - INFO - len(per_windows_prompt):2
2024-12-22 06:11:50,237 - [Process 4/5] - INFO - res.shape is :torch.Size([10])
2024-12-22 06:11:50,506 - [Process 4/5] - INFO - len(per_windows_prompt):2
2024-12-22 06:11:55,155 - [Process 4/5] - INFO - res.shape is :torch.Size([21])
2024-12-22 06:11:55,360 - [Process 4/5] - INFO - len(per_windows_prompt):2
2024-12-22 06:12:00,933 - [Process 4/5] - INFO - res.shape is :torch.Size([35])
2024-12-22 06:12:01,214 - [Process 4/5] - INFO - len(per_windows_prompt):2
2024-12-22 06:12:05,851 - [Process 4/5] - INFO - res.shape is :torch.Size([22])
