2024-12-22 06:01:11,717 - [Process 2/5] - INFO - loading datasets finished
2024-12-22 06:01:11,717 - [Process 2/5] - INFO - model_max_len: 3950
2024-12-22 06:01:11,717 - [Process 2/5] - INFO - output_max_len: 512
2024-12-22 06:01:11,747 - [Process 2/5] - INFO - Max Length is 24585
2024-12-22 06:01:11,747 - [Process 2/5] - INFO - Finish loading dataset
2024-12-22 06:01:11,748 - [Process 2/5] - INFO - get_predicted begin
2024-12-22 06:01:16,506 - [Process 2/5] - INFO - len(per_windows_prompt):2
2024-12-22 06:01:23,879 - [Process 2/5] - INFO - res.shape is :torch.Size([78])
2024-12-22 06:01:24,113 - [Process 2/5] - INFO - len(per_windows_prompt):2
2024-12-22 06:01:30,656 - [Process 2/5] - INFO - res.shape is :torch.Size([73])
2024-12-22 06:01:30,811 - [Process 2/5] - INFO - len(per_windows_prompt):2
2024-12-22 06:01:37,626 - [Process 2/5] - INFO - res.shape is :torch.Size([78])
2024-12-22 06:01:37,757 - [Process 2/5] - INFO - len(per_windows_prompt):2
2024-12-22 06:01:44,084 - [Process 2/5] - INFO - res.shape is :torch.Size([67])
2024-12-22 06:01:44,241 - [Process 2/5] - INFO - len(per_windows_prompt):2
2024-12-22 06:01:49,308 - [Process 2/5] - INFO - res.shape is :torch.Size([34])
2024-12-22 06:01:49,441 - [Process 2/5] - INFO - len(per_windows_prompt):2
2024-12-22 06:01:57,018 - [Process 2/5] - INFO - res.shape is :torch.Size([98])
2024-12-22 06:01:57,136 - [Process 2/5] - INFO - len(per_windows_prompt):2
2024-12-22 06:02:03,138 - [Process 2/5] - INFO - res.shape is :torch.Size([58])
2024-12-22 06:02:03,369 - [Process 2/5] - INFO - len(per_windows_prompt):2
2024-12-22 06:02:10,700 - [Process 2/5] - INFO - res.shape is :torch.Size([92])
2024-12-22 06:02:10,880 - [Process 2/5] - INFO - len(per_windows_prompt):2
2024-12-22 06:02:16,689 - [Process 2/5] - INFO - res.shape is :torch.Size([52])
2024-12-22 06:02:16,922 - [Process 2/5] - INFO - len(per_windows_prompt):2
2024-12-22 06:02:22,330 - [Process 2/5] - INFO - res.shape is :torch.Size([44])
2024-12-22 06:02:22,485 - [Process 2/5] - INFO - len(per_windows_prompt):2
2024-12-22 06:02:29,676 - [Process 2/5] - INFO - res.shape is :torch.Size([87])
2024-12-22 06:02:29,791 - [Process 2/5] - INFO - len(per_windows_prompt):2
2024-12-22 06:02:36,314 - [Process 2/5] - INFO - res.shape is :torch.Size([72])
2024-12-22 06:02:36,459 - [Process 2/5] - INFO - len(per_windows_prompt):2
2024-12-22 06:02:42,759 - [Process 2/5] - INFO - res.shape is :torch.Size([65])
2024-12-22 06:02:42,915 - [Process 2/5] - INFO - len(per_windows_prompt):2
2024-12-22 06:02:53,341 - [Process 2/5] - INFO - res.shape is :torch.Size([167])
2024-12-22 06:02:53,501 - [Process 2/5] - INFO - len(per_windows_prompt):2
2024-12-22 06:03:00,078 - [Process 2/5] - INFO - res.shape is :torch.Size([75])
2024-12-22 06:03:00,258 - [Process 2/5] - INFO - len(per_windows_prompt):2
2024-12-22 06:03:05,918 - [Process 2/5] - INFO - res.shape is :torch.Size([48])
2024-12-22 06:03:06,042 - [Process 2/5] - INFO - len(per_windows_prompt):2
2024-12-22 06:03:14,477 - [Process 2/5] - INFO - res.shape is :torch.Size([119])
2024-12-22 06:03:14,631 - [Process 2/5] - INFO - len(per_windows_prompt):2
2024-12-22 06:03:20,830 - [Process 2/5] - INFO - res.shape is :torch.Size([62])
2024-12-22 06:03:20,986 - [Process 2/5] - INFO - len(per_windows_prompt):2
2024-12-22 06:03:26,594 - [Process 2/5] - INFO - res.shape is :torch.Size([47])
2024-12-22 06:03:26,749 - [Process 2/5] - INFO - len(per_windows_prompt):2
2024-12-22 06:03:35,011 - [Process 2/5] - INFO - res.shape is :torch.Size([113])
2024-12-22 06:03:35,145 - [Process 2/5] - INFO - len(per_windows_prompt):2
2024-12-22 06:03:42,385 - [Process 2/5] - INFO - res.shape is :torch.Size([89])
2024-12-22 06:03:42,511 - [Process 2/5] - INFO - len(per_windows_prompt):2
2024-12-22 06:03:47,391 - [Process 2/5] - INFO - res.shape is :torch.Size([29])
2024-12-22 06:03:47,506 - [Process 2/5] - INFO - len(per_windows_prompt):2
2024-12-22 06:03:54,796 - [Process 2/5] - INFO - res.shape is :torch.Size([89])
2024-12-22 06:03:54,954 - [Process 2/5] - INFO - len(per_windows_prompt):2
2024-12-22 06:04:00,068 - [Process 2/5] - INFO - res.shape is :torch.Size([35])
2024-12-22 06:04:00,224 - [Process 2/5] - INFO - len(per_windows_prompt):2
2024-12-22 06:04:05,423 - [Process 2/5] - INFO - res.shape is :torch.Size([37])
2024-12-22 06:04:05,562 - [Process 2/5] - INFO - len(per_windows_prompt):2
2024-12-22 06:04:12,032 - [Process 2/5] - INFO - res.shape is :torch.Size([70])
2024-12-22 06:04:12,189 - [Process 2/5] - INFO - len(per_windows_prompt):2
2024-12-22 06:04:21,010 - [Process 2/5] - INFO - res.shape is :torch.Size([127])
2024-12-22 06:04:21,167 - [Process 2/5] - INFO - len(per_windows_prompt):2
2024-12-22 06:04:29,210 - [Process 2/5] - INFO - res.shape is :torch.Size([108])
2024-12-22 06:04:29,328 - [Process 2/5] - INFO - len(per_windows_prompt):2
2024-12-22 06:04:34,685 - [Process 2/5] - INFO - res.shape is :torch.Size([41])
2024-12-22 06:04:34,848 - [Process 2/5] - INFO - len(per_windows_prompt):2
2024-12-22 06:04:41,612 - [Process 2/5] - INFO - res.shape is :torch.Size([76])
2024-12-22 06:04:41,746 - [Process 2/5] - INFO - len(per_windows_prompt):2
2024-12-22 06:04:50,106 - [Process 2/5] - INFO - res.shape is :torch.Size([117])
2024-12-22 06:04:50,253 - [Process 2/5] - INFO - len(per_windows_prompt):2
2024-12-22 06:04:58,629 - [Process 2/5] - INFO - res.shape is :torch.Size([116])
2024-12-22 06:04:58,810 - [Process 2/5] - INFO - len(per_windows_prompt):2
2024-12-22 06:05:04,600 - [Process 2/5] - INFO - res.shape is :torch.Size([51])
2024-12-22 06:05:04,757 - [Process 2/5] - INFO - len(per_windows_prompt):2
2024-12-22 06:05:12,285 - [Process 2/5] - INFO - res.shape is :torch.Size([95])
2024-12-22 06:05:12,419 - [Process 2/5] - INFO - len(per_windows_prompt):2
2024-12-22 06:05:20,767 - [Process 2/5] - INFO - res.shape is :torch.Size([116])
2024-12-22 06:05:20,923 - [Process 2/5] - INFO - len(per_windows_prompt):2
2024-12-22 06:05:27,338 - [Process 2/5] - INFO - res.shape is :torch.Size([68])
2024-12-22 06:05:27,482 - [Process 2/5] - INFO - len(per_windows_prompt):2
2024-12-22 06:05:33,200 - [Process 2/5] - INFO - res.shape is :torch.Size([50])
2024-12-22 06:05:33,342 - [Process 2/5] - INFO - len(per_windows_prompt):2
2024-12-22 06:05:40,185 - [Process 2/5] - INFO - res.shape is :torch.Size([79])
2024-12-22 06:05:40,340 - [Process 2/5] - INFO - len(per_windows_prompt):2
2024-12-22 06:05:47,046 - [Process 2/5] - INFO - res.shape is :torch.Size([75])
2024-12-22 06:05:47,305 - [Process 2/5] - INFO - len(per_windows_prompt):2
2024-12-22 06:05:51,670 - [Process 2/5] - INFO - res.shape is :torch.Size([17])
