2024-12-22 05:56:12,846 - [Process 0/5] - INFO - loading datasets finished
2024-12-22 05:56:12,847 - [Process 0/5] - INFO - model_max_len: 3950
2024-12-22 05:56:12,847 - [Process 0/5] - INFO - output_max_len: 32
2024-12-22 05:56:12,921 - [Process 0/5] - INFO - Max Length is 11516
2024-12-22 05:56:12,921 - [Process 0/5] - INFO - Finish loading dataset
2024-12-22 05:56:12,922 - [Process 0/5] - INFO - get_predicted begin
2024-12-22 05:56:17,696 - [Process 0/5] - INFO - len(per_windows_prompt):2
2024-12-22 05:56:22,454 - [Process 0/5] - INFO - res.shape is :torch.Size([6])
2024-12-22 05:56:22,717 - [Process 0/5] - INFO - len(per_windows_prompt):2
2024-12-22 05:56:26,670 - [Process 0/5] - INFO - res.shape is :torch.Size([6])
2024-12-22 05:56:26,924 - [Process 0/5] - INFO - len(per_windows_prompt):2
2024-12-22 05:56:30,833 - [Process 0/5] - INFO - res.shape is :torch.Size([3])
2024-12-22 05:56:31,082 - [Process 0/5] - INFO - len(per_windows_prompt):2
2024-12-22 05:56:35,162 - [Process 0/5] - INFO - res.shape is :torch.Size([6])
2024-12-22 05:56:35,409 - [Process 0/5] - INFO - len(per_windows_prompt):2
2024-12-22 05:56:39,414 - [Process 0/5] - INFO - res.shape is :torch.Size([3])
2024-12-22 05:56:39,659 - [Process 0/5] - INFO - len(per_windows_prompt):2
2024-12-22 05:56:43,583 - [Process 0/5] - INFO - res.shape is :torch.Size([3])
2024-12-22 05:56:43,825 - [Process 0/5] - INFO - len(per_windows_prompt):2
2024-12-22 05:56:47,790 - [Process 0/5] - INFO - res.shape is :torch.Size([3])
2024-12-22 05:56:48,033 - [Process 0/5] - INFO - len(per_windows_prompt):2
2024-12-22 05:56:51,977 - [Process 0/5] - INFO - res.shape is :torch.Size([3])
2024-12-22 05:56:52,208 - [Process 0/5] - INFO - len(per_windows_prompt):2
2024-12-22 05:56:56,134 - [Process 0/5] - INFO - res.shape is :torch.Size([3])
2024-12-22 05:56:56,392 - [Process 0/5] - INFO - len(per_windows_prompt):2
2024-12-22 05:57:00,296 - [Process 0/5] - INFO - res.shape is :torch.Size([6])
2024-12-22 05:57:00,542 - [Process 0/5] - INFO - len(per_windows_prompt):2
2024-12-22 05:57:04,720 - [Process 0/5] - INFO - res.shape is :torch.Size([6])
2024-12-22 05:57:04,975 - [Process 0/5] - INFO - len(per_windows_prompt):2
2024-12-22 05:57:09,204 - [Process 0/5] - INFO - res.shape is :torch.Size([6])
2024-12-22 05:57:09,450 - [Process 0/5] - INFO - len(per_windows_prompt):2
2024-12-22 05:57:13,489 - [Process 0/5] - INFO - res.shape is :torch.Size([3])
2024-12-22 05:57:13,743 - [Process 0/5] - INFO - len(per_windows_prompt):2
2024-12-22 05:57:17,930 - [Process 0/5] - INFO - res.shape is :torch.Size([5])
2024-12-22 05:57:18,201 - [Process 0/5] - INFO - len(per_windows_prompt):2
2024-12-22 05:57:22,241 - [Process 0/5] - INFO - res.shape is :torch.Size([3])
2024-12-22 05:57:22,493 - [Process 0/5] - INFO - len(per_windows_prompt):2
2024-12-22 05:57:26,546 - [Process 0/5] - INFO - res.shape is :torch.Size([3])
2024-12-22 05:57:26,791 - [Process 0/5] - INFO - len(per_windows_prompt):2
2024-12-22 05:57:30,904 - [Process 0/5] - INFO - res.shape is :torch.Size([3])
2024-12-22 05:57:31,151 - [Process 0/5] - INFO - len(per_windows_prompt):2
2024-12-22 05:57:35,292 - [Process 0/5] - INFO - res.shape is :torch.Size([5])
2024-12-22 05:57:35,540 - [Process 0/5] - INFO - len(per_windows_prompt):2
2024-12-22 05:57:39,452 - [Process 0/5] - INFO - res.shape is :torch.Size([3])
2024-12-22 05:57:39,717 - [Process 0/5] - INFO - len(per_windows_prompt):2
2024-12-22 05:57:43,546 - [Process 0/5] - INFO - res.shape is :torch.Size([2])
2024-12-22 05:57:43,797 - [Process 0/5] - INFO - len(per_windows_prompt):2
2024-12-22 05:57:47,912 - [Process 0/5] - INFO - res.shape is :torch.Size([3])
2024-12-22 05:57:48,166 - [Process 0/5] - INFO - len(per_windows_prompt):2
2024-12-22 05:57:52,119 - [Process 0/5] - INFO - res.shape is :torch.Size([3])
2024-12-22 05:57:52,361 - [Process 0/5] - INFO - len(per_windows_prompt):2
2024-12-22 05:57:56,401 - [Process 0/5] - INFO - res.shape is :torch.Size([3])
2024-12-22 05:57:56,648 - [Process 0/5] - INFO - len(per_windows_prompt):2
2024-12-22 05:58:00,718 - [Process 0/5] - INFO - res.shape is :torch.Size([3])
2024-12-22 05:58:00,958 - [Process 0/5] - INFO - len(per_windows_prompt):2
2024-12-22 05:58:04,923 - [Process 0/5] - INFO - res.shape is :torch.Size([3])
2024-12-22 05:58:05,157 - [Process 0/5] - INFO - len(per_windows_prompt):2
2024-12-22 05:58:09,180 - [Process 0/5] - INFO - res.shape is :torch.Size([3])
2024-12-22 05:58:09,441 - [Process 0/5] - INFO - len(per_windows_prompt):2
2024-12-22 05:58:13,436 - [Process 0/5] - INFO - res.shape is :torch.Size([3])
2024-12-22 05:58:13,683 - [Process 0/5] - INFO - len(per_windows_prompt):2
2024-12-22 05:58:17,777 - [Process 0/5] - INFO - res.shape is :torch.Size([6])
2024-12-22 05:58:18,032 - [Process 0/5] - INFO - len(per_windows_prompt):2
2024-12-22 05:58:22,119 - [Process 0/5] - INFO - res.shape is :torch.Size([5])
2024-12-22 05:58:22,346 - [Process 0/5] - INFO - len(per_windows_prompt):2
2024-12-22 05:58:26,373 - [Process 0/5] - INFO - res.shape is :torch.Size([3])
2024-12-22 05:58:26,629 - [Process 0/5] - INFO - len(per_windows_prompt):2
2024-12-22 05:58:30,620 - [Process 0/5] - INFO - res.shape is :torch.Size([5])
2024-12-22 05:58:30,861 - [Process 0/5] - INFO - len(per_windows_prompt):2
2024-12-22 05:58:34,930 - [Process 0/5] - INFO - res.shape is :torch.Size([6])
2024-12-22 05:58:35,190 - [Process 0/5] - INFO - len(per_windows_prompt):2
2024-12-22 05:58:39,071 - [Process 0/5] - INFO - res.shape is :torch.Size([3])
2024-12-22 05:58:39,305 - [Process 0/5] - INFO - len(per_windows_prompt):2
2024-12-22 05:58:43,330 - [Process 0/5] - INFO - res.shape is :torch.Size([3])
2024-12-22 05:58:43,583 - [Process 0/5] - INFO - len(per_windows_prompt):2
2024-12-22 05:58:47,608 - [Process 0/5] - INFO - res.shape is :torch.Size([3])
2024-12-22 05:58:47,859 - [Process 0/5] - INFO - len(per_windows_prompt):2
2024-12-22 05:58:51,927 - [Process 0/5] - INFO - res.shape is :torch.Size([6])
2024-12-22 05:58:52,183 - [Process 0/5] - INFO - len(per_windows_prompt):2
2024-12-22 05:58:56,335 - [Process 0/5] - INFO - res.shape is :torch.Size([6])
2024-12-22 05:58:56,581 - [Process 0/5] - INFO - len(per_windows_prompt):2
2024-12-22 05:59:00,634 - [Process 0/5] - INFO - res.shape is :torch.Size([3])
2024-12-22 05:59:00,897 - [Process 0/5] - INFO - len(per_windows_prompt):2
2024-12-22 05:59:05,064 - [Process 0/5] - INFO - res.shape is :torch.Size([6])
2024-12-22 05:59:05,302 - [Process 0/5] - INFO - len(per_windows_prompt):2
2024-12-22 05:59:09,284 - [Process 0/5] - INFO - res.shape is :torch.Size([3])
