2024-12-22 12:13:45,326 - [Process 4/5] - INFO - loading datasets finished
2024-12-22 12:13:45,327 - [Process 4/5] - INFO - model_max_len: 3950
2024-12-22 12:13:45,327 - [Process 4/5] - INFO - output_max_len: 64
2024-12-22 12:13:45,327 - [Process 4/5] - INFO - parallel_pattern: every_window_no_query_input_query
2024-12-22 12:13:45,353 - [Process 4/5] - INFO - Max Length is 8714
2024-12-22 12:13:45,353 - [Process 4/5] - INFO - Finish loading dataset
2024-12-22 12:13:45,354 - [Process 4/5] - INFO - get_predicted begin
2024-12-22 12:13:50,186 - [Process 4/5] - INFO - len(per_windows_prompt):2
2024-12-22 12:13:57,480 - [Process 4/5] - INFO - res.shape is :torch.Size([64])
2024-12-22 12:13:57,732 - [Process 4/5] - INFO - len(per_windows_prompt):2
2024-12-22 12:14:04,214 - [Process 4/5] - INFO - res.shape is :torch.Size([64])
2024-12-22 12:14:04,415 - [Process 4/5] - INFO - len(per_windows_prompt):2
2024-12-22 12:14:10,939 - [Process 4/5] - INFO - res.shape is :torch.Size([64])
2024-12-22 12:14:11,164 - [Process 4/5] - INFO - len(per_windows_prompt):2
2024-12-22 12:14:17,681 - [Process 4/5] - INFO - res.shape is :torch.Size([64])
2024-12-22 12:14:17,888 - [Process 4/5] - INFO - len(per_windows_prompt):2
2024-12-22 12:14:24,381 - [Process 4/5] - INFO - res.shape is :torch.Size([64])
2024-12-22 12:14:24,623 - [Process 4/5] - INFO - len(per_windows_prompt):2
2024-12-22 12:14:31,163 - [Process 4/5] - INFO - res.shape is :torch.Size([64])
2024-12-22 12:14:31,376 - [Process 4/5] - INFO - len(per_windows_prompt):2
2024-12-22 12:14:37,909 - [Process 4/5] - INFO - res.shape is :torch.Size([64])
2024-12-22 12:14:38,147 - [Process 4/5] - INFO - len(per_windows_prompt):2
2024-12-22 12:14:44,704 - [Process 4/5] - INFO - res.shape is :torch.Size([64])
2024-12-22 12:14:44,926 - [Process 4/5] - INFO - len(per_windows_prompt):2
2024-12-22 12:14:51,460 - [Process 4/5] - INFO - res.shape is :torch.Size([64])
2024-12-22 12:14:51,680 - [Process 4/5] - INFO - len(per_windows_prompt):2
2024-12-22 12:14:58,184 - [Process 4/5] - INFO - res.shape is :torch.Size([64])
2024-12-22 12:14:58,386 - [Process 4/5] - INFO - len(per_windows_prompt):2
2024-12-22 12:15:04,917 - [Process 4/5] - INFO - res.shape is :torch.Size([64])
2024-12-22 12:15:05,136 - [Process 4/5] - INFO - len(per_windows_prompt):2
2024-12-22 12:15:11,688 - [Process 4/5] - INFO - res.shape is :torch.Size([64])
2024-12-22 12:15:11,916 - [Process 4/5] - INFO - len(per_windows_prompt):2
2024-12-22 12:15:18,452 - [Process 4/5] - INFO - res.shape is :torch.Size([64])
2024-12-22 12:15:18,635 - [Process 4/5] - INFO - len(per_windows_prompt):2
2024-12-22 12:15:25,182 - [Process 4/5] - INFO - res.shape is :torch.Size([64])
2024-12-22 12:15:25,410 - [Process 4/5] - INFO - len(per_windows_prompt):2
2024-12-22 12:15:31,940 - [Process 4/5] - INFO - res.shape is :torch.Size([64])
2024-12-22 12:15:32,141 - [Process 4/5] - INFO - len(per_windows_prompt):2
2024-12-22 12:15:38,548 - [Process 4/5] - INFO - res.shape is :torch.Size([64])
2024-12-22 12:15:38,731 - [Process 4/5] - INFO - len(per_windows_prompt):2
2024-12-22 12:15:45,136 - [Process 4/5] - INFO - res.shape is :torch.Size([64])
2024-12-22 12:15:45,366 - [Process 4/5] - INFO - len(per_windows_prompt):2
2024-12-22 12:15:51,749 - [Process 4/5] - INFO - res.shape is :torch.Size([64])
2024-12-22 12:15:51,877 - [Process 4/5] - INFO - len(per_windows_prompt):2
2024-12-22 12:15:56,829 - [Process 4/5] - INFO - res.shape is :torch.Size([64])
2024-12-22 12:15:57,008 - [Process 4/5] - INFO - len(per_windows_prompt):2
2024-12-22 12:16:03,349 - [Process 4/5] - INFO - res.shape is :torch.Size([64])
2024-12-22 12:16:03,556 - [Process 4/5] - INFO - len(per_windows_prompt):2
2024-12-22 12:16:10,008 - [Process 4/5] - INFO - res.shape is :torch.Size([64])
2024-12-22 12:16:10,206 - [Process 4/5] - INFO - len(per_windows_prompt):2
2024-12-22 12:16:16,702 - [Process 4/5] - INFO - res.shape is :torch.Size([64])
2024-12-22 12:16:16,954 - [Process 4/5] - INFO - len(per_windows_prompt):2
2024-12-22 12:16:23,503 - [Process 4/5] - INFO - res.shape is :torch.Size([64])
2024-12-22 12:16:23,755 - [Process 4/5] - INFO - len(per_windows_prompt):2
2024-12-22 12:16:30,289 - [Process 4/5] - INFO - res.shape is :torch.Size([64])
2024-12-22 12:16:30,511 - [Process 4/5] - INFO - len(per_windows_prompt):2
2024-12-22 12:16:37,038 - [Process 4/5] - INFO - res.shape is :torch.Size([64])
2024-12-22 12:16:37,232 - [Process 4/5] - INFO - len(per_windows_prompt):2
2024-12-22 12:16:43,757 - [Process 4/5] - INFO - res.shape is :torch.Size([64])
2024-12-22 12:16:43,968 - [Process 4/5] - INFO - len(per_windows_prompt):2
2024-12-22 12:16:50,534 - [Process 4/5] - INFO - res.shape is :torch.Size([64])
2024-12-22 12:16:50,725 - [Process 4/5] - INFO - len(per_windows_prompt):2
2024-12-22 12:16:57,300 - [Process 4/5] - INFO - res.shape is :torch.Size([64])
2024-12-22 12:16:57,467 - [Process 4/5] - INFO - len(per_windows_prompt):2
2024-12-22 12:17:03,640 - [Process 4/5] - INFO - res.shape is :torch.Size([64])
2024-12-22 12:17:03,844 - [Process 4/5] - INFO - len(per_windows_prompt):2
2024-12-22 12:17:10,429 - [Process 4/5] - INFO - res.shape is :torch.Size([64])
2024-12-22 12:17:10,668 - [Process 4/5] - INFO - len(per_windows_prompt):2
2024-12-22 12:17:17,177 - [Process 4/5] - INFO - res.shape is :torch.Size([64])
2024-12-22 12:17:17,376 - [Process 4/5] - INFO - len(per_windows_prompt):2
2024-12-22 12:17:23,946 - [Process 4/5] - INFO - res.shape is :torch.Size([64])
2024-12-22 12:17:24,170 - [Process 4/5] - INFO - len(per_windows_prompt):2
2024-12-22 12:17:30,739 - [Process 4/5] - INFO - res.shape is :torch.Size([64])
2024-12-22 12:17:30,973 - [Process 4/5] - INFO - len(per_windows_prompt):2
2024-12-22 12:17:37,526 - [Process 4/5] - INFO - res.shape is :torch.Size([64])
2024-12-22 12:17:37,727 - [Process 4/5] - INFO - len(per_windows_prompt):2
2024-12-22 12:17:44,232 - [Process 4/5] - INFO - res.shape is :torch.Size([64])
2024-12-22 12:17:44,425 - [Process 4/5] - INFO - len(per_windows_prompt):2
2024-12-22 12:17:50,931 - [Process 4/5] - INFO - res.shape is :torch.Size([64])
2024-12-22 12:17:51,152 - [Process 4/5] - INFO - len(per_windows_prompt):2
2024-12-22 12:17:57,631 - [Process 4/5] - INFO - res.shape is :torch.Size([64])
2024-12-22 12:17:57,781 - [Process 4/5] - INFO - len(per_windows_prompt):2
2024-12-22 12:18:03,658 - [Process 4/5] - INFO - res.shape is :torch.Size([64])
2024-12-22 12:18:03,856 - [Process 4/5] - INFO - len(per_windows_prompt):2
2024-12-22 12:18:10,444 - [Process 4/5] - INFO - res.shape is :torch.Size([64])
2024-12-22 12:18:10,631 - [Process 4/5] - INFO - len(per_windows_prompt):2
2024-12-22 12:18:17,038 - [Process 4/5] - INFO - res.shape is :torch.Size([64])
