2024-12-22 04:29:51,431 - [Process 3/5] - INFO - loading datasets finished
2024-12-22 04:29:51,432 - [Process 3/5] - INFO - model_max_len: 3950
2024-12-22 04:29:51,432 - [Process 3/5] - INFO - output_max_len: 64
2024-12-22 04:29:51,544 - [Process 3/5] - INFO - Max Length is 18754
2024-12-22 04:29:51,545 - [Process 3/5] - INFO - Finish loading dataset
2024-12-22 04:29:51,546 - [Process 3/5] - INFO - get_predicted begin
2024-12-22 04:29:56,278 - [Process 3/5] - INFO - len(per_windows_prompt):2
2024-12-22 04:30:05,795 - [Process 3/5] - INFO - res.shape is :torch.Size([64])
2024-12-22 04:30:05,982 - [Process 3/5] - INFO - len(per_windows_prompt):2
2024-12-22 04:30:14,180 - [Process 3/5] - INFO - res.shape is :torch.Size([64])
2024-12-22 04:30:14,477 - [Process 3/5] - INFO - len(per_windows_prompt):2
2024-12-22 04:30:21,924 - [Process 3/5] - INFO - res.shape is :torch.Size([64])
2024-12-22 04:30:22,145 - [Process 3/5] - INFO - len(per_windows_prompt):2
2024-12-22 04:30:29,644 - [Process 3/5] - INFO - res.shape is :torch.Size([64])
2024-12-22 04:30:29,872 - [Process 3/5] - INFO - len(per_windows_prompt):2
2024-12-22 04:30:37,721 - [Process 3/5] - INFO - res.shape is :torch.Size([64])
2024-12-22 04:30:37,961 - [Process 3/5] - INFO - len(per_windows_prompt):2
2024-12-22 04:30:46,101 - [Process 3/5] - INFO - res.shape is :torch.Size([64])
2024-12-22 04:30:46,373 - [Process 3/5] - INFO - len(per_windows_prompt):2
2024-12-22 04:30:54,683 - [Process 3/5] - INFO - res.shape is :torch.Size([64])
2024-12-22 04:30:55,049 - [Process 3/5] - INFO - len(per_windows_prompt):2
2024-12-22 04:31:04,529 - [Process 3/5] - INFO - res.shape is :torch.Size([64])
2024-12-22 04:31:04,716 - [Process 3/5] - INFO - len(per_windows_prompt):2
2024-12-22 04:31:12,210 - [Process 3/5] - INFO - res.shape is :torch.Size([64])
2024-12-22 04:31:12,536 - [Process 3/5] - INFO - len(per_windows_prompt):2
2024-12-22 04:31:20,998 - [Process 3/5] - INFO - res.shape is :torch.Size([64])
2024-12-22 04:31:21,224 - [Process 3/5] - INFO - len(per_windows_prompt):2
2024-12-22 04:31:28,161 - [Process 3/5] - INFO - res.shape is :torch.Size([64])
2024-12-22 04:31:28,520 - [Process 3/5] - INFO - len(per_windows_prompt):2
2024-12-22 04:31:36,217 - [Process 3/5] - INFO - res.shape is :torch.Size([64])
2024-12-22 04:31:36,440 - [Process 3/5] - INFO - len(per_windows_prompt):2
2024-12-22 04:31:44,463 - [Process 3/5] - INFO - res.shape is :torch.Size([64])
2024-12-22 04:31:44,633 - [Process 3/5] - INFO - len(per_windows_prompt):2
2024-12-22 04:31:51,699 - [Process 3/5] - INFO - res.shape is :torch.Size([64])
2024-12-22 04:31:51,958 - [Process 3/5] - INFO - len(per_windows_prompt):2
2024-12-22 04:31:59,148 - [Process 3/5] - INFO - res.shape is :torch.Size([64])
2024-12-22 04:31:59,350 - [Process 3/5] - INFO - len(per_windows_prompt):2
2024-12-22 04:32:07,777 - [Process 3/5] - INFO - res.shape is :torch.Size([64])
2024-12-22 04:32:07,988 - [Process 3/5] - INFO - len(per_windows_prompt):2
2024-12-22 04:32:14,982 - [Process 3/5] - INFO - res.shape is :torch.Size([64])
2024-12-22 04:32:15,259 - [Process 3/5] - INFO - len(per_windows_prompt):2
2024-12-22 04:32:22,621 - [Process 3/5] - INFO - res.shape is :torch.Size([64])
2024-12-22 04:32:22,916 - [Process 3/5] - INFO - len(per_windows_prompt):2
2024-12-22 04:32:32,124 - [Process 3/5] - INFO - res.shape is :torch.Size([64])
2024-12-22 04:32:32,436 - [Process 3/5] - INFO - len(per_windows_prompt):2
2024-12-22 04:32:40,847 - [Process 3/5] - INFO - res.shape is :torch.Size([64])
2024-12-22 04:32:41,142 - [Process 3/5] - INFO - len(per_windows_prompt):2
2024-12-22 04:32:49,416 - [Process 3/5] - INFO - res.shape is :torch.Size([64])
2024-12-22 04:32:49,740 - [Process 3/5] - INFO - len(per_windows_prompt):2
2024-12-22 04:32:58,597 - [Process 3/5] - INFO - res.shape is :torch.Size([64])
2024-12-22 04:32:58,861 - [Process 3/5] - INFO - len(per_windows_prompt):2
2024-12-22 04:33:07,530 - [Process 3/5] - INFO - res.shape is :torch.Size([64])
2024-12-22 04:33:07,707 - [Process 3/5] - INFO - len(per_windows_prompt):2
2024-12-22 04:33:20,000 - [Process 3/5] - INFO - res.shape is :torch.Size([64])
2024-12-22 04:33:20,184 - [Process 3/5] - INFO - len(per_windows_prompt):2
2024-12-22 04:33:34,488 - [Process 3/5] - INFO - res.shape is :torch.Size([64])
2024-12-22 04:33:34,678 - [Process 3/5] - INFO - len(per_windows_prompt):2
2024-12-22 04:33:41,901 - [Process 3/5] - INFO - res.shape is :torch.Size([64])
2024-12-22 04:33:42,191 - [Process 3/5] - INFO - len(per_windows_prompt):2
2024-12-22 04:33:51,018 - [Process 3/5] - INFO - res.shape is :torch.Size([64])
2024-12-22 04:33:51,231 - [Process 3/5] - INFO - len(per_windows_prompt):2
2024-12-22 04:33:59,011 - [Process 3/5] - INFO - res.shape is :torch.Size([64])
2024-12-22 04:33:59,228 - [Process 3/5] - INFO - len(per_windows_prompt):2
2024-12-22 04:34:07,548 - [Process 3/5] - INFO - res.shape is :torch.Size([64])
2024-12-22 04:34:07,734 - [Process 3/5] - INFO - len(per_windows_prompt):2
2024-12-22 04:34:15,937 - [Process 3/5] - INFO - res.shape is :torch.Size([64])
2024-12-22 04:34:16,158 - [Process 3/5] - INFO - len(per_windows_prompt):2
2024-12-22 04:34:24,937 - [Process 3/5] - INFO - res.shape is :torch.Size([64])
2024-12-22 04:34:25,126 - [Process 3/5] - INFO - len(per_windows_prompt):2
2024-12-22 04:34:33,616 - [Process 3/5] - INFO - res.shape is :torch.Size([64])
2024-12-22 04:34:33,841 - [Process 3/5] - INFO - len(per_windows_prompt):2
2024-12-22 04:34:41,051 - [Process 3/5] - INFO - res.shape is :torch.Size([43])
2024-12-22 04:34:41,263 - [Process 3/5] - INFO - len(per_windows_prompt):2
2024-12-22 04:34:49,786 - [Process 3/5] - INFO - res.shape is :torch.Size([64])
2024-12-22 04:34:50,035 - [Process 3/5] - INFO - len(per_windows_prompt):2
2024-12-22 04:34:57,261 - [Process 3/5] - INFO - res.shape is :torch.Size([64])
2024-12-22 04:34:57,554 - [Process 3/5] - INFO - len(per_windows_prompt):2
2024-12-22 04:35:06,396 - [Process 3/5] - INFO - res.shape is :torch.Size([64])
2024-12-22 04:35:06,535 - [Process 3/5] - INFO - len(per_windows_prompt):2
2024-12-22 04:35:14,350 - [Process 3/5] - INFO - res.shape is :torch.Size([64])
2024-12-22 04:35:14,596 - [Process 3/5] - INFO - len(per_windows_prompt):2
2024-12-22 04:35:23,387 - [Process 3/5] - INFO - res.shape is :torch.Size([64])
2024-12-22 04:35:23,584 - [Process 3/5] - INFO - len(per_windows_prompt):2
2024-12-22 04:35:32,132 - [Process 3/5] - INFO - res.shape is :torch.Size([64])
2024-12-22 04:35:32,384 - [Process 3/5] - INFO - len(per_windows_prompt):2
2024-12-22 04:35:39,551 - [Process 3/5] - INFO - res.shape is :torch.Size([64])
2024-12-22 04:35:39,789 - [Process 3/5] - INFO - len(per_windows_prompt):2
2024-12-22 04:35:48,340 - [Process 3/5] - INFO - res.shape is :torch.Size([64])
2024-12-22 04:35:48,546 - [Process 3/5] - INFO - len(per_windows_prompt):2
2024-12-22 04:35:56,761 - [Process 3/5] - INFO - res.shape is :torch.Size([64])
2024-12-22 04:35:56,946 - [Process 3/5] - INFO - len(per_windows_prompt):2
2024-12-22 04:36:03,842 - [Process 3/5] - INFO - res.shape is :torch.Size([64])
2024-12-22 04:36:04,057 - [Process 3/5] - INFO - len(per_windows_prompt):2
2024-12-22 04:36:10,785 - [Process 3/5] - INFO - res.shape is :torch.Size([47])
2024-12-22 04:36:11,059 - [Process 3/5] - INFO - len(per_windows_prompt):2
2024-12-22 04:36:21,370 - [Process 3/5] - INFO - res.shape is :torch.Size([64])
2024-12-22 04:36:21,611 - [Process 3/5] - INFO - len(per_windows_prompt):2
2024-12-22 04:36:29,208 - [Process 3/5] - INFO - res.shape is :torch.Size([64])
2024-12-22 04:36:29,462 - [Process 3/5] - INFO - len(per_windows_prompt):2
2024-12-22 04:36:35,881 - [Process 3/5] - INFO - res.shape is :torch.Size([27])
2024-12-22 04:36:36,059 - [Process 3/5] - INFO - len(per_windows_prompt):2
2024-12-22 04:36:44,227 - [Process 3/5] - INFO - res.shape is :torch.Size([64])
2024-12-22 04:36:44,506 - [Process 3/5] - INFO - len(per_windows_prompt):2
2024-12-22 04:36:52,273 - [Process 3/5] - INFO - res.shape is :torch.Size([64])
2024-12-22 04:36:52,647 - [Process 3/5] - INFO - len(per_windows_prompt):2
2024-12-22 04:37:02,689 - [Process 3/5] - INFO - res.shape is :torch.Size([64])
2024-12-22 04:37:02,965 - [Process 3/5] - INFO - len(per_windows_prompt):2
2024-12-22 04:37:11,206 - [Process 3/5] - INFO - res.shape is :torch.Size([64])
2024-12-22 04:37:11,601 - [Process 3/5] - INFO - len(per_windows_prompt):2
2024-12-22 04:37:21,034 - [Process 3/5] - INFO - res.shape is :torch.Size([64])
2024-12-22 04:37:21,253 - [Process 3/5] - INFO - len(per_windows_prompt):2
2024-12-22 04:37:29,571 - [Process 3/5] - INFO - res.shape is :torch.Size([64])
2024-12-22 04:37:29,833 - [Process 3/5] - INFO - len(per_windows_prompt):2
2024-12-22 04:37:38,301 - [Process 3/5] - INFO - res.shape is :torch.Size([64])
2024-12-22 04:37:38,637 - [Process 3/5] - INFO - len(per_windows_prompt):2
2024-12-22 04:37:47,647 - [Process 3/5] - INFO - res.shape is :torch.Size([64])
2024-12-22 04:37:47,841 - [Process 3/5] - INFO - len(per_windows_prompt):2
2024-12-22 04:37:56,159 - [Process 3/5] - INFO - res.shape is :torch.Size([64])
2024-12-22 04:37:56,338 - [Process 3/5] - INFO - len(per_windows_prompt):2
2024-12-22 04:38:04,423 - [Process 3/5] - INFO - res.shape is :torch.Size([64])
2024-12-22 04:38:04,632 - [Process 3/5] - INFO - len(per_windows_prompt):2
2024-12-22 04:38:12,078 - [Process 3/5] - INFO - res.shape is :torch.Size([64])
2024-12-22 04:38:12,352 - [Process 3/5] - INFO - len(per_windows_prompt):2
2024-12-22 04:38:21,396 - [Process 3/5] - INFO - res.shape is :torch.Size([64])
2024-12-22 04:38:21,572 - [Process 3/5] - INFO - len(per_windows_prompt):2
2024-12-22 04:38:28,960 - [Process 3/5] - INFO - res.shape is :torch.Size([64])
2024-12-22 04:38:29,151 - [Process 3/5] - INFO - len(per_windows_prompt):2
2024-12-22 04:38:36,420 - [Process 3/5] - INFO - res.shape is :torch.Size([64])
2024-12-22 04:38:36,604 - [Process 3/5] - INFO - len(per_windows_prompt):2
2024-12-22 04:38:45,388 - [Process 3/5] - INFO - res.shape is :torch.Size([64])
2024-12-22 04:38:45,536 - [Process 3/5] - INFO - len(per_windows_prompt):2
2024-12-22 04:38:52,056 - [Process 3/5] - INFO - res.shape is :torch.Size([64])
2024-12-22 04:38:52,235 - [Process 3/5] - INFO - len(per_windows_prompt):2
2024-12-22 04:39:00,385 - [Process 3/5] - INFO - res.shape is :torch.Size([64])
2024-12-22 04:39:00,580 - [Process 3/5] - INFO - len(per_windows_prompt):2
2024-12-22 04:39:11,848 - [Process 3/5] - INFO - res.shape is :torch.Size([64])
2024-12-22 04:39:12,188 - [Process 3/5] - INFO - len(per_windows_prompt):2
2024-12-22 04:39:21,577 - [Process 3/5] - INFO - res.shape is :torch.Size([64])
2024-12-22 04:39:21,849 - [Process 3/5] - INFO - len(per_windows_prompt):2
2024-12-22 04:39:29,823 - [Process 3/5] - INFO - res.shape is :torch.Size([64])
2024-12-22 04:39:29,999 - [Process 3/5] - INFO - len(per_windows_prompt):2
2024-12-22 04:39:37,870 - [Process 3/5] - INFO - res.shape is :torch.Size([64])
2024-12-22 04:39:38,071 - [Process 3/5] - INFO - len(per_windows_prompt):2
2024-12-22 04:39:48,086 - [Process 3/5] - INFO - res.shape is :torch.Size([64])
2024-12-22 04:39:48,384 - [Process 3/5] - INFO - len(per_windows_prompt):2
2024-12-22 04:39:56,208 - [Process 3/5] - INFO - res.shape is :torch.Size([64])
2024-12-22 04:39:56,573 - [Process 3/5] - INFO - len(per_windows_prompt):2
2024-12-22 04:40:05,776 - [Process 3/5] - INFO - res.shape is :torch.Size([64])
2024-12-22 04:40:05,958 - [Process 3/5] - INFO - len(per_windows_prompt):2
2024-12-22 04:40:14,654 - [Process 3/5] - INFO - res.shape is :torch.Size([64])
2024-12-22 04:40:14,976 - [Process 3/5] - INFO - len(per_windows_prompt):2
2024-12-22 04:40:23,935 - [Process 3/5] - INFO - res.shape is :torch.Size([64])
2024-12-22 04:40:24,167 - [Process 3/5] - INFO - len(per_windows_prompt):2
2024-12-22 04:40:32,273 - [Process 3/5] - INFO - res.shape is :torch.Size([56])
2024-12-22 04:40:32,690 - [Process 3/5] - INFO - len(per_windows_prompt):2
2024-12-22 04:40:42,520 - [Process 3/5] - INFO - res.shape is :torch.Size([64])
2024-12-22 04:40:42,701 - [Process 3/5] - INFO - len(per_windows_prompt):2
2024-12-22 04:40:51,794 - [Process 3/5] - INFO - res.shape is :torch.Size([64])
2024-12-22 04:40:51,978 - [Process 3/5] - INFO - len(per_windows_prompt):2
2024-12-22 04:40:59,597 - [Process 3/5] - INFO - res.shape is :torch.Size([60])
2024-12-22 04:40:59,847 - [Process 3/5] - INFO - len(per_windows_prompt):2
2024-12-22 04:41:08,652 - [Process 3/5] - INFO - res.shape is :torch.Size([64])
2024-12-22 04:41:08,791 - [Process 3/5] - INFO - len(per_windows_prompt):2
2024-12-22 04:41:15,263 - [Process 3/5] - INFO - res.shape is :torch.Size([64])
2024-12-22 04:41:15,489 - [Process 3/5] - INFO - len(per_windows_prompt):2
2024-12-22 04:41:24,876 - [Process 3/5] - INFO - res.shape is :torch.Size([64])
2024-12-22 04:41:25,167 - [Process 3/5] - INFO - len(per_windows_prompt):2
2024-12-22 04:41:33,561 - [Process 3/5] - INFO - res.shape is :torch.Size([64])
2024-12-22 04:41:33,835 - [Process 3/5] - INFO - len(per_windows_prompt):2
2024-12-22 04:41:42,519 - [Process 3/5] - INFO - res.shape is :torch.Size([64])
2024-12-22 04:41:42,717 - [Process 3/5] - INFO - len(per_windows_prompt):2
2024-12-22 04:41:49,696 - [Process 3/5] - INFO - res.shape is :torch.Size([64])
2024-12-22 04:41:49,905 - [Process 3/5] - INFO - len(per_windows_prompt):2
2024-12-22 04:41:58,176 - [Process 3/5] - INFO - res.shape is :torch.Size([64])
2024-12-22 04:41:58,405 - [Process 3/5] - INFO - len(per_windows_prompt):2
2024-12-22 04:42:07,063 - [Process 3/5] - INFO - res.shape is :torch.Size([64])
2024-12-22 04:42:07,301 - [Process 3/5] - INFO - len(per_windows_prompt):2
2024-12-22 04:42:15,190 - [Process 3/5] - INFO - res.shape is :torch.Size([64])
2024-12-22 04:42:15,402 - [Process 3/5] - INFO - len(per_windows_prompt):2
2024-12-22 04:42:23,495 - [Process 3/5] - INFO - res.shape is :torch.Size([64])
2024-12-22 04:42:23,742 - [Process 3/5] - INFO - len(per_windows_prompt):2
2024-12-22 04:42:32,570 - [Process 3/5] - INFO - res.shape is :torch.Size([64])
2024-12-22 04:42:32,753 - [Process 3/5] - INFO - len(per_windows_prompt):2
2024-12-22 04:42:42,018 - [Process 3/5] - INFO - res.shape is :torch.Size([64])
2024-12-22 04:42:42,339 - [Process 3/5] - INFO - len(per_windows_prompt):2
2024-12-22 04:42:50,720 - [Process 3/5] - INFO - res.shape is :torch.Size([64])
2024-12-22 04:42:50,966 - [Process 3/5] - INFO - len(per_windows_prompt):2
2024-12-22 04:42:59,217 - [Process 3/5] - INFO - res.shape is :torch.Size([64])
2024-12-22 04:42:59,432 - [Process 3/5] - INFO - len(per_windows_prompt):2
2024-12-22 04:43:06,926 - [Process 3/5] - INFO - res.shape is :torch.Size([64])
2024-12-22 04:43:07,103 - [Process 3/5] - INFO - len(per_windows_prompt):2
2024-12-22 04:43:14,186 - [Process 3/5] - INFO - res.shape is :torch.Size([64])
2024-12-22 04:43:14,415 - [Process 3/5] - INFO - len(per_windows_prompt):2
2024-12-22 04:43:22,642 - [Process 3/5] - INFO - res.shape is :torch.Size([64])
2024-12-22 04:43:22,878 - [Process 3/5] - INFO - len(per_windows_prompt):2
2024-12-22 04:43:31,397 - [Process 3/5] - INFO - res.shape is :torch.Size([64])
2024-12-22 04:43:31,591 - [Process 3/5] - INFO - len(per_windows_prompt):2
2024-12-22 04:43:38,787 - [Process 3/5] - INFO - res.shape is :torch.Size([64])
2024-12-22 04:43:38,994 - [Process 3/5] - INFO - len(per_windows_prompt):2
2024-12-22 04:43:46,437 - [Process 3/5] - INFO - res.shape is :torch.Size([64])
2024-12-22 04:43:46,679 - [Process 3/5] - INFO - len(per_windows_prompt):2
2024-12-22 04:43:53,607 - [Process 3/5] - INFO - res.shape is :torch.Size([64])
2024-12-22 04:43:53,802 - [Process 3/5] - INFO - len(per_windows_prompt):2
2024-12-22 04:44:03,595 - [Process 3/5] - INFO - res.shape is :torch.Size([64])
2024-12-22 04:44:03,782 - [Process 3/5] - INFO - len(per_windows_prompt):2
2024-12-22 04:44:10,563 - [Process 3/5] - INFO - res.shape is :torch.Size([64])
