2024-12-22 03:23:06,546 - [Process 3/5] - INFO - loading datasets finished
2024-12-22 03:23:06,547 - [Process 3/5] - INFO - model_max_len: 3950
2024-12-22 03:23:06,547 - [Process 3/5] - INFO - output_max_len: 64
2024-12-22 03:23:06,573 - [Process 3/5] - INFO - Max Length is 10337
2024-12-22 03:23:06,574 - [Process 3/5] - INFO - Finish loading dataset
2024-12-22 03:23:06,574 - [Process 3/5] - INFO - get_predicted begin
2024-12-22 03:23:11,387 - [Process 3/5] - INFO - len(per_windows_prompt):2
2024-12-22 03:23:16,051 - [Process 3/5] - INFO - res.shape is :torch.Size([8])
2024-12-22 03:23:16,302 - [Process 3/5] - INFO - len(per_windows_prompt):2
2024-12-22 03:23:20,296 - [Process 3/5] - INFO - res.shape is :torch.Size([6])
2024-12-22 03:23:20,527 - [Process 3/5] - INFO - len(per_windows_prompt):2
2024-12-22 03:23:25,885 - [Process 3/5] - INFO - res.shape is :torch.Size([42])
2024-12-22 03:23:26,051 - [Process 3/5] - INFO - len(per_windows_prompt):2
2024-12-22 03:23:29,696 - [Process 3/5] - INFO - res.shape is :torch.Size([8])
2024-12-22 03:23:29,965 - [Process 3/5] - INFO - len(per_windows_prompt):2
2024-12-22 03:23:34,524 - [Process 3/5] - INFO - res.shape is :torch.Size([21])
2024-12-22 03:23:34,717 - [Process 3/5] - INFO - len(per_windows_prompt):2
2024-12-22 03:23:40,678 - [Process 3/5] - INFO - res.shape is :torch.Size([52])
2024-12-22 03:23:40,860 - [Process 3/5] - INFO - len(per_windows_prompt):2
2024-12-22 03:23:44,703 - [Process 3/5] - INFO - res.shape is :torch.Size([4])
2024-12-22 03:23:44,926 - [Process 3/5] - INFO - len(per_windows_prompt):2
2024-12-22 03:23:49,058 - [Process 3/5] - INFO - res.shape is :torch.Size([10])
2024-12-22 03:23:49,260 - [Process 3/5] - INFO - len(per_windows_prompt):2
2024-12-22 03:23:53,399 - [Process 3/5] - INFO - res.shape is :torch.Size([8])
2024-12-22 03:23:53,676 - [Process 3/5] - INFO - len(per_windows_prompt):2
2024-12-22 03:24:00,084 - [Process 3/5] - INFO - res.shape is :torch.Size([64])
2024-12-22 03:24:00,294 - [Process 3/5] - INFO - len(per_windows_prompt):2
2024-12-22 03:24:04,250 - [Process 3/5] - INFO - res.shape is :torch.Size([8])
2024-12-22 03:24:04,423 - [Process 3/5] - INFO - len(per_windows_prompt):2
2024-12-22 03:24:10,929 - [Process 3/5] - INFO - res.shape is :torch.Size([64])
2024-12-22 03:24:11,156 - [Process 3/5] - INFO - len(per_windows_prompt):2
2024-12-22 03:24:15,979 - [Process 3/5] - INFO - res.shape is :torch.Size([24])
2024-12-22 03:24:16,170 - [Process 3/5] - INFO - len(per_windows_prompt):2
2024-12-22 03:24:20,114 - [Process 3/5] - INFO - res.shape is :torch.Size([6])
2024-12-22 03:24:20,340 - [Process 3/5] - INFO - len(per_windows_prompt):2
2024-12-22 03:24:25,359 - [Process 3/5] - INFO - res.shape is :torch.Size([32])
2024-12-22 03:24:25,595 - [Process 3/5] - INFO - len(per_windows_prompt):2
2024-12-22 03:24:29,507 - [Process 3/5] - INFO - res.shape is :torch.Size([5])
2024-12-22 03:24:29,727 - [Process 3/5] - INFO - len(per_windows_prompt):2
2024-12-22 03:24:33,648 - [Process 3/5] - INFO - res.shape is :torch.Size([3])
2024-12-22 03:24:33,831 - [Process 3/5] - INFO - len(per_windows_prompt):2
2024-12-22 03:24:38,882 - [Process 3/5] - INFO - res.shape is :torch.Size([31])
2024-12-22 03:24:39,096 - [Process 3/5] - INFO - len(per_windows_prompt):2
2024-12-22 03:24:43,006 - [Process 3/5] - INFO - res.shape is :torch.Size([5])
2024-12-22 03:24:43,221 - [Process 3/5] - INFO - len(per_windows_prompt):2
2024-12-22 03:24:47,180 - [Process 3/5] - INFO - res.shape is :torch.Size([6])
2024-12-22 03:24:47,400 - [Process 3/5] - INFO - len(per_windows_prompt):2
2024-12-22 03:24:51,232 - [Process 3/5] - INFO - res.shape is :torch.Size([3])
2024-12-22 03:24:51,377 - [Process 3/5] - INFO - len(per_windows_prompt):2
2024-12-22 03:24:54,533 - [Process 3/5] - INFO - res.shape is :torch.Size([4])
2024-12-22 03:24:54,754 - [Process 3/5] - INFO - len(per_windows_prompt):2
2024-12-22 03:24:58,673 - [Process 3/5] - INFO - res.shape is :torch.Size([5])
2024-12-22 03:24:58,856 - [Process 3/5] - INFO - len(per_windows_prompt):2
2024-12-22 03:25:02,986 - [Process 3/5] - INFO - res.shape is :torch.Size([8])
2024-12-22 03:25:03,214 - [Process 3/5] - INFO - len(per_windows_prompt):2
2024-12-22 03:25:07,783 - [Process 3/5] - INFO - res.shape is :torch.Size([20])
2024-12-22 03:25:08,005 - [Process 3/5] - INFO - len(per_windows_prompt):2
2024-12-22 03:25:13,980 - [Process 3/5] - INFO - res.shape is :torch.Size([55])
2024-12-22 03:25:14,239 - [Process 3/5] - INFO - len(per_windows_prompt):2
2024-12-22 03:25:18,157 - [Process 3/5] - INFO - res.shape is :torch.Size([5])
2024-12-22 03:25:18,382 - [Process 3/5] - INFO - len(per_windows_prompt):2
2024-12-22 03:25:22,846 - [Process 3/5] - INFO - res.shape is :torch.Size([18])
2024-12-22 03:25:23,069 - [Process 3/5] - INFO - len(per_windows_prompt):2
2024-12-22 03:25:27,022 - [Process 3/5] - INFO - res.shape is :torch.Size([6])
2024-12-22 03:25:27,191 - [Process 3/5] - INFO - len(per_windows_prompt):2
2024-12-22 03:25:32,511 - [Process 3/5] - INFO - res.shape is :torch.Size([41])
