2024-12-22 01:59:08,242 - [Process 1/5] - INFO - loading datasets finished
2024-12-22 01:59:08,242 - [Process 1/5] - INFO - model_max_len: 3950
2024-12-22 01:59:08,242 - [Process 1/5] - INFO - output_max_len: 32
2024-12-22 01:59:08,286 - [Process 1/5] - INFO - Max Length is 11516
2024-12-22 01:59:08,287 - [Process 1/5] - INFO - Finish loading dataset
2024-12-22 01:59:08,287 - [Process 1/5] - INFO - get_predicted begin
2024-12-22 01:59:13,029 - [Process 1/5] - INFO - len(per_windows_prompt):2
2024-12-22 01:59:18,143 - [Process 1/5] - INFO - res.shape is :torch.Size([6])
2024-12-22 01:59:18,421 - [Process 1/5] - INFO - len(per_windows_prompt):2
2024-12-22 01:59:23,064 - [Process 1/5] - INFO - res.shape is :torch.Size([6])
2024-12-22 01:59:23,336 - [Process 1/5] - INFO - len(per_windows_prompt):2
2024-12-22 01:59:27,778 - [Process 1/5] - INFO - res.shape is :torch.Size([6])
2024-12-22 01:59:28,069 - [Process 1/5] - INFO - len(per_windows_prompt):2
2024-12-22 01:59:32,843 - [Process 1/5] - INFO - res.shape is :torch.Size([6])
2024-12-22 01:59:33,084 - [Process 1/5] - INFO - len(per_windows_prompt):2
2024-12-22 01:59:37,441 - [Process 1/5] - INFO - res.shape is :torch.Size([6])
2024-12-22 01:59:37,707 - [Process 1/5] - INFO - len(per_windows_prompt):2
2024-12-22 01:59:42,098 - [Process 1/5] - INFO - res.shape is :torch.Size([6])
2024-12-22 01:59:42,363 - [Process 1/5] - INFO - len(per_windows_prompt):2
2024-12-22 01:59:47,231 - [Process 1/5] - INFO - res.shape is :torch.Size([6])
2024-12-22 01:59:47,474 - [Process 1/5] - INFO - len(per_windows_prompt):2
2024-12-22 01:59:52,189 - [Process 1/5] - INFO - res.shape is :torch.Size([6])
2024-12-22 01:59:52,447 - [Process 1/5] - INFO - len(per_windows_prompt):2
2024-12-22 01:59:56,663 - [Process 1/5] - INFO - res.shape is :torch.Size([6])
2024-12-22 01:59:56,916 - [Process 1/5] - INFO - len(per_windows_prompt):2
2024-12-22 02:00:01,351 - [Process 1/5] - INFO - res.shape is :torch.Size([6])
2024-12-22 02:00:01,596 - [Process 1/5] - INFO - len(per_windows_prompt):2
2024-12-22 02:00:06,039 - [Process 1/5] - INFO - res.shape is :torch.Size([6])
2024-12-22 02:00:06,280 - [Process 1/5] - INFO - len(per_windows_prompt):2
2024-12-22 02:00:10,651 - [Process 1/5] - INFO - res.shape is :torch.Size([6])
2024-12-22 02:00:10,906 - [Process 1/5] - INFO - len(per_windows_prompt):2
2024-12-22 02:00:15,597 - [Process 1/5] - INFO - res.shape is :torch.Size([6])
2024-12-22 02:00:15,837 - [Process 1/5] - INFO - len(per_windows_prompt):2
2024-12-22 02:00:20,529 - [Process 1/5] - INFO - res.shape is :torch.Size([6])
2024-12-22 02:00:20,780 - [Process 1/5] - INFO - len(per_windows_prompt):2
2024-12-22 02:00:25,218 - [Process 1/5] - INFO - res.shape is :torch.Size([6])
2024-12-22 02:00:25,475 - [Process 1/5] - INFO - len(per_windows_prompt):2
2024-12-22 02:00:30,272 - [Process 1/5] - INFO - res.shape is :torch.Size([6])
2024-12-22 02:00:30,517 - [Process 1/5] - INFO - len(per_windows_prompt):2
2024-12-22 02:00:35,534 - [Process 1/5] - INFO - res.shape is :torch.Size([6])
2024-12-22 02:00:35,772 - [Process 1/5] - INFO - len(per_windows_prompt):2
2024-12-22 02:00:40,204 - [Process 1/5] - INFO - res.shape is :torch.Size([6])
2024-12-22 02:00:40,463 - [Process 1/5] - INFO - len(per_windows_prompt):2
2024-12-22 02:00:44,834 - [Process 1/5] - INFO - res.shape is :torch.Size([5])
2024-12-22 02:00:45,092 - [Process 1/5] - INFO - len(per_windows_prompt):2
2024-12-22 02:00:49,465 - [Process 1/5] - INFO - res.shape is :torch.Size([6])
2024-12-22 02:00:49,725 - [Process 1/5] - INFO - len(per_windows_prompt):2
2024-12-22 02:00:54,128 - [Process 1/5] - INFO - res.shape is :torch.Size([5])
2024-12-22 02:00:54,386 - [Process 1/5] - INFO - len(per_windows_prompt):2
2024-12-22 02:00:58,814 - [Process 1/5] - INFO - res.shape is :torch.Size([6])
2024-12-22 02:00:59,065 - [Process 1/5] - INFO - len(per_windows_prompt):2
2024-12-22 02:01:03,544 - [Process 1/5] - INFO - res.shape is :torch.Size([6])
2024-12-22 02:01:03,802 - [Process 1/5] - INFO - len(per_windows_prompt):2
2024-12-22 02:01:08,273 - [Process 1/5] - INFO - res.shape is :torch.Size([6])
2024-12-22 02:01:08,529 - [Process 1/5] - INFO - len(per_windows_prompt):2
2024-12-22 02:01:12,905 - [Process 1/5] - INFO - res.shape is :torch.Size([6])
2024-12-22 02:01:13,142 - [Process 1/5] - INFO - len(per_windows_prompt):2
2024-12-22 02:01:17,576 - [Process 1/5] - INFO - res.shape is :torch.Size([6])
2024-12-22 02:01:17,817 - [Process 1/5] - INFO - len(per_windows_prompt):2
2024-12-22 02:01:22,267 - [Process 1/5] - INFO - res.shape is :torch.Size([6])
2024-12-22 02:01:22,509 - [Process 1/5] - INFO - len(per_windows_prompt):2
2024-12-22 02:01:27,262 - [Process 1/5] - INFO - res.shape is :torch.Size([7])
2024-12-22 02:01:27,504 - [Process 1/5] - INFO - len(per_windows_prompt):2
2024-12-22 02:01:32,277 - [Process 1/5] - INFO - res.shape is :torch.Size([6])
2024-12-22 02:01:32,546 - [Process 1/5] - INFO - len(per_windows_prompt):2
2024-12-22 02:01:37,207 - [Process 1/5] - INFO - res.shape is :torch.Size([6])
2024-12-22 02:01:37,461 - [Process 1/5] - INFO - len(per_windows_prompt):2
2024-12-22 02:01:41,899 - [Process 1/5] - INFO - res.shape is :torch.Size([6])
2024-12-22 02:01:42,142 - [Process 1/5] - INFO - len(per_windows_prompt):2
2024-12-22 02:01:46,471 - [Process 1/5] - INFO - res.shape is :torch.Size([6])
2024-12-22 02:01:46,710 - [Process 1/5] - INFO - len(per_windows_prompt):2
2024-12-22 02:01:51,157 - [Process 1/5] - INFO - res.shape is :torch.Size([6])
2024-12-22 02:01:51,403 - [Process 1/5] - INFO - len(per_windows_prompt):2
2024-12-22 02:01:56,031 - [Process 1/5] - INFO - res.shape is :torch.Size([6])
2024-12-22 02:01:56,284 - [Process 1/5] - INFO - len(per_windows_prompt):2
2024-12-22 02:02:00,890 - [Process 1/5] - INFO - res.shape is :torch.Size([6])
2024-12-22 02:02:01,142 - [Process 1/5] - INFO - len(per_windows_prompt):2
2024-12-22 02:02:05,615 - [Process 1/5] - INFO - res.shape is :torch.Size([6])
2024-12-22 02:02:05,851 - [Process 1/5] - INFO - len(per_windows_prompt):2
2024-12-22 02:02:10,072 - [Process 1/5] - INFO - res.shape is :torch.Size([6])
2024-12-22 02:02:10,316 - [Process 1/5] - INFO - len(per_windows_prompt):2
2024-12-22 02:02:14,801 - [Process 1/5] - INFO - res.shape is :torch.Size([6])
2024-12-22 02:02:15,042 - [Process 1/5] - INFO - len(per_windows_prompt):2
2024-12-22 02:02:19,616 - [Process 1/5] - INFO - res.shape is :torch.Size([6])
2024-12-22 02:02:19,856 - [Process 1/5] - INFO - len(per_windows_prompt):2
2024-12-22 02:02:24,089 - [Process 1/5] - INFO - res.shape is :torch.Size([6])
