2024-12-22 02:18:39,702 - [Process 3/5] - INFO - loading datasets finished
2024-12-22 02:18:39,702 - [Process 3/5] - INFO - model_max_len: 3950
2024-12-22 02:18:39,702 - [Process 3/5] - INFO - output_max_len: 64
2024-12-22 02:18:39,736 - [Process 3/5] - INFO - Max Length is 10029
2024-12-22 02:18:39,737 - [Process 3/5] - INFO - Finish loading dataset
2024-12-22 02:18:39,738 - [Process 3/5] - INFO - get_predicted begin
2024-12-22 02:18:44,437 - [Process 3/5] - INFO - len(per_windows_prompt):2
2024-12-22 02:18:49,606 - [Process 3/5] - INFO - res.shape is :torch.Size([64])
2024-12-22 02:18:49,692 - [Process 3/5] - INFO - len(per_windows_prompt):2
2024-12-22 02:18:55,011 - [Process 3/5] - INFO - res.shape is :torch.Size([64])
2024-12-22 02:18:55,090 - [Process 3/5] - INFO - len(per_windows_prompt):2
2024-12-22 02:18:59,898 - [Process 3/5] - INFO - res.shape is :torch.Size([64])
2024-12-22 02:18:59,959 - [Process 3/5] - INFO - len(per_windows_prompt):2
2024-12-22 02:19:04,256 - [Process 3/5] - INFO - res.shape is :torch.Size([64])
2024-12-22 02:19:04,331 - [Process 3/5] - INFO - len(per_windows_prompt):2
2024-12-22 02:19:09,196 - [Process 3/5] - INFO - res.shape is :torch.Size([64])
2024-12-22 02:19:09,254 - [Process 3/5] - INFO - len(per_windows_prompt):2
2024-12-22 02:19:13,311 - [Process 3/5] - INFO - res.shape is :torch.Size([64])
2024-12-22 02:19:13,382 - [Process 3/5] - INFO - len(per_windows_prompt):2
2024-12-22 02:19:18,063 - [Process 3/5] - INFO - res.shape is :torch.Size([64])
2024-12-22 02:19:18,125 - [Process 3/5] - INFO - len(per_windows_prompt):2
2024-12-22 02:19:22,464 - [Process 3/5] - INFO - res.shape is :torch.Size([64])
2024-12-22 02:19:22,529 - [Process 3/5] - INFO - len(per_windows_prompt):2
2024-12-22 02:19:26,934 - [Process 3/5] - INFO - res.shape is :torch.Size([64])
2024-12-22 02:19:27,094 - [Process 3/5] - INFO - len(per_windows_prompt):2
2024-12-22 02:19:33,256 - [Process 3/5] - INFO - res.shape is :torch.Size([64])
2024-12-22 02:19:33,360 - [Process 3/5] - INFO - len(per_windows_prompt):2
2024-12-22 02:19:39,507 - [Process 3/5] - INFO - res.shape is :torch.Size([64])
2024-12-22 02:19:39,627 - [Process 3/5] - INFO - len(per_windows_prompt):2
2024-12-22 02:19:45,715 - [Process 3/5] - INFO - res.shape is :torch.Size([64])
2024-12-22 02:19:45,782 - [Process 3/5] - INFO - len(per_windows_prompt):2
2024-12-22 02:19:50,355 - [Process 3/5] - INFO - res.shape is :torch.Size([64])
2024-12-22 02:19:50,427 - [Process 3/5] - INFO - len(per_windows_prompt):2
2024-12-22 02:19:55,189 - [Process 3/5] - INFO - res.shape is :torch.Size([64])
2024-12-22 02:19:55,253 - [Process 3/5] - INFO - len(per_windows_prompt):2
2024-12-22 02:19:59,650 - [Process 3/5] - INFO - res.shape is :torch.Size([64])
2024-12-22 02:19:59,738 - [Process 3/5] - INFO - len(per_windows_prompt):2
2024-12-22 02:20:05,255 - [Process 3/5] - INFO - res.shape is :torch.Size([64])
2024-12-22 02:20:05,340 - [Process 3/5] - INFO - len(per_windows_prompt):2
2024-12-22 02:20:10,547 - [Process 3/5] - INFO - res.shape is :torch.Size([64])
2024-12-22 02:20:10,606 - [Process 3/5] - INFO - len(per_windows_prompt):2
2024-12-22 02:20:14,916 - [Process 3/5] - INFO - res.shape is :torch.Size([64])
2024-12-22 02:20:15,010 - [Process 3/5] - INFO - len(per_windows_prompt):2
2024-12-22 02:20:20,735 - [Process 3/5] - INFO - res.shape is :torch.Size([64])
2024-12-22 02:20:20,809 - [Process 3/5] - INFO - len(per_windows_prompt):2
2024-12-22 02:20:25,677 - [Process 3/5] - INFO - res.shape is :torch.Size([64])
2024-12-22 02:20:25,770 - [Process 3/5] - INFO - len(per_windows_prompt):2
2024-12-22 02:20:31,349 - [Process 3/5] - INFO - res.shape is :torch.Size([64])
2024-12-22 02:20:31,401 - [Process 3/5] - INFO - len(per_windows_prompt):2
2024-12-22 02:20:35,305 - [Process 3/5] - INFO - res.shape is :torch.Size([64])
2024-12-22 02:20:35,412 - [Process 3/5] - INFO - len(per_windows_prompt):2
2024-12-22 02:20:41,704 - [Process 3/5] - INFO - res.shape is :torch.Size([64])
2024-12-22 02:20:41,816 - [Process 3/5] - INFO - len(per_windows_prompt):2
2024-12-22 02:20:48,033 - [Process 3/5] - INFO - res.shape is :torch.Size([64])
2024-12-22 02:20:48,195 - [Process 3/5] - INFO - len(per_windows_prompt):2
2024-12-22 02:20:54,418 - [Process 3/5] - INFO - res.shape is :torch.Size([64])
2024-12-22 02:20:54,479 - [Process 3/5] - INFO - len(per_windows_prompt):2
2024-12-22 02:20:58,812 - [Process 3/5] - INFO - res.shape is :torch.Size([64])
2024-12-22 02:20:58,874 - [Process 3/5] - INFO - len(per_windows_prompt):2
2024-12-22 02:21:03,241 - [Process 3/5] - INFO - res.shape is :torch.Size([64])
2024-12-22 02:21:03,297 - [Process 3/5] - INFO - len(per_windows_prompt):2
2024-12-22 02:21:07,363 - [Process 3/5] - INFO - res.shape is :torch.Size([64])
2024-12-22 02:21:07,468 - [Process 3/5] - INFO - len(per_windows_prompt):2
2024-12-22 02:21:13,639 - [Process 3/5] - INFO - res.shape is :torch.Size([64])
2024-12-22 02:21:13,709 - [Process 3/5] - INFO - len(per_windows_prompt):2
2024-12-22 02:21:18,257 - [Process 3/5] - INFO - res.shape is :torch.Size([64])
2024-12-22 02:21:18,321 - [Process 3/5] - INFO - len(per_windows_prompt):2
2024-12-22 02:21:22,855 - [Process 3/5] - INFO - res.shape is :torch.Size([64])
2024-12-22 02:21:22,960 - [Process 3/5] - INFO - len(per_windows_prompt):2
2024-12-22 02:21:29,143 - [Process 3/5] - INFO - res.shape is :torch.Size([64])
2024-12-22 02:21:29,215 - [Process 3/5] - INFO - len(per_windows_prompt):2
2024-12-22 02:21:33,407 - [Process 3/5] - INFO - res.shape is :torch.Size([49])
2024-12-22 02:21:33,569 - [Process 3/5] - INFO - len(per_windows_prompt):2
2024-12-22 02:21:39,735 - [Process 3/5] - INFO - res.shape is :torch.Size([64])
2024-12-22 02:21:39,819 - [Process 3/5] - INFO - len(per_windows_prompt):2
2024-12-22 02:21:45,154 - [Process 3/5] - INFO - res.shape is :torch.Size([64])
2024-12-22 02:21:45,262 - [Process 3/5] - INFO - len(per_windows_prompt):2
2024-12-22 02:21:51,440 - [Process 3/5] - INFO - res.shape is :torch.Size([64])
2024-12-22 02:21:51,551 - [Process 3/5] - INFO - len(per_windows_prompt):2
2024-12-22 02:21:57,652 - [Process 3/5] - INFO - res.shape is :torch.Size([64])
2024-12-22 02:21:57,705 - [Process 3/5] - INFO - len(per_windows_prompt):2
2024-12-22 02:22:01,582 - [Process 3/5] - INFO - res.shape is :torch.Size([64])
2024-12-22 02:22:01,653 - [Process 3/5] - INFO - len(per_windows_prompt):2
2024-12-22 02:22:06,491 - [Process 3/5] - INFO - res.shape is :torch.Size([64])
2024-12-22 02:22:06,557 - [Process 3/5] - INFO - len(per_windows_prompt):2
2024-12-22 02:22:10,977 - [Process 3/5] - INFO - res.shape is :torch.Size([64])
2024-12-22 02:22:11,064 - [Process 3/5] - INFO - len(per_windows_prompt):2
2024-12-22 02:22:16,432 - [Process 3/5] - INFO - res.shape is :torch.Size([64])
2024-12-22 02:22:16,495 - [Process 3/5] - INFO - len(per_windows_prompt):2
2024-12-22 02:22:20,904 - [Process 3/5] - INFO - res.shape is :torch.Size([64])
2024-12-22 02:22:20,975 - [Process 3/5] - INFO - len(per_windows_prompt):2
2024-12-22 02:22:25,700 - [Process 3/5] - INFO - res.shape is :torch.Size([64])
2024-12-22 02:22:25,815 - [Process 3/5] - INFO - len(per_windows_prompt):2
2024-12-22 02:22:31,911 - [Process 3/5] - INFO - res.shape is :torch.Size([64])
2024-12-22 02:22:32,017 - [Process 3/5] - INFO - len(per_windows_prompt):2
2024-12-22 02:22:38,320 - [Process 3/5] - INFO - res.shape is :torch.Size([64])
2024-12-22 02:22:38,365 - [Process 3/5] - INFO - len(per_windows_prompt):2
2024-12-22 02:22:42,031 - [Process 3/5] - INFO - res.shape is :torch.Size([64])
2024-12-22 02:22:42,136 - [Process 3/5] - INFO - len(per_windows_prompt):2
2024-12-22 02:22:48,210 - [Process 3/5] - INFO - res.shape is :torch.Size([64])
2024-12-22 02:22:48,318 - [Process 3/5] - INFO - len(per_windows_prompt):2
2024-12-22 02:22:54,418 - [Process 3/5] - INFO - res.shape is :torch.Size([64])
2024-12-22 02:22:54,528 - [Process 3/5] - INFO - len(per_windows_prompt):2
2024-12-22 02:23:00,697 - [Process 3/5] - INFO - res.shape is :torch.Size([64])
2024-12-22 02:23:00,803 - [Process 3/5] - INFO - len(per_windows_prompt):2
2024-12-22 02:23:06,973 - [Process 3/5] - INFO - res.shape is :torch.Size([64])
2024-12-22 02:23:07,018 - [Process 3/5] - INFO - len(per_windows_prompt):2
2024-12-22 02:23:10,587 - [Process 3/5] - INFO - res.shape is :torch.Size([61])
2024-12-22 02:23:10,639 - [Process 3/5] - INFO - len(per_windows_prompt):2
2024-12-22 02:23:14,196 - [Process 3/5] - INFO - res.shape is :torch.Size([54])
2024-12-22 02:23:14,289 - [Process 3/5] - INFO - len(per_windows_prompt):2
2024-12-22 02:23:20,050 - [Process 3/5] - INFO - res.shape is :torch.Size([64])
2024-12-22 02:23:20,107 - [Process 3/5] - INFO - len(per_windows_prompt):2
2024-12-22 02:23:24,329 - [Process 3/5] - INFO - res.shape is :torch.Size([64])
2024-12-22 02:23:24,438 - [Process 3/5] - INFO - len(per_windows_prompt):2
2024-12-22 02:23:30,120 - [Process 3/5] - INFO - res.shape is :torch.Size([45])
2024-12-22 02:23:30,190 - [Process 3/5] - INFO - len(per_windows_prompt):2
2024-12-22 02:23:34,850 - [Process 3/5] - INFO - res.shape is :torch.Size([64])
2024-12-22 02:23:34,934 - [Process 3/5] - INFO - len(per_windows_prompt):2
2024-12-22 02:23:40,179 - [Process 3/5] - INFO - res.shape is :torch.Size([64])
2024-12-22 02:23:40,285 - [Process 3/5] - INFO - len(per_windows_prompt):2
2024-12-22 02:23:46,456 - [Process 3/5] - INFO - res.shape is :torch.Size([64])
2024-12-22 02:23:46,567 - [Process 3/5] - INFO - len(per_windows_prompt):2
2024-12-22 02:23:52,735 - [Process 3/5] - INFO - res.shape is :torch.Size([64])
2024-12-22 02:23:52,828 - [Process 3/5] - INFO - len(per_windows_prompt):2
2024-12-22 02:23:58,424 - [Process 3/5] - INFO - res.shape is :torch.Size([64])
2024-12-22 02:23:58,480 - [Process 3/5] - INFO - len(per_windows_prompt):2
2024-12-22 02:24:02,624 - [Process 3/5] - INFO - res.shape is :torch.Size([64])
2024-12-22 02:24:02,685 - [Process 3/5] - INFO - len(per_windows_prompt):2
2024-12-22 02:24:07,089 - [Process 3/5] - INFO - res.shape is :torch.Size([64])
2024-12-22 02:24:07,184 - [Process 3/5] - INFO - len(per_windows_prompt):2
2024-12-22 02:24:12,958 - [Process 3/5] - INFO - res.shape is :torch.Size([64])
2024-12-22 02:24:13,069 - [Process 3/5] - INFO - len(per_windows_prompt):2
2024-12-22 02:24:19,238 - [Process 3/5] - INFO - res.shape is :torch.Size([64])
2024-12-22 02:24:19,347 - [Process 3/5] - INFO - len(per_windows_prompt):2
2024-12-22 02:24:25,438 - [Process 3/5] - INFO - res.shape is :torch.Size([64])
2024-12-22 02:24:25,552 - [Process 3/5] - INFO - len(per_windows_prompt):2
2024-12-22 02:24:31,699 - [Process 3/5] - INFO - res.shape is :torch.Size([64])
2024-12-22 02:24:31,816 - [Process 3/5] - INFO - len(per_windows_prompt):2
2024-12-22 02:24:37,902 - [Process 3/5] - INFO - res.shape is :torch.Size([64])
2024-12-22 02:24:37,966 - [Process 3/5] - INFO - len(per_windows_prompt):2
2024-12-22 02:24:42,359 - [Process 3/5] - INFO - res.shape is :torch.Size([64])
2024-12-22 02:24:42,476 - [Process 3/5] - INFO - len(per_windows_prompt):2
2024-12-22 02:24:48,745 - [Process 3/5] - INFO - res.shape is :torch.Size([64])
2024-12-22 02:24:48,809 - [Process 3/5] - INFO - len(per_windows_prompt):2
2024-12-22 02:24:53,114 - [Process 3/5] - INFO - res.shape is :torch.Size([64])
2024-12-22 02:24:53,220 - [Process 3/5] - INFO - len(per_windows_prompt):2
2024-12-22 02:24:59,393 - [Process 3/5] - INFO - res.shape is :torch.Size([64])
2024-12-22 02:24:59,451 - [Process 3/5] - INFO - len(per_windows_prompt):2
2024-12-22 02:25:03,681 - [Process 3/5] - INFO - res.shape is :torch.Size([64])
2024-12-22 02:25:03,773 - [Process 3/5] - INFO - len(per_windows_prompt):2
2024-12-22 02:25:09,521 - [Process 3/5] - INFO - res.shape is :torch.Size([64])
2024-12-22 02:25:09,583 - [Process 3/5] - INFO - len(per_windows_prompt):2
2024-12-22 02:25:13,893 - [Process 3/5] - INFO - res.shape is :torch.Size([64])
2024-12-22 02:25:14,003 - [Process 3/5] - INFO - len(per_windows_prompt):2
2024-12-22 02:25:20,182 - [Process 3/5] - INFO - res.shape is :torch.Size([64])
2024-12-22 02:25:20,248 - [Process 3/5] - INFO - len(per_windows_prompt):2
2024-12-22 02:25:25,007 - [Process 3/5] - INFO - res.shape is :torch.Size([64])
2024-12-22 02:25:25,078 - [Process 3/5] - INFO - len(per_windows_prompt):2
2024-12-22 02:25:29,967 - [Process 3/5] - INFO - res.shape is :torch.Size([64])
2024-12-22 02:25:30,032 - [Process 3/5] - INFO - len(per_windows_prompt):2
2024-12-22 02:25:34,441 - [Process 3/5] - INFO - res.shape is :torch.Size([64])
2024-12-22 02:25:34,548 - [Process 3/5] - INFO - len(per_windows_prompt):2
2024-12-22 02:25:40,718 - [Process 3/5] - INFO - res.shape is :torch.Size([64])
2024-12-22 02:25:40,837 - [Process 3/5] - INFO - len(per_windows_prompt):2
2024-12-22 02:25:46,926 - [Process 3/5] - INFO - res.shape is :torch.Size([64])
2024-12-22 02:25:46,990 - [Process 3/5] - INFO - len(per_windows_prompt):2
2024-12-22 02:25:51,403 - [Process 3/5] - INFO - res.shape is :torch.Size([64])
2024-12-22 02:25:51,524 - [Process 3/5] - INFO - len(per_windows_prompt):2
2024-12-22 02:25:57,695 - [Process 3/5] - INFO - res.shape is :torch.Size([64])
2024-12-22 02:25:57,777 - [Process 3/5] - INFO - len(per_windows_prompt):2
2024-12-22 02:26:02,979 - [Process 3/5] - INFO - res.shape is :torch.Size([64])
2024-12-22 02:26:03,056 - [Process 3/5] - INFO - len(per_windows_prompt):2
2024-12-22 02:26:08,042 - [Process 3/5] - INFO - res.shape is :torch.Size([64])
2024-12-22 02:26:08,145 - [Process 3/5] - INFO - len(per_windows_prompt):2
2024-12-22 02:26:14,435 - [Process 3/5] - INFO - res.shape is :torch.Size([64])
2024-12-22 02:26:14,518 - [Process 3/5] - INFO - len(per_windows_prompt):2
2024-12-22 02:26:19,774 - [Process 3/5] - INFO - res.shape is :torch.Size([64])
2024-12-22 02:26:19,845 - [Process 3/5] - INFO - len(per_windows_prompt):2
2024-12-22 02:26:23,716 - [Process 3/5] - INFO - res.shape is :torch.Size([39])
2024-12-22 02:26:23,826 - [Process 3/5] - INFO - len(per_windows_prompt):2
2024-12-22 02:26:29,914 - [Process 3/5] - INFO - res.shape is :torch.Size([64])
2024-12-22 02:26:29,987 - [Process 3/5] - INFO - len(per_windows_prompt):2
2024-12-22 02:26:34,804 - [Process 3/5] - INFO - res.shape is :torch.Size([64])
2024-12-22 02:26:34,853 - [Process 3/5] - INFO - len(per_windows_prompt):2
2024-12-22 02:26:38,693 - [Process 3/5] - INFO - res.shape is :torch.Size([64])
2024-12-22 02:26:38,806 - [Process 3/5] - INFO - len(per_windows_prompt):2
2024-12-22 02:26:45,099 - [Process 3/5] - INFO - res.shape is :torch.Size([64])
2024-12-22 02:26:45,147 - [Process 3/5] - INFO - len(per_windows_prompt):2
2024-12-22 02:26:48,616 - [Process 3/5] - INFO - res.shape is :torch.Size([53])
2024-12-22 02:26:48,732 - [Process 3/5] - INFO - len(per_windows_prompt):2
2024-12-22 02:26:54,906 - [Process 3/5] - INFO - res.shape is :torch.Size([64])
2024-12-22 02:26:55,002 - [Process 3/5] - INFO - len(per_windows_prompt):2
2024-12-22 02:27:00,807 - [Process 3/5] - INFO - res.shape is :torch.Size([64])
2024-12-22 02:27:00,896 - [Process 3/5] - INFO - len(per_windows_prompt):2
2024-12-22 02:27:06,240 - [Process 3/5] - INFO - res.shape is :torch.Size([64])
2024-12-22 02:27:06,329 - [Process 3/5] - INFO - len(per_windows_prompt):2
2024-12-22 02:27:11,815 - [Process 3/5] - INFO - res.shape is :torch.Size([64])
2024-12-22 02:27:11,933 - [Process 3/5] - INFO - len(per_windows_prompt):2
2024-12-22 02:27:18,030 - [Process 3/5] - INFO - res.shape is :torch.Size([64])
2024-12-22 02:27:18,138 - [Process 3/5] - INFO - len(per_windows_prompt):2
2024-12-22 02:27:24,319 - [Process 3/5] - INFO - res.shape is :torch.Size([64])
2024-12-22 02:27:24,389 - [Process 3/5] - INFO - len(per_windows_prompt):2
2024-12-22 02:27:29,143 - [Process 3/5] - INFO - res.shape is :torch.Size([64])
2024-12-22 02:27:29,200 - [Process 3/5] - INFO - len(per_windows_prompt):2
2024-12-22 02:27:33,288 - [Process 3/5] - INFO - res.shape is :torch.Size([64])
