2024-12-22 01:47:53,112 - [Process 4/5] - INFO - loading datasets finished
2024-12-22 01:47:53,112 - [Process 4/5] - INFO - model_max_len: 3950
2024-12-22 01:47:53,112 - [Process 4/5] - INFO - output_max_len: 32
2024-12-22 01:47:53,186 - [Process 4/5] - INFO - Max Length is 16633
2024-12-22 01:47:53,186 - [Process 4/5] - INFO - Finish loading dataset
2024-12-22 01:47:53,187 - [Process 4/5] - INFO - get_predicted begin
2024-12-22 01:47:57,972 - [Process 4/5] - INFO - len(per_windows_prompt):2
2024-12-22 01:48:04,065 - [Process 4/5] - INFO - res.shape is :torch.Size([3])
2024-12-22 01:48:04,327 - [Process 4/5] - INFO - len(per_windows_prompt):2
2024-12-22 01:48:10,751 - [Process 4/5] - INFO - res.shape is :torch.Size([32])
2024-12-22 01:48:10,973 - [Process 4/5] - INFO - len(per_windows_prompt):2
2024-12-22 01:48:15,851 - [Process 4/5] - INFO - res.shape is :torch.Size([7])
2024-12-22 01:48:16,087 - [Process 4/5] - INFO - len(per_windows_prompt):2
2024-12-22 01:48:20,862 - [Process 4/5] - INFO - res.shape is :torch.Size([6])
2024-12-22 01:48:20,944 - [Process 4/5] - INFO - len(per_windows_prompt):2
2024-12-22 01:48:23,923 - [Process 4/5] - INFO - res.shape is :torch.Size([4])
2024-12-22 01:48:24,102 - [Process 4/5] - INFO - len(per_windows_prompt):2
2024-12-22 01:48:29,216 - [Process 4/5] - INFO - res.shape is :torch.Size([3])
2024-12-22 01:48:29,371 - [Process 4/5] - INFO - len(per_windows_prompt):2
2024-12-22 01:48:32,905 - [Process 4/5] - INFO - res.shape is :torch.Size([4])
2024-12-22 01:48:33,190 - [Process 4/5] - INFO - len(per_windows_prompt):2
2024-12-22 01:48:40,402 - [Process 4/5] - INFO - res.shape is :torch.Size([5])
2024-12-22 01:48:40,716 - [Process 4/5] - INFO - len(per_windows_prompt):2
2024-12-22 01:48:45,986 - [Process 4/5] - INFO - res.shape is :torch.Size([4])
2024-12-22 01:48:46,109 - [Process 4/5] - INFO - len(per_windows_prompt):2
2024-12-22 01:48:50,626 - [Process 4/5] - INFO - res.shape is :torch.Size([3])
2024-12-22 01:48:50,873 - [Process 4/5] - INFO - len(per_windows_prompt):2
2024-12-22 01:48:57,655 - [Process 4/5] - INFO - res.shape is :torch.Size([32])
2024-12-22 01:48:57,952 - [Process 4/5] - INFO - len(per_windows_prompt):2
2024-12-22 01:49:04,265 - [Process 4/5] - INFO - res.shape is :torch.Size([32])
2024-12-22 01:49:04,540 - [Process 4/5] - INFO - len(per_windows_prompt):2
2024-12-22 01:49:15,140 - [Process 4/5] - INFO - res.shape is :torch.Size([32])
2024-12-22 01:49:15,376 - [Process 4/5] - INFO - len(per_windows_prompt):2
2024-12-22 01:49:20,657 - [Process 4/5] - INFO - res.shape is :torch.Size([3])
2024-12-22 01:49:20,873 - [Process 4/5] - INFO - len(per_windows_prompt):2
2024-12-22 01:49:29,353 - [Process 4/5] - INFO - res.shape is :torch.Size([32])
2024-12-22 01:49:29,652 - [Process 4/5] - INFO - len(per_windows_prompt):2
2024-12-22 01:49:34,919 - [Process 4/5] - INFO - res.shape is :torch.Size([4])
2024-12-22 01:49:35,155 - [Process 4/5] - INFO - len(per_windows_prompt):2
2024-12-22 01:49:39,966 - [Process 4/5] - INFO - res.shape is :torch.Size([6])
2024-12-22 01:49:40,209 - [Process 4/5] - INFO - len(per_windows_prompt):2
2024-12-22 01:49:46,001 - [Process 4/5] - INFO - res.shape is :torch.Size([10])
2024-12-22 01:49:46,102 - [Process 4/5] - INFO - len(per_windows_prompt):2
2024-12-22 01:49:52,234 - [Process 4/5] - INFO - res.shape is :torch.Size([32])
2024-12-22 01:49:52,488 - [Process 4/5] - INFO - len(per_windows_prompt):2
2024-12-22 01:49:57,786 - [Process 4/5] - INFO - res.shape is :torch.Size([32])
2024-12-22 01:49:58,049 - [Process 4/5] - INFO - len(per_windows_prompt):2
2024-12-22 01:50:02,371 - [Process 4/5] - INFO - res.shape is :torch.Size([4])
2024-12-22 01:50:02,587 - [Process 4/5] - INFO - len(per_windows_prompt):2
2024-12-22 01:50:09,739 - [Process 4/5] - INFO - res.shape is :torch.Size([6])
2024-12-22 01:50:09,943 - [Process 4/5] - INFO - len(per_windows_prompt):2
2024-12-22 01:50:16,730 - [Process 4/5] - INFO - res.shape is :torch.Size([4])
2024-12-22 01:50:16,926 - [Process 4/5] - INFO - len(per_windows_prompt):2
2024-12-22 01:50:21,960 - [Process 4/5] - INFO - res.shape is :torch.Size([5])
2024-12-22 01:50:22,175 - [Process 4/5] - INFO - len(per_windows_prompt):2
2024-12-22 01:50:28,371 - [Process 4/5] - INFO - res.shape is :torch.Size([32])
2024-12-22 01:50:28,614 - [Process 4/5] - INFO - len(per_windows_prompt):2
2024-12-22 01:50:33,213 - [Process 4/5] - INFO - res.shape is :torch.Size([5])
2024-12-22 01:50:33,368 - [Process 4/5] - INFO - len(per_windows_prompt):2
2024-12-22 01:50:38,361 - [Process 4/5] - INFO - res.shape is :torch.Size([3])
2024-12-22 01:50:38,666 - [Process 4/5] - INFO - len(per_windows_prompt):2
2024-12-22 01:50:47,643 - [Process 4/5] - INFO - res.shape is :torch.Size([21])
2024-12-22 01:50:47,836 - [Process 4/5] - INFO - len(per_windows_prompt):2
2024-12-22 01:50:54,583 - [Process 4/5] - INFO - res.shape is :torch.Size([7])
2024-12-22 01:50:54,879 - [Process 4/5] - INFO - len(per_windows_prompt):2
2024-12-22 01:50:59,387 - [Process 4/5] - INFO - res.shape is :torch.Size([3])
2024-12-22 01:50:59,594 - [Process 4/5] - INFO - len(per_windows_prompt):2
2024-12-22 01:51:05,566 - [Process 4/5] - INFO - res.shape is :torch.Size([5])
2024-12-22 01:51:05,790 - [Process 4/5] - INFO - len(per_windows_prompt):2
2024-12-22 01:51:13,904 - [Process 4/5] - INFO - res.shape is :torch.Size([32])
2024-12-22 01:51:14,154 - [Process 4/5] - INFO - len(per_windows_prompt):2
2024-12-22 01:51:22,320 - [Process 4/5] - INFO - res.shape is :torch.Size([32])
2024-12-22 01:51:22,449 - [Process 4/5] - INFO - len(per_windows_prompt):2
2024-12-22 01:51:27,126 - [Process 4/5] - INFO - res.shape is :torch.Size([32])
2024-12-22 01:51:27,395 - [Process 4/5] - INFO - len(per_windows_prompt):2
2024-12-22 01:51:32,644 - [Process 4/5] - INFO - res.shape is :torch.Size([5])
2024-12-22 01:51:32,890 - [Process 4/5] - INFO - len(per_windows_prompt):2
2024-12-22 01:51:37,312 - [Process 4/5] - INFO - res.shape is :torch.Size([5])
2024-12-22 01:51:37,567 - [Process 4/5] - INFO - len(per_windows_prompt):2
2024-12-22 01:51:46,525 - [Process 4/5] - INFO - res.shape is :torch.Size([32])
2024-12-22 01:51:46,746 - [Process 4/5] - INFO - len(per_windows_prompt):2
2024-12-22 01:51:53,759 - [Process 4/5] - INFO - res.shape is :torch.Size([32])
2024-12-22 01:51:54,041 - [Process 4/5] - INFO - len(per_windows_prompt):2
2024-12-22 01:51:58,666 - [Process 4/5] - INFO - res.shape is :torch.Size([3])
2024-12-22 01:51:58,806 - [Process 4/5] - INFO - len(per_windows_prompt):2
2024-12-22 01:52:02,618 - [Process 4/5] - INFO - res.shape is :torch.Size([4])
