2024-12-22 01:16:36,787 - [Process 1/5] - INFO - loading datasets finished
2024-12-22 01:16:36,788 - [Process 1/5] - INFO - model_max_len: 3950
2024-12-22 01:16:36,788 - [Process 1/5] - INFO - output_max_len: 128
2024-12-22 01:16:36,817 - [Process 1/5] - INFO - Max Length is 14660
2024-12-22 01:16:36,817 - [Process 1/5] - INFO - Finish loading dataset
2024-12-22 01:16:36,817 - [Process 1/5] - INFO - get_predicted begin
2024-12-22 01:16:41,641 - [Process 1/5] - INFO - len(per_windows_prompt):2
2024-12-22 01:16:46,680 - [Process 1/5] - INFO - res.shape is :torch.Size([4])
2024-12-22 01:16:46,890 - [Process 1/5] - INFO - len(per_windows_prompt):2
2024-12-22 01:16:51,109 - [Process 1/5] - INFO - res.shape is :torch.Size([2])
2024-12-22 01:16:51,242 - [Process 1/5] - INFO - len(per_windows_prompt):2
2024-12-22 01:16:54,270 - [Process 1/5] - INFO - res.shape is :torch.Size([3])
2024-12-22 01:16:54,456 - [Process 1/5] - INFO - len(per_windows_prompt):2
2024-12-22 01:16:58,762 - [Process 1/5] - INFO - res.shape is :torch.Size([4])
2024-12-22 01:16:58,970 - [Process 1/5] - INFO - len(per_windows_prompt):2
2024-12-22 01:17:03,271 - [Process 1/5] - INFO - res.shape is :torch.Size([4])
2024-12-22 01:17:03,467 - [Process 1/5] - INFO - len(per_windows_prompt):2
2024-12-22 01:17:07,789 - [Process 1/5] - INFO - res.shape is :torch.Size([4])
2024-12-22 01:17:07,923 - [Process 1/5] - INFO - len(per_windows_prompt):2
2024-12-22 01:17:15,991 - [Process 1/5] - INFO - res.shape is :torch.Size([128])
2024-12-22 01:17:16,197 - [Process 1/5] - INFO - len(per_windows_prompt):2
2024-12-22 01:17:20,340 - [Process 1/5] - INFO - res.shape is :torch.Size([4])
2024-12-22 01:17:20,517 - [Process 1/5] - INFO - len(per_windows_prompt):2
2024-12-22 01:17:24,326 - [Process 1/5] - INFO - res.shape is :torch.Size([4])
2024-12-22 01:17:24,520 - [Process 1/5] - INFO - len(per_windows_prompt):2
2024-12-22 01:17:28,832 - [Process 1/5] - INFO - res.shape is :torch.Size([4])
2024-12-22 01:17:29,006 - [Process 1/5] - INFO - len(per_windows_prompt):2
2024-12-22 01:17:33,109 - [Process 1/5] - INFO - res.shape is :torch.Size([4])
2024-12-22 01:17:33,307 - [Process 1/5] - INFO - len(per_windows_prompt):2
2024-12-22 01:17:37,376 - [Process 1/5] - INFO - res.shape is :torch.Size([2])
2024-12-22 01:17:37,557 - [Process 1/5] - INFO - len(per_windows_prompt):2
2024-12-22 01:17:41,812 - [Process 1/5] - INFO - res.shape is :torch.Size([2])
2024-12-22 01:17:41,909 - [Process 1/5] - INFO - len(per_windows_prompt):2
2024-12-22 01:17:44,370 - [Process 1/5] - INFO - res.shape is :torch.Size([4])
2024-12-22 01:17:44,698 - [Process 1/5] - INFO - len(per_windows_prompt):2
2024-12-22 01:17:48,802 - [Process 1/5] - INFO - res.shape is :torch.Size([3])
2024-12-22 01:17:48,993 - [Process 1/5] - INFO - len(per_windows_prompt):2
2024-12-22 01:17:53,332 - [Process 1/5] - INFO - res.shape is :torch.Size([4])
2024-12-22 01:17:53,524 - [Process 1/5] - INFO - len(per_windows_prompt):2
2024-12-22 01:17:57,686 - [Process 1/5] - INFO - res.shape is :torch.Size([4])
2024-12-22 01:17:58,020 - [Process 1/5] - INFO - len(per_windows_prompt):2
2024-12-22 01:18:02,258 - [Process 1/5] - INFO - res.shape is :torch.Size([2])
2024-12-22 01:18:02,464 - [Process 1/5] - INFO - len(per_windows_prompt):2
2024-12-22 01:18:07,803 - [Process 1/5] - INFO - res.shape is :torch.Size([31])
2024-12-22 01:18:07,957 - [Process 1/5] - INFO - len(per_windows_prompt):2
2024-12-22 01:18:11,337 - [Process 1/5] - INFO - res.shape is :torch.Size([2])
2024-12-22 01:18:11,516 - [Process 1/5] - INFO - len(per_windows_prompt):2
2024-12-22 01:18:15,625 - [Process 1/5] - INFO - res.shape is :torch.Size([4])
2024-12-22 01:18:15,811 - [Process 1/5] - INFO - len(per_windows_prompt):2
2024-12-22 01:18:20,033 - [Process 1/5] - INFO - res.shape is :torch.Size([4])
2024-12-22 01:18:20,191 - [Process 1/5] - INFO - len(per_windows_prompt):2
2024-12-22 01:18:23,865 - [Process 1/5] - INFO - res.shape is :torch.Size([4])
2024-12-22 01:18:24,071 - [Process 1/5] - INFO - len(per_windows_prompt):2
2024-12-22 01:18:28,301 - [Process 1/5] - INFO - res.shape is :torch.Size([5])
2024-12-22 01:18:28,485 - [Process 1/5] - INFO - len(per_windows_prompt):2
2024-12-22 01:18:32,851 - [Process 1/5] - INFO - res.shape is :torch.Size([4])
2024-12-22 01:18:32,976 - [Process 1/5] - INFO - len(per_windows_prompt):2
2024-12-22 01:18:36,013 - [Process 1/5] - INFO - res.shape is :torch.Size([4])
2024-12-22 01:18:36,204 - [Process 1/5] - INFO - len(per_windows_prompt):2
2024-12-22 01:18:40,376 - [Process 1/5] - INFO - res.shape is :torch.Size([4])
2024-12-22 01:18:40,608 - [Process 1/5] - INFO - len(per_windows_prompt):2
2024-12-22 01:18:44,965 - [Process 1/5] - INFO - res.shape is :torch.Size([4])
2024-12-22 01:18:45,140 - [Process 1/5] - INFO - len(per_windows_prompt):2
2024-12-22 01:18:49,195 - [Process 1/5] - INFO - res.shape is :torch.Size([2])
2024-12-22 01:18:49,346 - [Process 1/5] - INFO - len(per_windows_prompt):2
2024-12-22 01:18:52,843 - [Process 1/5] - INFO - res.shape is :torch.Size([4])
2024-12-22 01:18:53,039 - [Process 1/5] - INFO - len(per_windows_prompt):2
2024-12-22 01:18:57,218 - [Process 1/5] - INFO - res.shape is :torch.Size([4])
2024-12-22 01:18:57,342 - [Process 1/5] - INFO - len(per_windows_prompt):2
2024-12-22 01:19:02,333 - [Process 1/5] - INFO - res.shape is :torch.Size([52])
2024-12-22 01:19:02,538 - [Process 1/5] - INFO - len(per_windows_prompt):2
2024-12-22 01:19:06,712 - [Process 1/5] - INFO - res.shape is :torch.Size([4])
2024-12-22 01:19:06,938 - [Process 1/5] - INFO - len(per_windows_prompt):2
2024-12-22 01:19:11,118 - [Process 1/5] - INFO - res.shape is :torch.Size([4])
2024-12-22 01:19:11,314 - [Process 1/5] - INFO - len(per_windows_prompt):2
2024-12-22 01:19:15,491 - [Process 1/5] - INFO - res.shape is :torch.Size([4])
2024-12-22 01:19:15,642 - [Process 1/5] - INFO - len(per_windows_prompt):2
2024-12-22 01:19:19,130 - [Process 1/5] - INFO - res.shape is :torch.Size([4])
2024-12-22 01:19:19,315 - [Process 1/5] - INFO - len(per_windows_prompt):2
2024-12-22 01:19:23,666 - [Process 1/5] - INFO - res.shape is :torch.Size([4])
2024-12-22 01:19:23,859 - [Process 1/5] - INFO - len(per_windows_prompt):2
2024-12-22 01:19:28,187 - [Process 1/5] - INFO - res.shape is :torch.Size([4])
2024-12-22 01:19:28,294 - [Process 1/5] - INFO - len(per_windows_prompt):2
2024-12-22 01:19:31,924 - [Process 1/5] - INFO - res.shape is :torch.Size([30])
2024-12-22 01:19:32,105 - [Process 1/5] - INFO - len(per_windows_prompt):2
2024-12-22 01:19:37,661 - [Process 1/5] - INFO - res.shape is :torch.Size([36])
