2024-12-22 01:36:28,225 - [Process 2/5] - INFO - loading datasets finished
2024-12-22 01:36:28,226 - [Process 2/5] - INFO - model_max_len: 3950
2024-12-22 01:36:28,226 - [Process 2/5] - INFO - output_max_len: 32
2024-12-22 01:36:28,320 - [Process 2/5] - INFO - Max Length is 17355
2024-12-22 01:36:28,321 - [Process 2/5] - INFO - Finish loading dataset
2024-12-22 01:36:28,321 - [Process 2/5] - INFO - get_predicted begin
2024-12-22 01:36:33,003 - [Process 2/5] - INFO - len(per_windows_prompt):2
2024-12-22 01:36:37,535 - [Process 2/5] - INFO - res.shape is :torch.Size([8])
2024-12-22 01:36:37,705 - [Process 2/5] - INFO - len(per_windows_prompt):2
2024-12-22 01:36:41,651 - [Process 2/5] - INFO - res.shape is :torch.Size([7])
2024-12-22 01:36:41,822 - [Process 2/5] - INFO - len(per_windows_prompt):2
2024-12-22 01:36:46,638 - [Process 2/5] - INFO - res.shape is :torch.Size([29])
2024-12-22 01:36:46,810 - [Process 2/5] - INFO - len(per_windows_prompt):2
2024-12-22 01:36:50,782 - [Process 2/5] - INFO - res.shape is :torch.Size([5])
2024-12-22 01:36:50,952 - [Process 2/5] - INFO - len(per_windows_prompt):2
2024-12-22 01:36:54,874 - [Process 2/5] - INFO - res.shape is :torch.Size([2])
2024-12-22 01:36:55,035 - [Process 2/5] - INFO - len(per_windows_prompt):2
2024-12-22 01:36:58,897 - [Process 2/5] - INFO - res.shape is :torch.Size([5])
2024-12-22 01:36:59,063 - [Process 2/5] - INFO - len(per_windows_prompt):2
2024-12-22 01:37:03,052 - [Process 2/5] - INFO - res.shape is :torch.Size([5])
2024-12-22 01:37:03,221 - [Process 2/5] - INFO - len(per_windows_prompt):2
2024-12-22 01:37:07,258 - [Process 2/5] - INFO - res.shape is :torch.Size([7])
2024-12-22 01:37:07,434 - [Process 2/5] - INFO - len(per_windows_prompt):2
2024-12-22 01:37:11,251 - [Process 2/5] - INFO - res.shape is :torch.Size([3])
2024-12-22 01:37:11,417 - [Process 2/5] - INFO - len(per_windows_prompt):2
2024-12-22 01:37:15,493 - [Process 2/5] - INFO - res.shape is :torch.Size([8])
2024-12-22 01:37:15,657 - [Process 2/5] - INFO - len(per_windows_prompt):2
2024-12-22 01:37:19,539 - [Process 2/5] - INFO - res.shape is :torch.Size([5])
2024-12-22 01:37:19,702 - [Process 2/5] - INFO - len(per_windows_prompt):2
2024-12-22 01:37:23,813 - [Process 2/5] - INFO - res.shape is :torch.Size([7])
2024-12-22 01:37:23,983 - [Process 2/5] - INFO - len(per_windows_prompt):2
2024-12-22 01:37:28,061 - [Process 2/5] - INFO - res.shape is :torch.Size([5])
2024-12-22 01:37:28,224 - [Process 2/5] - INFO - len(per_windows_prompt):2
2024-12-22 01:37:32,233 - [Process 2/5] - INFO - res.shape is :torch.Size([7])
2024-12-22 01:37:32,402 - [Process 2/5] - INFO - len(per_windows_prompt):2
2024-12-22 01:37:36,482 - [Process 2/5] - INFO - res.shape is :torch.Size([5])
2024-12-22 01:37:36,656 - [Process 2/5] - INFO - len(per_windows_prompt):2
2024-12-22 01:37:40,593 - [Process 2/5] - INFO - res.shape is :torch.Size([5])
2024-12-22 01:37:40,763 - [Process 2/5] - INFO - len(per_windows_prompt):2
2024-12-22 01:37:44,947 - [Process 2/5] - INFO - res.shape is :torch.Size([9])
2024-12-22 01:37:45,113 - [Process 2/5] - INFO - len(per_windows_prompt):2
2024-12-22 01:37:49,075 - [Process 2/5] - INFO - res.shape is :torch.Size([7])
2024-12-22 01:37:49,248 - [Process 2/5] - INFO - len(per_windows_prompt):2
2024-12-22 01:37:53,274 - [Process 2/5] - INFO - res.shape is :torch.Size([5])
2024-12-22 01:37:53,439 - [Process 2/5] - INFO - len(per_windows_prompt):2
2024-12-22 01:37:57,528 - [Process 2/5] - INFO - res.shape is :torch.Size([5])
2024-12-22 01:37:57,698 - [Process 2/5] - INFO - len(per_windows_prompt):2
2024-12-22 01:38:01,786 - [Process 2/5] - INFO - res.shape is :torch.Size([5])
2024-12-22 01:38:01,953 - [Process 2/5] - INFO - len(per_windows_prompt):2
2024-12-22 01:38:06,115 - [Process 2/5] - INFO - res.shape is :torch.Size([7])
2024-12-22 01:38:06,284 - [Process 2/5] - INFO - len(per_windows_prompt):2
2024-12-22 01:38:10,455 - [Process 2/5] - INFO - res.shape is :torch.Size([7])
2024-12-22 01:38:10,627 - [Process 2/5] - INFO - len(per_windows_prompt):2
2024-12-22 01:38:14,754 - [Process 2/5] - INFO - res.shape is :torch.Size([6])
2024-12-22 01:38:14,920 - [Process 2/5] - INFO - len(per_windows_prompt):2
2024-12-22 01:38:18,827 - [Process 2/5] - INFO - res.shape is :torch.Size([5])
2024-12-22 01:38:18,994 - [Process 2/5] - INFO - len(per_windows_prompt):2
2024-12-22 01:38:22,906 - [Process 2/5] - INFO - res.shape is :torch.Size([5])
2024-12-22 01:38:23,077 - [Process 2/5] - INFO - len(per_windows_prompt):2
2024-12-22 01:38:27,169 - [Process 2/5] - INFO - res.shape is :torch.Size([6])
2024-12-22 01:38:27,342 - [Process 2/5] - INFO - len(per_windows_prompt):2
2024-12-22 01:38:31,380 - [Process 2/5] - INFO - res.shape is :torch.Size([8])
2024-12-22 01:38:31,513 - [Process 2/5] - INFO - len(per_windows_prompt):2
2024-12-22 01:38:35,905 - [Process 2/5] - INFO - res.shape is :torch.Size([17])
2024-12-22 01:38:36,076 - [Process 2/5] - INFO - len(per_windows_prompt):2
2024-12-22 01:38:40,196 - [Process 2/5] - INFO - res.shape is :torch.Size([8])
2024-12-22 01:38:40,357 - [Process 2/5] - INFO - len(per_windows_prompt):2
2024-12-22 01:38:44,271 - [Process 2/5] - INFO - res.shape is :torch.Size([4])
2024-12-22 01:38:44,436 - [Process 2/5] - INFO - len(per_windows_prompt):2
2024-12-22 01:38:48,354 - [Process 2/5] - INFO - res.shape is :torch.Size([4])
2024-12-22 01:38:48,519 - [Process 2/5] - INFO - len(per_windows_prompt):2
2024-12-22 01:38:52,385 - [Process 2/5] - INFO - res.shape is :torch.Size([4])
2024-12-22 01:38:52,552 - [Process 2/5] - INFO - len(per_windows_prompt):2
2024-12-22 01:38:56,515 - [Process 2/5] - INFO - res.shape is :torch.Size([5])
2024-12-22 01:38:56,672 - [Process 2/5] - INFO - len(per_windows_prompt):2
2024-12-22 01:39:00,567 - [Process 2/5] - INFO - res.shape is :torch.Size([4])
2024-12-22 01:39:00,736 - [Process 2/5] - INFO - len(per_windows_prompt):2
2024-12-22 01:39:04,657 - [Process 2/5] - INFO - res.shape is :torch.Size([5])
2024-12-22 01:39:04,830 - [Process 2/5] - INFO - len(per_windows_prompt):2
2024-12-22 01:39:09,094 - [Process 2/5] - INFO - res.shape is :torch.Size([14])
2024-12-22 01:39:09,259 - [Process 2/5] - INFO - len(per_windows_prompt):2
2024-12-22 01:39:13,814 - [Process 2/5] - INFO - res.shape is :torch.Size([18])
2024-12-22 01:39:13,984 - [Process 2/5] - INFO - len(per_windows_prompt):2
2024-12-22 01:39:18,065 - [Process 2/5] - INFO - res.shape is :torch.Size([6])
2024-12-22 01:39:18,234 - [Process 2/5] - INFO - len(per_windows_prompt):2
2024-12-22 01:39:22,332 - [Process 2/5] - INFO - res.shape is :torch.Size([5])
