2024-12-22 05:28:36,209 - [Process 0/5] - INFO - loading datasets finished
2024-12-22 05:28:36,209 - [Process 0/5] - INFO - model_max_len: 3950
2024-12-22 05:28:36,209 - [Process 0/5] - INFO - output_max_len: 32
2024-12-22 05:28:36,235 - [Process 0/5] - INFO - Max Length is 11950
2024-12-22 05:28:36,235 - [Process 0/5] - INFO - Finish loading dataset
2024-12-22 05:28:36,236 - [Process 0/5] - INFO - get_predicted begin
2024-12-22 05:28:40,989 - [Process 0/5] - INFO - len(per_windows_prompt):2
2024-12-22 05:28:45,549 - [Process 0/5] - INFO - res.shape is :torch.Size([8])
2024-12-22 05:28:45,671 - [Process 0/5] - INFO - len(per_windows_prompt):2
2024-12-22 05:28:49,683 - [Process 0/5] - INFO - res.shape is :torch.Size([8])
2024-12-22 05:28:49,801 - [Process 0/5] - INFO - len(per_windows_prompt):2
2024-12-22 05:28:53,774 - [Process 0/5] - INFO - res.shape is :torch.Size([8])
2024-12-22 05:28:53,918 - [Process 0/5] - INFO - len(per_windows_prompt):2
2024-12-22 05:28:57,684 - [Process 0/5] - INFO - res.shape is :torch.Size([2])
2024-12-22 05:28:57,803 - [Process 0/5] - INFO - len(per_windows_prompt):2
2024-12-22 05:29:01,752 - [Process 0/5] - INFO - res.shape is :torch.Size([8])
2024-12-22 05:29:01,871 - [Process 0/5] - INFO - len(per_windows_prompt):2
2024-12-22 05:29:05,782 - [Process 0/5] - INFO - res.shape is :torch.Size([5])
2024-12-22 05:29:05,903 - [Process 0/5] - INFO - len(per_windows_prompt):2
2024-12-22 05:29:09,807 - [Process 0/5] - INFO - res.shape is :torch.Size([6])
2024-12-22 05:29:09,948 - [Process 0/5] - INFO - len(per_windows_prompt):2
2024-12-22 05:29:13,922 - [Process 0/5] - INFO - res.shape is :torch.Size([7])
2024-12-22 05:29:14,038 - [Process 0/5] - INFO - len(per_windows_prompt):2
2024-12-22 05:29:17,822 - [Process 0/5] - INFO - res.shape is :torch.Size([2])
2024-12-22 05:29:17,948 - [Process 0/5] - INFO - len(per_windows_prompt):2
2024-12-22 05:29:21,765 - [Process 0/5] - INFO - res.shape is :torch.Size([4])
2024-12-22 05:29:21,926 - [Process 0/5] - INFO - len(per_windows_prompt):2
2024-12-22 05:29:25,818 - [Process 0/5] - INFO - res.shape is :torch.Size([6])
2024-12-22 05:29:25,929 - [Process 0/5] - INFO - len(per_windows_prompt):2
2024-12-22 05:29:30,607 - [Process 0/5] - INFO - res.shape is :torch.Size([26])
2024-12-22 05:29:30,673 - [Process 0/5] - INFO - len(per_windows_prompt):2
2024-12-22 05:29:33,459 - [Process 0/5] - INFO - res.shape is :torch.Size([9])
2024-12-22 05:29:33,571 - [Process 0/5] - INFO - len(per_windows_prompt):2
2024-12-22 05:29:37,653 - [Process 0/5] - INFO - res.shape is :torch.Size([10])
2024-12-22 05:29:37,774 - [Process 0/5] - INFO - len(per_windows_prompt):2
2024-12-22 05:29:41,541 - [Process 0/5] - INFO - res.shape is :torch.Size([2])
2024-12-22 05:29:41,703 - [Process 0/5] - INFO - len(per_windows_prompt):2
2024-12-22 05:29:45,633 - [Process 0/5] - INFO - res.shape is :torch.Size([5])
2024-12-22 05:29:45,710 - [Process 0/5] - INFO - len(per_windows_prompt):2
2024-12-22 05:29:48,607 - [Process 0/5] - INFO - res.shape is :torch.Size([7])
2024-12-22 05:29:48,736 - [Process 0/5] - INFO - len(per_windows_prompt):2
2024-12-22 05:29:52,527 - [Process 0/5] - INFO - res.shape is :torch.Size([2])
2024-12-22 05:29:52,559 - [Process 0/5] - INFO - len(per_windows_prompt):2
2024-12-22 05:29:53,838 - [Process 0/5] - INFO - res.shape is :torch.Size([2])
2024-12-22 05:29:53,950 - [Process 0/5] - INFO - len(per_windows_prompt):2
2024-12-22 05:29:57,811 - [Process 0/5] - INFO - res.shape is :torch.Size([3])
2024-12-22 05:29:57,919 - [Process 0/5] - INFO - len(per_windows_prompt):2
2024-12-22 05:30:01,608 - [Process 0/5] - INFO - res.shape is :torch.Size([3])
2024-12-22 05:30:01,748 - [Process 0/5] - INFO - len(per_windows_prompt):2
2024-12-22 05:30:05,590 - [Process 0/5] - INFO - res.shape is :torch.Size([5])
2024-12-22 05:30:05,743 - [Process 0/5] - INFO - len(per_windows_prompt):2
2024-12-22 05:30:09,683 - [Process 0/5] - INFO - res.shape is :torch.Size([6])
2024-12-22 05:30:09,813 - [Process 0/5] - INFO - len(per_windows_prompt):2
2024-12-22 05:30:13,806 - [Process 0/5] - INFO - res.shape is :torch.Size([6])
2024-12-22 05:30:13,937 - [Process 0/5] - INFO - len(per_windows_prompt):2
2024-12-22 05:30:17,791 - [Process 0/5] - INFO - res.shape is :torch.Size([7])
2024-12-22 05:30:17,839 - [Process 0/5] - INFO - len(per_windows_prompt):2
2024-12-22 05:30:19,956 - [Process 0/5] - INFO - res.shape is :torch.Size([11])
2024-12-22 05:30:20,069 - [Process 0/5] - INFO - len(per_windows_prompt):2
2024-12-22 05:30:24,177 - [Process 0/5] - INFO - res.shape is :torch.Size([9])
2024-12-22 05:30:24,295 - [Process 0/5] - INFO - len(per_windows_prompt):2
2024-12-22 05:30:28,035 - [Process 0/5] - INFO - res.shape is :torch.Size([2])
2024-12-22 05:30:28,151 - [Process 0/5] - INFO - len(per_windows_prompt):2
2024-12-22 05:30:32,186 - [Process 0/5] - INFO - res.shape is :torch.Size([7])
2024-12-22 05:30:32,308 - [Process 0/5] - INFO - len(per_windows_prompt):2
2024-12-22 05:30:36,206 - [Process 0/5] - INFO - res.shape is :torch.Size([5])
2024-12-22 05:30:36,325 - [Process 0/5] - INFO - len(per_windows_prompt):2
2024-12-22 05:30:40,666 - [Process 0/5] - INFO - res.shape is :torch.Size([17])
2024-12-22 05:30:40,793 - [Process 0/5] - INFO - len(per_windows_prompt):2
2024-12-22 05:30:44,653 - [Process 0/5] - INFO - res.shape is :torch.Size([4])
2024-12-22 05:30:44,820 - [Process 0/5] - INFO - len(per_windows_prompt):2
2024-12-22 05:30:48,563 - [Process 0/5] - INFO - res.shape is :torch.Size([2])
2024-12-22 05:30:48,673 - [Process 0/5] - INFO - len(per_windows_prompt):2
2024-12-22 05:30:52,462 - [Process 0/5] - INFO - res.shape is :torch.Size([2])
2024-12-22 05:30:52,579 - [Process 0/5] - INFO - len(per_windows_prompt):2
2024-12-22 05:30:56,497 - [Process 0/5] - INFO - res.shape is :torch.Size([5])
2024-12-22 05:30:56,608 - [Process 0/5] - INFO - len(per_windows_prompt):2
2024-12-22 05:31:00,534 - [Process 0/5] - INFO - res.shape is :torch.Size([5])
2024-12-22 05:31:00,653 - [Process 0/5] - INFO - len(per_windows_prompt):2
2024-12-22 05:31:04,554 - [Process 0/5] - INFO - res.shape is :torch.Size([4])
2024-12-22 05:31:04,663 - [Process 0/5] - INFO - len(per_windows_prompt):2
2024-12-22 05:31:08,510 - [Process 0/5] - INFO - res.shape is :torch.Size([3])
2024-12-22 05:31:08,642 - [Process 0/5] - INFO - len(per_windows_prompt):2
2024-12-22 05:31:12,623 - [Process 0/5] - INFO - res.shape is :torch.Size([6])
2024-12-22 05:31:12,746 - [Process 0/5] - INFO - len(per_windows_prompt):2
2024-12-22 05:31:16,609 - [Process 0/5] - INFO - res.shape is :torch.Size([4])
