2024-12-22 02:18:39,690 - [Process 4/5] - INFO - loading datasets finished
2024-12-22 02:18:39,691 - [Process 4/5] - INFO - model_max_len: 3950
2024-12-22 02:18:39,691 - [Process 4/5] - INFO - output_max_len: 64
2024-12-22 02:18:39,726 - [Process 4/5] - INFO - Max Length is 10029
2024-12-22 02:18:39,727 - [Process 4/5] - INFO - Finish loading dataset
2024-12-22 02:18:39,728 - [Process 4/5] - INFO - get_predicted begin
2024-12-22 02:18:44,555 - [Process 4/5] - INFO - len(per_windows_prompt):2
2024-12-22 02:18:51,759 - [Process 4/5] - INFO - res.shape is :torch.Size([64])
2024-12-22 02:18:51,907 - [Process 4/5] - INFO - len(per_windows_prompt):2
2024-12-22 02:18:57,392 - [Process 4/5] - INFO - res.shape is :torch.Size([64])
2024-12-22 02:18:57,528 - [Process 4/5] - INFO - len(per_windows_prompt):2
2024-12-22 02:19:02,982 - [Process 4/5] - INFO - res.shape is :torch.Size([64])
2024-12-22 02:19:03,099 - [Process 4/5] - INFO - len(per_windows_prompt):2
2024-12-22 02:19:08,228 - [Process 4/5] - INFO - res.shape is :torch.Size([64])
2024-12-22 02:19:08,406 - [Process 4/5] - INFO - len(per_windows_prompt):2
2024-12-22 02:19:14,784 - [Process 4/5] - INFO - res.shape is :torch.Size([64])
2024-12-22 02:19:14,972 - [Process 4/5] - INFO - len(per_windows_prompt):2
2024-12-22 02:19:21,281 - [Process 4/5] - INFO - res.shape is :torch.Size([64])
2024-12-22 02:19:21,473 - [Process 4/5] - INFO - len(per_windows_prompt):2
2024-12-22 02:19:27,887 - [Process 4/5] - INFO - res.shape is :torch.Size([64])
2024-12-22 02:19:27,974 - [Process 4/5] - INFO - len(per_windows_prompt):2
2024-12-22 02:19:32,193 - [Process 4/5] - INFO - res.shape is :torch.Size([64])
2024-12-22 02:19:32,382 - [Process 4/5] - INFO - len(per_windows_prompt):2
2024-12-22 02:19:38,595 - [Process 4/5] - INFO - res.shape is :torch.Size([64])
2024-12-22 02:19:38,727 - [Process 4/5] - INFO - len(per_windows_prompt):2
2024-12-22 02:19:43,695 - [Process 4/5] - INFO - res.shape is :torch.Size([64])
2024-12-22 02:19:43,933 - [Process 4/5] - INFO - len(per_windows_prompt):2
2024-12-22 02:19:50,152 - [Process 4/5] - INFO - res.shape is :torch.Size([64])
2024-12-22 02:19:50,259 - [Process 4/5] - INFO - len(per_windows_prompt):2
2024-12-22 02:19:54,855 - [Process 4/5] - INFO - res.shape is :torch.Size([64])
2024-12-22 02:19:54,998 - [Process 4/5] - INFO - len(per_windows_prompt):2
2024-12-22 02:20:00,433 - [Process 4/5] - INFO - res.shape is :torch.Size([64])
2024-12-22 02:20:00,643 - [Process 4/5] - INFO - len(per_windows_prompt):2
2024-12-22 02:20:06,991 - [Process 4/5] - INFO - res.shape is :torch.Size([64])
2024-12-22 02:20:07,127 - [Process 4/5] - INFO - len(per_windows_prompt):2
2024-12-22 02:20:12,085 - [Process 4/5] - INFO - res.shape is :torch.Size([64])
2024-12-22 02:20:12,203 - [Process 4/5] - INFO - len(per_windows_prompt):2
2024-12-22 02:20:17,251 - [Process 4/5] - INFO - res.shape is :torch.Size([64])
2024-12-22 02:20:17,379 - [Process 4/5] - INFO - len(per_windows_prompt):2
2024-12-22 02:20:22,167 - [Process 4/5] - INFO - res.shape is :torch.Size([64])
2024-12-22 02:20:22,302 - [Process 4/5] - INFO - len(per_windows_prompt):2
2024-12-22 02:20:27,092 - [Process 4/5] - INFO - res.shape is :torch.Size([47])
2024-12-22 02:20:27,192 - [Process 4/5] - INFO - len(per_windows_prompt):2
2024-12-22 02:20:31,934 - [Process 4/5] - INFO - res.shape is :torch.Size([64])
2024-12-22 02:20:32,108 - [Process 4/5] - INFO - len(per_windows_prompt):2
2024-12-22 02:20:38,522 - [Process 4/5] - INFO - res.shape is :torch.Size([64])
2024-12-22 02:20:38,647 - [Process 4/5] - INFO - len(per_windows_prompt):2
2024-12-22 02:20:43,757 - [Process 4/5] - INFO - res.shape is :torch.Size([62])
2024-12-22 02:20:43,876 - [Process 4/5] - INFO - len(per_windows_prompt):2
2024-12-22 02:20:48,856 - [Process 4/5] - INFO - res.shape is :torch.Size([64])
2024-12-22 02:20:49,049 - [Process 4/5] - INFO - len(per_windows_prompt):2
2024-12-22 02:20:55,527 - [Process 4/5] - INFO - res.shape is :torch.Size([64])
2024-12-22 02:20:55,686 - [Process 4/5] - INFO - len(per_windows_prompt):2
2024-12-22 02:21:01,353 - [Process 4/5] - INFO - res.shape is :torch.Size([64])
2024-12-22 02:21:01,467 - [Process 4/5] - INFO - len(per_windows_prompt):2
2024-12-22 02:21:06,218 - [Process 4/5] - INFO - res.shape is :torch.Size([64])
2024-12-22 02:21:06,321 - [Process 4/5] - INFO - len(per_windows_prompt):2
2024-12-22 02:21:10,719 - [Process 4/5] - INFO - res.shape is :torch.Size([64])
2024-12-22 02:21:10,889 - [Process 4/5] - INFO - len(per_windows_prompt):2
2024-12-22 02:21:16,732 - [Process 4/5] - INFO - res.shape is :torch.Size([64])
2024-12-22 02:21:16,930 - [Process 4/5] - INFO - len(per_windows_prompt):2
2024-12-22 02:21:23,415 - [Process 4/5] - INFO - res.shape is :torch.Size([64])
2024-12-22 02:21:23,544 - [Process 4/5] - INFO - len(per_windows_prompt):2
2024-12-22 02:21:28,658 - [Process 4/5] - INFO - res.shape is :torch.Size([64])
2024-12-22 02:21:28,804 - [Process 4/5] - INFO - len(per_windows_prompt):2
2024-12-22 02:21:34,225 - [Process 4/5] - INFO - res.shape is :torch.Size([64])
2024-12-22 02:21:34,339 - [Process 4/5] - INFO - len(per_windows_prompt):2
2024-12-22 02:21:39,102 - [Process 4/5] - INFO - res.shape is :torch.Size([64])
2024-12-22 02:21:39,176 - [Process 4/5] - INFO - len(per_windows_prompt):2
2024-12-22 02:21:43,142 - [Process 4/5] - INFO - res.shape is :torch.Size([64])
2024-12-22 02:21:43,247 - [Process 4/5] - INFO - len(per_windows_prompt):2
2024-12-22 02:21:47,614 - [Process 4/5] - INFO - res.shape is :torch.Size([64])
2024-12-22 02:21:47,837 - [Process 4/5] - INFO - len(per_windows_prompt):2
2024-12-22 02:21:54,192 - [Process 4/5] - INFO - res.shape is :torch.Size([64])
2024-12-22 02:21:54,404 - [Process 4/5] - INFO - len(per_windows_prompt):2
2024-12-22 02:22:00,859 - [Process 4/5] - INFO - res.shape is :torch.Size([64])
2024-12-22 02:22:01,013 - [Process 4/5] - INFO - len(per_windows_prompt):2
2024-12-22 02:22:05,171 - [Process 4/5] - INFO - res.shape is :torch.Size([32])
2024-12-22 02:22:05,264 - [Process 4/5] - INFO - len(per_windows_prompt):2
2024-12-22 02:22:09,472 - [Process 4/5] - INFO - res.shape is :torch.Size([64])
2024-12-22 02:22:09,570 - [Process 4/5] - INFO - len(per_windows_prompt):2
2024-12-22 02:22:14,222 - [Process 4/5] - INFO - res.shape is :torch.Size([64])
2024-12-22 02:22:14,348 - [Process 4/5] - INFO - len(per_windows_prompt):2
2024-12-22 02:22:19,409 - [Process 4/5] - INFO - res.shape is :torch.Size([64])
2024-12-22 02:22:19,561 - [Process 4/5] - INFO - len(per_windows_prompt):2
2024-12-22 02:22:25,368 - [Process 4/5] - INFO - res.shape is :torch.Size([64])
2024-12-22 02:22:25,494 - [Process 4/5] - INFO - len(per_windows_prompt):2
2024-12-22 02:22:29,261 - [Process 4/5] - INFO - res.shape is :torch.Size([27])
2024-12-22 02:22:29,366 - [Process 4/5] - INFO - len(per_windows_prompt):2
2024-12-22 02:22:33,943 - [Process 4/5] - INFO - res.shape is :torch.Size([64])
2024-12-22 02:22:34,050 - [Process 4/5] - INFO - len(per_windows_prompt):2
2024-12-22 02:22:38,745 - [Process 4/5] - INFO - res.shape is :torch.Size([64])
2024-12-22 02:22:38,971 - [Process 4/5] - INFO - len(per_windows_prompt):2
2024-12-22 02:22:45,455 - [Process 4/5] - INFO - res.shape is :torch.Size([64])
2024-12-22 02:22:45,597 - [Process 4/5] - INFO - len(per_windows_prompt):2
2024-12-22 02:22:51,104 - [Process 4/5] - INFO - res.shape is :torch.Size([64])
2024-12-22 02:22:51,213 - [Process 4/5] - INFO - len(per_windows_prompt):2
2024-12-22 02:22:56,197 - [Process 4/5] - INFO - res.shape is :torch.Size([64])
2024-12-22 02:22:56,301 - [Process 4/5] - INFO - len(per_windows_prompt):2
2024-12-22 02:23:01,081 - [Process 4/5] - INFO - res.shape is :torch.Size([64])
2024-12-22 02:23:01,189 - [Process 4/5] - INFO - len(per_windows_prompt):2
2024-12-22 02:23:05,936 - [Process 4/5] - INFO - res.shape is :torch.Size([64])
2024-12-22 02:23:06,017 - [Process 4/5] - INFO - len(per_windows_prompt):2
2024-12-22 02:23:09,895 - [Process 4/5] - INFO - res.shape is :torch.Size([63])
2024-12-22 02:23:10,031 - [Process 4/5] - INFO - len(per_windows_prompt):2
2024-12-22 02:23:15,434 - [Process 4/5] - INFO - res.shape is :torch.Size([64])
2024-12-22 02:23:15,553 - [Process 4/5] - INFO - len(per_windows_prompt):2
2024-12-22 02:23:20,616 - [Process 4/5] - INFO - res.shape is :torch.Size([64])
2024-12-22 02:23:20,717 - [Process 4/5] - INFO - len(per_windows_prompt):2
2024-12-22 02:23:25,654 - [Process 4/5] - INFO - res.shape is :torch.Size([64])
2024-12-22 02:23:25,789 - [Process 4/5] - INFO - len(per_windows_prompt):2
2024-12-22 02:23:31,403 - [Process 4/5] - INFO - res.shape is :torch.Size([64])
2024-12-22 02:23:31,584 - [Process 4/5] - INFO - len(per_windows_prompt):2
2024-12-22 02:23:38,060 - [Process 4/5] - INFO - res.shape is :torch.Size([64])
2024-12-22 02:23:38,169 - [Process 4/5] - INFO - len(per_windows_prompt):2
2024-12-22 02:23:43,077 - [Process 4/5] - INFO - res.shape is :torch.Size([64])
2024-12-22 02:23:43,270 - [Process 4/5] - INFO - len(per_windows_prompt):2
2024-12-22 02:23:49,597 - [Process 4/5] - INFO - res.shape is :torch.Size([64])
2024-12-22 02:23:49,735 - [Process 4/5] - INFO - len(per_windows_prompt):2
2024-12-22 02:23:55,299 - [Process 4/5] - INFO - res.shape is :torch.Size([64])
2024-12-22 02:23:55,471 - [Process 4/5] - INFO - len(per_windows_prompt):2
2024-12-22 02:24:01,824 - [Process 4/5] - INFO - res.shape is :torch.Size([64])
2024-12-22 02:24:02,052 - [Process 4/5] - INFO - len(per_windows_prompt):2
2024-12-22 02:24:08,677 - [Process 4/5] - INFO - res.shape is :torch.Size([64])
2024-12-22 02:24:08,803 - [Process 4/5] - INFO - len(per_windows_prompt):2
2024-12-22 02:24:14,141 - [Process 4/5] - INFO - res.shape is :torch.Size([64])
2024-12-22 02:24:14,255 - [Process 4/5] - INFO - len(per_windows_prompt):2
2024-12-22 02:24:18,963 - [Process 4/5] - INFO - res.shape is :torch.Size([64])
2024-12-22 02:24:19,163 - [Process 4/5] - INFO - len(per_windows_prompt):2
2024-12-22 02:24:25,587 - [Process 4/5] - INFO - res.shape is :torch.Size([64])
2024-12-22 02:24:25,741 - [Process 4/5] - INFO - len(per_windows_prompt):2
2024-12-22 02:24:31,338 - [Process 4/5] - INFO - res.shape is :torch.Size([64])
2024-12-22 02:24:31,554 - [Process 4/5] - INFO - len(per_windows_prompt):2
2024-12-22 02:24:38,141 - [Process 4/5] - INFO - res.shape is :torch.Size([64])
2024-12-22 02:24:38,348 - [Process 4/5] - INFO - len(per_windows_prompt):2
2024-12-22 02:24:44,743 - [Process 4/5] - INFO - res.shape is :torch.Size([64])
2024-12-22 02:24:44,901 - [Process 4/5] - INFO - len(per_windows_prompt):2
2024-12-22 02:24:50,774 - [Process 4/5] - INFO - res.shape is :torch.Size([64])
2024-12-22 02:24:50,935 - [Process 4/5] - INFO - len(per_windows_prompt):2
2024-12-22 02:24:57,184 - [Process 4/5] - INFO - res.shape is :torch.Size([64])
2024-12-22 02:24:57,391 - [Process 4/5] - INFO - len(per_windows_prompt):2
2024-12-22 02:25:03,872 - [Process 4/5] - INFO - res.shape is :torch.Size([64])
2024-12-22 02:25:04,066 - [Process 4/5] - INFO - len(per_windows_prompt):2
2024-12-22 02:25:10,414 - [Process 4/5] - INFO - res.shape is :torch.Size([64])
2024-12-22 02:25:10,523 - [Process 4/5] - INFO - len(per_windows_prompt):2
2024-12-22 02:25:15,195 - [Process 4/5] - INFO - res.shape is :torch.Size([57])
2024-12-22 02:25:15,338 - [Process 4/5] - INFO - len(per_windows_prompt):2
2024-12-22 02:25:20,876 - [Process 4/5] - INFO - res.shape is :torch.Size([64])
2024-12-22 02:25:21,065 - [Process 4/5] - INFO - len(per_windows_prompt):2
2024-12-22 02:25:27,434 - [Process 4/5] - INFO - res.shape is :torch.Size([64])
2024-12-22 02:25:27,533 - [Process 4/5] - INFO - len(per_windows_prompt):2
2024-12-22 02:25:32,158 - [Process 4/5] - INFO - res.shape is :torch.Size([64])
2024-12-22 02:25:32,336 - [Process 4/5] - INFO - len(per_windows_prompt):2
2024-12-22 02:25:38,628 - [Process 4/5] - INFO - res.shape is :torch.Size([64])
2024-12-22 02:25:38,725 - [Process 4/5] - INFO - len(per_windows_prompt):2
2024-12-22 02:25:43,553 - [Process 4/5] - INFO - res.shape is :torch.Size([64])
2024-12-22 02:25:43,743 - [Process 4/5] - INFO - len(per_windows_prompt):2
2024-12-22 02:25:50,053 - [Process 4/5] - INFO - res.shape is :torch.Size([64])
2024-12-22 02:25:50,160 - [Process 4/5] - INFO - len(per_windows_prompt):2
2024-12-22 02:25:54,961 - [Process 4/5] - INFO - res.shape is :torch.Size([64])
2024-12-22 02:25:55,079 - [Process 4/5] - INFO - len(per_windows_prompt):2
2024-12-22 02:26:00,213 - [Process 4/5] - INFO - res.shape is :torch.Size([64])
2024-12-22 02:26:00,330 - [Process 4/5] - INFO - len(per_windows_prompt):2
2024-12-22 02:26:03,860 - [Process 4/5] - INFO - res.shape is :torch.Size([36])
2024-12-22 02:26:03,997 - [Process 4/5] - INFO - len(per_windows_prompt):2
2024-12-22 02:26:09,334 - [Process 4/5] - INFO - res.shape is :torch.Size([64])
2024-12-22 02:26:09,457 - [Process 4/5] - INFO - len(per_windows_prompt):2
2024-12-22 02:26:13,385 - [Process 4/5] - INFO - res.shape is :torch.Size([33])
2024-12-22 02:26:13,578 - [Process 4/5] - INFO - len(per_windows_prompt):2
2024-12-22 02:26:19,984 - [Process 4/5] - INFO - res.shape is :torch.Size([64])
2024-12-22 02:26:20,159 - [Process 4/5] - INFO - len(per_windows_prompt):2
2024-12-22 02:26:26,555 - [Process 4/5] - INFO - res.shape is :torch.Size([64])
2024-12-22 02:26:26,733 - [Process 4/5] - INFO - len(per_windows_prompt):2
2024-12-22 02:26:33,008 - [Process 4/5] - INFO - res.shape is :torch.Size([64])
2024-12-22 02:26:33,228 - [Process 4/5] - INFO - len(per_windows_prompt):2
2024-12-22 02:26:39,701 - [Process 4/5] - INFO - res.shape is :torch.Size([64])
2024-12-22 02:26:39,785 - [Process 4/5] - INFO - len(per_windows_prompt):2
2024-12-22 02:26:43,959 - [Process 4/5] - INFO - res.shape is :torch.Size([64])
2024-12-22 02:26:44,154 - [Process 4/5] - INFO - len(per_windows_prompt):2
2024-12-22 02:26:50,610 - [Process 4/5] - INFO - res.shape is :torch.Size([64])
2024-12-22 02:26:50,811 - [Process 4/5] - INFO - len(per_windows_prompt):2
2024-12-22 02:26:57,336 - [Process 4/5] - INFO - res.shape is :torch.Size([64])
2024-12-22 02:26:57,449 - [Process 4/5] - INFO - len(per_windows_prompt):2
2024-12-22 02:27:02,258 - [Process 4/5] - INFO - res.shape is :torch.Size([64])
2024-12-22 02:27:02,379 - [Process 4/5] - INFO - len(per_windows_prompt):2
2024-12-22 02:27:07,530 - [Process 4/5] - INFO - res.shape is :torch.Size([64])
2024-12-22 02:27:07,760 - [Process 4/5] - INFO - len(per_windows_prompt):2
2024-12-22 02:27:14,298 - [Process 4/5] - INFO - res.shape is :torch.Size([64])
2024-12-22 02:27:14,446 - [Process 4/5] - INFO - len(per_windows_prompt):2
2024-12-22 02:27:19,910 - [Process 4/5] - INFO - res.shape is :torch.Size([64])
2024-12-22 02:27:20,102 - [Process 4/5] - INFO - len(per_windows_prompt):2
2024-12-22 02:27:26,671 - [Process 4/5] - INFO - res.shape is :torch.Size([64])
2024-12-22 02:27:26,759 - [Process 4/5] - INFO - len(per_windows_prompt):2
2024-12-22 02:27:31,035 - [Process 4/5] - INFO - res.shape is :torch.Size([64])
2024-12-22 02:27:31,206 - [Process 4/5] - INFO - len(per_windows_prompt):2
2024-12-22 02:27:37,121 - [Process 4/5] - INFO - res.shape is :torch.Size([64])
2024-12-22 02:27:37,259 - [Process 4/5] - INFO - len(per_windows_prompt):2
2024-12-22 02:27:42,538 - [Process 4/5] - INFO - res.shape is :torch.Size([64])
2024-12-22 02:27:42,741 - [Process 4/5] - INFO - len(per_windows_prompt):2
2024-12-22 02:27:49,313 - [Process 4/5] - INFO - res.shape is :torch.Size([64])
2024-12-22 02:27:49,461 - [Process 4/5] - INFO - len(per_windows_prompt):2
2024-12-22 02:27:55,397 - [Process 4/5] - INFO - res.shape is :torch.Size([64])
2024-12-22 02:27:55,527 - [Process 4/5] - INFO - len(per_windows_prompt):2
2024-12-22 02:28:00,985 - [Process 4/5] - INFO - res.shape is :torch.Size([64])
2024-12-22 02:28:01,088 - [Process 4/5] - INFO - len(per_windows_prompt):2
2024-12-22 02:28:05,489 - [Process 4/5] - INFO - res.shape is :torch.Size([64])
