2024-12-22 04:29:51,430 - [Process 1/5] - INFO - loading datasets finished
2024-12-22 04:29:51,430 - [Process 1/5] - INFO - model_max_len: 3950
2024-12-22 04:29:51,430 - [Process 1/5] - INFO - output_max_len: 64
2024-12-22 04:29:51,548 - [Process 1/5] - INFO - Max Length is 18754
2024-12-22 04:29:51,549 - [Process 1/5] - INFO - Finish loading dataset
2024-12-22 04:29:51,550 - [Process 1/5] - INFO - get_predicted begin
2024-12-22 04:29:56,270 - [Process 1/5] - INFO - len(per_windows_prompt):2
2024-12-22 04:30:04,021 - [Process 1/5] - INFO - res.shape is :torch.Size([64])
2024-12-22 04:30:04,230 - [Process 1/5] - INFO - len(per_windows_prompt):2
2024-12-22 04:30:10,856 - [Process 1/5] - INFO - res.shape is :torch.Size([64])
2024-12-22 04:30:11,076 - [Process 1/5] - INFO - len(per_windows_prompt):2
2024-12-22 04:30:19,154 - [Process 1/5] - INFO - res.shape is :torch.Size([64])
2024-12-22 04:30:19,448 - [Process 1/5] - INFO - len(per_windows_prompt):2
2024-12-22 04:30:27,897 - [Process 1/5] - INFO - res.shape is :torch.Size([64])
2024-12-22 04:30:28,028 - [Process 1/5] - INFO - len(per_windows_prompt):2
2024-12-22 04:30:35,216 - [Process 1/5] - INFO - res.shape is :torch.Size([64])
2024-12-22 04:30:35,464 - [Process 1/5] - INFO - len(per_windows_prompt):2
2024-12-22 04:30:42,562 - [Process 1/5] - INFO - res.shape is :torch.Size([64])
2024-12-22 04:30:42,784 - [Process 1/5] - INFO - len(per_windows_prompt):2
2024-12-22 04:30:50,577 - [Process 1/5] - INFO - res.shape is :torch.Size([64])
2024-12-22 04:30:50,781 - [Process 1/5] - INFO - len(per_windows_prompt):2
2024-12-22 04:30:59,860 - [Process 1/5] - INFO - res.shape is :torch.Size([64])
2024-12-22 04:31:00,062 - [Process 1/5] - INFO - len(per_windows_prompt):2
2024-12-22 04:31:07,945 - [Process 1/5] - INFO - res.shape is :torch.Size([64])
2024-12-22 04:31:08,181 - [Process 1/5] - INFO - len(per_windows_prompt):2
2024-12-22 04:31:16,072 - [Process 1/5] - INFO - res.shape is :torch.Size([64])
2024-12-22 04:31:16,289 - [Process 1/5] - INFO - len(per_windows_prompt):2
2024-12-22 04:31:23,742 - [Process 1/5] - INFO - res.shape is :torch.Size([64])
2024-12-22 04:31:23,930 - [Process 1/5] - INFO - len(per_windows_prompt):2
2024-12-22 04:31:30,668 - [Process 1/5] - INFO - res.shape is :torch.Size([64])
2024-12-22 04:31:30,945 - [Process 1/5] - INFO - len(per_windows_prompt):2
2024-12-22 04:31:39,836 - [Process 1/5] - INFO - res.shape is :torch.Size([64])
2024-12-22 04:31:40,033 - [Process 1/5] - INFO - len(per_windows_prompt):2
2024-12-22 04:31:48,266 - [Process 1/5] - INFO - res.shape is :torch.Size([64])
2024-12-22 04:31:48,537 - [Process 1/5] - INFO - len(per_windows_prompt):2
2024-12-22 04:31:56,394 - [Process 1/5] - INFO - res.shape is :torch.Size([64])
2024-12-22 04:31:56,664 - [Process 1/5] - INFO - len(per_windows_prompt):2
2024-12-22 04:32:05,744 - [Process 1/5] - INFO - res.shape is :torch.Size([64])
2024-12-22 04:32:05,940 - [Process 1/5] - INFO - len(per_windows_prompt):2
2024-12-22 04:32:13,426 - [Process 1/5] - INFO - res.shape is :torch.Size([64])
2024-12-22 04:32:13,612 - [Process 1/5] - INFO - len(per_windows_prompt):2
2024-12-22 04:32:20,964 - [Process 1/5] - INFO - res.shape is :torch.Size([64])
2024-12-22 04:32:21,163 - [Process 1/5] - INFO - len(per_windows_prompt):2
2024-12-22 04:32:28,728 - [Process 1/5] - INFO - res.shape is :torch.Size([64])
2024-12-22 04:32:28,872 - [Process 1/5] - INFO - len(per_windows_prompt):2
2024-12-22 04:32:35,382 - [Process 1/5] - INFO - res.shape is :torch.Size([64])
2024-12-22 04:32:35,647 - [Process 1/5] - INFO - len(per_windows_prompt):2
2024-12-22 04:32:42,949 - [Process 1/5] - INFO - res.shape is :torch.Size([64])
2024-12-22 04:32:43,148 - [Process 1/5] - INFO - len(per_windows_prompt):2
2024-12-22 04:32:52,959 - [Process 1/5] - INFO - res.shape is :torch.Size([64])
2024-12-22 04:32:53,146 - [Process 1/5] - INFO - len(per_windows_prompt):2
2024-12-22 04:33:01,783 - [Process 1/5] - INFO - res.shape is :torch.Size([64])
2024-12-22 04:33:02,061 - [Process 1/5] - INFO - len(per_windows_prompt):2
2024-12-22 04:33:10,364 - [Process 1/5] - INFO - res.shape is :torch.Size([64])
2024-12-22 04:33:10,648 - [Process 1/5] - INFO - len(per_windows_prompt):2
2024-12-22 04:33:20,303 - [Process 1/5] - INFO - res.shape is :torch.Size([64])
2024-12-22 04:33:20,540 - [Process 1/5] - INFO - len(per_windows_prompt):2
2024-12-22 04:33:30,774 - [Process 1/5] - INFO - res.shape is :torch.Size([64])
2024-12-22 04:33:30,955 - [Process 1/5] - INFO - len(per_windows_prompt):2
2024-12-22 04:33:38,794 - [Process 1/5] - INFO - res.shape is :torch.Size([64])
2024-12-22 04:33:39,151 - [Process 1/5] - INFO - len(per_windows_prompt):2
2024-12-22 04:33:47,028 - [Process 1/5] - INFO - res.shape is :torch.Size([64])
2024-12-22 04:33:47,242 - [Process 1/5] - INFO - len(per_windows_prompt):2
2024-12-22 04:33:55,534 - [Process 1/5] - INFO - res.shape is :torch.Size([64])
2024-12-22 04:33:55,741 - [Process 1/5] - INFO - len(per_windows_prompt):2
2024-12-22 04:34:02,810 - [Process 1/5] - INFO - res.shape is :torch.Size([64])
2024-12-22 04:34:03,023 - [Process 1/5] - INFO - len(per_windows_prompt):2
2024-12-22 04:34:10,934 - [Process 1/5] - INFO - res.shape is :torch.Size([59])
2024-12-22 04:34:11,161 - [Process 1/5] - INFO - len(per_windows_prompt):2
2024-12-22 04:34:16,817 - [Process 1/5] - INFO - res.shape is :torch.Size([35])
2024-12-22 04:34:17,100 - [Process 1/5] - INFO - len(per_windows_prompt):2
2024-12-22 04:34:24,651 - [Process 1/5] - INFO - res.shape is :torch.Size([64])
2024-12-22 04:34:24,873 - [Process 1/5] - INFO - len(per_windows_prompt):2
2024-12-22 04:34:32,037 - [Process 1/5] - INFO - res.shape is :torch.Size([64])
2024-12-22 04:34:32,268 - [Process 1/5] - INFO - len(per_windows_prompt):2
2024-12-22 04:34:41,478 - [Process 1/5] - INFO - res.shape is :torch.Size([64])
2024-12-22 04:34:41,773 - [Process 1/5] - INFO - len(per_windows_prompt):2
2024-12-22 04:34:51,794 - [Process 1/5] - INFO - res.shape is :torch.Size([64])
2024-12-22 04:34:51,998 - [Process 1/5] - INFO - len(per_windows_prompt):2
2024-12-22 04:35:00,155 - [Process 1/5] - INFO - res.shape is :torch.Size([57])
2024-12-22 04:35:00,328 - [Process 1/5] - INFO - len(per_windows_prompt):2
2024-12-22 04:35:07,438 - [Process 1/5] - INFO - res.shape is :torch.Size([64])
2024-12-22 04:35:07,733 - [Process 1/5] - INFO - len(per_windows_prompt):2
2024-12-22 04:35:15,551 - [Process 1/5] - INFO - res.shape is :torch.Size([54])
2024-12-22 04:35:15,784 - [Process 1/5] - INFO - len(per_windows_prompt):2
2024-12-22 04:35:23,024 - [Process 1/5] - INFO - res.shape is :torch.Size([64])
2024-12-22 04:35:23,306 - [Process 1/5] - INFO - len(per_windows_prompt):2
2024-12-22 04:35:30,895 - [Process 1/5] - INFO - res.shape is :torch.Size([64])
2024-12-22 04:35:31,092 - [Process 1/5] - INFO - len(per_windows_prompt):2
2024-12-22 04:35:39,206 - [Process 1/5] - INFO - res.shape is :torch.Size([64])
2024-12-22 04:35:39,423 - [Process 1/5] - INFO - len(per_windows_prompt):2
2024-12-22 04:35:48,748 - [Process 1/5] - INFO - res.shape is :torch.Size([64])
2024-12-22 04:35:48,995 - [Process 1/5] - INFO - len(per_windows_prompt):2
2024-12-22 04:35:56,060 - [Process 1/5] - INFO - res.shape is :torch.Size([64])
2024-12-22 04:35:56,141 - [Process 1/5] - INFO - len(per_windows_prompt):2
2024-12-22 04:36:03,674 - [Process 1/5] - INFO - res.shape is :torch.Size([64])
2024-12-22 04:36:03,890 - [Process 1/5] - INFO - len(per_windows_prompt):2
2024-12-22 04:36:11,642 - [Process 1/5] - INFO - res.shape is :torch.Size([64])
2024-12-22 04:36:11,844 - [Process 1/5] - INFO - len(per_windows_prompt):2
2024-12-22 04:36:20,223 - [Process 1/5] - INFO - res.shape is :torch.Size([64])
2024-12-22 04:36:20,445 - [Process 1/5] - INFO - len(per_windows_prompt):2
2024-12-22 04:36:28,260 - [Process 1/5] - INFO - res.shape is :torch.Size([64])
2024-12-22 04:36:28,432 - [Process 1/5] - INFO - len(per_windows_prompt):2
2024-12-22 04:36:35,406 - [Process 1/5] - INFO - res.shape is :torch.Size([64])
2024-12-22 04:36:35,613 - [Process 1/5] - INFO - len(per_windows_prompt):2
2024-12-22 04:36:45,199 - [Process 1/5] - INFO - res.shape is :torch.Size([64])
2024-12-22 04:36:45,381 - [Process 1/5] - INFO - len(per_windows_prompt):2
2024-12-22 04:36:54,626 - [Process 1/5] - INFO - res.shape is :torch.Size([64])
2024-12-22 04:36:54,847 - [Process 1/5] - INFO - len(per_windows_prompt):2
2024-12-22 04:37:01,906 - [Process 1/5] - INFO - res.shape is :torch.Size([64])
2024-12-22 04:37:02,096 - [Process 1/5] - INFO - len(per_windows_prompt):2
2024-12-22 04:37:09,046 - [Process 1/5] - INFO - res.shape is :torch.Size([64])
2024-12-22 04:37:09,218 - [Process 1/5] - INFO - len(per_windows_prompt):2
2024-12-22 04:37:17,524 - [Process 1/5] - INFO - res.shape is :torch.Size([64])
2024-12-22 04:37:17,927 - [Process 1/5] - INFO - len(per_windows_prompt):2
2024-12-22 04:37:25,019 - [Process 1/5] - INFO - res.shape is :torch.Size([64])
2024-12-22 04:37:25,192 - [Process 1/5] - INFO - len(per_windows_prompt):2
2024-12-22 04:37:31,804 - [Process 1/5] - INFO - res.shape is :torch.Size([37])
2024-12-22 04:37:32,043 - [Process 1/5] - INFO - len(per_windows_prompt):2
2024-12-22 04:37:38,911 - [Process 1/5] - INFO - res.shape is :torch.Size([64])
2024-12-22 04:37:39,172 - [Process 1/5] - INFO - len(per_windows_prompt):2
2024-12-22 04:37:48,569 - [Process 1/5] - INFO - res.shape is :torch.Size([64])
2024-12-22 04:37:48,831 - [Process 1/5] - INFO - len(per_windows_prompt):2
2024-12-22 04:37:56,308 - [Process 1/5] - INFO - res.shape is :torch.Size([64])
2024-12-22 04:37:56,506 - [Process 1/5] - INFO - len(per_windows_prompt):2
2024-12-22 04:38:04,168 - [Process 1/5] - INFO - res.shape is :torch.Size([64])
2024-12-22 04:38:04,359 - [Process 1/5] - INFO - len(per_windows_prompt):2
2024-12-22 04:38:11,771 - [Process 1/5] - INFO - res.shape is :torch.Size([45])
2024-12-22 04:38:12,178 - [Process 1/5] - INFO - len(per_windows_prompt):2
2024-12-22 04:38:19,743 - [Process 1/5] - INFO - res.shape is :torch.Size([64])
2024-12-22 04:38:19,928 - [Process 1/5] - INFO - len(per_windows_prompt):2
2024-12-22 04:38:28,243 - [Process 1/5] - INFO - res.shape is :torch.Size([64])
2024-12-22 04:38:28,476 - [Process 1/5] - INFO - len(per_windows_prompt):2
2024-12-22 04:38:36,855 - [Process 1/5] - INFO - res.shape is :torch.Size([64])
2024-12-22 04:38:37,153 - [Process 1/5] - INFO - len(per_windows_prompt):2
2024-12-22 04:38:45,000 - [Process 1/5] - INFO - res.shape is :torch.Size([64])
2024-12-22 04:38:45,229 - [Process 1/5] - INFO - len(per_windows_prompt):2
2024-12-22 04:38:53,877 - [Process 1/5] - INFO - res.shape is :torch.Size([64])
2024-12-22 04:38:54,055 - [Process 1/5] - INFO - len(per_windows_prompt):2
2024-12-22 04:39:02,075 - [Process 1/5] - INFO - res.shape is :torch.Size([64])
2024-12-22 04:39:02,280 - [Process 1/5] - INFO - len(per_windows_prompt):2
2024-12-22 04:39:10,869 - [Process 1/5] - INFO - res.shape is :torch.Size([64])
2024-12-22 04:39:11,122 - [Process 1/5] - INFO - len(per_windows_prompt):2
2024-12-22 04:39:18,122 - [Process 1/5] - INFO - res.shape is :torch.Size([64])
2024-12-22 04:39:18,339 - [Process 1/5] - INFO - len(per_windows_prompt):2
2024-12-22 04:39:26,209 - [Process 1/5] - INFO - res.shape is :torch.Size([64])
2024-12-22 04:39:26,546 - [Process 1/5] - INFO - len(per_windows_prompt):2
2024-12-22 04:39:35,296 - [Process 1/5] - INFO - res.shape is :torch.Size([64])
2024-12-22 04:39:35,469 - [Process 1/5] - INFO - len(per_windows_prompt):2
2024-12-22 04:39:43,286 - [Process 1/5] - INFO - res.shape is :torch.Size([64])
2024-12-22 04:39:43,617 - [Process 1/5] - INFO - len(per_windows_prompt):2
2024-12-22 04:39:50,666 - [Process 1/5] - INFO - res.shape is :torch.Size([64])
2024-12-22 04:39:50,912 - [Process 1/5] - INFO - len(per_windows_prompt):2
2024-12-22 04:39:58,075 - [Process 1/5] - INFO - res.shape is :torch.Size([64])
2024-12-22 04:39:58,254 - [Process 1/5] - INFO - len(per_windows_prompt):2
2024-12-22 04:40:05,860 - [Process 1/5] - INFO - res.shape is :torch.Size([64])
2024-12-22 04:40:06,082 - [Process 1/5] - INFO - len(per_windows_prompt):2
2024-12-22 04:40:12,837 - [Process 1/5] - INFO - res.shape is :torch.Size([49])
2024-12-22 04:40:13,071 - [Process 1/5] - INFO - len(per_windows_prompt):2
2024-12-22 04:40:20,811 - [Process 1/5] - INFO - res.shape is :torch.Size([64])
2024-12-22 04:40:21,023 - [Process 1/5] - INFO - len(per_windows_prompt):2
2024-12-22 04:40:29,211 - [Process 1/5] - INFO - res.shape is :torch.Size([64])
2024-12-22 04:40:29,386 - [Process 1/5] - INFO - len(per_windows_prompt):2
2024-12-22 04:40:36,303 - [Process 1/5] - INFO - res.shape is :torch.Size([64])
2024-12-22 04:40:36,504 - [Process 1/5] - INFO - len(per_windows_prompt):2
2024-12-22 04:40:45,919 - [Process 1/5] - INFO - res.shape is :torch.Size([64])
2024-12-22 04:40:46,227 - [Process 1/5] - INFO - len(per_windows_prompt):2
2024-12-22 04:40:54,291 - [Process 1/5] - INFO - res.shape is :torch.Size([64])
2024-12-22 04:40:54,422 - [Process 1/5] - INFO - len(per_windows_prompt):2
2024-12-22 04:41:01,654 - [Process 1/5] - INFO - res.shape is :torch.Size([64])
2024-12-22 04:41:01,887 - [Process 1/5] - INFO - len(per_windows_prompt):2
2024-12-22 04:41:08,949 - [Process 1/5] - INFO - res.shape is :torch.Size([64])
2024-12-22 04:41:09,180 - [Process 1/5] - INFO - len(per_windows_prompt):2
2024-12-22 04:41:16,977 - [Process 1/5] - INFO - res.shape is :torch.Size([64])
2024-12-22 04:41:17,159 - [Process 1/5] - INFO - len(per_windows_prompt):2
2024-12-22 04:41:22,892 - [Process 1/5] - INFO - res.shape is :torch.Size([25])
2024-12-22 04:41:23,201 - [Process 1/5] - INFO - len(per_windows_prompt):2
2024-12-22 04:41:32,112 - [Process 1/5] - INFO - res.shape is :torch.Size([64])
2024-12-22 04:41:32,364 - [Process 1/5] - INFO - len(per_windows_prompt):2
2024-12-22 04:41:41,718 - [Process 1/5] - INFO - res.shape is :torch.Size([64])
2024-12-22 04:41:41,911 - [Process 1/5] - INFO - len(per_windows_prompt):2
2024-12-22 04:41:50,410 - [Process 1/5] - INFO - res.shape is :torch.Size([64])
2024-12-22 04:41:50,550 - [Process 1/5] - INFO - len(per_windows_prompt):2
2024-12-22 04:41:59,552 - [Process 1/5] - INFO - res.shape is :torch.Size([64])
2024-12-22 04:41:59,839 - [Process 1/5] - INFO - len(per_windows_prompt):2
2024-12-22 04:42:07,986 - [Process 1/5] - INFO - res.shape is :torch.Size([64])
2024-12-22 04:42:08,183 - [Process 1/5] - INFO - len(per_windows_prompt):2
2024-12-22 04:42:16,035 - [Process 1/5] - INFO - res.shape is :torch.Size([64])
2024-12-22 04:42:16,273 - [Process 1/5] - INFO - len(per_windows_prompt):2
2024-12-22 04:42:24,436 - [Process 1/5] - INFO - res.shape is :torch.Size([64])
2024-12-22 04:42:24,685 - [Process 1/5] - INFO - len(per_windows_prompt):2
2024-12-22 04:42:32,540 - [Process 1/5] - INFO - res.shape is :torch.Size([64])
2024-12-22 04:42:32,717 - [Process 1/5] - INFO - len(per_windows_prompt):2
2024-12-22 04:42:40,814 - [Process 1/5] - INFO - res.shape is :torch.Size([64])
2024-12-22 04:42:40,999 - [Process 1/5] - INFO - len(per_windows_prompt):2
2024-12-22 04:42:47,960 - [Process 1/5] - INFO - res.shape is :torch.Size([64])
2024-12-22 04:42:48,186 - [Process 1/5] - INFO - len(per_windows_prompt):2
2024-12-22 04:42:55,051 - [Process 1/5] - INFO - res.shape is :torch.Size([28])
2024-12-22 04:42:55,235 - [Process 1/5] - INFO - len(per_windows_prompt):2
2024-12-22 04:43:03,053 - [Process 1/5] - INFO - res.shape is :torch.Size([64])
2024-12-22 04:43:03,311 - [Process 1/5] - INFO - len(per_windows_prompt):2
2024-12-22 04:43:09,912 - [Process 1/5] - INFO - res.shape is :torch.Size([37])
2024-12-22 04:43:10,145 - [Process 1/5] - INFO - len(per_windows_prompt):2
2024-12-22 04:43:18,765 - [Process 1/5] - INFO - res.shape is :torch.Size([64])
2024-12-22 04:43:18,963 - [Process 1/5] - INFO - len(per_windows_prompt):2
2024-12-22 04:43:27,300 - [Process 1/5] - INFO - res.shape is :torch.Size([64])
