2024-12-22 05:45:09,059 - [Process 1/5] - INFO - loading datasets finished
2024-12-22 05:45:09,059 - [Process 1/5] - INFO - model_max_len: 3950
2024-12-22 05:45:09,059 - [Process 1/5] - INFO - output_max_len: 32
2024-12-22 05:45:09,132 - [Process 1/5] - INFO - Max Length is 16633
2024-12-22 05:45:09,132 - [Process 1/5] - INFO - Finish loading dataset
2024-12-22 05:45:09,133 - [Process 1/5] - INFO - get_predicted begin
2024-12-22 05:45:13,909 - [Process 1/5] - INFO - len(per_windows_prompt):2
2024-12-22 05:45:21,052 - [Process 1/5] - INFO - res.shape is :torch.Size([32])
2024-12-22 05:45:21,260 - [Process 1/5] - INFO - len(per_windows_prompt):2
2024-12-22 05:45:26,943 - [Process 1/5] - INFO - res.shape is :torch.Size([32])
2024-12-22 05:45:27,118 - [Process 1/5] - INFO - len(per_windows_prompt):2
2024-12-22 05:45:31,029 - [Process 1/5] - INFO - res.shape is :torch.Size([6])
2024-12-22 05:45:31,227 - [Process 1/5] - INFO - len(per_windows_prompt):2
2024-12-22 05:45:35,725 - [Process 1/5] - INFO - res.shape is :torch.Size([2])
2024-12-22 05:45:35,993 - [Process 1/5] - INFO - len(per_windows_prompt):2
2024-12-22 05:45:41,323 - [Process 1/5] - INFO - res.shape is :torch.Size([3])
2024-12-22 05:45:41,569 - [Process 1/5] - INFO - len(per_windows_prompt):2
2024-12-22 05:45:46,866 - [Process 1/5] - INFO - res.shape is :torch.Size([32])
2024-12-22 05:45:47,086 - [Process 1/5] - INFO - len(per_windows_prompt):2
2024-12-22 05:45:51,359 - [Process 1/5] - INFO - res.shape is :torch.Size([4])
2024-12-22 05:45:51,621 - [Process 1/5] - INFO - len(per_windows_prompt):2
2024-12-22 05:45:58,301 - [Process 1/5] - INFO - res.shape is :torch.Size([32])
2024-12-22 05:45:58,557 - [Process 1/5] - INFO - len(per_windows_prompt):2
2024-12-22 05:46:03,245 - [Process 1/5] - INFO - res.shape is :torch.Size([4])
2024-12-22 05:46:03,478 - [Process 1/5] - INFO - len(per_windows_prompt):2
2024-12-22 05:46:08,337 - [Process 1/5] - INFO - res.shape is :torch.Size([8])
2024-12-22 05:46:08,561 - [Process 1/5] - INFO - len(per_windows_prompt):2
2024-12-22 05:46:13,136 - [Process 1/5] - INFO - res.shape is :torch.Size([3])
2024-12-22 05:46:13,375 - [Process 1/5] - INFO - len(per_windows_prompt):2
2024-12-22 05:46:17,338 - [Process 1/5] - INFO - res.shape is :torch.Size([4])
2024-12-22 05:46:17,538 - [Process 1/5] - INFO - len(per_windows_prompt):2
2024-12-22 05:46:22,103 - [Process 1/5] - INFO - res.shape is :torch.Size([10])
2024-12-22 05:46:22,378 - [Process 1/5] - INFO - len(per_windows_prompt):2
2024-12-22 05:46:26,877 - [Process 1/5] - INFO - res.shape is :torch.Size([5])
2024-12-22 05:46:26,967 - [Process 1/5] - INFO - len(per_windows_prompt):2
2024-12-22 05:46:29,938 - [Process 1/5] - INFO - res.shape is :torch.Size([3])
2024-12-22 05:46:30,249 - [Process 1/5] - INFO - len(per_windows_prompt):2
2024-12-22 05:46:34,317 - [Process 1/5] - INFO - res.shape is :torch.Size([4])
2024-12-22 05:46:34,555 - [Process 1/5] - INFO - len(per_windows_prompt):2
2024-12-22 05:46:39,709 - [Process 1/5] - INFO - res.shape is :torch.Size([23])
2024-12-22 05:46:39,866 - [Process 1/5] - INFO - len(per_windows_prompt):2
2024-12-22 05:46:43,989 - [Process 1/5] - INFO - res.shape is :torch.Size([6])
2024-12-22 05:46:44,166 - [Process 1/5] - INFO - len(per_windows_prompt):2
2024-12-22 05:46:48,335 - [Process 1/5] - INFO - res.shape is :torch.Size([4])
2024-12-22 05:46:48,486 - [Process 1/5] - INFO - len(per_windows_prompt):2
2024-12-22 05:46:53,536 - [Process 1/5] - INFO - res.shape is :torch.Size([5])
2024-12-22 05:46:53,666 - [Process 1/5] - INFO - len(per_windows_prompt):2
2024-12-22 05:47:00,502 - [Process 1/5] - INFO - res.shape is :torch.Size([32])
2024-12-22 05:47:00,627 - [Process 1/5] - INFO - len(per_windows_prompt):2
2024-12-22 05:47:04,733 - [Process 1/5] - INFO - res.shape is :torch.Size([6])
2024-12-22 05:47:04,910 - [Process 1/5] - INFO - len(per_windows_prompt):2
2024-12-22 05:47:09,503 - [Process 1/5] - INFO - res.shape is :torch.Size([5])
2024-12-22 05:47:09,693 - [Process 1/5] - INFO - len(per_windows_prompt):2
2024-12-22 05:47:16,256 - [Process 1/5] - INFO - res.shape is :torch.Size([32])
2024-12-22 05:47:16,397 - [Process 1/5] - INFO - len(per_windows_prompt):2
2024-12-22 05:47:21,850 - [Process 1/5] - INFO - res.shape is :torch.Size([7])
2024-12-22 05:47:21,895 - [Process 1/5] - INFO - len(per_windows_prompt):2
2024-12-22 05:47:25,327 - [Process 1/5] - INFO - res.shape is :torch.Size([32])
2024-12-22 05:47:25,449 - [Process 1/5] - INFO - len(per_windows_prompt):2
2024-12-22 05:47:30,333 - [Process 1/5] - INFO - res.shape is :torch.Size([5])
2024-12-22 05:47:30,460 - [Process 1/5] - INFO - len(per_windows_prompt):2
2024-12-22 05:47:34,756 - [Process 1/5] - INFO - res.shape is :torch.Size([3])
2024-12-22 05:47:34,889 - [Process 1/5] - INFO - len(per_windows_prompt):2
2024-12-22 05:47:40,523 - [Process 1/5] - INFO - res.shape is :torch.Size([3])
2024-12-22 05:47:40,683 - [Process 1/5] - INFO - len(per_windows_prompt):2
2024-12-22 05:47:45,316 - [Process 1/5] - INFO - res.shape is :torch.Size([5])
2024-12-22 05:47:45,453 - [Process 1/5] - INFO - len(per_windows_prompt):2
2024-12-22 05:47:50,867 - [Process 1/5] - INFO - res.shape is :torch.Size([9])
2024-12-22 05:47:50,922 - [Process 1/5] - INFO - len(per_windows_prompt):2
2024-12-22 05:47:53,740 - [Process 1/5] - INFO - res.shape is :torch.Size([21])
2024-12-22 05:47:53,828 - [Process 1/5] - INFO - len(per_windows_prompt):2
2024-12-22 05:47:59,300 - [Process 1/5] - INFO - res.shape is :torch.Size([32])
2024-12-22 05:47:59,452 - [Process 1/5] - INFO - len(per_windows_prompt):2
2024-12-22 05:48:05,550 - [Process 1/5] - INFO - res.shape is :torch.Size([32])
2024-12-22 05:48:05,736 - [Process 1/5] - INFO - len(per_windows_prompt):2
2024-12-22 05:48:09,961 - [Process 1/5] - INFO - res.shape is :torch.Size([7])
2024-12-22 05:48:10,118 - [Process 1/5] - INFO - len(per_windows_prompt):2
2024-12-22 05:48:14,251 - [Process 1/5] - INFO - res.shape is :torch.Size([3])
2024-12-22 05:48:14,385 - [Process 1/5] - INFO - len(per_windows_prompt):2
2024-12-22 05:48:18,590 - [Process 1/5] - INFO - res.shape is :torch.Size([4])
2024-12-22 05:48:18,779 - [Process 1/5] - INFO - len(per_windows_prompt):2
2024-12-22 05:48:24,159 - [Process 1/5] - INFO - res.shape is :torch.Size([18])
2024-12-22 05:48:24,277 - [Process 1/5] - INFO - len(per_windows_prompt):2
2024-12-22 05:48:29,915 - [Process 1/5] - INFO - res.shape is :torch.Size([4])
2024-12-22 05:48:30,073 - [Process 1/5] - INFO - len(per_windows_prompt):2
2024-12-22 05:48:35,818 - [Process 1/5] - INFO - res.shape is :torch.Size([32])
