2024-12-22 03:54:57,388 - [Process 3/5] - INFO - loading datasets finished
2024-12-22 03:54:57,388 - [Process 3/5] - INFO - model_max_len: 3950
2024-12-22 03:54:57,388 - [Process 3/5] - INFO - output_max_len: 32
2024-12-22 03:54:57,471 - [Process 3/5] - INFO - Max Length is 22099
2024-12-22 03:54:57,472 - [Process 3/5] - INFO - Finish loading dataset
2024-12-22 03:54:57,472 - [Process 3/5] - INFO - get_predicted begin
2024-12-22 03:55:02,240 - [Process 3/5] - INFO - len(per_windows_prompt):2
2024-12-22 03:55:06,843 - [Process 3/5] - INFO - res.shape is :torch.Size([2])
2024-12-22 03:55:07,165 - [Process 3/5] - INFO - len(per_windows_prompt):2
2024-12-22 03:55:10,950 - [Process 3/5] - INFO - res.shape is :torch.Size([2])
2024-12-22 03:55:11,289 - [Process 3/5] - INFO - len(per_windows_prompt):2
2024-12-22 03:55:15,189 - [Process 3/5] - INFO - res.shape is :torch.Size([2])
2024-12-22 03:55:15,494 - [Process 3/5] - INFO - len(per_windows_prompt):2
2024-12-22 03:55:19,321 - [Process 3/5] - INFO - res.shape is :torch.Size([2])
2024-12-22 03:55:19,584 - [Process 3/5] - INFO - len(per_windows_prompt):2
2024-12-22 03:55:23,381 - [Process 3/5] - INFO - res.shape is :torch.Size([2])
2024-12-22 03:55:23,598 - [Process 3/5] - INFO - len(per_windows_prompt):2
2024-12-22 03:55:27,441 - [Process 3/5] - INFO - res.shape is :torch.Size([2])
2024-12-22 03:55:27,801 - [Process 3/5] - INFO - len(per_windows_prompt):2
2024-12-22 03:55:31,641 - [Process 3/5] - INFO - res.shape is :torch.Size([2])
2024-12-22 03:55:31,854 - [Process 3/5] - INFO - len(per_windows_prompt):2
2024-12-22 03:55:35,712 - [Process 3/5] - INFO - res.shape is :torch.Size([2])
2024-12-22 03:55:35,973 - [Process 3/5] - INFO - len(per_windows_prompt):2
2024-12-22 03:55:39,824 - [Process 3/5] - INFO - res.shape is :torch.Size([2])
2024-12-22 03:55:40,103 - [Process 3/5] - INFO - len(per_windows_prompt):2
2024-12-22 03:55:44,556 - [Process 3/5] - INFO - res.shape is :torch.Size([16])
2024-12-22 03:55:44,854 - [Process 3/5] - INFO - len(per_windows_prompt):2
2024-12-22 03:55:48,848 - [Process 3/5] - INFO - res.shape is :torch.Size([2])
2024-12-22 03:55:49,122 - [Process 3/5] - INFO - len(per_windows_prompt):2
2024-12-22 03:55:53,135 - [Process 3/5] - INFO - res.shape is :torch.Size([2])
2024-12-22 03:55:53,354 - [Process 3/5] - INFO - len(per_windows_prompt):2
2024-12-22 03:55:57,213 - [Process 3/5] - INFO - res.shape is :torch.Size([2])
2024-12-22 03:55:57,490 - [Process 3/5] - INFO - len(per_windows_prompt):2
2024-12-22 03:56:01,392 - [Process 3/5] - INFO - res.shape is :torch.Size([2])
2024-12-22 03:56:01,676 - [Process 3/5] - INFO - len(per_windows_prompt):2
2024-12-22 03:56:05,559 - [Process 3/5] - INFO - res.shape is :torch.Size([2])
2024-12-22 03:56:05,897 - [Process 3/5] - INFO - len(per_windows_prompt):2
2024-12-22 03:56:09,917 - [Process 3/5] - INFO - res.shape is :torch.Size([2])
2024-12-22 03:56:10,196 - [Process 3/5] - INFO - len(per_windows_prompt):2
2024-12-22 03:56:14,126 - [Process 3/5] - INFO - res.shape is :torch.Size([2])
2024-12-22 03:56:14,327 - [Process 3/5] - INFO - len(per_windows_prompt):2
2024-12-22 03:56:18,210 - [Process 3/5] - INFO - res.shape is :torch.Size([2])
2024-12-22 03:56:18,421 - [Process 3/5] - INFO - len(per_windows_prompt):2
2024-12-22 03:56:22,466 - [Process 3/5] - INFO - res.shape is :torch.Size([6])
2024-12-22 03:56:22,761 - [Process 3/5] - INFO - len(per_windows_prompt):2
2024-12-22 03:56:26,625 - [Process 3/5] - INFO - res.shape is :torch.Size([2])
2024-12-22 03:56:26,911 - [Process 3/5] - INFO - len(per_windows_prompt):2
2024-12-22 03:56:30,778 - [Process 3/5] - INFO - res.shape is :torch.Size([2])
2024-12-22 03:56:31,077 - [Process 3/5] - INFO - len(per_windows_prompt):2
2024-12-22 03:56:34,973 - [Process 3/5] - INFO - res.shape is :torch.Size([2])
2024-12-22 03:56:35,220 - [Process 3/5] - INFO - len(per_windows_prompt):2
2024-12-22 03:56:39,708 - [Process 3/5] - INFO - res.shape is :torch.Size([16])
2024-12-22 03:56:40,021 - [Process 3/5] - INFO - len(per_windows_prompt):2
2024-12-22 03:56:43,908 - [Process 3/5] - INFO - res.shape is :torch.Size([2])
2024-12-22 03:56:44,196 - [Process 3/5] - INFO - len(per_windows_prompt):2
2024-12-22 03:56:48,225 - [Process 3/5] - INFO - res.shape is :torch.Size([2])
2024-12-22 03:56:48,482 - [Process 3/5] - INFO - len(per_windows_prompt):2
2024-12-22 03:56:52,512 - [Process 3/5] - INFO - res.shape is :torch.Size([2])
2024-12-22 03:56:52,835 - [Process 3/5] - INFO - len(per_windows_prompt):2
2024-12-22 03:56:56,705 - [Process 3/5] - INFO - res.shape is :torch.Size([2])
2024-12-22 03:56:57,014 - [Process 3/5] - INFO - len(per_windows_prompt):2
2024-12-22 03:57:00,884 - [Process 3/5] - INFO - res.shape is :torch.Size([2])
2024-12-22 03:57:01,100 - [Process 3/5] - INFO - len(per_windows_prompt):2
2024-12-22 03:57:04,937 - [Process 3/5] - INFO - res.shape is :torch.Size([2])
2024-12-22 03:57:05,192 - [Process 3/5] - INFO - len(per_windows_prompt):2
2024-12-22 03:57:09,032 - [Process 3/5] - INFO - res.shape is :torch.Size([2])
2024-12-22 03:57:09,243 - [Process 3/5] - INFO - len(per_windows_prompt):2
2024-12-22 03:57:13,090 - [Process 3/5] - INFO - res.shape is :torch.Size([2])
2024-12-22 03:57:13,402 - [Process 3/5] - INFO - len(per_windows_prompt):2
2024-12-22 03:57:17,247 - [Process 3/5] - INFO - res.shape is :torch.Size([2])
2024-12-22 03:57:17,450 - [Process 3/5] - INFO - len(per_windows_prompt):2
2024-12-22 03:57:22,073 - [Process 3/5] - INFO - res.shape is :torch.Size([16])
2024-12-22 03:57:22,324 - [Process 3/5] - INFO - len(per_windows_prompt):2
2024-12-22 03:57:26,212 - [Process 3/5] - INFO - res.shape is :torch.Size([2])
2024-12-22 03:57:26,527 - [Process 3/5] - INFO - len(per_windows_prompt):2
2024-12-22 03:57:30,562 - [Process 3/5] - INFO - res.shape is :torch.Size([2])
2024-12-22 03:57:30,840 - [Process 3/5] - INFO - len(per_windows_prompt):2
2024-12-22 03:57:34,737 - [Process 3/5] - INFO - res.shape is :torch.Size([2])
2024-12-22 03:57:34,981 - [Process 3/5] - INFO - len(per_windows_prompt):2
2024-12-22 03:57:39,013 - [Process 3/5] - INFO - res.shape is :torch.Size([2])
2024-12-22 03:57:39,230 - [Process 3/5] - INFO - len(per_windows_prompt):2
2024-12-22 03:57:43,720 - [Process 3/5] - INFO - res.shape is :torch.Size([16])
2024-12-22 03:57:43,996 - [Process 3/5] - INFO - len(per_windows_prompt):2
2024-12-22 03:57:47,841 - [Process 3/5] - INFO - res.shape is :torch.Size([2])
2024-12-22 03:57:48,122 - [Process 3/5] - INFO - len(per_windows_prompt):2
2024-12-22 03:57:51,966 - [Process 3/5] - INFO - res.shape is :torch.Size([2])
