2024-12-22 02:04:32,128 - [Process 1/5] - INFO - loading datasets finished
2024-12-22 02:04:32,128 - [Process 1/5] - INFO - model_max_len: 3950
2024-12-22 02:04:32,128 - [Process 1/5] - INFO - output_max_len: 512
2024-12-22 02:04:32,179 - [Process 1/5] - INFO - Max Length is 24585
2024-12-22 02:04:32,180 - [Process 1/5] - INFO - Finish loading dataset
2024-12-22 02:04:32,180 - [Process 1/5] - INFO - get_predicted begin
2024-12-22 02:04:36,976 - [Process 1/5] - INFO - len(per_windows_prompt):2
2024-12-22 02:04:45,914 - [Process 1/5] - INFO - res.shape is :torch.Size([104])
2024-12-22 02:04:46,194 - [Process 1/5] - INFO - len(per_windows_prompt):2
2024-12-22 02:04:54,351 - [Process 1/5] - INFO - res.shape is :torch.Size([103])
2024-12-22 02:04:54,502 - [Process 1/5] - INFO - len(per_windows_prompt):2
2024-12-22 02:05:01,605 - [Process 1/5] - INFO - res.shape is :torch.Size([98])
2024-12-22 02:05:01,872 - [Process 1/5] - INFO - len(per_windows_prompt):2
2024-12-22 02:05:10,529 - [Process 1/5] - INFO - res.shape is :torch.Size([114])
2024-12-22 02:05:10,719 - [Process 1/5] - INFO - len(per_windows_prompt):2
2024-12-22 02:05:18,857 - [Process 1/5] - INFO - res.shape is :torch.Size([99])
2024-12-22 02:05:19,153 - [Process 1/5] - INFO - len(per_windows_prompt):2
2024-12-22 02:05:26,139 - [Process 1/5] - INFO - res.shape is :torch.Size([71])
2024-12-22 02:05:26,403 - [Process 1/5] - INFO - len(per_windows_prompt):2
2024-12-22 02:05:33,166 - [Process 1/5] - INFO - res.shape is :torch.Size([69])
2024-12-22 02:05:33,401 - [Process 1/5] - INFO - len(per_windows_prompt):2
2024-12-22 02:05:39,944 - [Process 1/5] - INFO - res.shape is :torch.Size([62])
2024-12-22 02:05:40,179 - [Process 1/5] - INFO - len(per_windows_prompt):2
2024-12-22 02:05:46,153 - [Process 1/5] - INFO - res.shape is :torch.Size([50])
2024-12-22 02:05:46,394 - [Process 1/5] - INFO - len(per_windows_prompt):2
2024-12-22 02:05:53,336 - [Process 1/5] - INFO - res.shape is :torch.Size([72])
2024-12-22 02:05:53,640 - [Process 1/5] - INFO - len(per_windows_prompt):2
2024-12-22 02:06:03,198 - [Process 1/5] - INFO - res.shape is :torch.Size([132])
2024-12-22 02:06:03,460 - [Process 1/5] - INFO - len(per_windows_prompt):2
2024-12-22 02:06:10,718 - [Process 1/5] - INFO - res.shape is :torch.Size([78])
2024-12-22 02:06:10,937 - [Process 1/5] - INFO - len(per_windows_prompt):2
2024-12-22 02:06:19,754 - [Process 1/5] - INFO - res.shape is :torch.Size([111])
2024-12-22 02:06:19,988 - [Process 1/5] - INFO - len(per_windows_prompt):2
2024-12-22 02:06:26,019 - [Process 1/5] - INFO - res.shape is :torch.Size([54])
2024-12-22 02:06:26,299 - [Process 1/5] - INFO - len(per_windows_prompt):2
2024-12-22 02:06:32,937 - [Process 1/5] - INFO - res.shape is :torch.Size([63])
2024-12-22 02:06:33,197 - [Process 1/5] - INFO - len(per_windows_prompt):2
2024-12-22 02:06:42,987 - [Process 1/5] - INFO - res.shape is :torch.Size([137])
2024-12-22 02:06:43,193 - [Process 1/5] - INFO - len(per_windows_prompt):2
2024-12-22 02:06:51,674 - [Process 1/5] - INFO - res.shape is :torch.Size([107])
2024-12-22 02:06:51,954 - [Process 1/5] - INFO - len(per_windows_prompt):2
2024-12-22 02:07:00,356 - [Process 1/5] - INFO - res.shape is :torch.Size([105])
2024-12-22 02:07:00,581 - [Process 1/5] - INFO - len(per_windows_prompt):2
2024-12-22 02:07:07,556 - [Process 1/5] - INFO - res.shape is :torch.Size([68])
2024-12-22 02:07:07,775 - [Process 1/5] - INFO - len(per_windows_prompt):2
2024-12-22 02:07:14,081 - [Process 1/5] - INFO - res.shape is :torch.Size([59])
2024-12-22 02:07:14,322 - [Process 1/5] - INFO - len(per_windows_prompt):2
2024-12-22 02:07:20,547 - [Process 1/5] - INFO - res.shape is :torch.Size([59])
2024-12-22 02:07:20,780 - [Process 1/5] - INFO - len(per_windows_prompt):2
2024-12-22 02:07:28,516 - [Process 1/5] - INFO - res.shape is :torch.Size([94])
2024-12-22 02:07:28,840 - [Process 1/5] - INFO - len(per_windows_prompt):2
2024-12-22 02:07:39,855 - [Process 1/5] - INFO - res.shape is :torch.Size([162])
2024-12-22 02:07:40,142 - [Process 1/5] - INFO - len(per_windows_prompt):2
2024-12-22 02:07:49,882 - [Process 1/5] - INFO - res.shape is :torch.Size([135])
2024-12-22 02:07:50,305 - [Process 1/5] - INFO - len(per_windows_prompt):2
2024-12-22 02:07:57,063 - [Process 1/5] - INFO - res.shape is :torch.Size([67])
2024-12-22 02:07:57,276 - [Process 1/5] - INFO - len(per_windows_prompt):2
2024-12-22 02:08:05,209 - [Process 1/5] - INFO - res.shape is :torch.Size([98])
2024-12-22 02:08:05,435 - [Process 1/5] - INFO - len(per_windows_prompt):2
2024-12-22 02:08:12,331 - [Process 1/5] - INFO - res.shape is :torch.Size([71])
2024-12-22 02:08:12,544 - [Process 1/5] - INFO - len(per_windows_prompt):2
2024-12-22 02:08:21,742 - [Process 1/5] - INFO - res.shape is :torch.Size([123])
2024-12-22 02:08:21,989 - [Process 1/5] - INFO - len(per_windows_prompt):2
2024-12-22 02:08:30,292 - [Process 1/5] - INFO - res.shape is :torch.Size([106])
2024-12-22 02:08:30,598 - [Process 1/5] - INFO - len(per_windows_prompt):2
2024-12-22 02:08:38,138 - [Process 1/5] - INFO - res.shape is :torch.Size([86])
2024-12-22 02:08:38,562 - [Process 1/5] - INFO - len(per_windows_prompt):2
2024-12-22 02:08:43,252 - [Process 1/5] - INFO - res.shape is :torch.Size([23])
2024-12-22 02:08:43,528 - [Process 1/5] - INFO - len(per_windows_prompt):2
2024-12-22 02:08:48,810 - [Process 1/5] - INFO - res.shape is :torch.Size([36])
2024-12-22 02:08:49,051 - [Process 1/5] - INFO - len(per_windows_prompt):2
2024-12-22 02:08:54,324 - [Process 1/5] - INFO - res.shape is :torch.Size([34])
2024-12-22 02:08:54,600 - [Process 1/5] - INFO - len(per_windows_prompt):2
2024-12-22 02:09:00,061 - [Process 1/5] - INFO - res.shape is :torch.Size([39])
2024-12-22 02:09:00,272 - [Process 1/5] - INFO - len(per_windows_prompt):2
2024-12-22 02:09:08,924 - [Process 1/5] - INFO - res.shape is :torch.Size([108])
2024-12-22 02:09:09,134 - [Process 1/5] - INFO - len(per_windows_prompt):2
2024-12-22 02:09:15,202 - [Process 1/5] - INFO - res.shape is :torch.Size([51])
2024-12-22 02:09:15,458 - [Process 1/5] - INFO - len(per_windows_prompt):2
2024-12-22 02:09:21,749 - [Process 1/5] - INFO - res.shape is :torch.Size([57])
2024-12-22 02:09:22,104 - [Process 1/5] - INFO - len(per_windows_prompt):2
2024-12-22 02:09:29,643 - [Process 1/5] - INFO - res.shape is :torch.Size([85])
2024-12-22 02:09:29,927 - [Process 1/5] - INFO - len(per_windows_prompt):2
2024-12-22 02:09:37,475 - [Process 1/5] - INFO - res.shape is :torch.Size([88])
2024-12-22 02:09:37,755 - [Process 1/5] - INFO - len(per_windows_prompt):2
2024-12-22 02:09:42,414 - [Process 1/5] - INFO - res.shape is :torch.Size([22])
