2024-12-22 03:54:57,390 - [Process 0/5] - INFO - loading datasets finished
2024-12-22 03:54:57,391 - [Process 0/5] - INFO - model_max_len: 3950
2024-12-22 03:54:57,391 - [Process 0/5] - INFO - output_max_len: 32
2024-12-22 03:54:57,478 - [Process 0/5] - INFO - Max Length is 22099
2024-12-22 03:54:57,478 - [Process 0/5] - INFO - Finish loading dataset
2024-12-22 03:54:57,479 - [Process 0/5] - INFO - get_predicted begin
2024-12-22 03:55:02,239 - [Process 0/5] - INFO - len(per_windows_prompt):2
2024-12-22 03:55:06,800 - [Process 0/5] - INFO - res.shape is :torch.Size([2])
2024-12-22 03:55:07,083 - [Process 0/5] - INFO - len(per_windows_prompt):2
2024-12-22 03:55:10,841 - [Process 0/5] - INFO - res.shape is :torch.Size([2])
2024-12-22 03:55:11,077 - [Process 0/5] - INFO - len(per_windows_prompt):2
2024-12-22 03:55:14,840 - [Process 0/5] - INFO - res.shape is :torch.Size([2])
2024-12-22 03:55:15,185 - [Process 0/5] - INFO - len(per_windows_prompt):2
2024-12-22 03:55:18,965 - [Process 0/5] - INFO - res.shape is :torch.Size([2])
2024-12-22 03:55:19,331 - [Process 0/5] - INFO - len(per_windows_prompt):2
2024-12-22 03:55:23,101 - [Process 0/5] - INFO - res.shape is :torch.Size([2])
2024-12-22 03:55:23,340 - [Process 0/5] - INFO - len(per_windows_prompt):2
2024-12-22 03:55:27,258 - [Process 0/5] - INFO - res.shape is :torch.Size([2])
2024-12-22 03:55:27,461 - [Process 0/5] - INFO - len(per_windows_prompt):2
2024-12-22 03:55:31,301 - [Process 0/5] - INFO - res.shape is :torch.Size([2])
2024-12-22 03:55:31,596 - [Process 0/5] - INFO - len(per_windows_prompt):2
2024-12-22 03:55:35,392 - [Process 0/5] - INFO - res.shape is :torch.Size([2])
2024-12-22 03:55:35,694 - [Process 0/5] - INFO - len(per_windows_prompt):2
2024-12-22 03:55:39,497 - [Process 0/5] - INFO - res.shape is :torch.Size([2])
2024-12-22 03:55:39,781 - [Process 0/5] - INFO - len(per_windows_prompt):2
2024-12-22 03:55:43,591 - [Process 0/5] - INFO - res.shape is :torch.Size([2])
2024-12-22 03:55:43,909 - [Process 0/5] - INFO - len(per_windows_prompt):2
2024-12-22 03:55:47,719 - [Process 0/5] - INFO - res.shape is :torch.Size([2])
2024-12-22 03:55:47,984 - [Process 0/5] - INFO - len(per_windows_prompt):2
2024-12-22 03:55:51,747 - [Process 0/5] - INFO - res.shape is :torch.Size([2])
2024-12-22 03:55:51,936 - [Process 0/5] - INFO - len(per_windows_prompt):2
2024-12-22 03:55:56,333 - [Process 0/5] - INFO - res.shape is :torch.Size([16])
2024-12-22 03:55:56,686 - [Process 0/5] - INFO - len(per_windows_prompt):2
2024-12-22 03:56:00,481 - [Process 0/5] - INFO - res.shape is :torch.Size([2])
2024-12-22 03:56:00,767 - [Process 0/5] - INFO - len(per_windows_prompt):2
2024-12-22 03:56:04,569 - [Process 0/5] - INFO - res.shape is :torch.Size([2])
2024-12-22 03:56:04,845 - [Process 0/5] - INFO - len(per_windows_prompt):2
2024-12-22 03:56:08,611 - [Process 0/5] - INFO - res.shape is :torch.Size([2])
2024-12-22 03:56:08,847 - [Process 0/5] - INFO - len(per_windows_prompt):2
2024-12-22 03:56:12,614 - [Process 0/5] - INFO - res.shape is :torch.Size([2])
2024-12-22 03:56:12,854 - [Process 0/5] - INFO - len(per_windows_prompt):2
2024-12-22 03:56:16,702 - [Process 0/5] - INFO - res.shape is :torch.Size([2])
2024-12-22 03:56:17,002 - [Process 0/5] - INFO - len(per_windows_prompt):2
2024-12-22 03:56:20,808 - [Process 0/5] - INFO - res.shape is :torch.Size([2])
2024-12-22 03:56:21,016 - [Process 0/5] - INFO - len(per_windows_prompt):2
2024-12-22 03:56:25,433 - [Process 0/5] - INFO - res.shape is :torch.Size([16])
2024-12-22 03:56:25,738 - [Process 0/5] - INFO - len(per_windows_prompt):2
2024-12-22 03:56:29,565 - [Process 0/5] - INFO - res.shape is :torch.Size([2])
2024-12-22 03:56:29,883 - [Process 0/5] - INFO - len(per_windows_prompt):2
2024-12-22 03:56:33,710 - [Process 0/5] - INFO - res.shape is :torch.Size([2])
2024-12-22 03:56:34,026 - [Process 0/5] - INFO - len(per_windows_prompt):2
2024-12-22 03:56:37,851 - [Process 0/5] - INFO - res.shape is :torch.Size([2])
2024-12-22 03:56:38,086 - [Process 0/5] - INFO - len(per_windows_prompt):2
2024-12-22 03:56:41,891 - [Process 0/5] - INFO - res.shape is :torch.Size([2])
2024-12-22 03:56:42,120 - [Process 0/5] - INFO - len(per_windows_prompt):2
2024-12-22 03:56:46,000 - [Process 0/5] - INFO - res.shape is :torch.Size([2])
2024-12-22 03:56:46,301 - [Process 0/5] - INFO - len(per_windows_prompt):2
2024-12-22 03:56:50,257 - [Process 0/5] - INFO - res.shape is :torch.Size([2])
2024-12-22 03:56:50,475 - [Process 0/5] - INFO - len(per_windows_prompt):2
2024-12-22 03:56:54,437 - [Process 0/5] - INFO - res.shape is :torch.Size([2])
2024-12-22 03:56:54,790 - [Process 0/5] - INFO - len(per_windows_prompt):2
2024-12-22 03:56:58,668 - [Process 0/5] - INFO - res.shape is :torch.Size([2])
2024-12-22 03:56:58,946 - [Process 0/5] - INFO - len(per_windows_prompt):2
2024-12-22 03:57:02,766 - [Process 0/5] - INFO - res.shape is :torch.Size([2])
2024-12-22 03:57:03,063 - [Process 0/5] - INFO - len(per_windows_prompt):2
2024-12-22 03:57:06,892 - [Process 0/5] - INFO - res.shape is :torch.Size([2])
2024-12-22 03:57:07,187 - [Process 0/5] - INFO - len(per_windows_prompt):2
2024-12-22 03:57:10,970 - [Process 0/5] - INFO - res.shape is :torch.Size([2])
2024-12-22 03:57:11,221 - [Process 0/5] - INFO - len(per_windows_prompt):2
2024-12-22 03:57:15,031 - [Process 0/5] - INFO - res.shape is :torch.Size([2])
2024-12-22 03:57:15,281 - [Process 0/5] - INFO - len(per_windows_prompt):2
2024-12-22 03:57:19,062 - [Process 0/5] - INFO - res.shape is :torch.Size([2])
2024-12-22 03:57:19,335 - [Process 0/5] - INFO - len(per_windows_prompt):2
2024-12-22 03:57:23,155 - [Process 0/5] - INFO - res.shape is :torch.Size([2])
2024-12-22 03:57:23,486 - [Process 0/5] - INFO - len(per_windows_prompt):2
2024-12-22 03:57:27,302 - [Process 0/5] - INFO - res.shape is :torch.Size([2])
2024-12-22 03:57:27,557 - [Process 0/5] - INFO - len(per_windows_prompt):2
2024-12-22 03:57:31,420 - [Process 0/5] - INFO - res.shape is :torch.Size([2])
2024-12-22 03:57:31,705 - [Process 0/5] - INFO - len(per_windows_prompt):2
2024-12-22 03:57:35,485 - [Process 0/5] - INFO - res.shape is :torch.Size([2])
2024-12-22 03:57:35,826 - [Process 0/5] - INFO - len(per_windows_prompt):2
2024-12-22 03:57:39,641 - [Process 0/5] - INFO - res.shape is :torch.Size([2])
2024-12-22 03:57:39,917 - [Process 0/5] - INFO - len(per_windows_prompt):2
2024-12-22 03:57:43,691 - [Process 0/5] - INFO - res.shape is :torch.Size([2])
2024-12-22 03:57:43,958 - [Process 0/5] - INFO - len(per_windows_prompt):2
2024-12-22 03:57:47,774 - [Process 0/5] - INFO - res.shape is :torch.Size([2])
