2024-12-22 04:46:07,957 - [Process 0/5] - INFO - loading datasets finished
2024-12-22 04:46:07,957 - [Process 0/5] - INFO - model_max_len: 3950
2024-12-22 04:46:07,957 - [Process 0/5] - INFO - output_max_len: 512
2024-12-22 04:46:08,008 - [Process 0/5] - INFO - Max Length is 40508
2024-12-22 04:46:08,008 - [Process 0/5] - INFO - Finish loading dataset
2024-12-22 04:46:08,009 - [Process 0/5] - INFO - get_predicted begin
2024-12-22 04:46:12,734 - [Process 0/5] - INFO - len(per_windows_prompt):2
2024-12-22 04:46:28,059 - [Process 0/5] - INFO - res.shape is :torch.Size([242])
2024-12-22 04:46:28,365 - [Process 0/5] - INFO - len(per_windows_prompt):2
2024-12-22 04:46:40,708 - [Process 0/5] - INFO - res.shape is :torch.Size([189])
2024-12-22 04:46:40,977 - [Process 0/5] - INFO - len(per_windows_prompt):2
2024-12-22 04:47:00,039 - [Process 0/5] - INFO - res.shape is :torch.Size([341])
2024-12-22 04:47:00,286 - [Process 0/5] - INFO - len(per_windows_prompt):2
2024-12-22 04:47:10,480 - [Process 0/5] - INFO - res.shape is :torch.Size([144])
2024-12-22 04:47:10,762 - [Process 0/5] - INFO - len(per_windows_prompt):2
2024-12-22 04:47:22,737 - [Process 0/5] - INFO - res.shape is :torch.Size([188])
2024-12-22 04:47:22,977 - [Process 0/5] - INFO - len(per_windows_prompt):2
2024-12-22 04:47:48,077 - [Process 0/5] - INFO - res.shape is :torch.Size([475])
2024-12-22 04:47:48,284 - [Process 0/5] - INFO - len(per_windows_prompt):2
2024-12-22 04:48:01,006 - [Process 0/5] - INFO - res.shape is :torch.Size([202])
2024-12-22 04:48:01,314 - [Process 0/5] - INFO - len(per_windows_prompt):2
2024-12-22 04:48:28,222 - [Process 0/5] - INFO - res.shape is :torch.Size([512])
2024-12-22 04:48:28,443 - [Process 0/5] - INFO - len(per_windows_prompt):2
2024-12-22 04:48:48,902 - [Process 0/5] - INFO - res.shape is :torch.Size([373])
2024-12-22 04:48:49,195 - [Process 0/5] - INFO - len(per_windows_prompt):2
2024-12-22 04:49:00,814 - [Process 0/5] - INFO - res.shape is :torch.Size([175])
2024-12-22 04:49:01,134 - [Process 0/5] - INFO - len(per_windows_prompt):2
2024-12-22 04:49:13,763 - [Process 0/5] - INFO - res.shape is :torch.Size([195])
2024-12-22 04:49:14,028 - [Process 0/5] - INFO - len(per_windows_prompt):2
2024-12-22 04:49:32,247 - [Process 0/5] - INFO - res.shape is :torch.Size([325])
2024-12-22 04:49:32,503 - [Process 0/5] - INFO - len(per_windows_prompt):2
2024-12-22 04:49:48,741 - [Process 0/5] - INFO - res.shape is :torch.Size([279])
2024-12-22 04:49:49,000 - [Process 0/5] - INFO - len(per_windows_prompt):2
2024-12-22 04:50:02,795 - [Process 0/5] - INFO - res.shape is :torch.Size([229])
2024-12-22 04:50:03,163 - [Process 0/5] - INFO - len(per_windows_prompt):2
2024-12-22 04:50:15,541 - [Process 0/5] - INFO - res.shape is :torch.Size([197])
2024-12-22 04:50:15,786 - [Process 0/5] - INFO - len(per_windows_prompt):2
2024-12-22 04:50:30,949 - [Process 0/5] - INFO - res.shape is :torch.Size([258])
2024-12-22 04:50:31,173 - [Process 0/5] - INFO - len(per_windows_prompt):2
2024-12-22 04:50:48,406 - [Process 0/5] - INFO - res.shape is :torch.Size([303])
2024-12-22 04:50:48,687 - [Process 0/5] - INFO - len(per_windows_prompt):2
2024-12-22 04:51:05,986 - [Process 0/5] - INFO - res.shape is :torch.Size([303])
2024-12-22 04:51:06,207 - [Process 0/5] - INFO - len(per_windows_prompt):2
2024-12-22 04:51:19,332 - [Process 0/5] - INFO - res.shape is :torch.Size([209])
2024-12-22 04:51:19,539 - [Process 0/5] - INFO - len(per_windows_prompt):2
2024-12-22 04:51:38,257 - [Process 0/5] - INFO - res.shape is :torch.Size([329])
2024-12-22 04:51:38,505 - [Process 0/5] - INFO - len(per_windows_prompt):2
2024-12-22 04:51:52,466 - [Process 0/5] - INFO - res.shape is :torch.Size([231])
2024-12-22 04:51:52,768 - [Process 0/5] - INFO - len(per_windows_prompt):2
2024-12-22 04:52:06,521 - [Process 0/5] - INFO - res.shape is :torch.Size([221])
2024-12-22 04:52:06,812 - [Process 0/5] - INFO - len(per_windows_prompt):2
2024-12-22 04:52:19,518 - [Process 0/5] - INFO - res.shape is :torch.Size([200])
2024-12-22 04:52:19,828 - [Process 0/5] - INFO - len(per_windows_prompt):2
2024-12-22 04:52:33,616 - [Process 0/5] - INFO - res.shape is :torch.Size([220])
2024-12-22 04:52:33,911 - [Process 0/5] - INFO - len(per_windows_prompt):2
2024-12-22 04:52:45,469 - [Process 0/5] - INFO - res.shape is :torch.Size([173])
2024-12-22 04:52:45,766 - [Process 0/5] - INFO - len(per_windows_prompt):2
2024-12-22 04:52:56,255 - [Process 0/5] - INFO - res.shape is :torch.Size([154])
2024-12-22 04:52:56,499 - [Process 0/5] - INFO - len(per_windows_prompt):2
2024-12-22 04:53:07,942 - [Process 0/5] - INFO - res.shape is :torch.Size([175])
2024-12-22 04:53:08,199 - [Process 0/5] - INFO - len(per_windows_prompt):2
2024-12-22 04:53:20,553 - [Process 0/5] - INFO - res.shape is :torch.Size([191])
2024-12-22 04:53:20,825 - [Process 0/5] - INFO - len(per_windows_prompt):2
2024-12-22 04:53:39,398 - [Process 0/5] - INFO - res.shape is :torch.Size([327])
2024-12-22 04:53:39,723 - [Process 0/5] - INFO - len(per_windows_prompt):2
2024-12-22 04:53:57,173 - [Process 0/5] - INFO - res.shape is :torch.Size([310])
2024-12-22 04:53:57,341 - [Process 0/5] - INFO - len(per_windows_prompt):2
2024-12-22 04:54:13,843 - [Process 0/5] - INFO - res.shape is :torch.Size([312])
2024-12-22 04:54:14,102 - [Process 0/5] - INFO - len(per_windows_prompt):2
2024-12-22 04:54:32,902 - [Process 0/5] - INFO - res.shape is :torch.Size([330])
2024-12-22 04:54:33,125 - [Process 0/5] - INFO - len(per_windows_prompt):2
2024-12-22 04:54:52,187 - [Process 0/5] - INFO - res.shape is :torch.Size([348])
2024-12-22 04:54:52,441 - [Process 0/5] - INFO - len(per_windows_prompt):2
2024-12-22 04:55:03,598 - [Process 0/5] - INFO - res.shape is :torch.Size([173])
2024-12-22 04:55:03,828 - [Process 0/5] - INFO - len(per_windows_prompt):2
2024-12-22 04:55:18,487 - [Process 0/5] - INFO - res.shape is :torch.Size([247])
2024-12-22 04:55:18,618 - [Process 0/5] - INFO - len(per_windows_prompt):2
2024-12-22 04:55:33,183 - [Process 0/5] - INFO - res.shape is :torch.Size([287])
2024-12-22 04:55:33,480 - [Process 0/5] - INFO - len(per_windows_prompt):2
2024-12-22 04:55:51,168 - [Process 0/5] - INFO - res.shape is :torch.Size([310])
2024-12-22 04:55:51,363 - [Process 0/5] - INFO - len(per_windows_prompt):2
2024-12-22 04:56:05,472 - [Process 0/5] - INFO - res.shape is :torch.Size([246])
2024-12-22 04:56:05,754 - [Process 0/5] - INFO - len(per_windows_prompt):2
2024-12-22 04:56:20,453 - [Process 0/5] - INFO - res.shape is :torch.Size([259])
2024-12-22 04:56:20,771 - [Process 0/5] - INFO - len(per_windows_prompt):2
2024-12-22 04:56:35,671 - [Process 0/5] - INFO - res.shape is :torch.Size([265])
