2024-12-22 06:01:11,726 - [Process 4/5] - INFO - loading datasets finished
2024-12-22 06:01:11,727 - [Process 4/5] - INFO - model_max_len: 3950
2024-12-22 06:01:11,727 - [Process 4/5] - INFO - output_max_len: 512
2024-12-22 06:01:11,771 - [Process 4/5] - INFO - Max Length is 24585
2024-12-22 06:01:11,772 - [Process 4/5] - INFO - Finish loading dataset
2024-12-22 06:01:11,772 - [Process 4/5] - INFO - get_predicted begin
2024-12-22 06:01:16,592 - [Process 4/5] - INFO - len(per_windows_prompt):2
2024-12-22 06:01:28,421 - [Process 4/5] - INFO - res.shape is :torch.Size([167])
2024-12-22 06:01:28,700 - [Process 4/5] - INFO - len(per_windows_prompt):2
2024-12-22 06:01:34,211 - [Process 4/5] - INFO - res.shape is :torch.Size([43])
2024-12-22 06:01:34,434 - [Process 4/5] - INFO - len(per_windows_prompt):2
2024-12-22 06:01:41,774 - [Process 4/5] - INFO - res.shape is :torch.Size([86])
2024-12-22 06:01:41,975 - [Process 4/5] - INFO - len(per_windows_prompt):2
2024-12-22 06:01:47,769 - [Process 4/5] - INFO - res.shape is :torch.Size([47])
2024-12-22 06:01:47,956 - [Process 4/5] - INFO - len(per_windows_prompt):2
2024-12-22 06:01:57,573 - [Process 4/5] - INFO - res.shape is :torch.Size([132])
2024-12-22 06:01:57,775 - [Process 4/5] - INFO - len(per_windows_prompt):2
2024-12-22 06:02:03,403 - [Process 4/5] - INFO - res.shape is :torch.Size([44])
2024-12-22 06:02:03,768 - [Process 4/5] - INFO - len(per_windows_prompt):2
2024-12-22 06:02:11,395 - [Process 4/5] - INFO - res.shape is :torch.Size([93])
2024-12-22 06:02:11,590 - [Process 4/5] - INFO - len(per_windows_prompt):2
2024-12-22 06:02:17,825 - [Process 4/5] - INFO - res.shape is :torch.Size([59])
2024-12-22 06:02:18,089 - [Process 4/5] - INFO - len(per_windows_prompt):2
2024-12-22 06:02:23,723 - [Process 4/5] - INFO - res.shape is :torch.Size([45])
2024-12-22 06:02:24,005 - [Process 4/5] - INFO - len(per_windows_prompt):2
2024-12-22 06:02:29,752 - [Process 4/5] - INFO - res.shape is :torch.Size([48])
2024-12-22 06:02:30,010 - [Process 4/5] - INFO - len(per_windows_prompt):2
2024-12-22 06:02:35,346 - [Process 4/5] - INFO - res.shape is :torch.Size([38])
2024-12-22 06:02:35,622 - [Process 4/5] - INFO - len(per_windows_prompt):2
2024-12-22 06:02:42,871 - [Process 4/5] - INFO - res.shape is :torch.Size([78])
2024-12-22 06:02:43,246 - [Process 4/5] - INFO - len(per_windows_prompt):2
2024-12-22 06:02:51,250 - [Process 4/5] - INFO - res.shape is :torch.Size([95])
2024-12-22 06:02:51,477 - [Process 4/5] - INFO - len(per_windows_prompt):2
2024-12-22 06:02:59,479 - [Process 4/5] - INFO - res.shape is :torch.Size([98])
2024-12-22 06:02:59,672 - [Process 4/5] - INFO - len(per_windows_prompt):2
2024-12-22 06:03:05,568 - [Process 4/5] - INFO - res.shape is :torch.Size([52])
2024-12-22 06:03:05,823 - [Process 4/5] - INFO - len(per_windows_prompt):2
2024-12-22 06:03:15,340 - [Process 4/5] - INFO - res.shape is :torch.Size([133])
2024-12-22 06:03:15,602 - [Process 4/5] - INFO - len(per_windows_prompt):2
2024-12-22 06:03:21,258 - [Process 4/5] - INFO - res.shape is :torch.Size([45])
2024-12-22 06:03:21,456 - [Process 4/5] - INFO - len(per_windows_prompt):2
2024-12-22 06:03:27,864 - [Process 4/5] - INFO - res.shape is :torch.Size([61])
2024-12-22 06:03:28,145 - [Process 4/5] - INFO - len(per_windows_prompt):2
2024-12-22 06:03:35,229 - [Process 4/5] - INFO - res.shape is :torch.Size([76])
2024-12-22 06:03:35,488 - [Process 4/5] - INFO - len(per_windows_prompt):2
2024-12-22 06:03:42,649 - [Process 4/5] - INFO - res.shape is :torch.Size([79])
2024-12-22 06:03:42,922 - [Process 4/5] - INFO - len(per_windows_prompt):2
2024-12-22 06:03:50,142 - [Process 4/5] - INFO - res.shape is :torch.Size([80])
2024-12-22 06:03:50,376 - [Process 4/5] - INFO - len(per_windows_prompt):2
2024-12-22 06:03:56,400 - [Process 4/5] - INFO - res.shape is :torch.Size([54])
2024-12-22 06:03:56,786 - [Process 4/5] - INFO - len(per_windows_prompt):2
2024-12-22 06:04:05,951 - [Process 4/5] - INFO - res.shape is :torch.Size([127])
2024-12-22 06:04:06,194 - [Process 4/5] - INFO - len(per_windows_prompt):2
2024-12-22 06:04:11,680 - [Process 4/5] - INFO - res.shape is :torch.Size([42])
2024-12-22 06:04:11,925 - [Process 4/5] - INFO - len(per_windows_prompt):2
2024-12-22 06:04:18,639 - [Process 4/5] - INFO - res.shape is :torch.Size([69])
2024-12-22 06:04:18,919 - [Process 4/5] - INFO - len(per_windows_prompt):2
2024-12-22 06:04:24,507 - [Process 4/5] - INFO - res.shape is :torch.Size([43])
2024-12-22 06:04:24,867 - [Process 4/5] - INFO - len(per_windows_prompt):2
2024-12-22 06:04:32,174 - [Process 4/5] - INFO - res.shape is :torch.Size([85])
2024-12-22 06:04:32,387 - [Process 4/5] - INFO - len(per_windows_prompt):2
2024-12-22 06:04:37,914 - [Process 4/5] - INFO - res.shape is :torch.Size([40])
2024-12-22 06:04:38,136 - [Process 4/5] - INFO - len(per_windows_prompt):2
2024-12-22 06:04:43,598 - [Process 4/5] - INFO - res.shape is :torch.Size([38])
2024-12-22 06:04:43,997 - [Process 4/5] - INFO - len(per_windows_prompt):2
2024-12-22 06:04:50,118 - [Process 4/5] - INFO - res.shape is :torch.Size([53])
2024-12-22 06:04:50,321 - [Process 4/5] - INFO - len(per_windows_prompt):2
2024-12-22 06:04:56,014 - [Process 4/5] - INFO - res.shape is :torch.Size([45])
2024-12-22 06:04:56,247 - [Process 4/5] - INFO - len(per_windows_prompt):2
2024-12-22 06:05:03,780 - [Process 4/5] - INFO - res.shape is :torch.Size([88])
2024-12-22 06:05:04,008 - [Process 4/5] - INFO - len(per_windows_prompt):2
2024-12-22 06:05:09,276 - [Process 4/5] - INFO - res.shape is :torch.Size([35])
2024-12-22 06:05:09,559 - [Process 4/5] - INFO - len(per_windows_prompt):2
2024-12-22 06:05:15,457 - [Process 4/5] - INFO - res.shape is :torch.Size([49])
2024-12-22 06:05:15,733 - [Process 4/5] - INFO - len(per_windows_prompt):2
2024-12-22 06:05:21,117 - [Process 4/5] - INFO - res.shape is :torch.Size([37])
2024-12-22 06:05:21,358 - [Process 4/5] - INFO - len(per_windows_prompt):2
2024-12-22 06:05:29,072 - [Process 4/5] - INFO - res.shape is :torch.Size([90])
2024-12-22 06:05:29,350 - [Process 4/5] - INFO - len(per_windows_prompt):2
2024-12-22 06:05:35,776 - [Process 4/5] - INFO - res.shape is :torch.Size([61])
2024-12-22 06:05:35,995 - [Process 4/5] - INFO - len(per_windows_prompt):2
2024-12-22 06:05:43,043 - [Process 4/5] - INFO - res.shape is :torch.Size([74])
2024-12-22 06:05:43,335 - [Process 4/5] - INFO - len(per_windows_prompt):2
2024-12-22 06:05:52,723 - [Process 4/5] - INFO - res.shape is :torch.Size([127])
2024-12-22 06:05:52,936 - [Process 4/5] - INFO - len(per_windows_prompt):2
2024-12-22 06:05:59,503 - [Process 4/5] - INFO - res.shape is :torch.Size([67])
