2024-12-22 04:00:04,482 - [Process 0/5] - INFO - loading datasets finished
2024-12-22 04:00:04,482 - [Process 0/5] - INFO - model_max_len: 3950
2024-12-22 04:00:04,482 - [Process 0/5] - INFO - output_max_len: 32
2024-12-22 04:00:04,527 - [Process 0/5] - INFO - Max Length is 11516
2024-12-22 04:00:04,528 - [Process 0/5] - INFO - Finish loading dataset
2024-12-22 04:00:04,528 - [Process 0/5] - INFO - get_predicted begin
2024-12-22 04:00:09,270 - [Process 0/5] - INFO - len(per_windows_prompt):2
2024-12-22 04:00:13,784 - [Process 0/5] - INFO - res.shape is :torch.Size([6])
2024-12-22 04:00:13,931 - [Process 0/5] - INFO - len(per_windows_prompt):2
2024-12-22 04:00:17,854 - [Process 0/5] - INFO - res.shape is :torch.Size([6])
2024-12-22 04:00:18,006 - [Process 0/5] - INFO - len(per_windows_prompt):2
2024-12-22 04:00:21,893 - [Process 0/5] - INFO - res.shape is :torch.Size([3])
2024-12-22 04:00:22,043 - [Process 0/5] - INFO - len(per_windows_prompt):2
2024-12-22 04:00:26,099 - [Process 0/5] - INFO - res.shape is :torch.Size([6])
2024-12-22 04:00:26,247 - [Process 0/5] - INFO - len(per_windows_prompt):2
2024-12-22 04:00:30,230 - [Process 0/5] - INFO - res.shape is :torch.Size([3])
2024-12-22 04:00:30,377 - [Process 0/5] - INFO - len(per_windows_prompt):2
2024-12-22 04:00:34,282 - [Process 0/5] - INFO - res.shape is :torch.Size([3])
2024-12-22 04:00:34,429 - [Process 0/5] - INFO - len(per_windows_prompt):2
2024-12-22 04:00:38,378 - [Process 0/5] - INFO - res.shape is :torch.Size([3])
2024-12-22 04:00:38,524 - [Process 0/5] - INFO - len(per_windows_prompt):2
2024-12-22 04:00:42,443 - [Process 0/5] - INFO - res.shape is :torch.Size([3])
2024-12-22 04:00:42,582 - [Process 0/5] - INFO - len(per_windows_prompt):2
2024-12-22 04:00:46,491 - [Process 0/5] - INFO - res.shape is :torch.Size([3])
2024-12-22 04:00:46,648 - [Process 0/5] - INFO - len(per_windows_prompt):2
2024-12-22 04:00:50,524 - [Process 0/5] - INFO - res.shape is :torch.Size([6])
2024-12-22 04:00:50,674 - [Process 0/5] - INFO - len(per_windows_prompt):2
2024-12-22 04:00:54,825 - [Process 0/5] - INFO - res.shape is :torch.Size([6])
2024-12-22 04:00:54,980 - [Process 0/5] - INFO - len(per_windows_prompt):2
2024-12-22 04:00:59,181 - [Process 0/5] - INFO - res.shape is :torch.Size([6])
2024-12-22 04:00:59,330 - [Process 0/5] - INFO - len(per_windows_prompt):2
2024-12-22 04:01:03,347 - [Process 0/5] - INFO - res.shape is :torch.Size([3])
2024-12-22 04:01:03,501 - [Process 0/5] - INFO - len(per_windows_prompt):2
2024-12-22 04:01:07,660 - [Process 0/5] - INFO - res.shape is :torch.Size([5])
2024-12-22 04:01:07,824 - [Process 0/5] - INFO - len(per_windows_prompt):2
2024-12-22 04:01:11,840 - [Process 0/5] - INFO - res.shape is :torch.Size([3])
2024-12-22 04:01:11,993 - [Process 0/5] - INFO - len(per_windows_prompt):2
2024-12-22 04:01:16,029 - [Process 0/5] - INFO - res.shape is :torch.Size([3])
2024-12-22 04:01:16,178 - [Process 0/5] - INFO - len(per_windows_prompt):2
2024-12-22 04:01:20,277 - [Process 0/5] - INFO - res.shape is :torch.Size([3])
2024-12-22 04:01:20,423 - [Process 0/5] - INFO - len(per_windows_prompt):2
2024-12-22 04:01:24,544 - [Process 0/5] - INFO - res.shape is :torch.Size([5])
2024-12-22 04:01:24,694 - [Process 0/5] - INFO - len(per_windows_prompt):2
2024-12-22 04:01:28,587 - [Process 0/5] - INFO - res.shape is :torch.Size([3])
2024-12-22 04:01:28,748 - [Process 0/5] - INFO - len(per_windows_prompt):2
2024-12-22 04:01:32,558 - [Process 0/5] - INFO - res.shape is :torch.Size([2])
2024-12-22 04:01:32,710 - [Process 0/5] - INFO - len(per_windows_prompt):2
2024-12-22 04:01:36,806 - [Process 0/5] - INFO - res.shape is :torch.Size([3])
2024-12-22 04:01:36,959 - [Process 0/5] - INFO - len(per_windows_prompt):2
2024-12-22 04:01:40,892 - [Process 0/5] - INFO - res.shape is :torch.Size([3])
2024-12-22 04:01:41,037 - [Process 0/5] - INFO - len(per_windows_prompt):2
2024-12-22 04:01:45,060 - [Process 0/5] - INFO - res.shape is :torch.Size([3])
2024-12-22 04:01:45,208 - [Process 0/5] - INFO - len(per_windows_prompt):2
2024-12-22 04:01:49,260 - [Process 0/5] - INFO - res.shape is :torch.Size([3])
2024-12-22 04:01:49,404 - [Process 0/5] - INFO - len(per_windows_prompt):2
2024-12-22 04:01:53,353 - [Process 0/5] - INFO - res.shape is :torch.Size([3])
2024-12-22 04:01:53,493 - [Process 0/5] - INFO - len(per_windows_prompt):2
2024-12-22 04:01:57,502 - [Process 0/5] - INFO - res.shape is :torch.Size([3])
2024-12-22 04:01:57,659 - [Process 0/5] - INFO - len(per_windows_prompt):2
2024-12-22 04:02:01,636 - [Process 0/5] - INFO - res.shape is :torch.Size([3])
2024-12-22 04:02:01,785 - [Process 0/5] - INFO - len(per_windows_prompt):2
2024-12-22 04:02:05,854 - [Process 0/5] - INFO - res.shape is :torch.Size([6])
2024-12-22 04:02:06,008 - [Process 0/5] - INFO - len(per_windows_prompt):2
2024-12-22 04:02:10,074 - [Process 0/5] - INFO - res.shape is :torch.Size([5])
2024-12-22 04:02:10,210 - [Process 0/5] - INFO - len(per_windows_prompt):2
2024-12-22 04:02:14,219 - [Process 0/5] - INFO - res.shape is :torch.Size([3])
2024-12-22 04:02:14,373 - [Process 0/5] - INFO - len(per_windows_prompt):2
2024-12-22 04:02:18,341 - [Process 0/5] - INFO - res.shape is :torch.Size([5])
2024-12-22 04:02:18,488 - [Process 0/5] - INFO - len(per_windows_prompt):2
2024-12-22 04:02:22,534 - [Process 0/5] - INFO - res.shape is :torch.Size([6])
2024-12-22 04:02:22,691 - [Process 0/5] - INFO - len(per_windows_prompt):2
2024-12-22 04:02:26,551 - [Process 0/5] - INFO - res.shape is :torch.Size([3])
2024-12-22 04:02:26,693 - [Process 0/5] - INFO - len(per_windows_prompt):2
2024-12-22 04:02:30,699 - [Process 0/5] - INFO - res.shape is :torch.Size([3])
2024-12-22 04:02:30,851 - [Process 0/5] - INFO - len(per_windows_prompt):2
2024-12-22 04:02:34,858 - [Process 0/5] - INFO - res.shape is :torch.Size([3])
2024-12-22 04:02:35,011 - [Process 0/5] - INFO - len(per_windows_prompt):2
2024-12-22 04:02:39,050 - [Process 0/5] - INFO - res.shape is :torch.Size([6])
2024-12-22 04:02:39,207 - [Process 0/5] - INFO - len(per_windows_prompt):2
2024-12-22 04:02:43,331 - [Process 0/5] - INFO - res.shape is :torch.Size([6])
2024-12-22 04:02:43,481 - [Process 0/5] - INFO - len(per_windows_prompt):2
2024-12-22 04:02:47,510 - [Process 0/5] - INFO - res.shape is :torch.Size([3])
2024-12-22 04:02:47,664 - [Process 0/5] - INFO - len(per_windows_prompt):2
2024-12-22 04:02:51,796 - [Process 0/5] - INFO - res.shape is :torch.Size([6])
2024-12-22 04:02:51,936 - [Process 0/5] - INFO - len(per_windows_prompt):2
2024-12-22 04:02:55,892 - [Process 0/5] - INFO - res.shape is :torch.Size([3])
