2024-12-22 04:12:25,072 - [Process 2/5] - INFO - loading datasets finished
2024-12-22 04:12:25,073 - [Process 2/5] - INFO - model_max_len: 3950
2024-12-22 04:12:25,073 - [Process 2/5] - INFO - output_max_len: 128
2024-12-22 04:12:25,121 - [Process 2/5] - INFO - Max Length is 12252
2024-12-22 04:12:25,121 - [Process 2/5] - INFO - Finish loading dataset
2024-12-22 04:12:25,122 - [Process 2/5] - INFO - get_predicted begin
2024-12-22 04:12:29,846 - [Process 2/5] - INFO - len(per_windows_prompt):2
2024-12-22 04:12:35,358 - [Process 2/5] - INFO - res.shape is :torch.Size([30])
2024-12-22 04:12:35,522 - [Process 2/5] - INFO - len(per_windows_prompt):2
2024-12-22 04:12:41,625 - [Process 2/5] - INFO - res.shape is :torch.Size([48])
2024-12-22 04:12:41,744 - [Process 2/5] - INFO - len(per_windows_prompt):2
2024-12-22 04:12:46,438 - [Process 2/5] - INFO - res.shape is :torch.Size([25])
2024-12-22 04:12:46,554 - [Process 2/5] - INFO - len(per_windows_prompt):2
2024-12-22 04:12:50,895 - [Process 2/5] - INFO - res.shape is :torch.Size([18])
2024-12-22 04:12:51,040 - [Process 2/5] - INFO - len(per_windows_prompt):2
2024-12-22 04:12:56,165 - [Process 2/5] - INFO - res.shape is :torch.Size([33])
2024-12-22 04:12:56,272 - [Process 2/5] - INFO - len(per_windows_prompt):2
2024-12-22 04:13:01,253 - [Process 2/5] - INFO - res.shape is :torch.Size([27])
2024-12-22 04:13:01,357 - [Process 2/5] - INFO - len(per_windows_prompt):2
2024-12-22 04:13:05,850 - [Process 2/5] - INFO - res.shape is :torch.Size([24])
2024-12-22 04:13:05,947 - [Process 2/5] - INFO - len(per_windows_prompt):2
2024-12-22 04:13:10,548 - [Process 2/5] - INFO - res.shape is :torch.Size([30])
2024-12-22 04:13:10,683 - [Process 2/5] - INFO - len(per_windows_prompt):2
2024-12-22 04:13:15,054 - [Process 2/5] - INFO - res.shape is :torch.Size([19])
2024-12-22 04:13:15,196 - [Process 2/5] - INFO - len(per_windows_prompt):2
2024-12-22 04:13:21,168 - [Process 2/5] - INFO - res.shape is :torch.Size([51])
2024-12-22 04:13:21,247 - [Process 2/5] - INFO - len(per_windows_prompt):2
2024-12-22 04:13:27,283 - [Process 2/5] - INFO - res.shape is :torch.Size([87])
2024-12-22 04:13:27,415 - [Process 2/5] - INFO - len(per_windows_prompt):2
2024-12-22 04:13:32,885 - [Process 2/5] - INFO - res.shape is :torch.Size([45])
2024-12-22 04:13:33,035 - [Process 2/5] - INFO - len(per_windows_prompt):2
2024-12-22 04:13:37,879 - [Process 2/5] - INFO - res.shape is :torch.Size([28])
2024-12-22 04:13:38,007 - [Process 2/5] - INFO - len(per_windows_prompt):2
2024-12-22 04:13:42,265 - [Process 2/5] - INFO - res.shape is :torch.Size([15])
2024-12-22 04:13:42,403 - [Process 2/5] - INFO - len(per_windows_prompt):2
2024-12-22 04:13:46,903 - [Process 2/5] - INFO - res.shape is :torch.Size([20])
2024-12-22 04:13:47,074 - [Process 2/5] - INFO - len(per_windows_prompt):2
2024-12-22 04:13:51,439 - [Process 2/5] - INFO - res.shape is :torch.Size([19])
2024-12-22 04:13:51,556 - [Process 2/5] - INFO - len(per_windows_prompt):2
2024-12-22 04:13:56,179 - [Process 2/5] - INFO - res.shape is :torch.Size([24])
2024-12-22 04:13:56,335 - [Process 2/5] - INFO - len(per_windows_prompt):2
2024-12-22 04:14:01,397 - [Process 2/5] - INFO - res.shape is :torch.Size([34])
2024-12-22 04:14:01,470 - [Process 2/5] - INFO - len(per_windows_prompt):2
2024-12-22 04:14:06,012 - [Process 2/5] - INFO - res.shape is :torch.Size([52])
2024-12-22 04:14:06,148 - [Process 2/5] - INFO - len(per_windows_prompt):2
2024-12-22 04:14:10,884 - [Process 2/5] - INFO - res.shape is :torch.Size([25])
2024-12-22 04:14:11,029 - [Process 2/5] - INFO - len(per_windows_prompt):2
2024-12-22 04:14:16,804 - [Process 2/5] - INFO - res.shape is :torch.Size([46])
2024-12-22 04:14:16,942 - [Process 2/5] - INFO - len(per_windows_prompt):2
2024-12-22 04:14:24,473 - [Process 2/5] - INFO - res.shape is :torch.Size([83])
2024-12-22 04:14:24,609 - [Process 2/5] - INFO - len(per_windows_prompt):2
2024-12-22 04:14:29,135 - [Process 2/5] - INFO - res.shape is :torch.Size([17])
2024-12-22 04:14:29,233 - [Process 2/5] - INFO - len(per_windows_prompt):2
2024-12-22 04:14:34,334 - [Process 2/5] - INFO - res.shape is :torch.Size([42])
2024-12-22 04:14:34,425 - [Process 2/5] - INFO - len(per_windows_prompt):2
2024-12-22 04:14:39,643 - [Process 2/5] - INFO - res.shape is :torch.Size([54])
2024-12-22 04:14:39,774 - [Process 2/5] - INFO - len(per_windows_prompt):2
2024-12-22 04:14:45,701 - [Process 2/5] - INFO - res.shape is :torch.Size([54])
2024-12-22 04:14:45,814 - [Process 2/5] - INFO - len(per_windows_prompt):2
2024-12-22 04:14:50,571 - [Process 2/5] - INFO - res.shape is :torch.Size([26])
2024-12-22 04:14:50,695 - [Process 2/5] - INFO - len(per_windows_prompt):2
2024-12-22 04:14:55,585 - [Process 2/5] - INFO - res.shape is :torch.Size([30])
2024-12-22 04:14:55,707 - [Process 2/5] - INFO - len(per_windows_prompt):2
2024-12-22 04:15:01,369 - [Process 2/5] - INFO - res.shape is :torch.Size([42])
2024-12-22 04:15:01,489 - [Process 2/5] - INFO - len(per_windows_prompt):2
2024-12-22 04:15:06,228 - [Process 2/5] - INFO - res.shape is :torch.Size([23])
2024-12-22 04:15:06,342 - [Process 2/5] - INFO - len(per_windows_prompt):2
2024-12-22 04:15:12,027 - [Process 2/5] - INFO - res.shape is :torch.Size([38])
2024-12-22 04:15:12,173 - [Process 2/5] - INFO - len(per_windows_prompt):2
2024-12-22 04:15:16,942 - [Process 2/5] - INFO - res.shape is :torch.Size([26])
2024-12-22 04:15:17,071 - [Process 2/5] - INFO - len(per_windows_prompt):2
2024-12-22 04:15:22,368 - [Process 2/5] - INFO - res.shape is :torch.Size([38])
2024-12-22 04:15:22,482 - [Process 2/5] - INFO - len(per_windows_prompt):2
2024-12-22 04:15:27,956 - [Process 2/5] - INFO - res.shape is :torch.Size([33])
2024-12-22 04:15:28,072 - [Process 2/5] - INFO - len(per_windows_prompt):2
2024-12-22 04:15:32,578 - [Process 2/5] - INFO - res.shape is :torch.Size([19])
2024-12-22 04:15:32,679 - [Process 2/5] - INFO - len(per_windows_prompt):2
2024-12-22 04:15:37,359 - [Process 2/5] - INFO - res.shape is :torch.Size([25])
2024-12-22 04:15:37,447 - [Process 2/5] - INFO - len(per_windows_prompt):2
2024-12-22 04:15:42,373 - [Process 2/5] - INFO - res.shape is :torch.Size([35])
2024-12-22 04:15:42,537 - [Process 2/5] - INFO - len(per_windows_prompt):2
2024-12-22 04:15:48,152 - [Process 2/5] - INFO - res.shape is :torch.Size([41])
2024-12-22 04:15:48,272 - [Process 2/5] - INFO - len(per_windows_prompt):2
2024-12-22 04:15:55,811 - [Process 2/5] - INFO - res.shape is :torch.Size([83])
2024-12-22 04:15:55,928 - [Process 2/5] - INFO - len(per_windows_prompt):2
2024-12-22 04:16:01,327 - [Process 2/5] - INFO - res.shape is :torch.Size([38])
