2024-12-22 03:27:40,788 - [Process 3/5] - INFO - loading datasets finished
2024-12-22 03:27:40,788 - [Process 3/5] - INFO - model_max_len: 3950
2024-12-22 03:27:40,788 - [Process 3/5] - INFO - output_max_len: 32
2024-12-22 03:27:40,866 - [Process 3/5] - INFO - Max Length is 12697
2024-12-22 03:27:40,866 - [Process 3/5] - INFO - Finish loading dataset
2024-12-22 03:27:40,867 - [Process 3/5] - INFO - get_predicted begin
2024-12-22 03:27:45,634 - [Process 3/5] - INFO - len(per_windows_prompt):2
2024-12-22 03:27:50,242 - [Process 3/5] - INFO - res.shape is :torch.Size([3])
2024-12-22 03:27:50,463 - [Process 3/5] - INFO - len(per_windows_prompt):2
2024-12-22 03:27:54,413 - [Process 3/5] - INFO - res.shape is :torch.Size([4])
2024-12-22 03:27:54,709 - [Process 3/5] - INFO - len(per_windows_prompt):2
2024-12-22 03:27:58,744 - [Process 3/5] - INFO - res.shape is :torch.Size([6])
2024-12-22 03:27:59,018 - [Process 3/5] - INFO - len(per_windows_prompt):2
2024-12-22 03:28:03,057 - [Process 3/5] - INFO - res.shape is :torch.Size([10])
2024-12-22 03:28:03,334 - [Process 3/5] - INFO - len(per_windows_prompt):2
2024-12-22 03:28:07,326 - [Process 3/5] - INFO - res.shape is :torch.Size([6])
2024-12-22 03:28:07,567 - [Process 3/5] - INFO - len(per_windows_prompt):2
2024-12-22 03:28:11,443 - [Process 3/5] - INFO - res.shape is :torch.Size([3])
2024-12-22 03:28:11,633 - [Process 3/5] - INFO - len(per_windows_prompt):2
2024-12-22 03:28:15,521 - [Process 3/5] - INFO - res.shape is :torch.Size([4])
2024-12-22 03:28:15,731 - [Process 3/5] - INFO - len(per_windows_prompt):2
2024-12-22 03:28:19,616 - [Process 3/5] - INFO - res.shape is :torch.Size([4])
2024-12-22 03:28:19,905 - [Process 3/5] - INFO - len(per_windows_prompt):2
2024-12-22 03:28:23,782 - [Process 3/5] - INFO - res.shape is :torch.Size([3])
2024-12-22 03:28:23,874 - [Process 3/5] - INFO - len(per_windows_prompt):2
2024-12-22 03:28:26,125 - [Process 3/5] - INFO - res.shape is :torch.Size([5])
2024-12-22 03:28:26,385 - [Process 3/5] - INFO - len(per_windows_prompt):2
2024-12-22 03:28:30,786 - [Process 3/5] - INFO - res.shape is :torch.Size([14])
2024-12-22 03:28:31,025 - [Process 3/5] - INFO - len(per_windows_prompt):2
2024-12-22 03:28:34,919 - [Process 3/5] - INFO - res.shape is :torch.Size([2])
2024-12-22 03:28:35,193 - [Process 3/5] - INFO - len(per_windows_prompt):2
2024-12-22 03:28:39,031 - [Process 3/5] - INFO - res.shape is :torch.Size([3])
2024-12-22 03:28:39,248 - [Process 3/5] - INFO - len(per_windows_prompt):2
2024-12-22 03:28:43,215 - [Process 3/5] - INFO - res.shape is :torch.Size([6])
2024-12-22 03:28:43,493 - [Process 3/5] - INFO - len(per_windows_prompt):2
2024-12-22 03:28:47,472 - [Process 3/5] - INFO - res.shape is :torch.Size([6])
2024-12-22 03:28:47,711 - [Process 3/5] - INFO - len(per_windows_prompt):2
2024-12-22 03:28:51,652 - [Process 3/5] - INFO - res.shape is :torch.Size([4])
2024-12-22 03:28:51,850 - [Process 3/5] - INFO - len(per_windows_prompt):2
2024-12-22 03:28:55,831 - [Process 3/5] - INFO - res.shape is :torch.Size([5])
2024-12-22 03:28:56,117 - [Process 3/5] - INFO - len(per_windows_prompt):2
2024-12-22 03:29:00,129 - [Process 3/5] - INFO - res.shape is :torch.Size([4])
2024-12-22 03:29:00,414 - [Process 3/5] - INFO - len(per_windows_prompt):2
2024-12-22 03:29:04,372 - [Process 3/5] - INFO - res.shape is :torch.Size([3])
2024-12-22 03:29:04,650 - [Process 3/5] - INFO - len(per_windows_prompt):2
2024-12-22 03:29:08,589 - [Process 3/5] - INFO - res.shape is :torch.Size([4])
2024-12-22 03:29:08,832 - [Process 3/5] - INFO - len(per_windows_prompt):2
2024-12-22 03:29:13,241 - [Process 3/5] - INFO - res.shape is :torch.Size([15])
2024-12-22 03:29:13,510 - [Process 3/5] - INFO - len(per_windows_prompt):2
2024-12-22 03:29:17,237 - [Process 3/5] - INFO - res.shape is :torch.Size([2])
2024-12-22 03:29:17,524 - [Process 3/5] - INFO - len(per_windows_prompt):2
2024-12-22 03:29:21,368 - [Process 3/5] - INFO - res.shape is :torch.Size([3])
2024-12-22 03:29:21,647 - [Process 3/5] - INFO - len(per_windows_prompt):2
2024-12-22 03:29:25,591 - [Process 3/5] - INFO - res.shape is :torch.Size([4])
2024-12-22 03:29:25,878 - [Process 3/5] - INFO - len(per_windows_prompt):2
2024-12-22 03:29:29,772 - [Process 3/5] - INFO - res.shape is :torch.Size([4])
2024-12-22 03:29:30,049 - [Process 3/5] - INFO - len(per_windows_prompt):2
2024-12-22 03:29:34,008 - [Process 3/5] - INFO - res.shape is :torch.Size([5])
2024-12-22 03:29:34,286 - [Process 3/5] - INFO - len(per_windows_prompt):2
2024-12-22 03:29:38,144 - [Process 3/5] - INFO - res.shape is :torch.Size([2])
2024-12-22 03:29:38,400 - [Process 3/5] - INFO - len(per_windows_prompt):2
2024-12-22 03:29:42,492 - [Process 3/5] - INFO - res.shape is :torch.Size([6])
2024-12-22 03:29:42,724 - [Process 3/5] - INFO - len(per_windows_prompt):2
2024-12-22 03:29:46,786 - [Process 3/5] - INFO - res.shape is :torch.Size([8])
2024-12-22 03:29:47,060 - [Process 3/5] - INFO - len(per_windows_prompt):2
2024-12-22 03:29:51,065 - [Process 3/5] - INFO - res.shape is :torch.Size([6])
2024-12-22 03:29:51,327 - [Process 3/5] - INFO - len(per_windows_prompt):2
2024-12-22 03:29:55,049 - [Process 3/5] - INFO - res.shape is :torch.Size([2])
2024-12-22 03:29:55,323 - [Process 3/5] - INFO - len(per_windows_prompt):2
2024-12-22 03:29:59,337 - [Process 3/5] - INFO - res.shape is :torch.Size([4])
2024-12-22 03:29:59,607 - [Process 3/5] - INFO - len(per_windows_prompt):2
2024-12-22 03:30:03,590 - [Process 3/5] - INFO - res.shape is :torch.Size([5])
2024-12-22 03:30:03,834 - [Process 3/5] - INFO - len(per_windows_prompt):2
2024-12-22 03:30:07,775 - [Process 3/5] - INFO - res.shape is :torch.Size([4])
2024-12-22 03:30:07,972 - [Process 3/5] - INFO - len(per_windows_prompt):2
2024-12-22 03:30:11,838 - [Process 3/5] - INFO - res.shape is :torch.Size([2])
2024-12-22 03:30:12,034 - [Process 3/5] - INFO - len(per_windows_prompt):2
2024-12-22 03:30:16,085 - [Process 3/5] - INFO - res.shape is :torch.Size([5])
2024-12-22 03:30:16,369 - [Process 3/5] - INFO - len(per_windows_prompt):2
2024-12-22 03:30:20,477 - [Process 3/5] - INFO - res.shape is :torch.Size([9])
2024-12-22 03:30:20,757 - [Process 3/5] - INFO - len(per_windows_prompt):2
2024-12-22 03:30:24,747 - [Process 3/5] - INFO - res.shape is :torch.Size([5])
2024-12-22 03:30:24,982 - [Process 3/5] - INFO - len(per_windows_prompt):2
2024-12-22 03:30:28,855 - [Process 3/5] - INFO - res.shape is :torch.Size([3])
2024-12-22 03:30:29,072 - [Process 3/5] - INFO - len(per_windows_prompt):2
2024-12-22 03:30:33,022 - [Process 3/5] - INFO - res.shape is :torch.Size([4])
