2024-12-22 05:56:12,833 - [Process 4/5] - INFO - loading datasets finished
2024-12-22 05:56:12,833 - [Process 4/5] - INFO - model_max_len: 3950
2024-12-22 05:56:12,833 - [Process 4/5] - INFO - output_max_len: 32
2024-12-22 05:56:12,908 - [Process 4/5] - INFO - Max Length is 11516
2024-12-22 05:56:12,909 - [Process 4/5] - INFO - Finish loading dataset
2024-12-22 05:56:12,909 - [Process 4/5] - INFO - get_predicted begin
2024-12-22 05:56:17,613 - [Process 4/5] - INFO - len(per_windows_prompt):2
2024-12-22 05:56:22,227 - [Process 4/5] - INFO - res.shape is :torch.Size([6])
2024-12-22 05:56:22,380 - [Process 4/5] - INFO - len(per_windows_prompt):2
2024-12-22 05:56:26,430 - [Process 4/5] - INFO - res.shape is :torch.Size([6])
2024-12-22 05:56:26,574 - [Process 4/5] - INFO - len(per_windows_prompt):2
2024-12-22 05:56:30,648 - [Process 4/5] - INFO - res.shape is :torch.Size([6])
2024-12-22 05:56:30,798 - [Process 4/5] - INFO - len(per_windows_prompt):2
2024-12-22 05:56:34,743 - [Process 4/5] - INFO - res.shape is :torch.Size([3])
2024-12-22 05:56:34,888 - [Process 4/5] - INFO - len(per_windows_prompt):2
2024-12-22 05:56:38,816 - [Process 4/5] - INFO - res.shape is :torch.Size([3])
2024-12-22 05:56:38,965 - [Process 4/5] - INFO - len(per_windows_prompt):2
2024-12-22 05:56:42,959 - [Process 4/5] - INFO - res.shape is :torch.Size([5])
2024-12-22 05:56:43,107 - [Process 4/5] - INFO - len(per_windows_prompt):2
2024-12-22 05:56:47,160 - [Process 4/5] - INFO - res.shape is :torch.Size([6])
2024-12-22 05:56:47,306 - [Process 4/5] - INFO - len(per_windows_prompt):2
2024-12-22 05:56:51,206 - [Process 4/5] - INFO - res.shape is :torch.Size([3])
2024-12-22 05:56:51,353 - [Process 4/5] - INFO - len(per_windows_prompt):2
2024-12-22 05:56:55,584 - [Process 4/5] - INFO - res.shape is :torch.Size([6])
2024-12-22 05:56:55,726 - [Process 4/5] - INFO - len(per_windows_prompt):2
2024-12-22 05:56:59,672 - [Process 4/5] - INFO - res.shape is :torch.Size([3])
2024-12-22 05:56:59,817 - [Process 4/5] - INFO - len(per_windows_prompt):2
2024-12-22 05:57:04,143 - [Process 4/5] - INFO - res.shape is :torch.Size([6])
2024-12-22 05:57:04,288 - [Process 4/5] - INFO - len(per_windows_prompt):2
2024-12-22 05:57:08,241 - [Process 4/5] - INFO - res.shape is :torch.Size([6])
2024-12-22 05:57:08,394 - [Process 4/5] - INFO - len(per_windows_prompt):2
2024-12-22 05:57:12,525 - [Process 4/5] - INFO - res.shape is :torch.Size([6])
2024-12-22 05:57:12,671 - [Process 4/5] - INFO - len(per_windows_prompt):2
2024-12-22 05:57:16,666 - [Process 4/5] - INFO - res.shape is :torch.Size([3])
2024-12-22 05:57:16,808 - [Process 4/5] - INFO - len(per_windows_prompt):2
2024-12-22 05:57:20,777 - [Process 4/5] - INFO - res.shape is :torch.Size([3])
2024-12-22 05:57:20,936 - [Process 4/5] - INFO - len(per_windows_prompt):2
2024-12-22 05:57:24,992 - [Process 4/5] - INFO - res.shape is :torch.Size([3])
2024-12-22 05:57:25,151 - [Process 4/5] - INFO - len(per_windows_prompt):2
2024-12-22 05:57:29,154 - [Process 4/5] - INFO - res.shape is :torch.Size([6])
2024-12-22 05:57:29,299 - [Process 4/5] - INFO - len(per_windows_prompt):2
2024-12-22 05:57:33,216 - [Process 4/5] - INFO - res.shape is :torch.Size([3])
2024-12-22 05:57:33,369 - [Process 4/5] - INFO - len(per_windows_prompt):2
2024-12-22 05:57:37,788 - [Process 4/5] - INFO - res.shape is :torch.Size([6])
2024-12-22 05:57:37,938 - [Process 4/5] - INFO - len(per_windows_prompt):2
2024-12-22 05:57:42,079 - [Process 4/5] - INFO - res.shape is :torch.Size([6])
2024-12-22 05:57:42,237 - [Process 4/5] - INFO - len(per_windows_prompt):2
2024-12-22 05:57:46,333 - [Process 4/5] - INFO - res.shape is :torch.Size([6])
2024-12-22 05:57:46,491 - [Process 4/5] - INFO - len(per_windows_prompt):2
2024-12-22 05:57:50,595 - [Process 4/5] - INFO - res.shape is :torch.Size([6])
2024-12-22 05:57:50,755 - [Process 4/5] - INFO - len(per_windows_prompt):2
2024-12-22 05:57:54,715 - [Process 4/5] - INFO - res.shape is :torch.Size([3])
2024-12-22 05:57:54,864 - [Process 4/5] - INFO - len(per_windows_prompt):2
2024-12-22 05:57:58,919 - [Process 4/5] - INFO - res.shape is :torch.Size([3])
2024-12-22 05:57:59,063 - [Process 4/5] - INFO - len(per_windows_prompt):2
2024-12-22 05:58:03,281 - [Process 4/5] - INFO - res.shape is :torch.Size([6])
2024-12-22 05:58:03,428 - [Process 4/5] - INFO - len(per_windows_prompt):2
2024-12-22 05:58:07,454 - [Process 4/5] - INFO - res.shape is :torch.Size([6])
2024-12-22 05:58:07,596 - [Process 4/5] - INFO - len(per_windows_prompt):2
2024-12-22 05:58:11,675 - [Process 4/5] - INFO - res.shape is :torch.Size([3])
2024-12-22 05:58:11,830 - [Process 4/5] - INFO - len(per_windows_prompt):2
2024-12-22 05:58:15,879 - [Process 4/5] - INFO - res.shape is :torch.Size([3])
2024-12-22 05:58:16,029 - [Process 4/5] - INFO - len(per_windows_prompt):2
2024-12-22 05:58:20,147 - [Process 4/5] - INFO - res.shape is :torch.Size([6])
2024-12-22 05:58:20,301 - [Process 4/5] - INFO - len(per_windows_prompt):2
2024-12-22 05:58:24,285 - [Process 4/5] - INFO - res.shape is :torch.Size([5])
2024-12-22 05:58:24,432 - [Process 4/5] - INFO - len(per_windows_prompt):2
2024-12-22 05:58:28,561 - [Process 4/5] - INFO - res.shape is :torch.Size([6])
2024-12-22 05:58:28,702 - [Process 4/5] - INFO - len(per_windows_prompt):2
2024-12-22 05:58:32,889 - [Process 4/5] - INFO - res.shape is :torch.Size([6])
2024-12-22 05:58:33,038 - [Process 4/5] - INFO - len(per_windows_prompt):2
2024-12-22 05:58:37,285 - [Process 4/5] - INFO - res.shape is :torch.Size([6])
2024-12-22 05:58:37,438 - [Process 4/5] - INFO - len(per_windows_prompt):2
2024-12-22 05:58:41,675 - [Process 4/5] - INFO - res.shape is :torch.Size([6])
2024-12-22 05:58:41,827 - [Process 4/5] - INFO - len(per_windows_prompt):2
2024-12-22 05:58:45,739 - [Process 4/5] - INFO - res.shape is :torch.Size([3])
2024-12-22 05:58:45,888 - [Process 4/5] - INFO - len(per_windows_prompt):2
2024-12-22 05:58:49,957 - [Process 4/5] - INFO - res.shape is :torch.Size([3])
2024-12-22 05:58:50,103 - [Process 4/5] - INFO - len(per_windows_prompt):2
2024-12-22 05:58:54,459 - [Process 4/5] - INFO - res.shape is :torch.Size([6])
2024-12-22 05:58:54,616 - [Process 4/5] - INFO - len(per_windows_prompt):2
2024-12-22 05:58:58,732 - [Process 4/5] - INFO - res.shape is :torch.Size([6])
2024-12-22 05:58:58,876 - [Process 4/5] - INFO - len(per_windows_prompt):2
2024-12-22 05:59:02,807 - [Process 4/5] - INFO - res.shape is :torch.Size([3])
2024-12-22 05:59:02,962 - [Process 4/5] - INFO - len(per_windows_prompt):2
2024-12-22 05:59:07,264 - [Process 4/5] - INFO - res.shape is :torch.Size([6])
