2024-12-22 04:58:46,378 - [Process 0/5] - INFO - loading datasets finished
2024-12-22 04:58:46,378 - [Process 0/5] - INFO - model_max_len: 3950
2024-12-22 04:58:46,378 - [Process 0/5] - INFO - output_max_len: 512
2024-12-22 04:58:46,396 - [Process 0/5] - INFO - Max Length is 10933
2024-12-22 04:58:46,397 - [Process 0/5] - INFO - Finish loading dataset
2024-12-22 04:58:46,397 - [Process 0/5] - INFO - get_predicted begin
2024-12-22 04:58:51,187 - [Process 0/5] - INFO - len(per_windows_prompt):2
2024-12-22 04:59:07,380 - [Process 0/5] - INFO - res.shape is :torch.Size([287])
2024-12-22 04:59:07,487 - [Process 0/5] - INFO - len(per_windows_prompt):2
2024-12-22 04:59:19,474 - [Process 0/5] - INFO - res.shape is :torch.Size([237])
2024-12-22 04:59:19,581 - [Process 0/5] - INFO - len(per_windows_prompt):2
2024-12-22 04:59:29,105 - [Process 0/5] - INFO - res.shape is :torch.Size([184])
2024-12-22 04:59:29,209 - [Process 0/5] - INFO - len(per_windows_prompt):2
2024-12-22 04:59:44,317 - [Process 0/5] - INFO - res.shape is :torch.Size([298])
2024-12-22 04:59:44,365 - [Process 0/5] - INFO - len(per_windows_prompt):2
2024-12-22 04:59:52,410 - [Process 0/5] - INFO - res.shape is :torch.Size([172])
2024-12-22 04:59:52,493 - [Process 0/5] - INFO - len(per_windows_prompt):2
2024-12-22 05:00:05,753 - [Process 0/5] - INFO - res.shape is :torch.Size([267])
2024-12-22 05:00:05,928 - [Process 0/5] - INFO - len(per_windows_prompt):2
2024-12-22 05:00:21,856 - [Process 0/5] - INFO - res.shape is :torch.Size([295])
2024-12-22 05:00:21,901 - [Process 0/5] - INFO - len(per_windows_prompt):2
2024-12-22 05:00:30,742 - [Process 0/5] - INFO - res.shape is :torch.Size([180])
2024-12-22 05:00:30,853 - [Process 0/5] - INFO - len(per_windows_prompt):2
2024-12-22 05:00:43,214 - [Process 0/5] - INFO - res.shape is :torch.Size([240])
2024-12-22 05:00:43,335 - [Process 0/5] - INFO - len(per_windows_prompt):2
2024-12-22 05:00:56,204 - [Process 0/5] - INFO - res.shape is :torch.Size([247])
2024-12-22 05:00:56,371 - [Process 0/5] - INFO - len(per_windows_prompt):2
2024-12-22 05:01:18,388 - [Process 0/5] - INFO - res.shape is :torch.Size([422])
2024-12-22 05:01:18,492 - [Process 0/5] - INFO - len(per_windows_prompt):2
2024-12-22 05:01:30,893 - [Process 0/5] - INFO - res.shape is :torch.Size([250])
2024-12-22 05:01:30,950 - [Process 0/5] - INFO - len(per_windows_prompt):2
2024-12-22 05:01:39,477 - [Process 0/5] - INFO - res.shape is :torch.Size([177])
2024-12-22 05:01:39,656 - [Process 0/5] - INFO - len(per_windows_prompt):2
2024-12-22 05:01:52,315 - [Process 0/5] - INFO - res.shape is :torch.Size([218])
2024-12-22 05:01:52,382 - [Process 0/5] - INFO - len(per_windows_prompt):2
2024-12-22 05:02:03,510 - [Process 0/5] - INFO - res.shape is :torch.Size([229])
2024-12-22 05:02:03,744 - [Process 0/5] - INFO - len(per_windows_prompt):2
2024-12-22 05:02:15,987 - [Process 0/5] - INFO - res.shape is :torch.Size([192])
2024-12-22 05:02:16,154 - [Process 0/5] - INFO - len(per_windows_prompt):2
2024-12-22 05:02:27,562 - [Process 0/5] - INFO - res.shape is :torch.Size([197])
2024-12-22 05:02:27,617 - [Process 0/5] - INFO - len(per_windows_prompt):2
2024-12-22 05:02:34,006 - [Process 0/5] - INFO - res.shape is :torch.Size([122])
2024-12-22 05:02:34,101 - [Process 0/5] - INFO - len(per_windows_prompt):2
2024-12-22 05:02:45,893 - [Process 0/5] - INFO - res.shape is :torch.Size([229])
2024-12-22 05:02:46,101 - [Process 0/5] - INFO - len(per_windows_prompt):2
2024-12-22 05:02:56,800 - [Process 0/5] - INFO - res.shape is :torch.Size([158])
2024-12-22 05:02:56,859 - [Process 0/5] - INFO - len(per_windows_prompt):2
2024-12-22 05:03:06,021 - [Process 0/5] - INFO - res.shape is :torch.Size([193])
2024-12-22 05:03:06,241 - [Process 0/5] - INFO - len(per_windows_prompt):2
2024-12-22 05:03:21,130 - [Process 0/5] - INFO - res.shape is :torch.Size([250])
2024-12-22 05:03:21,336 - [Process 0/5] - INFO - len(per_windows_prompt):2
2024-12-22 05:03:31,299 - [Process 0/5] - INFO - res.shape is :torch.Size([139])
2024-12-22 05:03:31,413 - [Process 0/5] - INFO - len(per_windows_prompt):2
2024-12-22 05:03:39,796 - [Process 0/5] - INFO - res.shape is :torch.Size([148])
2024-12-22 05:03:40,004 - [Process 0/5] - INFO - len(per_windows_prompt):2
2024-12-22 05:03:50,591 - [Process 0/5] - INFO - res.shape is :torch.Size([158])
2024-12-22 05:03:50,784 - [Process 0/5] - INFO - len(per_windows_prompt):2
2024-12-22 05:04:04,130 - [Process 0/5] - INFO - res.shape is :torch.Size([226])
2024-12-22 05:04:04,238 - [Process 0/5] - INFO - len(per_windows_prompt):2
2024-12-22 05:04:14,512 - [Process 0/5] - INFO - res.shape is :torch.Size([197])
2024-12-22 05:04:14,636 - [Process 0/5] - INFO - len(per_windows_prompt):2
2024-12-22 05:04:24,430 - [Process 0/5] - INFO - res.shape is :torch.Size([178])
2024-12-22 05:04:24,636 - [Process 0/5] - INFO - len(per_windows_prompt):2
2024-12-22 05:04:38,604 - [Process 0/5] - INFO - res.shape is :torch.Size([232])
2024-12-22 05:04:38,731 - [Process 0/5] - INFO - len(per_windows_prompt):2
2024-12-22 05:04:47,198 - [Process 0/5] - INFO - res.shape is :torch.Size([141])
2024-12-22 05:04:47,406 - [Process 0/5] - INFO - len(per_windows_prompt):2
2024-12-22 05:05:05,688 - [Process 0/5] - INFO - res.shape is :torch.Size([323])
2024-12-22 05:05:05,916 - [Process 0/5] - INFO - len(per_windows_prompt):2
2024-12-22 05:05:14,962 - [Process 0/5] - INFO - res.shape is :torch.Size([119])
2024-12-22 05:05:15,109 - [Process 0/5] - INFO - len(per_windows_prompt):2
2024-12-22 05:05:27,998 - [Process 0/5] - INFO - res.shape is :torch.Size([232])
2024-12-22 05:05:28,091 - [Process 0/5] - INFO - len(per_windows_prompt):2
2024-12-22 05:05:39,767 - [Process 0/5] - INFO - res.shape is :torch.Size([242])
2024-12-22 05:05:39,941 - [Process 0/5] - INFO - len(per_windows_prompt):2
2024-12-22 05:05:52,980 - [Process 0/5] - INFO - res.shape is :torch.Size([226])
2024-12-22 05:05:53,100 - [Process 0/5] - INFO - len(per_windows_prompt):2
2024-12-22 05:06:02,944 - [Process 0/5] - INFO - res.shape is :torch.Size([184])
2024-12-22 05:06:03,034 - [Process 0/5] - INFO - len(per_windows_prompt):2
2024-12-22 05:06:15,744 - [Process 0/5] - INFO - res.shape is :torch.Size([289])
2024-12-22 05:06:15,799 - [Process 0/5] - INFO - len(per_windows_prompt):2
2024-12-22 05:06:19,582 - [Process 0/5] - INFO - res.shape is :torch.Size([75])
2024-12-22 05:06:19,771 - [Process 0/5] - INFO - len(per_windows_prompt):2
2024-12-22 05:06:31,433 - [Process 0/5] - INFO - res.shape is :torch.Size([190])
2024-12-22 05:06:31,518 - [Process 0/5] - INFO - len(per_windows_prompt):2
2024-12-22 05:06:41,420 - [Process 0/5] - INFO - res.shape is :torch.Size([216])
