2024-12-22 06:14:18,765 - [Process 2/5] - INFO - loading datasets finished
2024-12-22 06:14:18,766 - [Process 2/5] - INFO - model_max_len: 3950
2024-12-22 06:14:18,766 - [Process 2/5] - INFO - output_max_len: 64
2024-12-22 06:14:18,800 - [Process 2/5] - INFO - Max Length is 10029
2024-12-22 06:14:18,800 - [Process 2/5] - INFO - Finish loading dataset
2024-12-22 06:14:18,801 - [Process 2/5] - INFO - get_predicted begin
2024-12-22 06:14:23,529 - [Process 2/5] - INFO - len(per_windows_prompt):2
2024-12-22 06:14:30,437 - [Process 2/5] - INFO - res.shape is :torch.Size([64])
2024-12-22 06:14:30,556 - [Process 2/5] - INFO - len(per_windows_prompt):2
2024-12-22 06:14:35,550 - [Process 2/5] - INFO - res.shape is :torch.Size([64])
2024-12-22 06:14:35,680 - [Process 2/5] - INFO - len(per_windows_prompt):2
2024-12-22 06:14:40,809 - [Process 2/5] - INFO - res.shape is :torch.Size([64])
2024-12-22 06:14:40,918 - [Process 2/5] - INFO - len(per_windows_prompt):2
2024-12-22 06:14:45,643 - [Process 2/5] - INFO - res.shape is :torch.Size([64])
2024-12-22 06:14:45,735 - [Process 2/5] - INFO - len(per_windows_prompt):2
2024-12-22 06:14:49,840 - [Process 2/5] - INFO - res.shape is :torch.Size([64])
2024-12-22 06:14:50,031 - [Process 2/5] - INFO - len(per_windows_prompt):2
2024-12-22 06:14:56,233 - [Process 2/5] - INFO - res.shape is :torch.Size([64])
2024-12-22 06:14:56,377 - [Process 2/5] - INFO - len(per_windows_prompt):2
2024-12-22 06:15:01,756 - [Process 2/5] - INFO - res.shape is :torch.Size([64])
2024-12-22 06:15:01,870 - [Process 2/5] - INFO - len(per_windows_prompt):2
2024-12-22 06:15:06,852 - [Process 2/5] - INFO - res.shape is :torch.Size([64])
2024-12-22 06:15:06,988 - [Process 2/5] - INFO - len(per_windows_prompt):2
2024-12-22 06:15:12,313 - [Process 2/5] - INFO - res.shape is :torch.Size([64])
2024-12-22 06:15:12,501 - [Process 2/5] - INFO - len(per_windows_prompt):2
2024-12-22 06:15:18,722 - [Process 2/5] - INFO - res.shape is :torch.Size([64])
2024-12-22 06:15:18,883 - [Process 2/5] - INFO - len(per_windows_prompt):2
2024-12-22 06:15:24,368 - [Process 2/5] - INFO - res.shape is :torch.Size([64])
2024-12-22 06:15:24,544 - [Process 2/5] - INFO - len(per_windows_prompt):2
2024-12-22 06:15:30,907 - [Process 2/5] - INFO - res.shape is :torch.Size([64])
2024-12-22 06:15:31,033 - [Process 2/5] - INFO - len(per_windows_prompt):2
2024-12-22 06:15:36,122 - [Process 2/5] - INFO - res.shape is :torch.Size([64])
2024-12-22 06:15:36,239 - [Process 2/5] - INFO - len(per_windows_prompt):2
2024-12-22 06:15:40,881 - [Process 2/5] - INFO - res.shape is :torch.Size([64])
2024-12-22 06:15:41,060 - [Process 2/5] - INFO - len(per_windows_prompt):2
2024-12-22 06:15:47,312 - [Process 2/5] - INFO - res.shape is :torch.Size([64])
2024-12-22 06:15:47,479 - [Process 2/5] - INFO - len(per_windows_prompt):2
2024-12-22 06:15:53,259 - [Process 2/5] - INFO - res.shape is :torch.Size([64])
2024-12-22 06:15:53,347 - [Process 2/5] - INFO - len(per_windows_prompt):2
2024-12-22 06:15:57,420 - [Process 2/5] - INFO - res.shape is :torch.Size([64])
2024-12-22 06:15:57,619 - [Process 2/5] - INFO - len(per_windows_prompt):2
2024-12-22 06:16:04,005 - [Process 2/5] - INFO - res.shape is :torch.Size([64])
2024-12-22 06:16:04,135 - [Process 2/5] - INFO - len(per_windows_prompt):2
2024-12-22 06:16:09,265 - [Process 2/5] - INFO - res.shape is :torch.Size([64])
2024-12-22 06:16:09,345 - [Process 2/5] - INFO - len(per_windows_prompt):2
2024-12-22 06:16:13,338 - [Process 2/5] - INFO - res.shape is :torch.Size([64])
2024-12-22 06:16:13,532 - [Process 2/5] - INFO - len(per_windows_prompt):2
2024-12-22 06:16:19,840 - [Process 2/5] - INFO - res.shape is :torch.Size([64])
2024-12-22 06:16:20,003 - [Process 2/5] - INFO - len(per_windows_prompt):2
2024-12-22 06:16:25,620 - [Process 2/5] - INFO - res.shape is :torch.Size([64])
2024-12-22 06:16:25,794 - [Process 2/5] - INFO - len(per_windows_prompt):2
2024-12-22 06:16:31,778 - [Process 2/5] - INFO - res.shape is :torch.Size([64])
2024-12-22 06:16:31,870 - [Process 2/5] - INFO - len(per_windows_prompt):2
2024-12-22 06:16:36,123 - [Process 2/5] - INFO - res.shape is :torch.Size([64])
2024-12-22 06:16:36,239 - [Process 2/5] - INFO - len(per_windows_prompt):2
2024-12-22 06:16:41,251 - [Process 2/5] - INFO - res.shape is :torch.Size([64])
2024-12-22 06:16:41,350 - [Process 2/5] - INFO - len(per_windows_prompt):2
2024-12-22 06:16:46,033 - [Process 2/5] - INFO - res.shape is :torch.Size([64])
2024-12-22 06:16:46,186 - [Process 2/5] - INFO - len(per_windows_prompt):2
2024-12-22 06:16:51,775 - [Process 2/5] - INFO - res.shape is :torch.Size([64])
2024-12-22 06:16:51,899 - [Process 2/5] - INFO - len(per_windows_prompt):2
2024-12-22 06:16:57,021 - [Process 2/5] - INFO - res.shape is :torch.Size([64])
2024-12-22 06:16:57,132 - [Process 2/5] - INFO - len(per_windows_prompt):2
2024-12-22 06:17:02,152 - [Process 2/5] - INFO - res.shape is :torch.Size([64])
2024-12-22 06:17:02,369 - [Process 2/5] - INFO - len(per_windows_prompt):2
2024-12-22 06:17:08,797 - [Process 2/5] - INFO - res.shape is :torch.Size([64])
2024-12-22 06:17:08,896 - [Process 2/5] - INFO - len(per_windows_prompt):2
2024-12-22 06:17:13,573 - [Process 2/5] - INFO - res.shape is :torch.Size([64])
2024-12-22 06:17:13,694 - [Process 2/5] - INFO - len(per_windows_prompt):2
2024-12-22 06:17:18,863 - [Process 2/5] - INFO - res.shape is :torch.Size([64])
2024-12-22 06:17:18,964 - [Process 2/5] - INFO - len(per_windows_prompt):2
2024-12-22 06:17:23,460 - [Process 2/5] - INFO - res.shape is :torch.Size([64])
2024-12-22 06:17:23,576 - [Process 2/5] - INFO - len(per_windows_prompt):2
2024-12-22 06:17:28,300 - [Process 2/5] - INFO - res.shape is :torch.Size([64])
2024-12-22 06:17:28,421 - [Process 2/5] - INFO - len(per_windows_prompt):2
2024-12-22 06:17:33,347 - [Process 2/5] - INFO - res.shape is :torch.Size([64])
2024-12-22 06:17:33,545 - [Process 2/5] - INFO - len(per_windows_prompt):2
2024-12-22 06:17:39,878 - [Process 2/5] - INFO - res.shape is :torch.Size([64])
2024-12-22 06:17:40,019 - [Process 2/5] - INFO - len(per_windows_prompt):2
2024-12-22 06:17:45,497 - [Process 2/5] - INFO - res.shape is :torch.Size([64])
2024-12-22 06:17:45,620 - [Process 2/5] - INFO - len(per_windows_prompt):2
2024-12-22 06:17:50,573 - [Process 2/5] - INFO - res.shape is :torch.Size([64])
2024-12-22 06:17:50,684 - [Process 2/5] - INFO - len(per_windows_prompt):2
2024-12-22 06:17:55,354 - [Process 2/5] - INFO - res.shape is :torch.Size([64])
2024-12-22 06:17:55,486 - [Process 2/5] - INFO - len(per_windows_prompt):2
2024-12-22 06:18:00,508 - [Process 2/5] - INFO - res.shape is :torch.Size([64])
2024-12-22 06:18:00,694 - [Process 2/5] - INFO - len(per_windows_prompt):2
2024-12-22 06:18:05,395 - [Process 2/5] - INFO - res.shape is :torch.Size([26])
2024-12-22 06:18:05,570 - [Process 2/5] - INFO - len(per_windows_prompt):2
2024-12-22 06:18:12,011 - [Process 2/5] - INFO - res.shape is :torch.Size([64])
2024-12-22 06:18:12,141 - [Process 2/5] - INFO - len(per_windows_prompt):2
2024-12-22 06:18:17,375 - [Process 2/5] - INFO - res.shape is :torch.Size([64])
2024-12-22 06:18:17,593 - [Process 2/5] - INFO - len(per_windows_prompt):2
2024-12-22 06:18:24,056 - [Process 2/5] - INFO - res.shape is :torch.Size([64])
2024-12-22 06:18:24,247 - [Process 2/5] - INFO - len(per_windows_prompt):2
2024-12-22 06:18:30,679 - [Process 2/5] - INFO - res.shape is :torch.Size([64])
2024-12-22 06:18:30,889 - [Process 2/5] - INFO - len(per_windows_prompt):2
2024-12-22 06:18:37,234 - [Process 2/5] - INFO - res.shape is :torch.Size([64])
2024-12-22 06:18:37,346 - [Process 2/5] - INFO - len(per_windows_prompt):2
2024-12-22 06:18:42,193 - [Process 2/5] - INFO - res.shape is :torch.Size([64])
2024-12-22 06:18:42,326 - [Process 2/5] - INFO - len(per_windows_prompt):2
2024-12-22 06:18:47,727 - [Process 2/5] - INFO - res.shape is :torch.Size([64])
2024-12-22 06:18:48,096 - [Process 2/5] - INFO - len(per_windows_prompt):2
2024-12-22 06:18:54,610 - [Process 2/5] - INFO - res.shape is :torch.Size([64])
2024-12-22 06:18:54,733 - [Process 2/5] - INFO - len(per_windows_prompt):2
2024-12-22 06:18:59,648 - [Process 2/5] - INFO - res.shape is :torch.Size([64])
2024-12-22 06:18:59,970 - [Process 2/5] - INFO - len(per_windows_prompt):2
2024-12-22 06:19:06,339 - [Process 2/5] - INFO - res.shape is :torch.Size([64])
2024-12-22 06:19:06,454 - [Process 2/5] - INFO - len(per_windows_prompt):2
2024-12-22 06:19:11,425 - [Process 2/5] - INFO - res.shape is :torch.Size([64])
2024-12-22 06:19:11,550 - [Process 2/5] - INFO - len(per_windows_prompt):2
2024-12-22 06:19:16,935 - [Process 2/5] - INFO - res.shape is :torch.Size([64])
2024-12-22 06:19:17,152 - [Process 2/5] - INFO - len(per_windows_prompt):2
2024-12-22 06:19:23,552 - [Process 2/5] - INFO - res.shape is :torch.Size([64])
2024-12-22 06:19:23,686 - [Process 2/5] - INFO - len(per_windows_prompt):2
2024-12-22 06:19:29,266 - [Process 2/5] - INFO - res.shape is :torch.Size([64])
2024-12-22 06:19:29,436 - [Process 2/5] - INFO - len(per_windows_prompt):2
2024-12-22 06:19:35,601 - [Process 2/5] - INFO - res.shape is :torch.Size([64])
2024-12-22 06:19:35,712 - [Process 2/5] - INFO - len(per_windows_prompt):2
2024-12-22 06:19:40,509 - [Process 2/5] - INFO - res.shape is :torch.Size([64])
2024-12-22 06:19:40,639 - [Process 2/5] - INFO - len(per_windows_prompt):2
2024-12-22 06:19:45,216 - [Process 2/5] - INFO - res.shape is :torch.Size([56])
2024-12-22 06:19:45,310 - [Process 2/5] - INFO - len(per_windows_prompt):2
2024-12-22 06:19:49,865 - [Process 2/5] - INFO - res.shape is :torch.Size([64])
2024-12-22 06:19:50,001 - [Process 2/5] - INFO - len(per_windows_prompt):2
2024-12-22 06:19:55,556 - [Process 2/5] - INFO - res.shape is :torch.Size([64])
2024-12-22 06:19:55,776 - [Process 2/5] - INFO - len(per_windows_prompt):2
2024-12-22 06:20:02,145 - [Process 2/5] - INFO - res.shape is :torch.Size([64])
2024-12-22 06:20:02,288 - [Process 2/5] - INFO - len(per_windows_prompt):2
2024-12-22 06:20:07,819 - [Process 2/5] - INFO - res.shape is :torch.Size([64])
2024-12-22 06:20:07,925 - [Process 2/5] - INFO - len(per_windows_prompt):2
2024-12-22 06:20:12,721 - [Process 2/5] - INFO - res.shape is :torch.Size([64])
2024-12-22 06:20:12,926 - [Process 2/5] - INFO - len(per_windows_prompt):2
2024-12-22 06:20:19,274 - [Process 2/5] - INFO - res.shape is :torch.Size([64])
2024-12-22 06:20:19,555 - [Process 2/5] - INFO - len(per_windows_prompt):2
2024-12-22 06:20:26,038 - [Process 2/5] - INFO - res.shape is :torch.Size([64])
2024-12-22 06:20:26,117 - [Process 2/5] - INFO - len(per_windows_prompt):2
2024-12-22 06:20:30,518 - [Process 2/5] - INFO - res.shape is :torch.Size([64])
2024-12-22 06:20:30,699 - [Process 2/5] - INFO - len(per_windows_prompt):2
2024-12-22 06:20:37,131 - [Process 2/5] - INFO - res.shape is :torch.Size([64])
2024-12-22 06:20:37,336 - [Process 2/5] - INFO - len(per_windows_prompt):2
2024-12-22 06:20:43,782 - [Process 2/5] - INFO - res.shape is :torch.Size([64])
2024-12-22 06:20:43,932 - [Process 2/5] - INFO - len(per_windows_prompt):2
2024-12-22 06:20:49,861 - [Process 2/5] - INFO - res.shape is :torch.Size([64])
2024-12-22 06:20:50,174 - [Process 2/5] - INFO - len(per_windows_prompt):2
2024-12-22 06:20:56,523 - [Process 2/5] - INFO - res.shape is :torch.Size([64])
2024-12-22 06:20:56,651 - [Process 2/5] - INFO - len(per_windows_prompt):2
2024-12-22 06:21:01,932 - [Process 2/5] - INFO - res.shape is :torch.Size([64])
2024-12-22 06:21:01,998 - [Process 2/5] - INFO - len(per_windows_prompt):2
2024-12-22 06:21:06,062 - [Process 2/5] - INFO - res.shape is :torch.Size([64])
2024-12-22 06:21:06,209 - [Process 2/5] - INFO - len(per_windows_prompt):2
2024-12-22 06:21:11,680 - [Process 2/5] - INFO - res.shape is :torch.Size([64])
2024-12-22 06:21:11,812 - [Process 2/5] - INFO - len(per_windows_prompt):2
2024-12-22 06:21:17,419 - [Process 2/5] - INFO - res.shape is :torch.Size([64])
2024-12-22 06:21:17,632 - [Process 2/5] - INFO - len(per_windows_prompt):2
2024-12-22 06:21:23,943 - [Process 2/5] - INFO - res.shape is :torch.Size([64])
2024-12-22 06:21:24,061 - [Process 2/5] - INFO - len(per_windows_prompt):2
2024-12-22 06:21:28,866 - [Process 2/5] - INFO - res.shape is :torch.Size([64])
2024-12-22 06:21:29,022 - [Process 2/5] - INFO - len(per_windows_prompt):2
2024-12-22 06:21:34,788 - [Process 2/5] - INFO - res.shape is :torch.Size([64])
2024-12-22 06:21:34,977 - [Process 2/5] - INFO - len(per_windows_prompt):2
2024-12-22 06:21:41,480 - [Process 2/5] - INFO - res.shape is :torch.Size([64])
2024-12-22 06:21:41,699 - [Process 2/5] - INFO - len(per_windows_prompt):2
2024-12-22 06:21:48,245 - [Process 2/5] - INFO - res.shape is :torch.Size([64])
2024-12-22 06:21:48,435 - [Process 2/5] - INFO - len(per_windows_prompt):2
2024-12-22 06:21:54,745 - [Process 2/5] - INFO - res.shape is :torch.Size([64])
2024-12-22 06:21:54,867 - [Process 2/5] - INFO - len(per_windows_prompt):2
2024-12-22 06:21:59,915 - [Process 2/5] - INFO - res.shape is :torch.Size([64])
2024-12-22 06:22:00,041 - [Process 2/5] - INFO - len(per_windows_prompt):2
2024-12-22 06:22:05,495 - [Process 2/5] - INFO - res.shape is :torch.Size([64])
2024-12-22 06:22:05,610 - [Process 2/5] - INFO - len(per_windows_prompt):2
2024-12-22 06:22:10,615 - [Process 2/5] - INFO - res.shape is :torch.Size([64])
2024-12-22 06:22:10,766 - [Process 2/5] - INFO - len(per_windows_prompt):2
2024-12-22 06:22:16,374 - [Process 2/5] - INFO - res.shape is :torch.Size([64])
2024-12-22 06:22:16,501 - [Process 2/5] - INFO - len(per_windows_prompt):2
2024-12-22 06:22:21,523 - [Process 2/5] - INFO - res.shape is :torch.Size([64])
2024-12-22 06:22:21,638 - [Process 2/5] - INFO - len(per_windows_prompt):2
2024-12-22 06:22:26,259 - [Process 2/5] - INFO - res.shape is :torch.Size([64])
2024-12-22 06:22:26,421 - [Process 2/5] - INFO - len(per_windows_prompt):2
2024-12-22 06:22:32,079 - [Process 2/5] - INFO - res.shape is :torch.Size([64])
2024-12-22 06:22:32,199 - [Process 2/5] - INFO - len(per_windows_prompt):2
2024-12-22 06:22:36,398 - [Process 2/5] - INFO - res.shape is :torch.Size([41])
2024-12-22 06:22:36,482 - [Process 2/5] - INFO - len(per_windows_prompt):2
2024-12-22 06:22:41,029 - [Process 2/5] - INFO - res.shape is :torch.Size([64])
2024-12-22 06:22:41,220 - [Process 2/5] - INFO - len(per_windows_prompt):2
2024-12-22 06:22:46,155 - [Process 2/5] - INFO - res.shape is :torch.Size([30])
2024-12-22 06:22:46,326 - [Process 2/5] - INFO - len(per_windows_prompt):2
2024-12-22 06:22:52,750 - [Process 2/5] - INFO - res.shape is :torch.Size([64])
2024-12-22 06:22:52,930 - [Process 2/5] - INFO - len(per_windows_prompt):2
2024-12-22 06:22:59,237 - [Process 2/5] - INFO - res.shape is :torch.Size([64])
2024-12-22 06:22:59,426 - [Process 2/5] - INFO - len(per_windows_prompt):2
2024-12-22 06:23:05,752 - [Process 2/5] - INFO - res.shape is :torch.Size([64])
2024-12-22 06:23:05,871 - [Process 2/5] - INFO - len(per_windows_prompt):2
2024-12-22 06:23:10,487 - [Process 2/5] - INFO - res.shape is :torch.Size([64])
2024-12-22 06:23:10,627 - [Process 2/5] - INFO - len(per_windows_prompt):2
2024-12-22 06:23:16,072 - [Process 2/5] - INFO - res.shape is :torch.Size([64])
2024-12-22 06:23:16,201 - [Process 2/5] - INFO - len(per_windows_prompt):2
2024-12-22 06:23:20,989 - [Process 2/5] - INFO - res.shape is :torch.Size([64])
2024-12-22 06:23:21,094 - [Process 2/5] - INFO - len(per_windows_prompt):2
2024-12-22 06:23:26,033 - [Process 2/5] - INFO - res.shape is :torch.Size([64])
2024-12-22 06:23:26,208 - [Process 2/5] - INFO - len(per_windows_prompt):2
2024-12-22 06:23:32,644 - [Process 2/5] - INFO - res.shape is :torch.Size([64])
2024-12-22 06:23:32,823 - [Process 2/5] - INFO - len(per_windows_prompt):2
2024-12-22 06:23:39,299 - [Process 2/5] - INFO - res.shape is :torch.Size([64])
2024-12-22 06:23:39,598 - [Process 2/5] - INFO - len(per_windows_prompt):2
2024-12-22 06:23:45,907 - [Process 2/5] - INFO - res.shape is :torch.Size([64])
