2024-12-22 01:41:26,097 - [Process 3/5] - INFO - loading datasets finished
2024-12-22 01:41:26,097 - [Process 3/5] - INFO - model_max_len: 3950
2024-12-22 01:41:26,097 - [Process 3/5] - INFO - output_max_len: 64
2024-12-22 01:41:26,124 - [Process 3/5] - INFO - Max Length is 8714
2024-12-22 01:41:26,124 - [Process 3/5] - INFO - Finish loading dataset
2024-12-22 01:41:26,125 - [Process 3/5] - INFO - get_predicted begin
2024-12-22 01:41:30,912 - [Process 3/5] - INFO - len(per_windows_prompt):2
2024-12-22 01:41:35,218 - [Process 3/5] - INFO - res.shape is :torch.Size([18])
2024-12-22 01:41:35,431 - [Process 3/5] - INFO - len(per_windows_prompt):2
2024-12-22 01:41:41,786 - [Process 3/5] - INFO - res.shape is :torch.Size([64])
2024-12-22 01:41:42,036 - [Process 3/5] - INFO - len(per_windows_prompt):2
2024-12-22 01:41:48,392 - [Process 3/5] - INFO - res.shape is :torch.Size([64])
2024-12-22 01:41:48,626 - [Process 3/5] - INFO - len(per_windows_prompt):2
2024-12-22 01:41:54,985 - [Process 3/5] - INFO - res.shape is :torch.Size([64])
2024-12-22 01:41:55,186 - [Process 3/5] - INFO - len(per_windows_prompt):2
2024-12-22 01:42:01,558 - [Process 3/5] - INFO - res.shape is :torch.Size([64])
2024-12-22 01:42:01,697 - [Process 3/5] - INFO - len(per_windows_prompt):2
2024-12-22 01:42:06,761 - [Process 3/5] - INFO - res.shape is :torch.Size([64])
2024-12-22 01:42:06,986 - [Process 3/5] - INFO - len(per_windows_prompt):2
2024-12-22 01:42:13,374 - [Process 3/5] - INFO - res.shape is :torch.Size([64])
2024-12-22 01:42:13,509 - [Process 3/5] - INFO - len(per_windows_prompt):2
2024-12-22 01:42:19,015 - [Process 3/5] - INFO - res.shape is :torch.Size([64])
2024-12-22 01:42:19,238 - [Process 3/5] - INFO - len(per_windows_prompt):2
2024-12-22 01:42:25,655 - [Process 3/5] - INFO - res.shape is :torch.Size([64])
2024-12-22 01:42:25,864 - [Process 3/5] - INFO - len(per_windows_prompt):2
2024-12-22 01:42:32,296 - [Process 3/5] - INFO - res.shape is :torch.Size([64])
2024-12-22 01:42:32,527 - [Process 3/5] - INFO - len(per_windows_prompt):2
2024-12-22 01:42:38,915 - [Process 3/5] - INFO - res.shape is :torch.Size([64])
2024-12-22 01:42:39,082 - [Process 3/5] - INFO - len(per_windows_prompt):2
2024-12-22 01:42:45,123 - [Process 3/5] - INFO - res.shape is :torch.Size([64])
2024-12-22 01:42:45,311 - [Process 3/5] - INFO - len(per_windows_prompt):2
2024-12-22 01:42:51,775 - [Process 3/5] - INFO - res.shape is :torch.Size([64])
2024-12-22 01:42:51,957 - [Process 3/5] - INFO - len(per_windows_prompt):2
2024-12-22 01:42:58,431 - [Process 3/5] - INFO - res.shape is :torch.Size([64])
2024-12-22 01:42:58,646 - [Process 3/5] - INFO - len(per_windows_prompt):2
2024-12-22 01:43:05,125 - [Process 3/5] - INFO - res.shape is :torch.Size([64])
2024-12-22 01:43:05,345 - [Process 3/5] - INFO - len(per_windows_prompt):2
2024-12-22 01:43:11,823 - [Process 3/5] - INFO - res.shape is :torch.Size([64])
2024-12-22 01:43:12,052 - [Process 3/5] - INFO - len(per_windows_prompt):2
2024-12-22 01:43:16,559 - [Process 3/5] - INFO - res.shape is :torch.Size([18])
2024-12-22 01:43:16,814 - [Process 3/5] - INFO - len(per_windows_prompt):2
2024-12-22 01:43:23,393 - [Process 3/5] - INFO - res.shape is :torch.Size([64])
2024-12-22 01:43:23,616 - [Process 3/5] - INFO - len(per_windows_prompt):2
2024-12-22 01:43:30,192 - [Process 3/5] - INFO - res.shape is :torch.Size([64])
2024-12-22 01:43:30,425 - [Process 3/5] - INFO - len(per_windows_prompt):2
2024-12-22 01:43:37,006 - [Process 3/5] - INFO - res.shape is :torch.Size([64])
2024-12-22 01:43:37,238 - [Process 3/5] - INFO - len(per_windows_prompt):2
2024-12-22 01:43:43,826 - [Process 3/5] - INFO - res.shape is :torch.Size([64])
2024-12-22 01:43:44,078 - [Process 3/5] - INFO - len(per_windows_prompt):2
2024-12-22 01:43:50,625 - [Process 3/5] - INFO - res.shape is :torch.Size([64])
2024-12-22 01:43:50,837 - [Process 3/5] - INFO - len(per_windows_prompt):2
2024-12-22 01:43:57,426 - [Process 3/5] - INFO - res.shape is :torch.Size([64])
2024-12-22 01:43:57,680 - [Process 3/5] - INFO - len(per_windows_prompt):2
2024-12-22 01:44:04,096 - [Process 3/5] - INFO - res.shape is :torch.Size([64])
2024-12-22 01:44:04,235 - [Process 3/5] - INFO - len(per_windows_prompt):2
2024-12-22 01:44:09,854 - [Process 3/5] - INFO - res.shape is :torch.Size([64])
2024-12-22 01:44:10,064 - [Process 3/5] - INFO - len(per_windows_prompt):2
2024-12-22 01:44:14,483 - [Process 3/5] - INFO - res.shape is :torch.Size([16])
2024-12-22 01:44:14,694 - [Process 3/5] - INFO - len(per_windows_prompt):2
2024-12-22 01:44:21,198 - [Process 3/5] - INFO - res.shape is :torch.Size([64])
2024-12-22 01:44:21,442 - [Process 3/5] - INFO - len(per_windows_prompt):2
2024-12-22 01:44:27,982 - [Process 3/5] - INFO - res.shape is :torch.Size([64])
2024-12-22 01:44:28,216 - [Process 3/5] - INFO - len(per_windows_prompt):2
2024-12-22 01:44:34,804 - [Process 3/5] - INFO - res.shape is :torch.Size([64])
2024-12-22 01:44:35,032 - [Process 3/5] - INFO - len(per_windows_prompt):2
2024-12-22 01:44:41,638 - [Process 3/5] - INFO - res.shape is :torch.Size([64])
2024-12-22 01:44:41,866 - [Process 3/5] - INFO - len(per_windows_prompt):2
2024-12-22 01:44:48,445 - [Process 3/5] - INFO - res.shape is :torch.Size([64])
2024-12-22 01:44:48,678 - [Process 3/5] - INFO - len(per_windows_prompt):2
2024-12-22 01:44:55,269 - [Process 3/5] - INFO - res.shape is :torch.Size([64])
2024-12-22 01:44:55,432 - [Process 3/5] - INFO - len(per_windows_prompt):2
2024-12-22 01:45:01,569 - [Process 3/5] - INFO - res.shape is :torch.Size([64])
2024-12-22 01:45:01,765 - [Process 3/5] - INFO - len(per_windows_prompt):2
2024-12-22 01:45:08,306 - [Process 3/5] - INFO - res.shape is :torch.Size([64])
2024-12-22 01:45:08,520 - [Process 3/5] - INFO - len(per_windows_prompt):2
2024-12-22 01:45:15,103 - [Process 3/5] - INFO - res.shape is :torch.Size([64])
2024-12-22 01:45:15,311 - [Process 3/5] - INFO - len(per_windows_prompt):2
2024-12-22 01:45:21,896 - [Process 3/5] - INFO - res.shape is :torch.Size([64])
2024-12-22 01:45:22,146 - [Process 3/5] - INFO - len(per_windows_prompt):2
2024-12-22 01:45:28,731 - [Process 3/5] - INFO - res.shape is :torch.Size([64])
2024-12-22 01:45:28,978 - [Process 3/5] - INFO - len(per_windows_prompt):2
2024-12-22 01:45:35,570 - [Process 3/5] - INFO - res.shape is :torch.Size([64])
2024-12-22 01:45:35,696 - [Process 3/5] - INFO - len(per_windows_prompt):2
2024-12-22 01:45:40,823 - [Process 3/5] - INFO - res.shape is :torch.Size([64])
2024-12-22 01:45:41,043 - [Process 3/5] - INFO - len(per_windows_prompt):2
2024-12-22 01:45:47,526 - [Process 3/5] - INFO - res.shape is :torch.Size([64])
