2024-12-22 05:08:55,638 - [Process 1/5] - INFO - loading datasets finished
2024-12-22 05:08:55,638 - [Process 1/5] - INFO - model_max_len: 3950
2024-12-22 05:08:55,639 - [Process 1/5] - INFO - output_max_len: 128
2024-12-22 05:08:55,737 - [Process 1/5] - INFO - Max Length is 36418
2024-12-22 05:08:55,738 - [Process 1/5] - INFO - Finish loading dataset
2024-12-22 05:08:55,738 - [Process 1/5] - INFO - get_predicted begin
2024-12-22 05:09:00,491 - [Process 1/5] - INFO - len(per_windows_prompt):2
2024-12-22 05:09:05,280 - [Process 1/5] - INFO - res.shape is :torch.Size([8])
2024-12-22 05:09:05,676 - [Process 1/5] - INFO - len(per_windows_prompt):2
2024-12-22 05:09:09,536 - [Process 1/5] - INFO - res.shape is :torch.Size([4])
2024-12-22 05:09:09,757 - [Process 1/5] - INFO - len(per_windows_prompt):2
2024-12-22 05:09:13,607 - [Process 1/5] - INFO - res.shape is :torch.Size([3])
2024-12-22 05:09:13,985 - [Process 1/5] - INFO - len(per_windows_prompt):2
2024-12-22 05:09:18,202 - [Process 1/5] - INFO - res.shape is :torch.Size([12])
2024-12-22 05:09:18,463 - [Process 1/5] - INFO - len(per_windows_prompt):2
2024-12-22 05:09:22,477 - [Process 1/5] - INFO - res.shape is :torch.Size([6])
2024-12-22 05:09:22,767 - [Process 1/5] - INFO - len(per_windows_prompt):2
2024-12-22 05:09:27,205 - [Process 1/5] - INFO - res.shape is :torch.Size([16])
2024-12-22 05:09:27,639 - [Process 1/5] - INFO - len(per_windows_prompt):2
2024-12-22 05:09:31,766 - [Process 1/5] - INFO - res.shape is :torch.Size([9])
2024-12-22 05:09:32,172 - [Process 1/5] - INFO - len(per_windows_prompt):2
2024-12-22 05:09:36,659 - [Process 1/5] - INFO - res.shape is :torch.Size([17])
2024-12-22 05:09:36,993 - [Process 1/5] - INFO - len(per_windows_prompt):2
2024-12-22 05:09:40,826 - [Process 1/5] - INFO - res.shape is :torch.Size([3])
2024-12-22 05:09:41,138 - [Process 1/5] - INFO - len(per_windows_prompt):2
2024-12-22 05:09:45,055 - [Process 1/5] - INFO - res.shape is :torch.Size([5])
2024-12-22 05:09:45,505 - [Process 1/5] - INFO - len(per_windows_prompt):2
2024-12-22 05:09:49,641 - [Process 1/5] - INFO - res.shape is :torch.Size([9])
2024-12-22 05:09:50,028 - [Process 1/5] - INFO - len(per_windows_prompt):2
2024-12-22 05:09:53,905 - [Process 1/5] - INFO - res.shape is :torch.Size([4])
2024-12-22 05:09:54,282 - [Process 1/5] - INFO - len(per_windows_prompt):2
2024-12-22 05:09:58,421 - [Process 1/5] - INFO - res.shape is :torch.Size([10])
2024-12-22 05:09:58,883 - [Process 1/5] - INFO - len(per_windows_prompt):2
2024-12-22 05:10:02,875 - [Process 1/5] - INFO - res.shape is :torch.Size([5])
2024-12-22 05:10:03,447 - [Process 1/5] - INFO - len(per_windows_prompt):2
2024-12-22 05:10:07,319 - [Process 1/5] - INFO - res.shape is :torch.Size([3])
2024-12-22 05:10:07,826 - [Process 1/5] - INFO - len(per_windows_prompt):2
2024-12-22 05:10:11,790 - [Process 1/5] - INFO - res.shape is :torch.Size([6])
2024-12-22 05:10:12,196 - [Process 1/5] - INFO - len(per_windows_prompt):2
2024-12-22 05:10:16,313 - [Process 1/5] - INFO - res.shape is :torch.Size([9])
2024-12-22 05:10:16,761 - [Process 1/5] - INFO - len(per_windows_prompt):2
2024-12-22 05:10:20,656 - [Process 1/5] - INFO - res.shape is :torch.Size([4])
2024-12-22 05:10:20,915 - [Process 1/5] - INFO - len(per_windows_prompt):2
2024-12-22 05:10:24,943 - [Process 1/5] - INFO - res.shape is :torch.Size([6])
2024-12-22 05:10:25,429 - [Process 1/5] - INFO - len(per_windows_prompt):2
2024-12-22 05:10:29,321 - [Process 1/5] - INFO - res.shape is :torch.Size([4])
2024-12-22 05:10:29,532 - [Process 1/5] - INFO - len(per_windows_prompt):2
2024-12-22 05:10:33,587 - [Process 1/5] - INFO - res.shape is :torch.Size([7])
2024-12-22 05:10:33,816 - [Process 1/5] - INFO - len(per_windows_prompt):2
2024-12-22 05:10:37,783 - [Process 1/5] - INFO - res.shape is :torch.Size([5])
2024-12-22 05:10:38,376 - [Process 1/5] - INFO - len(per_windows_prompt):2
2024-12-22 05:10:42,266 - [Process 1/5] - INFO - res.shape is :torch.Size([2])
2024-12-22 05:10:42,567 - [Process 1/5] - INFO - len(per_windows_prompt):2
2024-12-22 05:10:46,976 - [Process 1/5] - INFO - res.shape is :torch.Size([16])
2024-12-22 05:10:47,225 - [Process 1/5] - INFO - len(per_windows_prompt):2
2024-12-22 05:10:51,267 - [Process 1/5] - INFO - res.shape is :torch.Size([6])
2024-12-22 05:10:51,858 - [Process 1/5] - INFO - len(per_windows_prompt):2
2024-12-22 05:10:55,747 - [Process 1/5] - INFO - res.shape is :torch.Size([2])
2024-12-22 05:10:55,987 - [Process 1/5] - INFO - len(per_windows_prompt):2
2024-12-22 05:10:59,854 - [Process 1/5] - INFO - res.shape is :torch.Size([2])
2024-12-22 05:11:00,246 - [Process 1/5] - INFO - len(per_windows_prompt):2
2024-12-22 05:11:04,618 - [Process 1/5] - INFO - res.shape is :torch.Size([15])
2024-12-22 05:11:04,905 - [Process 1/5] - INFO - len(per_windows_prompt):2
2024-12-22 05:11:09,027 - [Process 1/5] - INFO - res.shape is :torch.Size([9])
2024-12-22 05:11:09,393 - [Process 1/5] - INFO - len(per_windows_prompt):2
2024-12-22 05:11:13,261 - [Process 1/5] - INFO - res.shape is :torch.Size([3])
2024-12-22 05:11:13,493 - [Process 1/5] - INFO - len(per_windows_prompt):2
2024-12-22 05:11:17,488 - [Process 1/5] - INFO - res.shape is :torch.Size([6])
2024-12-22 05:11:17,853 - [Process 1/5] - INFO - len(per_windows_prompt):2
2024-12-22 05:11:22,019 - [Process 1/5] - INFO - res.shape is :torch.Size([10])
2024-12-22 05:11:22,375 - [Process 1/5] - INFO - len(per_windows_prompt):2
2024-12-22 05:11:26,646 - [Process 1/5] - INFO - res.shape is :torch.Size([12])
2024-12-22 05:11:26,858 - [Process 1/5] - INFO - len(per_windows_prompt):2
2024-12-22 05:11:31,103 - [Process 1/5] - INFO - res.shape is :torch.Size([11])
2024-12-22 05:11:31,510 - [Process 1/5] - INFO - len(per_windows_prompt):2
2024-12-22 05:11:35,625 - [Process 1/5] - INFO - res.shape is :torch.Size([9])
2024-12-22 05:11:35,990 - [Process 1/5] - INFO - len(per_windows_prompt):2
2024-12-22 05:11:40,070 - [Process 1/5] - INFO - res.shape is :torch.Size([8])
2024-12-22 05:11:40,318 - [Process 1/5] - INFO - len(per_windows_prompt):2
2024-12-22 05:11:44,234 - [Process 1/5] - INFO - res.shape is :torch.Size([3])
2024-12-22 05:11:44,465 - [Process 1/5] - INFO - len(per_windows_prompt):2
2024-12-22 05:11:48,697 - [Process 1/5] - INFO - res.shape is :torch.Size([11])
2024-12-22 05:11:49,098 - [Process 1/5] - INFO - len(per_windows_prompt):2
2024-12-22 05:11:53,098 - [Process 1/5] - INFO - res.shape is :torch.Size([5])
2024-12-22 05:11:53,660 - [Process 1/5] - INFO - len(per_windows_prompt):2
2024-12-22 05:11:57,595 - [Process 1/5] - INFO - res.shape is :torch.Size([3])
