2024-12-22 01:41:26,078 - [Process 0/5] - INFO - loading datasets finished
2024-12-22 01:41:26,079 - [Process 0/5] - INFO - model_max_len: 3950
2024-12-22 01:41:26,079 - [Process 0/5] - INFO - output_max_len: 64
2024-12-22 01:41:26,096 - [Process 0/5] - INFO - Max Length is 8714
2024-12-22 01:41:26,097 - [Process 0/5] - INFO - Finish loading dataset
2024-12-22 01:41:26,097 - [Process 0/5] - INFO - get_predicted begin
2024-12-22 01:41:30,863 - [Process 0/5] - INFO - len(per_windows_prompt):2
2024-12-22 01:41:37,553 - [Process 0/5] - INFO - res.shape is :torch.Size([64])
2024-12-22 01:41:37,694 - [Process 0/5] - INFO - len(per_windows_prompt):2
2024-12-22 01:41:43,832 - [Process 0/5] - INFO - res.shape is :torch.Size([64])
2024-12-22 01:41:43,950 - [Process 0/5] - INFO - len(per_windows_prompt):2
2024-12-22 01:41:50,078 - [Process 0/5] - INFO - res.shape is :torch.Size([64])
2024-12-22 01:41:50,210 - [Process 0/5] - INFO - len(per_windows_prompt):2
2024-12-22 01:41:56,340 - [Process 0/5] - INFO - res.shape is :torch.Size([64])
2024-12-22 01:41:56,464 - [Process 0/5] - INFO - len(per_windows_prompt):2
2024-12-22 01:42:02,600 - [Process 0/5] - INFO - res.shape is :torch.Size([64])
2024-12-22 01:42:02,745 - [Process 0/5] - INFO - len(per_windows_prompt):2
2024-12-22 01:42:08,878 - [Process 0/5] - INFO - res.shape is :torch.Size([64])
2024-12-22 01:42:08,965 - [Process 0/5] - INFO - len(per_windows_prompt):2
2024-12-22 01:42:14,146 - [Process 0/5] - INFO - res.shape is :torch.Size([64])
2024-12-22 01:42:14,267 - [Process 0/5] - INFO - len(per_windows_prompt):2
2024-12-22 01:42:20,409 - [Process 0/5] - INFO - res.shape is :torch.Size([64])
2024-12-22 01:42:20,534 - [Process 0/5] - INFO - len(per_windows_prompt):2
2024-12-22 01:42:26,673 - [Process 0/5] - INFO - res.shape is :torch.Size([64])
2024-12-22 01:42:26,780 - [Process 0/5] - INFO - len(per_windows_prompt):2
2024-12-22 01:42:32,879 - [Process 0/5] - INFO - res.shape is :torch.Size([64])
2024-12-22 01:42:33,005 - [Process 0/5] - INFO - len(per_windows_prompt):2
2024-12-22 01:42:39,151 - [Process 0/5] - INFO - res.shape is :torch.Size([64])
2024-12-22 01:42:39,277 - [Process 0/5] - INFO - len(per_windows_prompt):2
2024-12-22 01:42:45,441 - [Process 0/5] - INFO - res.shape is :torch.Size([64])
2024-12-22 01:42:45,567 - [Process 0/5] - INFO - len(per_windows_prompt):2
2024-12-22 01:42:51,725 - [Process 0/5] - INFO - res.shape is :torch.Size([64])
2024-12-22 01:42:51,867 - [Process 0/5] - INFO - len(per_windows_prompt):2
2024-12-22 01:42:58,025 - [Process 0/5] - INFO - res.shape is :torch.Size([64])
2024-12-22 01:42:58,150 - [Process 0/5] - INFO - len(per_windows_prompt):2
2024-12-22 01:43:04,261 - [Process 0/5] - INFO - res.shape is :torch.Size([64])
2024-12-22 01:43:04,380 - [Process 0/5] - INFO - len(per_windows_prompt):2
2024-12-22 01:43:10,497 - [Process 0/5] - INFO - res.shape is :torch.Size([64])
2024-12-22 01:43:10,618 - [Process 0/5] - INFO - len(per_windows_prompt):2
2024-12-22 01:43:16,785 - [Process 0/5] - INFO - res.shape is :torch.Size([64])
2024-12-22 01:43:16,911 - [Process 0/5] - INFO - len(per_windows_prompt):2
2024-12-22 01:43:23,072 - [Process 0/5] - INFO - res.shape is :torch.Size([64])
2024-12-22 01:43:23,137 - [Process 0/5] - INFO - len(per_windows_prompt):2
2024-12-22 01:43:27,538 - [Process 0/5] - INFO - res.shape is :torch.Size([64])
2024-12-22 01:43:27,632 - [Process 0/5] - INFO - len(per_windows_prompt):2
2024-12-22 01:43:33,317 - [Process 0/5] - INFO - res.shape is :torch.Size([64])
2024-12-22 01:43:33,462 - [Process 0/5] - INFO - len(per_windows_prompt):2
2024-12-22 01:43:39,636 - [Process 0/5] - INFO - res.shape is :torch.Size([64])
2024-12-22 01:43:39,745 - [Process 0/5] - INFO - len(per_windows_prompt):2
2024-12-22 01:43:45,908 - [Process 0/5] - INFO - res.shape is :torch.Size([64])
2024-12-22 01:43:46,023 - [Process 0/5] - INFO - len(per_windows_prompt):2
2024-12-22 01:43:52,201 - [Process 0/5] - INFO - res.shape is :torch.Size([64])
2024-12-22 01:43:52,318 - [Process 0/5] - INFO - len(per_windows_prompt):2
2024-12-22 01:43:58,488 - [Process 0/5] - INFO - res.shape is :torch.Size([64])
2024-12-22 01:43:58,565 - [Process 0/5] - INFO - len(per_windows_prompt):2
2024-12-22 01:44:03,450 - [Process 0/5] - INFO - res.shape is :torch.Size([64])
2024-12-22 01:44:03,584 - [Process 0/5] - INFO - len(per_windows_prompt):2
2024-12-22 01:44:09,751 - [Process 0/5] - INFO - res.shape is :torch.Size([64])
2024-12-22 01:44:09,891 - [Process 0/5] - INFO - len(per_windows_prompt):2
2024-12-22 01:44:16,055 - [Process 0/5] - INFO - res.shape is :torch.Size([64])
2024-12-22 01:44:16,177 - [Process 0/5] - INFO - len(per_windows_prompt):2
2024-12-22 01:44:22,343 - [Process 0/5] - INFO - res.shape is :torch.Size([64])
2024-12-22 01:44:22,462 - [Process 0/5] - INFO - len(per_windows_prompt):2
2024-12-22 01:44:28,629 - [Process 0/5] - INFO - res.shape is :torch.Size([64])
2024-12-22 01:44:28,759 - [Process 0/5] - INFO - len(per_windows_prompt):2
2024-12-22 01:44:34,875 - [Process 0/5] - INFO - res.shape is :torch.Size([64])
2024-12-22 01:44:34,977 - [Process 0/5] - INFO - len(per_windows_prompt):2
2024-12-22 01:44:40,868 - [Process 0/5] - INFO - res.shape is :torch.Size([64])
2024-12-22 01:44:41,000 - [Process 0/5] - INFO - len(per_windows_prompt):2
2024-12-22 01:44:47,175 - [Process 0/5] - INFO - res.shape is :torch.Size([64])
2024-12-22 01:44:47,270 - [Process 0/5] - INFO - len(per_windows_prompt):2
2024-12-22 01:44:52,809 - [Process 0/5] - INFO - res.shape is :torch.Size([64])
2024-12-22 01:44:52,949 - [Process 0/5] - INFO - len(per_windows_prompt):2
2024-12-22 01:44:59,126 - [Process 0/5] - INFO - res.shape is :torch.Size([64])
2024-12-22 01:44:59,204 - [Process 0/5] - INFO - len(per_windows_prompt):2
2024-12-22 01:45:04,096 - [Process 0/5] - INFO - res.shape is :torch.Size([64])
2024-12-22 01:45:04,211 - [Process 0/5] - INFO - len(per_windows_prompt):2
2024-12-22 01:45:10,376 - [Process 0/5] - INFO - res.shape is :torch.Size([64])
2024-12-22 01:45:10,457 - [Process 0/5] - INFO - len(per_windows_prompt):2
2024-12-22 01:45:15,619 - [Process 0/5] - INFO - res.shape is :torch.Size([64])
2024-12-22 01:45:15,740 - [Process 0/5] - INFO - len(per_windows_prompt):2
2024-12-22 01:45:21,912 - [Process 0/5] - INFO - res.shape is :torch.Size([64])
2024-12-22 01:45:22,024 - [Process 0/5] - INFO - len(per_windows_prompt):2
2024-12-22 01:45:28,197 - [Process 0/5] - INFO - res.shape is :torch.Size([64])
2024-12-22 01:45:28,323 - [Process 0/5] - INFO - len(per_windows_prompt):2
2024-12-22 01:45:34,440 - [Process 0/5] - INFO - res.shape is :torch.Size([64])
