2024-12-22 05:38:35,562 - [Process 1/5] - INFO - loading datasets finished
2024-12-22 05:38:35,562 - [Process 1/5] - INFO - model_max_len: 3950
2024-12-22 05:38:35,562 - [Process 1/5] - INFO - output_max_len: 64
2024-12-22 05:38:35,590 - [Process 1/5] - INFO - Max Length is 8714
2024-12-22 05:38:35,590 - [Process 1/5] - INFO - Finish loading dataset
2024-12-22 05:38:35,591 - [Process 1/5] - INFO - get_predicted begin
2024-12-22 05:38:40,404 - [Process 1/5] - INFO - len(per_windows_prompt):2
2024-12-22 05:38:47,638 - [Process 1/5] - INFO - res.shape is :torch.Size([64])
2024-12-22 05:38:47,872 - [Process 1/5] - INFO - len(per_windows_prompt):2
2024-12-22 05:38:54,368 - [Process 1/5] - INFO - res.shape is :torch.Size([64])
2024-12-22 05:38:54,590 - [Process 1/5] - INFO - len(per_windows_prompt):2
2024-12-22 05:39:01,111 - [Process 1/5] - INFO - res.shape is :torch.Size([64])
2024-12-22 05:39:01,295 - [Process 1/5] - INFO - len(per_windows_prompt):2
2024-12-22 05:39:07,816 - [Process 1/5] - INFO - res.shape is :torch.Size([64])
2024-12-22 05:39:08,031 - [Process 1/5] - INFO - len(per_windows_prompt):2
2024-12-22 05:39:14,504 - [Process 1/5] - INFO - res.shape is :torch.Size([64])
2024-12-22 05:39:14,692 - [Process 1/5] - INFO - len(per_windows_prompt):2
2024-12-22 05:39:21,078 - [Process 1/5] - INFO - res.shape is :torch.Size([64])
2024-12-22 05:39:21,302 - [Process 1/5] - INFO - len(per_windows_prompt):2
2024-12-22 05:39:27,689 - [Process 1/5] - INFO - res.shape is :torch.Size([64])
2024-12-22 05:39:27,911 - [Process 1/5] - INFO - len(per_windows_prompt):2
2024-12-22 05:39:34,246 - [Process 1/5] - INFO - res.shape is :torch.Size([64])
2024-12-22 05:39:34,430 - [Process 1/5] - INFO - len(per_windows_prompt):2
2024-12-22 05:39:40,813 - [Process 1/5] - INFO - res.shape is :torch.Size([64])
2024-12-22 05:39:40,953 - [Process 1/5] - INFO - len(per_windows_prompt):2
2024-12-22 05:39:46,412 - [Process 1/5] - INFO - res.shape is :torch.Size([64])
2024-12-22 05:39:46,599 - [Process 1/5] - INFO - len(per_windows_prompt):2
2024-12-22 05:39:52,989 - [Process 1/5] - INFO - res.shape is :torch.Size([64])
2024-12-22 05:39:53,211 - [Process 1/5] - INFO - len(per_windows_prompt):2
2024-12-22 05:39:59,620 - [Process 1/5] - INFO - res.shape is :torch.Size([64])
2024-12-22 05:39:59,819 - [Process 1/5] - INFO - len(per_windows_prompt):2
2024-12-22 05:40:06,217 - [Process 1/5] - INFO - res.shape is :torch.Size([64])
2024-12-22 05:40:06,441 - [Process 1/5] - INFO - len(per_windows_prompt):2
2024-12-22 05:40:12,844 - [Process 1/5] - INFO - res.shape is :torch.Size([64])
2024-12-22 05:40:13,039 - [Process 1/5] - INFO - len(per_windows_prompt):2
2024-12-22 05:40:19,400 - [Process 1/5] - INFO - res.shape is :torch.Size([64])
2024-12-22 05:40:19,501 - [Process 1/5] - INFO - len(per_windows_prompt):2
2024-12-22 05:40:24,322 - [Process 1/5] - INFO - res.shape is :torch.Size([64])
2024-12-22 05:40:24,526 - [Process 1/5] - INFO - len(per_windows_prompt):2
2024-12-22 05:40:31,031 - [Process 1/5] - INFO - res.shape is :torch.Size([64])
2024-12-22 05:40:31,213 - [Process 1/5] - INFO - len(per_windows_prompt):2
2024-12-22 05:40:37,725 - [Process 1/5] - INFO - res.shape is :torch.Size([64])
2024-12-22 05:40:37,825 - [Process 1/5] - INFO - len(per_windows_prompt):2
2024-12-22 05:40:42,615 - [Process 1/5] - INFO - res.shape is :torch.Size([64])
2024-12-22 05:40:42,861 - [Process 1/5] - INFO - len(per_windows_prompt):2
2024-12-22 05:40:49,389 - [Process 1/5] - INFO - res.shape is :torch.Size([64])
2024-12-22 05:40:49,548 - [Process 1/5] - INFO - len(per_windows_prompt):2
2024-12-22 05:40:53,287 - [Process 1/5] - INFO - res.shape is :torch.Size([21])
2024-12-22 05:40:53,430 - [Process 1/5] - INFO - len(per_windows_prompt):2
2024-12-22 05:40:58,925 - [Process 1/5] - INFO - res.shape is :torch.Size([64])
2024-12-22 05:40:59,163 - [Process 1/5] - INFO - len(per_windows_prompt):2
2024-12-22 05:41:05,623 - [Process 1/5] - INFO - res.shape is :torch.Size([64])
2024-12-22 05:41:05,763 - [Process 1/5] - INFO - len(per_windows_prompt):2
2024-12-22 05:41:11,412 - [Process 1/5] - INFO - res.shape is :torch.Size([64])
2024-12-22 05:41:11,649 - [Process 1/5] - INFO - len(per_windows_prompt):2
2024-12-22 05:41:18,155 - [Process 1/5] - INFO - res.shape is :torch.Size([64])
2024-12-22 05:41:18,261 - [Process 1/5] - INFO - len(per_windows_prompt):2
2024-12-22 05:41:23,270 - [Process 1/5] - INFO - res.shape is :torch.Size([64])
2024-12-22 05:41:23,469 - [Process 1/5] - INFO - len(per_windows_prompt):2
2024-12-22 05:41:30,081 - [Process 1/5] - INFO - res.shape is :torch.Size([64])
2024-12-22 05:41:30,307 - [Process 1/5] - INFO - len(per_windows_prompt):2
2024-12-22 05:41:36,871 - [Process 1/5] - INFO - res.shape is :torch.Size([64])
2024-12-22 05:41:37,073 - [Process 1/5] - INFO - len(per_windows_prompt):2
2024-12-22 05:41:43,678 - [Process 1/5] - INFO - res.shape is :torch.Size([64])
2024-12-22 05:41:43,893 - [Process 1/5] - INFO - len(per_windows_prompt):2
2024-12-22 05:41:50,455 - [Process 1/5] - INFO - res.shape is :torch.Size([64])
2024-12-22 05:41:50,698 - [Process 1/5] - INFO - len(per_windows_prompt):2
2024-12-22 05:41:57,263 - [Process 1/5] - INFO - res.shape is :torch.Size([64])
2024-12-22 05:41:57,524 - [Process 1/5] - INFO - len(per_windows_prompt):2
2024-12-22 05:42:04,089 - [Process 1/5] - INFO - res.shape is :torch.Size([64])
2024-12-22 05:42:04,309 - [Process 1/5] - INFO - len(per_windows_prompt):2
2024-12-22 05:42:10,918 - [Process 1/5] - INFO - res.shape is :torch.Size([64])
2024-12-22 05:42:11,176 - [Process 1/5] - INFO - len(per_windows_prompt):2
2024-12-22 05:42:17,762 - [Process 1/5] - INFO - res.shape is :torch.Size([64])
2024-12-22 05:42:17,920 - [Process 1/5] - INFO - len(per_windows_prompt):2
2024-12-22 05:42:24,110 - [Process 1/5] - INFO - res.shape is :torch.Size([64])
2024-12-22 05:42:24,314 - [Process 1/5] - INFO - len(per_windows_prompt):2
2024-12-22 05:42:30,883 - [Process 1/5] - INFO - res.shape is :torch.Size([64])
2024-12-22 05:42:31,147 - [Process 1/5] - INFO - len(per_windows_prompt):2
2024-12-22 05:42:37,710 - [Process 1/5] - INFO - res.shape is :torch.Size([64])
2024-12-22 05:42:37,971 - [Process 1/5] - INFO - len(per_windows_prompt):2
2024-12-22 05:42:44,572 - [Process 1/5] - INFO - res.shape is :torch.Size([64])
2024-12-22 05:42:44,773 - [Process 1/5] - INFO - len(per_windows_prompt):2
2024-12-22 05:42:51,336 - [Process 1/5] - INFO - res.shape is :torch.Size([64])
2024-12-22 05:42:51,563 - [Process 1/5] - INFO - len(per_windows_prompt):2
2024-12-22 05:42:58,065 - [Process 1/5] - INFO - res.shape is :torch.Size([64])
