2024-12-22 01:16:36,786 - [Process 2/5] - INFO - loading datasets finished
2024-12-22 01:16:36,787 - [Process 2/5] - INFO - model_max_len: 3950
2024-12-22 01:16:36,787 - [Process 2/5] - INFO - output_max_len: 128
2024-12-22 01:16:36,816 - [Process 2/5] - INFO - Max Length is 14660
2024-12-22 01:16:36,817 - [Process 2/5] - INFO - Finish loading dataset
2024-12-22 01:16:36,817 - [Process 2/5] - INFO - get_predicted begin
2024-12-22 01:16:41,640 - [Process 2/5] - INFO - len(per_windows_prompt):2
2024-12-22 01:16:46,576 - [Process 2/5] - INFO - res.shape is :torch.Size([2])
2024-12-22 01:16:46,776 - [Process 2/5] - INFO - len(per_windows_prompt):2
2024-12-22 01:16:50,906 - [Process 2/5] - INFO - res.shape is :torch.Size([4])
2024-12-22 01:16:51,075 - [Process 2/5] - INFO - len(per_windows_prompt):2
2024-12-22 01:16:54,805 - [Process 2/5] - INFO - res.shape is :torch.Size([4])
2024-12-22 01:16:54,987 - [Process 2/5] - INFO - len(per_windows_prompt):2
2024-12-22 01:16:59,244 - [Process 2/5] - INFO - res.shape is :torch.Size([4])
2024-12-22 01:16:59,441 - [Process 2/5] - INFO - len(per_windows_prompt):2
2024-12-22 01:17:03,542 - [Process 2/5] - INFO - res.shape is :torch.Size([4])
2024-12-22 01:17:03,737 - [Process 2/5] - INFO - len(per_windows_prompt):2
2024-12-22 01:17:07,771 - [Process 2/5] - INFO - res.shape is :torch.Size([4])
2024-12-22 01:17:07,909 - [Process 2/5] - INFO - len(per_windows_prompt):2
2024-12-22 01:17:11,854 - [Process 2/5] - INFO - res.shape is :torch.Size([25])
2024-12-22 01:17:12,060 - [Process 2/5] - INFO - len(per_windows_prompt):2
2024-12-22 01:17:16,181 - [Process 2/5] - INFO - res.shape is :torch.Size([4])
2024-12-22 01:17:16,386 - [Process 2/5] - INFO - len(per_windows_prompt):2
2024-12-22 01:17:20,502 - [Process 2/5] - INFO - res.shape is :torch.Size([4])
2024-12-22 01:17:20,612 - [Process 2/5] - INFO - len(per_windows_prompt):2
2024-12-22 01:17:23,160 - [Process 2/5] - INFO - res.shape is :torch.Size([4])
2024-12-22 01:17:23,355 - [Process 2/5] - INFO - len(per_windows_prompt):2
2024-12-22 01:17:27,658 - [Process 2/5] - INFO - res.shape is :torch.Size([4])
2024-12-22 01:17:27,860 - [Process 2/5] - INFO - len(per_windows_prompt):2
2024-12-22 01:17:31,973 - [Process 2/5] - INFO - res.shape is :torch.Size([4])
2024-12-22 01:17:32,096 - [Process 2/5] - INFO - len(per_windows_prompt):2
2024-12-22 01:17:34,849 - [Process 2/5] - INFO - res.shape is :torch.Size([2])
2024-12-22 01:17:35,029 - [Process 2/5] - INFO - len(per_windows_prompt):2
2024-12-22 01:17:39,114 - [Process 2/5] - INFO - res.shape is :torch.Size([3])
2024-12-22 01:17:39,306 - [Process 2/5] - INFO - len(per_windows_prompt):2
2024-12-22 01:17:43,380 - [Process 2/5] - INFO - res.shape is :torch.Size([4])
2024-12-22 01:17:43,482 - [Process 2/5] - INFO - len(per_windows_prompt):2
2024-12-22 01:17:45,866 - [Process 2/5] - INFO - res.shape is :torch.Size([2])
2024-12-22 01:17:45,974 - [Process 2/5] - INFO - len(per_windows_prompt):2
2024-12-22 01:17:48,459 - [Process 2/5] - INFO - res.shape is :torch.Size([2])
2024-12-22 01:17:48,658 - [Process 2/5] - INFO - len(per_windows_prompt):2
2024-12-22 01:17:52,952 - [Process 2/5] - INFO - res.shape is :torch.Size([4])
2024-12-22 01:17:53,156 - [Process 2/5] - INFO - len(per_windows_prompt):2
2024-12-22 01:17:57,455 - [Process 2/5] - INFO - res.shape is :torch.Size([4])
2024-12-22 01:17:57,620 - [Process 2/5] - INFO - len(per_windows_prompt):2
2024-12-22 01:18:01,266 - [Process 2/5] - INFO - res.shape is :torch.Size([4])
2024-12-22 01:18:01,470 - [Process 2/5] - INFO - len(per_windows_prompt):2
2024-12-22 01:18:05,691 - [Process 2/5] - INFO - res.shape is :torch.Size([2])
2024-12-22 01:18:05,893 - [Process 2/5] - INFO - len(per_windows_prompt):2
2024-12-22 01:18:10,218 - [Process 2/5] - INFO - res.shape is :torch.Size([4])
2024-12-22 01:18:10,376 - [Process 2/5] - INFO - len(per_windows_prompt):2
2024-12-22 01:18:13,973 - [Process 2/5] - INFO - res.shape is :torch.Size([4])
2024-12-22 01:18:14,074 - [Process 2/5] - INFO - len(per_windows_prompt):2
2024-12-22 01:18:16,433 - [Process 2/5] - INFO - res.shape is :torch.Size([2])
2024-12-22 01:18:16,554 - [Process 2/5] - INFO - len(per_windows_prompt):2
2024-12-22 01:18:19,343 - [Process 2/5] - INFO - res.shape is :torch.Size([2])
2024-12-22 01:18:19,525 - [Process 2/5] - INFO - len(per_windows_prompt):2
2024-12-22 01:18:23,760 - [Process 2/5] - INFO - res.shape is :torch.Size([2])
2024-12-22 01:18:23,978 - [Process 2/5] - INFO - len(per_windows_prompt):2
2024-12-22 01:18:28,137 - [Process 2/5] - INFO - res.shape is :torch.Size([4])
2024-12-22 01:18:28,252 - [Process 2/5] - INFO - len(per_windows_prompt):2
2024-12-22 01:18:30,779 - [Process 2/5] - INFO - res.shape is :torch.Size([2])
2024-12-22 01:18:30,966 - [Process 2/5] - INFO - len(per_windows_prompt):2
2024-12-22 01:18:35,026 - [Process 2/5] - INFO - res.shape is :torch.Size([2])
2024-12-22 01:18:35,211 - [Process 2/5] - INFO - len(per_windows_prompt):2
2024-12-22 01:18:39,362 - [Process 2/5] - INFO - res.shape is :torch.Size([4])
2024-12-22 01:18:39,557 - [Process 2/5] - INFO - len(per_windows_prompt):2
2024-12-22 01:18:43,647 - [Process 2/5] - INFO - res.shape is :torch.Size([4])
2024-12-22 01:18:43,837 - [Process 2/5] - INFO - len(per_windows_prompt):2
2024-12-22 01:18:47,994 - [Process 2/5] - INFO - res.shape is :torch.Size([4])
2024-12-22 01:18:48,200 - [Process 2/5] - INFO - len(per_windows_prompt):2
2024-12-22 01:18:52,516 - [Process 2/5] - INFO - res.shape is :torch.Size([4])
2024-12-22 01:18:52,758 - [Process 2/5] - INFO - len(per_windows_prompt):2
2024-12-22 01:18:57,013 - [Process 2/5] - INFO - res.shape is :torch.Size([5])
2024-12-22 01:18:57,175 - [Process 2/5] - INFO - len(per_windows_prompt):2
2024-12-22 01:19:00,767 - [Process 2/5] - INFO - res.shape is :torch.Size([4])
2024-12-22 01:19:00,961 - [Process 2/5] - INFO - len(per_windows_prompt):2
2024-12-22 01:19:05,054 - [Process 2/5] - INFO - res.shape is :torch.Size([4])
2024-12-22 01:19:05,236 - [Process 2/5] - INFO - len(per_windows_prompt):2
2024-12-22 01:19:09,392 - [Process 2/5] - INFO - res.shape is :torch.Size([4])
2024-12-22 01:19:09,544 - [Process 2/5] - INFO - len(per_windows_prompt):2
2024-12-22 01:19:13,034 - [Process 2/5] - INFO - res.shape is :torch.Size([2])
2024-12-22 01:19:13,257 - [Process 2/5] - INFO - len(per_windows_prompt):2
2024-12-22 01:19:17,599 - [Process 2/5] - INFO - res.shape is :torch.Size([4])
2024-12-22 01:19:17,790 - [Process 2/5] - INFO - len(per_windows_prompt):2
2024-12-22 01:19:21,949 - [Process 2/5] - INFO - res.shape is :torch.Size([4])
