2024-12-22 04:18:21,598 - [Process 2/5] - INFO - loading datasets finished
2024-12-22 04:18:21,599 - [Process 2/5] - INFO - model_max_len: 3950
2024-12-22 04:18:21,599 - [Process 2/5] - INFO - output_max_len: 64
2024-12-22 04:18:21,621 - [Process 2/5] - INFO - Max Length is 10029
2024-12-22 04:18:21,621 - [Process 2/5] - INFO - Finish loading dataset
2024-12-22 04:18:21,621 - [Process 2/5] - INFO - get_predicted begin
2024-12-22 04:18:26,464 - [Process 2/5] - INFO - len(per_windows_prompt):2
2024-12-22 04:18:33,626 - [Process 2/5] - INFO - res.shape is :torch.Size([64])
2024-12-22 04:18:33,737 - [Process 2/5] - INFO - len(per_windows_prompt):2
2024-12-22 04:18:38,866 - [Process 2/5] - INFO - res.shape is :torch.Size([64])
2024-12-22 04:18:38,994 - [Process 2/5] - INFO - len(per_windows_prompt):2
2024-12-22 04:18:44,068 - [Process 2/5] - INFO - res.shape is :torch.Size([64])
2024-12-22 04:18:44,175 - [Process 2/5] - INFO - len(per_windows_prompt):2
2024-12-22 04:18:48,734 - [Process 2/5] - INFO - res.shape is :torch.Size([64])
2024-12-22 04:18:48,827 - [Process 2/5] - INFO - len(per_windows_prompt):2
2024-12-22 04:18:53,083 - [Process 2/5] - INFO - res.shape is :torch.Size([64])
2024-12-22 04:18:53,260 - [Process 2/5] - INFO - len(per_windows_prompt):2
2024-12-22 04:18:59,552 - [Process 2/5] - INFO - res.shape is :torch.Size([64])
2024-12-22 04:18:59,688 - [Process 2/5] - INFO - len(per_windows_prompt):2
2024-12-22 04:19:05,238 - [Process 2/5] - INFO - res.shape is :torch.Size([64])
2024-12-22 04:19:05,353 - [Process 2/5] - INFO - len(per_windows_prompt):2
2024-12-22 04:19:10,379 - [Process 2/5] - INFO - res.shape is :torch.Size([64])
2024-12-22 04:19:10,514 - [Process 2/5] - INFO - len(per_windows_prompt):2
2024-12-22 04:19:16,164 - [Process 2/5] - INFO - res.shape is :torch.Size([64])
2024-12-22 04:19:16,355 - [Process 2/5] - INFO - len(per_windows_prompt):2
2024-12-22 04:19:22,618 - [Process 2/5] - INFO - res.shape is :torch.Size([64])
2024-12-22 04:19:22,767 - [Process 2/5] - INFO - len(per_windows_prompt):2
2024-12-22 04:19:28,304 - [Process 2/5] - INFO - res.shape is :torch.Size([64])
2024-12-22 04:19:28,483 - [Process 2/5] - INFO - len(per_windows_prompt):2
2024-12-22 04:19:34,783 - [Process 2/5] - INFO - res.shape is :torch.Size([64])
2024-12-22 04:19:34,900 - [Process 2/5] - INFO - len(per_windows_prompt):2
2024-12-22 04:19:40,038 - [Process 2/5] - INFO - res.shape is :torch.Size([64])
2024-12-22 04:19:40,146 - [Process 2/5] - INFO - len(per_windows_prompt):2
2024-12-22 04:19:45,214 - [Process 2/5] - INFO - res.shape is :torch.Size([64])
2024-12-22 04:19:45,398 - [Process 2/5] - INFO - len(per_windows_prompt):2
2024-12-22 04:19:51,815 - [Process 2/5] - INFO - res.shape is :torch.Size([64])
2024-12-22 04:19:51,970 - [Process 2/5] - INFO - len(per_windows_prompt):2
2024-12-22 04:19:57,876 - [Process 2/5] - INFO - res.shape is :torch.Size([64])
2024-12-22 04:19:57,958 - [Process 2/5] - INFO - len(per_windows_prompt):2
2024-12-22 04:20:02,373 - [Process 2/5] - INFO - res.shape is :torch.Size([64])
2024-12-22 04:20:02,558 - [Process 2/5] - INFO - len(per_windows_prompt):2
2024-12-22 04:20:08,921 - [Process 2/5] - INFO - res.shape is :torch.Size([64])
2024-12-22 04:20:09,039 - [Process 2/5] - INFO - len(per_windows_prompt):2
2024-12-22 04:20:14,249 - [Process 2/5] - INFO - res.shape is :torch.Size([64])
2024-12-22 04:20:14,323 - [Process 2/5] - INFO - len(per_windows_prompt):2
2024-12-22 04:20:18,661 - [Process 2/5] - INFO - res.shape is :torch.Size([64])
2024-12-22 04:20:18,854 - [Process 2/5] - INFO - len(per_windows_prompt):2
2024-12-22 04:20:25,337 - [Process 2/5] - INFO - res.shape is :torch.Size([64])
2024-12-22 04:20:25,490 - [Process 2/5] - INFO - len(per_windows_prompt):2
2024-12-22 04:20:31,124 - [Process 2/5] - INFO - res.shape is :torch.Size([64])
2024-12-22 04:20:31,286 - [Process 2/5] - INFO - len(per_windows_prompt):2
2024-12-22 04:20:37,320 - [Process 2/5] - INFO - res.shape is :torch.Size([64])
2024-12-22 04:20:37,407 - [Process 2/5] - INFO - len(per_windows_prompt):2
2024-12-22 04:20:41,995 - [Process 2/5] - INFO - res.shape is :torch.Size([64])
2024-12-22 04:20:42,114 - [Process 2/5] - INFO - len(per_windows_prompt):2
2024-12-22 04:20:47,141 - [Process 2/5] - INFO - res.shape is :torch.Size([64])
2024-12-22 04:20:47,253 - [Process 2/5] - INFO - len(per_windows_prompt):2
2024-12-22 04:20:51,985 - [Process 2/5] - INFO - res.shape is :torch.Size([64])
2024-12-22 04:20:52,151 - [Process 2/5] - INFO - len(per_windows_prompt):2
2024-12-22 04:20:57,837 - [Process 2/5] - INFO - res.shape is :torch.Size([64])
2024-12-22 04:20:57,971 - [Process 2/5] - INFO - len(per_windows_prompt):2
2024-12-22 04:21:03,139 - [Process 2/5] - INFO - res.shape is :torch.Size([64])
2024-12-22 04:21:03,261 - [Process 2/5] - INFO - len(per_windows_prompt):2
2024-12-22 04:21:07,844 - [Process 2/5] - INFO - res.shape is :torch.Size([64])
2024-12-22 04:21:08,044 - [Process 2/5] - INFO - len(per_windows_prompt):2
2024-12-22 04:21:14,550 - [Process 2/5] - INFO - res.shape is :torch.Size([64])
2024-12-22 04:21:14,658 - [Process 2/5] - INFO - len(per_windows_prompt):2
2024-12-22 04:21:19,521 - [Process 2/5] - INFO - res.shape is :torch.Size([64])
2024-12-22 04:21:19,643 - [Process 2/5] - INFO - len(per_windows_prompt):2
2024-12-22 04:21:25,039 - [Process 2/5] - INFO - res.shape is :torch.Size([64])
2024-12-22 04:21:25,139 - [Process 2/5] - INFO - len(per_windows_prompt):2
2024-12-22 04:21:29,943 - [Process 2/5] - INFO - res.shape is :torch.Size([64])
2024-12-22 04:21:30,059 - [Process 2/5] - INFO - len(per_windows_prompt):2
2024-12-22 04:21:34,936 - [Process 2/5] - INFO - res.shape is :torch.Size([64])
2024-12-22 04:21:35,065 - [Process 2/5] - INFO - len(per_windows_prompt):2
2024-12-22 04:21:40,269 - [Process 2/5] - INFO - res.shape is :torch.Size([64])
2024-12-22 04:21:40,479 - [Process 2/5] - INFO - len(per_windows_prompt):2
2024-12-22 04:21:46,926 - [Process 2/5] - INFO - res.shape is :torch.Size([64])
2024-12-22 04:21:47,066 - [Process 2/5] - INFO - len(per_windows_prompt):2
2024-12-22 04:21:52,756 - [Process 2/5] - INFO - res.shape is :torch.Size([64])
2024-12-22 04:21:52,870 - [Process 2/5] - INFO - len(per_windows_prompt):2
2024-12-22 04:21:57,993 - [Process 2/5] - INFO - res.shape is :torch.Size([64])
2024-12-22 04:21:58,096 - [Process 2/5] - INFO - len(per_windows_prompt):2
2024-12-22 04:22:02,826 - [Process 2/5] - INFO - res.shape is :torch.Size([64])
2024-12-22 04:22:02,948 - [Process 2/5] - INFO - len(per_windows_prompt):2
2024-12-22 04:22:08,303 - [Process 2/5] - INFO - res.shape is :torch.Size([64])
2024-12-22 04:22:08,480 - [Process 2/5] - INFO - len(per_windows_prompt):2
2024-12-22 04:22:13,265 - [Process 2/5] - INFO - res.shape is :torch.Size([26])
2024-12-22 04:22:13,453 - [Process 2/5] - INFO - len(per_windows_prompt):2
2024-12-22 04:22:19,897 - [Process 2/5] - INFO - res.shape is :torch.Size([64])
2024-12-22 04:22:20,017 - [Process 2/5] - INFO - len(per_windows_prompt):2
2024-12-22 04:22:25,167 - [Process 2/5] - INFO - res.shape is :torch.Size([64])
2024-12-22 04:22:25,370 - [Process 2/5] - INFO - len(per_windows_prompt):2
2024-12-22 04:22:31,681 - [Process 2/5] - INFO - res.shape is :torch.Size([64])
2024-12-22 04:22:31,858 - [Process 2/5] - INFO - len(per_windows_prompt):2
2024-12-22 04:22:38,094 - [Process 2/5] - INFO - res.shape is :torch.Size([64])
2024-12-22 04:22:38,283 - [Process 2/5] - INFO - len(per_windows_prompt):2
2024-12-22 04:22:44,561 - [Process 2/5] - INFO - res.shape is :torch.Size([64])
2024-12-22 04:22:44,683 - [Process 2/5] - INFO - len(per_windows_prompt):2
2024-12-22 04:22:49,529 - [Process 2/5] - INFO - res.shape is :torch.Size([64])
2024-12-22 04:22:49,674 - [Process 2/5] - INFO - len(per_windows_prompt):2
2024-12-22 04:22:54,995 - [Process 2/5] - INFO - res.shape is :torch.Size([64])
2024-12-22 04:22:55,360 - [Process 2/5] - INFO - len(per_windows_prompt):2
2024-12-22 04:23:01,874 - [Process 2/5] - INFO - res.shape is :torch.Size([64])
2024-12-22 04:23:01,997 - [Process 2/5] - INFO - len(per_windows_prompt):2
2024-12-22 04:23:06,942 - [Process 2/5] - INFO - res.shape is :torch.Size([64])
2024-12-22 04:23:07,267 - [Process 2/5] - INFO - len(per_windows_prompt):2
2024-12-22 04:23:13,704 - [Process 2/5] - INFO - res.shape is :torch.Size([64])
2024-12-22 04:23:13,827 - [Process 2/5] - INFO - len(per_windows_prompt):2
2024-12-22 04:23:18,515 - [Process 2/5] - INFO - res.shape is :torch.Size([64])
2024-12-22 04:23:18,651 - [Process 2/5] - INFO - len(per_windows_prompt):2
2024-12-22 04:23:23,859 - [Process 2/5] - INFO - res.shape is :torch.Size([64])
2024-12-22 04:23:24,077 - [Process 2/5] - INFO - len(per_windows_prompt):2
2024-12-22 04:23:30,514 - [Process 2/5] - INFO - res.shape is :torch.Size([64])
2024-12-22 04:23:30,659 - [Process 2/5] - INFO - len(per_windows_prompt):2
2024-12-22 04:23:36,201 - [Process 2/5] - INFO - res.shape is :torch.Size([64])
2024-12-22 04:23:36,373 - [Process 2/5] - INFO - len(per_windows_prompt):2
2024-12-22 04:23:42,458 - [Process 2/5] - INFO - res.shape is :torch.Size([64])
2024-12-22 04:23:42,569 - [Process 2/5] - INFO - len(per_windows_prompt):2
2024-12-22 04:23:47,453 - [Process 2/5] - INFO - res.shape is :torch.Size([64])
2024-12-22 04:23:47,573 - [Process 2/5] - INFO - len(per_windows_prompt):2
2024-12-22 04:23:52,482 - [Process 2/5] - INFO - res.shape is :torch.Size([56])
2024-12-22 04:23:52,583 - [Process 2/5] - INFO - len(per_windows_prompt):2
2024-12-22 04:23:57,186 - [Process 2/5] - INFO - res.shape is :torch.Size([64])
2024-12-22 04:23:57,335 - [Process 2/5] - INFO - len(per_windows_prompt):2
2024-12-22 04:24:02,843 - [Process 2/5] - INFO - res.shape is :torch.Size([64])
2024-12-22 04:24:03,078 - [Process 2/5] - INFO - len(per_windows_prompt):2
2024-12-22 04:24:09,534 - [Process 2/5] - INFO - res.shape is :torch.Size([64])
2024-12-22 04:24:09,689 - [Process 2/5] - INFO - len(per_windows_prompt):2
2024-12-22 04:24:15,342 - [Process 2/5] - INFO - res.shape is :torch.Size([64])
2024-12-22 04:24:15,456 - [Process 2/5] - INFO - len(per_windows_prompt):2
2024-12-22 04:24:20,115 - [Process 2/5] - INFO - res.shape is :torch.Size([64])
2024-12-22 04:24:20,320 - [Process 2/5] - INFO - len(per_windows_prompt):2
2024-12-22 04:24:26,555 - [Process 2/5] - INFO - res.shape is :torch.Size([64])
2024-12-22 04:24:26,835 - [Process 2/5] - INFO - len(per_windows_prompt):2
2024-12-22 04:24:33,230 - [Process 2/5] - INFO - res.shape is :torch.Size([64])
2024-12-22 04:24:33,307 - [Process 2/5] - INFO - len(per_windows_prompt):2
2024-12-22 04:24:37,558 - [Process 2/5] - INFO - res.shape is :torch.Size([64])
2024-12-22 04:24:37,737 - [Process 2/5] - INFO - len(per_windows_prompt):2
2024-12-22 04:24:43,974 - [Process 2/5] - INFO - res.shape is :torch.Size([64])
2024-12-22 04:24:44,178 - [Process 2/5] - INFO - len(per_windows_prompt):2
2024-12-22 04:24:50,454 - [Process 2/5] - INFO - res.shape is :torch.Size([64])
2024-12-22 04:24:50,616 - [Process 2/5] - INFO - len(per_windows_prompt):2
2024-12-22 04:24:56,360 - [Process 2/5] - INFO - res.shape is :torch.Size([64])
2024-12-22 04:24:56,670 - [Process 2/5] - INFO - len(per_windows_prompt):2
2024-12-22 04:25:03,038 - [Process 2/5] - INFO - res.shape is :torch.Size([64])
2024-12-22 04:25:03,175 - [Process 2/5] - INFO - len(per_windows_prompt):2
2024-12-22 04:25:08,390 - [Process 2/5] - INFO - res.shape is :torch.Size([64])
2024-12-22 04:25:08,461 - [Process 2/5] - INFO - len(per_windows_prompt):2
2024-12-22 04:25:12,383 - [Process 2/5] - INFO - res.shape is :torch.Size([64])
2024-12-22 04:25:12,520 - [Process 2/5] - INFO - len(per_windows_prompt):2
2024-12-22 04:25:18,059 - [Process 2/5] - INFO - res.shape is :torch.Size([64])
2024-12-22 04:25:18,192 - [Process 2/5] - INFO - len(per_windows_prompt):2
2024-12-22 04:25:23,874 - [Process 2/5] - INFO - res.shape is :torch.Size([64])
2024-12-22 04:25:24,086 - [Process 2/5] - INFO - len(per_windows_prompt):2
2024-12-22 04:25:30,573 - [Process 2/5] - INFO - res.shape is :torch.Size([64])
2024-12-22 04:25:30,682 - [Process 2/5] - INFO - len(per_windows_prompt):2
2024-12-22 04:25:35,774 - [Process 2/5] - INFO - res.shape is :torch.Size([64])
2024-12-22 04:25:35,917 - [Process 2/5] - INFO - len(per_windows_prompt):2
2024-12-22 04:25:41,706 - [Process 2/5] - INFO - res.shape is :torch.Size([64])
2024-12-22 04:25:41,880 - [Process 2/5] - INFO - len(per_windows_prompt):2
2024-12-22 04:25:48,226 - [Process 2/5] - INFO - res.shape is :torch.Size([64])
2024-12-22 04:25:48,431 - [Process 2/5] - INFO - len(per_windows_prompt):2
2024-12-22 04:25:54,850 - [Process 2/5] - INFO - res.shape is :torch.Size([64])
2024-12-22 04:25:55,056 - [Process 2/5] - INFO - len(per_windows_prompt):2
2024-12-22 04:26:01,377 - [Process 2/5] - INFO - res.shape is :torch.Size([64])
2024-12-22 04:26:01,510 - [Process 2/5] - INFO - len(per_windows_prompt):2
2024-12-22 04:26:06,426 - [Process 2/5] - INFO - res.shape is :torch.Size([64])
2024-12-22 04:26:06,552 - [Process 2/5] - INFO - len(per_windows_prompt):2
2024-12-22 04:26:11,789 - [Process 2/5] - INFO - res.shape is :torch.Size([64])
2024-12-22 04:26:11,904 - [Process 2/5] - INFO - len(per_windows_prompt):2
2024-12-22 04:26:16,738 - [Process 2/5] - INFO - res.shape is :torch.Size([64])
2024-12-22 04:26:16,880 - [Process 2/5] - INFO - len(per_windows_prompt):2
2024-12-22 04:26:22,410 - [Process 2/5] - INFO - res.shape is :torch.Size([64])
2024-12-22 04:26:22,537 - [Process 2/5] - INFO - len(per_windows_prompt):2
2024-12-22 04:26:27,282 - [Process 2/5] - INFO - res.shape is :torch.Size([64])
2024-12-22 04:26:27,388 - [Process 2/5] - INFO - len(per_windows_prompt):2
2024-12-22 04:26:32,163 - [Process 2/5] - INFO - res.shape is :torch.Size([64])
2024-12-22 04:26:32,325 - [Process 2/5] - INFO - len(per_windows_prompt):2
2024-12-22 04:26:38,055 - [Process 2/5] - INFO - res.shape is :torch.Size([64])
2024-12-22 04:26:38,186 - [Process 2/5] - INFO - len(per_windows_prompt):2
2024-12-22 04:26:42,258 - [Process 2/5] - INFO - res.shape is :torch.Size([41])
2024-12-22 04:26:42,344 - [Process 2/5] - INFO - len(per_windows_prompt):2
2024-12-22 04:26:46,822 - [Process 2/5] - INFO - res.shape is :torch.Size([64])
2024-12-22 04:26:47,013 - [Process 2/5] - INFO - len(per_windows_prompt):2
2024-12-22 04:26:51,986 - [Process 2/5] - INFO - res.shape is :torch.Size([30])
2024-12-22 04:26:52,171 - [Process 2/5] - INFO - len(per_windows_prompt):2
2024-12-22 04:26:58,558 - [Process 2/5] - INFO - res.shape is :torch.Size([64])
2024-12-22 04:26:58,750 - [Process 2/5] - INFO - len(per_windows_prompt):2
2024-12-22 04:27:05,186 - [Process 2/5] - INFO - res.shape is :torch.Size([64])
2024-12-22 04:27:05,375 - [Process 2/5] - INFO - len(per_windows_prompt):2
2024-12-22 04:27:11,623 - [Process 2/5] - INFO - res.shape is :torch.Size([64])
2024-12-22 04:27:11,733 - [Process 2/5] - INFO - len(per_windows_prompt):2
2024-12-22 04:27:16,585 - [Process 2/5] - INFO - res.shape is :torch.Size([64])
2024-12-22 04:27:16,725 - [Process 2/5] - INFO - len(per_windows_prompt):2
2024-12-22 04:27:22,226 - [Process 2/5] - INFO - res.shape is :torch.Size([64])
2024-12-22 04:27:22,345 - [Process 2/5] - INFO - len(per_windows_prompt):2
2024-12-22 04:27:27,199 - [Process 2/5] - INFO - res.shape is :torch.Size([64])
2024-12-22 04:27:27,313 - [Process 2/5] - INFO - len(per_windows_prompt):2
2024-12-22 04:27:31,936 - [Process 2/5] - INFO - res.shape is :torch.Size([64])
2024-12-22 04:27:32,123 - [Process 2/5] - INFO - len(per_windows_prompt):2
2024-12-22 04:27:38,581 - [Process 2/5] - INFO - res.shape is :torch.Size([64])
2024-12-22 04:27:38,775 - [Process 2/5] - INFO - len(per_windows_prompt):2
2024-12-22 04:27:45,348 - [Process 2/5] - INFO - res.shape is :torch.Size([64])
2024-12-22 04:27:45,645 - [Process 2/5] - INFO - len(per_windows_prompt):2
2024-12-22 04:27:52,146 - [Process 2/5] - INFO - res.shape is :torch.Size([64])
