2024-12-22 03:23:06,552 - [Process 1/5] - INFO - loading datasets finished
2024-12-22 03:23:06,552 - [Process 1/5] - INFO - model_max_len: 3950
2024-12-22 03:23:06,552 - [Process 1/5] - INFO - output_max_len: 64
2024-12-22 03:23:06,578 - [Process 1/5] - INFO - Max Length is 10337
2024-12-22 03:23:06,579 - [Process 1/5] - INFO - Finish loading dataset
2024-12-22 03:23:06,579 - [Process 1/5] - INFO - get_predicted begin
2024-12-22 03:23:11,400 - [Process 1/5] - INFO - len(per_windows_prompt):2
2024-12-22 03:23:16,327 - [Process 1/5] - INFO - res.shape is :torch.Size([12])
2024-12-22 03:23:16,531 - [Process 1/5] - INFO - len(per_windows_prompt):2
2024-12-22 03:23:20,442 - [Process 1/5] - INFO - res.shape is :torch.Size([4])
2024-12-22 03:23:20,670 - [Process 1/5] - INFO - len(per_windows_prompt):2
2024-12-22 03:23:25,142 - [Process 1/5] - INFO - res.shape is :torch.Size([21])
2024-12-22 03:23:25,341 - [Process 1/5] - INFO - len(per_windows_prompt):2
2024-12-22 03:23:30,507 - [Process 1/5] - INFO - res.shape is :torch.Size([35])
2024-12-22 03:23:30,716 - [Process 1/5] - INFO - len(per_windows_prompt):2
2024-12-22 03:23:35,136 - [Process 1/5] - INFO - res.shape is :torch.Size([18])
2024-12-22 03:23:35,324 - [Process 1/5] - INFO - len(per_windows_prompt):2
2024-12-22 03:23:39,491 - [Process 1/5] - INFO - res.shape is :torch.Size([14])
2024-12-22 03:23:39,586 - [Process 1/5] - INFO - len(per_windows_prompt):2
2024-12-22 03:23:41,694 - [Process 1/5] - INFO - res.shape is :torch.Size([2])
2024-12-22 03:23:41,887 - [Process 1/5] - INFO - len(per_windows_prompt):2
2024-12-22 03:23:46,647 - [Process 1/5] - INFO - res.shape is :torch.Size([26])
2024-12-22 03:23:46,831 - [Process 1/5] - INFO - len(per_windows_prompt):2
2024-12-22 03:23:50,828 - [Process 1/5] - INFO - res.shape is :torch.Size([6])
2024-12-22 03:23:51,010 - [Process 1/5] - INFO - len(per_windows_prompt):2
2024-12-22 03:23:54,894 - [Process 1/5] - INFO - res.shape is :torch.Size([5])
2024-12-22 03:23:55,072 - [Process 1/5] - INFO - len(per_windows_prompt):2
2024-12-22 03:23:58,993 - [Process 1/5] - INFO - res.shape is :torch.Size([6])
2024-12-22 03:23:59,095 - [Process 1/5] - INFO - len(per_windows_prompt):2
2024-12-22 03:24:01,522 - [Process 1/5] - INFO - res.shape is :torch.Size([6])
2024-12-22 03:24:01,725 - [Process 1/5] - INFO - len(per_windows_prompt):2
2024-12-22 03:24:06,361 - [Process 1/5] - INFO - res.shape is :torch.Size([24])
2024-12-22 03:24:06,619 - [Process 1/5] - INFO - len(per_windows_prompt):2
2024-12-22 03:24:12,418 - [Process 1/5] - INFO - res.shape is :torch.Size([49])
2024-12-22 03:24:12,643 - [Process 1/5] - INFO - len(per_windows_prompt):2
2024-12-22 03:24:16,671 - [Process 1/5] - INFO - res.shape is :torch.Size([8])
2024-12-22 03:24:16,882 - [Process 1/5] - INFO - len(per_windows_prompt):2
2024-12-22 03:24:21,697 - [Process 1/5] - INFO - res.shape is :torch.Size([27])
2024-12-22 03:24:21,900 - [Process 1/5] - INFO - len(per_windows_prompt):2
2024-12-22 03:24:25,926 - [Process 1/5] - INFO - res.shape is :torch.Size([10])
2024-12-22 03:24:26,134 - [Process 1/5] - INFO - len(per_windows_prompt):2
2024-12-22 03:24:30,880 - [Process 1/5] - INFO - res.shape is :torch.Size([25])
2024-12-22 03:24:31,051 - [Process 1/5] - INFO - len(per_windows_prompt):2
2024-12-22 03:24:34,485 - [Process 1/5] - INFO - res.shape is :torch.Size([6])
2024-12-22 03:24:34,653 - [Process 1/5] - INFO - len(per_windows_prompt):2
2024-12-22 03:24:38,573 - [Process 1/5] - INFO - res.shape is :torch.Size([5])
2024-12-22 03:24:38,732 - [Process 1/5] - INFO - len(per_windows_prompt):2
2024-12-22 03:24:42,136 - [Process 1/5] - INFO - res.shape is :torch.Size([10])
2024-12-22 03:24:42,377 - [Process 1/5] - INFO - len(per_windows_prompt):2
2024-12-22 03:24:48,087 - [Process 1/5] - INFO - res.shape is :torch.Size([47])
2024-12-22 03:24:48,323 - [Process 1/5] - INFO - len(per_windows_prompt):2
2024-12-22 03:24:52,143 - [Process 1/5] - INFO - res.shape is :torch.Size([5])
2024-12-22 03:24:52,333 - [Process 1/5] - INFO - len(per_windows_prompt):2
2024-12-22 03:24:56,363 - [Process 1/5] - INFO - res.shape is :torch.Size([8])
2024-12-22 03:24:56,523 - [Process 1/5] - INFO - len(per_windows_prompt):2
2024-12-22 03:25:00,212 - [Process 1/5] - INFO - res.shape is :torch.Size([8])
2024-12-22 03:25:00,343 - [Process 1/5] - INFO - len(per_windows_prompt):2
2024-12-22 03:25:03,345 - [Process 1/5] - INFO - res.shape is :torch.Size([6])
2024-12-22 03:25:03,534 - [Process 1/5] - INFO - len(per_windows_prompt):2
2024-12-22 03:25:07,445 - [Process 1/5] - INFO - res.shape is :torch.Size([5])
2024-12-22 03:25:07,598 - [Process 1/5] - INFO - len(per_windows_prompt):2
2024-12-22 03:25:10,751 - [Process 1/5] - INFO - res.shape is :torch.Size([4])
2024-12-22 03:25:10,813 - [Process 1/5] - INFO - len(per_windows_prompt):2
2024-12-22 03:25:12,879 - [Process 1/5] - INFO - res.shape is :torch.Size([19])
2024-12-22 03:25:13,064 - [Process 1/5] - INFO - len(per_windows_prompt):2
2024-12-22 03:25:17,221 - [Process 1/5] - INFO - res.shape is :torch.Size([9])
