2024-12-22 05:51:05,342 - [Process 0/5] - INFO - loading datasets finished
2024-12-22 05:51:05,342 - [Process 0/5] - INFO - model_max_len: 3950
2024-12-22 05:51:05,342 - [Process 0/5] - INFO - output_max_len: 32
2024-12-22 05:51:05,395 - [Process 0/5] - INFO - Max Length is 22099
2024-12-22 05:51:05,395 - [Process 0/5] - INFO - Finish loading dataset
2024-12-22 05:51:05,395 - [Process 0/5] - INFO - get_predicted begin
2024-12-22 05:51:10,138 - [Process 0/5] - INFO - len(per_windows_prompt):2
2024-12-22 05:51:14,475 - [Process 0/5] - INFO - res.shape is :torch.Size([2])
2024-12-22 05:51:14,629 - [Process 0/5] - INFO - len(per_windows_prompt):2
2024-12-22 05:51:18,368 - [Process 0/5] - INFO - res.shape is :torch.Size([2])
2024-12-22 05:51:18,502 - [Process 0/5] - INFO - len(per_windows_prompt):2
2024-12-22 05:51:22,249 - [Process 0/5] - INFO - res.shape is :torch.Size([2])
2024-12-22 05:51:22,454 - [Process 0/5] - INFO - len(per_windows_prompt):2
2024-12-22 05:51:26,215 - [Process 0/5] - INFO - res.shape is :torch.Size([2])
2024-12-22 05:51:26,441 - [Process 0/5] - INFO - len(per_windows_prompt):2
2024-12-22 05:51:30,196 - [Process 0/5] - INFO - res.shape is :torch.Size([2])
2024-12-22 05:51:30,340 - [Process 0/5] - INFO - len(per_windows_prompt):2
2024-12-22 05:51:34,240 - [Process 0/5] - INFO - res.shape is :torch.Size([2])
2024-12-22 05:51:34,362 - [Process 0/5] - INFO - len(per_windows_prompt):2
2024-12-22 05:51:38,185 - [Process 0/5] - INFO - res.shape is :torch.Size([2])
2024-12-22 05:51:38,368 - [Process 0/5] - INFO - len(per_windows_prompt):2
2024-12-22 05:51:42,150 - [Process 0/5] - INFO - res.shape is :torch.Size([2])
2024-12-22 05:51:42,336 - [Process 0/5] - INFO - len(per_windows_prompt):2
2024-12-22 05:51:46,123 - [Process 0/5] - INFO - res.shape is :torch.Size([2])
2024-12-22 05:51:46,299 - [Process 0/5] - INFO - len(per_windows_prompt):2
2024-12-22 05:51:50,090 - [Process 0/5] - INFO - res.shape is :torch.Size([2])
2024-12-22 05:51:50,283 - [Process 0/5] - INFO - len(per_windows_prompt):2
2024-12-22 05:51:54,080 - [Process 0/5] - INFO - res.shape is :torch.Size([2])
2024-12-22 05:51:54,241 - [Process 0/5] - INFO - len(per_windows_prompt):2
2024-12-22 05:51:57,987 - [Process 0/5] - INFO - res.shape is :torch.Size([2])
2024-12-22 05:51:58,101 - [Process 0/5] - INFO - len(per_windows_prompt):2
2024-12-22 05:52:02,444 - [Process 0/5] - INFO - res.shape is :torch.Size([16])
2024-12-22 05:52:02,656 - [Process 0/5] - INFO - len(per_windows_prompt):2
2024-12-22 05:52:06,435 - [Process 0/5] - INFO - res.shape is :torch.Size([2])
2024-12-22 05:52:06,599 - [Process 0/5] - INFO - len(per_windows_prompt):2
2024-12-22 05:52:10,387 - [Process 0/5] - INFO - res.shape is :torch.Size([2])
2024-12-22 05:52:10,547 - [Process 0/5] - INFO - len(per_windows_prompt):2
2024-12-22 05:52:14,297 - [Process 0/5] - INFO - res.shape is :torch.Size([2])
2024-12-22 05:52:14,440 - [Process 0/5] - INFO - len(per_windows_prompt):2
2024-12-22 05:52:18,191 - [Process 0/5] - INFO - res.shape is :torch.Size([2])
2024-12-22 05:52:18,337 - [Process 0/5] - INFO - len(per_windows_prompt):2
2024-12-22 05:52:22,179 - [Process 0/5] - INFO - res.shape is :torch.Size([2])
2024-12-22 05:52:22,366 - [Process 0/5] - INFO - len(per_windows_prompt):2
2024-12-22 05:52:26,158 - [Process 0/5] - INFO - res.shape is :torch.Size([2])
2024-12-22 05:52:26,286 - [Process 0/5] - INFO - len(per_windows_prompt):2
2024-12-22 05:52:30,642 - [Process 0/5] - INFO - res.shape is :torch.Size([16])
2024-12-22 05:52:30,824 - [Process 0/5] - INFO - len(per_windows_prompt):2
2024-12-22 05:52:34,633 - [Process 0/5] - INFO - res.shape is :torch.Size([2])
2024-12-22 05:52:34,818 - [Process 0/5] - INFO - len(per_windows_prompt):2
2024-12-22 05:52:38,626 - [Process 0/5] - INFO - res.shape is :torch.Size([2])
2024-12-22 05:52:38,800 - [Process 0/5] - INFO - len(per_windows_prompt):2
2024-12-22 05:52:42,609 - [Process 0/5] - INFO - res.shape is :torch.Size([2])
2024-12-22 05:52:42,739 - [Process 0/5] - INFO - len(per_windows_prompt):2
2024-12-22 05:52:46,527 - [Process 0/5] - INFO - res.shape is :torch.Size([2])
2024-12-22 05:52:46,656 - [Process 0/5] - INFO - len(per_windows_prompt):2
2024-12-22 05:52:50,517 - [Process 0/5] - INFO - res.shape is :torch.Size([2])
2024-12-22 05:52:50,690 - [Process 0/5] - INFO - len(per_windows_prompt):2
2024-12-22 05:52:54,632 - [Process 0/5] - INFO - res.shape is :torch.Size([2])
2024-12-22 05:52:54,757 - [Process 0/5] - INFO - len(per_windows_prompt):2
2024-12-22 05:52:58,702 - [Process 0/5] - INFO - res.shape is :torch.Size([2])
2024-12-22 05:52:58,911 - [Process 0/5] - INFO - len(per_windows_prompt):2
2024-12-22 05:53:02,771 - [Process 0/5] - INFO - res.shape is :torch.Size([2])
2024-12-22 05:53:02,933 - [Process 0/5] - INFO - len(per_windows_prompt):2
2024-12-22 05:53:06,736 - [Process 0/5] - INFO - res.shape is :torch.Size([2])
2024-12-22 05:53:06,917 - [Process 0/5] - INFO - len(per_windows_prompt):2
2024-12-22 05:53:10,731 - [Process 0/5] - INFO - res.shape is :torch.Size([2])
2024-12-22 05:53:10,912 - [Process 0/5] - INFO - len(per_windows_prompt):2
2024-12-22 05:53:14,677 - [Process 0/5] - INFO - res.shape is :torch.Size([2])
2024-12-22 05:53:14,829 - [Process 0/5] - INFO - len(per_windows_prompt):2
2024-12-22 05:53:18,625 - [Process 0/5] - INFO - res.shape is :torch.Size([2])
2024-12-22 05:53:18,778 - [Process 0/5] - INFO - len(per_windows_prompt):2
2024-12-22 05:53:22,545 - [Process 0/5] - INFO - res.shape is :torch.Size([2])
2024-12-22 05:53:22,712 - [Process 0/5] - INFO - len(per_windows_prompt):2
2024-12-22 05:53:26,519 - [Process 0/5] - INFO - res.shape is :torch.Size([2])
2024-12-22 05:53:26,723 - [Process 0/5] - INFO - len(per_windows_prompt):2
2024-12-22 05:53:30,527 - [Process 0/5] - INFO - res.shape is :torch.Size([2])
2024-12-22 05:53:30,682 - [Process 0/5] - INFO - len(per_windows_prompt):2
2024-12-22 05:53:34,531 - [Process 0/5] - INFO - res.shape is :torch.Size([2])
2024-12-22 05:53:34,708 - [Process 0/5] - INFO - len(per_windows_prompt):2
2024-12-22 05:53:38,474 - [Process 0/5] - INFO - res.shape is :torch.Size([2])
2024-12-22 05:53:38,686 - [Process 0/5] - INFO - len(per_windows_prompt):2
2024-12-22 05:53:42,489 - [Process 0/5] - INFO - res.shape is :torch.Size([2])
2024-12-22 05:53:42,659 - [Process 0/5] - INFO - len(per_windows_prompt):2
2024-12-22 05:53:46,423 - [Process 0/5] - INFO - res.shape is :torch.Size([2])
2024-12-22 05:53:46,586 - [Process 0/5] - INFO - len(per_windows_prompt):2
2024-12-22 05:53:50,390 - [Process 0/5] - INFO - res.shape is :torch.Size([2])
