2024-12-22 05:13:57,356 - [Process 3/5] - INFO - loading datasets finished
2024-12-22 05:13:57,356 - [Process 3/5] - INFO - model_max_len: 3950
2024-12-22 05:13:57,356 - [Process 3/5] - INFO - output_max_len: 128
2024-12-22 05:13:57,384 - [Process 3/5] - INFO - Max Length is 14660
2024-12-22 05:13:57,384 - [Process 3/5] - INFO - Finish loading dataset
2024-12-22 05:13:57,384 - [Process 3/5] - INFO - get_predicted begin
2024-12-22 05:14:02,211 - [Process 3/5] - INFO - len(per_windows_prompt):2
2024-12-22 05:14:07,080 - [Process 3/5] - INFO - res.shape is :torch.Size([7])
2024-12-22 05:14:07,261 - [Process 3/5] - INFO - len(per_windows_prompt):2
2024-12-22 05:14:11,281 - [Process 3/5] - INFO - res.shape is :torch.Size([5])
2024-12-22 05:14:11,457 - [Process 3/5] - INFO - len(per_windows_prompt):2
2024-12-22 05:14:15,569 - [Process 3/5] - INFO - res.shape is :torch.Size([4])
2024-12-22 05:14:15,758 - [Process 3/5] - INFO - len(per_windows_prompt):2
2024-12-22 05:14:19,891 - [Process 3/5] - INFO - res.shape is :torch.Size([5])
2024-12-22 05:14:20,084 - [Process 3/5] - INFO - len(per_windows_prompt):2
2024-12-22 05:14:24,074 - [Process 3/5] - INFO - res.shape is :torch.Size([4])
2024-12-22 05:14:24,279 - [Process 3/5] - INFO - len(per_windows_prompt):2
2024-12-22 05:14:30,555 - [Process 3/5] - INFO - res.shape is :torch.Size([52])
2024-12-22 05:14:30,716 - [Process 3/5] - INFO - len(per_windows_prompt):2
2024-12-22 05:14:34,446 - [Process 3/5] - INFO - res.shape is :torch.Size([9])
2024-12-22 05:14:34,651 - [Process 3/5] - INFO - len(per_windows_prompt):2
2024-12-22 05:14:38,721 - [Process 3/5] - INFO - res.shape is :torch.Size([5])
2024-12-22 05:14:38,920 - [Process 3/5] - INFO - len(per_windows_prompt):2
2024-12-22 05:14:43,300 - [Process 3/5] - INFO - res.shape is :torch.Size([10])
2024-12-22 05:14:43,481 - [Process 3/5] - INFO - len(per_windows_prompt):2
2024-12-22 05:14:48,476 - [Process 3/5] - INFO - res.shape is :torch.Size([26])
2024-12-22 05:14:48,626 - [Process 3/5] - INFO - len(per_windows_prompt):2
2024-12-22 05:14:52,072 - [Process 3/5] - INFO - res.shape is :torch.Size([5])
2024-12-22 05:14:52,234 - [Process 3/5] - INFO - len(per_windows_prompt):2
2024-12-22 05:14:55,935 - [Process 3/5] - INFO - res.shape is :torch.Size([4])
2024-12-22 05:14:56,136 - [Process 3/5] - INFO - len(per_windows_prompt):2
2024-12-22 05:15:00,145 - [Process 3/5] - INFO - res.shape is :torch.Size([3])
2024-12-22 05:15:00,362 - [Process 3/5] - INFO - len(per_windows_prompt):2
2024-12-22 05:15:04,329 - [Process 3/5] - INFO - res.shape is :torch.Size([3])
2024-12-22 05:15:04,513 - [Process 3/5] - INFO - len(per_windows_prompt):2
2024-12-22 05:15:08,534 - [Process 3/5] - INFO - res.shape is :torch.Size([4])
2024-12-22 05:15:08,740 - [Process 3/5] - INFO - len(per_windows_prompt):2
2024-12-22 05:15:12,776 - [Process 3/5] - INFO - res.shape is :torch.Size([4])
2024-12-22 05:15:12,973 - [Process 3/5] - INFO - len(per_windows_prompt):2
2024-12-22 05:15:17,204 - [Process 3/5] - INFO - res.shape is :torch.Size([5])
2024-12-22 05:15:17,332 - [Process 3/5] - INFO - len(per_windows_prompt):2
2024-12-22 05:15:20,310 - [Process 3/5] - INFO - res.shape is :torch.Size([4])
2024-12-22 05:15:20,471 - [Process 3/5] - INFO - len(per_windows_prompt):2
2024-12-22 05:15:23,982 - [Process 3/5] - INFO - res.shape is :torch.Size([2])
2024-12-22 05:15:24,152 - [Process 3/5] - INFO - len(per_windows_prompt):2
2024-12-22 05:15:28,018 - [Process 3/5] - INFO - res.shape is :torch.Size([5])
2024-12-22 05:15:28,225 - [Process 3/5] - INFO - len(per_windows_prompt):2
2024-12-22 05:15:32,752 - [Process 3/5] - INFO - res.shape is :torch.Size([11])
2024-12-22 05:15:32,943 - [Process 3/5] - INFO - len(per_windows_prompt):2
2024-12-22 05:15:36,901 - [Process 3/5] - INFO - res.shape is :torch.Size([2])
2024-12-22 05:15:37,097 - [Process 3/5] - INFO - len(per_windows_prompt):2
2024-12-22 05:15:41,056 - [Process 3/5] - INFO - res.shape is :torch.Size([2])
2024-12-22 05:15:41,249 - [Process 3/5] - INFO - len(per_windows_prompt):2
2024-12-22 05:15:45,260 - [Process 3/5] - INFO - res.shape is :torch.Size([3])
2024-12-22 05:15:45,444 - [Process 3/5] - INFO - len(per_windows_prompt):2
2024-12-22 05:15:54,814 - [Process 3/5] - INFO - res.shape is :torch.Size([128])
2024-12-22 05:15:55,010 - [Process 3/5] - INFO - len(per_windows_prompt):2
2024-12-22 05:15:59,150 - [Process 3/5] - INFO - res.shape is :torch.Size([2])
2024-12-22 05:15:59,268 - [Process 3/5] - INFO - len(per_windows_prompt):2
2024-12-22 05:16:02,673 - [Process 3/5] - INFO - res.shape is :torch.Size([21])
2024-12-22 05:16:02,839 - [Process 3/5] - INFO - len(per_windows_prompt):2
2024-12-22 05:16:06,627 - [Process 3/5] - INFO - res.shape is :torch.Size([5])
2024-12-22 05:16:06,823 - [Process 3/5] - INFO - len(per_windows_prompt):2
2024-12-22 05:16:10,994 - [Process 3/5] - INFO - res.shape is :torch.Size([3])
2024-12-22 05:16:11,153 - [Process 3/5] - INFO - len(per_windows_prompt):2
2024-12-22 05:16:15,034 - [Process 3/5] - INFO - res.shape is :torch.Size([12])
2024-12-22 05:16:15,181 - [Process 3/5] - INFO - len(per_windows_prompt):2
2024-12-22 05:16:18,327 - [Process 3/5] - INFO - res.shape is :torch.Size([5])
2024-12-22 05:16:18,516 - [Process 3/5] - INFO - len(per_windows_prompt):2
2024-12-22 05:16:22,635 - [Process 3/5] - INFO - res.shape is :torch.Size([2])
2024-12-22 05:16:22,797 - [Process 3/5] - INFO - len(per_windows_prompt):2
2024-12-22 05:16:26,309 - [Process 3/5] - INFO - res.shape is :torch.Size([2])
2024-12-22 05:16:26,499 - [Process 3/5] - INFO - len(per_windows_prompt):2
2024-12-22 05:16:30,555 - [Process 3/5] - INFO - res.shape is :torch.Size([5])
2024-12-22 05:16:30,739 - [Process 3/5] - INFO - len(per_windows_prompt):2
2024-12-22 05:16:34,803 - [Process 3/5] - INFO - res.shape is :torch.Size([5])
2024-12-22 05:16:34,998 - [Process 3/5] - INFO - len(per_windows_prompt):2
2024-12-22 05:16:39,070 - [Process 3/5] - INFO - res.shape is :torch.Size([5])
2024-12-22 05:16:39,250 - [Process 3/5] - INFO - len(per_windows_prompt):2
2024-12-22 05:16:43,277 - [Process 3/5] - INFO - res.shape is :torch.Size([4])
2024-12-22 05:16:43,472 - [Process 3/5] - INFO - len(per_windows_prompt):2
2024-12-22 05:16:47,596 - [Process 3/5] - INFO - res.shape is :torch.Size([3])
2024-12-22 05:16:47,797 - [Process 3/5] - INFO - len(per_windows_prompt):2
2024-12-22 05:16:51,730 - [Process 3/5] - INFO - res.shape is :torch.Size([2])
2024-12-22 05:16:51,865 - [Process 3/5] - INFO - len(per_windows_prompt):2
2024-12-22 05:16:55,034 - [Process 3/5] - INFO - res.shape is :torch.Size([5])
