2024-12-22 02:49:41,739 - [Process 1/5] - INFO - loading datasets finished
2024-12-22 02:49:41,739 - [Process 1/5] - INFO - model_max_len: 3950
2024-12-22 02:49:41,740 - [Process 1/5] - INFO - output_max_len: 512
2024-12-22 02:49:41,810 - [Process 1/5] - INFO - Max Length is 40508
2024-12-22 02:49:41,810 - [Process 1/5] - INFO - Finish loading dataset
2024-12-22 02:49:41,811 - [Process 1/5] - INFO - get_predicted begin
2024-12-22 02:49:46,593 - [Process 1/5] - INFO - len(per_windows_prompt):2
2024-12-22 02:50:09,303 - [Process 1/5] - INFO - res.shape is :torch.Size([404])
2024-12-22 02:50:09,527 - [Process 1/5] - INFO - len(per_windows_prompt):2
2024-12-22 02:50:23,047 - [Process 1/5] - INFO - res.shape is :torch.Size([223])
2024-12-22 02:50:23,366 - [Process 1/5] - INFO - len(per_windows_prompt):2
2024-12-22 02:50:39,672 - [Process 1/5] - INFO - res.shape is :torch.Size([283])
2024-12-22 02:50:39,956 - [Process 1/5] - INFO - len(per_windows_prompt):2
2024-12-22 02:50:51,793 - [Process 1/5] - INFO - res.shape is :torch.Size([186])
2024-12-22 02:50:52,191 - [Process 1/5] - INFO - len(per_windows_prompt):2
2024-12-22 02:51:12,892 - [Process 1/5] - INFO - res.shape is :torch.Size([379])
2024-12-22 02:51:13,260 - [Process 1/5] - INFO - len(per_windows_prompt):2
2024-12-22 02:51:34,315 - [Process 1/5] - INFO - res.shape is :torch.Size([383])
2024-12-22 02:51:34,722 - [Process 1/5] - INFO - len(per_windows_prompt):2
2024-12-22 02:51:53,312 - [Process 1/5] - INFO - res.shape is :torch.Size([331])
2024-12-22 02:51:53,591 - [Process 1/5] - INFO - len(per_windows_prompt):2
2024-12-22 02:52:06,555 - [Process 1/5] - INFO - res.shape is :torch.Size([204])
2024-12-22 02:52:06,829 - [Process 1/5] - INFO - len(per_windows_prompt):2
2024-12-22 02:52:25,039 - [Process 1/5] - INFO - res.shape is :torch.Size([320])
2024-12-22 02:52:25,296 - [Process 1/5] - INFO - len(per_windows_prompt):2
2024-12-22 02:52:36,954 - [Process 1/5] - INFO - res.shape is :torch.Size([178])
2024-12-22 02:52:37,185 - [Process 1/5] - INFO - len(per_windows_prompt):2
2024-12-22 02:52:52,929 - [Process 1/5] - INFO - res.shape is :torch.Size([269])
2024-12-22 02:52:53,161 - [Process 1/5] - INFO - len(per_windows_prompt):2
2024-12-22 02:53:12,101 - [Process 1/5] - INFO - res.shape is :torch.Size([339])
2024-12-22 02:53:12,410 - [Process 1/5] - INFO - len(per_windows_prompt):2
2024-12-22 02:53:31,327 - [Process 1/5] - INFO - res.shape is :torch.Size([339])
2024-12-22 02:53:31,637 - [Process 1/5] - INFO - len(per_windows_prompt):2
2024-12-22 02:53:44,932 - [Process 1/5] - INFO - res.shape is :torch.Size([210])
2024-12-22 02:53:45,182 - [Process 1/5] - INFO - len(per_windows_prompt):2
2024-12-22 02:53:57,152 - [Process 1/5] - INFO - res.shape is :torch.Size([187])
2024-12-22 02:53:57,377 - [Process 1/5] - INFO - len(per_windows_prompt):2
2024-12-22 02:54:14,621 - [Process 1/5] - INFO - res.shape is :torch.Size([302])
2024-12-22 02:54:15,203 - [Process 1/5] - INFO - len(per_windows_prompt):2
2024-12-22 02:54:26,254 - [Process 1/5] - INFO - res.shape is :torch.Size([168])
2024-12-22 02:54:26,494 - [Process 1/5] - INFO - len(per_windows_prompt):2
2024-12-22 02:54:39,160 - [Process 1/5] - INFO - res.shape is :torch.Size([201])
2024-12-22 02:54:39,374 - [Process 1/5] - INFO - len(per_windows_prompt):2
2024-12-22 02:54:55,140 - [Process 1/5] - INFO - res.shape is :torch.Size([271])
2024-12-22 02:54:55,728 - [Process 1/5] - INFO - len(per_windows_prompt):2
2024-12-22 02:55:09,595 - [Process 1/5] - INFO - res.shape is :torch.Size([225])
2024-12-22 02:55:09,830 - [Process 1/5] - INFO - len(per_windows_prompt):2
2024-12-22 02:55:22,728 - [Process 1/5] - INFO - res.shape is :torch.Size([203])
2024-12-22 02:55:22,937 - [Process 1/5] - INFO - len(per_windows_prompt):2
2024-12-22 02:55:38,519 - [Process 1/5] - INFO - res.shape is :torch.Size([265])
2024-12-22 02:55:38,757 - [Process 1/5] - INFO - len(per_windows_prompt):2
2024-12-22 02:56:00,449 - [Process 1/5] - INFO - res.shape is :torch.Size([392])
2024-12-22 02:56:00,723 - [Process 1/5] - INFO - len(per_windows_prompt):2
2024-12-22 02:56:19,650 - [Process 1/5] - INFO - res.shape is :torch.Size([338])
2024-12-22 02:56:19,910 - [Process 1/5] - INFO - len(per_windows_prompt):2
2024-12-22 02:56:34,102 - [Process 1/5] - INFO - res.shape is :torch.Size([237])
2024-12-22 02:56:34,315 - [Process 1/5] - INFO - len(per_windows_prompt):2
2024-12-22 02:56:52,445 - [Process 1/5] - INFO - res.shape is :torch.Size([322])
2024-12-22 02:56:52,694 - [Process 1/5] - INFO - len(per_windows_prompt):2
2024-12-22 02:57:02,981 - [Process 1/5] - INFO - res.shape is :torch.Size([151])
2024-12-22 02:57:03,308 - [Process 1/5] - INFO - len(per_windows_prompt):2
2024-12-22 02:57:18,043 - [Process 1/5] - INFO - res.shape is :torch.Size([247])
2024-12-22 02:57:18,400 - [Process 1/5] - INFO - len(per_windows_prompt):2
2024-12-22 02:57:31,073 - [Process 1/5] - INFO - res.shape is :torch.Size([202])
2024-12-22 02:57:31,415 - [Process 1/5] - INFO - len(per_windows_prompt):2
2024-12-22 02:57:44,083 - [Process 1/5] - INFO - res.shape is :torch.Size([202])
2024-12-22 02:57:44,299 - [Process 1/5] - INFO - len(per_windows_prompt):2
2024-12-22 02:58:00,448 - [Process 1/5] - INFO - res.shape is :torch.Size([277])
2024-12-22 02:58:00,678 - [Process 1/5] - INFO - len(per_windows_prompt):2
2024-12-22 02:58:15,108 - [Process 1/5] - INFO - res.shape is :torch.Size([240])
2024-12-22 02:58:15,361 - [Process 1/5] - INFO - len(per_windows_prompt):2
2024-12-22 02:58:32,342 - [Process 1/5] - INFO - res.shape is :torch.Size([298])
2024-12-22 02:58:32,633 - [Process 1/5] - INFO - len(per_windows_prompt):2
2024-12-22 02:58:51,002 - [Process 1/5] - INFO - res.shape is :torch.Size([327])
2024-12-22 02:58:51,212 - [Process 1/5] - INFO - len(per_windows_prompt):2
2024-12-22 02:59:00,857 - [Process 1/5] - INFO - res.shape is :torch.Size([132])
2024-12-22 02:59:01,162 - [Process 1/5] - INFO - len(per_windows_prompt):2
2024-12-22 02:59:14,019 - [Process 1/5] - INFO - res.shape is :torch.Size([202])
2024-12-22 02:59:14,387 - [Process 1/5] - INFO - len(per_windows_prompt):2
2024-12-22 02:59:25,492 - [Process 1/5] - INFO - res.shape is :torch.Size([161])
2024-12-22 02:59:25,708 - [Process 1/5] - INFO - len(per_windows_prompt):2
2024-12-22 02:59:43,963 - [Process 1/5] - INFO - res.shape is :torch.Size([325])
2024-12-22 02:59:44,136 - [Process 1/5] - INFO - len(per_windows_prompt):2
2024-12-22 02:59:55,598 - [Process 1/5] - INFO - res.shape is :torch.Size([200])
2024-12-22 02:59:55,868 - [Process 1/5] - INFO - len(per_windows_prompt):2
2024-12-22 03:00:07,937 - [Process 1/5] - INFO - res.shape is :torch.Size([199])
