2024-12-22 02:18:39,702 - [Process 1/5] - INFO - loading datasets finished
2024-12-22 02:18:39,702 - [Process 1/5] - INFO - model_max_len: 3950
2024-12-22 02:18:39,702 - [Process 1/5] - INFO - output_max_len: 64
2024-12-22 02:18:39,736 - [Process 1/5] - INFO - Max Length is 10029
2024-12-22 02:18:39,737 - [Process 1/5] - INFO - Finish loading dataset
2024-12-22 02:18:39,738 - [Process 1/5] - INFO - get_predicted begin
2024-12-22 02:18:44,503 - [Process 1/5] - INFO - len(per_windows_prompt):2
2024-12-22 02:18:50,635 - [Process 1/5] - INFO - res.shape is :torch.Size([64])
2024-12-22 02:18:50,836 - [Process 1/5] - INFO - len(per_windows_prompt):2
2024-12-22 02:18:57,240 - [Process 1/5] - INFO - res.shape is :torch.Size([64])
2024-12-22 02:18:57,438 - [Process 1/5] - INFO - len(per_windows_prompt):2
2024-12-22 02:19:04,018 - [Process 1/5] - INFO - res.shape is :torch.Size([64])
2024-12-22 02:19:04,162 - [Process 1/5] - INFO - len(per_windows_prompt):2
2024-12-22 02:19:09,767 - [Process 1/5] - INFO - res.shape is :torch.Size([64])
2024-12-22 02:19:09,990 - [Process 1/5] - INFO - len(per_windows_prompt):2
2024-12-22 02:19:16,302 - [Process 1/5] - INFO - res.shape is :torch.Size([64])
2024-12-22 02:19:16,457 - [Process 1/5] - INFO - len(per_windows_prompt):2
2024-12-22 02:19:22,261 - [Process 1/5] - INFO - res.shape is :torch.Size([64])
2024-12-22 02:19:22,391 - [Process 1/5] - INFO - len(per_windows_prompt):2
2024-12-22 02:19:27,706 - [Process 1/5] - INFO - res.shape is :torch.Size([64])
2024-12-22 02:19:27,892 - [Process 1/5] - INFO - len(per_windows_prompt):2
2024-12-22 02:19:34,336 - [Process 1/5] - INFO - res.shape is :torch.Size([64])
2024-12-22 02:19:34,433 - [Process 1/5] - INFO - len(per_windows_prompt):2
2024-12-22 02:19:39,224 - [Process 1/5] - INFO - res.shape is :torch.Size([64])
2024-12-22 02:19:39,373 - [Process 1/5] - INFO - len(per_windows_prompt):2
2024-12-22 02:19:45,061 - [Process 1/5] - INFO - res.shape is :torch.Size([64])
2024-12-22 02:19:45,213 - [Process 1/5] - INFO - len(per_windows_prompt):2
2024-12-22 02:19:51,367 - [Process 1/5] - INFO - res.shape is :torch.Size([64])
2024-12-22 02:19:51,538 - [Process 1/5] - INFO - len(per_windows_prompt):2
2024-12-22 02:19:57,798 - [Process 1/5] - INFO - res.shape is :torch.Size([64])
2024-12-22 02:19:57,973 - [Process 1/5] - INFO - len(per_windows_prompt):2
2024-12-22 02:20:04,446 - [Process 1/5] - INFO - res.shape is :torch.Size([64])
2024-12-22 02:20:04,612 - [Process 1/5] - INFO - len(per_windows_prompt):2
2024-12-22 02:20:10,626 - [Process 1/5] - INFO - res.shape is :torch.Size([64])
2024-12-22 02:20:10,776 - [Process 1/5] - INFO - len(per_windows_prompt):2
2024-12-22 02:20:16,364 - [Process 1/5] - INFO - res.shape is :torch.Size([64])
2024-12-22 02:20:16,446 - [Process 1/5] - INFO - len(per_windows_prompt):2
2024-12-22 02:20:20,635 - [Process 1/5] - INFO - res.shape is :torch.Size([64])
2024-12-22 02:20:20,748 - [Process 1/5] - INFO - len(per_windows_prompt):2
2024-12-22 02:20:25,943 - [Process 1/5] - INFO - res.shape is :torch.Size([64])
2024-12-22 02:20:26,120 - [Process 1/5] - INFO - len(per_windows_prompt):2
2024-12-22 02:20:32,581 - [Process 1/5] - INFO - res.shape is :torch.Size([64])
2024-12-22 02:20:32,657 - [Process 1/5] - INFO - len(per_windows_prompt):2
2024-12-22 02:20:36,831 - [Process 1/5] - INFO - res.shape is :torch.Size([64])
2024-12-22 02:20:37,078 - [Process 1/5] - INFO - len(per_windows_prompt):2
2024-12-22 02:20:43,695 - [Process 1/5] - INFO - res.shape is :torch.Size([64])
2024-12-22 02:20:43,789 - [Process 1/5] - INFO - len(per_windows_prompt):2
2024-12-22 02:20:48,329 - [Process 1/5] - INFO - res.shape is :torch.Size([64])
2024-12-22 02:20:48,502 - [Process 1/5] - INFO - len(per_windows_prompt):2
2024-12-22 02:20:54,662 - [Process 1/5] - INFO - res.shape is :torch.Size([64])
2024-12-22 02:20:54,833 - [Process 1/5] - INFO - len(per_windows_prompt):2
2024-12-22 02:21:00,817 - [Process 1/5] - INFO - res.shape is :torch.Size([64])
2024-12-22 02:21:01,015 - [Process 1/5] - INFO - len(per_windows_prompt):2
2024-12-22 02:21:05,416 - [Process 1/5] - INFO - res.shape is :torch.Size([20])
2024-12-22 02:21:05,556 - [Process 1/5] - INFO - len(per_windows_prompt):2
2024-12-22 02:21:10,958 - [Process 1/5] - INFO - res.shape is :torch.Size([64])
2024-12-22 02:21:11,158 - [Process 1/5] - INFO - len(per_windows_prompt):2
2024-12-22 02:21:17,518 - [Process 1/5] - INFO - res.shape is :torch.Size([64])
2024-12-22 02:21:17,641 - [Process 1/5] - INFO - len(per_windows_prompt):2
2024-12-22 02:21:22,395 - [Process 1/5] - INFO - res.shape is :torch.Size([64])
2024-12-22 02:21:22,583 - [Process 1/5] - INFO - len(per_windows_prompt):2
2024-12-22 02:21:28,827 - [Process 1/5] - INFO - res.shape is :torch.Size([64])
2024-12-22 02:21:28,935 - [Process 1/5] - INFO - len(per_windows_prompt):2
2024-12-22 02:21:33,782 - [Process 1/5] - INFO - res.shape is :torch.Size([64])
2024-12-22 02:21:33,888 - [Process 1/5] - INFO - len(per_windows_prompt):2
2024-12-22 02:21:38,639 - [Process 1/5] - INFO - res.shape is :torch.Size([64])
2024-12-22 02:21:38,765 - [Process 1/5] - INFO - len(per_windows_prompt):2
2024-12-22 02:21:44,187 - [Process 1/5] - INFO - res.shape is :torch.Size([64])
2024-12-22 02:21:44,290 - [Process 1/5] - INFO - len(per_windows_prompt):2
2024-12-22 02:21:49,330 - [Process 1/5] - INFO - res.shape is :torch.Size([64])
2024-12-22 02:21:49,540 - [Process 1/5] - INFO - len(per_windows_prompt):2
2024-12-22 02:21:56,080 - [Process 1/5] - INFO - res.shape is :torch.Size([64])
2024-12-22 02:21:56,174 - [Process 1/5] - INFO - len(per_windows_prompt):2
2024-12-22 02:22:00,339 - [Process 1/5] - INFO - res.shape is :torch.Size([64])
2024-12-22 02:22:00,442 - [Process 1/5] - INFO - len(per_windows_prompt):2
2024-12-22 02:22:04,373 - [Process 1/5] - INFO - res.shape is :torch.Size([50])
2024-12-22 02:22:04,549 - [Process 1/5] - INFO - len(per_windows_prompt):2
2024-12-22 02:22:09,515 - [Process 1/5] - INFO - res.shape is :torch.Size([29])
2024-12-22 02:22:09,613 - [Process 1/5] - INFO - len(per_windows_prompt):2
2024-12-22 02:22:14,325 - [Process 1/5] - INFO - res.shape is :torch.Size([64])
2024-12-22 02:22:14,416 - [Process 1/5] - INFO - len(per_windows_prompt):2
2024-12-22 02:22:18,691 - [Process 1/5] - INFO - res.shape is :torch.Size([57])
2024-12-22 02:22:18,883 - [Process 1/5] - INFO - len(per_windows_prompt):2
2024-12-22 02:22:25,302 - [Process 1/5] - INFO - res.shape is :torch.Size([64])
2024-12-22 02:22:25,483 - [Process 1/5] - INFO - len(per_windows_prompt):2
2024-12-22 02:22:31,852 - [Process 1/5] - INFO - res.shape is :torch.Size([64])
2024-12-22 02:22:31,939 - [Process 1/5] - INFO - len(per_windows_prompt):2
2024-12-22 02:22:36,255 - [Process 1/5] - INFO - res.shape is :torch.Size([64])
2024-12-22 02:22:36,384 - [Process 1/5] - INFO - len(per_windows_prompt):2
2024-12-22 02:22:41,427 - [Process 1/5] - INFO - res.shape is :torch.Size([64])
2024-12-22 02:22:41,553 - [Process 1/5] - INFO - len(per_windows_prompt):2
2024-12-22 02:22:46,557 - [Process 1/5] - INFO - res.shape is :torch.Size([64])
2024-12-22 02:22:46,777 - [Process 1/5] - INFO - len(per_windows_prompt):2
2024-12-22 02:22:52,782 - [Process 1/5] - INFO - res.shape is :torch.Size([53])
2024-12-22 02:22:52,995 - [Process 1/5] - INFO - len(per_windows_prompt):2
2024-12-22 02:22:59,460 - [Process 1/5] - INFO - res.shape is :torch.Size([64])
2024-12-22 02:22:59,577 - [Process 1/5] - INFO - len(per_windows_prompt):2
2024-12-22 02:23:04,572 - [Process 1/5] - INFO - res.shape is :torch.Size([64])
2024-12-22 02:23:04,682 - [Process 1/5] - INFO - len(per_windows_prompt):2
2024-12-22 02:23:09,575 - [Process 1/5] - INFO - res.shape is :torch.Size([64])
2024-12-22 02:23:09,722 - [Process 1/5] - INFO - len(per_windows_prompt):2
2024-12-22 02:23:13,807 - [Process 1/5] - INFO - res.shape is :torch.Size([34])
2024-12-22 02:23:13,918 - [Process 1/5] - INFO - len(per_windows_prompt):2
2024-12-22 02:23:18,531 - [Process 1/5] - INFO - res.shape is :torch.Size([64])
2024-12-22 02:23:18,639 - [Process 1/5] - INFO - len(per_windows_prompt):2
2024-12-22 02:23:23,710 - [Process 1/5] - INFO - res.shape is :torch.Size([64])
2024-12-22 02:23:23,910 - [Process 1/5] - INFO - len(per_windows_prompt):2
2024-12-22 02:23:30,317 - [Process 1/5] - INFO - res.shape is :torch.Size([64])
2024-12-22 02:23:30,497 - [Process 1/5] - INFO - len(per_windows_prompt):2
2024-12-22 02:23:36,936 - [Process 1/5] - INFO - res.shape is :torch.Size([64])
2024-12-22 02:23:37,061 - [Process 1/5] - INFO - len(per_windows_prompt):2
2024-12-22 02:23:42,351 - [Process 1/5] - INFO - res.shape is :torch.Size([64])
2024-12-22 02:23:42,451 - [Process 1/5] - INFO - len(per_windows_prompt):2
2024-12-22 02:23:47,311 - [Process 1/5] - INFO - res.shape is :torch.Size([64])
2024-12-22 02:23:47,452 - [Process 1/5] - INFO - len(per_windows_prompt):2
2024-12-22 02:23:53,056 - [Process 1/5] - INFO - res.shape is :torch.Size([64])
2024-12-22 02:23:53,153 - [Process 1/5] - INFO - len(per_windows_prompt):2
2024-12-22 02:23:57,880 - [Process 1/5] - INFO - res.shape is :torch.Size([64])
2024-12-22 02:23:57,981 - [Process 1/5] - INFO - len(per_windows_prompt):2
2024-12-22 02:24:02,913 - [Process 1/5] - INFO - res.shape is :torch.Size([64])
2024-12-22 02:24:03,122 - [Process 1/5] - INFO - len(per_windows_prompt):2
2024-12-22 02:24:09,589 - [Process 1/5] - INFO - res.shape is :torch.Size([64])
2024-12-22 02:24:09,709 - [Process 1/5] - INFO - len(per_windows_prompt):2
2024-12-22 02:24:14,634 - [Process 1/5] - INFO - res.shape is :torch.Size([64])
2024-12-22 02:24:14,833 - [Process 1/5] - INFO - len(per_windows_prompt):2
2024-12-22 02:24:21,369 - [Process 1/5] - INFO - res.shape is :torch.Size([64])
2024-12-22 02:24:21,564 - [Process 1/5] - INFO - len(per_windows_prompt):2
2024-12-22 02:24:27,913 - [Process 1/5] - INFO - res.shape is :torch.Size([64])
2024-12-22 02:24:28,052 - [Process 1/5] - INFO - len(per_windows_prompt):2
2024-12-22 02:24:33,524 - [Process 1/5] - INFO - res.shape is :torch.Size([64])
2024-12-22 02:24:33,723 - [Process 1/5] - INFO - len(per_windows_prompt):2
2024-12-22 02:24:39,972 - [Process 1/5] - INFO - res.shape is :torch.Size([64])
2024-12-22 02:24:40,188 - [Process 1/5] - INFO - len(per_windows_prompt):2
2024-12-22 02:24:46,577 - [Process 1/5] - INFO - res.shape is :torch.Size([64])
2024-12-22 02:24:46,779 - [Process 1/5] - INFO - len(per_windows_prompt):2
2024-12-22 02:24:53,408 - [Process 1/5] - INFO - res.shape is :torch.Size([64])
2024-12-22 02:24:53,515 - [Process 1/5] - INFO - len(per_windows_prompt):2
2024-12-22 02:24:58,105 - [Process 1/5] - INFO - res.shape is :torch.Size([64])
2024-12-22 02:24:58,281 - [Process 1/5] - INFO - len(per_windows_prompt):2
2024-12-22 02:25:04,434 - [Process 1/5] - INFO - res.shape is :torch.Size([64])
2024-12-22 02:25:04,567 - [Process 1/5] - INFO - len(per_windows_prompt):2
2024-12-22 02:25:09,789 - [Process 1/5] - INFO - res.shape is :torch.Size([64])
2024-12-22 02:25:09,942 - [Process 1/5] - INFO - len(per_windows_prompt):2
2024-12-22 02:25:15,416 - [Process 1/5] - INFO - res.shape is :torch.Size([64])
2024-12-22 02:25:15,603 - [Process 1/5] - INFO - len(per_windows_prompt):2
2024-12-22 02:25:21,931 - [Process 1/5] - INFO - res.shape is :torch.Size([64])
2024-12-22 02:25:22,101 - [Process 1/5] - INFO - len(per_windows_prompt):2
2024-12-22 02:25:28,070 - [Process 1/5] - INFO - res.shape is :torch.Size([64])
2024-12-22 02:25:28,225 - [Process 1/5] - INFO - len(per_windows_prompt):2
2024-12-22 02:25:34,203 - [Process 1/5] - INFO - res.shape is :torch.Size([64])
2024-12-22 02:25:34,384 - [Process 1/5] - INFO - len(per_windows_prompt):2
2024-12-22 02:25:40,683 - [Process 1/5] - INFO - res.shape is :torch.Size([64])
2024-12-22 02:25:40,871 - [Process 1/5] - INFO - len(per_windows_prompt):2
2024-12-22 02:25:47,324 - [Process 1/5] - INFO - res.shape is :torch.Size([64])
2024-12-22 02:25:47,451 - [Process 1/5] - INFO - len(per_windows_prompt):2
2024-12-22 02:25:52,248 - [Process 1/5] - INFO - res.shape is :torch.Size([64])
2024-12-22 02:25:52,357 - [Process 1/5] - INFO - len(per_windows_prompt):2
2024-12-22 02:25:57,060 - [Process 1/5] - INFO - res.shape is :torch.Size([64])
2024-12-22 02:25:57,219 - [Process 1/5] - INFO - len(per_windows_prompt):2
2024-12-22 02:26:02,952 - [Process 1/5] - INFO - res.shape is :torch.Size([64])
2024-12-22 02:26:03,054 - [Process 1/5] - INFO - len(per_windows_prompt):2
2024-12-22 02:26:07,789 - [Process 1/5] - INFO - res.shape is :torch.Size([64])
2024-12-22 02:26:08,015 - [Process 1/5] - INFO - len(per_windows_prompt):2
2024-12-22 02:26:14,461 - [Process 1/5] - INFO - res.shape is :torch.Size([64])
2024-12-22 02:26:14,647 - [Process 1/5] - INFO - len(per_windows_prompt):2
2024-12-22 02:26:20,914 - [Process 1/5] - INFO - res.shape is :torch.Size([64])
2024-12-22 02:26:21,083 - [Process 1/5] - INFO - len(per_windows_prompt):2
2024-12-22 02:26:26,817 - [Process 1/5] - INFO - res.shape is :torch.Size([64])
2024-12-22 02:26:26,938 - [Process 1/5] - INFO - len(per_windows_prompt):2
2024-12-22 02:26:31,933 - [Process 1/5] - INFO - res.shape is :torch.Size([64])
2024-12-22 02:26:32,039 - [Process 1/5] - INFO - len(per_windows_prompt):2
2024-12-22 02:26:36,898 - [Process 1/5] - INFO - res.shape is :torch.Size([64])
2024-12-22 02:26:37,013 - [Process 1/5] - INFO - len(per_windows_prompt):2
2024-12-22 02:26:42,049 - [Process 1/5] - INFO - res.shape is :torch.Size([64])
2024-12-22 02:26:42,182 - [Process 1/5] - INFO - len(per_windows_prompt):2
2024-12-22 02:26:47,619 - [Process 1/5] - INFO - res.shape is :torch.Size([64])
2024-12-22 02:26:47,700 - [Process 1/5] - INFO - len(per_windows_prompt):2
2024-12-22 02:26:50,444 - [Process 1/5] - INFO - res.shape is :torch.Size([26])
2024-12-22 02:26:50,649 - [Process 1/5] - INFO - len(per_windows_prompt):2
2024-12-22 02:26:57,427 - [Process 1/5] - INFO - res.shape is :torch.Size([64])
2024-12-22 02:26:57,578 - [Process 1/5] - INFO - len(per_windows_prompt):2
2024-12-22 02:27:03,249 - [Process 1/5] - INFO - res.shape is :torch.Size([64])
2024-12-22 02:27:03,458 - [Process 1/5] - INFO - len(per_windows_prompt):2
2024-12-22 02:27:09,978 - [Process 1/5] - INFO - res.shape is :torch.Size([64])
2024-12-22 02:27:10,153 - [Process 1/5] - INFO - len(per_windows_prompt):2
2024-12-22 02:27:16,647 - [Process 1/5] - INFO - res.shape is :torch.Size([64])
2024-12-22 02:27:16,748 - [Process 1/5] - INFO - len(per_windows_prompt):2
2024-12-22 02:27:21,114 - [Process 1/5] - INFO - res.shape is :torch.Size([64])
2024-12-22 02:27:21,217 - [Process 1/5] - INFO - len(per_windows_prompt):2
2024-12-22 02:27:25,922 - [Process 1/5] - INFO - res.shape is :torch.Size([64])
2024-12-22 02:27:26,122 - [Process 1/5] - INFO - len(per_windows_prompt):2
2024-12-22 02:27:32,443 - [Process 1/5] - INFO - res.shape is :torch.Size([64])
2024-12-22 02:27:32,547 - [Process 1/5] - INFO - len(per_windows_prompt):2
2024-12-22 02:27:37,150 - [Process 1/5] - INFO - res.shape is :torch.Size([64])
2024-12-22 02:27:37,257 - [Process 1/5] - INFO - len(per_windows_prompt):2
2024-12-22 02:27:42,227 - [Process 1/5] - INFO - res.shape is :torch.Size([64])
2024-12-22 02:27:42,323 - [Process 1/5] - INFO - len(per_windows_prompt):2
2024-12-22 02:27:47,070 - [Process 1/5] - INFO - res.shape is :torch.Size([64])
2024-12-22 02:27:47,187 - [Process 1/5] - INFO - len(per_windows_prompt):2
2024-12-22 02:27:52,176 - [Process 1/5] - INFO - res.shape is :torch.Size([64])
2024-12-22 02:27:52,297 - [Process 1/5] - INFO - len(per_windows_prompt):2
2024-12-22 02:27:57,139 - [Process 1/5] - INFO - res.shape is :torch.Size([64])
2024-12-22 02:27:57,324 - [Process 1/5] - INFO - len(per_windows_prompt):2
2024-12-22 02:28:01,460 - [Process 1/5] - INFO - res.shape is :torch.Size([12])
2024-12-22 02:28:01,631 - [Process 1/5] - INFO - len(per_windows_prompt):2
2024-12-22 02:28:07,746 - [Process 1/5] - INFO - res.shape is :torch.Size([64])
