2024-12-22 06:25:43,528 - [Process 4/5] - INFO - loading datasets finished
2024-12-22 06:25:43,528 - [Process 4/5] - INFO - model_max_len: 3950
2024-12-22 06:25:43,528 - [Process 4/5] - INFO - output_max_len: 64
2024-12-22 06:25:43,644 - [Process 4/5] - INFO - Max Length is 18754
2024-12-22 06:25:43,645 - [Process 4/5] - INFO - Finish loading dataset
2024-12-22 06:25:43,646 - [Process 4/5] - INFO - get_predicted begin
2024-12-22 06:25:48,340 - [Process 4/5] - INFO - len(per_windows_prompt):2
2024-12-22 06:25:56,066 - [Process 4/5] - INFO - res.shape is :torch.Size([64])
2024-12-22 06:25:56,260 - [Process 4/5] - INFO - len(per_windows_prompt):2
2024-12-22 06:26:03,956 - [Process 4/5] - INFO - res.shape is :torch.Size([64])
2024-12-22 06:26:04,210 - [Process 4/5] - INFO - len(per_windows_prompt):2
2024-12-22 06:26:13,063 - [Process 4/5] - INFO - res.shape is :torch.Size([64])
2024-12-22 06:26:13,313 - [Process 4/5] - INFO - len(per_windows_prompt):2
2024-12-22 06:26:20,104 - [Process 4/5] - INFO - res.shape is :torch.Size([64])
2024-12-22 06:26:20,308 - [Process 4/5] - INFO - len(per_windows_prompt):2
2024-12-22 06:26:27,105 - [Process 4/5] - INFO - res.shape is :torch.Size([64])
2024-12-22 06:26:27,362 - [Process 4/5] - INFO - len(per_windows_prompt):2
2024-12-22 06:26:36,317 - [Process 4/5] - INFO - res.shape is :torch.Size([64])
2024-12-22 06:26:36,540 - [Process 4/5] - INFO - len(per_windows_prompt):2
2024-12-22 06:26:44,188 - [Process 4/5] - INFO - res.shape is :torch.Size([64])
2024-12-22 06:26:44,367 - [Process 4/5] - INFO - len(per_windows_prompt):2
2024-12-22 06:26:52,693 - [Process 4/5] - INFO - res.shape is :torch.Size([64])
2024-12-22 06:26:52,926 - [Process 4/5] - INFO - len(per_windows_prompt):2
2024-12-22 06:27:00,110 - [Process 4/5] - INFO - res.shape is :torch.Size([64])
2024-12-22 06:27:00,371 - [Process 4/5] - INFO - len(per_windows_prompt):2
2024-12-22 06:27:06,720 - [Process 4/5] - INFO - res.shape is :torch.Size([56])
2024-12-22 06:27:06,964 - [Process 4/5] - INFO - len(per_windows_prompt):2
2024-12-22 06:27:15,619 - [Process 4/5] - INFO - res.shape is :torch.Size([64])
2024-12-22 06:27:16,019 - [Process 4/5] - INFO - len(per_windows_prompt):2
2024-12-22 06:27:23,926 - [Process 4/5] - INFO - res.shape is :torch.Size([64])
2024-12-22 06:27:24,121 - [Process 4/5] - INFO - len(per_windows_prompt):2
2024-12-22 06:27:30,691 - [Process 4/5] - INFO - res.shape is :torch.Size([64])
2024-12-22 06:27:30,909 - [Process 4/5] - INFO - len(per_windows_prompt):2
2024-12-22 06:27:39,027 - [Process 4/5] - INFO - res.shape is :torch.Size([64])
2024-12-22 06:27:39,298 - [Process 4/5] - INFO - len(per_windows_prompt):2
2024-12-22 06:27:48,873 - [Process 4/5] - INFO - res.shape is :torch.Size([64])
2024-12-22 06:27:49,092 - [Process 4/5] - INFO - len(per_windows_prompt):2
2024-12-22 06:27:59,754 - [Process 4/5] - INFO - res.shape is :torch.Size([64])
2024-12-22 06:27:59,980 - [Process 4/5] - INFO - len(per_windows_prompt):2
2024-12-22 06:28:07,416 - [Process 4/5] - INFO - res.shape is :torch.Size([64])
2024-12-22 06:28:07,612 - [Process 4/5] - INFO - len(per_windows_prompt):2
2024-12-22 06:28:16,857 - [Process 4/5] - INFO - res.shape is :torch.Size([64])
2024-12-22 06:28:17,046 - [Process 4/5] - INFO - len(per_windows_prompt):2
2024-12-22 06:28:25,239 - [Process 4/5] - INFO - res.shape is :torch.Size([64])
2024-12-22 06:28:25,447 - [Process 4/5] - INFO - len(per_windows_prompt):2
2024-12-22 06:28:32,394 - [Process 4/5] - INFO - res.shape is :torch.Size([64])
2024-12-22 06:28:32,710 - [Process 4/5] - INFO - len(per_windows_prompt):2
2024-12-22 06:28:41,458 - [Process 4/5] - INFO - res.shape is :torch.Size([64])
2024-12-22 06:28:41,669 - [Process 4/5] - INFO - len(per_windows_prompt):2
2024-12-22 06:28:50,147 - [Process 4/5] - INFO - res.shape is :torch.Size([64])
2024-12-22 06:28:50,410 - [Process 4/5] - INFO - len(per_windows_prompt):2
2024-12-22 06:28:58,027 - [Process 4/5] - INFO - res.shape is :torch.Size([64])
2024-12-22 06:28:58,261 - [Process 4/5] - INFO - len(per_windows_prompt):2
2024-12-22 06:29:08,449 - [Process 4/5] - INFO - res.shape is :torch.Size([64])
2024-12-22 06:29:08,636 - [Process 4/5] - INFO - len(per_windows_prompt):2
2024-12-22 06:29:17,473 - [Process 4/5] - INFO - res.shape is :torch.Size([64])
2024-12-22 06:29:17,653 - [Process 4/5] - INFO - len(per_windows_prompt):2
2024-12-22 06:29:26,922 - [Process 4/5] - INFO - res.shape is :torch.Size([64])
2024-12-22 06:29:27,135 - [Process 4/5] - INFO - len(per_windows_prompt):2
2024-12-22 06:29:32,278 - [Process 4/5] - INFO - res.shape is :torch.Size([21])
2024-12-22 06:29:32,466 - [Process 4/5] - INFO - len(per_windows_prompt):2
2024-12-22 06:29:40,134 - [Process 4/5] - INFO - res.shape is :torch.Size([64])
2024-12-22 06:29:40,310 - [Process 4/5] - INFO - len(per_windows_prompt):2
2024-12-22 06:29:48,447 - [Process 4/5] - INFO - res.shape is :torch.Size([64])
2024-12-22 06:29:48,658 - [Process 4/5] - INFO - len(per_windows_prompt):2
2024-12-22 06:29:53,980 - [Process 4/5] - INFO - res.shape is :torch.Size([32])
2024-12-22 06:29:54,233 - [Process 4/5] - INFO - len(per_windows_prompt):2
2024-12-22 06:30:02,423 - [Process 4/5] - INFO - res.shape is :torch.Size([64])
2024-12-22 06:30:02,668 - [Process 4/5] - INFO - len(per_windows_prompt):2
2024-12-22 06:30:11,319 - [Process 4/5] - INFO - res.shape is :torch.Size([64])
2024-12-22 06:30:11,551 - [Process 4/5] - INFO - len(per_windows_prompt):2
2024-12-22 06:30:19,762 - [Process 4/5] - INFO - res.shape is :torch.Size([64])
2024-12-22 06:30:20,003 - [Process 4/5] - INFO - len(per_windows_prompt):2
2024-12-22 06:30:27,451 - [Process 4/5] - INFO - res.shape is :torch.Size([64])
2024-12-22 06:30:27,627 - [Process 4/5] - INFO - len(per_windows_prompt):2
2024-12-22 06:30:34,969 - [Process 4/5] - INFO - res.shape is :torch.Size([64])
2024-12-22 06:30:35,332 - [Process 4/5] - INFO - len(per_windows_prompt):2
2024-12-22 06:30:44,085 - [Process 4/5] - INFO - res.shape is :torch.Size([64])
2024-12-22 06:30:44,274 - [Process 4/5] - INFO - len(per_windows_prompt):2
2024-12-22 06:30:51,975 - [Process 4/5] - INFO - res.shape is :torch.Size([64])
2024-12-22 06:30:52,186 - [Process 4/5] - INFO - len(per_windows_prompt):2
2024-12-22 06:30:59,177 - [Process 4/5] - INFO - res.shape is :torch.Size([64])
2024-12-22 06:30:59,414 - [Process 4/5] - INFO - len(per_windows_prompt):2
2024-12-22 06:31:06,930 - [Process 4/5] - INFO - res.shape is :torch.Size([64])
2024-12-22 06:31:07,131 - [Process 4/5] - INFO - len(per_windows_prompt):2
2024-12-22 06:31:14,857 - [Process 4/5] - INFO - res.shape is :torch.Size([56])
2024-12-22 06:31:15,047 - [Process 4/5] - INFO - len(per_windows_prompt):2
2024-12-22 06:31:23,195 - [Process 4/5] - INFO - res.shape is :torch.Size([64])
2024-12-22 06:31:23,436 - [Process 4/5] - INFO - len(per_windows_prompt):2
2024-12-22 06:31:29,800 - [Process 4/5] - INFO - res.shape is :torch.Size([39])
2024-12-22 06:31:29,991 - [Process 4/5] - INFO - len(per_windows_prompt):2
2024-12-22 06:31:37,162 - [Process 4/5] - INFO - res.shape is :torch.Size([64])
2024-12-22 06:31:37,355 - [Process 4/5] - INFO - len(per_windows_prompt):2
2024-12-22 06:31:46,329 - [Process 4/5] - INFO - res.shape is :torch.Size([64])
2024-12-22 06:31:46,520 - [Process 4/5] - INFO - len(per_windows_prompt):2
2024-12-22 06:31:53,464 - [Process 4/5] - INFO - res.shape is :torch.Size([64])
2024-12-22 06:31:53,689 - [Process 4/5] - INFO - len(per_windows_prompt):2
2024-12-22 06:32:00,237 - [Process 4/5] - INFO - res.shape is :torch.Size([64])
2024-12-22 06:32:00,461 - [Process 4/5] - INFO - len(per_windows_prompt):2
2024-12-22 06:32:08,002 - [Process 4/5] - INFO - res.shape is :torch.Size([64])
2024-12-22 06:32:08,279 - [Process 4/5] - INFO - len(per_windows_prompt):2
2024-12-22 06:32:15,391 - [Process 4/5] - INFO - res.shape is :torch.Size([64])
2024-12-22 06:32:15,577 - [Process 4/5] - INFO - len(per_windows_prompt):2
2024-12-22 06:32:26,429 - [Process 4/5] - INFO - res.shape is :torch.Size([64])
2024-12-22 06:32:26,553 - [Process 4/5] - INFO - len(per_windows_prompt):2
2024-12-22 06:32:34,007 - [Process 4/5] - INFO - res.shape is :torch.Size([64])
2024-12-22 06:32:34,277 - [Process 4/5] - INFO - len(per_windows_prompt):2
2024-12-22 06:32:41,792 - [Process 4/5] - INFO - res.shape is :torch.Size([64])
2024-12-22 06:32:42,021 - [Process 4/5] - INFO - len(per_windows_prompt):2
2024-12-22 06:32:49,917 - [Process 4/5] - INFO - res.shape is :torch.Size([64])
2024-12-22 06:32:50,166 - [Process 4/5] - INFO - len(per_windows_prompt):2
2024-12-22 06:32:59,023 - [Process 4/5] - INFO - res.shape is :torch.Size([64])
2024-12-22 06:32:59,277 - [Process 4/5] - INFO - len(per_windows_prompt):2
2024-12-22 06:33:07,337 - [Process 4/5] - INFO - res.shape is :torch.Size([64])
2024-12-22 06:33:07,518 - [Process 4/5] - INFO - len(per_windows_prompt):2
2024-12-22 06:33:15,561 - [Process 4/5] - INFO - res.shape is :torch.Size([64])
2024-12-22 06:33:15,751 - [Process 4/5] - INFO - len(per_windows_prompt):2
2024-12-22 06:33:24,644 - [Process 4/5] - INFO - res.shape is :torch.Size([64])
2024-12-22 06:33:24,985 - [Process 4/5] - INFO - len(per_windows_prompt):2
2024-12-22 06:33:33,368 - [Process 4/5] - INFO - res.shape is :torch.Size([64])
2024-12-22 06:33:33,561 - [Process 4/5] - INFO - len(per_windows_prompt):2
2024-12-22 06:33:41,685 - [Process 4/5] - INFO - res.shape is :torch.Size([64])
2024-12-22 06:33:41,920 - [Process 4/5] - INFO - len(per_windows_prompt):2
2024-12-22 06:33:50,257 - [Process 4/5] - INFO - res.shape is :torch.Size([64])
2024-12-22 06:33:50,491 - [Process 4/5] - INFO - len(per_windows_prompt):2
2024-12-22 06:33:58,929 - [Process 4/5] - INFO - res.shape is :torch.Size([64])
2024-12-22 06:33:59,167 - [Process 4/5] - INFO - len(per_windows_prompt):2
2024-12-22 06:34:08,033 - [Process 4/5] - INFO - res.shape is :torch.Size([64])
2024-12-22 06:34:08,226 - [Process 4/5] - INFO - len(per_windows_prompt):2
2024-12-22 06:34:16,433 - [Process 4/5] - INFO - res.shape is :torch.Size([64])
2024-12-22 06:34:16,758 - [Process 4/5] - INFO - len(per_windows_prompt):2
2024-12-22 06:34:25,972 - [Process 4/5] - INFO - res.shape is :torch.Size([64])
2024-12-22 06:34:26,122 - [Process 4/5] - INFO - len(per_windows_prompt):2
2024-12-22 06:34:33,970 - [Process 4/5] - INFO - res.shape is :torch.Size([64])
2024-12-22 06:34:34,099 - [Process 4/5] - INFO - len(per_windows_prompt):2
2024-12-22 06:34:40,580 - [Process 4/5] - INFO - res.shape is :torch.Size([64])
2024-12-22 06:34:40,774 - [Process 4/5] - INFO - len(per_windows_prompt):2
2024-12-22 06:34:50,289 - [Process 4/5] - INFO - res.shape is :torch.Size([64])
2024-12-22 06:34:50,561 - [Process 4/5] - INFO - len(per_windows_prompt):2
2024-12-22 06:34:59,209 - [Process 4/5] - INFO - res.shape is :torch.Size([64])
2024-12-22 06:34:59,418 - [Process 4/5] - INFO - len(per_windows_prompt):2
2024-12-22 06:35:07,874 - [Process 4/5] - INFO - res.shape is :torch.Size([64])
2024-12-22 06:35:08,197 - [Process 4/5] - INFO - len(per_windows_prompt):2
2024-12-22 06:35:16,321 - [Process 4/5] - INFO - res.shape is :torch.Size([64])
2024-12-22 06:35:16,511 - [Process 4/5] - INFO - len(per_windows_prompt):2
2024-12-22 06:35:23,561 - [Process 4/5] - INFO - res.shape is :torch.Size([64])
2024-12-22 06:35:23,763 - [Process 4/5] - INFO - len(per_windows_prompt):2
2024-12-22 06:35:31,877 - [Process 4/5] - INFO - res.shape is :torch.Size([64])
2024-12-22 06:35:32,115 - [Process 4/5] - INFO - len(per_windows_prompt):2
2024-12-22 06:35:40,155 - [Process 4/5] - INFO - res.shape is :torch.Size([64])
2024-12-22 06:35:40,345 - [Process 4/5] - INFO - len(per_windows_prompt):2
2024-12-22 06:35:48,526 - [Process 4/5] - INFO - res.shape is :torch.Size([64])
2024-12-22 06:35:48,772 - [Process 4/5] - INFO - len(per_windows_prompt):2
2024-12-22 06:35:56,469 - [Process 4/5] - INFO - res.shape is :torch.Size([64])
2024-12-22 06:35:56,897 - [Process 4/5] - INFO - len(per_windows_prompt):2
2024-12-22 06:36:05,648 - [Process 4/5] - INFO - res.shape is :torch.Size([64])
2024-12-22 06:36:05,823 - [Process 4/5] - INFO - len(per_windows_prompt):2
2024-12-22 06:36:12,797 - [Process 4/5] - INFO - res.shape is :torch.Size([64])
2024-12-22 06:36:12,990 - [Process 4/5] - INFO - len(per_windows_prompt):2
2024-12-22 06:36:20,805 - [Process 4/5] - INFO - res.shape is :torch.Size([64])
2024-12-22 06:36:21,005 - [Process 4/5] - INFO - len(per_windows_prompt):2
2024-12-22 06:36:28,879 - [Process 4/5] - INFO - res.shape is :torch.Size([64])
2024-12-22 06:36:29,124 - [Process 4/5] - INFO - len(per_windows_prompt):2
2024-12-22 06:36:36,337 - [Process 4/5] - INFO - res.shape is :torch.Size([64])
2024-12-22 06:36:36,539 - [Process 4/5] - INFO - len(per_windows_prompt):2
2024-12-22 06:36:46,693 - [Process 4/5] - INFO - res.shape is :torch.Size([64])
2024-12-22 06:36:46,906 - [Process 4/5] - INFO - len(per_windows_prompt):2
2024-12-22 06:36:55,760 - [Process 4/5] - INFO - res.shape is :torch.Size([64])
2024-12-22 06:36:55,973 - [Process 4/5] - INFO - len(per_windows_prompt):2
2024-12-22 06:37:06,003 - [Process 4/5] - INFO - res.shape is :torch.Size([64])
2024-12-22 06:37:06,263 - [Process 4/5] - INFO - len(per_windows_prompt):2
2024-12-22 06:37:15,187 - [Process 4/5] - INFO - res.shape is :torch.Size([64])
2024-12-22 06:37:15,467 - [Process 4/5] - INFO - len(per_windows_prompt):2
2024-12-22 06:37:24,148 - [Process 4/5] - INFO - res.shape is :torch.Size([64])
2024-12-22 06:37:24,348 - [Process 4/5] - INFO - len(per_windows_prompt):2
2024-12-22 06:37:32,449 - [Process 4/5] - INFO - res.shape is :torch.Size([64])
2024-12-22 06:37:32,661 - [Process 4/5] - INFO - len(per_windows_prompt):2
2024-12-22 06:37:41,107 - [Process 4/5] - INFO - res.shape is :torch.Size([64])
2024-12-22 06:37:41,350 - [Process 4/5] - INFO - len(per_windows_prompt):2
2024-12-22 06:37:50,011 - [Process 4/5] - INFO - res.shape is :torch.Size([64])
2024-12-22 06:37:50,214 - [Process 4/5] - INFO - len(per_windows_prompt):2
2024-12-22 06:37:57,948 - [Process 4/5] - INFO - res.shape is :torch.Size([64])
2024-12-22 06:37:58,264 - [Process 4/5] - INFO - len(per_windows_prompt):2
2024-12-22 06:38:06,104 - [Process 4/5] - INFO - res.shape is :torch.Size([64])
2024-12-22 06:38:06,376 - [Process 4/5] - INFO - len(per_windows_prompt):2
2024-12-22 06:38:14,929 - [Process 4/5] - INFO - res.shape is :torch.Size([62])
2024-12-22 06:38:15,148 - [Process 4/5] - INFO - len(per_windows_prompt):2
2024-12-22 06:38:22,588 - [Process 4/5] - INFO - res.shape is :torch.Size([64])
2024-12-22 06:38:22,857 - [Process 4/5] - INFO - len(per_windows_prompt):2
2024-12-22 06:38:30,065 - [Process 4/5] - INFO - res.shape is :torch.Size([64])
2024-12-22 06:38:30,248 - [Process 4/5] - INFO - len(per_windows_prompt):2
2024-12-22 06:38:37,405 - [Process 4/5] - INFO - res.shape is :torch.Size([64])
2024-12-22 06:38:37,635 - [Process 4/5] - INFO - len(per_windows_prompt):2
2024-12-22 06:38:45,548 - [Process 4/5] - INFO - res.shape is :torch.Size([64])
2024-12-22 06:38:45,801 - [Process 4/5] - INFO - len(per_windows_prompt):2
2024-12-22 06:38:56,113 - [Process 4/5] - INFO - res.shape is :torch.Size([64])
2024-12-22 06:38:56,308 - [Process 4/5] - INFO - len(per_windows_prompt):2
2024-12-22 06:39:05,021 - [Process 4/5] - INFO - res.shape is :torch.Size([64])
2024-12-22 06:39:05,306 - [Process 4/5] - INFO - len(per_windows_prompt):2
2024-12-22 06:39:12,297 - [Process 4/5] - INFO - res.shape is :torch.Size([35])
2024-12-22 06:39:12,494 - [Process 4/5] - INFO - len(per_windows_prompt):2
2024-12-22 06:39:20,890 - [Process 4/5] - INFO - res.shape is :torch.Size([64])
2024-12-22 06:39:21,072 - [Process 4/5] - INFO - len(per_windows_prompt):2
2024-12-22 06:39:28,950 - [Process 4/5] - INFO - res.shape is :torch.Size([64])
2024-12-22 06:39:29,133 - [Process 4/5] - INFO - len(per_windows_prompt):2
2024-12-22 06:39:37,958 - [Process 4/5] - INFO - res.shape is :torch.Size([64])
