2024-12-22 06:25:43,540 - [Process 2/5] - INFO - loading datasets finished
2024-12-22 06:25:43,540 - [Process 2/5] - INFO - model_max_len: 3950
2024-12-22 06:25:43,540 - [Process 2/5] - INFO - output_max_len: 64
2024-12-22 06:25:43,657 - [Process 2/5] - INFO - Max Length is 18754
2024-12-22 06:25:43,658 - [Process 2/5] - INFO - Finish loading dataset
2024-12-22 06:25:43,659 - [Process 2/5] - INFO - get_predicted begin
2024-12-22 06:25:48,349 - [Process 2/5] - INFO - len(per_windows_prompt):2
2024-12-22 06:25:56,004 - [Process 2/5] - INFO - res.shape is :torch.Size([64])
2024-12-22 06:25:56,237 - [Process 2/5] - INFO - len(per_windows_prompt):2
2024-12-22 06:26:02,890 - [Process 2/5] - INFO - res.shape is :torch.Size([64])
2024-12-22 06:26:03,150 - [Process 2/5] - INFO - len(per_windows_prompt):2
2024-12-22 06:26:11,983 - [Process 2/5] - INFO - res.shape is :torch.Size([64])
2024-12-22 06:26:12,176 - [Process 2/5] - INFO - len(per_windows_prompt):2
2024-12-22 06:26:18,463 - [Process 2/5] - INFO - res.shape is :torch.Size([44])
2024-12-22 06:26:18,699 - [Process 2/5] - INFO - len(per_windows_prompt):2
2024-12-22 06:26:25,603 - [Process 2/5] - INFO - res.shape is :torch.Size([64])
2024-12-22 06:26:25,809 - [Process 2/5] - INFO - len(per_windows_prompt):2
2024-12-22 06:26:32,711 - [Process 2/5] - INFO - res.shape is :torch.Size([64])
2024-12-22 06:26:32,888 - [Process 2/5] - INFO - len(per_windows_prompt):2
2024-12-22 06:26:40,013 - [Process 2/5] - INFO - res.shape is :torch.Size([64])
2024-12-22 06:26:40,157 - [Process 2/5] - INFO - len(per_windows_prompt):2
2024-12-22 06:26:47,259 - [Process 2/5] - INFO - res.shape is :torch.Size([64])
2024-12-22 06:26:47,447 - [Process 2/5] - INFO - len(per_windows_prompt):2
2024-12-22 06:26:54,483 - [Process 2/5] - INFO - res.shape is :torch.Size([64])
2024-12-22 06:26:54,723 - [Process 2/5] - INFO - len(per_windows_prompt):2
2024-12-22 06:27:02,432 - [Process 2/5] - INFO - res.shape is :torch.Size([64])
2024-12-22 06:27:02,693 - [Process 2/5] - INFO - len(per_windows_prompt):2
2024-12-22 06:27:09,542 - [Process 2/5] - INFO - res.shape is :torch.Size([64])
2024-12-22 06:27:09,746 - [Process 2/5] - INFO - len(per_windows_prompt):2
2024-12-22 06:27:17,537 - [Process 2/5] - INFO - res.shape is :torch.Size([64])
2024-12-22 06:27:17,728 - [Process 2/5] - INFO - len(per_windows_prompt):2
2024-12-22 06:27:26,117 - [Process 2/5] - INFO - res.shape is :torch.Size([64])
2024-12-22 06:27:26,274 - [Process 2/5] - INFO - len(per_windows_prompt):2
2024-12-22 06:27:32,341 - [Process 2/5] - INFO - res.shape is :torch.Size([58])
2024-12-22 06:27:32,611 - [Process 2/5] - INFO - len(per_windows_prompt):2
2024-12-22 06:27:42,424 - [Process 2/5] - INFO - res.shape is :torch.Size([64])
2024-12-22 06:27:42,605 - [Process 2/5] - INFO - len(per_windows_prompt):2
2024-12-22 06:27:50,098 - [Process 2/5] - INFO - res.shape is :torch.Size([64])
2024-12-22 06:27:50,279 - [Process 2/5] - INFO - len(per_windows_prompt):2
2024-12-22 06:27:59,014 - [Process 2/5] - INFO - res.shape is :torch.Size([64])
2024-12-22 06:27:59,258 - [Process 2/5] - INFO - len(per_windows_prompt):2
2024-12-22 06:28:09,277 - [Process 2/5] - INFO - res.shape is :torch.Size([64])
2024-12-22 06:28:09,516 - [Process 2/5] - INFO - len(per_windows_prompt):2
2024-12-22 06:28:17,904 - [Process 2/5] - INFO - res.shape is :torch.Size([64])
2024-12-22 06:28:18,165 - [Process 2/5] - INFO - len(per_windows_prompt):2
2024-12-22 06:28:25,484 - [Process 2/5] - INFO - res.shape is :torch.Size([64])
2024-12-22 06:28:25,665 - [Process 2/5] - INFO - len(per_windows_prompt):2
2024-12-22 06:28:32,785 - [Process 2/5] - INFO - res.shape is :torch.Size([64])
2024-12-22 06:28:33,069 - [Process 2/5] - INFO - len(per_windows_prompt):2
2024-12-22 06:28:42,655 - [Process 2/5] - INFO - res.shape is :torch.Size([64])
2024-12-22 06:28:42,851 - [Process 2/5] - INFO - len(per_windows_prompt):2
2024-12-22 06:28:49,685 - [Process 2/5] - INFO - res.shape is :torch.Size([64])
2024-12-22 06:28:50,004 - [Process 2/5] - INFO - len(per_windows_prompt):2
2024-12-22 06:28:58,121 - [Process 2/5] - INFO - res.shape is :torch.Size([64])
2024-12-22 06:28:58,477 - [Process 2/5] - INFO - len(per_windows_prompt):2
2024-12-22 06:29:07,894 - [Process 2/5] - INFO - res.shape is :torch.Size([64])
2024-12-22 06:29:08,088 - [Process 2/5] - INFO - len(per_windows_prompt):2
2024-12-22 06:29:16,843 - [Process 2/5] - INFO - res.shape is :torch.Size([64])
2024-12-22 06:29:17,051 - [Process 2/5] - INFO - len(per_windows_prompt):2
2024-12-22 06:29:27,788 - [Process 2/5] - INFO - res.shape is :torch.Size([64])
2024-12-22 06:29:27,879 - [Process 2/5] - INFO - len(per_windows_prompt):2
2024-12-22 06:29:35,169 - [Process 2/5] - INFO - res.shape is :torch.Size([64])
2024-12-22 06:29:35,349 - [Process 2/5] - INFO - len(per_windows_prompt):2
2024-12-22 06:29:44,469 - [Process 2/5] - INFO - res.shape is :torch.Size([64])
2024-12-22 06:29:44,681 - [Process 2/5] - INFO - len(per_windows_prompt):2
2024-12-22 06:29:52,729 - [Process 2/5] - INFO - res.shape is :torch.Size([64])
2024-12-22 06:29:52,955 - [Process 2/5] - INFO - len(per_windows_prompt):2
2024-12-22 06:30:00,194 - [Process 2/5] - INFO - res.shape is :torch.Size([34])
2024-12-22 06:30:00,469 - [Process 2/5] - INFO - len(per_windows_prompt):2
2024-12-22 06:30:09,400 - [Process 2/5] - INFO - res.shape is :torch.Size([64])
2024-12-22 06:30:09,650 - [Process 2/5] - INFO - len(per_windows_prompt):2
2024-12-22 06:30:18,371 - [Process 2/5] - INFO - res.shape is :torch.Size([64])
2024-12-22 06:30:18,562 - [Process 2/5] - INFO - len(per_windows_prompt):2
2024-12-22 06:30:25,793 - [Process 2/5] - INFO - res.shape is :torch.Size([64])
2024-12-22 06:30:25,917 - [Process 2/5] - INFO - len(per_windows_prompt):2
2024-12-22 06:30:36,549 - [Process 2/5] - INFO - res.shape is :torch.Size([64])
2024-12-22 06:30:36,744 - [Process 2/5] - INFO - len(per_windows_prompt):2
2024-12-22 06:30:43,861 - [Process 2/5] - INFO - res.shape is :torch.Size([64])
2024-12-22 06:30:44,402 - [Process 2/5] - INFO - len(per_windows_prompt):2
2024-12-22 06:30:52,948 - [Process 2/5] - INFO - res.shape is :torch.Size([64])
2024-12-22 06:30:53,184 - [Process 2/5] - INFO - len(per_windows_prompt):2
2024-12-22 06:31:02,171 - [Process 2/5] - INFO - res.shape is :torch.Size([64])
2024-12-22 06:31:02,441 - [Process 2/5] - INFO - len(per_windows_prompt):2
2024-12-22 06:31:09,552 - [Process 2/5] - INFO - res.shape is :torch.Size([64])
2024-12-22 06:31:09,824 - [Process 2/5] - INFO - len(per_windows_prompt):2
2024-12-22 06:31:18,997 - [Process 2/5] - INFO - res.shape is :torch.Size([64])
2024-12-22 06:31:19,182 - [Process 2/5] - INFO - len(per_windows_prompt):2
2024-12-22 06:31:27,493 - [Process 2/5] - INFO - res.shape is :torch.Size([64])
2024-12-22 06:31:27,823 - [Process 2/5] - INFO - len(per_windows_prompt):2
2024-12-22 06:31:36,347 - [Process 2/5] - INFO - res.shape is :torch.Size([64])
2024-12-22 06:31:36,578 - [Process 2/5] - INFO - len(per_windows_prompt):2
2024-12-22 06:31:44,973 - [Process 2/5] - INFO - res.shape is :torch.Size([64])
2024-12-22 06:31:45,164 - [Process 2/5] - INFO - len(per_windows_prompt):2
2024-12-22 06:31:53,320 - [Process 2/5] - INFO - res.shape is :torch.Size([64])
2024-12-22 06:31:53,599 - [Process 2/5] - INFO - len(per_windows_prompt):2
2024-12-22 06:32:02,924 - [Process 2/5] - INFO - res.shape is :torch.Size([64])
2024-12-22 06:32:03,108 - [Process 2/5] - INFO - len(per_windows_prompt):2
2024-12-22 06:32:10,199 - [Process 2/5] - INFO - res.shape is :torch.Size([64])
2024-12-22 06:32:10,383 - [Process 2/5] - INFO - len(per_windows_prompt):2
2024-12-22 06:32:19,009 - [Process 2/5] - INFO - res.shape is :torch.Size([64])
2024-12-22 06:32:19,207 - [Process 2/5] - INFO - len(per_windows_prompt):2
2024-12-22 06:32:24,623 - [Process 2/5] - INFO - res.shape is :torch.Size([29])
2024-12-22 06:32:24,893 - [Process 2/5] - INFO - len(per_windows_prompt):2
2024-12-22 06:32:31,115 - [Process 2/5] - INFO - res.shape is :torch.Size([25])
2024-12-22 06:32:31,346 - [Process 2/5] - INFO - len(per_windows_prompt):2
2024-12-22 06:32:40,756 - [Process 2/5] - INFO - res.shape is :torch.Size([64])
2024-12-22 06:32:41,021 - [Process 2/5] - INFO - len(per_windows_prompt):2
2024-12-22 06:32:48,025 - [Process 2/5] - INFO - res.shape is :torch.Size([64])
2024-12-22 06:32:48,240 - [Process 2/5] - INFO - len(per_windows_prompt):2
2024-12-22 06:32:55,778 - [Process 2/5] - INFO - res.shape is :torch.Size([50])
2024-12-22 06:32:56,049 - [Process 2/5] - INFO - len(per_windows_prompt):2
2024-12-22 06:33:04,172 - [Process 2/5] - INFO - res.shape is :torch.Size([64])
2024-12-22 06:33:04,452 - [Process 2/5] - INFO - len(per_windows_prompt):2
2024-12-22 06:33:13,782 - [Process 2/5] - INFO - res.shape is :torch.Size([64])
2024-12-22 06:33:14,015 - [Process 2/5] - INFO - len(per_windows_prompt):2
2024-12-22 06:33:22,764 - [Process 2/5] - INFO - res.shape is :torch.Size([64])
2024-12-22 06:33:22,958 - [Process 2/5] - INFO - len(per_windows_prompt):2
2024-12-22 06:33:32,183 - [Process 2/5] - INFO - res.shape is :torch.Size([64])
2024-12-22 06:33:32,386 - [Process 2/5] - INFO - len(per_windows_prompt):2
2024-12-22 06:33:39,343 - [Process 2/5] - INFO - res.shape is :torch.Size([64])
2024-12-22 06:33:39,794 - [Process 2/5] - INFO - len(per_windows_prompt):2
2024-12-22 06:33:49,036 - [Process 2/5] - INFO - res.shape is :torch.Size([64])
2024-12-22 06:33:49,255 - [Process 2/5] - INFO - len(per_windows_prompt):2
2024-12-22 06:33:56,741 - [Process 2/5] - INFO - res.shape is :torch.Size([64])
2024-12-22 06:33:57,018 - [Process 2/5] - INFO - len(per_windows_prompt):2
2024-12-22 06:34:05,053 - [Process 2/5] - INFO - res.shape is :torch.Size([64])
2024-12-22 06:34:05,317 - [Process 2/5] - INFO - len(per_windows_prompt):2
2024-12-22 06:34:14,153 - [Process 2/5] - INFO - res.shape is :torch.Size([64])
2024-12-22 06:34:14,349 - [Process 2/5] - INFO - len(per_windows_prompt):2
2024-12-22 06:34:23,275 - [Process 2/5] - INFO - res.shape is :torch.Size([64])
2024-12-22 06:34:23,498 - [Process 2/5] - INFO - len(per_windows_prompt):2
2024-12-22 06:34:31,084 - [Process 2/5] - INFO - res.shape is :torch.Size([64])
2024-12-22 06:34:31,366 - [Process 2/5] - INFO - len(per_windows_prompt):2
2024-12-22 06:34:39,056 - [Process 2/5] - INFO - res.shape is :torch.Size([50])
2024-12-22 06:34:39,420 - [Process 2/5] - INFO - len(per_windows_prompt):2
2024-12-22 06:34:47,226 - [Process 2/5] - INFO - res.shape is :torch.Size([64])
2024-12-22 06:34:47,474 - [Process 2/5] - INFO - len(per_windows_prompt):2
2024-12-22 06:34:54,066 - [Process 2/5] - INFO - res.shape is :torch.Size([64])
2024-12-22 06:34:54,288 - [Process 2/5] - INFO - len(per_windows_prompt):2
2024-12-22 06:35:01,612 - [Process 2/5] - INFO - res.shape is :torch.Size([35])
2024-12-22 06:35:01,817 - [Process 2/5] - INFO - len(per_windows_prompt):2
2024-12-22 06:35:08,991 - [Process 2/5] - INFO - res.shape is :torch.Size([64])
2024-12-22 06:35:09,364 - [Process 2/5] - INFO - len(per_windows_prompt):2
2024-12-22 06:35:18,514 - [Process 2/5] - INFO - res.shape is :torch.Size([64])
2024-12-22 06:35:18,790 - [Process 2/5] - INFO - len(per_windows_prompt):2
2024-12-22 06:35:26,499 - [Process 2/5] - INFO - res.shape is :torch.Size([64])
2024-12-22 06:35:26,720 - [Process 2/5] - INFO - len(per_windows_prompt):2
2024-12-22 06:35:35,018 - [Process 2/5] - INFO - res.shape is :torch.Size([64])
2024-12-22 06:35:35,225 - [Process 2/5] - INFO - len(per_windows_prompt):2
2024-12-22 06:35:42,921 - [Process 2/5] - INFO - res.shape is :torch.Size([64])
2024-12-22 06:35:43,134 - [Process 2/5] - INFO - len(per_windows_prompt):2
2024-12-22 06:35:50,126 - [Process 2/5] - INFO - res.shape is :torch.Size([64])
2024-12-22 06:35:50,362 - [Process 2/5] - INFO - len(per_windows_prompt):2
2024-12-22 06:35:56,470 - [Process 2/5] - INFO - res.shape is :torch.Size([38])
2024-12-22 06:35:56,703 - [Process 2/5] - INFO - len(per_windows_prompt):2
2024-12-22 06:36:05,222 - [Process 2/5] - INFO - res.shape is :torch.Size([64])
2024-12-22 06:36:05,486 - [Process 2/5] - INFO - len(per_windows_prompt):2
2024-12-22 06:36:12,532 - [Process 2/5] - INFO - res.shape is :torch.Size([64])
2024-12-22 06:36:12,855 - [Process 2/5] - INFO - len(per_windows_prompt):2
2024-12-22 06:36:21,089 - [Process 2/5] - INFO - res.shape is :torch.Size([64])
2024-12-22 06:36:21,285 - [Process 2/5] - INFO - len(per_windows_prompt):2
2024-12-22 06:36:29,677 - [Process 2/5] - INFO - res.shape is :torch.Size([64])
2024-12-22 06:36:29,891 - [Process 2/5] - INFO - len(per_windows_prompt):2
2024-12-22 06:36:37,345 - [Process 2/5] - INFO - res.shape is :torch.Size([64])
2024-12-22 06:36:37,607 - [Process 2/5] - INFO - len(per_windows_prompt):2
2024-12-22 06:36:45,223 - [Process 2/5] - INFO - res.shape is :torch.Size([64])
2024-12-22 06:36:45,510 - [Process 2/5] - INFO - len(per_windows_prompt):2
2024-12-22 06:36:54,832 - [Process 2/5] - INFO - res.shape is :torch.Size([64])
2024-12-22 06:36:55,038 - [Process 2/5] - INFO - len(per_windows_prompt):2
2024-12-22 06:37:03,399 - [Process 2/5] - INFO - res.shape is :torch.Size([64])
2024-12-22 06:37:03,607 - [Process 2/5] - INFO - len(per_windows_prompt):2
2024-12-22 06:37:10,616 - [Process 2/5] - INFO - res.shape is :torch.Size([64])
2024-12-22 06:37:10,814 - [Process 2/5] - INFO - len(per_windows_prompt):2
2024-12-22 06:37:18,913 - [Process 2/5] - INFO - res.shape is :torch.Size([64])
2024-12-22 06:37:19,109 - [Process 2/5] - INFO - len(per_windows_prompt):2
2024-12-22 06:37:26,887 - [Process 2/5] - INFO - res.shape is :torch.Size([64])
2024-12-22 06:37:27,098 - [Process 2/5] - INFO - len(per_windows_prompt):2
2024-12-22 06:37:34,332 - [Process 2/5] - INFO - res.shape is :torch.Size([64])
2024-12-22 06:37:34,565 - [Process 2/5] - INFO - len(per_windows_prompt):2
2024-12-22 06:37:43,295 - [Process 2/5] - INFO - res.shape is :torch.Size([64])
2024-12-22 06:37:43,470 - [Process 2/5] - INFO - len(per_windows_prompt):2
2024-12-22 06:37:52,196 - [Process 2/5] - INFO - res.shape is :torch.Size([64])
2024-12-22 06:37:52,410 - [Process 2/5] - INFO - len(per_windows_prompt):2
2024-12-22 06:38:00,784 - [Process 2/5] - INFO - res.shape is :torch.Size([64])
2024-12-22 06:38:01,221 - [Process 2/5] - INFO - len(per_windows_prompt):2
2024-12-22 06:38:10,543 - [Process 2/5] - INFO - res.shape is :torch.Size([64])
2024-12-22 06:38:10,722 - [Process 2/5] - INFO - len(per_windows_prompt):2
2024-12-22 06:38:18,511 - [Process 2/5] - INFO - res.shape is :torch.Size([64])
2024-12-22 06:38:18,753 - [Process 2/5] - INFO - len(per_windows_prompt):2
2024-12-22 06:38:27,399 - [Process 2/5] - INFO - res.shape is :torch.Size([64])
2024-12-22 06:38:27,637 - [Process 2/5] - INFO - len(per_windows_prompt):2
2024-12-22 06:38:35,148 - [Process 2/5] - INFO - res.shape is :torch.Size([64])
2024-12-22 06:38:35,361 - [Process 2/5] - INFO - len(per_windows_prompt):2
2024-12-22 06:38:45,951 - [Process 2/5] - INFO - res.shape is :torch.Size([64])
2024-12-22 06:38:46,124 - [Process 2/5] - INFO - len(per_windows_prompt):2
2024-12-22 06:38:53,997 - [Process 2/5] - INFO - res.shape is :torch.Size([64])
2024-12-22 06:38:54,187 - [Process 2/5] - INFO - len(per_windows_prompt):2
2024-12-22 06:39:00,960 - [Process 2/5] - INFO - res.shape is :torch.Size([52])
2024-12-22 06:39:01,150 - [Process 2/5] - INFO - len(per_windows_prompt):2
2024-12-22 06:39:08,674 - [Process 2/5] - INFO - res.shape is :torch.Size([64])
2024-12-22 06:39:08,873 - [Process 2/5] - INFO - len(per_windows_prompt):2
2024-12-22 06:39:19,144 - [Process 2/5] - INFO - res.shape is :torch.Size([64])
2024-12-22 06:39:19,369 - [Process 2/5] - INFO - len(per_windows_prompt):2
2024-12-22 06:39:26,371 - [Process 2/5] - INFO - res.shape is :torch.Size([64])
2024-12-22 06:39:26,668 - [Process 2/5] - INFO - len(per_windows_prompt):2
2024-12-22 06:39:33,878 - [Process 2/5] - INFO - res.shape is :torch.Size([31])
