2024-12-22 03:54:57,388 - [Process 2/5] - INFO - loading datasets finished
2024-12-22 03:54:57,389 - [Process 2/5] - INFO - model_max_len: 3950
2024-12-22 03:54:57,389 - [Process 2/5] - INFO - output_max_len: 32
2024-12-22 03:54:57,473 - [Process 2/5] - INFO - Max Length is 22099
2024-12-22 03:54:57,473 - [Process 2/5] - INFO - Finish loading dataset
2024-12-22 03:54:57,474 - [Process 2/5] - INFO - get_predicted begin
2024-12-22 03:55:02,238 - [Process 2/5] - INFO - len(per_windows_prompt):2
2024-12-22 03:55:06,781 - [Process 2/5] - INFO - res.shape is :torch.Size([2])
2024-12-22 03:55:07,098 - [Process 2/5] - INFO - len(per_windows_prompt):2
2024-12-22 03:55:11,094 - [Process 2/5] - INFO - res.shape is :torch.Size([6])
2024-12-22 03:55:11,317 - [Process 2/5] - INFO - len(per_windows_prompt):2
2024-12-22 03:55:15,683 - [Process 2/5] - INFO - res.shape is :torch.Size([16])
2024-12-22 03:55:15,916 - [Process 2/5] - INFO - len(per_windows_prompt):2
2024-12-22 03:55:19,724 - [Process 2/5] - INFO - res.shape is :torch.Size([2])
2024-12-22 03:55:19,965 - [Process 2/5] - INFO - len(per_windows_prompt):2
2024-12-22 03:55:23,762 - [Process 2/5] - INFO - res.shape is :torch.Size([2])
2024-12-22 03:55:24,034 - [Process 2/5] - INFO - len(per_windows_prompt):2
2024-12-22 03:55:27,831 - [Process 2/5] - INFO - res.shape is :torch.Size([2])
2024-12-22 03:55:28,072 - [Process 2/5] - INFO - len(per_windows_prompt):2
2024-12-22 03:55:31,882 - [Process 2/5] - INFO - res.shape is :torch.Size([2])
2024-12-22 03:55:32,099 - [Process 2/5] - INFO - len(per_windows_prompt):2
2024-12-22 03:55:35,919 - [Process 2/5] - INFO - res.shape is :torch.Size([2])
2024-12-22 03:55:36,122 - [Process 2/5] - INFO - len(per_windows_prompt):2
2024-12-22 03:55:39,945 - [Process 2/5] - INFO - res.shape is :torch.Size([2])
2024-12-22 03:55:40,210 - [Process 2/5] - INFO - len(per_windows_prompt):2
2024-12-22 03:55:44,025 - [Process 2/5] - INFO - res.shape is :torch.Size([2])
2024-12-22 03:55:44,264 - [Process 2/5] - INFO - len(per_windows_prompt):2
2024-12-22 03:55:48,111 - [Process 2/5] - INFO - res.shape is :torch.Size([2])
2024-12-22 03:55:48,374 - [Process 2/5] - INFO - len(per_windows_prompt):2
2024-12-22 03:55:52,172 - [Process 2/5] - INFO - res.shape is :torch.Size([2])
2024-12-22 03:55:52,427 - [Process 2/5] - INFO - len(per_windows_prompt):2
2024-12-22 03:55:56,303 - [Process 2/5] - INFO - res.shape is :torch.Size([3])
2024-12-22 03:55:56,592 - [Process 2/5] - INFO - len(per_windows_prompt):2
2024-12-22 03:56:00,578 - [Process 2/5] - INFO - res.shape is :torch.Size([2])
2024-12-22 03:56:00,898 - [Process 2/5] - INFO - len(per_windows_prompt):2
2024-12-22 03:56:04,753 - [Process 2/5] - INFO - res.shape is :torch.Size([2])
2024-12-22 03:56:05,045 - [Process 2/5] - INFO - len(per_windows_prompt):2
2024-12-22 03:56:08,940 - [Process 2/5] - INFO - res.shape is :torch.Size([2])
2024-12-22 03:56:09,204 - [Process 2/5] - INFO - len(per_windows_prompt):2
2024-12-22 03:56:13,063 - [Process 2/5] - INFO - res.shape is :torch.Size([2])
2024-12-22 03:56:13,306 - [Process 2/5] - INFO - len(per_windows_prompt):2
2024-12-22 03:56:17,148 - [Process 2/5] - INFO - res.shape is :torch.Size([2])
2024-12-22 03:56:17,366 - [Process 2/5] - INFO - len(per_windows_prompt):2
2024-12-22 03:56:21,221 - [Process 2/5] - INFO - res.shape is :torch.Size([2])
2024-12-22 03:56:21,406 - [Process 2/5] - INFO - len(per_windows_prompt):2
2024-12-22 03:56:25,244 - [Process 2/5] - INFO - res.shape is :torch.Size([2])
2024-12-22 03:56:25,554 - [Process 2/5] - INFO - len(per_windows_prompt):2
2024-12-22 03:56:29,545 - [Process 2/5] - INFO - res.shape is :torch.Size([2])
2024-12-22 03:56:29,782 - [Process 2/5] - INFO - len(per_windows_prompt):2
2024-12-22 03:56:33,684 - [Process 2/5] - INFO - res.shape is :torch.Size([2])
2024-12-22 03:56:34,014 - [Process 2/5] - INFO - len(per_windows_prompt):2
2024-12-22 03:56:37,876 - [Process 2/5] - INFO - res.shape is :torch.Size([2])
2024-12-22 03:56:38,110 - [Process 2/5] - INFO - len(per_windows_prompt):2
2024-12-22 03:56:41,962 - [Process 2/5] - INFO - res.shape is :torch.Size([2])
2024-12-22 03:56:42,231 - [Process 2/5] - INFO - len(per_windows_prompt):2
2024-12-22 03:56:46,071 - [Process 2/5] - INFO - res.shape is :torch.Size([2])
2024-12-22 03:56:46,421 - [Process 2/5] - INFO - len(per_windows_prompt):2
2024-12-22 03:56:50,416 - [Process 2/5] - INFO - res.shape is :torch.Size([2])
2024-12-22 03:56:50,705 - [Process 2/5] - INFO - len(per_windows_prompt):2
2024-12-22 03:56:54,702 - [Process 2/5] - INFO - res.shape is :torch.Size([2])
2024-12-22 03:56:55,029 - [Process 2/5] - INFO - len(per_windows_prompt):2
2024-12-22 03:56:58,888 - [Process 2/5] - INFO - res.shape is :torch.Size([2])
2024-12-22 03:56:59,203 - [Process 2/5] - INFO - len(per_windows_prompt):2
2024-12-22 03:57:03,190 - [Process 2/5] - INFO - res.shape is :torch.Size([2])
2024-12-22 03:57:03,438 - [Process 2/5] - INFO - len(per_windows_prompt):2
2024-12-22 03:57:07,293 - [Process 2/5] - INFO - res.shape is :torch.Size([2])
2024-12-22 03:57:07,543 - [Process 2/5] - INFO - len(per_windows_prompt):2
2024-12-22 03:57:11,411 - [Process 2/5] - INFO - res.shape is :torch.Size([2])
2024-12-22 03:57:11,714 - [Process 2/5] - INFO - len(per_windows_prompt):2
2024-12-22 03:57:15,563 - [Process 2/5] - INFO - res.shape is :torch.Size([2])
2024-12-22 03:57:15,856 - [Process 2/5] - INFO - len(per_windows_prompt):2
2024-12-22 03:57:19,850 - [Process 2/5] - INFO - res.shape is :torch.Size([2])
2024-12-22 03:57:20,106 - [Process 2/5] - INFO - len(per_windows_prompt):2
2024-12-22 03:57:23,920 - [Process 2/5] - INFO - res.shape is :torch.Size([2])
2024-12-22 03:57:24,126 - [Process 2/5] - INFO - len(per_windows_prompt):2
2024-12-22 03:57:27,987 - [Process 2/5] - INFO - res.shape is :torch.Size([2])
2024-12-22 03:57:28,255 - [Process 2/5] - INFO - len(per_windows_prompt):2
2024-12-22 03:57:32,699 - [Process 2/5] - INFO - res.shape is :torch.Size([16])
2024-12-22 03:57:32,889 - [Process 2/5] - INFO - len(per_windows_prompt):2
2024-12-22 03:57:37,372 - [Process 2/5] - INFO - res.shape is :torch.Size([17])
2024-12-22 03:57:37,603 - [Process 2/5] - INFO - len(per_windows_prompt):2
2024-12-22 03:57:41,516 - [Process 2/5] - INFO - res.shape is :torch.Size([2])
2024-12-22 03:57:41,797 - [Process 2/5] - INFO - len(per_windows_prompt):2
2024-12-22 03:57:45,683 - [Process 2/5] - INFO - res.shape is :torch.Size([2])
2024-12-22 03:57:45,965 - [Process 2/5] - INFO - len(per_windows_prompt):2
2024-12-22 03:57:49,825 - [Process 2/5] - INFO - res.shape is :torch.Size([2])
