2024-12-22 19:21:10,172 - [Process 1/5] - INFO - loading datasets finished
2024-12-22 19:21:10,172 - [Process 1/5] - INFO - model_max_len: 3950
2024-12-22 19:21:10,172 - [Process 1/5] - INFO - output_max_len: 64
2024-12-22 19:21:10,172 - [Process 1/5] - INFO - parallel_pattern: every_window_no_query_input_query
2024-12-22 19:21:10,240 - [Process 1/5] - INFO - Max Length is 18754
2024-12-22 19:21:10,241 - [Process 1/5] - INFO - Finish loading dataset
2024-12-22 19:21:10,241 - [Process 1/5] - INFO - get_predicted begin
2024-12-22 19:21:14,956 - [Process 1/5] - INFO - len(per_windows_prompt):3
2024-12-22 19:21:22,234 - [Process 1/5] - INFO - res.shape is :torch.Size([64])
2024-12-22 19:21:22,350 - [Process 1/5] - INFO - len(per_windows_prompt):3
2024-12-22 19:21:28,729 - [Process 1/5] - INFO - res.shape is :torch.Size([64])
2024-12-22 19:21:28,855 - [Process 1/5] - INFO - len(per_windows_prompt):3
2024-12-22 19:21:36,674 - [Process 1/5] - INFO - res.shape is :torch.Size([64])
2024-12-22 19:21:36,839 - [Process 1/5] - INFO - len(per_windows_prompt):3
2024-12-22 19:21:44,845 - [Process 1/5] - INFO - res.shape is :torch.Size([64])
2024-12-22 19:21:44,920 - [Process 1/5] - INFO - len(per_windows_prompt):3
2024-12-22 19:21:51,731 - [Process 1/5] - INFO - res.shape is :torch.Size([64])
2024-12-22 19:21:51,864 - [Process 1/5] - INFO - len(per_windows_prompt):3
2024-12-22 19:21:58,728 - [Process 1/5] - INFO - res.shape is :torch.Size([64])
2024-12-22 19:21:58,853 - [Process 1/5] - INFO - len(per_windows_prompt):3
2024-12-22 19:22:06,291 - [Process 1/5] - INFO - res.shape is :torch.Size([64])
2024-12-22 19:22:06,408 - [Process 1/5] - INFO - len(per_windows_prompt):3
2024-12-22 19:22:15,241 - [Process 1/5] - INFO - res.shape is :torch.Size([64])
2024-12-22 19:22:15,354 - [Process 1/5] - INFO - len(per_windows_prompt):3
2024-12-22 19:22:22,966 - [Process 1/5] - INFO - res.shape is :torch.Size([64])
2024-12-22 19:22:23,099 - [Process 1/5] - INFO - len(per_windows_prompt):3
2024-12-22 19:22:30,408 - [Process 1/5] - INFO - res.shape is :torch.Size([64])
2024-12-22 19:22:30,538 - [Process 1/5] - INFO - len(per_windows_prompt):3
2024-12-22 19:22:37,677 - [Process 1/5] - INFO - res.shape is :torch.Size([64])
2024-12-22 19:22:37,783 - [Process 1/5] - INFO - len(per_windows_prompt):3
