2024-12-22 06:14:18,765 - [Process 3/5] - INFO - loading datasets finished
2024-12-22 06:14:18,766 - [Process 3/5] - INFO - model_max_len: 3950
2024-12-22 06:14:18,766 - [Process 3/5] - INFO - output_max_len: 64
2024-12-22 06:14:18,800 - [Process 3/5] - INFO - Max Length is 10029
2024-12-22 06:14:18,800 - [Process 3/5] - INFO - Finish loading dataset
2024-12-22 06:14:18,801 - [Process 3/5] - INFO - get_predicted begin
2024-12-22 06:14:23,554 - [Process 3/5] - INFO - len(per_windows_prompt):2
2024-12-22 06:14:29,204 - [Process 3/5] - INFO - res.shape is :torch.Size([64])
2024-12-22 06:14:29,291 - [Process 3/5] - INFO - len(per_windows_prompt):2
2024-12-22 06:14:34,618 - [Process 3/5] - INFO - res.shape is :torch.Size([64])
2024-12-22 06:14:34,698 - [Process 3/5] - INFO - len(per_windows_prompt):2
2024-12-22 06:14:39,520 - [Process 3/5] - INFO - res.shape is :torch.Size([64])
2024-12-22 06:14:39,581 - [Process 3/5] - INFO - len(per_windows_prompt):2
2024-12-22 06:14:43,903 - [Process 3/5] - INFO - res.shape is :torch.Size([64])
2024-12-22 06:14:43,979 - [Process 3/5] - INFO - len(per_windows_prompt):2
2024-12-22 06:14:48,782 - [Process 3/5] - INFO - res.shape is :torch.Size([64])
2024-12-22 06:14:48,838 - [Process 3/5] - INFO - len(per_windows_prompt):2
2024-12-22 06:14:52,901 - [Process 3/5] - INFO - res.shape is :torch.Size([64])
2024-12-22 06:14:52,972 - [Process 3/5] - INFO - len(per_windows_prompt):2
2024-12-22 06:14:57,663 - [Process 3/5] - INFO - res.shape is :torch.Size([64])
2024-12-22 06:14:57,724 - [Process 3/5] - INFO - len(per_windows_prompt):2
2024-12-22 06:15:02,069 - [Process 3/5] - INFO - res.shape is :torch.Size([64])
2024-12-22 06:15:02,132 - [Process 3/5] - INFO - len(per_windows_prompt):2
2024-12-22 06:15:06,536 - [Process 3/5] - INFO - res.shape is :torch.Size([64])
2024-12-22 06:15:06,693 - [Process 3/5] - INFO - len(per_windows_prompt):2
2024-12-22 06:15:12,864 - [Process 3/5] - INFO - res.shape is :torch.Size([64])
2024-12-22 06:15:12,967 - [Process 3/5] - INFO - len(per_windows_prompt):2
2024-12-22 06:15:19,125 - [Process 3/5] - INFO - res.shape is :torch.Size([64])
2024-12-22 06:15:19,246 - [Process 3/5] - INFO - len(per_windows_prompt):2
2024-12-22 06:15:25,342 - [Process 3/5] - INFO - res.shape is :torch.Size([64])
2024-12-22 06:15:25,411 - [Process 3/5] - INFO - len(per_windows_prompt):2
2024-12-22 06:15:29,989 - [Process 3/5] - INFO - res.shape is :torch.Size([64])
2024-12-22 06:15:30,061 - [Process 3/5] - INFO - len(per_windows_prompt):2
2024-12-22 06:15:34,673 - [Process 3/5] - INFO - res.shape is :torch.Size([64])
2024-12-22 06:15:34,736 - [Process 3/5] - INFO - len(per_windows_prompt):2
2024-12-22 06:15:39,145 - [Process 3/5] - INFO - res.shape is :torch.Size([64])
2024-12-22 06:15:39,232 - [Process 3/5] - INFO - len(per_windows_prompt):2
2024-12-22 06:15:44,763 - [Process 3/5] - INFO - res.shape is :torch.Size([64])
2024-12-22 06:15:44,847 - [Process 3/5] - INFO - len(per_windows_prompt):2
2024-12-22 06:15:50,066 - [Process 3/5] - INFO - res.shape is :torch.Size([64])
2024-12-22 06:15:50,126 - [Process 3/5] - INFO - len(per_windows_prompt):2
2024-12-22 06:15:54,408 - [Process 3/5] - INFO - res.shape is :torch.Size([64])
2024-12-22 06:15:54,500 - [Process 3/5] - INFO - len(per_windows_prompt):2
2024-12-22 06:16:00,236 - [Process 3/5] - INFO - res.shape is :torch.Size([64])
2024-12-22 06:16:00,310 - [Process 3/5] - INFO - len(per_windows_prompt):2
2024-12-22 06:16:03,863 - [Process 3/5] - INFO - res.shape is :torch.Size([28])
2024-12-22 06:16:03,953 - [Process 3/5] - INFO - len(per_windows_prompt):2
2024-12-22 06:16:09,540 - [Process 3/5] - INFO - res.shape is :torch.Size([64])
2024-12-22 06:16:09,593 - [Process 3/5] - INFO - len(per_windows_prompt):2
2024-12-22 06:16:13,510 - [Process 3/5] - INFO - res.shape is :torch.Size([64])
2024-12-22 06:16:13,616 - [Process 3/5] - INFO - len(per_windows_prompt):2
2024-12-22 06:16:19,913 - [Process 3/5] - INFO - res.shape is :torch.Size([64])
2024-12-22 06:16:20,024 - [Process 3/5] - INFO - len(per_windows_prompt):2
2024-12-22 06:16:26,120 - [Process 3/5] - INFO - res.shape is :torch.Size([64])
2024-12-22 06:16:26,281 - [Process 3/5] - INFO - len(per_windows_prompt):2
2024-12-22 06:16:32,575 - [Process 3/5] - INFO - res.shape is :torch.Size([64])
2024-12-22 06:16:32,636 - [Process 3/5] - INFO - len(per_windows_prompt):2
2024-12-22 06:16:37,009 - [Process 3/5] - INFO - res.shape is :torch.Size([64])
2024-12-22 06:16:37,070 - [Process 3/5] - INFO - len(per_windows_prompt):2
2024-12-22 06:16:41,448 - [Process 3/5] - INFO - res.shape is :torch.Size([64])
2024-12-22 06:16:41,502 - [Process 3/5] - INFO - len(per_windows_prompt):2
2024-12-22 06:16:45,573 - [Process 3/5] - INFO - res.shape is :torch.Size([64])
2024-12-22 06:16:45,677 - [Process 3/5] - INFO - len(per_windows_prompt):2
2024-12-22 06:16:51,855 - [Process 3/5] - INFO - res.shape is :torch.Size([64])
2024-12-22 06:16:51,924 - [Process 3/5] - INFO - len(per_windows_prompt):2
2024-12-22 06:16:56,480 - [Process 3/5] - INFO - res.shape is :torch.Size([64])
2024-12-22 06:16:56,544 - [Process 3/5] - INFO - len(per_windows_prompt):2
2024-12-22 06:17:01,308 - [Process 3/5] - INFO - res.shape is :torch.Size([64])
2024-12-22 06:17:01,496 - [Process 3/5] - INFO - len(per_windows_prompt):2
2024-12-22 06:17:07,027 - [Process 3/5] - INFO - res.shape is :torch.Size([44])
2024-12-22 06:17:07,154 - [Process 3/5] - INFO - len(per_windows_prompt):2
2024-12-22 06:17:12,142 - [Process 3/5] - INFO - res.shape is :torch.Size([64])
2024-12-22 06:17:12,427 - [Process 3/5] - INFO - len(per_windows_prompt):2
2024-12-22 06:17:18,839 - [Process 3/5] - INFO - res.shape is :torch.Size([64])
2024-12-22 06:17:18,990 - [Process 3/5] - INFO - len(per_windows_prompt):2
2024-12-22 06:17:24,617 - [Process 3/5] - INFO - res.shape is :torch.Size([64])
2024-12-22 06:17:24,812 - [Process 3/5] - INFO - len(per_windows_prompt):2
2024-12-22 06:17:31,261 - [Process 3/5] - INFO - res.shape is :torch.Size([64])
2024-12-22 06:17:31,445 - [Process 3/5] - INFO - len(per_windows_prompt):2
2024-12-22 06:17:37,827 - [Process 3/5] - INFO - res.shape is :torch.Size([64])
2024-12-22 06:17:37,921 - [Process 3/5] - INFO - len(per_windows_prompt):2
2024-12-22 06:17:42,104 - [Process 3/5] - INFO - res.shape is :torch.Size([64])
2024-12-22 06:17:42,222 - [Process 3/5] - INFO - len(per_windows_prompt):2
2024-12-22 06:17:46,973 - [Process 3/5] - INFO - res.shape is :torch.Size([57])
2024-12-22 06:17:47,084 - [Process 3/5] - INFO - len(per_windows_prompt):2
2024-12-22 06:17:51,860 - [Process 3/5] - INFO - res.shape is :torch.Size([64])
2024-12-22 06:17:52,014 - [Process 3/5] - INFO - len(per_windows_prompt):2
2024-12-22 06:17:57,598 - [Process 3/5] - INFO - res.shape is :torch.Size([64])
2024-12-22 06:17:57,711 - [Process 3/5] - INFO - len(per_windows_prompt):2
2024-12-22 06:18:02,402 - [Process 3/5] - INFO - res.shape is :torch.Size([64])
2024-12-22 06:18:02,521 - [Process 3/5] - INFO - len(per_windows_prompt):2
2024-12-22 06:18:07,706 - [Process 3/5] - INFO - res.shape is :torch.Size([64])
2024-12-22 06:18:07,898 - [Process 3/5] - INFO - len(per_windows_prompt):2
2024-12-22 06:18:14,223 - [Process 3/5] - INFO - res.shape is :torch.Size([64])
2024-12-22 06:18:14,415 - [Process 3/5] - INFO - len(per_windows_prompt):2
2024-12-22 06:18:21,068 - [Process 3/5] - INFO - res.shape is :torch.Size([64])
2024-12-22 06:18:21,149 - [Process 3/5] - INFO - len(per_windows_prompt):2
2024-12-22 06:18:25,111 - [Process 3/5] - INFO - res.shape is :torch.Size([64])
2024-12-22 06:18:25,297 - [Process 3/5] - INFO - len(per_windows_prompt):2
2024-12-22 06:18:31,593 - [Process 3/5] - INFO - res.shape is :torch.Size([64])
2024-12-22 06:18:31,783 - [Process 3/5] - INFO - len(per_windows_prompt):2
2024-12-22 06:18:38,169 - [Process 3/5] - INFO - res.shape is :torch.Size([64])
2024-12-22 06:18:38,370 - [Process 3/5] - INFO - len(per_windows_prompt):2
2024-12-22 06:18:44,882 - [Process 3/5] - INFO - res.shape is :torch.Size([64])
2024-12-22 06:18:45,060 - [Process 3/5] - INFO - len(per_windows_prompt):2
2024-12-22 06:18:51,494 - [Process 3/5] - INFO - res.shape is :torch.Size([64])
2024-12-22 06:18:51,569 - [Process 3/5] - INFO - len(per_windows_prompt):2
2024-12-22 06:18:55,724 - [Process 3/5] - INFO - res.shape is :torch.Size([62])
2024-12-22 06:18:55,810 - [Process 3/5] - INFO - len(per_windows_prompt):2
2024-12-22 06:19:00,374 - [Process 3/5] - INFO - res.shape is :torch.Size([64])
2024-12-22 06:19:00,530 - [Process 3/5] - INFO - len(per_windows_prompt):2
2024-12-22 06:19:06,723 - [Process 3/5] - INFO - res.shape is :torch.Size([64])
2024-12-22 06:19:06,832 - [Process 3/5] - INFO - len(per_windows_prompt):2
2024-12-22 06:19:11,438 - [Process 3/5] - INFO - res.shape is :torch.Size([64])
2024-12-22 06:19:11,633 - [Process 3/5] - INFO - len(per_windows_prompt):2
2024-12-22 06:19:18,356 - [Process 3/5] - INFO - res.shape is :torch.Size([63])
2024-12-22 06:19:18,483 - [Process 3/5] - INFO - len(per_windows_prompt):2
2024-12-22 06:19:23,716 - [Process 3/5] - INFO - res.shape is :torch.Size([64])
2024-12-22 06:19:23,867 - [Process 3/5] - INFO - len(per_windows_prompt):2
2024-12-22 06:19:29,594 - [Process 3/5] - INFO - res.shape is :torch.Size([64])
2024-12-22 06:19:29,787 - [Process 3/5] - INFO - len(per_windows_prompt):2
2024-12-22 06:19:36,204 - [Process 3/5] - INFO - res.shape is :torch.Size([64])
2024-12-22 06:19:36,394 - [Process 3/5] - INFO - len(per_windows_prompt):2
2024-12-22 06:19:42,739 - [Process 3/5] - INFO - res.shape is :torch.Size([64])
2024-12-22 06:19:42,906 - [Process 3/5] - INFO - len(per_windows_prompt):2
2024-12-22 06:19:48,782 - [Process 3/5] - INFO - res.shape is :torch.Size([64])
2024-12-22 06:19:48,884 - [Process 3/5] - INFO - len(per_windows_prompt):2
2024-12-22 06:19:51,910 - [Process 3/5] - INFO - res.shape is :torch.Size([28])
2024-12-22 06:19:52,012 - [Process 3/5] - INFO - len(per_windows_prompt):2
2024-12-22 06:19:57,058 - [Process 3/5] - INFO - res.shape is :torch.Size([64])
2024-12-22 06:19:57,238 - [Process 3/5] - INFO - len(per_windows_prompt):2
2024-12-22 06:20:03,422 - [Process 3/5] - INFO - res.shape is :torch.Size([64])
2024-12-22 06:20:03,619 - [Process 3/5] - INFO - len(per_windows_prompt):2
2024-12-22 06:20:10,131 - [Process 3/5] - INFO - res.shape is :torch.Size([64])
2024-12-22 06:20:10,313 - [Process 3/5] - INFO - len(per_windows_prompt):2
2024-12-22 06:20:16,758 - [Process 3/5] - INFO - res.shape is :torch.Size([64])
2024-12-22 06:20:16,949 - [Process 3/5] - INFO - len(per_windows_prompt):2
2024-12-22 06:20:23,389 - [Process 3/5] - INFO - res.shape is :torch.Size([64])
2024-12-22 06:20:23,584 - [Process 3/5] - INFO - len(per_windows_prompt):2
2024-12-22 06:20:30,029 - [Process 3/5] - INFO - res.shape is :torch.Size([64])
2024-12-22 06:20:30,138 - [Process 3/5] - INFO - len(per_windows_prompt):2
2024-12-22 06:20:35,068 - [Process 3/5] - INFO - res.shape is :torch.Size([64])
2024-12-22 06:20:35,264 - [Process 3/5] - INFO - len(per_windows_prompt):2
2024-12-22 06:20:41,850 - [Process 3/5] - INFO - res.shape is :torch.Size([64])
2024-12-22 06:20:41,956 - [Process 3/5] - INFO - len(per_windows_prompt):2
2024-12-22 06:20:46,827 - [Process 3/5] - INFO - res.shape is :torch.Size([64])
2024-12-22 06:20:47,006 - [Process 3/5] - INFO - len(per_windows_prompt):2
2024-12-22 06:20:53,454 - [Process 3/5] - INFO - res.shape is :torch.Size([64])
2024-12-22 06:20:53,550 - [Process 3/5] - INFO - len(per_windows_prompt):2
2024-12-22 06:20:58,466 - [Process 3/5] - INFO - res.shape is :torch.Size([64])
2024-12-22 06:20:58,639 - [Process 3/5] - INFO - len(per_windows_prompt):2
2024-12-22 06:21:04,828 - [Process 3/5] - INFO - res.shape is :torch.Size([64])
2024-12-22 06:21:04,932 - [Process 3/5] - INFO - len(per_windows_prompt):2
2024-12-22 06:21:09,008 - [Process 3/5] - INFO - res.shape is :torch.Size([48])
2024-12-22 06:21:09,204 - [Process 3/5] - INFO - len(per_windows_prompt):2
2024-12-22 06:21:15,633 - [Process 3/5] - INFO - res.shape is :torch.Size([64])
2024-12-22 06:21:15,755 - [Process 3/5] - INFO - len(per_windows_prompt):2
2024-12-22 06:21:20,717 - [Process 3/5] - INFO - res.shape is :torch.Size([64])
2024-12-22 06:21:20,837 - [Process 3/5] - INFO - len(per_windows_prompt):2
2024-12-22 06:21:25,893 - [Process 3/5] - INFO - res.shape is :torch.Size([64])
2024-12-22 06:21:26,002 - [Process 3/5] - INFO - len(per_windows_prompt):2
2024-12-22 06:21:30,020 - [Process 3/5] - INFO - res.shape is :torch.Size([46])
2024-12-22 06:21:30,198 - [Process 3/5] - INFO - len(per_windows_prompt):2
2024-12-22 06:21:36,545 - [Process 3/5] - INFO - res.shape is :torch.Size([64])
2024-12-22 06:21:36,752 - [Process 3/5] - INFO - len(per_windows_prompt):2
2024-12-22 06:21:41,732 - [Process 3/5] - INFO - res.shape is :torch.Size([33])
2024-12-22 06:21:41,848 - [Process 3/5] - INFO - len(per_windows_prompt):2
2024-12-22 06:21:46,500 - [Process 3/5] - INFO - res.shape is :torch.Size([64])
2024-12-22 06:21:46,699 - [Process 3/5] - INFO - len(per_windows_prompt):2
2024-12-22 06:21:53,072 - [Process 3/5] - INFO - res.shape is :torch.Size([64])
2024-12-22 06:21:53,206 - [Process 3/5] - INFO - len(per_windows_prompt):2
2024-12-22 06:21:58,606 - [Process 3/5] - INFO - res.shape is :torch.Size([64])
2024-12-22 06:21:58,734 - [Process 3/5] - INFO - len(per_windows_prompt):2
2024-12-22 06:22:04,160 - [Process 3/5] - INFO - res.shape is :torch.Size([64])
2024-12-22 06:22:04,330 - [Process 3/5] - INFO - len(per_windows_prompt):2
2024-12-22 06:22:10,842 - [Process 3/5] - INFO - res.shape is :torch.Size([64])
2024-12-22 06:22:10,991 - [Process 3/5] - INFO - len(per_windows_prompt):2
2024-12-22 06:22:16,574 - [Process 3/5] - INFO - res.shape is :torch.Size([64])
2024-12-22 06:22:16,704 - [Process 3/5] - INFO - len(per_windows_prompt):2
2024-12-22 06:22:21,803 - [Process 3/5] - INFO - res.shape is :torch.Size([64])
2024-12-22 06:22:22,006 - [Process 3/5] - INFO - len(per_windows_prompt):2
2024-12-22 06:22:28,386 - [Process 3/5] - INFO - res.shape is :torch.Size([64])
2024-12-22 06:22:28,510 - [Process 3/5] - INFO - len(per_windows_prompt):2
2024-12-22 06:22:33,908 - [Process 3/5] - INFO - res.shape is :torch.Size([64])
2024-12-22 06:22:33,999 - [Process 3/5] - INFO - len(per_windows_prompt):2
2024-12-22 06:22:38,366 - [Process 3/5] - INFO - res.shape is :torch.Size([64])
2024-12-22 06:22:38,568 - [Process 3/5] - INFO - len(per_windows_prompt):2
2024-12-22 06:22:45,170 - [Process 3/5] - INFO - res.shape is :torch.Size([64])
2024-12-22 06:22:45,256 - [Process 3/5] - INFO - len(per_windows_prompt):2
2024-12-22 06:22:49,318 - [Process 3/5] - INFO - res.shape is :torch.Size([64])
2024-12-22 06:22:49,508 - [Process 3/5] - INFO - len(per_windows_prompt):2
2024-12-22 06:22:55,941 - [Process 3/5] - INFO - res.shape is :torch.Size([64])
2024-12-22 06:22:56,117 - [Process 3/5] - INFO - len(per_windows_prompt):2
2024-12-22 06:23:02,318 - [Process 3/5] - INFO - res.shape is :torch.Size([64])
2024-12-22 06:23:02,480 - [Process 3/5] - INFO - len(per_windows_prompt):2
2024-12-22 06:23:08,194 - [Process 3/5] - INFO - res.shape is :torch.Size([64])
2024-12-22 06:23:08,356 - [Process 3/5] - INFO - len(per_windows_prompt):2
2024-12-22 06:23:14,318 - [Process 3/5] - INFO - res.shape is :torch.Size([64])
2024-12-22 06:23:14,523 - [Process 3/5] - INFO - len(per_windows_prompt):2
2024-12-22 06:23:20,938 - [Process 3/5] - INFO - res.shape is :torch.Size([64])
2024-12-22 06:23:21,119 - [Process 3/5] - INFO - len(per_windows_prompt):2
2024-12-22 06:23:27,585 - [Process 3/5] - INFO - res.shape is :torch.Size([64])
2024-12-22 06:23:27,710 - [Process 3/5] - INFO - len(per_windows_prompt):2
2024-12-22 06:23:32,758 - [Process 3/5] - INFO - res.shape is :torch.Size([64])
2024-12-22 06:23:32,860 - [Process 3/5] - INFO - len(per_windows_prompt):2
2024-12-22 06:23:37,188 - [Process 3/5] - INFO - res.shape is :torch.Size([64])
