2024-12-22 02:49:41,720 - [Process 4/5] - INFO - loading datasets finished
2024-12-22 02:49:41,721 - [Process 4/5] - INFO - model_max_len: 3950
2024-12-22 02:49:41,721 - [Process 4/5] - INFO - output_max_len: 512
2024-12-22 02:49:41,792 - [Process 4/5] - INFO - Max Length is 40508
2024-12-22 02:49:41,792 - [Process 4/5] - INFO - Finish loading dataset
2024-12-22 02:49:41,792 - [Process 4/5] - INFO - get_predicted begin
2024-12-22 02:49:46,593 - [Process 4/5] - INFO - len(per_windows_prompt):2
2024-12-22 02:50:02,451 - [Process 4/5] - INFO - res.shape is :torch.Size([249])
2024-12-22 02:50:02,661 - [Process 4/5] - INFO - len(per_windows_prompt):2
2024-12-22 02:50:18,315 - [Process 4/5] - INFO - res.shape is :torch.Size([269])
2024-12-22 02:50:18,524 - [Process 4/5] - INFO - len(per_windows_prompt):2
2024-12-22 02:50:32,078 - [Process 4/5] - INFO - res.shape is :torch.Size([224])
2024-12-22 02:50:32,288 - [Process 4/5] - INFO - len(per_windows_prompt):2
2024-12-22 02:50:46,301 - [Process 4/5] - INFO - res.shape is :torch.Size([233])
2024-12-22 02:50:46,531 - [Process 4/5] - INFO - len(per_windows_prompt):2
2024-12-22 02:51:01,518 - [Process 4/5] - INFO - res.shape is :torch.Size([254])
2024-12-22 02:51:01,737 - [Process 4/5] - INFO - len(per_windows_prompt):2
2024-12-22 02:51:14,499 - [Process 4/5] - INFO - res.shape is :torch.Size([201])
2024-12-22 02:51:14,744 - [Process 4/5] - INFO - len(per_windows_prompt):2
2024-12-22 02:51:28,686 - [Process 4/5] - INFO - res.shape is :torch.Size([224])
2024-12-22 02:51:28,915 - [Process 4/5] - INFO - len(per_windows_prompt):2
2024-12-22 02:51:40,522 - [Process 4/5] - INFO - res.shape is :torch.Size([179])
2024-12-22 02:51:40,761 - [Process 4/5] - INFO - len(per_windows_prompt):2
2024-12-22 02:51:54,683 - [Process 4/5] - INFO - res.shape is :torch.Size([225])
2024-12-22 02:51:54,932 - [Process 4/5] - INFO - len(per_windows_prompt):2
2024-12-22 02:52:07,500 - [Process 4/5] - INFO - res.shape is :torch.Size([194])
2024-12-22 02:52:07,821 - [Process 4/5] - INFO - len(per_windows_prompt):2
2024-12-22 02:52:23,458 - [Process 4/5] - INFO - res.shape is :torch.Size([261])
2024-12-22 02:52:23,811 - [Process 4/5] - INFO - len(per_windows_prompt):2
2024-12-22 02:52:35,024 - [Process 4/5] - INFO - res.shape is :torch.Size([168])
2024-12-22 02:52:35,425 - [Process 4/5] - INFO - len(per_windows_prompt):2
2024-12-22 02:52:49,422 - [Process 4/5] - INFO - res.shape is :torch.Size([229])
2024-12-22 02:52:49,672 - [Process 4/5] - INFO - len(per_windows_prompt):2
2024-12-22 02:53:03,941 - [Process 4/5] - INFO - res.shape is :torch.Size([238])
2024-12-22 02:53:04,169 - [Process 4/5] - INFO - len(per_windows_prompt):2
2024-12-22 02:53:15,356 - [Process 4/5] - INFO - res.shape is :torch.Size([168])
2024-12-22 02:53:15,626 - [Process 4/5] - INFO - len(per_windows_prompt):2
2024-12-22 02:53:30,345 - [Process 4/5] - INFO - res.shape is :torch.Size([238])
2024-12-22 02:53:30,703 - [Process 4/5] - INFO - len(per_windows_prompt):2
2024-12-22 02:53:50,538 - [Process 4/5] - INFO - res.shape is :torch.Size([360])
2024-12-22 02:53:50,865 - [Process 4/5] - INFO - len(per_windows_prompt):2
2024-12-22 02:54:06,765 - [Process 4/5] - INFO - res.shape is :torch.Size([274])
2024-12-22 02:54:06,994 - [Process 4/5] - INFO - len(per_windows_prompt):2
2024-12-22 02:54:21,767 - [Process 4/5] - INFO - res.shape is :torch.Size([249])
2024-12-22 02:54:22,011 - [Process 4/5] - INFO - len(per_windows_prompt):2
2024-12-22 02:54:35,649 - [Process 4/5] - INFO - res.shape is :torch.Size([225])
2024-12-22 02:54:35,864 - [Process 4/5] - INFO - len(per_windows_prompt):2
2024-12-22 02:54:50,094 - [Process 4/5] - INFO - res.shape is :torch.Size([238])
2024-12-22 02:54:50,363 - [Process 4/5] - INFO - len(per_windows_prompt):2
2024-12-22 02:55:08,145 - [Process 4/5] - INFO - res.shape is :torch.Size([314])
2024-12-22 02:55:08,380 - [Process 4/5] - INFO - len(per_windows_prompt):2
2024-12-22 02:55:21,860 - [Process 4/5] - INFO - res.shape is :torch.Size([217])
2024-12-22 02:55:22,124 - [Process 4/5] - INFO - len(per_windows_prompt):2
2024-12-22 02:55:35,231 - [Process 4/5] - INFO - res.shape is :torch.Size([207])
2024-12-22 02:55:35,437 - [Process 4/5] - INFO - len(per_windows_prompt):2
2024-12-22 02:55:59,921 - [Process 4/5] - INFO - res.shape is :torch.Size([458])
2024-12-22 02:56:00,210 - [Process 4/5] - INFO - len(per_windows_prompt):2
2024-12-22 02:56:13,797 - [Process 4/5] - INFO - res.shape is :torch.Size([217])
2024-12-22 02:56:14,072 - [Process 4/5] - INFO - len(per_windows_prompt):2
2024-12-22 02:56:26,803 - [Process 4/5] - INFO - res.shape is :torch.Size([205])
2024-12-22 02:56:27,036 - [Process 4/5] - INFO - len(per_windows_prompt):2
2024-12-22 02:56:46,652 - [Process 4/5] - INFO - res.shape is :torch.Size([353])
2024-12-22 02:56:46,951 - [Process 4/5] - INFO - len(per_windows_prompt):2
2024-12-22 02:56:59,296 - [Process 4/5] - INFO - res.shape is :torch.Size([198])
2024-12-22 02:56:59,594 - [Process 4/5] - INFO - len(per_windows_prompt):2
2024-12-22 02:57:12,984 - [Process 4/5] - INFO - res.shape is :torch.Size([219])
2024-12-22 02:57:13,155 - [Process 4/5] - INFO - len(per_windows_prompt):2
2024-12-22 02:57:28,217 - [Process 4/5] - INFO - res.shape is :torch.Size([278])
2024-12-22 02:57:28,432 - [Process 4/5] - INFO - len(per_windows_prompt):2
2024-12-22 02:57:41,330 - [Process 4/5] - INFO - res.shape is :torch.Size([206])
2024-12-22 02:57:41,579 - [Process 4/5] - INFO - len(per_windows_prompt):2
2024-12-22 02:57:57,170 - [Process 4/5] - INFO - res.shape is :torch.Size([265])
2024-12-22 02:57:57,438 - [Process 4/5] - INFO - len(per_windows_prompt):2
2024-12-22 02:58:11,981 - [Process 4/5] - INFO - res.shape is :torch.Size([243])
2024-12-22 02:58:12,196 - [Process 4/5] - INFO - len(per_windows_prompt):2
2024-12-22 02:58:25,781 - [Process 4/5] - INFO - res.shape is :torch.Size([219])
2024-12-22 02:58:26,103 - [Process 4/5] - INFO - len(per_windows_prompt):2
2024-12-22 02:58:44,831 - [Process 4/5] - INFO - res.shape is :torch.Size([334])
2024-12-22 02:58:45,116 - [Process 4/5] - INFO - len(per_windows_prompt):2
2024-12-22 02:58:59,503 - [Process 4/5] - INFO - res.shape is :torch.Size([240])
2024-12-22 02:58:59,711 - [Process 4/5] - INFO - len(per_windows_prompt):2
2024-12-22 02:59:13,353 - [Process 4/5] - INFO - res.shape is :torch.Size([220])
2024-12-22 02:59:13,654 - [Process 4/5] - INFO - len(per_windows_prompt):2
2024-12-22 02:59:29,056 - [Process 4/5] - INFO - res.shape is :torch.Size([262])
2024-12-22 02:59:29,271 - [Process 4/5] - INFO - len(per_windows_prompt):2
2024-12-22 02:59:42,519 - [Process 4/5] - INFO - res.shape is :torch.Size([208])
