2024-12-22 01:59:08,265 - [Process 0/5] - INFO - loading datasets finished
2024-12-22 01:59:08,265 - [Process 0/5] - INFO - model_max_len: 3950
2024-12-22 01:59:08,265 - [Process 0/5] - INFO - output_max_len: 32
2024-12-22 01:59:08,340 - [Process 0/5] - INFO - Max Length is 11516
2024-12-22 01:59:08,340 - [Process 0/5] - INFO - Finish loading dataset
2024-12-22 01:59:08,341 - [Process 0/5] - INFO - get_predicted begin
2024-12-22 01:59:13,112 - [Process 0/5] - INFO - len(per_windows_prompt):2
2024-12-22 01:59:17,848 - [Process 0/5] - INFO - res.shape is :torch.Size([6])
2024-12-22 01:59:18,001 - [Process 0/5] - INFO - len(per_windows_prompt):2
2024-12-22 01:59:22,086 - [Process 0/5] - INFO - res.shape is :torch.Size([6])
2024-12-22 01:59:22,242 - [Process 0/5] - INFO - len(per_windows_prompt):2
2024-12-22 01:59:26,527 - [Process 0/5] - INFO - res.shape is :torch.Size([6])
2024-12-22 01:59:26,679 - [Process 0/5] - INFO - len(per_windows_prompt):2
2024-12-22 01:59:31,044 - [Process 0/5] - INFO - res.shape is :torch.Size([7])
2024-12-22 01:59:31,193 - [Process 0/5] - INFO - len(per_windows_prompt):2
2024-12-22 01:59:35,550 - [Process 0/5] - INFO - res.shape is :torch.Size([6])
2024-12-22 01:59:35,699 - [Process 0/5] - INFO - len(per_windows_prompt):2
2024-12-22 01:59:40,009 - [Process 0/5] - INFO - res.shape is :torch.Size([6])
2024-12-22 01:59:40,158 - [Process 0/5] - INFO - len(per_windows_prompt):2
2024-12-22 01:59:44,451 - [Process 0/5] - INFO - res.shape is :torch.Size([6])
2024-12-22 01:59:44,603 - [Process 0/5] - INFO - len(per_windows_prompt):2
2024-12-22 01:59:48,916 - [Process 0/5] - INFO - res.shape is :torch.Size([6])
2024-12-22 01:59:49,058 - [Process 0/5] - INFO - len(per_windows_prompt):2
2024-12-22 01:59:53,375 - [Process 0/5] - INFO - res.shape is :torch.Size([6])
2024-12-22 01:59:53,533 - [Process 0/5] - INFO - len(per_windows_prompt):2
2024-12-22 01:59:57,667 - [Process 0/5] - INFO - res.shape is :torch.Size([6])
2024-12-22 01:59:57,819 - [Process 0/5] - INFO - len(per_windows_prompt):2
2024-12-22 02:00:02,093 - [Process 0/5] - INFO - res.shape is :torch.Size([6])
2024-12-22 02:00:02,249 - [Process 0/5] - INFO - len(per_windows_prompt):2
2024-12-22 02:00:06,859 - [Process 0/5] - INFO - res.shape is :torch.Size([6])
2024-12-22 02:00:07,011 - [Process 0/5] - INFO - len(per_windows_prompt):2
2024-12-22 02:00:11,393 - [Process 0/5] - INFO - res.shape is :torch.Size([6])
2024-12-22 02:00:11,550 - [Process 0/5] - INFO - len(per_windows_prompt):2
2024-12-22 02:00:16,086 - [Process 0/5] - INFO - res.shape is :torch.Size([5])
2024-12-22 02:00:16,253 - [Process 0/5] - INFO - len(per_windows_prompt):2
2024-12-22 02:00:20,635 - [Process 0/5] - INFO - res.shape is :torch.Size([6])
2024-12-22 02:00:20,788 - [Process 0/5] - INFO - len(per_windows_prompt):2
2024-12-22 02:00:25,136 - [Process 0/5] - INFO - res.shape is :torch.Size([6])
2024-12-22 02:00:25,285 - [Process 0/5] - INFO - len(per_windows_prompt):2
2024-12-22 02:00:29,688 - [Process 0/5] - INFO - res.shape is :torch.Size([6])
2024-12-22 02:00:29,835 - [Process 0/5] - INFO - len(per_windows_prompt):2
2024-12-22 02:00:34,149 - [Process 0/5] - INFO - res.shape is :torch.Size([6])
2024-12-22 02:00:34,299 - [Process 0/5] - INFO - len(per_windows_prompt):2
2024-12-22 02:00:38,615 - [Process 0/5] - INFO - res.shape is :torch.Size([6])
2024-12-22 02:00:38,780 - [Process 0/5] - INFO - len(per_windows_prompt):2
2024-12-22 02:00:43,143 - [Process 0/5] - INFO - res.shape is :torch.Size([6])
2024-12-22 02:00:43,299 - [Process 0/5] - INFO - len(per_windows_prompt):2
2024-12-22 02:00:47,653 - [Process 0/5] - INFO - res.shape is :torch.Size([6])
2024-12-22 02:00:47,809 - [Process 0/5] - INFO - len(per_windows_prompt):2
2024-12-22 02:00:52,190 - [Process 0/5] - INFO - res.shape is :torch.Size([6])
2024-12-22 02:00:52,338 - [Process 0/5] - INFO - len(per_windows_prompt):2
2024-12-22 02:00:56,935 - [Process 0/5] - INFO - res.shape is :torch.Size([6])
2024-12-22 02:00:57,086 - [Process 0/5] - INFO - len(per_windows_prompt):2
2024-12-22 02:01:01,398 - [Process 0/5] - INFO - res.shape is :torch.Size([6])
2024-12-22 02:01:01,545 - [Process 0/5] - INFO - len(per_windows_prompt):2
2024-12-22 02:01:05,861 - [Process 0/5] - INFO - res.shape is :torch.Size([5])
2024-12-22 02:01:06,004 - [Process 0/5] - INFO - len(per_windows_prompt):2
2024-12-22 02:01:10,394 - [Process 0/5] - INFO - res.shape is :torch.Size([6])
2024-12-22 02:01:10,552 - [Process 0/5] - INFO - len(per_windows_prompt):2
2024-12-22 02:01:15,213 - [Process 0/5] - INFO - res.shape is :torch.Size([6])
2024-12-22 02:01:15,364 - [Process 0/5] - INFO - len(per_windows_prompt):2
2024-12-22 02:01:19,713 - [Process 0/5] - INFO - res.shape is :torch.Size([6])
2024-12-22 02:01:19,869 - [Process 0/5] - INFO - len(per_windows_prompt):2
2024-12-22 02:01:24,259 - [Process 0/5] - INFO - res.shape is :torch.Size([6])
2024-12-22 02:01:24,397 - [Process 0/5] - INFO - len(per_windows_prompt):2
2024-12-22 02:01:28,741 - [Process 0/5] - INFO - res.shape is :torch.Size([6])
2024-12-22 02:01:28,899 - [Process 0/5] - INFO - len(per_windows_prompt):2
2024-12-22 02:01:33,270 - [Process 0/5] - INFO - res.shape is :torch.Size([6])
2024-12-22 02:01:33,417 - [Process 0/5] - INFO - len(per_windows_prompt):2
2024-12-22 02:01:37,797 - [Process 0/5] - INFO - res.shape is :torch.Size([6])
2024-12-22 02:01:37,955 - [Process 0/5] - INFO - len(per_windows_prompt):2
2024-12-22 02:01:42,339 - [Process 0/5] - INFO - res.shape is :torch.Size([6])
2024-12-22 02:01:42,483 - [Process 0/5] - INFO - len(per_windows_prompt):2
2024-12-22 02:01:46,792 - [Process 0/5] - INFO - res.shape is :torch.Size([6])
2024-12-22 02:01:46,947 - [Process 0/5] - INFO - len(per_windows_prompt):2
2024-12-22 02:01:51,259 - [Process 0/5] - INFO - res.shape is :torch.Size([6])
2024-12-22 02:01:51,413 - [Process 0/5] - INFO - len(per_windows_prompt):2
2024-12-22 02:01:56,060 - [Process 0/5] - INFO - res.shape is :torch.Size([6])
2024-12-22 02:01:56,218 - [Process 0/5] - INFO - len(per_windows_prompt):2
2024-12-22 02:02:00,586 - [Process 0/5] - INFO - res.shape is :torch.Size([6])
2024-12-22 02:02:00,738 - [Process 0/5] - INFO - len(per_windows_prompt):2
2024-12-22 02:02:04,978 - [Process 0/5] - INFO - res.shape is :torch.Size([6])
2024-12-22 02:02:05,134 - [Process 0/5] - INFO - len(per_windows_prompt):2
2024-12-22 02:02:09,500 - [Process 0/5] - INFO - res.shape is :torch.Size([6])
2024-12-22 02:02:09,642 - [Process 0/5] - INFO - len(per_windows_prompt):2
2024-12-22 02:02:14,006 - [Process 0/5] - INFO - res.shape is :torch.Size([6])
