2024-12-22 05:08:55,638 - [Process 2/5] - INFO - loading datasets finished
2024-12-22 05:08:55,638 - [Process 2/5] - INFO - model_max_len: 3950
2024-12-22 05:08:55,639 - [Process 2/5] - INFO - output_max_len: 128
2024-12-22 05:08:55,734 - [Process 2/5] - INFO - Max Length is 36418
2024-12-22 05:08:55,735 - [Process 2/5] - INFO - Finish loading dataset
2024-12-22 05:08:55,735 - [Process 2/5] - INFO - get_predicted begin
2024-12-22 05:09:00,496 - [Process 2/5] - INFO - len(per_windows_prompt):2
2024-12-22 05:09:05,227 - [Process 2/5] - INFO - res.shape is :torch.Size([5])
2024-12-22 05:09:05,632 - [Process 2/5] - INFO - len(per_windows_prompt):2
2024-12-22 05:09:09,494 - [Process 2/5] - INFO - res.shape is :torch.Size([4])
2024-12-22 05:09:10,079 - [Process 2/5] - INFO - len(per_windows_prompt):2
2024-12-22 05:09:14,077 - [Process 2/5] - INFO - res.shape is :torch.Size([6])
2024-12-22 05:09:14,344 - [Process 2/5] - INFO - len(per_windows_prompt):2
2024-12-22 05:09:18,336 - [Process 2/5] - INFO - res.shape is :torch.Size([6])
2024-12-22 05:09:18,600 - [Process 2/5] - INFO - len(per_windows_prompt):2
2024-12-22 05:09:23,795 - [Process 2/5] - INFO - res.shape is :torch.Size([34])
2024-12-22 05:09:24,012 - [Process 2/5] - INFO - len(per_windows_prompt):2
2024-12-22 05:09:27,977 - [Process 2/5] - INFO - res.shape is :torch.Size([6])
2024-12-22 05:09:28,390 - [Process 2/5] - INFO - len(per_windows_prompt):2
2024-12-22 05:09:32,285 - [Process 2/5] - INFO - res.shape is :torch.Size([5])
2024-12-22 05:09:32,763 - [Process 2/5] - INFO - len(per_windows_prompt):2
2024-12-22 05:09:36,709 - [Process 2/5] - INFO - res.shape is :torch.Size([6])
2024-12-22 05:09:37,003 - [Process 2/5] - INFO - len(per_windows_prompt):2
2024-12-22 05:09:41,138 - [Process 2/5] - INFO - res.shape is :torch.Size([9])
2024-12-22 05:09:41,545 - [Process 2/5] - INFO - len(per_windows_prompt):2
2024-12-22 05:09:45,402 - [Process 2/5] - INFO - res.shape is :torch.Size([3])
2024-12-22 05:09:45,863 - [Process 2/5] - INFO - len(per_windows_prompt):2
2024-12-22 05:09:49,774 - [Process 2/5] - INFO - res.shape is :torch.Size([4])
2024-12-22 05:09:50,351 - [Process 2/5] - INFO - len(per_windows_prompt):2
2024-12-22 05:09:54,244 - [Process 2/5] - INFO - res.shape is :torch.Size([3])
2024-12-22 05:09:54,727 - [Process 2/5] - INFO - len(per_windows_prompt):2
2024-12-22 05:09:58,505 - [Process 2/5] - INFO - res.shape is :torch.Size([2])
2024-12-22 05:09:58,733 - [Process 2/5] - INFO - len(per_windows_prompt):2
2024-12-22 05:10:03,005 - [Process 2/5] - INFO - res.shape is :torch.Size([12])
2024-12-22 05:10:03,257 - [Process 2/5] - INFO - len(per_windows_prompt):2
2024-12-22 05:10:07,911 - [Process 2/5] - INFO - res.shape is :torch.Size([21])
2024-12-22 05:10:08,154 - [Process 2/5] - INFO - len(per_windows_prompt):2
2024-12-22 05:10:12,084 - [Process 2/5] - INFO - res.shape is :torch.Size([4])
2024-12-22 05:10:12,332 - [Process 2/5] - INFO - len(per_windows_prompt):2
2024-12-22 05:10:16,498 - [Process 2/5] - INFO - res.shape is :torch.Size([10])
2024-12-22 05:10:16,763 - [Process 2/5] - INFO - len(per_windows_prompt):2
2024-12-22 05:10:20,965 - [Process 2/5] - INFO - res.shape is :torch.Size([11])
2024-12-22 05:10:21,535 - [Process 2/5] - INFO - len(per_windows_prompt):2
2024-12-22 05:10:25,914 - [Process 2/5] - INFO - res.shape is :torch.Size([14])
2024-12-22 05:10:26,328 - [Process 2/5] - INFO - len(per_windows_prompt):2
2024-12-22 05:10:30,249 - [Process 2/5] - INFO - res.shape is :torch.Size([5])
2024-12-22 05:10:30,661 - [Process 2/5] - INFO - len(per_windows_prompt):2
2024-12-22 05:10:34,583 - [Process 2/5] - INFO - res.shape is :torch.Size([5])
2024-12-22 05:10:35,146 - [Process 2/5] - INFO - len(per_windows_prompt):2
2024-12-22 05:10:39,052 - [Process 2/5] - INFO - res.shape is :torch.Size([3])
2024-12-22 05:10:39,453 - [Process 2/5] - INFO - len(per_windows_prompt):2
2024-12-22 05:10:43,594 - [Process 2/5] - INFO - res.shape is :torch.Size([9])
2024-12-22 05:10:43,951 - [Process 2/5] - INFO - len(per_windows_prompt):2
2024-12-22 05:10:48,031 - [Process 2/5] - INFO - res.shape is :torch.Size([8])
2024-12-22 05:10:48,273 - [Process 2/5] - INFO - len(per_windows_prompt):2
2024-12-22 05:10:52,159 - [Process 2/5] - INFO - res.shape is :torch.Size([3])
2024-12-22 05:10:52,560 - [Process 2/5] - INFO - len(per_windows_prompt):2
2024-12-22 05:10:56,701 - [Process 2/5] - INFO - res.shape is :torch.Size([9])
2024-12-22 05:10:57,059 - [Process 2/5] - INFO - len(per_windows_prompt):2
2024-12-22 05:11:01,312 - [Process 2/5] - INFO - res.shape is :torch.Size([12])
2024-12-22 05:11:01,717 - [Process 2/5] - INFO - len(per_windows_prompt):2
2024-12-22 05:11:06,029 - [Process 2/5] - INFO - res.shape is :torch.Size([13])
2024-12-22 05:11:06,281 - [Process 2/5] - INFO - len(per_windows_prompt):2
2024-12-22 05:11:10,388 - [Process 2/5] - INFO - res.shape is :torch.Size([8])
2024-12-22 05:11:10,988 - [Process 2/5] - INFO - len(per_windows_prompt):2
2024-12-22 05:11:15,243 - [Process 2/5] - INFO - res.shape is :torch.Size([11])
2024-12-22 05:11:15,635 - [Process 2/5] - INFO - len(per_windows_prompt):2
2024-12-22 05:11:19,431 - [Process 2/5] - INFO - res.shape is :torch.Size([2])
2024-12-22 05:11:19,880 - [Process 2/5] - INFO - len(per_windows_prompt):2
2024-12-22 05:11:23,813 - [Process 2/5] - INFO - res.shape is :torch.Size([4])
2024-12-22 05:11:24,181 - [Process 2/5] - INFO - len(per_windows_prompt):2
2024-12-22 05:11:28,326 - [Process 2/5] - INFO - res.shape is :torch.Size([10])
2024-12-22 05:11:28,720 - [Process 2/5] - INFO - len(per_windows_prompt):2
2024-12-22 05:11:32,603 - [Process 2/5] - INFO - res.shape is :torch.Size([4])
2024-12-22 05:11:32,908 - [Process 2/5] - INFO - len(per_windows_prompt):2
2024-12-22 05:11:36,837 - [Process 2/5] - INFO - res.shape is :torch.Size([5])
2024-12-22 05:11:37,267 - [Process 2/5] - INFO - len(per_windows_prompt):2
2024-12-22 05:11:41,240 - [Process 2/5] - INFO - res.shape is :torch.Size([5])
2024-12-22 05:11:41,610 - [Process 2/5] - INFO - len(per_windows_prompt):2
2024-12-22 05:11:45,496 - [Process 2/5] - INFO - res.shape is :torch.Size([4])
2024-12-22 05:11:45,911 - [Process 2/5] - INFO - len(per_windows_prompt):2
2024-12-22 05:11:49,839 - [Process 2/5] - INFO - res.shape is :torch.Size([5])
2024-12-22 05:11:50,231 - [Process 2/5] - INFO - len(per_windows_prompt):2
2024-12-22 05:11:54,116 - [Process 2/5] - INFO - res.shape is :torch.Size([4])
2024-12-22 05:11:54,349 - [Process 2/5] - INFO - len(per_windows_prompt):2
2024-12-22 05:11:58,306 - [Process 2/5] - INFO - res.shape is :torch.Size([5])
