2024-12-22 11:57:13,397 - [Process 1/5] - INFO - loading datasets finished
2024-12-22 11:57:13,398 - [Process 1/5] - INFO - model_max_len: 3950
2024-12-22 11:57:13,398 - [Process 1/5] - INFO - output_max_len: 64
2024-12-22 11:57:13,398 - [Process 1/5] - INFO - parallel_pattern: every_window_no_query_input_query
2024-12-22 11:57:13,514 - [Process 1/5] - INFO - Max Length is 18754
2024-12-22 11:57:13,515 - [Process 1/5] - INFO - Finish loading dataset
2024-12-22 11:57:13,516 - [Process 1/5] - INFO - get_predicted begin
2024-12-22 11:57:18,241 - [Process 1/5] - INFO - len(per_windows_prompt):2
2024-12-22 11:57:26,013 - [Process 1/5] - INFO - res.shape is :torch.Size([64])
2024-12-22 11:57:26,229 - [Process 1/5] - INFO - len(per_windows_prompt):2
2024-12-22 11:57:32,867 - [Process 1/5] - INFO - res.shape is :torch.Size([64])
2024-12-22 11:57:33,091 - [Process 1/5] - INFO - len(per_windows_prompt):2
2024-12-22 11:57:41,187 - [Process 1/5] - INFO - res.shape is :torch.Size([64])
2024-12-22 11:57:41,482 - [Process 1/5] - INFO - len(per_windows_prompt):2
2024-12-22 11:57:49,943 - [Process 1/5] - INFO - res.shape is :torch.Size([64])
2024-12-22 11:57:50,076 - [Process 1/5] - INFO - len(per_windows_prompt):2
2024-12-22 11:57:57,281 - [Process 1/5] - INFO - res.shape is :torch.Size([64])
2024-12-22 11:57:57,523 - [Process 1/5] - INFO - len(per_windows_prompt):2
2024-12-22 11:58:04,624 - [Process 1/5] - INFO - res.shape is :torch.Size([64])
2024-12-22 11:58:04,849 - [Process 1/5] - INFO - len(per_windows_prompt):2
2024-12-22 11:58:12,653 - [Process 1/5] - INFO - res.shape is :torch.Size([64])
2024-12-22 11:58:12,860 - [Process 1/5] - INFO - len(per_windows_prompt):2
2024-12-22 11:58:21,947 - [Process 1/5] - INFO - res.shape is :torch.Size([64])
2024-12-22 11:58:22,153 - [Process 1/5] - INFO - len(per_windows_prompt):2
2024-12-22 11:58:30,045 - [Process 1/5] - INFO - res.shape is :torch.Size([64])
2024-12-22 11:58:30,281 - [Process 1/5] - INFO - len(per_windows_prompt):2
2024-12-22 11:58:38,078 - [Process 1/5] - INFO - res.shape is :torch.Size([64])
2024-12-22 11:58:38,298 - [Process 1/5] - INFO - len(per_windows_prompt):2
2024-12-22 11:58:45,742 - [Process 1/5] - INFO - res.shape is :torch.Size([64])
2024-12-22 11:58:45,932 - [Process 1/5] - INFO - len(per_windows_prompt):2
2024-12-22 11:58:52,659 - [Process 1/5] - INFO - res.shape is :torch.Size([64])
2024-12-22 11:58:52,941 - [Process 1/5] - INFO - len(per_windows_prompt):2
2024-12-22 11:59:01,847 - [Process 1/5] - INFO - res.shape is :torch.Size([64])
2024-12-22 11:59:02,066 - [Process 1/5] - INFO - len(per_windows_prompt):2
2024-12-22 11:59:10,317 - [Process 1/5] - INFO - res.shape is :torch.Size([64])
2024-12-22 11:59:10,608 - [Process 1/5] - INFO - len(per_windows_prompt):2
2024-12-22 11:59:18,446 - [Process 1/5] - INFO - res.shape is :torch.Size([64])
2024-12-22 11:59:18,721 - [Process 1/5] - INFO - len(per_windows_prompt):2
2024-12-22 11:59:27,758 - [Process 1/5] - INFO - res.shape is :torch.Size([64])
2024-12-22 11:59:27,959 - [Process 1/5] - INFO - len(per_windows_prompt):2
2024-12-22 11:59:35,447 - [Process 1/5] - INFO - res.shape is :torch.Size([64])
2024-12-22 11:59:35,623 - [Process 1/5] - INFO - len(per_windows_prompt):2
2024-12-22 11:59:42,980 - [Process 1/5] - INFO - res.shape is :torch.Size([64])
2024-12-22 11:59:43,181 - [Process 1/5] - INFO - len(per_windows_prompt):2
2024-12-22 11:59:50,758 - [Process 1/5] - INFO - res.shape is :torch.Size([64])
2024-12-22 11:59:50,904 - [Process 1/5] - INFO - len(per_windows_prompt):2
2024-12-22 11:59:57,452 - [Process 1/5] - INFO - res.shape is :torch.Size([64])
2024-12-22 11:59:57,718 - [Process 1/5] - INFO - len(per_windows_prompt):2
2024-12-22 12:00:05,066 - [Process 1/5] - INFO - res.shape is :torch.Size([64])
2024-12-22 12:00:05,270 - [Process 1/5] - INFO - len(per_windows_prompt):2
2024-12-22 12:00:15,107 - [Process 1/5] - INFO - res.shape is :torch.Size([64])
2024-12-22 12:00:15,299 - [Process 1/5] - INFO - len(per_windows_prompt):2
2024-12-22 12:00:23,950 - [Process 1/5] - INFO - res.shape is :torch.Size([64])
2024-12-22 12:00:24,234 - [Process 1/5] - INFO - len(per_windows_prompt):2
2024-12-22 12:00:32,535 - [Process 1/5] - INFO - res.shape is :torch.Size([64])
2024-12-22 12:00:32,822 - [Process 1/5] - INFO - len(per_windows_prompt):2
2024-12-22 12:00:42,474 - [Process 1/5] - INFO - res.shape is :torch.Size([64])
2024-12-22 12:00:42,713 - [Process 1/5] - INFO - len(per_windows_prompt):2
2024-12-22 12:00:52,942 - [Process 1/5] - INFO - res.shape is :torch.Size([64])
2024-12-22 12:00:53,125 - [Process 1/5] - INFO - len(per_windows_prompt):2
2024-12-22 12:01:00,965 - [Process 1/5] - INFO - res.shape is :torch.Size([64])
2024-12-22 12:01:01,309 - [Process 1/5] - INFO - len(per_windows_prompt):2
2024-12-22 12:01:09,058 - [Process 1/5] - INFO - res.shape is :torch.Size([64])
2024-12-22 12:01:09,264 - [Process 1/5] - INFO - len(per_windows_prompt):2
2024-12-22 12:01:17,386 - [Process 1/5] - INFO - res.shape is :torch.Size([64])
2024-12-22 12:01:17,582 - [Process 1/5] - INFO - len(per_windows_prompt):2
2024-12-22 12:01:24,561 - [Process 1/5] - INFO - res.shape is :torch.Size([64])
2024-12-22 12:01:24,777 - [Process 1/5] - INFO - len(per_windows_prompt):2
2024-12-22 12:01:32,763 - [Process 1/5] - INFO - res.shape is :torch.Size([64])
2024-12-22 12:01:32,994 - [Process 1/5] - INFO - len(per_windows_prompt):2
2024-12-22 12:01:39,887 - [Process 1/5] - INFO - res.shape is :torch.Size([64])
2024-12-22 12:01:40,154 - [Process 1/5] - INFO - len(per_windows_prompt):2
2024-12-22 12:01:47,719 - [Process 1/5] - INFO - res.shape is :torch.Size([64])
2024-12-22 12:01:47,928 - [Process 1/5] - INFO - len(per_windows_prompt):2
2024-12-22 12:01:55,168 - [Process 1/5] - INFO - res.shape is :torch.Size([64])
2024-12-22 12:01:55,402 - [Process 1/5] - INFO - len(per_windows_prompt):2
2024-12-22 12:02:04,524 - [Process 1/5] - INFO - res.shape is :torch.Size([64])
2024-12-22 12:02:04,804 - [Process 1/5] - INFO - len(per_windows_prompt):2
2024-12-22 12:02:14,760 - [Process 1/5] - INFO - res.shape is :torch.Size([64])
2024-12-22 12:02:14,958 - [Process 1/5] - INFO - len(per_windows_prompt):2
2024-12-22 12:02:23,386 - [Process 1/5] - INFO - res.shape is :torch.Size([64])
2024-12-22 12:02:23,575 - [Process 1/5] - INFO - len(per_windows_prompt):2
2024-12-22 12:02:30,584 - [Process 1/5] - INFO - res.shape is :torch.Size([64])
2024-12-22 12:02:30,905 - [Process 1/5] - INFO - len(per_windows_prompt):2
2024-12-22 12:02:39,172 - [Process 1/5] - INFO - res.shape is :torch.Size([64])
2024-12-22 12:02:39,422 - [Process 1/5] - INFO - len(per_windows_prompt):2
2024-12-22 12:02:46,569 - [Process 1/5] - INFO - res.shape is :torch.Size([64])
2024-12-22 12:02:46,849 - [Process 1/5] - INFO - len(per_windows_prompt):2
2024-12-22 12:02:54,324 - [Process 1/5] - INFO - res.shape is :torch.Size([64])
2024-12-22 12:02:54,523 - [Process 1/5] - INFO - len(per_windows_prompt):2
2024-12-22 12:03:02,585 - [Process 1/5] - INFO - res.shape is :torch.Size([64])
2024-12-22 12:03:02,820 - [Process 1/5] - INFO - len(per_windows_prompt):2
2024-12-22 12:03:12,309 - [Process 1/5] - INFO - res.shape is :torch.Size([64])
2024-12-22 12:03:12,561 - [Process 1/5] - INFO - len(per_windows_prompt):2
2024-12-22 12:03:19,617 - [Process 1/5] - INFO - res.shape is :torch.Size([64])
2024-12-22 12:03:19,704 - [Process 1/5] - INFO - len(per_windows_prompt):2
2024-12-22 12:03:27,281 - [Process 1/5] - INFO - res.shape is :torch.Size([64])
2024-12-22 12:03:27,512 - [Process 1/5] - INFO - len(per_windows_prompt):2
2024-12-22 12:03:35,448 - [Process 1/5] - INFO - res.shape is :torch.Size([64])
2024-12-22 12:03:35,662 - [Process 1/5] - INFO - len(per_windows_prompt):2
2024-12-22 12:03:44,155 - [Process 1/5] - INFO - res.shape is :torch.Size([64])
2024-12-22 12:03:44,379 - [Process 1/5] - INFO - len(per_windows_prompt):2
2024-12-22 12:03:52,273 - [Process 1/5] - INFO - res.shape is :torch.Size([64])
2024-12-22 12:03:52,449 - [Process 1/5] - INFO - len(per_windows_prompt):2
2024-12-22 12:03:59,371 - [Process 1/5] - INFO - res.shape is :torch.Size([64])
2024-12-22 12:03:59,594 - [Process 1/5] - INFO - len(per_windows_prompt):2
2024-12-22 12:04:09,307 - [Process 1/5] - INFO - res.shape is :torch.Size([64])
2024-12-22 12:04:09,507 - [Process 1/5] - INFO - len(per_windows_prompt):2
2024-12-22 12:04:18,844 - [Process 1/5] - INFO - res.shape is :torch.Size([64])
2024-12-22 12:04:19,069 - [Process 1/5] - INFO - len(per_windows_prompt):2
2024-12-22 12:04:26,280 - [Process 1/5] - INFO - res.shape is :torch.Size([64])
2024-12-22 12:04:26,473 - [Process 1/5] - INFO - len(per_windows_prompt):2
2024-12-22 12:04:33,470 - [Process 1/5] - INFO - res.shape is :torch.Size([64])
2024-12-22 12:04:33,654 - [Process 1/5] - INFO - len(per_windows_prompt):2
2024-12-22 12:04:41,994 - [Process 1/5] - INFO - res.shape is :torch.Size([64])
2024-12-22 12:04:42,426 - [Process 1/5] - INFO - len(per_windows_prompt):2
2024-12-22 12:04:49,489 - [Process 1/5] - INFO - res.shape is :torch.Size([64])
2024-12-22 12:04:49,680 - [Process 1/5] - INFO - len(per_windows_prompt):2
2024-12-22 12:04:57,151 - [Process 1/5] - INFO - res.shape is :torch.Size([58])
2024-12-22 12:04:57,381 - [Process 1/5] - INFO - len(per_windows_prompt):2
2024-12-22 12:05:04,229 - [Process 1/5] - INFO - res.shape is :torch.Size([64])
2024-12-22 12:05:04,478 - [Process 1/5] - INFO - len(per_windows_prompt):2
2024-12-22 12:05:13,782 - [Process 1/5] - INFO - res.shape is :torch.Size([64])
2024-12-22 12:05:14,030 - [Process 1/5] - INFO - len(per_windows_prompt):2
2024-12-22 12:05:21,445 - [Process 1/5] - INFO - res.shape is :torch.Size([64])
2024-12-22 12:05:21,632 - [Process 1/5] - INFO - len(per_windows_prompt):2
2024-12-22 12:05:29,274 - [Process 1/5] - INFO - res.shape is :torch.Size([64])
2024-12-22 12:05:29,454 - [Process 1/5] - INFO - len(per_windows_prompt):2
2024-12-22 12:05:37,743 - [Process 1/5] - INFO - res.shape is :torch.Size([64])
2024-12-22 12:05:38,155 - [Process 1/5] - INFO - len(per_windows_prompt):2
2024-12-22 12:05:45,767 - [Process 1/5] - INFO - res.shape is :torch.Size([64])
2024-12-22 12:05:45,955 - [Process 1/5] - INFO - len(per_windows_prompt):2
2024-12-22 12:05:54,322 - [Process 1/5] - INFO - res.shape is :torch.Size([64])
2024-12-22 12:05:54,557 - [Process 1/5] - INFO - len(per_windows_prompt):2
2024-12-22 12:06:03,028 - [Process 1/5] - INFO - res.shape is :torch.Size([64])
2024-12-22 12:06:03,330 - [Process 1/5] - INFO - len(per_windows_prompt):2
2024-12-22 12:06:11,274 - [Process 1/5] - INFO - res.shape is :torch.Size([64])
2024-12-22 12:06:11,507 - [Process 1/5] - INFO - len(per_windows_prompt):2
2024-12-22 12:06:20,175 - [Process 1/5] - INFO - res.shape is :torch.Size([64])
2024-12-22 12:06:20,356 - [Process 1/5] - INFO - len(per_windows_prompt):2
2024-12-22 12:06:28,430 - [Process 1/5] - INFO - res.shape is :torch.Size([64])
2024-12-22 12:06:28,639 - [Process 1/5] - INFO - len(per_windows_prompt):2
2024-12-22 12:06:37,303 - [Process 1/5] - INFO - res.shape is :torch.Size([64])
2024-12-22 12:06:37,560 - [Process 1/5] - INFO - len(per_windows_prompt):2
2024-12-22 12:06:44,663 - [Process 1/5] - INFO - res.shape is :torch.Size([64])
2024-12-22 12:06:44,883 - [Process 1/5] - INFO - len(per_windows_prompt):2
2024-12-22 12:06:52,852 - [Process 1/5] - INFO - res.shape is :torch.Size([64])
2024-12-22 12:06:53,195 - [Process 1/5] - INFO - len(per_windows_prompt):2
2024-12-22 12:07:01,992 - [Process 1/5] - INFO - res.shape is :torch.Size([64])
2024-12-22 12:07:02,166 - [Process 1/5] - INFO - len(per_windows_prompt):2
2024-12-22 12:07:10,040 - [Process 1/5] - INFO - res.shape is :torch.Size([64])
2024-12-22 12:07:10,373 - [Process 1/5] - INFO - len(per_windows_prompt):2
2024-12-22 12:07:17,515 - [Process 1/5] - INFO - res.shape is :torch.Size([64])
2024-12-22 12:07:17,764 - [Process 1/5] - INFO - len(per_windows_prompt):2
2024-12-22 12:07:25,020 - [Process 1/5] - INFO - res.shape is :torch.Size([64])
2024-12-22 12:07:25,203 - [Process 1/5] - INFO - len(per_windows_prompt):2
2024-12-22 12:07:32,908 - [Process 1/5] - INFO - res.shape is :torch.Size([64])
2024-12-22 12:07:33,156 - [Process 1/5] - INFO - len(per_windows_prompt):2
2024-12-22 12:07:40,545 - [Process 1/5] - INFO - res.shape is :torch.Size([64])
2024-12-22 12:07:40,783 - [Process 1/5] - INFO - len(per_windows_prompt):2
2024-12-22 12:07:48,488 - [Process 1/5] - INFO - res.shape is :torch.Size([64])
2024-12-22 12:07:48,714 - [Process 1/5] - INFO - len(per_windows_prompt):2
2024-12-22 12:07:56,921 - [Process 1/5] - INFO - res.shape is :torch.Size([64])
2024-12-22 12:07:57,113 - [Process 1/5] - INFO - len(per_windows_prompt):2
2024-12-22 12:08:03,384 - [Process 1/5] - INFO - res.shape is :torch.Size([51])
2024-12-22 12:08:03,586 - [Process 1/5] - INFO - len(per_windows_prompt):2
2024-12-22 12:08:13,091 - [Process 1/5] - INFO - res.shape is :torch.Size([64])
2024-12-22 12:08:13,402 - [Process 1/5] - INFO - len(per_windows_prompt):2
2024-12-22 12:08:21,403 - [Process 1/5] - INFO - res.shape is :torch.Size([64])
2024-12-22 12:08:21,535 - [Process 1/5] - INFO - len(per_windows_prompt):2
2024-12-22 12:08:28,705 - [Process 1/5] - INFO - res.shape is :torch.Size([64])
2024-12-22 12:08:28,934 - [Process 1/5] - INFO - len(per_windows_prompt):2
2024-12-22 12:08:36,005 - [Process 1/5] - INFO - res.shape is :torch.Size([64])
2024-12-22 12:08:36,237 - [Process 1/5] - INFO - len(per_windows_prompt):2
2024-12-22 12:08:44,104 - [Process 1/5] - INFO - res.shape is :torch.Size([64])
2024-12-22 12:08:44,291 - [Process 1/5] - INFO - len(per_windows_prompt):2
2024-12-22 12:08:51,875 - [Process 1/5] - INFO - res.shape is :torch.Size([64])
2024-12-22 12:08:52,170 - [Process 1/5] - INFO - len(per_windows_prompt):2
2024-12-22 12:09:01,067 - [Process 1/5] - INFO - res.shape is :torch.Size([64])
2024-12-22 12:09:01,296 - [Process 1/5] - INFO - len(per_windows_prompt):2
2024-12-22 12:09:10,638 - [Process 1/5] - INFO - res.shape is :torch.Size([64])
2024-12-22 12:09:10,834 - [Process 1/5] - INFO - len(per_windows_prompt):2
2024-12-22 12:09:19,305 - [Process 1/5] - INFO - res.shape is :torch.Size([64])
2024-12-22 12:09:19,447 - [Process 1/5] - INFO - len(per_windows_prompt):2
2024-12-22 12:09:28,410 - [Process 1/5] - INFO - res.shape is :torch.Size([64])
2024-12-22 12:09:28,702 - [Process 1/5] - INFO - len(per_windows_prompt):2
2024-12-22 12:09:36,837 - [Process 1/5] - INFO - res.shape is :torch.Size([64])
2024-12-22 12:09:37,036 - [Process 1/5] - INFO - len(per_windows_prompt):2
2024-12-22 12:09:44,855 - [Process 1/5] - INFO - res.shape is :torch.Size([64])
2024-12-22 12:09:45,097 - [Process 1/5] - INFO - len(per_windows_prompt):2
2024-12-22 12:09:53,246 - [Process 1/5] - INFO - res.shape is :torch.Size([64])
2024-12-22 12:09:53,497 - [Process 1/5] - INFO - len(per_windows_prompt):2
2024-12-22 12:10:01,340 - [Process 1/5] - INFO - res.shape is :torch.Size([64])
2024-12-22 12:10:01,518 - [Process 1/5] - INFO - len(per_windows_prompt):2
2024-12-22 12:10:09,598 - [Process 1/5] - INFO - res.shape is :torch.Size([64])
2024-12-22 12:10:09,785 - [Process 1/5] - INFO - len(per_windows_prompt):2
2024-12-22 12:10:16,730 - [Process 1/5] - INFO - res.shape is :torch.Size([64])
2024-12-22 12:10:16,960 - [Process 1/5] - INFO - len(per_windows_prompt):2
2024-12-22 12:10:25,525 - [Process 1/5] - INFO - res.shape is :torch.Size([64])
2024-12-22 12:10:25,714 - [Process 1/5] - INFO - len(per_windows_prompt):2
2024-12-22 12:10:33,623 - [Process 1/5] - INFO - res.shape is :torch.Size([64])
2024-12-22 12:10:33,870 - [Process 1/5] - INFO - len(per_windows_prompt):2
2024-12-22 12:10:41,868 - [Process 1/5] - INFO - res.shape is :torch.Size([64])
2024-12-22 12:10:42,119 - [Process 1/5] - INFO - len(per_windows_prompt):2
2024-12-22 12:10:50,906 - [Process 1/5] - INFO - res.shape is :torch.Size([64])
2024-12-22 12:10:51,120 - [Process 1/5] - INFO - len(per_windows_prompt):2
2024-12-22 12:10:59,614 - [Process 1/5] - INFO - res.shape is :torch.Size([64])
