2024-12-22 19:21:10,172 - [Process 3/5] - INFO - loading datasets finished
2024-12-22 19:21:10,172 - [Process 3/5] - INFO - model_max_len: 3950
2024-12-22 19:21:10,172 - [Process 3/5] - INFO - output_max_len: 64
2024-12-22 19:21:10,172 - [Process 3/5] - INFO - parallel_pattern: every_window_no_query_input_query
2024-12-22 19:21:10,240 - [Process 3/5] - INFO - Max Length is 18754
2024-12-22 19:21:10,241 - [Process 3/5] - INFO - Finish loading dataset
2024-12-22 19:21:10,241 - [Process 3/5] - INFO - get_predicted begin
2024-12-22 19:21:14,956 - [Process 3/5] - INFO - len(per_windows_prompt):3
2024-12-22 19:21:23,855 - [Process 3/5] - INFO - res.shape is :torch.Size([64])
2024-12-22 19:21:23,968 - [Process 3/5] - INFO - len(per_windows_prompt):3
2024-12-22 19:21:32,005 - [Process 3/5] - INFO - res.shape is :torch.Size([64])
2024-12-22 19:21:32,183 - [Process 3/5] - INFO - len(per_windows_prompt):3
2024-12-22 19:21:39,251 - [Process 3/5] - INFO - res.shape is :torch.Size([64])
2024-12-22 19:21:39,385 - [Process 3/5] - INFO - len(per_windows_prompt):3
2024-12-22 19:21:46,736 - [Process 3/5] - INFO - res.shape is :torch.Size([64])
2024-12-22 19:21:46,873 - [Process 3/5] - INFO - len(per_windows_prompt):3
2024-12-22 19:21:54,410 - [Process 3/5] - INFO - res.shape is :torch.Size([64])
2024-12-22 19:21:54,555 - [Process 3/5] - INFO - len(per_windows_prompt):3
2024-12-22 19:22:02,599 - [Process 3/5] - INFO - res.shape is :torch.Size([64])
2024-12-22 19:22:02,759 - [Process 3/5] - INFO - len(per_windows_prompt):3
2024-12-22 19:22:10,754 - [Process 3/5] - INFO - res.shape is :torch.Size([64])
2024-12-22 19:22:10,977 - [Process 3/5] - INFO - len(per_windows_prompt):3
2024-12-22 19:22:19,911 - [Process 3/5] - INFO - res.shape is :torch.Size([64])
2024-12-22 19:22:20,023 - [Process 3/5] - INFO - len(per_windows_prompt):3
2024-12-22 19:22:27,245 - [Process 3/5] - INFO - res.shape is :torch.Size([64])
2024-12-22 19:22:27,437 - [Process 3/5] - INFO - len(per_windows_prompt):3
2024-12-22 19:22:35,633 - [Process 3/5] - INFO - res.shape is :torch.Size([64])
2024-12-22 19:22:35,768 - [Process 3/5] - INFO - len(per_windows_prompt):3
