2024-12-22 02:11:58,143 - [Process 0/5] - INFO - loading datasets finished
2024-12-22 02:11:58,143 - [Process 0/5] - INFO - model_max_len: 3950
2024-12-22 02:11:58,143 - [Process 0/5] - INFO - output_max_len: 128
2024-12-22 02:11:58,220 - [Process 0/5] - INFO - Max Length is 12252
2024-12-22 02:11:58,221 - [Process 0/5] - INFO - Finish loading dataset
2024-12-22 02:11:58,221 - [Process 0/5] - INFO - get_predicted begin
2024-12-22 02:12:02,992 - [Process 0/5] - INFO - len(per_windows_prompt):2
2024-12-22 02:12:07,690 - [Process 0/5] - INFO - res.shape is :torch.Size([7])
2024-12-22 02:12:07,832 - [Process 0/5] - INFO - len(per_windows_prompt):2
2024-12-22 02:12:12,907 - [Process 0/5] - INFO - res.shape is :torch.Size([53])
2024-12-22 02:12:13,158 - [Process 0/5] - INFO - len(per_windows_prompt):2
2024-12-22 02:12:17,176 - [Process 0/5] - INFO - res.shape is :torch.Size([8])
2024-12-22 02:12:17,381 - [Process 0/5] - INFO - len(per_windows_prompt):2
2024-12-22 02:12:24,309 - [Process 0/5] - INFO - res.shape is :torch.Size([62])
2024-12-22 02:12:24,527 - [Process 0/5] - INFO - len(per_windows_prompt):2
2024-12-22 02:12:32,312 - [Process 0/5] - INFO - res.shape is :torch.Size([65])
2024-12-22 02:12:32,582 - [Process 0/5] - INFO - len(per_windows_prompt):2
2024-12-22 02:12:37,836 - [Process 0/5] - INFO - res.shape is :torch.Size([26])
2024-12-22 02:12:38,127 - [Process 0/5] - INFO - len(per_windows_prompt):2
2024-12-22 02:12:45,456 - [Process 0/5] - INFO - res.shape is :torch.Size([70])
2024-12-22 02:12:45,745 - [Process 0/5] - INFO - len(per_windows_prompt):2
2024-12-22 02:12:51,076 - [Process 0/5] - INFO - res.shape is :torch.Size([33])
2024-12-22 02:12:51,305 - [Process 0/5] - INFO - len(per_windows_prompt):2
2024-12-22 02:12:56,813 - [Process 0/5] - INFO - res.shape is :torch.Size([33])
2024-12-22 02:12:56,967 - [Process 0/5] - INFO - len(per_windows_prompt):2
2024-12-22 02:13:03,242 - [Process 0/5] - INFO - res.shape is :torch.Size([63])
2024-12-22 02:13:03,462 - [Process 0/5] - INFO - len(per_windows_prompt):2
2024-12-22 02:13:12,886 - [Process 0/5] - INFO - res.shape is :torch.Size([128])
2024-12-22 02:13:13,116 - [Process 0/5] - INFO - len(per_windows_prompt):2
2024-12-22 02:13:19,592 - [Process 0/5] - INFO - res.shape is :torch.Size([51])
2024-12-22 02:13:19,792 - [Process 0/5] - INFO - len(per_windows_prompt):2
2024-12-22 02:13:24,323 - [Process 0/5] - INFO - res.shape is :torch.Size([9])
2024-12-22 02:13:24,583 - [Process 0/5] - INFO - len(per_windows_prompt):2
2024-12-22 02:13:30,114 - [Process 0/5] - INFO - res.shape is :torch.Size([36])
2024-12-22 02:13:30,360 - [Process 0/5] - INFO - len(per_windows_prompt):2
2024-12-22 02:13:35,851 - [Process 0/5] - INFO - res.shape is :torch.Size([31])
2024-12-22 02:13:36,087 - [Process 0/5] - INFO - len(per_windows_prompt):2
2024-12-22 02:13:41,330 - [Process 0/5] - INFO - res.shape is :torch.Size([31])
2024-12-22 02:13:41,528 - [Process 0/5] - INFO - len(per_windows_prompt):2
2024-12-22 02:13:46,431 - [Process 0/5] - INFO - res.shape is :torch.Size([22])
2024-12-22 02:13:46,607 - [Process 0/5] - INFO - len(per_windows_prompt):2
2024-12-22 02:13:51,667 - [Process 0/5] - INFO - res.shape is :torch.Size([37])
2024-12-22 02:13:51,919 - [Process 0/5] - INFO - len(per_windows_prompt):2
2024-12-22 02:13:57,233 - [Process 0/5] - INFO - res.shape is :torch.Size([32])
2024-12-22 02:13:57,435 - [Process 0/5] - INFO - len(per_windows_prompt):2
2024-12-22 02:14:01,531 - [Process 0/5] - INFO - res.shape is :torch.Size([7])
2024-12-22 02:14:01,798 - [Process 0/5] - INFO - len(per_windows_prompt):2
2024-12-22 02:14:11,280 - [Process 0/5] - INFO - res.shape is :torch.Size([128])
2024-12-22 02:14:11,566 - [Process 0/5] - INFO - len(per_windows_prompt):2
2024-12-22 02:14:16,689 - [Process 0/5] - INFO - res.shape is :torch.Size([28])
2024-12-22 02:14:16,869 - [Process 0/5] - INFO - len(per_windows_prompt):2
2024-12-22 02:14:23,466 - [Process 0/5] - INFO - res.shape is :torch.Size([56])
2024-12-22 02:14:23,680 - [Process 0/5] - INFO - len(per_windows_prompt):2
2024-12-22 02:14:29,343 - [Process 0/5] - INFO - res.shape is :torch.Size([27])
2024-12-22 02:14:29,590 - [Process 0/5] - INFO - len(per_windows_prompt):2
2024-12-22 02:14:35,087 - [Process 0/5] - INFO - res.shape is :torch.Size([38])
2024-12-22 02:14:35,272 - [Process 0/5] - INFO - len(per_windows_prompt):2
2024-12-22 02:14:42,734 - [Process 0/5] - INFO - res.shape is :torch.Size([73])
2024-12-22 02:14:42,959 - [Process 0/5] - INFO - len(per_windows_prompt):2
2024-12-22 02:14:47,216 - [Process 0/5] - INFO - res.shape is :torch.Size([10])
2024-12-22 02:14:47,483 - [Process 0/5] - INFO - len(per_windows_prompt):2
2024-12-22 02:14:52,881 - [Process 0/5] - INFO - res.shape is :torch.Size([39])
2024-12-22 02:14:53,096 - [Process 0/5] - INFO - len(per_windows_prompt):2
2024-12-22 02:14:59,301 - [Process 0/5] - INFO - res.shape is :torch.Size([40])
2024-12-22 02:14:59,578 - [Process 0/5] - INFO - len(per_windows_prompt):2
2024-12-22 02:15:03,516 - [Process 0/5] - INFO - res.shape is :torch.Size([5])
2024-12-22 02:15:03,719 - [Process 0/5] - INFO - len(per_windows_prompt):2
2024-12-22 02:15:11,143 - [Process 0/5] - INFO - res.shape is :torch.Size([73])
2024-12-22 02:15:11,341 - [Process 0/5] - INFO - len(per_windows_prompt):2
2024-12-22 02:15:15,703 - [Process 0/5] - INFO - res.shape is :torch.Size([15])
2024-12-22 02:15:15,899 - [Process 0/5] - INFO - len(per_windows_prompt):2
2024-12-22 02:15:20,756 - [Process 0/5] - INFO - res.shape is :torch.Size([4])
2024-12-22 02:15:21,019 - [Process 0/5] - INFO - len(per_windows_prompt):2
2024-12-22 02:15:24,949 - [Process 0/5] - INFO - res.shape is :torch.Size([6])
2024-12-22 02:15:25,056 - [Process 0/5] - INFO - len(per_windows_prompt):2
2024-12-22 02:15:28,796 - [Process 0/5] - INFO - res.shape is :torch.Size([30])
2024-12-22 02:15:29,070 - [Process 0/5] - INFO - len(per_windows_prompt):2
2024-12-22 02:15:33,429 - [Process 0/5] - INFO - res.shape is :torch.Size([16])
2024-12-22 02:15:33,666 - [Process 0/5] - INFO - len(per_windows_prompt):2
2024-12-22 02:15:40,789 - [Process 0/5] - INFO - res.shape is :torch.Size([61])
2024-12-22 02:15:41,042 - [Process 0/5] - INFO - len(per_windows_prompt):2
2024-12-22 02:15:47,657 - [Process 0/5] - INFO - res.shape is :torch.Size([56])
2024-12-22 02:15:47,912 - [Process 0/5] - INFO - len(per_windows_prompt):2
2024-12-22 02:15:54,756 - [Process 0/5] - INFO - res.shape is :torch.Size([48])
2024-12-22 02:15:54,935 - [Process 0/5] - INFO - len(per_windows_prompt):2
2024-12-22 02:16:04,709 - [Process 0/5] - INFO - res.shape is :torch.Size([128])
