2024-12-22 03:18:05,230 - [Process 2/5] - INFO - loading datasets finished
2024-12-22 03:18:05,230 - [Process 2/5] - INFO - model_max_len: 3950
2024-12-22 03:18:05,230 - [Process 2/5] - INFO - output_max_len: 128
2024-12-22 03:18:05,259 - [Process 2/5] - INFO - Max Length is 14660
2024-12-22 03:18:05,260 - [Process 2/5] - INFO - Finish loading dataset
2024-12-22 03:18:05,260 - [Process 2/5] - INFO - get_predicted begin
2024-12-22 03:18:10,079 - [Process 2/5] - INFO - len(per_windows_prompt):2
2024-12-22 03:18:14,704 - [Process 2/5] - INFO - res.shape is :torch.Size([2])
2024-12-22 03:18:14,909 - [Process 2/5] - INFO - len(per_windows_prompt):2
2024-12-22 03:18:18,885 - [Process 2/5] - INFO - res.shape is :torch.Size([2])
2024-12-22 03:18:19,050 - [Process 2/5] - INFO - len(per_windows_prompt):2
2024-12-22 03:18:24,273 - [Process 2/5] - INFO - res.shape is :torch.Size([44])
2024-12-22 03:18:24,457 - [Process 2/5] - INFO - len(per_windows_prompt):2
2024-12-22 03:18:33,951 - [Process 2/5] - INFO - res.shape is :torch.Size([128])
2024-12-22 03:18:34,158 - [Process 2/5] - INFO - len(per_windows_prompt):2
2024-12-22 03:18:38,105 - [Process 2/5] - INFO - res.shape is :torch.Size([4])
2024-12-22 03:18:38,298 - [Process 2/5] - INFO - len(per_windows_prompt):2
2024-12-22 03:18:42,444 - [Process 2/5] - INFO - res.shape is :torch.Size([5])
2024-12-22 03:18:42,568 - [Process 2/5] - INFO - len(per_windows_prompt):2
2024-12-22 03:18:45,554 - [Process 2/5] - INFO - res.shape is :torch.Size([5])
2024-12-22 03:18:45,745 - [Process 2/5] - INFO - len(per_windows_prompt):2
2024-12-22 03:18:49,863 - [Process 2/5] - INFO - res.shape is :torch.Size([4])
2024-12-22 03:18:50,066 - [Process 2/5] - INFO - len(per_windows_prompt):2
2024-12-22 03:18:54,189 - [Process 2/5] - INFO - res.shape is :torch.Size([4])
2024-12-22 03:18:54,297 - [Process 2/5] - INFO - len(per_windows_prompt):2
2024-12-22 03:18:57,416 - [Process 2/5] - INFO - res.shape is :torch.Size([20])
2024-12-22 03:18:57,610 - [Process 2/5] - INFO - len(per_windows_prompt):2
2024-12-22 03:19:07,213 - [Process 2/5] - INFO - res.shape is :torch.Size([128])
2024-12-22 03:19:07,437 - [Process 2/5] - INFO - len(per_windows_prompt):2
2024-12-22 03:19:11,575 - [Process 2/5] - INFO - res.shape is :torch.Size([4])
2024-12-22 03:19:11,697 - [Process 2/5] - INFO - len(per_windows_prompt):2
2024-12-22 03:19:14,585 - [Process 2/5] - INFO - res.shape is :torch.Size([3])
2024-12-22 03:19:14,766 - [Process 2/5] - INFO - len(per_windows_prompt):2
2024-12-22 03:19:19,331 - [Process 2/5] - INFO - res.shape is :torch.Size([14])
2024-12-22 03:19:19,522 - [Process 2/5] - INFO - len(per_windows_prompt):2
2024-12-22 03:19:23,607 - [Process 2/5] - INFO - res.shape is :torch.Size([4])
2024-12-22 03:19:23,709 - [Process 2/5] - INFO - len(per_windows_prompt):2
2024-12-22 03:19:26,055 - [Process 2/5] - INFO - res.shape is :torch.Size([3])
2024-12-22 03:19:26,170 - [Process 2/5] - INFO - len(per_windows_prompt):2
2024-12-22 03:19:28,680 - [Process 2/5] - INFO - res.shape is :torch.Size([4])
2024-12-22 03:19:28,878 - [Process 2/5] - INFO - len(per_windows_prompt):2
2024-12-22 03:19:32,917 - [Process 2/5] - INFO - res.shape is :torch.Size([5])
2024-12-22 03:19:33,124 - [Process 2/5] - INFO - len(per_windows_prompt):2
2024-12-22 03:19:37,131 - [Process 2/5] - INFO - res.shape is :torch.Size([4])
2024-12-22 03:19:37,290 - [Process 2/5] - INFO - len(per_windows_prompt):2
2024-12-22 03:19:43,173 - [Process 2/5] - INFO - res.shape is :torch.Size([60])
2024-12-22 03:19:43,393 - [Process 2/5] - INFO - len(per_windows_prompt):2
2024-12-22 03:19:47,381 - [Process 2/5] - INFO - res.shape is :torch.Size([3])
2024-12-22 03:19:47,600 - [Process 2/5] - INFO - len(per_windows_prompt):2
2024-12-22 03:19:56,999 - [Process 2/5] - INFO - res.shape is :torch.Size([128])
2024-12-22 03:19:57,162 - [Process 2/5] - INFO - len(per_windows_prompt):2
2024-12-22 03:20:00,605 - [Process 2/5] - INFO - res.shape is :torch.Size([2])
2024-12-22 03:20:00,705 - [Process 2/5] - INFO - len(per_windows_prompt):2
2024-12-22 03:20:03,074 - [Process 2/5] - INFO - res.shape is :torch.Size([3])
2024-12-22 03:20:03,194 - [Process 2/5] - INFO - len(per_windows_prompt):2
2024-12-22 03:20:05,975 - [Process 2/5] - INFO - res.shape is :torch.Size([4])
2024-12-22 03:20:06,157 - [Process 2/5] - INFO - len(per_windows_prompt):2
2024-12-22 03:20:10,968 - [Process 2/5] - INFO - res.shape is :torch.Size([22])
2024-12-22 03:20:11,170 - [Process 2/5] - INFO - len(per_windows_prompt):2
2024-12-22 03:20:15,176 - [Process 2/5] - INFO - res.shape is :torch.Size([4])
2024-12-22 03:20:15,285 - [Process 2/5] - INFO - len(per_windows_prompt):2
2024-12-22 03:20:17,657 - [Process 2/5] - INFO - res.shape is :torch.Size([4])
2024-12-22 03:20:17,844 - [Process 2/5] - INFO - len(per_windows_prompt):2
2024-12-22 03:20:21,788 - [Process 2/5] - INFO - res.shape is :torch.Size([3])
2024-12-22 03:20:21,972 - [Process 2/5] - INFO - len(per_windows_prompt):2
2024-12-22 03:20:25,961 - [Process 2/5] - INFO - res.shape is :torch.Size([4])
2024-12-22 03:20:26,154 - [Process 2/5] - INFO - len(per_windows_prompt):2
2024-12-22 03:20:30,290 - [Process 2/5] - INFO - res.shape is :torch.Size([4])
2024-12-22 03:20:30,482 - [Process 2/5] - INFO - len(per_windows_prompt):2
2024-12-22 03:20:34,460 - [Process 2/5] - INFO - res.shape is :torch.Size([4])
2024-12-22 03:20:34,666 - [Process 2/5] - INFO - len(per_windows_prompt):2
2024-12-22 03:20:39,096 - [Process 2/5] - INFO - res.shape is :torch.Size([13])
2024-12-22 03:20:39,331 - [Process 2/5] - INFO - len(per_windows_prompt):2
2024-12-22 03:20:43,447 - [Process 2/5] - INFO - res.shape is :torch.Size([4])
2024-12-22 03:20:43,599 - [Process 2/5] - INFO - len(per_windows_prompt):2
2024-12-22 03:20:47,009 - [Process 2/5] - INFO - res.shape is :torch.Size([4])
2024-12-22 03:20:47,187 - [Process 2/5] - INFO - len(per_windows_prompt):2
2024-12-22 03:20:51,448 - [Process 2/5] - INFO - res.shape is :torch.Size([7])
2024-12-22 03:20:51,629 - [Process 2/5] - INFO - len(per_windows_prompt):2
2024-12-22 03:20:55,820 - [Process 2/5] - INFO - res.shape is :torch.Size([9])
2024-12-22 03:20:55,971 - [Process 2/5] - INFO - len(per_windows_prompt):2
2024-12-22 03:20:59,271 - [Process 2/5] - INFO - res.shape is :torch.Size([2])
2024-12-22 03:20:59,494 - [Process 2/5] - INFO - len(per_windows_prompt):2
2024-12-22 03:21:03,435 - [Process 2/5] - INFO - res.shape is :torch.Size([3])
2024-12-22 03:21:03,626 - [Process 2/5] - INFO - len(per_windows_prompt):2
2024-12-22 03:21:07,749 - [Process 2/5] - INFO - res.shape is :torch.Size([3])
