2024-12-22 01:36:28,194 - [Process 4/5] - INFO - loading datasets finished
2024-12-22 01:36:28,194 - [Process 4/5] - INFO - model_max_len: 3950
2024-12-22 01:36:28,194 - [Process 4/5] - INFO - output_max_len: 32
2024-12-22 01:36:28,252 - [Process 4/5] - INFO - Max Length is 17355
2024-12-22 01:36:28,253 - [Process 4/5] - INFO - Finish loading dataset
2024-12-22 01:36:28,253 - [Process 4/5] - INFO - get_predicted begin
2024-12-22 01:36:33,089 - [Process 4/5] - INFO - len(per_windows_prompt):2
2024-12-22 01:36:37,844 - [Process 4/5] - INFO - res.shape is :torch.Size([7])
2024-12-22 01:36:38,152 - [Process 4/5] - INFO - len(per_windows_prompt):2
2024-12-22 01:36:42,020 - [Process 4/5] - INFO - res.shape is :torch.Size([2])
2024-12-22 01:36:42,328 - [Process 4/5] - INFO - len(per_windows_prompt):2
2024-12-22 01:36:46,351 - [Process 4/5] - INFO - res.shape is :torch.Size([5])
2024-12-22 01:36:46,639 - [Process 4/5] - INFO - len(per_windows_prompt):2
2024-12-22 01:36:50,486 - [Process 4/5] - INFO - res.shape is :torch.Size([3])
2024-12-22 01:36:50,792 - [Process 4/5] - INFO - len(per_windows_prompt):2
2024-12-22 01:36:54,689 - [Process 4/5] - INFO - res.shape is :torch.Size([5])
2024-12-22 01:36:54,965 - [Process 4/5] - INFO - len(per_windows_prompt):2
2024-12-22 01:36:58,809 - [Process 4/5] - INFO - res.shape is :torch.Size([4])
2024-12-22 01:36:59,048 - [Process 4/5] - INFO - len(per_windows_prompt):2
2024-12-22 01:37:03,592 - [Process 4/5] - INFO - res.shape is :torch.Size([19])
2024-12-22 01:37:03,881 - [Process 4/5] - INFO - len(per_windows_prompt):2
2024-12-22 01:37:07,736 - [Process 4/5] - INFO - res.shape is :torch.Size([4])
2024-12-22 01:37:08,020 - [Process 4/5] - INFO - len(per_windows_prompt):2
2024-12-22 01:37:11,960 - [Process 4/5] - INFO - res.shape is :torch.Size([6])
2024-12-22 01:37:12,246 - [Process 4/5] - INFO - len(per_windows_prompt):2
2024-12-22 01:37:16,272 - [Process 4/5] - INFO - res.shape is :torch.Size([7])
2024-12-22 01:37:16,533 - [Process 4/5] - INFO - len(per_windows_prompt):2
2024-12-22 01:37:20,532 - [Process 4/5] - INFO - res.shape is :torch.Size([7])
2024-12-22 01:37:20,815 - [Process 4/5] - INFO - len(per_windows_prompt):2
2024-12-22 01:37:24,931 - [Process 4/5] - INFO - res.shape is :torch.Size([7])
2024-12-22 01:37:25,210 - [Process 4/5] - INFO - len(per_windows_prompt):2
2024-12-22 01:37:29,087 - [Process 4/5] - INFO - res.shape is :torch.Size([4])
2024-12-22 01:37:29,356 - [Process 4/5] - INFO - len(per_windows_prompt):2
2024-12-22 01:37:33,353 - [Process 4/5] - INFO - res.shape is :torch.Size([4])
2024-12-22 01:37:33,625 - [Process 4/5] - INFO - len(per_windows_prompt):2
2024-12-22 01:37:37,546 - [Process 4/5] - INFO - res.shape is :torch.Size([5])
2024-12-22 01:37:37,823 - [Process 4/5] - INFO - len(per_windows_prompt):2
2024-12-22 01:37:41,897 - [Process 4/5] - INFO - res.shape is :torch.Size([4])
2024-12-22 01:37:42,180 - [Process 4/5] - INFO - len(per_windows_prompt):2
2024-12-22 01:37:46,251 - [Process 4/5] - INFO - res.shape is :torch.Size([4])
2024-12-22 01:37:46,532 - [Process 4/5] - INFO - len(per_windows_prompt):2
2024-12-22 01:37:50,727 - [Process 4/5] - INFO - res.shape is :torch.Size([7])
2024-12-22 01:37:51,008 - [Process 4/5] - INFO - len(per_windows_prompt):2
2024-12-22 01:37:55,630 - [Process 4/5] - INFO - res.shape is :torch.Size([18])
2024-12-22 01:37:55,913 - [Process 4/5] - INFO - len(per_windows_prompt):2
2024-12-22 01:37:59,929 - [Process 4/5] - INFO - res.shape is :torch.Size([4])
2024-12-22 01:38:00,205 - [Process 4/5] - INFO - len(per_windows_prompt):2
2024-12-22 01:38:04,146 - [Process 4/5] - INFO - res.shape is :torch.Size([5])
2024-12-22 01:38:04,418 - [Process 4/5] - INFO - len(per_windows_prompt):2
2024-12-22 01:38:09,679 - [Process 4/5] - INFO - res.shape is :torch.Size([31])
2024-12-22 01:38:09,972 - [Process 4/5] - INFO - len(per_windows_prompt):2
2024-12-22 01:38:14,054 - [Process 4/5] - INFO - res.shape is :torch.Size([8])
2024-12-22 01:38:14,335 - [Process 4/5] - INFO - len(per_windows_prompt):2
2024-12-22 01:38:18,408 - [Process 4/5] - INFO - res.shape is :torch.Size([5])
2024-12-22 01:38:18,689 - [Process 4/5] - INFO - len(per_windows_prompt):2
2024-12-22 01:38:22,842 - [Process 4/5] - INFO - res.shape is :torch.Size([7])
2024-12-22 01:38:23,122 - [Process 4/5] - INFO - len(per_windows_prompt):2
2024-12-22 01:38:27,131 - [Process 4/5] - INFO - res.shape is :torch.Size([6])
2024-12-22 01:38:27,436 - [Process 4/5] - INFO - len(per_windows_prompt):2
2024-12-22 01:38:32,178 - [Process 4/5] - INFO - res.shape is :torch.Size([19])
2024-12-22 01:38:32,452 - [Process 4/5] - INFO - len(per_windows_prompt):2
2024-12-22 01:38:36,302 - [Process 4/5] - INFO - res.shape is :torch.Size([3])
2024-12-22 01:38:36,599 - [Process 4/5] - INFO - len(per_windows_prompt):2
2024-12-22 01:38:40,505 - [Process 4/5] - INFO - res.shape is :torch.Size([4])
2024-12-22 01:38:40,800 - [Process 4/5] - INFO - len(per_windows_prompt):2
2024-12-22 01:38:44,923 - [Process 4/5] - INFO - res.shape is :torch.Size([7])
2024-12-22 01:38:45,196 - [Process 4/5] - INFO - len(per_windows_prompt):2
2024-12-22 01:38:49,064 - [Process 4/5] - INFO - res.shape is :torch.Size([3])
2024-12-22 01:38:49,279 - [Process 4/5] - INFO - len(per_windows_prompt):2
2024-12-22 01:38:53,390 - [Process 4/5] - INFO - res.shape is :torch.Size([6])
2024-12-22 01:38:53,669 - [Process 4/5] - INFO - len(per_windows_prompt):2
2024-12-22 01:38:57,764 - [Process 4/5] - INFO - res.shape is :torch.Size([7])
2024-12-22 01:38:58,035 - [Process 4/5] - INFO - len(per_windows_prompt):2
2024-12-22 01:39:02,070 - [Process 4/5] - INFO - res.shape is :torch.Size([5])
2024-12-22 01:39:02,353 - [Process 4/5] - INFO - len(per_windows_prompt):2
2024-12-22 01:39:06,315 - [Process 4/5] - INFO - res.shape is :torch.Size([5])
2024-12-22 01:39:06,588 - [Process 4/5] - INFO - len(per_windows_prompt):2
2024-12-22 01:39:10,469 - [Process 4/5] - INFO - res.shape is :torch.Size([3])
2024-12-22 01:39:10,750 - [Process 4/5] - INFO - len(per_windows_prompt):2
2024-12-22 01:39:14,823 - [Process 4/5] - INFO - res.shape is :torch.Size([5])
2024-12-22 01:39:15,095 - [Process 4/5] - INFO - len(per_windows_prompt):2
2024-12-22 01:39:19,016 - [Process 4/5] - INFO - res.shape is :torch.Size([4])
2024-12-22 01:39:19,296 - [Process 4/5] - INFO - len(per_windows_prompt):2
2024-12-22 01:39:23,450 - [Process 4/5] - INFO - res.shape is :torch.Size([9])
2024-12-22 01:39:23,730 - [Process 4/5] - INFO - len(per_windows_prompt):2
2024-12-22 01:39:27,767 - [Process 4/5] - INFO - res.shape is :torch.Size([6])
