2024-12-22 03:32:39,546 - [Process 0/5] - INFO - loading datasets finished
2024-12-22 03:32:39,546 - [Process 0/5] - INFO - model_max_len: 3950
2024-12-22 03:32:39,546 - [Process 0/5] - INFO - output_max_len: 32
2024-12-22 03:32:39,572 - [Process 0/5] - INFO - Max Length is 11950
2024-12-22 03:32:39,572 - [Process 0/5] - INFO - Finish loading dataset
2024-12-22 03:32:39,572 - [Process 0/5] - INFO - get_predicted begin
2024-12-22 03:32:44,325 - [Process 0/5] - INFO - len(per_windows_prompt):2
2024-12-22 03:32:48,889 - [Process 0/5] - INFO - res.shape is :torch.Size([8])
2024-12-22 03:32:49,011 - [Process 0/5] - INFO - len(per_windows_prompt):2
2024-12-22 03:32:53,030 - [Process 0/5] - INFO - res.shape is :torch.Size([8])
2024-12-22 03:32:53,149 - [Process 0/5] - INFO - len(per_windows_prompt):2
2024-12-22 03:32:57,125 - [Process 0/5] - INFO - res.shape is :torch.Size([8])
2024-12-22 03:32:57,271 - [Process 0/5] - INFO - len(per_windows_prompt):2
2024-12-22 03:33:01,040 - [Process 0/5] - INFO - res.shape is :torch.Size([2])
2024-12-22 03:33:01,160 - [Process 0/5] - INFO - len(per_windows_prompt):2
2024-12-22 03:33:05,114 - [Process 0/5] - INFO - res.shape is :torch.Size([8])
2024-12-22 03:33:05,235 - [Process 0/5] - INFO - len(per_windows_prompt):2
2024-12-22 03:33:09,154 - [Process 0/5] - INFO - res.shape is :torch.Size([5])
2024-12-22 03:33:09,275 - [Process 0/5] - INFO - len(per_windows_prompt):2
2024-12-22 03:33:13,186 - [Process 0/5] - INFO - res.shape is :torch.Size([6])
2024-12-22 03:33:13,327 - [Process 0/5] - INFO - len(per_windows_prompt):2
2024-12-22 03:33:17,298 - [Process 0/5] - INFO - res.shape is :torch.Size([7])
2024-12-22 03:33:17,413 - [Process 0/5] - INFO - len(per_windows_prompt):2
2024-12-22 03:33:21,187 - [Process 0/5] - INFO - res.shape is :torch.Size([2])
2024-12-22 03:33:21,312 - [Process 0/5] - INFO - len(per_windows_prompt):2
2024-12-22 03:33:25,116 - [Process 0/5] - INFO - res.shape is :torch.Size([4])
2024-12-22 03:33:25,276 - [Process 0/5] - INFO - len(per_windows_prompt):2
2024-12-22 03:33:29,163 - [Process 0/5] - INFO - res.shape is :torch.Size([6])
2024-12-22 03:33:29,275 - [Process 0/5] - INFO - len(per_windows_prompt):2
2024-12-22 03:33:33,946 - [Process 0/5] - INFO - res.shape is :torch.Size([26])
2024-12-22 03:33:34,012 - [Process 0/5] - INFO - len(per_windows_prompt):2
2024-12-22 03:33:36,794 - [Process 0/5] - INFO - res.shape is :torch.Size([9])
2024-12-22 03:33:36,906 - [Process 0/5] - INFO - len(per_windows_prompt):2
2024-12-22 03:33:40,987 - [Process 0/5] - INFO - res.shape is :torch.Size([10])
2024-12-22 03:33:41,108 - [Process 0/5] - INFO - len(per_windows_prompt):2
2024-12-22 03:33:44,883 - [Process 0/5] - INFO - res.shape is :torch.Size([2])
2024-12-22 03:33:45,043 - [Process 0/5] - INFO - len(per_windows_prompt):2
2024-12-22 03:33:48,990 - [Process 0/5] - INFO - res.shape is :torch.Size([5])
2024-12-22 03:33:49,067 - [Process 0/5] - INFO - len(per_windows_prompt):2
2024-12-22 03:33:51,971 - [Process 0/5] - INFO - res.shape is :torch.Size([7])
2024-12-22 03:33:52,103 - [Process 0/5] - INFO - len(per_windows_prompt):2
2024-12-22 03:33:55,895 - [Process 0/5] - INFO - res.shape is :torch.Size([2])
2024-12-22 03:33:55,927 - [Process 0/5] - INFO - len(per_windows_prompt):2
2024-12-22 03:33:57,210 - [Process 0/5] - INFO - res.shape is :torch.Size([2])
2024-12-22 03:33:57,323 - [Process 0/5] - INFO - len(per_windows_prompt):2
2024-12-22 03:34:01,187 - [Process 0/5] - INFO - res.shape is :torch.Size([3])
2024-12-22 03:34:01,295 - [Process 0/5] - INFO - len(per_windows_prompt):2
2024-12-22 03:34:04,989 - [Process 0/5] - INFO - res.shape is :torch.Size([3])
2024-12-22 03:34:05,129 - [Process 0/5] - INFO - len(per_windows_prompt):2
2024-12-22 03:34:08,977 - [Process 0/5] - INFO - res.shape is :torch.Size([5])
2024-12-22 03:34:09,127 - [Process 0/5] - INFO - len(per_windows_prompt):2
2024-12-22 03:34:13,070 - [Process 0/5] - INFO - res.shape is :torch.Size([6])
2024-12-22 03:34:13,200 - [Process 0/5] - INFO - len(per_windows_prompt):2
2024-12-22 03:34:17,197 - [Process 0/5] - INFO - res.shape is :torch.Size([6])
2024-12-22 03:34:17,329 - [Process 0/5] - INFO - len(per_windows_prompt):2
2024-12-22 03:34:21,184 - [Process 0/5] - INFO - res.shape is :torch.Size([7])
2024-12-22 03:34:21,232 - [Process 0/5] - INFO - len(per_windows_prompt):2
2024-12-22 03:34:23,352 - [Process 0/5] - INFO - res.shape is :torch.Size([11])
2024-12-22 03:34:23,466 - [Process 0/5] - INFO - len(per_windows_prompt):2
2024-12-22 03:34:27,574 - [Process 0/5] - INFO - res.shape is :torch.Size([9])
2024-12-22 03:34:27,692 - [Process 0/5] - INFO - len(per_windows_prompt):2
2024-12-22 03:34:31,435 - [Process 0/5] - INFO - res.shape is :torch.Size([2])
2024-12-22 03:34:31,552 - [Process 0/5] - INFO - len(per_windows_prompt):2
2024-12-22 03:34:35,592 - [Process 0/5] - INFO - res.shape is :torch.Size([7])
2024-12-22 03:34:35,714 - [Process 0/5] - INFO - len(per_windows_prompt):2
2024-12-22 03:34:39,619 - [Process 0/5] - INFO - res.shape is :torch.Size([5])
2024-12-22 03:34:39,738 - [Process 0/5] - INFO - len(per_windows_prompt):2
2024-12-22 03:34:44,083 - [Process 0/5] - INFO - res.shape is :torch.Size([17])
2024-12-22 03:34:44,210 - [Process 0/5] - INFO - len(per_windows_prompt):2
2024-12-22 03:34:48,075 - [Process 0/5] - INFO - res.shape is :torch.Size([4])
2024-12-22 03:34:48,243 - [Process 0/5] - INFO - len(per_windows_prompt):2
2024-12-22 03:34:51,988 - [Process 0/5] - INFO - res.shape is :torch.Size([2])
2024-12-22 03:34:52,100 - [Process 0/5] - INFO - len(per_windows_prompt):2
2024-12-22 03:34:55,890 - [Process 0/5] - INFO - res.shape is :torch.Size([2])
2024-12-22 03:34:56,007 - [Process 0/5] - INFO - len(per_windows_prompt):2
2024-12-22 03:34:59,928 - [Process 0/5] - INFO - res.shape is :torch.Size([5])
2024-12-22 03:35:00,039 - [Process 0/5] - INFO - len(per_windows_prompt):2
2024-12-22 03:35:03,964 - [Process 0/5] - INFO - res.shape is :torch.Size([5])
2024-12-22 03:35:04,085 - [Process 0/5] - INFO - len(per_windows_prompt):2
2024-12-22 03:35:07,990 - [Process 0/5] - INFO - res.shape is :torch.Size([4])
2024-12-22 03:35:08,101 - [Process 0/5] - INFO - len(per_windows_prompt):2
2024-12-22 03:35:11,949 - [Process 0/5] - INFO - res.shape is :torch.Size([3])
2024-12-22 03:35:12,081 - [Process 0/5] - INFO - len(per_windows_prompt):2
2024-12-22 03:35:16,064 - [Process 0/5] - INFO - res.shape is :torch.Size([6])
2024-12-22 03:35:16,186 - [Process 0/5] - INFO - len(per_windows_prompt):2
2024-12-22 03:35:20,052 - [Process 0/5] - INFO - res.shape is :torch.Size([4])
