2024-12-22 01:11:23,035 - [Process 1/5] - INFO - loading datasets finished
2024-12-22 01:11:23,035 - [Process 1/5] - INFO - model_max_len: 3950
2024-12-22 01:11:23,035 - [Process 1/5] - INFO - output_max_len: 128
2024-12-22 01:11:23,132 - [Process 1/5] - INFO - Max Length is 36418
2024-12-22 01:11:23,133 - [Process 1/5] - INFO - Finish loading dataset
2024-12-22 01:11:23,133 - [Process 1/5] - INFO - get_predicted begin
2024-12-22 01:11:27,891 - [Process 1/5] - INFO - len(per_windows_prompt):2
2024-12-22 01:11:33,216 - [Process 1/5] - INFO - res.shape is :torch.Size([16])
2024-12-22 01:11:33,591 - [Process 1/5] - INFO - len(per_windows_prompt):2
2024-12-22 01:11:37,847 - [Process 1/5] - INFO - res.shape is :torch.Size([9])
2024-12-22 01:11:38,064 - [Process 1/5] - INFO - len(per_windows_prompt):2
2024-12-22 01:11:42,009 - [Process 1/5] - INFO - res.shape is :torch.Size([4])
2024-12-22 01:11:42,384 - [Process 1/5] - INFO - len(per_windows_prompt):2
2024-12-22 01:11:46,779 - [Process 1/5] - INFO - res.shape is :torch.Size([12])
2024-12-22 01:11:47,021 - [Process 1/5] - INFO - len(per_windows_prompt):2
2024-12-22 01:11:50,977 - [Process 1/5] - INFO - res.shape is :torch.Size([5])
2024-12-22 01:11:51,265 - [Process 1/5] - INFO - len(per_windows_prompt):2
2024-12-22 01:11:56,937 - [Process 1/5] - INFO - res.shape is :torch.Size([41])
2024-12-22 01:11:57,373 - [Process 1/5] - INFO - len(per_windows_prompt):2
2024-12-22 01:12:01,455 - [Process 1/5] - INFO - res.shape is :torch.Size([9])
2024-12-22 01:12:01,855 - [Process 1/5] - INFO - len(per_windows_prompt):2
2024-12-22 01:12:06,589 - [Process 1/5] - INFO - res.shape is :torch.Size([24])
2024-12-22 01:12:06,893 - [Process 1/5] - INFO - len(per_windows_prompt):2
2024-12-22 01:12:10,940 - [Process 1/5] - INFO - res.shape is :torch.Size([4])
2024-12-22 01:12:11,230 - [Process 1/5] - INFO - len(per_windows_prompt):2
2024-12-22 01:12:15,391 - [Process 1/5] - INFO - res.shape is :torch.Size([6])
2024-12-22 01:12:15,826 - [Process 1/5] - INFO - len(per_windows_prompt):2
2024-12-22 01:12:20,475 - [Process 1/5] - INFO - res.shape is :torch.Size([22])
2024-12-22 01:12:20,845 - [Process 1/5] - INFO - len(per_windows_prompt):2
2024-12-22 01:12:24,956 - [Process 1/5] - INFO - res.shape is :torch.Size([5])
2024-12-22 01:12:25,323 - [Process 1/5] - INFO - len(per_windows_prompt):2
2024-12-22 01:12:30,465 - [Process 1/5] - INFO - res.shape is :torch.Size([29])
2024-12-22 01:12:30,929 - [Process 1/5] - INFO - len(per_windows_prompt):2
2024-12-22 01:12:35,057 - [Process 1/5] - INFO - res.shape is :torch.Size([5])
2024-12-22 01:12:35,622 - [Process 1/5] - INFO - len(per_windows_prompt):2
2024-12-22 01:12:39,511 - [Process 1/5] - INFO - res.shape is :torch.Size([4])
2024-12-22 01:12:39,988 - [Process 1/5] - INFO - len(per_windows_prompt):2
2024-12-22 01:12:44,147 - [Process 1/5] - INFO - res.shape is :torch.Size([6])
2024-12-22 01:12:44,538 - [Process 1/5] - INFO - len(per_windows_prompt):2
2024-12-22 01:12:48,823 - [Process 1/5] - INFO - res.shape is :torch.Size([9])
2024-12-22 01:12:49,231 - [Process 1/5] - INFO - len(per_windows_prompt):2
2024-12-22 01:12:53,308 - [Process 1/5] - INFO - res.shape is :torch.Size([4])
2024-12-22 01:12:53,551 - [Process 1/5] - INFO - len(per_windows_prompt):2
2024-12-22 01:12:57,535 - [Process 1/5] - INFO - res.shape is :torch.Size([6])
2024-12-22 01:12:58,010 - [Process 1/5] - INFO - len(per_windows_prompt):2
2024-12-22 01:13:02,087 - [Process 1/5] - INFO - res.shape is :torch.Size([4])
2024-12-22 01:13:02,298 - [Process 1/5] - INFO - len(per_windows_prompt):2
2024-12-22 01:13:06,428 - [Process 1/5] - INFO - res.shape is :torch.Size([9])
2024-12-22 01:13:06,662 - [Process 1/5] - INFO - len(per_windows_prompt):2
2024-12-22 01:13:10,663 - [Process 1/5] - INFO - res.shape is :torch.Size([6])
2024-12-22 01:13:11,264 - [Process 1/5] - INFO - len(per_windows_prompt):2
2024-12-22 01:13:15,322 - [Process 1/5] - INFO - res.shape is :torch.Size([4])
2024-12-22 01:13:15,627 - [Process 1/5] - INFO - len(per_windows_prompt):2
2024-12-22 01:13:19,702 - [Process 1/5] - INFO - res.shape is :torch.Size([4])
2024-12-22 01:13:19,950 - [Process 1/5] - INFO - len(per_windows_prompt):2
2024-12-22 01:13:24,132 - [Process 1/5] - INFO - res.shape is :torch.Size([6])
2024-12-22 01:13:24,726 - [Process 1/5] - INFO - len(per_windows_prompt):2
2024-12-22 01:13:28,736 - [Process 1/5] - INFO - res.shape is :torch.Size([3])
2024-12-22 01:13:28,977 - [Process 1/5] - INFO - len(per_windows_prompt):2
2024-12-22 01:13:32,851 - [Process 1/5] - INFO - res.shape is :torch.Size([3])
2024-12-22 01:13:33,242 - [Process 1/5] - INFO - len(per_windows_prompt):2
2024-12-22 01:13:37,799 - [Process 1/5] - INFO - res.shape is :torch.Size([15])
2024-12-22 01:13:38,087 - [Process 1/5] - INFO - len(per_windows_prompt):2
2024-12-22 01:13:42,491 - [Process 1/5] - INFO - res.shape is :torch.Size([11])
2024-12-22 01:13:42,858 - [Process 1/5] - INFO - len(per_windows_prompt):2
2024-12-22 01:13:46,964 - [Process 1/5] - INFO - res.shape is :torch.Size([4])
2024-12-22 01:13:47,202 - [Process 1/5] - INFO - len(per_windows_prompt):2
2024-12-22 01:13:51,440 - [Process 1/5] - INFO - res.shape is :torch.Size([7])
2024-12-22 01:13:51,809 - [Process 1/5] - INFO - len(per_windows_prompt):2
2024-12-22 01:13:56,216 - [Process 1/5] - INFO - res.shape is :torch.Size([11])
2024-12-22 01:13:56,571 - [Process 1/5] - INFO - len(per_windows_prompt):2
2024-12-22 01:14:00,950 - [Process 1/5] - INFO - res.shape is :torch.Size([13])
2024-12-22 01:14:01,165 - [Process 1/5] - INFO - len(per_windows_prompt):2
2024-12-22 01:14:05,379 - [Process 1/5] - INFO - res.shape is :torch.Size([9])
2024-12-22 01:14:05,788 - [Process 1/5] - INFO - len(per_windows_prompt):2
2024-12-22 01:14:10,188 - [Process 1/5] - INFO - res.shape is :torch.Size([11])
2024-12-22 01:14:10,554 - [Process 1/5] - INFO - len(per_windows_prompt):2
2024-12-22 01:14:14,707 - [Process 1/5] - INFO - res.shape is :torch.Size([5])
2024-12-22 01:14:14,957 - [Process 1/5] - INFO - len(per_windows_prompt):2
2024-12-22 01:14:19,028 - [Process 1/5] - INFO - res.shape is :torch.Size([3])
2024-12-22 01:14:19,259 - [Process 1/5] - INFO - len(per_windows_prompt):2
2024-12-22 01:14:23,279 - [Process 1/5] - INFO - res.shape is :torch.Size([6])
2024-12-22 01:14:23,678 - [Process 1/5] - INFO - len(per_windows_prompt):2
2024-12-22 01:14:27,896 - [Process 1/5] - INFO - res.shape is :torch.Size([6])
2024-12-22 01:14:28,458 - [Process 1/5] - INFO - len(per_windows_prompt):2
2024-12-22 01:14:32,551 - [Process 1/5] - INFO - res.shape is :torch.Size([5])
