2024-12-22 05:18:59,127 - [Process 4/5] - INFO - loading datasets finished
2024-12-22 05:18:59,127 - [Process 4/5] - INFO - model_max_len: 3950
2024-12-22 05:18:59,127 - [Process 4/5] - INFO - output_max_len: 64
2024-12-22 05:18:59,153 - [Process 4/5] - INFO - Max Length is 10337
2024-12-22 05:18:59,154 - [Process 4/5] - INFO - Finish loading dataset
2024-12-22 05:18:59,154 - [Process 4/5] - INFO - get_predicted begin
2024-12-22 05:19:03,953 - [Process 4/5] - INFO - len(per_windows_prompt):2
2024-12-22 05:19:08,119 - [Process 4/5] - INFO - res.shape is :torch.Size([13])
2024-12-22 05:19:08,330 - [Process 4/5] - INFO - len(per_windows_prompt):2
2024-12-22 05:19:12,510 - [Process 4/5] - INFO - res.shape is :torch.Size([15])
2024-12-22 05:19:12,668 - [Process 4/5] - INFO - len(per_windows_prompt):2
2024-12-22 05:19:16,230 - [Process 4/5] - INFO - res.shape is :torch.Size([7])
2024-12-22 05:19:16,410 - [Process 4/5] - INFO - len(per_windows_prompt):2
2024-12-22 05:19:20,372 - [Process 4/5] - INFO - res.shape is :torch.Size([6])
2024-12-22 05:19:20,578 - [Process 4/5] - INFO - len(per_windows_prompt):2
2024-12-22 05:19:24,424 - [Process 4/5] - INFO - res.shape is :torch.Size([5])
2024-12-22 05:19:24,639 - [Process 4/5] - INFO - len(per_windows_prompt):2
2024-12-22 05:19:28,709 - [Process 4/5] - INFO - res.shape is :torch.Size([8])
2024-12-22 05:19:28,896 - [Process 4/5] - INFO - len(per_windows_prompt):2
2024-12-22 05:19:32,919 - [Process 4/5] - INFO - res.shape is :torch.Size([9])
2024-12-22 05:19:33,125 - [Process 4/5] - INFO - len(per_windows_prompt):2
2024-12-22 05:19:37,145 - [Process 4/5] - INFO - res.shape is :torch.Size([9])
2024-12-22 05:19:37,330 - [Process 4/5] - INFO - len(per_windows_prompt):2
2024-12-22 05:19:41,182 - [Process 4/5] - INFO - res.shape is :torch.Size([5])
2024-12-22 05:19:41,405 - [Process 4/5] - INFO - len(per_windows_prompt):2
2024-12-22 05:19:46,399 - [Process 4/5] - INFO - res.shape is :torch.Size([29])
2024-12-22 05:19:46,558 - [Process 4/5] - INFO - len(per_windows_prompt):2
2024-12-22 05:19:50,015 - [Process 4/5] - INFO - res.shape is :torch.Size([4])
2024-12-22 05:19:50,173 - [Process 4/5] - INFO - len(per_windows_prompt):2
2024-12-22 05:19:53,713 - [Process 4/5] - INFO - res.shape is :torch.Size([6])
2024-12-22 05:19:53,897 - [Process 4/5] - INFO - len(per_windows_prompt):2
2024-12-22 05:20:00,279 - [Process 4/5] - INFO - res.shape is :torch.Size([64])
2024-12-22 05:20:00,511 - [Process 4/5] - INFO - len(per_windows_prompt):2
2024-12-22 05:20:06,584 - [Process 4/5] - INFO - res.shape is :torch.Size([57])
2024-12-22 05:20:06,812 - [Process 4/5] - INFO - len(per_windows_prompt):2
2024-12-22 05:20:10,834 - [Process 4/5] - INFO - res.shape is :torch.Size([6])
2024-12-22 05:20:11,057 - [Process 4/5] - INFO - len(per_windows_prompt):2
2024-12-22 05:20:16,126 - [Process 4/5] - INFO - res.shape is :torch.Size([33])
2024-12-22 05:20:16,340 - [Process 4/5] - INFO - len(per_windows_prompt):2
2024-12-22 05:20:20,183 - [Process 4/5] - INFO - res.shape is :torch.Size([4])
2024-12-22 05:20:20,404 - [Process 4/5] - INFO - len(per_windows_prompt):2
2024-12-22 05:20:24,262 - [Process 4/5] - INFO - res.shape is :torch.Size([6])
2024-12-22 05:20:24,460 - [Process 4/5] - INFO - len(per_windows_prompt):2
2024-12-22 05:20:28,353 - [Process 4/5] - INFO - res.shape is :torch.Size([4])
2024-12-22 05:20:28,563 - [Process 4/5] - INFO - len(per_windows_prompt):2
2024-12-22 05:20:32,461 - [Process 4/5] - INFO - res.shape is :torch.Size([4])
2024-12-22 05:20:32,651 - [Process 4/5] - INFO - len(per_windows_prompt):2
2024-12-22 05:20:36,458 - [Process 4/5] - INFO - res.shape is :torch.Size([3])
2024-12-22 05:20:36,616 - [Process 4/5] - INFO - len(per_windows_prompt):2
2024-12-22 05:20:40,312 - [Process 4/5] - INFO - res.shape is :torch.Size([8])
2024-12-22 05:20:40,570 - [Process 4/5] - INFO - len(per_windows_prompt):2
2024-12-22 05:20:45,040 - [Process 4/5] - INFO - res.shape is :torch.Size([20])
2024-12-22 05:20:45,199 - [Process 4/5] - INFO - len(per_windows_prompt):2
2024-12-22 05:20:48,970 - [Process 4/5] - INFO - res.shape is :torch.Size([10])
2024-12-22 05:20:49,040 - [Process 4/5] - INFO - len(per_windows_prompt):2
2024-12-22 05:20:51,044 - [Process 4/5] - INFO - res.shape is :torch.Size([17])
2024-12-22 05:20:51,264 - [Process 4/5] - INFO - len(per_windows_prompt):2
2024-12-22 05:20:56,223 - [Process 4/5] - INFO - res.shape is :torch.Size([31])
2024-12-22 05:20:56,354 - [Process 4/5] - INFO - len(per_windows_prompt):2
2024-12-22 05:20:59,235 - [Process 4/5] - INFO - res.shape is :torch.Size([3])
2024-12-22 05:20:59,458 - [Process 4/5] - INFO - len(per_windows_prompt):2
2024-12-22 05:21:03,154 - [Process 4/5] - INFO - res.shape is :torch.Size([2])
2024-12-22 05:21:03,357 - [Process 4/5] - INFO - len(per_windows_prompt):2
2024-12-22 05:21:09,480 - [Process 4/5] - INFO - res.shape is :torch.Size([55])
2024-12-22 05:21:09,730 - [Process 4/5] - INFO - len(per_windows_prompt):2
2024-12-22 05:21:14,405 - [Process 4/5] - INFO - res.shape is :torch.Size([23])
