2024-12-22 05:45:09,057 - [Process 2/5] - INFO - loading datasets finished
2024-12-22 05:45:09,057 - [Process 2/5] - INFO - model_max_len: 3950
2024-12-22 05:45:09,057 - [Process 2/5] - INFO - output_max_len: 32
2024-12-22 05:45:09,130 - [Process 2/5] - INFO - Max Length is 16633
2024-12-22 05:45:09,131 - [Process 2/5] - INFO - Finish loading dataset
2024-12-22 05:45:09,131 - [Process 2/5] - INFO - get_predicted begin
2024-12-22 05:45:13,902 - [Process 2/5] - INFO - len(per_windows_prompt):2
2024-12-22 05:45:20,268 - [Process 2/5] - INFO - res.shape is :torch.Size([32])
2024-12-22 05:45:20,537 - [Process 2/5] - INFO - len(per_windows_prompt):2
2024-12-22 05:45:26,106 - [Process 2/5] - INFO - res.shape is :torch.Size([32])
2024-12-22 05:45:26,364 - [Process 2/5] - INFO - len(per_windows_prompt):2
2024-12-22 05:45:31,412 - [Process 2/5] - INFO - res.shape is :torch.Size([4])
2024-12-22 05:45:31,556 - [Process 2/5] - INFO - len(per_windows_prompt):2
2024-12-22 05:45:35,521 - [Process 2/5] - INFO - res.shape is :torch.Size([5])
2024-12-22 05:45:35,714 - [Process 2/5] - INFO - len(per_windows_prompt):2
2024-12-22 05:45:39,965 - [Process 2/5] - INFO - res.shape is :torch.Size([6])
2024-12-22 05:45:40,259 - [Process 2/5] - INFO - len(per_windows_prompt):2
2024-12-22 05:45:45,754 - [Process 2/5] - INFO - res.shape is :torch.Size([32])
2024-12-22 05:45:45,942 - [Process 2/5] - INFO - len(per_windows_prompt):2
2024-12-22 05:45:49,898 - [Process 2/5] - INFO - res.shape is :torch.Size([3])
2024-12-22 05:45:50,101 - [Process 2/5] - INFO - len(per_windows_prompt):2
2024-12-22 05:45:54,865 - [Process 2/5] - INFO - res.shape is :torch.Size([5])
2024-12-22 05:45:55,104 - [Process 2/5] - INFO - len(per_windows_prompt):2
2024-12-22 05:46:00,662 - [Process 2/5] - INFO - res.shape is :torch.Size([32])
2024-12-22 05:46:00,910 - [Process 2/5] - INFO - len(per_windows_prompt):2
2024-12-22 05:46:05,129 - [Process 2/5] - INFO - res.shape is :torch.Size([4])
2024-12-22 05:46:05,301 - [Process 2/5] - INFO - len(per_windows_prompt):2
2024-12-22 05:46:10,987 - [Process 2/5] - INFO - res.shape is :torch.Size([10])
2024-12-22 05:46:11,205 - [Process 2/5] - INFO - len(per_windows_prompt):2
2024-12-22 05:46:16,792 - [Process 2/5] - INFO - res.shape is :torch.Size([5])
2024-12-22 05:46:17,066 - [Process 2/5] - INFO - len(per_windows_prompt):2
2024-12-22 05:46:22,393 - [Process 2/5] - INFO - res.shape is :torch.Size([7])
2024-12-22 05:46:22,618 - [Process 2/5] - INFO - len(per_windows_prompt):2
2024-12-22 05:46:27,969 - [Process 2/5] - INFO - res.shape is :torch.Size([3])
2024-12-22 05:46:28,236 - [Process 2/5] - INFO - len(per_windows_prompt):2
2024-12-22 05:46:32,751 - [Process 2/5] - INFO - res.shape is :torch.Size([3])
2024-12-22 05:46:33,047 - [Process 2/5] - INFO - len(per_windows_prompt):2
2024-12-22 05:46:37,808 - [Process 2/5] - INFO - res.shape is :torch.Size([3])
2024-12-22 05:46:38,090 - [Process 2/5] - INFO - len(per_windows_prompt):2
2024-12-22 05:46:44,729 - [Process 2/5] - INFO - res.shape is :torch.Size([32])
2024-12-22 05:46:44,939 - [Process 2/5] - INFO - len(per_windows_prompt):2
2024-12-22 05:46:51,513 - [Process 2/5] - INFO - res.shape is :torch.Size([32])
2024-12-22 05:46:51,777 - [Process 2/5] - INFO - len(per_windows_prompt):2
2024-12-22 05:46:57,326 - [Process 2/5] - INFO - res.shape is :torch.Size([4])
2024-12-22 05:46:57,573 - [Process 2/5] - INFO - len(per_windows_prompt):2
2024-12-22 05:47:03,056 - [Process 2/5] - INFO - res.shape is :torch.Size([32])
2024-12-22 05:47:03,362 - [Process 2/5] - INFO - len(per_windows_prompt):2
2024-12-22 05:47:09,063 - [Process 2/5] - INFO - res.shape is :torch.Size([32])
2024-12-22 05:47:09,353 - [Process 2/5] - INFO - len(per_windows_prompt):2
2024-12-22 05:47:16,359 - [Process 2/5] - INFO - res.shape is :torch.Size([32])
2024-12-22 05:47:16,644 - [Process 2/5] - INFO - len(per_windows_prompt):2
2024-12-22 05:47:22,206 - [Process 2/5] - INFO - res.shape is :torch.Size([3])
2024-12-22 05:47:22,483 - [Process 2/5] - INFO - len(per_windows_prompt):2
2024-12-22 05:47:27,794 - [Process 2/5] - INFO - res.shape is :torch.Size([32])
2024-12-22 05:47:28,116 - [Process 2/5] - INFO - len(per_windows_prompt):2
2024-12-22 05:47:32,628 - [Process 2/5] - INFO - res.shape is :torch.Size([11])
2024-12-22 05:47:32,928 - [Process 2/5] - INFO - len(per_windows_prompt):2
2024-12-22 05:47:38,511 - [Process 2/5] - INFO - res.shape is :torch.Size([32])
2024-12-22 05:47:38,834 - [Process 2/5] - INFO - len(per_windows_prompt):2
2024-12-22 05:47:44,108 - [Process 2/5] - INFO - res.shape is :torch.Size([6])
2024-12-22 05:47:44,342 - [Process 2/5] - INFO - len(per_windows_prompt):2
2024-12-22 05:47:49,907 - [Process 2/5] - INFO - res.shape is :torch.Size([32])
2024-12-22 05:47:50,112 - [Process 2/5] - INFO - len(per_windows_prompt):2
2024-12-22 05:47:54,807 - [Process 2/5] - INFO - res.shape is :torch.Size([5])
2024-12-22 05:47:55,089 - [Process 2/5] - INFO - len(per_windows_prompt):2
2024-12-22 05:47:59,690 - [Process 2/5] - INFO - res.shape is :torch.Size([5])
2024-12-22 05:47:59,928 - [Process 2/5] - INFO - len(per_windows_prompt):2
2024-12-22 05:48:05,907 - [Process 2/5] - INFO - res.shape is :torch.Size([32])
2024-12-22 05:48:06,054 - [Process 2/5] - INFO - len(per_windows_prompt):2
2024-12-22 05:48:09,874 - [Process 2/5] - INFO - res.shape is :torch.Size([5])
2024-12-22 05:48:10,151 - [Process 2/5] - INFO - len(per_windows_prompt):2
2024-12-22 05:48:16,683 - [Process 2/5] - INFO - res.shape is :torch.Size([32])
2024-12-22 05:48:16,873 - [Process 2/5] - INFO - len(per_windows_prompt):2
2024-12-22 05:48:22,350 - [Process 2/5] - INFO - res.shape is :torch.Size([32])
2024-12-22 05:48:22,579 - [Process 2/5] - INFO - len(per_windows_prompt):2
2024-12-22 05:48:27,930 - [Process 2/5] - INFO - res.shape is :torch.Size([5])
2024-12-22 05:48:28,169 - [Process 2/5] - INFO - len(per_windows_prompt):2
2024-12-22 05:48:33,371 - [Process 2/5] - INFO - res.shape is :torch.Size([6])
2024-12-22 05:48:33,641 - [Process 2/5] - INFO - len(per_windows_prompt):2
2024-12-22 05:48:40,268 - [Process 2/5] - INFO - res.shape is :torch.Size([32])
2024-12-22 05:48:40,551 - [Process 2/5] - INFO - len(per_windows_prompt):2
2024-12-22 05:48:45,374 - [Process 2/5] - INFO - res.shape is :torch.Size([22])
2024-12-22 05:48:45,546 - [Process 2/5] - INFO - len(per_windows_prompt):2
2024-12-22 05:48:52,021 - [Process 2/5] - INFO - res.shape is :torch.Size([32])
2024-12-22 05:48:52,114 - [Process 2/5] - INFO - len(per_windows_prompt):2
2024-12-22 05:48:55,148 - [Process 2/5] - INFO - res.shape is :torch.Size([20])
