2024-12-22 04:00:04,502 - [Process 3/5] - INFO - loading datasets finished
2024-12-22 04:00:04,503 - [Process 3/5] - INFO - model_max_len: 3950
2024-12-22 04:00:04,503 - [Process 3/5] - INFO - output_max_len: 32
2024-12-22 04:00:04,578 - [Process 3/5] - INFO - Max Length is 11516
2024-12-22 04:00:04,579 - [Process 3/5] - INFO - Finish loading dataset
2024-12-22 04:00:04,579 - [Process 3/5] - INFO - get_predicted begin
2024-12-22 04:00:09,357 - [Process 3/5] - INFO - len(per_windows_prompt):2
2024-12-22 04:00:14,266 - [Process 3/5] - INFO - res.shape is :torch.Size([6])
2024-12-22 04:00:14,561 - [Process 3/5] - INFO - len(per_windows_prompt):2
2024-12-22 04:00:18,683 - [Process 3/5] - INFO - res.shape is :torch.Size([3])
2024-12-22 04:00:18,949 - [Process 3/5] - INFO - len(per_windows_prompt):2
2024-12-22 04:00:23,166 - [Process 3/5] - INFO - res.shape is :torch.Size([6])
2024-12-22 04:00:23,424 - [Process 3/5] - INFO - len(per_windows_prompt):2
2024-12-22 04:00:27,594 - [Process 3/5] - INFO - res.shape is :torch.Size([6])
2024-12-22 04:00:27,856 - [Process 3/5] - INFO - len(per_windows_prompt):2
2024-12-22 04:00:31,751 - [Process 3/5] - INFO - res.shape is :torch.Size([3])
2024-12-22 04:00:31,995 - [Process 3/5] - INFO - len(per_windows_prompt):2
2024-12-22 04:00:36,154 - [Process 3/5] - INFO - res.shape is :torch.Size([6])
2024-12-22 04:00:36,418 - [Process 3/5] - INFO - len(per_windows_prompt):2
2024-12-22 04:00:40,556 - [Process 3/5] - INFO - res.shape is :torch.Size([6])
2024-12-22 04:00:40,788 - [Process 3/5] - INFO - len(per_windows_prompt):2
2024-12-22 04:00:44,965 - [Process 3/5] - INFO - res.shape is :torch.Size([6])
2024-12-22 04:00:45,226 - [Process 3/5] - INFO - len(per_windows_prompt):2
2024-12-22 04:00:49,344 - [Process 3/5] - INFO - res.shape is :torch.Size([6])
2024-12-22 04:00:49,588 - [Process 3/5] - INFO - len(per_windows_prompt):2
2024-12-22 04:00:53,591 - [Process 3/5] - INFO - res.shape is :torch.Size([3])
2024-12-22 04:00:53,831 - [Process 3/5] - INFO - len(per_windows_prompt):2
2024-12-22 04:00:57,964 - [Process 3/5] - INFO - res.shape is :torch.Size([6])
2024-12-22 04:00:58,216 - [Process 3/5] - INFO - len(per_windows_prompt):2
2024-12-22 04:01:02,399 - [Process 3/5] - INFO - res.shape is :torch.Size([6])
2024-12-22 04:01:02,658 - [Process 3/5] - INFO - len(per_windows_prompt):2
2024-12-22 04:01:06,837 - [Process 3/5] - INFO - res.shape is :torch.Size([3])
2024-12-22 04:01:07,096 - [Process 3/5] - INFO - len(per_windows_prompt):2
2024-12-22 04:01:11,073 - [Process 3/5] - INFO - res.shape is :torch.Size([3])
2024-12-22 04:01:11,319 - [Process 3/5] - INFO - len(per_windows_prompt):2
2024-12-22 04:01:15,318 - [Process 3/5] - INFO - res.shape is :torch.Size([3])
2024-12-22 04:01:15,568 - [Process 3/5] - INFO - len(per_windows_prompt):2
2024-12-22 04:01:19,796 - [Process 3/5] - INFO - res.shape is :torch.Size([6])
2024-12-22 04:01:20,053 - [Process 3/5] - INFO - len(per_windows_prompt):2
2024-12-22 04:01:24,024 - [Process 3/5] - INFO - res.shape is :torch.Size([3])
2024-12-22 04:01:24,269 - [Process 3/5] - INFO - len(per_windows_prompt):2
2024-12-22 04:01:28,581 - [Process 3/5] - INFO - res.shape is :torch.Size([6])
2024-12-22 04:01:28,827 - [Process 3/5] - INFO - len(per_windows_prompt):2
2024-12-22 04:01:32,677 - [Process 3/5] - INFO - res.shape is :torch.Size([3])
2024-12-22 04:01:32,933 - [Process 3/5] - INFO - len(per_windows_prompt):2
2024-12-22 04:01:37,019 - [Process 3/5] - INFO - res.shape is :torch.Size([6])
2024-12-22 04:01:37,281 - [Process 3/5] - INFO - len(per_windows_prompt):2
2024-12-22 04:01:41,524 - [Process 3/5] - INFO - res.shape is :torch.Size([6])
2024-12-22 04:01:41,764 - [Process 3/5] - INFO - len(per_windows_prompt):2
2024-12-22 04:01:45,914 - [Process 3/5] - INFO - res.shape is :torch.Size([6])
2024-12-22 04:01:46,168 - [Process 3/5] - INFO - len(per_windows_prompt):2
2024-12-22 04:01:50,604 - [Process 3/5] - INFO - res.shape is :torch.Size([6])
2024-12-22 04:01:50,846 - [Process 3/5] - INFO - len(per_windows_prompt):2
2024-12-22 04:01:54,890 - [Process 3/5] - INFO - res.shape is :torch.Size([3])
2024-12-22 04:01:55,147 - [Process 3/5] - INFO - len(per_windows_prompt):2
2024-12-22 04:01:59,368 - [Process 3/5] - INFO - res.shape is :torch.Size([6])
2024-12-22 04:01:59,617 - [Process 3/5] - INFO - len(per_windows_prompt):2
2024-12-22 04:02:03,663 - [Process 3/5] - INFO - res.shape is :torch.Size([3])
2024-12-22 04:02:03,905 - [Process 3/5] - INFO - len(per_windows_prompt):2
2024-12-22 04:02:07,978 - [Process 3/5] - INFO - res.shape is :torch.Size([3])
2024-12-22 04:02:08,224 - [Process 3/5] - INFO - len(per_windows_prompt):2
2024-12-22 04:02:12,290 - [Process 3/5] - INFO - res.shape is :torch.Size([6])
2024-12-22 04:02:12,543 - [Process 3/5] - INFO - len(per_windows_prompt):2
2024-12-22 04:02:16,742 - [Process 3/5] - INFO - res.shape is :torch.Size([6])
2024-12-22 04:02:16,985 - [Process 3/5] - INFO - len(per_windows_prompt):2
2024-12-22 04:02:21,404 - [Process 3/5] - INFO - res.shape is :torch.Size([6])
2024-12-22 04:02:21,645 - [Process 3/5] - INFO - len(per_windows_prompt):2
2024-12-22 04:02:25,821 - [Process 3/5] - INFO - res.shape is :torch.Size([6])
2024-12-22 04:02:26,078 - [Process 3/5] - INFO - len(per_windows_prompt):2
2024-12-22 04:02:30,338 - [Process 3/5] - INFO - res.shape is :torch.Size([3])
2024-12-22 04:02:30,570 - [Process 3/5] - INFO - len(per_windows_prompt):2
2024-12-22 04:02:34,649 - [Process 3/5] - INFO - res.shape is :torch.Size([6])
2024-12-22 04:02:34,900 - [Process 3/5] - INFO - len(per_windows_prompt):2
2024-12-22 04:02:38,926 - [Process 3/5] - INFO - res.shape is :torch.Size([3])
2024-12-22 04:02:39,181 - [Process 3/5] - INFO - len(per_windows_prompt):2
2024-12-22 04:02:43,328 - [Process 3/5] - INFO - res.shape is :torch.Size([3])
2024-12-22 04:02:43,562 - [Process 3/5] - INFO - len(per_windows_prompt):2
2024-12-22 04:02:47,708 - [Process 3/5] - INFO - res.shape is :torch.Size([3])
2024-12-22 04:02:47,963 - [Process 3/5] - INFO - len(per_windows_prompt):2
2024-12-22 04:02:52,292 - [Process 3/5] - INFO - res.shape is :torch.Size([6])
2024-12-22 04:02:52,539 - [Process 3/5] - INFO - len(per_windows_prompt):2
2024-12-22 04:02:56,695 - [Process 3/5] - INFO - res.shape is :torch.Size([6])
2024-12-22 04:02:56,963 - [Process 3/5] - INFO - len(per_windows_prompt):2
2024-12-22 04:03:01,152 - [Process 3/5] - INFO - res.shape is :torch.Size([6])
2024-12-22 04:03:01,410 - [Process 3/5] - INFO - len(per_windows_prompt):2
2024-12-22 04:03:05,667 - [Process 3/5] - INFO - res.shape is :torch.Size([6])
