2024-12-22 04:00:04,492 - [Process 4/5] - INFO - loading datasets finished
2024-12-22 04:00:04,492 - [Process 4/5] - INFO - model_max_len: 3950
2024-12-22 04:00:04,492 - [Process 4/5] - INFO - output_max_len: 32
2024-12-22 04:00:04,568 - [Process 4/5] - INFO - Max Length is 11516
2024-12-22 04:00:04,569 - [Process 4/5] - INFO - Finish loading dataset
2024-12-22 04:00:04,569 - [Process 4/5] - INFO - get_predicted begin
2024-12-22 04:00:09,355 - [Process 4/5] - INFO - len(per_windows_prompt):2
2024-12-22 04:00:14,211 - [Process 4/5] - INFO - res.shape is :torch.Size([6])
2024-12-22 04:00:14,486 - [Process 4/5] - INFO - len(per_windows_prompt):2
2024-12-22 04:00:18,574 - [Process 4/5] - INFO - res.shape is :torch.Size([6])
2024-12-22 04:00:18,833 - [Process 4/5] - INFO - len(per_windows_prompt):2
2024-12-22 04:00:22,948 - [Process 4/5] - INFO - res.shape is :torch.Size([6])
2024-12-22 04:00:23,217 - [Process 4/5] - INFO - len(per_windows_prompt):2
2024-12-22 04:00:27,189 - [Process 4/5] - INFO - res.shape is :torch.Size([3])
2024-12-22 04:00:27,448 - [Process 4/5] - INFO - len(per_windows_prompt):2
2024-12-22 04:00:31,400 - [Process 4/5] - INFO - res.shape is :torch.Size([3])
2024-12-22 04:00:31,666 - [Process 4/5] - INFO - len(per_windows_prompt):2
2024-12-22 04:00:35,688 - [Process 4/5] - INFO - res.shape is :torch.Size([5])
2024-12-22 04:00:35,953 - [Process 4/5] - INFO - len(per_windows_prompt):2
2024-12-22 04:00:40,039 - [Process 4/5] - INFO - res.shape is :torch.Size([6])
2024-12-22 04:00:40,301 - [Process 4/5] - INFO - len(per_windows_prompt):2
2024-12-22 04:00:44,219 - [Process 4/5] - INFO - res.shape is :torch.Size([3])
2024-12-22 04:00:44,476 - [Process 4/5] - INFO - len(per_windows_prompt):2
2024-12-22 04:00:48,739 - [Process 4/5] - INFO - res.shape is :torch.Size([6])
2024-12-22 04:00:48,999 - [Process 4/5] - INFO - len(per_windows_prompt):2
2024-12-22 04:00:52,974 - [Process 4/5] - INFO - res.shape is :torch.Size([3])
2024-12-22 04:00:53,242 - [Process 4/5] - INFO - len(per_windows_prompt):2
2024-12-22 04:00:57,608 - [Process 4/5] - INFO - res.shape is :torch.Size([6])
2024-12-22 04:00:57,859 - [Process 4/5] - INFO - len(per_windows_prompt):2
2024-12-22 04:01:01,847 - [Process 4/5] - INFO - res.shape is :torch.Size([6])
2024-12-22 04:01:02,105 - [Process 4/5] - INFO - len(per_windows_prompt):2
2024-12-22 04:01:06,270 - [Process 4/5] - INFO - res.shape is :torch.Size([6])
2024-12-22 04:01:06,514 - [Process 4/5] - INFO - len(per_windows_prompt):2
2024-12-22 04:01:10,532 - [Process 4/5] - INFO - res.shape is :torch.Size([3])
2024-12-22 04:01:10,774 - [Process 4/5] - INFO - len(per_windows_prompt):2
2024-12-22 04:01:14,769 - [Process 4/5] - INFO - res.shape is :torch.Size([3])
2024-12-22 04:01:15,053 - [Process 4/5] - INFO - len(per_windows_prompt):2
2024-12-22 04:01:19,136 - [Process 4/5] - INFO - res.shape is :torch.Size([3])
2024-12-22 04:01:19,432 - [Process 4/5] - INFO - len(per_windows_prompt):2
2024-12-22 04:01:23,476 - [Process 4/5] - INFO - res.shape is :torch.Size([6])
2024-12-22 04:01:23,733 - [Process 4/5] - INFO - len(per_windows_prompt):2
2024-12-22 04:01:27,669 - [Process 4/5] - INFO - res.shape is :torch.Size([3])
2024-12-22 04:01:27,933 - [Process 4/5] - INFO - len(per_windows_prompt):2
2024-12-22 04:01:32,389 - [Process 4/5] - INFO - res.shape is :torch.Size([6])
2024-12-22 04:01:32,641 - [Process 4/5] - INFO - len(per_windows_prompt):2
2024-12-22 04:01:36,820 - [Process 4/5] - INFO - res.shape is :torch.Size([6])
2024-12-22 04:01:37,097 - [Process 4/5] - INFO - len(per_windows_prompt):2
2024-12-22 04:01:41,231 - [Process 4/5] - INFO - res.shape is :torch.Size([6])
2024-12-22 04:01:41,509 - [Process 4/5] - INFO - len(per_windows_prompt):2
2024-12-22 04:01:45,646 - [Process 4/5] - INFO - res.shape is :torch.Size([6])
2024-12-22 04:01:45,931 - [Process 4/5] - INFO - len(per_windows_prompt):2
2024-12-22 04:01:49,919 - [Process 4/5] - INFO - res.shape is :torch.Size([3])
2024-12-22 04:01:50,189 - [Process 4/5] - INFO - len(per_windows_prompt):2
2024-12-22 04:01:54,267 - [Process 4/5] - INFO - res.shape is :torch.Size([3])
2024-12-22 04:01:54,523 - [Process 4/5] - INFO - len(per_windows_prompt):2
2024-12-22 04:01:58,777 - [Process 4/5] - INFO - res.shape is :torch.Size([6])
2024-12-22 04:01:59,042 - [Process 4/5] - INFO - len(per_windows_prompt):2
2024-12-22 04:02:03,099 - [Process 4/5] - INFO - res.shape is :torch.Size([6])
2024-12-22 04:02:03,354 - [Process 4/5] - INFO - len(per_windows_prompt):2
2024-12-22 04:02:07,452 - [Process 4/5] - INFO - res.shape is :torch.Size([3])
2024-12-22 04:02:07,725 - [Process 4/5] - INFO - len(per_windows_prompt):2
2024-12-22 04:02:11,802 - [Process 4/5] - INFO - res.shape is :torch.Size([3])
2024-12-22 04:02:12,073 - [Process 4/5] - INFO - len(per_windows_prompt):2
2024-12-22 04:02:16,222 - [Process 4/5] - INFO - res.shape is :torch.Size([6])
2024-12-22 04:02:16,496 - [Process 4/5] - INFO - len(per_windows_prompt):2
2024-12-22 04:02:20,507 - [Process 4/5] - INFO - res.shape is :torch.Size([5])
2024-12-22 04:02:20,761 - [Process 4/5] - INFO - len(per_windows_prompt):2
2024-12-22 04:02:24,919 - [Process 4/5] - INFO - res.shape is :torch.Size([6])
2024-12-22 04:02:25,161 - [Process 4/5] - INFO - len(per_windows_prompt):2
2024-12-22 04:02:29,376 - [Process 4/5] - INFO - res.shape is :torch.Size([6])
2024-12-22 04:02:29,624 - [Process 4/5] - INFO - len(per_windows_prompt):2
2024-12-22 04:02:33,899 - [Process 4/5] - INFO - res.shape is :torch.Size([6])
2024-12-22 04:02:34,172 - [Process 4/5] - INFO - len(per_windows_prompt):2
2024-12-22 04:02:38,450 - [Process 4/5] - INFO - res.shape is :torch.Size([6])
2024-12-22 04:02:38,727 - [Process 4/5] - INFO - len(per_windows_prompt):2
2024-12-22 04:02:42,664 - [Process 4/5] - INFO - res.shape is :torch.Size([3])
2024-12-22 04:02:42,926 - [Process 4/5] - INFO - len(per_windows_prompt):2
2024-12-22 04:02:47,016 - [Process 4/5] - INFO - res.shape is :torch.Size([3])
2024-12-22 04:02:47,260 - [Process 4/5] - INFO - len(per_windows_prompt):2
2024-12-22 04:02:51,647 - [Process 4/5] - INFO - res.shape is :torch.Size([6])
2024-12-22 04:02:51,935 - [Process 4/5] - INFO - len(per_windows_prompt):2
2024-12-22 04:02:56,094 - [Process 4/5] - INFO - res.shape is :torch.Size([6])
2024-12-22 04:02:56,354 - [Process 4/5] - INFO - len(per_windows_prompt):2
2024-12-22 04:03:00,304 - [Process 4/5] - INFO - res.shape is :torch.Size([3])
2024-12-22 04:03:00,578 - [Process 4/5] - INFO - len(per_windows_prompt):2
2024-12-22 04:03:04,915 - [Process 4/5] - INFO - res.shape is :torch.Size([6])
