2024-12-22 03:13:01,519 - [Process 0/5] - INFO - loading datasets finished
2024-12-22 03:13:01,520 - [Process 0/5] - INFO - model_max_len: 3950
2024-12-22 03:13:01,520 - [Process 0/5] - INFO - output_max_len: 128
2024-12-22 03:13:01,617 - [Process 0/5] - INFO - Max Length is 36418
2024-12-22 03:13:01,618 - [Process 0/5] - INFO - Finish loading dataset
2024-12-22 03:13:01,618 - [Process 0/5] - INFO - get_predicted begin
2024-12-22 03:13:06,371 - [Process 0/5] - INFO - len(per_windows_prompt):2
2024-12-22 03:13:10,983 - [Process 0/5] - INFO - res.shape is :torch.Size([4])
2024-12-22 03:13:11,424 - [Process 0/5] - INFO - len(per_windows_prompt):2
2024-12-22 03:13:15,977 - [Process 0/5] - INFO - res.shape is :torch.Size([19])
2024-12-22 03:13:16,212 - [Process 0/5] - INFO - len(per_windows_prompt):2
2024-12-22 03:13:20,149 - [Process 0/5] - INFO - res.shape is :torch.Size([6])
2024-12-22 03:13:20,370 - [Process 0/5] - INFO - len(per_windows_prompt):2
2024-12-22 03:13:24,479 - [Process 0/5] - INFO - res.shape is :torch.Size([10])
2024-12-22 03:13:24,946 - [Process 0/5] - INFO - len(per_windows_prompt):2
2024-12-22 03:13:29,022 - [Process 0/5] - INFO - res.shape is :torch.Size([9])
2024-12-22 03:13:29,288 - [Process 0/5] - INFO - len(per_windows_prompt):2
2024-12-22 03:13:33,244 - [Process 0/5] - INFO - res.shape is :torch.Size([6])
2024-12-22 03:13:33,624 - [Process 0/5] - INFO - len(per_windows_prompt):2
2024-12-22 03:13:37,385 - [Process 0/5] - INFO - res.shape is :torch.Size([2])
2024-12-22 03:13:37,886 - [Process 0/5] - INFO - len(per_windows_prompt):2
2024-12-22 03:13:41,747 - [Process 0/5] - INFO - res.shape is :torch.Size([5])
2024-12-22 03:13:42,154 - [Process 0/5] - INFO - len(per_windows_prompt):2
2024-12-22 03:13:45,894 - [Process 0/5] - INFO - res.shape is :torch.Size([2])
2024-12-22 03:13:46,108 - [Process 0/5] - INFO - len(per_windows_prompt):2
2024-12-22 03:13:50,004 - [Process 0/5] - INFO - res.shape is :torch.Size([5])
2024-12-22 03:13:50,452 - [Process 0/5] - INFO - len(per_windows_prompt):2
2024-12-22 03:13:54,904 - [Process 0/5] - INFO - res.shape is :torch.Size([17])
2024-12-22 03:13:55,174 - [Process 0/5] - INFO - len(per_windows_prompt):2
2024-12-22 03:13:59,623 - [Process 0/5] - INFO - res.shape is :torch.Size([17])
2024-12-22 03:13:59,862 - [Process 0/5] - INFO - len(per_windows_prompt):2
2024-12-22 03:14:03,777 - [Process 0/5] - INFO - res.shape is :torch.Size([5])
2024-12-22 03:14:04,025 - [Process 0/5] - INFO - len(per_windows_prompt):2
2024-12-22 03:14:08,498 - [Process 0/5] - INFO - res.shape is :torch.Size([18])
2024-12-22 03:14:08,758 - [Process 0/5] - INFO - len(per_windows_prompt):2
2024-12-22 03:14:12,652 - [Process 0/5] - INFO - res.shape is :torch.Size([5])
2024-12-22 03:14:13,147 - [Process 0/5] - INFO - len(per_windows_prompt):2
2024-12-22 03:14:18,121 - [Process 0/5] - INFO - res.shape is :torch.Size([30])
2024-12-22 03:14:18,426 - [Process 0/5] - INFO - len(per_windows_prompt):2
2024-12-22 03:14:23,037 - [Process 0/5] - INFO - res.shape is :torch.Size([22])
2024-12-22 03:14:23,485 - [Process 0/5] - INFO - len(per_windows_prompt):2
2024-12-22 03:14:27,985 - [Process 0/5] - INFO - res.shape is :torch.Size([17])
2024-12-22 03:14:28,355 - [Process 0/5] - INFO - len(per_windows_prompt):2
2024-12-22 03:14:32,486 - [Process 0/5] - INFO - res.shape is :torch.Size([10])
2024-12-22 03:14:32,702 - [Process 0/5] - INFO - len(per_windows_prompt):2
2024-12-22 03:14:36,551 - [Process 0/5] - INFO - res.shape is :torch.Size([3])
2024-12-22 03:14:36,805 - [Process 0/5] - INFO - len(per_windows_prompt):2
2024-12-22 03:14:40,974 - [Process 0/5] - INFO - res.shape is :torch.Size([10])
2024-12-22 03:14:41,427 - [Process 0/5] - INFO - len(per_windows_prompt):2
2024-12-22 03:14:45,590 - [Process 0/5] - INFO - res.shape is :torch.Size([10])
2024-12-22 03:14:46,143 - [Process 0/5] - INFO - len(per_windows_prompt):2
2024-12-22 03:14:50,149 - [Process 0/5] - INFO - res.shape is :torch.Size([7])
2024-12-22 03:14:50,363 - [Process 0/5] - INFO - len(per_windows_prompt):2
2024-12-22 03:14:54,296 - [Process 0/5] - INFO - res.shape is :torch.Size([5])
2024-12-22 03:14:54,685 - [Process 0/5] - INFO - len(per_windows_prompt):2
2024-12-22 03:14:58,454 - [Process 0/5] - INFO - res.shape is :torch.Size([2])
2024-12-22 03:14:58,821 - [Process 0/5] - INFO - len(per_windows_prompt):2
2024-12-22 03:15:02,686 - [Process 0/5] - INFO - res.shape is :torch.Size([4])
2024-12-22 03:15:02,923 - [Process 0/5] - INFO - len(per_windows_prompt):2
2024-12-22 03:15:06,861 - [Process 0/5] - INFO - res.shape is :torch.Size([5])
2024-12-22 03:15:07,440 - [Process 0/5] - INFO - len(per_windows_prompt):2
2024-12-22 03:15:11,707 - [Process 0/5] - INFO - res.shape is :torch.Size([12])
2024-12-22 03:15:12,120 - [Process 0/5] - INFO - len(per_windows_prompt):2
2024-12-22 03:15:16,066 - [Process 0/5] - INFO - res.shape is :torch.Size([6])
2024-12-22 03:15:16,456 - [Process 0/5] - INFO - len(per_windows_prompt):2
2024-12-22 03:15:20,574 - [Process 0/5] - INFO - res.shape is :torch.Size([10])
2024-12-22 03:15:20,863 - [Process 0/5] - INFO - len(per_windows_prompt):2
2024-12-22 03:15:25,788 - [Process 0/5] - INFO - res.shape is :torch.Size([27])
2024-12-22 03:15:26,175 - [Process 0/5] - INFO - len(per_windows_prompt):2
2024-12-22 03:15:29,997 - [Process 0/5] - INFO - res.shape is :torch.Size([3])
2024-12-22 03:15:30,381 - [Process 0/5] - INFO - len(per_windows_prompt):2
2024-12-22 03:15:34,264 - [Process 0/5] - INFO - res.shape is :torch.Size([4])
2024-12-22 03:15:34,679 - [Process 0/5] - INFO - len(per_windows_prompt):2
2024-12-22 03:15:38,711 - [Process 0/5] - INFO - res.shape is :torch.Size([7])
2024-12-22 03:15:38,969 - [Process 0/5] - INFO - len(per_windows_prompt):2
2024-12-22 03:15:42,870 - [Process 0/5] - INFO - res.shape is :torch.Size([4])
2024-12-22 03:15:43,294 - [Process 0/5] - INFO - len(per_windows_prompt):2
2024-12-22 03:15:47,571 - [Process 0/5] - INFO - res.shape is :torch.Size([14])
2024-12-22 03:15:48,123 - [Process 0/5] - INFO - len(per_windows_prompt):2
2024-12-22 03:15:52,262 - [Process 0/5] - INFO - res.shape is :torch.Size([10])
2024-12-22 03:15:52,516 - [Process 0/5] - INFO - len(per_windows_prompt):2
2024-12-22 03:15:56,549 - [Process 0/5] - INFO - res.shape is :torch.Size([7])
2024-12-22 03:15:57,032 - [Process 0/5] - INFO - len(per_windows_prompt):2
2024-12-22 03:16:00,883 - [Process 0/5] - INFO - res.shape is :torch.Size([4])
2024-12-22 03:16:01,287 - [Process 0/5] - INFO - len(per_windows_prompt):2
2024-12-22 03:16:05,740 - [Process 0/5] - INFO - res.shape is :torch.Size([17])
