2024-12-22 04:18:21,610 - [Process 4/5] - INFO - loading datasets finished
2024-12-22 04:18:21,610 - [Process 4/5] - INFO - model_max_len: 3950
2024-12-22 04:18:21,610 - [Process 4/5] - INFO - output_max_len: 64
2024-12-22 04:18:21,645 - [Process 4/5] - INFO - Max Length is 10029
2024-12-22 04:18:21,646 - [Process 4/5] - INFO - Finish loading dataset
2024-12-22 04:18:21,647 - [Process 4/5] - INFO - get_predicted begin
2024-12-22 04:18:26,461 - [Process 4/5] - INFO - len(per_windows_prompt):2
2024-12-22 04:18:33,592 - [Process 4/5] - INFO - res.shape is :torch.Size([64])
2024-12-22 04:18:33,722 - [Process 4/5] - INFO - len(per_windows_prompt):2
2024-12-22 04:18:39,124 - [Process 4/5] - INFO - res.shape is :torch.Size([64])
2024-12-22 04:18:39,256 - [Process 4/5] - INFO - len(per_windows_prompt):2
2024-12-22 04:18:44,651 - [Process 4/5] - INFO - res.shape is :torch.Size([64])
2024-12-22 04:18:44,767 - [Process 4/5] - INFO - len(per_windows_prompt):2
2024-12-22 04:18:48,543 - [Process 4/5] - INFO - res.shape is :torch.Size([32])
2024-12-22 04:18:48,717 - [Process 4/5] - INFO - len(per_windows_prompt):2
2024-12-22 04:18:55,179 - [Process 4/5] - INFO - res.shape is :torch.Size([64])
2024-12-22 04:18:55,375 - [Process 4/5] - INFO - len(per_windows_prompt):2
2024-12-22 04:19:01,774 - [Process 4/5] - INFO - res.shape is :torch.Size([64])
2024-12-22 04:19:01,963 - [Process 4/5] - INFO - len(per_windows_prompt):2
2024-12-22 04:19:08,424 - [Process 4/5] - INFO - res.shape is :torch.Size([64])
2024-12-22 04:19:08,503 - [Process 4/5] - INFO - len(per_windows_prompt):2
2024-12-22 04:19:13,033 - [Process 4/5] - INFO - res.shape is :torch.Size([64])
2024-12-22 04:19:13,218 - [Process 4/5] - INFO - len(per_windows_prompt):2
2024-12-22 04:19:19,590 - [Process 4/5] - INFO - res.shape is :torch.Size([64])
2024-12-22 04:19:19,718 - [Process 4/5] - INFO - len(per_windows_prompt):2
2024-12-22 04:19:24,837 - [Process 4/5] - INFO - res.shape is :torch.Size([64])
2024-12-22 04:19:25,073 - [Process 4/5] - INFO - len(per_windows_prompt):2
2024-12-22 04:19:31,373 - [Process 4/5] - INFO - res.shape is :torch.Size([64])
2024-12-22 04:19:31,476 - [Process 4/5] - INFO - len(per_windows_prompt):2
2024-12-22 04:19:36,084 - [Process 4/5] - INFO - res.shape is :torch.Size([64])
2024-12-22 04:19:36,236 - [Process 4/5] - INFO - len(per_windows_prompt):2
2024-12-22 04:19:41,784 - [Process 4/5] - INFO - res.shape is :torch.Size([64])
2024-12-22 04:19:41,988 - [Process 4/5] - INFO - len(per_windows_prompt):2
2024-12-22 04:19:48,487 - [Process 4/5] - INFO - res.shape is :torch.Size([64])
2024-12-22 04:19:48,609 - [Process 4/5] - INFO - len(per_windows_prompt):2
2024-12-22 04:19:53,910 - [Process 4/5] - INFO - res.shape is :torch.Size([64])
2024-12-22 04:19:54,037 - [Process 4/5] - INFO - len(per_windows_prompt):2
2024-12-22 04:19:59,202 - [Process 4/5] - INFO - res.shape is :torch.Size([64])
2024-12-22 04:19:59,329 - [Process 4/5] - INFO - len(per_windows_prompt):2
2024-12-22 04:20:04,444 - [Process 4/5] - INFO - res.shape is :torch.Size([64])
2024-12-22 04:20:04,591 - [Process 4/5] - INFO - len(per_windows_prompt):2
2024-12-22 04:20:10,220 - [Process 4/5] - INFO - res.shape is :torch.Size([64])
2024-12-22 04:20:10,326 - [Process 4/5] - INFO - len(per_windows_prompt):2
2024-12-22 04:20:14,993 - [Process 4/5] - INFO - res.shape is :torch.Size([64])
2024-12-22 04:20:15,177 - [Process 4/5] - INFO - len(per_windows_prompt):2
2024-12-22 04:20:21,782 - [Process 4/5] - INFO - res.shape is :torch.Size([64])
2024-12-22 04:20:21,905 - [Process 4/5] - INFO - len(per_windows_prompt):2
2024-12-22 04:20:27,190 - [Process 4/5] - INFO - res.shape is :torch.Size([62])
2024-12-22 04:20:27,308 - [Process 4/5] - INFO - len(per_windows_prompt):2
2024-12-22 04:20:32,525 - [Process 4/5] - INFO - res.shape is :torch.Size([64])
2024-12-22 04:20:32,731 - [Process 4/5] - INFO - len(per_windows_prompt):2
2024-12-22 04:20:39,407 - [Process 4/5] - INFO - res.shape is :torch.Size([64])
2024-12-22 04:20:39,568 - [Process 4/5] - INFO - len(per_windows_prompt):2
2024-12-22 04:20:45,324 - [Process 4/5] - INFO - res.shape is :torch.Size([64])
2024-12-22 04:20:45,437 - [Process 4/5] - INFO - len(per_windows_prompt):2
2024-12-22 04:20:50,299 - [Process 4/5] - INFO - res.shape is :torch.Size([64])
2024-12-22 04:20:50,402 - [Process 4/5] - INFO - len(per_windows_prompt):2
2024-12-22 04:20:55,031 - [Process 4/5] - INFO - res.shape is :torch.Size([64])
2024-12-22 04:20:55,203 - [Process 4/5] - INFO - len(per_windows_prompt):2
2024-12-22 04:21:01,234 - [Process 4/5] - INFO - res.shape is :torch.Size([64])
2024-12-22 04:21:01,412 - [Process 4/5] - INFO - len(per_windows_prompt):2
2024-12-22 04:21:07,948 - [Process 4/5] - INFO - res.shape is :torch.Size([64])
2024-12-22 04:21:08,070 - [Process 4/5] - INFO - len(per_windows_prompt):2
2024-12-22 04:21:13,393 - [Process 4/5] - INFO - res.shape is :torch.Size([64])
2024-12-22 04:21:13,524 - [Process 4/5] - INFO - len(per_windows_prompt):2
2024-12-22 04:21:17,984 - [Process 4/5] - INFO - res.shape is :torch.Size([39])
2024-12-22 04:21:18,100 - [Process 4/5] - INFO - len(per_windows_prompt):2
2024-12-22 04:21:22,881 - [Process 4/5] - INFO - res.shape is :torch.Size([64])
2024-12-22 04:21:22,954 - [Process 4/5] - INFO - len(per_windows_prompt):2
2024-12-22 04:21:26,942 - [Process 4/5] - INFO - res.shape is :torch.Size([64])
2024-12-22 04:21:27,046 - [Process 4/5] - INFO - len(per_windows_prompt):2
2024-12-22 04:21:31,403 - [Process 4/5] - INFO - res.shape is :torch.Size([64])
2024-12-22 04:21:31,606 - [Process 4/5] - INFO - len(per_windows_prompt):2
2024-12-22 04:21:36,791 - [Process 4/5] - INFO - res.shape is :torch.Size([38])
2024-12-22 04:21:36,982 - [Process 4/5] - INFO - len(per_windows_prompt):2
2024-12-22 04:21:43,365 - [Process 4/5] - INFO - res.shape is :torch.Size([64])
2024-12-22 04:21:43,504 - [Process 4/5] - INFO - len(per_windows_prompt):2
2024-12-22 04:21:49,099 - [Process 4/5] - INFO - res.shape is :torch.Size([64])
2024-12-22 04:21:49,185 - [Process 4/5] - INFO - len(per_windows_prompt):2
2024-12-22 04:21:53,614 - [Process 4/5] - INFO - res.shape is :torch.Size([64])
2024-12-22 04:21:53,719 - [Process 4/5] - INFO - len(per_windows_prompt):2
2024-12-22 04:21:58,585 - [Process 4/5] - INFO - res.shape is :torch.Size([64])
2024-12-22 04:21:58,721 - [Process 4/5] - INFO - len(per_windows_prompt):2
2024-12-22 04:22:04,078 - [Process 4/5] - INFO - res.shape is :torch.Size([64])
2024-12-22 04:22:04,241 - [Process 4/5] - INFO - len(per_windows_prompt):2
2024-12-22 04:22:10,140 - [Process 4/5] - INFO - res.shape is :torch.Size([64])
2024-12-22 04:22:10,265 - [Process 4/5] - INFO - len(per_windows_prompt):2
2024-12-22 04:22:15,588 - [Process 4/5] - INFO - res.shape is :torch.Size([64])
2024-12-22 04:22:15,685 - [Process 4/5] - INFO - len(per_windows_prompt):2
2024-12-22 04:22:20,495 - [Process 4/5] - INFO - res.shape is :torch.Size([64])
2024-12-22 04:22:20,602 - [Process 4/5] - INFO - len(per_windows_prompt):2
2024-12-22 04:22:25,625 - [Process 4/5] - INFO - res.shape is :torch.Size([64])
2024-12-22 04:22:25,869 - [Process 4/5] - INFO - len(per_windows_prompt):2
2024-12-22 04:22:32,518 - [Process 4/5] - INFO - res.shape is :torch.Size([64])
2024-12-22 04:22:32,678 - [Process 4/5] - INFO - len(per_windows_prompt):2
2024-12-22 04:22:38,245 - [Process 4/5] - INFO - res.shape is :torch.Size([64])
2024-12-22 04:22:38,362 - [Process 4/5] - INFO - len(per_windows_prompt):2
2024-12-22 04:22:43,328 - [Process 4/5] - INFO - res.shape is :torch.Size([64])
2024-12-22 04:22:43,429 - [Process 4/5] - INFO - len(per_windows_prompt):2
2024-12-22 04:22:47,816 - [Process 4/5] - INFO - res.shape is :torch.Size([64])
2024-12-22 04:22:47,922 - [Process 4/5] - INFO - len(per_windows_prompt):2
2024-12-22 04:22:52,494 - [Process 4/5] - INFO - res.shape is :torch.Size([64])
2024-12-22 04:22:52,568 - [Process 4/5] - INFO - len(per_windows_prompt):2
2024-12-22 04:22:56,942 - [Process 4/5] - INFO - res.shape is :torch.Size([64])
2024-12-22 04:22:57,097 - [Process 4/5] - INFO - len(per_windows_prompt):2
2024-12-22 04:23:02,415 - [Process 4/5] - INFO - res.shape is :torch.Size([64])
2024-12-22 04:23:02,485 - [Process 4/5] - INFO - len(per_windows_prompt):2
2024-12-22 04:23:07,311 - [Process 4/5] - INFO - res.shape is :torch.Size([64])
2024-12-22 04:23:07,371 - [Process 4/5] - INFO - len(per_windows_prompt):2
2024-12-22 04:23:11,680 - [Process 4/5] - INFO - res.shape is :torch.Size([64])
2024-12-22 04:23:11,759 - [Process 4/5] - INFO - len(per_windows_prompt):2
2024-12-22 04:23:17,004 - [Process 4/5] - INFO - res.shape is :torch.Size([64])
2024-12-22 04:23:17,109 - [Process 4/5] - INFO - len(per_windows_prompt):2
2024-12-22 04:23:23,379 - [Process 4/5] - INFO - res.shape is :torch.Size([64])
2024-12-22 04:23:23,443 - [Process 4/5] - INFO - len(per_windows_prompt):2
2024-12-22 04:23:27,833 - [Process 4/5] - INFO - res.shape is :torch.Size([64])
2024-12-22 04:23:27,945 - [Process 4/5] - INFO - len(per_windows_prompt):2
2024-12-22 04:23:34,033 - [Process 4/5] - INFO - res.shape is :torch.Size([64])
2024-12-22 04:23:34,116 - [Process 4/5] - INFO - len(per_windows_prompt):2
2024-12-22 04:23:39,358 - [Process 4/5] - INFO - res.shape is :torch.Size([64])
2024-12-22 04:23:39,459 - [Process 4/5] - INFO - len(per_windows_prompt):2
2024-12-22 04:23:45,614 - [Process 4/5] - INFO - res.shape is :torch.Size([64])
2024-12-22 04:23:45,738 - [Process 4/5] - INFO - len(per_windows_prompt):2
2024-12-22 04:23:52,019 - [Process 4/5] - INFO - res.shape is :torch.Size([64])
2024-12-22 04:23:52,088 - [Process 4/5] - INFO - len(per_windows_prompt):2
2024-12-22 04:23:56,933 - [Process 4/5] - INFO - res.shape is :torch.Size([64])
2024-12-22 04:23:56,996 - [Process 4/5] - INFO - len(per_windows_prompt):2
2024-12-22 04:24:01,397 - [Process 4/5] - INFO - res.shape is :torch.Size([64])
2024-12-22 04:24:01,506 - [Process 4/5] - INFO - len(per_windows_prompt):2
2024-12-22 04:24:07,679 - [Process 4/5] - INFO - res.shape is :torch.Size([64])
2024-12-22 04:24:07,761 - [Process 4/5] - INFO - len(per_windows_prompt):2
2024-12-22 04:24:12,958 - [Process 4/5] - INFO - res.shape is :torch.Size([64])
2024-12-22 04:24:13,073 - [Process 4/5] - INFO - len(per_windows_prompt):2
2024-12-22 04:24:19,347 - [Process 4/5] - INFO - res.shape is :torch.Size([64])
2024-12-22 04:24:19,460 - [Process 4/5] - INFO - len(per_windows_prompt):2
2024-12-22 04:24:25,508 - [Process 4/5] - INFO - res.shape is :torch.Size([63])
2024-12-22 04:24:25,594 - [Process 4/5] - INFO - len(per_windows_prompt):2
2024-12-22 04:24:31,116 - [Process 4/5] - INFO - res.shape is :torch.Size([64])
2024-12-22 04:24:31,210 - [Process 4/5] - INFO - len(per_windows_prompt):2
2024-12-22 04:24:37,112 - [Process 4/5] - INFO - res.shape is :torch.Size([64])
2024-12-22 04:24:37,234 - [Process 4/5] - INFO - len(per_windows_prompt):2
2024-12-22 04:24:43,399 - [Process 4/5] - INFO - res.shape is :torch.Size([64])
2024-12-22 04:24:43,515 - [Process 4/5] - INFO - len(per_windows_prompt):2
2024-12-22 04:24:49,490 - [Process 4/5] - INFO - res.shape is :torch.Size([61])
2024-12-22 04:24:49,555 - [Process 4/5] - INFO - len(per_windows_prompt):2
2024-12-22 04:24:53,673 - [Process 4/5] - INFO - res.shape is :torch.Size([55])
2024-12-22 04:24:53,750 - [Process 4/5] - INFO - len(per_windows_prompt):2
2024-12-22 04:24:58,838 - [Process 4/5] - INFO - res.shape is :torch.Size([64])
2024-12-22 04:24:58,939 - [Process 4/5] - INFO - len(per_windows_prompt):2
2024-12-22 04:25:05,111 - [Process 4/5] - INFO - res.shape is :torch.Size([64])
2024-12-22 04:25:05,169 - [Process 4/5] - INFO - len(per_windows_prompt):2
2024-12-22 04:25:07,928 - [Process 4/5] - INFO - res.shape is :torch.Size([23])
2024-12-22 04:25:08,031 - [Process 4/5] - INFO - len(per_windows_prompt):2
2024-12-22 04:25:14,131 - [Process 4/5] - INFO - res.shape is :torch.Size([64])
2024-12-22 04:25:14,189 - [Process 4/5] - INFO - len(per_windows_prompt):2
2024-12-22 04:25:17,556 - [Process 4/5] - INFO - res.shape is :torch.Size([39])
2024-12-22 04:25:17,667 - [Process 4/5] - INFO - len(per_windows_prompt):2
2024-12-22 04:25:23,755 - [Process 4/5] - INFO - res.shape is :torch.Size([64])
2024-12-22 04:25:23,818 - [Process 4/5] - INFO - len(per_windows_prompt):2
2024-12-22 04:25:28,142 - [Process 4/5] - INFO - res.shape is :torch.Size([64])
2024-12-22 04:25:28,211 - [Process 4/5] - INFO - len(per_windows_prompt):2
2024-12-22 04:25:32,849 - [Process 4/5] - INFO - res.shape is :torch.Size([64])
2024-12-22 04:25:32,912 - [Process 4/5] - INFO - len(per_windows_prompt):2
2024-12-22 04:25:37,342 - [Process 4/5] - INFO - res.shape is :torch.Size([64])
2024-12-22 04:25:37,422 - [Process 4/5] - INFO - len(per_windows_prompt):2
2024-12-22 04:25:42,522 - [Process 4/5] - INFO - res.shape is :torch.Size([64])
2024-12-22 04:25:42,593 - [Process 4/5] - INFO - len(per_windows_prompt):2
2024-12-22 04:25:46,905 - [Process 4/5] - INFO - res.shape is :torch.Size([56])
2024-12-22 04:25:47,011 - [Process 4/5] - INFO - len(per_windows_prompt):2
2024-12-22 04:25:53,116 - [Process 4/5] - INFO - res.shape is :torch.Size([64])
2024-12-22 04:25:53,219 - [Process 4/5] - INFO - len(per_windows_prompt):2
2024-12-22 04:25:59,396 - [Process 4/5] - INFO - res.shape is :torch.Size([64])
2024-12-22 04:25:59,500 - [Process 4/5] - INFO - len(per_windows_prompt):2
2024-12-22 04:26:05,547 - [Process 4/5] - INFO - res.shape is :torch.Size([64])
2024-12-22 04:26:05,665 - [Process 4/5] - INFO - len(per_windows_prompt):2
2024-12-22 04:26:11,848 - [Process 4/5] - INFO - res.shape is :torch.Size([64])
2024-12-22 04:26:11,894 - [Process 4/5] - INFO - len(per_windows_prompt):2
2024-12-22 04:26:15,582 - [Process 4/5] - INFO - res.shape is :torch.Size([64])
2024-12-22 04:26:15,688 - [Process 4/5] - INFO - len(per_windows_prompt):2
2024-12-22 04:26:21,785 - [Process 4/5] - INFO - res.shape is :torch.Size([64])
2024-12-22 04:26:21,895 - [Process 4/5] - INFO - len(per_windows_prompt):2
2024-12-22 04:26:28,065 - [Process 4/5] - INFO - res.shape is :torch.Size([64])
2024-12-22 04:26:28,133 - [Process 4/5] - INFO - len(per_windows_prompt):2
2024-12-22 04:26:32,531 - [Process 4/5] - INFO - res.shape is :torch.Size([64])
2024-12-22 04:26:32,602 - [Process 4/5] - INFO - len(per_windows_prompt):2
2024-12-22 04:26:37,199 - [Process 4/5] - INFO - res.shape is :torch.Size([64])
2024-12-22 04:26:37,326 - [Process 4/5] - INFO - len(per_windows_prompt):2
2024-12-22 04:26:43,515 - [Process 4/5] - INFO - res.shape is :torch.Size([64])
2024-12-22 04:26:43,593 - [Process 4/5] - INFO - len(per_windows_prompt):2
2024-12-22 04:26:47,523 - [Process 4/5] - INFO - res.shape is :torch.Size([37])
2024-12-22 04:26:47,624 - [Process 4/5] - INFO - len(per_windows_prompt):2
2024-12-22 04:26:53,904 - [Process 4/5] - INFO - res.shape is :torch.Size([64])
2024-12-22 04:26:53,952 - [Process 4/5] - INFO - len(per_windows_prompt):2
2024-12-22 04:26:57,761 - [Process 4/5] - INFO - res.shape is :torch.Size([64])
2024-12-22 04:26:57,855 - [Process 4/5] - INFO - len(per_windows_prompt):2
2024-12-22 04:27:03,450 - [Process 4/5] - INFO - res.shape is :torch.Size([64])
2024-12-22 04:27:03,525 - [Process 4/5] - INFO - len(per_windows_prompt):2
2024-12-22 04:27:08,382 - [Process 4/5] - INFO - res.shape is :torch.Size([64])
2024-12-22 04:27:08,494 - [Process 4/5] - INFO - len(per_windows_prompt):2
2024-12-22 04:27:14,789 - [Process 4/5] - INFO - res.shape is :torch.Size([64])
2024-12-22 04:27:14,875 - [Process 4/5] - INFO - len(per_windows_prompt):2
2024-12-22 04:27:20,404 - [Process 4/5] - INFO - res.shape is :torch.Size([64])
2024-12-22 04:27:20,481 - [Process 4/5] - INFO - len(per_windows_prompt):2
2024-12-22 04:27:25,489 - [Process 4/5] - INFO - res.shape is :torch.Size([64])
2024-12-22 04:27:25,546 - [Process 4/5] - INFO - len(per_windows_prompt):2
2024-12-22 04:27:29,711 - [Process 4/5] - INFO - res.shape is :torch.Size([64])
