2024-12-22 06:41:35,059 - [Process 1/5] - INFO - loading datasets finished
2024-12-22 06:41:35,059 - [Process 1/5] - INFO - model_max_len: 3950
2024-12-22 06:41:35,059 - [Process 1/5] - INFO - output_max_len: 512
2024-12-22 06:41:35,128 - [Process 1/5] - INFO - Max Length is 40508
2024-12-22 06:41:35,129 - [Process 1/5] - INFO - Finish loading dataset
2024-12-22 06:41:35,129 - [Process 1/5] - INFO - get_predicted begin
2024-12-22 06:41:39,911 - [Process 1/5] - INFO - len(per_windows_prompt):2
2024-12-22 06:41:58,347 - [Process 1/5] - INFO - res.shape is :torch.Size([313])
2024-12-22 06:41:58,569 - [Process 1/5] - INFO - len(per_windows_prompt):2
2024-12-22 06:42:14,141 - [Process 1/5] - INFO - res.shape is :torch.Size([266])
2024-12-22 06:42:14,460 - [Process 1/5] - INFO - len(per_windows_prompt):2
2024-12-22 06:42:26,969 - [Process 1/5] - INFO - res.shape is :torch.Size([194])
2024-12-22 06:42:27,229 - [Process 1/5] - INFO - len(per_windows_prompt):2
2024-12-22 06:42:42,555 - [Process 1/5] - INFO - res.shape is :torch.Size([254])
2024-12-22 06:42:42,934 - [Process 1/5] - INFO - len(per_windows_prompt):2
2024-12-22 06:43:01,994 - [Process 1/5] - INFO - res.shape is :torch.Size([337])
2024-12-22 06:43:02,333 - [Process 1/5] - INFO - len(per_windows_prompt):2
2024-12-22 06:43:29,072 - [Process 1/5] - INFO - res.shape is :torch.Size([512])
2024-12-22 06:43:29,460 - [Process 1/5] - INFO - len(per_windows_prompt):2
2024-12-22 06:43:42,600 - [Process 1/5] - INFO - res.shape is :torch.Size([211])
2024-12-22 06:43:42,853 - [Process 1/5] - INFO - len(per_windows_prompt):2
2024-12-22 06:43:54,659 - [Process 1/5] - INFO - res.shape is :torch.Size([180])
2024-12-22 06:43:54,933 - [Process 1/5] - INFO - len(per_windows_prompt):2
2024-12-22 06:44:08,977 - [Process 1/5] - INFO - res.shape is :torch.Size([228])
2024-12-22 06:44:09,252 - [Process 1/5] - INFO - len(per_windows_prompt):2
2024-12-22 06:44:20,616 - [Process 1/5] - INFO - res.shape is :torch.Size([172])
2024-12-22 06:44:20,866 - [Process 1/5] - INFO - len(per_windows_prompt):2
2024-12-22 06:44:32,774 - [Process 1/5] - INFO - res.shape is :torch.Size([186])
2024-12-22 06:44:33,022 - [Process 1/5] - INFO - len(per_windows_prompt):2
2024-12-22 06:44:51,826 - [Process 1/5] - INFO - res.shape is :torch.Size([335])
2024-12-22 06:44:52,136 - [Process 1/5] - INFO - len(per_windows_prompt):2
2024-12-22 06:45:08,795 - [Process 1/5] - INFO - res.shape is :torch.Size([289])
2024-12-22 06:45:09,125 - [Process 1/5] - INFO - len(per_windows_prompt):2
2024-12-22 06:45:22,604 - [Process 1/5] - INFO - res.shape is :torch.Size([219])
2024-12-22 06:45:22,839 - [Process 1/5] - INFO - len(per_windows_prompt):2
2024-12-22 06:45:33,965 - [Process 1/5] - INFO - res.shape is :torch.Size([161])
2024-12-22 06:45:34,190 - [Process 1/5] - INFO - len(per_windows_prompt):2
2024-12-22 06:45:51,737 - [Process 1/5] - INFO - res.shape is :torch.Size([306])
2024-12-22 06:45:52,288 - [Process 1/5] - INFO - len(per_windows_prompt):2
2024-12-22 06:46:03,645 - [Process 1/5] - INFO - res.shape is :torch.Size([168])
2024-12-22 06:46:03,866 - [Process 1/5] - INFO - len(per_windows_prompt):2
2024-12-22 06:46:14,845 - [Process 1/5] - INFO - res.shape is :torch.Size([156])
2024-12-22 06:46:15,074 - [Process 1/5] - INFO - len(per_windows_prompt):2
2024-12-22 06:46:28,929 - [Process 1/5] - INFO - res.shape is :torch.Size([224])
2024-12-22 06:46:29,520 - [Process 1/5] - INFO - len(per_windows_prompt):2
2024-12-22 06:46:45,305 - [Process 1/5] - INFO - res.shape is :torch.Size([265])
2024-12-22 06:46:45,560 - [Process 1/5] - INFO - len(per_windows_prompt):2
2024-12-22 06:46:59,840 - [Process 1/5] - INFO - res.shape is :torch.Size([233])
2024-12-22 06:47:00,063 - [Process 1/5] - INFO - len(per_windows_prompt):2
2024-12-22 06:47:15,282 - [Process 1/5] - INFO - res.shape is :torch.Size([259])
2024-12-22 06:47:15,539 - [Process 1/5] - INFO - len(per_windows_prompt):2
2024-12-22 06:47:33,495 - [Process 1/5] - INFO - res.shape is :torch.Size([313])
2024-12-22 06:47:33,767 - [Process 1/5] - INFO - len(per_windows_prompt):2
2024-12-22 06:47:51,975 - [Process 1/5] - INFO - res.shape is :torch.Size([322])
2024-12-22 06:47:52,233 - [Process 1/5] - INFO - len(per_windows_prompt):2
2024-12-22 06:48:05,527 - [Process 1/5] - INFO - res.shape is :torch.Size([210])
2024-12-22 06:48:05,724 - [Process 1/5] - INFO - len(per_windows_prompt):2
2024-12-22 06:48:25,143 - [Process 1/5] - INFO - res.shape is :torch.Size([347])
2024-12-22 06:48:25,393 - [Process 1/5] - INFO - len(per_windows_prompt):2
2024-12-22 06:48:38,387 - [Process 1/5] - INFO - res.shape is :torch.Size([208])
2024-12-22 06:48:38,738 - [Process 1/5] - INFO - len(per_windows_prompt):2
2024-12-22 06:48:50,417 - [Process 1/5] - INFO - res.shape is :torch.Size([178])
2024-12-22 06:48:50,769 - [Process 1/5] - INFO - len(per_windows_prompt):2
2024-12-22 06:49:02,148 - [Process 1/5] - INFO - res.shape is :torch.Size([173])
2024-12-22 06:49:02,522 - [Process 1/5] - INFO - len(per_windows_prompt):2
2024-12-22 06:49:18,222 - [Process 1/5] - INFO - res.shape is :torch.Size([269])
2024-12-22 06:49:18,459 - [Process 1/5] - INFO - len(per_windows_prompt):2
2024-12-22 06:49:33,625 - [Process 1/5] - INFO - res.shape is :torch.Size([257])
2024-12-22 06:49:33,870 - [Process 1/5] - INFO - len(per_windows_prompt):2
2024-12-22 06:49:50,474 - [Process 1/5] - INFO - res.shape is :torch.Size([283])
2024-12-22 06:49:50,750 - [Process 1/5] - INFO - len(per_windows_prompt):2
2024-12-22 06:50:05,307 - [Process 1/5] - INFO - res.shape is :torch.Size([244])
2024-12-22 06:50:05,598 - [Process 1/5] - INFO - len(per_windows_prompt):2
2024-12-22 06:50:18,182 - [Process 1/5] - INFO - res.shape is :torch.Size([196])
2024-12-22 06:50:18,384 - [Process 1/5] - INFO - len(per_windows_prompt):2
2024-12-22 06:50:26,711 - [Process 1/5] - INFO - res.shape is :torch.Size([105])
2024-12-22 06:50:27,040 - [Process 1/5] - INFO - len(per_windows_prompt):2
2024-12-22 06:50:39,214 - [Process 1/5] - INFO - res.shape is :torch.Size([191])
2024-12-22 06:50:39,608 - [Process 1/5] - INFO - len(per_windows_prompt):2
2024-12-22 06:50:52,917 - [Process 1/5] - INFO - res.shape is :torch.Size([218])
2024-12-22 06:50:53,121 - [Process 1/5] - INFO - len(per_windows_prompt):2
2024-12-22 06:51:08,710 - [Process 1/5] - INFO - res.shape is :torch.Size([263])
2024-12-22 06:51:08,881 - [Process 1/5] - INFO - len(per_windows_prompt):2
2024-12-22 06:51:19,336 - [Process 1/5] - INFO - res.shape is :torch.Size([158])
2024-12-22 06:51:19,604 - [Process 1/5] - INFO - len(per_windows_prompt):2
2024-12-22 06:51:31,745 - [Process 1/5] - INFO - res.shape is :torch.Size([200])
