2024-12-22 01:11:23,002 - [Process 4/5] - INFO - loading datasets finished
2024-12-22 01:11:23,002 - [Process 4/5] - INFO - model_max_len: 3950
2024-12-22 01:11:23,002 - [Process 4/5] - INFO - output_max_len: 128
2024-12-22 01:11:23,065 - [Process 4/5] - INFO - Max Length is 36418
2024-12-22 01:11:23,065 - [Process 4/5] - INFO - Finish loading dataset
2024-12-22 01:11:23,065 - [Process 4/5] - INFO - get_predicted begin
2024-12-22 01:11:27,808 - [Process 4/5] - INFO - len(per_windows_prompt):2
2024-12-22 01:11:32,503 - [Process 4/5] - INFO - res.shape is :torch.Size([8])
2024-12-22 01:11:32,798 - [Process 4/5] - INFO - len(per_windows_prompt):2
2024-12-22 01:11:36,851 - [Process 4/5] - INFO - res.shape is :torch.Size([6])
2024-12-22 01:11:36,995 - [Process 4/5] - INFO - len(per_windows_prompt):2
2024-12-22 01:11:41,137 - [Process 4/5] - INFO - res.shape is :torch.Size([8])
2024-12-22 01:11:41,387 - [Process 4/5] - INFO - len(per_windows_prompt):2
2024-12-22 01:11:45,316 - [Process 4/5] - INFO - res.shape is :torch.Size([7])
2024-12-22 01:11:45,455 - [Process 4/5] - INFO - len(per_windows_prompt):2
2024-12-22 01:11:49,336 - [Process 4/5] - INFO - res.shape is :torch.Size([5])
2024-12-22 01:11:49,624 - [Process 4/5] - INFO - len(per_windows_prompt):2
2024-12-22 01:11:53,694 - [Process 4/5] - INFO - res.shape is :torch.Size([6])
2024-12-22 01:11:53,835 - [Process 4/5] - INFO - len(per_windows_prompt):2
2024-12-22 01:11:57,736 - [Process 4/5] - INFO - res.shape is :torch.Size([5])
2024-12-22 01:11:57,922 - [Process 4/5] - INFO - len(per_windows_prompt):2
2024-12-22 01:12:02,647 - [Process 4/5] - INFO - res.shape is :torch.Size([22])
2024-12-22 01:12:03,019 - [Process 4/5] - INFO - len(per_windows_prompt):2
2024-12-22 01:12:07,145 - [Process 4/5] - INFO - res.shape is :torch.Size([8])
2024-12-22 01:12:07,407 - [Process 4/5] - INFO - len(per_windows_prompt):2
2024-12-22 01:12:12,470 - [Process 4/5] - INFO - res.shape is :torch.Size([34])
2024-12-22 01:12:12,598 - [Process 4/5] - INFO - len(per_windows_prompt):2
2024-12-22 01:12:16,535 - [Process 4/5] - INFO - res.shape is :torch.Size([6])
2024-12-22 01:12:16,677 - [Process 4/5] - INFO - len(per_windows_prompt):2
2024-12-22 01:12:20,825 - [Process 4/5] - INFO - res.shape is :torch.Size([7])
2024-12-22 01:12:21,092 - [Process 4/5] - INFO - len(per_windows_prompt):2
2024-12-22 01:12:25,186 - [Process 4/5] - INFO - res.shape is :torch.Size([10])
2024-12-22 01:12:25,524 - [Process 4/5] - INFO - len(per_windows_prompt):2
2024-12-22 01:12:29,571 - [Process 4/5] - INFO - res.shape is :torch.Size([9])
2024-12-22 01:12:29,755 - [Process 4/5] - INFO - len(per_windows_prompt):2
2024-12-22 01:12:33,787 - [Process 4/5] - INFO - res.shape is :torch.Size([4])
2024-12-22 01:12:33,947 - [Process 4/5] - INFO - len(per_windows_prompt):2
2024-12-22 01:12:38,031 - [Process 4/5] - INFO - res.shape is :torch.Size([5])
2024-12-22 01:12:38,369 - [Process 4/5] - INFO - len(per_windows_prompt):2
2024-12-22 01:12:42,256 - [Process 4/5] - INFO - res.shape is :torch.Size([4])
2024-12-22 01:12:42,547 - [Process 4/5] - INFO - len(per_windows_prompt):2
2024-12-22 01:12:46,714 - [Process 4/5] - INFO - res.shape is :torch.Size([7])
2024-12-22 01:12:46,877 - [Process 4/5] - INFO - len(per_windows_prompt):2
2024-12-22 01:12:51,255 - [Process 4/5] - INFO - res.shape is :torch.Size([12])
2024-12-22 01:12:51,622 - [Process 4/5] - INFO - len(per_windows_prompt):2
2024-12-22 01:12:55,827 - [Process 4/5] - INFO - res.shape is :torch.Size([9])
2024-12-22 01:12:56,075 - [Process 4/5] - INFO - len(per_windows_prompt):2
2024-12-22 01:12:59,913 - [Process 4/5] - INFO - res.shape is :torch.Size([3])
2024-12-22 01:13:00,257 - [Process 4/5] - INFO - len(per_windows_prompt):2
2024-12-22 01:13:09,285 - [Process 4/5] - INFO - res.shape is :torch.Size([128])
2024-12-22 01:13:09,653 - [Process 4/5] - INFO - len(per_windows_prompt):2
2024-12-22 01:13:13,791 - [Process 4/5] - INFO - res.shape is :torch.Size([7])
2024-12-22 01:13:13,931 - [Process 4/5] - INFO - len(per_windows_prompt):2
2024-12-22 01:13:18,572 - [Process 4/5] - INFO - res.shape is :torch.Size([21])
2024-12-22 01:13:18,701 - [Process 4/5] - INFO - len(per_windows_prompt):2
2024-12-22 01:13:22,680 - [Process 4/5] - INFO - res.shape is :torch.Size([6])
2024-12-22 01:13:22,949 - [Process 4/5] - INFO - len(per_windows_prompt):2
2024-12-22 01:13:26,969 - [Process 4/5] - INFO - res.shape is :torch.Size([7])
2024-12-22 01:13:27,098 - [Process 4/5] - INFO - len(per_windows_prompt):2
2024-12-22 01:13:31,056 - [Process 4/5] - INFO - res.shape is :torch.Size([4])
2024-12-22 01:13:31,232 - [Process 4/5] - INFO - len(per_windows_prompt):2
2024-12-22 01:13:36,197 - [Process 4/5] - INFO - res.shape is :torch.Size([26])
2024-12-22 01:13:36,324 - [Process 4/5] - INFO - len(per_windows_prompt):2
2024-12-22 01:13:40,473 - [Process 4/5] - INFO - res.shape is :torch.Size([10])
2024-12-22 01:13:40,813 - [Process 4/5] - INFO - len(per_windows_prompt):2
2024-12-22 01:13:44,795 - [Process 4/5] - INFO - res.shape is :torch.Size([6])
2024-12-22 01:13:44,971 - [Process 4/5] - INFO - len(per_windows_prompt):2
2024-12-22 01:13:49,039 - [Process 4/5] - INFO - res.shape is :torch.Size([4])
2024-12-22 01:13:49,291 - [Process 4/5] - INFO - len(per_windows_prompt):2
2024-12-22 01:13:53,409 - [Process 4/5] - INFO - res.shape is :torch.Size([5])
2024-12-22 01:13:53,561 - [Process 4/5] - INFO - len(per_windows_prompt):2
2024-12-22 01:13:58,413 - [Process 4/5] - INFO - res.shape is :torch.Size([23])
2024-12-22 01:13:58,636 - [Process 4/5] - INFO - len(per_windows_prompt):2
2024-12-22 01:14:02,714 - [Process 4/5] - INFO - res.shape is :torch.Size([4])
2024-12-22 01:14:02,899 - [Process 4/5] - INFO - len(per_windows_prompt):2
2024-12-22 01:14:06,929 - [Process 4/5] - INFO - res.shape is :torch.Size([3])
2024-12-22 01:14:07,082 - [Process 4/5] - INFO - len(per_windows_prompt):2
2024-12-22 01:14:11,063 - [Process 4/5] - INFO - res.shape is :torch.Size([6])
2024-12-22 01:14:11,215 - [Process 4/5] - INFO - len(per_windows_prompt):2
2024-12-22 01:14:15,344 - [Process 4/5] - INFO - res.shape is :torch.Size([5])
2024-12-22 01:14:15,624 - [Process 4/5] - INFO - len(per_windows_prompt):2
2024-12-22 01:14:19,838 - [Process 4/5] - INFO - res.shape is :torch.Size([7])
2024-12-22 01:14:20,053 - [Process 4/5] - INFO - len(per_windows_prompt):2
2024-12-22 01:14:23,989 - [Process 4/5] - INFO - res.shape is :torch.Size([3])
2024-12-22 01:14:24,209 - [Process 4/5] - INFO - len(per_windows_prompt):2
2024-12-22 01:14:28,938 - [Process 4/5] - INFO - res.shape is :torch.Size([20])
