2024-12-22 02:11:58,138 - [Process 3/5] - INFO - loading datasets finished
2024-12-22 02:11:58,138 - [Process 3/5] - INFO - model_max_len: 3950
2024-12-22 02:11:58,138 - [Process 3/5] - INFO - output_max_len: 128
2024-12-22 02:11:58,212 - [Process 3/5] - INFO - Max Length is 12252
2024-12-22 02:11:58,212 - [Process 3/5] - INFO - Finish loading dataset
2024-12-22 02:11:58,213 - [Process 3/5] - INFO - get_predicted begin
2024-12-22 02:12:02,995 - [Process 3/5] - INFO - len(per_windows_prompt):2
2024-12-22 02:12:08,184 - [Process 3/5] - INFO - res.shape is :torch.Size([16])
2024-12-22 02:12:08,369 - [Process 3/5] - INFO - len(per_windows_prompt):2
2024-12-22 02:12:16,089 - [Process 3/5] - INFO - res.shape is :torch.Size([66])
2024-12-22 02:12:16,319 - [Process 3/5] - INFO - len(per_windows_prompt):2
2024-12-22 02:12:23,822 - [Process 3/5] - INFO - res.shape is :torch.Size([78])
2024-12-22 02:12:24,115 - [Process 3/5] - INFO - len(per_windows_prompt):2
2024-12-22 02:12:32,544 - [Process 3/5] - INFO - res.shape is :torch.Size([92])
2024-12-22 02:12:32,737 - [Process 3/5] - INFO - len(per_windows_prompt):2
2024-12-22 02:12:38,867 - [Process 3/5] - INFO - res.shape is :torch.Size([44])
2024-12-22 02:12:39,060 - [Process 3/5] - INFO - len(per_windows_prompt):2
2024-12-22 02:12:48,225 - [Process 3/5] - INFO - res.shape is :torch.Size([112])
2024-12-22 02:12:48,492 - [Process 3/5] - INFO - len(per_windows_prompt):2
2024-12-22 02:12:53,955 - [Process 3/5] - INFO - res.shape is :torch.Size([35])
2024-12-22 02:12:54,206 - [Process 3/5] - INFO - len(per_windows_prompt):2
2024-12-22 02:13:00,109 - [Process 3/5] - INFO - res.shape is :torch.Size([38])
2024-12-22 02:13:00,294 - [Process 3/5] - INFO - len(per_windows_prompt):2
2024-12-22 02:13:05,208 - [Process 3/5] - INFO - res.shape is :torch.Size([18])
2024-12-22 02:13:05,307 - [Process 3/5] - INFO - len(per_windows_prompt):2
2024-12-22 02:13:08,629 - [Process 3/5] - INFO - res.shape is :torch.Size([23])
2024-12-22 02:13:08,816 - [Process 3/5] - INFO - len(per_windows_prompt):2
2024-12-22 02:13:13,380 - [Process 3/5] - INFO - res.shape is :torch.Size([9])
2024-12-22 02:13:13,593 - [Process 3/5] - INFO - len(per_windows_prompt):2
2024-12-22 02:13:19,962 - [Process 3/5] - INFO - res.shape is :torch.Size([47])
2024-12-22 02:13:20,210 - [Process 3/5] - INFO - len(per_windows_prompt):2
2024-12-22 02:13:25,481 - [Process 3/5] - INFO - res.shape is :torch.Size([35])
2024-12-22 02:13:25,722 - [Process 3/5] - INFO - len(per_windows_prompt):2
2024-12-22 02:13:30,370 - [Process 3/5] - INFO - res.shape is :torch.Size([20])
2024-12-22 02:13:30,586 - [Process 3/5] - INFO - len(per_windows_prompt):2
2024-12-22 02:13:36,545 - [Process 3/5] - INFO - res.shape is :torch.Size([40])
2024-12-22 02:13:36,796 - [Process 3/5] - INFO - len(per_windows_prompt):2
2024-12-22 02:13:41,849 - [Process 3/5] - INFO - res.shape is :torch.Size([27])
2024-12-22 02:13:41,993 - [Process 3/5] - INFO - len(per_windows_prompt):2
2024-12-22 02:13:49,073 - [Process 3/5] - INFO - res.shape is :torch.Size([88])
2024-12-22 02:13:49,202 - [Process 3/5] - INFO - len(per_windows_prompt):2
2024-12-22 02:13:52,803 - [Process 3/5] - INFO - res.shape is :torch.Size([22])
2024-12-22 02:13:52,991 - [Process 3/5] - INFO - len(per_windows_prompt):2
2024-12-22 02:13:57,383 - [Process 3/5] - INFO - res.shape is :torch.Size([15])
2024-12-22 02:13:57,574 - [Process 3/5] - INFO - len(per_windows_prompt):2
2024-12-22 02:14:02,189 - [Process 3/5] - INFO - res.shape is :torch.Size([10])
2024-12-22 02:14:02,457 - [Process 3/5] - INFO - len(per_windows_prompt):2
2024-12-22 02:14:12,068 - [Process 3/5] - INFO - res.shape is :torch.Size([128])
2024-12-22 02:14:12,327 - [Process 3/5] - INFO - len(per_windows_prompt):2
2024-12-22 02:14:18,676 - [Process 3/5] - INFO - res.shape is :torch.Size([54])
2024-12-22 02:14:18,864 - [Process 3/5] - INFO - len(per_windows_prompt):2
2024-12-22 02:14:28,645 - [Process 3/5] - INFO - res.shape is :torch.Size([128])
2024-12-22 02:14:28,856 - [Process 3/5] - INFO - len(per_windows_prompt):2
2024-12-22 02:14:32,759 - [Process 3/5] - INFO - res.shape is :torch.Size([4])
2024-12-22 02:14:32,979 - [Process 3/5] - INFO - len(per_windows_prompt):2
2024-12-22 02:14:40,856 - [Process 3/5] - INFO - res.shape is :torch.Size([69])
2024-12-22 02:14:41,098 - [Process 3/5] - INFO - len(per_windows_prompt):2
2024-12-22 02:14:47,330 - [Process 3/5] - INFO - res.shape is :torch.Size([46])
2024-12-22 02:14:47,568 - [Process 3/5] - INFO - len(per_windows_prompt):2
2024-12-22 02:14:52,152 - [Process 3/5] - INFO - res.shape is :torch.Size([14])
2024-12-22 02:14:52,393 - [Process 3/5] - INFO - len(per_windows_prompt):2
2024-12-22 02:14:58,472 - [Process 3/5] - INFO - res.shape is :torch.Size([42])
2024-12-22 02:14:58,768 - [Process 3/5] - INFO - len(per_windows_prompt):2
2024-12-22 02:15:04,228 - [Process 3/5] - INFO - res.shape is :torch.Size([35])
2024-12-22 02:15:04,475 - [Process 3/5] - INFO - len(per_windows_prompt):2
2024-12-22 02:15:10,069 - [Process 3/5] - INFO - res.shape is :torch.Size([35])
2024-12-22 02:15:10,218 - [Process 3/5] - INFO - len(per_windows_prompt):2
2024-12-22 02:15:15,440 - [Process 3/5] - INFO - res.shape is :torch.Size([54])
2024-12-22 02:15:15,683 - [Process 3/5] - INFO - len(per_windows_prompt):2
2024-12-22 02:15:21,735 - [Process 3/5] - INFO - res.shape is :torch.Size([42])
2024-12-22 02:15:21,984 - [Process 3/5] - INFO - len(per_windows_prompt):2
2024-12-22 02:15:31,601 - [Process 3/5] - INFO - res.shape is :torch.Size([128])
2024-12-22 02:15:31,819 - [Process 3/5] - INFO - len(per_windows_prompt):2
2024-12-22 02:15:38,127 - [Process 3/5] - INFO - res.shape is :torch.Size([48])
2024-12-22 02:15:38,369 - [Process 3/5] - INFO - len(per_windows_prompt):2
2024-12-22 02:15:43,159 - [Process 3/5] - INFO - res.shape is :torch.Size([26])
2024-12-22 02:15:43,310 - [Process 3/5] - INFO - len(per_windows_prompt):2
2024-12-22 02:15:48,186 - [Process 3/5] - INFO - res.shape is :torch.Size([36])
2024-12-22 02:15:48,431 - [Process 3/5] - INFO - len(per_windows_prompt):2
2024-12-22 02:15:53,917 - [Process 3/5] - INFO - res.shape is :torch.Size([34])
2024-12-22 02:15:54,174 - [Process 3/5] - INFO - len(per_windows_prompt):2
2024-12-22 02:16:00,080 - [Process 3/5] - INFO - res.shape is :torch.Size([43])
2024-12-22 02:16:00,300 - [Process 3/5] - INFO - len(per_windows_prompt):2
2024-12-22 02:16:04,534 - [Process 3/5] - INFO - res.shape is :torch.Size([11])
2024-12-22 02:16:04,730 - [Process 3/5] - INFO - len(per_windows_prompt):2
2024-12-22 02:16:09,004 - [Process 3/5] - INFO - res.shape is :torch.Size([6])
