2024-12-22 04:18:21,622 - [Process 1/5] - INFO - loading datasets finished
2024-12-22 04:18:21,622 - [Process 1/5] - INFO - model_max_len: 3950
2024-12-22 04:18:21,622 - [Process 1/5] - INFO - output_max_len: 64
2024-12-22 04:18:21,656 - [Process 1/5] - INFO - Max Length is 10029
2024-12-22 04:18:21,657 - [Process 1/5] - INFO - Finish loading dataset
2024-12-22 04:18:21,658 - [Process 1/5] - INFO - get_predicted begin
2024-12-22 04:18:26,420 - [Process 1/5] - INFO - len(per_windows_prompt):2
2024-12-22 04:18:32,304 - [Process 1/5] - INFO - res.shape is :torch.Size([59])
2024-12-22 04:18:32,506 - [Process 1/5] - INFO - len(per_windows_prompt):2
2024-12-22 04:18:39,002 - [Process 1/5] - INFO - res.shape is :torch.Size([64])
2024-12-22 04:18:39,187 - [Process 1/5] - INFO - len(per_windows_prompt):2
2024-12-22 04:18:45,659 - [Process 1/5] - INFO - res.shape is :torch.Size([64])
2024-12-22 04:18:45,802 - [Process 1/5] - INFO - len(per_windows_prompt):2
2024-12-22 04:18:51,355 - [Process 1/5] - INFO - res.shape is :torch.Size([64])
2024-12-22 04:18:51,593 - [Process 1/5] - INFO - len(per_windows_prompt):2
2024-12-22 04:18:57,912 - [Process 1/5] - INFO - res.shape is :torch.Size([64])
2024-12-22 04:18:58,076 - [Process 1/5] - INFO - len(per_windows_prompt):2
2024-12-22 04:19:03,839 - [Process 1/5] - INFO - res.shape is :torch.Size([64])
2024-12-22 04:19:03,977 - [Process 1/5] - INFO - len(per_windows_prompt):2
2024-12-22 04:19:09,259 - [Process 1/5] - INFO - res.shape is :torch.Size([64])
2024-12-22 04:19:09,459 - [Process 1/5] - INFO - len(per_windows_prompt):2
2024-12-22 04:19:15,896 - [Process 1/5] - INFO - res.shape is :torch.Size([64])
2024-12-22 04:19:15,999 - [Process 1/5] - INFO - len(per_windows_prompt):2
2024-12-22 04:19:20,462 - [Process 1/5] - INFO - res.shape is :torch.Size([64])
2024-12-22 04:19:20,619 - [Process 1/5] - INFO - len(per_windows_prompt):2
2024-12-22 04:19:26,105 - [Process 1/5] - INFO - res.shape is :torch.Size([64])
2024-12-22 04:19:26,268 - [Process 1/5] - INFO - len(per_windows_prompt):2
2024-12-22 04:19:32,159 - [Process 1/5] - INFO - res.shape is :torch.Size([64])
2024-12-22 04:19:32,339 - [Process 1/5] - INFO - len(per_windows_prompt):2
2024-12-22 04:19:38,386 - [Process 1/5] - INFO - res.shape is :torch.Size([64])
2024-12-22 04:19:38,576 - [Process 1/5] - INFO - len(per_windows_prompt):2
2024-12-22 04:19:45,093 - [Process 1/5] - INFO - res.shape is :torch.Size([64])
2024-12-22 04:19:45,274 - [Process 1/5] - INFO - len(per_windows_prompt):2
2024-12-22 04:19:51,451 - [Process 1/5] - INFO - res.shape is :torch.Size([64])
2024-12-22 04:19:51,612 - [Process 1/5] - INFO - len(per_windows_prompt):2
2024-12-22 04:19:57,431 - [Process 1/5] - INFO - res.shape is :torch.Size([64])
2024-12-22 04:19:57,515 - [Process 1/5] - INFO - len(per_windows_prompt):2
2024-12-22 04:20:01,907 - [Process 1/5] - INFO - res.shape is :torch.Size([64])
2024-12-22 04:20:02,030 - [Process 1/5] - INFO - len(per_windows_prompt):2
2024-12-22 04:20:06,941 - [Process 1/5] - INFO - res.shape is :torch.Size([64])
2024-12-22 04:20:07,132 - [Process 1/5] - INFO - len(per_windows_prompt):2
2024-12-22 04:20:13,615 - [Process 1/5] - INFO - res.shape is :torch.Size([64])
2024-12-22 04:20:13,697 - [Process 1/5] - INFO - len(per_windows_prompt):2
2024-12-22 04:20:17,995 - [Process 1/5] - INFO - res.shape is :torch.Size([64])
2024-12-22 04:20:18,240 - [Process 1/5] - INFO - len(per_windows_prompt):2
2024-12-22 04:20:24,866 - [Process 1/5] - INFO - res.shape is :torch.Size([64])
2024-12-22 04:20:24,963 - [Process 1/5] - INFO - len(per_windows_prompt):2
2024-12-22 04:20:29,480 - [Process 1/5] - INFO - res.shape is :torch.Size([64])
2024-12-22 04:20:29,654 - [Process 1/5] - INFO - len(per_windows_prompt):2
2024-12-22 04:20:35,651 - [Process 1/5] - INFO - res.shape is :torch.Size([64])
2024-12-22 04:20:35,812 - [Process 1/5] - INFO - len(per_windows_prompt):2
2024-12-22 04:20:41,828 - [Process 1/5] - INFO - res.shape is :torch.Size([64])
2024-12-22 04:20:42,025 - [Process 1/5] - INFO - len(per_windows_prompt):2
2024-12-22 04:20:47,131 - [Process 1/5] - INFO - res.shape is :torch.Size([33])
2024-12-22 04:20:47,276 - [Process 1/5] - INFO - len(per_windows_prompt):2
2024-12-22 04:20:52,925 - [Process 1/5] - INFO - res.shape is :torch.Size([64])
2024-12-22 04:20:53,122 - [Process 1/5] - INFO - len(per_windows_prompt):2
2024-12-22 04:20:59,469 - [Process 1/5] - INFO - res.shape is :torch.Size([64])
2024-12-22 04:20:59,582 - [Process 1/5] - INFO - len(per_windows_prompt):2
2024-12-22 04:21:04,399 - [Process 1/5] - INFO - res.shape is :torch.Size([64])
2024-12-22 04:21:04,583 - [Process 1/5] - INFO - len(per_windows_prompt):2
2024-12-22 04:21:09,602 - [Process 1/5] - INFO - res.shape is :torch.Size([35])
2024-12-22 04:21:09,709 - [Process 1/5] - INFO - len(per_windows_prompt):2
2024-12-22 04:21:14,810 - [Process 1/5] - INFO - res.shape is :torch.Size([64])
2024-12-22 04:21:14,914 - [Process 1/5] - INFO - len(per_windows_prompt):2
2024-12-22 04:21:19,312 - [Process 1/5] - INFO - res.shape is :torch.Size([50])
2024-12-22 04:21:19,449 - [Process 1/5] - INFO - len(per_windows_prompt):2
2024-12-22 04:21:24,993 - [Process 1/5] - INFO - res.shape is :torch.Size([64])
2024-12-22 04:21:25,106 - [Process 1/5] - INFO - len(per_windows_prompt):2
2024-12-22 04:21:30,121 - [Process 1/5] - INFO - res.shape is :torch.Size([64])
2024-12-22 04:21:30,311 - [Process 1/5] - INFO - len(per_windows_prompt):2
2024-12-22 04:21:36,715 - [Process 1/5] - INFO - res.shape is :torch.Size([64])
2024-12-22 04:21:36,796 - [Process 1/5] - INFO - len(per_windows_prompt):2
2024-12-22 04:21:41,131 - [Process 1/5] - INFO - res.shape is :torch.Size([64])
2024-12-22 04:21:41,225 - [Process 1/5] - INFO - len(per_windows_prompt):2
2024-12-22 04:21:45,827 - [Process 1/5] - INFO - res.shape is :torch.Size([64])
2024-12-22 04:21:46,018 - [Process 1/5] - INFO - len(per_windows_prompt):2
2024-12-22 04:21:52,555 - [Process 1/5] - INFO - res.shape is :torch.Size([62])
2024-12-22 04:21:52,662 - [Process 1/5] - INFO - len(per_windows_prompt):2
2024-12-22 04:21:57,404 - [Process 1/5] - INFO - res.shape is :torch.Size([64])
2024-12-22 04:21:57,501 - [Process 1/5] - INFO - len(per_windows_prompt):2
2024-12-22 04:22:01,117 - [Process 1/5] - INFO - res.shape is :torch.Size([46])
2024-12-22 04:22:01,310 - [Process 1/5] - INFO - len(per_windows_prompt):2
2024-12-22 04:22:07,810 - [Process 1/5] - INFO - res.shape is :torch.Size([64])
2024-12-22 04:22:08,004 - [Process 1/5] - INFO - len(per_windows_prompt):2
2024-12-22 04:22:14,348 - [Process 1/5] - INFO - res.shape is :torch.Size([64])
2024-12-22 04:22:14,428 - [Process 1/5] - INFO - len(per_windows_prompt):2
2024-12-22 04:22:18,836 - [Process 1/5] - INFO - res.shape is :torch.Size([64])
2024-12-22 04:22:18,961 - [Process 1/5] - INFO - len(per_windows_prompt):2
2024-12-22 04:22:23,991 - [Process 1/5] - INFO - res.shape is :torch.Size([64])
2024-12-22 04:22:24,115 - [Process 1/5] - INFO - len(per_windows_prompt):2
2024-12-22 04:22:28,850 - [Process 1/5] - INFO - res.shape is :torch.Size([64])
2024-12-22 04:22:29,056 - [Process 1/5] - INFO - len(per_windows_prompt):2
2024-12-22 04:22:35,390 - [Process 1/5] - INFO - res.shape is :torch.Size([64])
2024-12-22 04:22:35,601 - [Process 1/5] - INFO - len(per_windows_prompt):2
2024-12-22 04:22:41,941 - [Process 1/5] - INFO - res.shape is :torch.Size([64])
2024-12-22 04:22:42,057 - [Process 1/5] - INFO - len(per_windows_prompt):2
2024-12-22 04:22:46,766 - [Process 1/5] - INFO - res.shape is :torch.Size([64])
2024-12-22 04:22:46,865 - [Process 1/5] - INFO - len(per_windows_prompt):2
2024-12-22 04:22:51,480 - [Process 1/5] - INFO - res.shape is :torch.Size([64])
2024-12-22 04:22:51,611 - [Process 1/5] - INFO - len(per_windows_prompt):2
2024-12-22 04:22:56,945 - [Process 1/5] - INFO - res.shape is :torch.Size([64])
2024-12-22 04:22:57,049 - [Process 1/5] - INFO - len(per_windows_prompt):2
2024-12-22 04:23:02,055 - [Process 1/5] - INFO - res.shape is :torch.Size([64])
2024-12-22 04:23:02,162 - [Process 1/5] - INFO - len(per_windows_prompt):2
2024-12-22 04:23:07,326 - [Process 1/5] - INFO - res.shape is :torch.Size([64])
2024-12-22 04:23:07,528 - [Process 1/5] - INFO - len(per_windows_prompt):2
2024-12-22 04:23:13,988 - [Process 1/5] - INFO - res.shape is :torch.Size([64])
2024-12-22 04:23:14,166 - [Process 1/5] - INFO - len(per_windows_prompt):2
2024-12-22 04:23:20,552 - [Process 1/5] - INFO - res.shape is :torch.Size([64])
2024-12-22 04:23:20,675 - [Process 1/5] - INFO - len(per_windows_prompt):2
2024-12-22 04:23:25,800 - [Process 1/5] - INFO - res.shape is :torch.Size([64])
2024-12-22 04:23:25,896 - [Process 1/5] - INFO - len(per_windows_prompt):2
2024-12-22 04:23:30,714 - [Process 1/5] - INFO - res.shape is :torch.Size([64])
2024-12-22 04:23:30,855 - [Process 1/5] - INFO - len(per_windows_prompt):2
2024-12-22 04:23:36,649 - [Process 1/5] - INFO - res.shape is :torch.Size([64])
2024-12-22 04:23:36,744 - [Process 1/5] - INFO - len(per_windows_prompt):2
2024-12-22 04:23:41,501 - [Process 1/5] - INFO - res.shape is :torch.Size([64])
2024-12-22 04:23:41,610 - [Process 1/5] - INFO - len(per_windows_prompt):2
2024-12-22 04:23:46,452 - [Process 1/5] - INFO - res.shape is :torch.Size([64])
2024-12-22 04:23:46,658 - [Process 1/5] - INFO - len(per_windows_prompt):2
2024-12-22 04:23:53,087 - [Process 1/5] - INFO - res.shape is :torch.Size([64])
2024-12-22 04:23:53,197 - [Process 1/5] - INFO - len(per_windows_prompt):2
2024-12-22 04:23:58,076 - [Process 1/5] - INFO - res.shape is :torch.Size([64])
2024-12-22 04:23:58,259 - [Process 1/5] - INFO - len(per_windows_prompt):2
2024-12-22 04:24:04,660 - [Process 1/5] - INFO - res.shape is :torch.Size([64])
2024-12-22 04:24:04,835 - [Process 1/5] - INFO - len(per_windows_prompt):2
2024-12-22 04:24:11,164 - [Process 1/5] - INFO - res.shape is :torch.Size([64])
2024-12-22 04:24:11,302 - [Process 1/5] - INFO - len(per_windows_prompt):2
2024-12-22 04:24:16,851 - [Process 1/5] - INFO - res.shape is :torch.Size([64])
2024-12-22 04:24:17,048 - [Process 1/5] - INFO - len(per_windows_prompt):2
2024-12-22 04:24:23,305 - [Process 1/5] - INFO - res.shape is :torch.Size([64])
2024-12-22 04:24:23,503 - [Process 1/5] - INFO - len(per_windows_prompt):2
2024-12-22 04:24:29,766 - [Process 1/5] - INFO - res.shape is :torch.Size([64])
2024-12-22 04:24:29,952 - [Process 1/5] - INFO - len(per_windows_prompt):2
2024-12-22 04:24:36,521 - [Process 1/5] - INFO - res.shape is :torch.Size([64])
2024-12-22 04:24:36,629 - [Process 1/5] - INFO - len(per_windows_prompt):2
2024-12-22 04:24:41,050 - [Process 1/5] - INFO - res.shape is :torch.Size([64])
2024-12-22 04:24:41,211 - [Process 1/5] - INFO - len(per_windows_prompt):2
2024-12-22 04:24:47,293 - [Process 1/5] - INFO - res.shape is :torch.Size([64])
2024-12-22 04:24:47,416 - [Process 1/5] - INFO - len(per_windows_prompt):2
2024-12-22 04:24:52,504 - [Process 1/5] - INFO - res.shape is :torch.Size([64])
2024-12-22 04:24:52,642 - [Process 1/5] - INFO - len(per_windows_prompt):2
2024-12-22 04:24:58,158 - [Process 1/5] - INFO - res.shape is :torch.Size([64])
2024-12-22 04:24:58,332 - [Process 1/5] - INFO - len(per_windows_prompt):2
2024-12-22 04:25:04,640 - [Process 1/5] - INFO - res.shape is :torch.Size([64])
2024-12-22 04:25:04,795 - [Process 1/5] - INFO - len(per_windows_prompt):2
2024-12-22 04:25:10,703 - [Process 1/5] - INFO - res.shape is :torch.Size([64])
2024-12-22 04:25:10,868 - [Process 1/5] - INFO - len(per_windows_prompt):2
2024-12-22 04:25:16,762 - [Process 1/5] - INFO - res.shape is :torch.Size([64])
2024-12-22 04:25:16,958 - [Process 1/5] - INFO - len(per_windows_prompt):2
2024-12-22 04:25:23,448 - [Process 1/5] - INFO - res.shape is :torch.Size([64])
2024-12-22 04:25:23,649 - [Process 1/5] - INFO - len(per_windows_prompt):2
2024-12-22 04:25:30,068 - [Process 1/5] - INFO - res.shape is :torch.Size([64])
2024-12-22 04:25:30,193 - [Process 1/5] - INFO - len(per_windows_prompt):2
2024-12-22 04:25:35,282 - [Process 1/5] - INFO - res.shape is :torch.Size([64])
2024-12-22 04:25:35,400 - [Process 1/5] - INFO - len(per_windows_prompt):2
2024-12-22 04:25:40,165 - [Process 1/5] - INFO - res.shape is :torch.Size([64])
2024-12-22 04:25:40,330 - [Process 1/5] - INFO - len(per_windows_prompt):2
2024-12-22 04:25:46,141 - [Process 1/5] - INFO - res.shape is :torch.Size([64])
2024-12-22 04:25:46,250 - [Process 1/5] - INFO - len(per_windows_prompt):2
2024-12-22 04:25:50,837 - [Process 1/5] - INFO - res.shape is :torch.Size([64])
2024-12-22 04:25:51,061 - [Process 1/5] - INFO - len(per_windows_prompt):2
2024-12-22 04:25:57,514 - [Process 1/5] - INFO - res.shape is :torch.Size([64])
2024-12-22 04:25:57,687 - [Process 1/5] - INFO - len(per_windows_prompt):2
2024-12-22 04:26:03,963 - [Process 1/5] - INFO - res.shape is :torch.Size([64])
2024-12-22 04:26:04,130 - [Process 1/5] - INFO - len(per_windows_prompt):2
2024-12-22 04:26:09,956 - [Process 1/5] - INFO - res.shape is :torch.Size([64])
2024-12-22 04:26:10,085 - [Process 1/5] - INFO - len(per_windows_prompt):2
2024-12-22 04:26:14,905 - [Process 1/5] - INFO - res.shape is :torch.Size([57])
2024-12-22 04:26:15,019 - [Process 1/5] - INFO - len(per_windows_prompt):2
2024-12-22 04:26:19,617 - [Process 1/5] - INFO - res.shape is :torch.Size([64])
2024-12-22 04:26:19,731 - [Process 1/5] - INFO - len(per_windows_prompt):2
2024-12-22 04:26:24,607 - [Process 1/5] - INFO - res.shape is :torch.Size([64])
2024-12-22 04:26:24,738 - [Process 1/5] - INFO - len(per_windows_prompt):2
2024-12-22 04:26:29,874 - [Process 1/5] - INFO - res.shape is :torch.Size([60])
2024-12-22 04:26:29,960 - [Process 1/5] - INFO - len(per_windows_prompt):2
2024-12-22 04:26:33,296 - [Process 1/5] - INFO - res.shape is :torch.Size([43])
2024-12-22 04:26:33,486 - [Process 1/5] - INFO - len(per_windows_prompt):2
2024-12-22 04:26:40,139 - [Process 1/5] - INFO - res.shape is :torch.Size([64])
2024-12-22 04:26:40,277 - [Process 1/5] - INFO - len(per_windows_prompt):2
2024-12-22 04:26:45,968 - [Process 1/5] - INFO - res.shape is :torch.Size([64])
2024-12-22 04:26:46,176 - [Process 1/5] - INFO - len(per_windows_prompt):2
2024-12-22 04:26:52,627 - [Process 1/5] - INFO - res.shape is :torch.Size([64])
2024-12-22 04:26:52,801 - [Process 1/5] - INFO - len(per_windows_prompt):2
2024-12-22 04:26:59,404 - [Process 1/5] - INFO - res.shape is :torch.Size([64])
2024-12-22 04:26:59,496 - [Process 1/5] - INFO - len(per_windows_prompt):2
2024-12-22 04:27:04,087 - [Process 1/5] - INFO - res.shape is :torch.Size([64])
2024-12-22 04:27:04,196 - [Process 1/5] - INFO - len(per_windows_prompt):2
2024-12-22 04:27:08,799 - [Process 1/5] - INFO - res.shape is :torch.Size([64])
2024-12-22 04:27:09,003 - [Process 1/5] - INFO - len(per_windows_prompt):2
2024-12-22 04:27:15,451 - [Process 1/5] - INFO - res.shape is :torch.Size([64])
2024-12-22 04:27:15,555 - [Process 1/5] - INFO - len(per_windows_prompt):2
2024-12-22 04:27:20,157 - [Process 1/5] - INFO - res.shape is :torch.Size([64])
2024-12-22 04:27:20,270 - [Process 1/5] - INFO - len(per_windows_prompt):2
2024-12-22 04:27:25,008 - [Process 1/5] - INFO - res.shape is :torch.Size([64])
2024-12-22 04:27:25,109 - [Process 1/5] - INFO - len(per_windows_prompt):2
2024-12-22 04:27:29,508 - [Process 1/5] - INFO - res.shape is :torch.Size([64])
2024-12-22 04:27:29,632 - [Process 1/5] - INFO - len(per_windows_prompt):2
2024-12-22 04:27:34,440 - [Process 1/5] - INFO - res.shape is :torch.Size([64])
2024-12-22 04:27:34,552 - [Process 1/5] - INFO - len(per_windows_prompt):2
2024-12-22 04:27:39,451 - [Process 1/5] - INFO - res.shape is :torch.Size([64])
2024-12-22 04:27:39,621 - [Process 1/5] - INFO - len(per_windows_prompt):2
2024-12-22 04:27:46,101 - [Process 1/5] - INFO - res.shape is :torch.Size([64])
2024-12-22 04:27:46,261 - [Process 1/5] - INFO - len(per_windows_prompt):2
2024-12-22 04:27:52,457 - [Process 1/5] - INFO - res.shape is :torch.Size([64])
