2024-12-22 04:18:21,620 - [Process 3/5] - INFO - loading datasets finished
2024-12-22 04:18:21,620 - [Process 3/5] - INFO - model_max_len: 3950
2024-12-22 04:18:21,621 - [Process 3/5] - INFO - output_max_len: 64
2024-12-22 04:18:21,655 - [Process 3/5] - INFO - Max Length is 10029
2024-12-22 04:18:21,656 - [Process 3/5] - INFO - Finish loading dataset
2024-12-22 04:18:21,656 - [Process 3/5] - INFO - get_predicted begin
2024-12-22 04:18:26,411 - [Process 3/5] - INFO - len(per_windows_prompt):2
2024-12-22 04:18:32,166 - [Process 3/5] - INFO - res.shape is :torch.Size([64])
2024-12-22 04:18:32,324 - [Process 3/5] - INFO - len(per_windows_prompt):2
2024-12-22 04:18:37,970 - [Process 3/5] - INFO - res.shape is :torch.Size([64])
2024-12-22 04:18:38,112 - [Process 3/5] - INFO - len(per_windows_prompt):2
2024-12-22 04:18:43,263 - [Process 3/5] - INFO - res.shape is :torch.Size([64])
2024-12-22 04:18:43,373 - [Process 3/5] - INFO - len(per_windows_prompt):2
2024-12-22 04:18:48,049 - [Process 3/5] - INFO - res.shape is :torch.Size([64])
2024-12-22 04:18:48,188 - [Process 3/5] - INFO - len(per_windows_prompt):2
2024-12-22 04:18:53,271 - [Process 3/5] - INFO - res.shape is :torch.Size([64])
2024-12-22 04:18:53,371 - [Process 3/5] - INFO - len(per_windows_prompt):2
2024-12-22 04:18:57,706 - [Process 3/5] - INFO - res.shape is :torch.Size([64])
2024-12-22 04:18:57,824 - [Process 3/5] - INFO - len(per_windows_prompt):2
2024-12-22 04:19:02,926 - [Process 3/5] - INFO - res.shape is :torch.Size([64])
2024-12-22 04:19:03,029 - [Process 3/5] - INFO - len(per_windows_prompt):2
2024-12-22 04:19:07,963 - [Process 3/5] - INFO - res.shape is :torch.Size([64])
2024-12-22 04:19:08,081 - [Process 3/5] - INFO - len(per_windows_prompt):2
2024-12-22 04:19:13,112 - [Process 3/5] - INFO - res.shape is :torch.Size([64])
2024-12-22 04:19:13,383 - [Process 3/5] - INFO - len(per_windows_prompt):2
2024-12-22 04:19:19,910 - [Process 3/5] - INFO - res.shape is :torch.Size([64])
2024-12-22 04:19:20,083 - [Process 3/5] - INFO - len(per_windows_prompt):2
2024-12-22 04:19:26,489 - [Process 3/5] - INFO - res.shape is :torch.Size([64])
2024-12-22 04:19:26,690 - [Process 3/5] - INFO - len(per_windows_prompt):2
2024-12-22 04:19:33,038 - [Process 3/5] - INFO - res.shape is :torch.Size([64])
2024-12-22 04:19:33,153 - [Process 3/5] - INFO - len(per_windows_prompt):2
2024-12-22 04:19:38,016 - [Process 3/5] - INFO - res.shape is :torch.Size([64])
2024-12-22 04:19:38,135 - [Process 3/5] - INFO - len(per_windows_prompt):2
2024-12-22 04:19:43,121 - [Process 3/5] - INFO - res.shape is :torch.Size([64])
2024-12-22 04:19:43,226 - [Process 3/5] - INFO - len(per_windows_prompt):2
2024-12-22 04:19:48,246 - [Process 3/5] - INFO - res.shape is :torch.Size([64])
2024-12-22 04:19:48,402 - [Process 3/5] - INFO - len(per_windows_prompt):2
2024-12-22 04:19:54,362 - [Process 3/5] - INFO - res.shape is :torch.Size([64])
2024-12-22 04:19:54,502 - [Process 3/5] - INFO - len(per_windows_prompt):2
2024-12-22 04:20:00,119 - [Process 3/5] - INFO - res.shape is :torch.Size([64])
2024-12-22 04:20:00,219 - [Process 3/5] - INFO - len(per_windows_prompt):2
2024-12-22 04:20:05,077 - [Process 3/5] - INFO - res.shape is :torch.Size([64])
2024-12-22 04:20:05,234 - [Process 3/5] - INFO - len(per_windows_prompt):2
2024-12-22 04:20:11,304 - [Process 3/5] - INFO - res.shape is :torch.Size([64])
2024-12-22 04:20:11,430 - [Process 3/5] - INFO - len(per_windows_prompt):2
2024-12-22 04:20:15,212 - [Process 3/5] - INFO - res.shape is :torch.Size([28])
2024-12-22 04:20:15,365 - [Process 3/5] - INFO - len(per_windows_prompt):2
2024-12-22 04:20:21,381 - [Process 3/5] - INFO - res.shape is :torch.Size([64])
2024-12-22 04:20:21,475 - [Process 3/5] - INFO - len(per_windows_prompt):2
2024-12-22 04:20:25,847 - [Process 3/5] - INFO - res.shape is :torch.Size([64])
2024-12-22 04:20:26,039 - [Process 3/5] - INFO - len(per_windows_prompt):2
2024-12-22 04:20:32,702 - [Process 3/5] - INFO - res.shape is :torch.Size([64])
2024-12-22 04:20:32,891 - [Process 3/5] - INFO - len(per_windows_prompt):2
2024-12-22 04:20:39,365 - [Process 3/5] - INFO - res.shape is :torch.Size([64])
2024-12-22 04:20:39,655 - [Process 3/5] - INFO - len(per_windows_prompt):2
2024-12-22 04:20:46,268 - [Process 3/5] - INFO - res.shape is :torch.Size([64])
2024-12-22 04:20:46,370 - [Process 3/5] - INFO - len(per_windows_prompt):2
2024-12-22 04:20:51,247 - [Process 3/5] - INFO - res.shape is :torch.Size([64])
2024-12-22 04:20:51,349 - [Process 3/5] - INFO - len(per_windows_prompt):2
2024-12-22 04:20:56,184 - [Process 3/5] - INFO - res.shape is :torch.Size([64])
2024-12-22 04:20:56,275 - [Process 3/5] - INFO - len(per_windows_prompt):2
2024-12-22 04:21:01,002 - [Process 3/5] - INFO - res.shape is :torch.Size([64])
2024-12-22 04:21:01,192 - [Process 3/5] - INFO - len(per_windows_prompt):2
2024-12-22 04:21:07,741 - [Process 3/5] - INFO - res.shape is :torch.Size([64])
2024-12-22 04:21:07,866 - [Process 3/5] - INFO - len(per_windows_prompt):2
2024-12-22 04:21:12,966 - [Process 3/5] - INFO - res.shape is :torch.Size([64])
2024-12-22 04:21:13,081 - [Process 3/5] - INFO - len(per_windows_prompt):2
2024-12-22 04:21:17,932 - [Process 3/5] - INFO - res.shape is :torch.Size([64])
2024-12-22 04:21:18,123 - [Process 3/5] - INFO - len(per_windows_prompt):2
2024-12-22 04:21:23,708 - [Process 3/5] - INFO - res.shape is :torch.Size([44])
2024-12-22 04:21:23,826 - [Process 3/5] - INFO - len(per_windows_prompt):2
2024-12-22 04:21:28,849 - [Process 3/5] - INFO - res.shape is :torch.Size([64])
2024-12-22 04:21:29,131 - [Process 3/5] - INFO - len(per_windows_prompt):2
2024-12-22 04:21:35,505 - [Process 3/5] - INFO - res.shape is :torch.Size([64])
2024-12-22 04:21:35,657 - [Process 3/5] - INFO - len(per_windows_prompt):2
2024-12-22 04:21:41,243 - [Process 3/5] - INFO - res.shape is :torch.Size([64])
2024-12-22 04:21:41,440 - [Process 3/5] - INFO - len(per_windows_prompt):2
2024-12-22 04:21:47,898 - [Process 3/5] - INFO - res.shape is :torch.Size([64])
2024-12-22 04:21:48,095 - [Process 3/5] - INFO - len(per_windows_prompt):2
2024-12-22 04:21:54,511 - [Process 3/5] - INFO - res.shape is :torch.Size([64])
2024-12-22 04:21:54,597 - [Process 3/5] - INFO - len(per_windows_prompt):2
2024-12-22 04:21:59,109 - [Process 3/5] - INFO - res.shape is :torch.Size([64])
2024-12-22 04:21:59,227 - [Process 3/5] - INFO - len(per_windows_prompt):2
2024-12-22 04:22:04,203 - [Process 3/5] - INFO - res.shape is :torch.Size([57])
2024-12-22 04:22:04,318 - [Process 3/5] - INFO - len(per_windows_prompt):2
2024-12-22 04:22:09,220 - [Process 3/5] - INFO - res.shape is :torch.Size([64])
2024-12-22 04:22:09,378 - [Process 3/5] - INFO - len(per_windows_prompt):2
2024-12-22 04:22:15,214 - [Process 3/5] - INFO - res.shape is :torch.Size([64])
2024-12-22 04:22:15,328 - [Process 3/5] - INFO - len(per_windows_prompt):2
2024-12-22 04:22:20,364 - [Process 3/5] - INFO - res.shape is :torch.Size([64])
2024-12-22 04:22:20,492 - [Process 3/5] - INFO - len(per_windows_prompt):2
2024-12-22 04:22:25,810 - [Process 3/5] - INFO - res.shape is :torch.Size([64])
2024-12-22 04:22:26,007 - [Process 3/5] - INFO - len(per_windows_prompt):2
2024-12-22 04:22:32,497 - [Process 3/5] - INFO - res.shape is :torch.Size([64])
2024-12-22 04:22:32,697 - [Process 3/5] - INFO - len(per_windows_prompt):2
2024-12-22 04:22:39,308 - [Process 3/5] - INFO - res.shape is :torch.Size([64])
2024-12-22 04:22:39,382 - [Process 3/5] - INFO - len(per_windows_prompt):2
2024-12-22 04:22:43,720 - [Process 3/5] - INFO - res.shape is :torch.Size([64])
2024-12-22 04:22:43,894 - [Process 3/5] - INFO - len(per_windows_prompt):2
2024-12-22 04:22:50,247 - [Process 3/5] - INFO - res.shape is :torch.Size([64])
2024-12-22 04:22:50,441 - [Process 3/5] - INFO - len(per_windows_prompt):2
2024-12-22 04:22:56,921 - [Process 3/5] - INFO - res.shape is :torch.Size([64])
2024-12-22 04:22:57,126 - [Process 3/5] - INFO - len(per_windows_prompt):2
2024-12-22 04:23:03,669 - [Process 3/5] - INFO - res.shape is :torch.Size([64])
2024-12-22 04:23:03,861 - [Process 3/5] - INFO - len(per_windows_prompt):2
2024-12-22 04:23:10,254 - [Process 3/5] - INFO - res.shape is :torch.Size([64])
2024-12-22 04:23:10,328 - [Process 3/5] - INFO - len(per_windows_prompt):2
2024-12-22 04:23:14,462 - [Process 3/5] - INFO - res.shape is :torch.Size([62])
2024-12-22 04:23:14,548 - [Process 3/5] - INFO - len(per_windows_prompt):2
2024-12-22 04:23:18,943 - [Process 3/5] - INFO - res.shape is :torch.Size([64])
2024-12-22 04:23:19,111 - [Process 3/5] - INFO - len(per_windows_prompt):2
2024-12-22 04:23:25,183 - [Process 3/5] - INFO - res.shape is :torch.Size([64])
2024-12-22 04:23:25,289 - [Process 3/5] - INFO - len(per_windows_prompt):2
2024-12-22 04:23:29,873 - [Process 3/5] - INFO - res.shape is :torch.Size([64])
2024-12-22 04:23:30,070 - [Process 3/5] - INFO - len(per_windows_prompt):2
2024-12-22 04:23:36,736 - [Process 3/5] - INFO - res.shape is :torch.Size([63])
2024-12-22 04:23:36,863 - [Process 3/5] - INFO - len(per_windows_prompt):2
2024-12-22 04:23:41,930 - [Process 3/5] - INFO - res.shape is :torch.Size([64])
2024-12-22 04:23:42,083 - [Process 3/5] - INFO - len(per_windows_prompt):2
2024-12-22 04:23:47,668 - [Process 3/5] - INFO - res.shape is :torch.Size([64])
2024-12-22 04:23:47,860 - [Process 3/5] - INFO - len(per_windows_prompt):2
2024-12-22 04:23:54,355 - [Process 3/5] - INFO - res.shape is :torch.Size([64])
2024-12-22 04:23:54,542 - [Process 3/5] - INFO - len(per_windows_prompt):2
2024-12-22 04:24:00,909 - [Process 3/5] - INFO - res.shape is :torch.Size([64])
2024-12-22 04:24:01,077 - [Process 3/5] - INFO - len(per_windows_prompt):2
2024-12-22 04:24:06,893 - [Process 3/5] - INFO - res.shape is :torch.Size([64])
2024-12-22 04:24:06,994 - [Process 3/5] - INFO - len(per_windows_prompt):2
2024-12-22 04:24:10,040 - [Process 3/5] - INFO - res.shape is :torch.Size([28])
2024-12-22 04:24:10,142 - [Process 3/5] - INFO - len(per_windows_prompt):2
2024-12-22 04:24:15,154 - [Process 3/5] - INFO - res.shape is :torch.Size([64])
2024-12-22 04:24:15,333 - [Process 3/5] - INFO - len(per_windows_prompt):2
2024-12-22 04:24:21,489 - [Process 3/5] - INFO - res.shape is :torch.Size([64])
2024-12-22 04:24:21,689 - [Process 3/5] - INFO - len(per_windows_prompt):2
2024-12-22 04:24:28,119 - [Process 3/5] - INFO - res.shape is :torch.Size([64])
2024-12-22 04:24:28,300 - [Process 3/5] - INFO - len(per_windows_prompt):2
2024-12-22 04:24:34,664 - [Process 3/5] - INFO - res.shape is :torch.Size([64])
2024-12-22 04:24:34,854 - [Process 3/5] - INFO - len(per_windows_prompt):2
2024-12-22 04:24:41,178 - [Process 3/5] - INFO - res.shape is :torch.Size([64])
2024-12-22 04:24:41,389 - [Process 3/5] - INFO - len(per_windows_prompt):2
2024-12-22 04:24:47,727 - [Process 3/5] - INFO - res.shape is :torch.Size([64])
2024-12-22 04:24:47,843 - [Process 3/5] - INFO - len(per_windows_prompt):2
2024-12-22 04:24:52,655 - [Process 3/5] - INFO - res.shape is :torch.Size([64])
2024-12-22 04:24:52,866 - [Process 3/5] - INFO - len(per_windows_prompt):2
2024-12-22 04:24:59,454 - [Process 3/5] - INFO - res.shape is :torch.Size([64])
2024-12-22 04:24:59,568 - [Process 3/5] - INFO - len(per_windows_prompt):2
2024-12-22 04:25:04,460 - [Process 3/5] - INFO - res.shape is :torch.Size([64])
2024-12-22 04:25:04,652 - [Process 3/5] - INFO - len(per_windows_prompt):2
2024-12-22 04:25:11,188 - [Process 3/5] - INFO - res.shape is :torch.Size([64])
2024-12-22 04:25:11,293 - [Process 3/5] - INFO - len(per_windows_prompt):2
2024-12-22 04:25:16,155 - [Process 3/5] - INFO - res.shape is :torch.Size([64])
2024-12-22 04:25:16,323 - [Process 3/5] - INFO - len(per_windows_prompt):2
2024-12-22 04:25:22,450 - [Process 3/5] - INFO - res.shape is :torch.Size([64])
2024-12-22 04:25:22,561 - [Process 3/5] - INFO - len(per_windows_prompt):2
2024-12-22 04:25:26,750 - [Process 3/5] - INFO - res.shape is :torch.Size([48])
2024-12-22 04:25:26,944 - [Process 3/5] - INFO - len(per_windows_prompt):2
2024-12-22 04:25:33,437 - [Process 3/5] - INFO - res.shape is :torch.Size([64])
2024-12-22 04:25:33,557 - [Process 3/5] - INFO - len(per_windows_prompt):2
2024-12-22 04:25:38,650 - [Process 3/5] - INFO - res.shape is :torch.Size([64])
2024-12-22 04:25:38,779 - [Process 3/5] - INFO - len(per_windows_prompt):2
2024-12-22 04:25:43,762 - [Process 3/5] - INFO - res.shape is :torch.Size([64])
2024-12-22 04:25:43,870 - [Process 3/5] - INFO - len(per_windows_prompt):2
2024-12-22 04:25:47,909 - [Process 3/5] - INFO - res.shape is :torch.Size([46])
2024-12-22 04:25:48,087 - [Process 3/5] - INFO - len(per_windows_prompt):2
2024-12-22 04:25:54,524 - [Process 3/5] - INFO - res.shape is :torch.Size([64])
2024-12-22 04:25:54,723 - [Process 3/5] - INFO - len(per_windows_prompt):2
2024-12-22 04:25:59,676 - [Process 3/5] - INFO - res.shape is :torch.Size([33])
2024-12-22 04:25:59,784 - [Process 3/5] - INFO - len(per_windows_prompt):2
2024-12-22 04:26:04,549 - [Process 3/5] - INFO - res.shape is :torch.Size([64])
2024-12-22 04:26:04,748 - [Process 3/5] - INFO - len(per_windows_prompt):2
2024-12-22 04:26:11,085 - [Process 3/5] - INFO - res.shape is :torch.Size([64])
2024-12-22 04:26:11,229 - [Process 3/5] - INFO - len(per_windows_prompt):2
2024-12-22 04:26:16,441 - [Process 3/5] - INFO - res.shape is :torch.Size([64])
2024-12-22 04:26:16,569 - [Process 3/5] - INFO - len(per_windows_prompt):2
2024-12-22 04:26:21,855 - [Process 3/5] - INFO - res.shape is :torch.Size([64])
2024-12-22 04:26:22,026 - [Process 3/5] - INFO - len(per_windows_prompt):2
2024-12-22 04:26:28,634 - [Process 3/5] - INFO - res.shape is :torch.Size([64])
2024-12-22 04:26:28,783 - [Process 3/5] - INFO - len(per_windows_prompt):2
2024-12-22 04:26:34,233 - [Process 3/5] - INFO - res.shape is :torch.Size([64])
2024-12-22 04:26:34,354 - [Process 3/5] - INFO - len(per_windows_prompt):2
2024-12-22 04:26:39,365 - [Process 3/5] - INFO - res.shape is :torch.Size([64])
2024-12-22 04:26:39,565 - [Process 3/5] - INFO - len(per_windows_prompt):2
2024-12-22 04:26:45,869 - [Process 3/5] - INFO - res.shape is :torch.Size([64])
2024-12-22 04:26:46,003 - [Process 3/5] - INFO - len(per_windows_prompt):2
2024-12-22 04:26:50,996 - [Process 3/5] - INFO - res.shape is :torch.Size([64])
2024-12-22 04:26:51,078 - [Process 3/5] - INFO - len(per_windows_prompt):2
2024-12-22 04:26:55,443 - [Process 3/5] - INFO - res.shape is :torch.Size([64])
2024-12-22 04:26:55,633 - [Process 3/5] - INFO - len(per_windows_prompt):2
2024-12-22 04:27:02,102 - [Process 3/5] - INFO - res.shape is :torch.Size([64])
2024-12-22 04:27:02,180 - [Process 3/5] - INFO - len(per_windows_prompt):2
2024-12-22 04:27:06,568 - [Process 3/5] - INFO - res.shape is :torch.Size([64])
2024-12-22 04:27:06,759 - [Process 3/5] - INFO - len(per_windows_prompt):2
2024-12-22 04:27:13,173 - [Process 3/5] - INFO - res.shape is :torch.Size([64])
2024-12-22 04:27:13,352 - [Process 3/5] - INFO - len(per_windows_prompt):2
2024-12-22 04:27:19,424 - [Process 3/5] - INFO - res.shape is :torch.Size([64])
2024-12-22 04:27:19,585 - [Process 3/5] - INFO - len(per_windows_prompt):2
2024-12-22 04:27:25,329 - [Process 3/5] - INFO - res.shape is :torch.Size([64])
2024-12-22 04:27:25,480 - [Process 3/5] - INFO - len(per_windows_prompt):2
2024-12-22 04:27:31,118 - [Process 3/5] - INFO - res.shape is :torch.Size([64])
2024-12-22 04:27:31,314 - [Process 3/5] - INFO - len(per_windows_prompt):2
2024-12-22 04:27:37,631 - [Process 3/5] - INFO - res.shape is :torch.Size([64])
2024-12-22 04:27:37,810 - [Process 3/5] - INFO - len(per_windows_prompt):2
2024-12-22 04:27:44,150 - [Process 3/5] - INFO - res.shape is :torch.Size([64])
2024-12-22 04:27:44,267 - [Process 3/5] - INFO - len(per_windows_prompt):2
2024-12-22 04:27:49,017 - [Process 3/5] - INFO - res.shape is :torch.Size([64])
2024-12-22 04:27:49,111 - [Process 3/5] - INFO - len(per_windows_prompt):2
2024-12-22 04:27:53,383 - [Process 3/5] - INFO - res.shape is :torch.Size([64])
