2024-12-22 01:16:36,787 - [Process 3/5] - INFO - loading datasets finished
2024-12-22 01:16:36,787 - [Process 3/5] - INFO - model_max_len: 3950
2024-12-22 01:16:36,787 - [Process 3/5] - INFO - output_max_len: 128
2024-12-22 01:16:36,816 - [Process 3/5] - INFO - Max Length is 14660
2024-12-22 01:16:36,817 - [Process 3/5] - INFO - Finish loading dataset
2024-12-22 01:16:36,817 - [Process 3/5] - INFO - get_predicted begin
2024-12-22 01:16:41,643 - [Process 3/5] - INFO - len(per_windows_prompt):2
2024-12-22 01:16:46,524 - [Process 3/5] - INFO - res.shape is :torch.Size([4])
2024-12-22 01:16:46,720 - [Process 3/5] - INFO - len(per_windows_prompt):2
2024-12-22 01:16:55,527 - [Process 3/5] - INFO - res.shape is :torch.Size([108])
2024-12-22 01:16:55,712 - [Process 3/5] - INFO - len(per_windows_prompt):2
2024-12-22 01:16:59,780 - [Process 3/5] - INFO - res.shape is :torch.Size([4])
2024-12-22 01:16:59,969 - [Process 3/5] - INFO - len(per_windows_prompt):2
2024-12-22 01:17:04,033 - [Process 3/5] - INFO - res.shape is :torch.Size([4])
2024-12-22 01:17:04,227 - [Process 3/5] - INFO - len(per_windows_prompt):2
2024-12-22 01:17:08,496 - [Process 3/5] - INFO - res.shape is :torch.Size([3])
2024-12-22 01:17:08,690 - [Process 3/5] - INFO - len(per_windows_prompt):2
2024-12-22 01:17:17,086 - [Process 3/5] - INFO - res.shape is :torch.Size([102])
2024-12-22 01:17:17,247 - [Process 3/5] - INFO - len(per_windows_prompt):2
2024-12-22 01:17:20,744 - [Process 3/5] - INFO - res.shape is :torch.Size([2])
2024-12-22 01:17:20,950 - [Process 3/5] - INFO - len(per_windows_prompt):2
2024-12-22 01:17:25,024 - [Process 3/5] - INFO - res.shape is :torch.Size([4])
2024-12-22 01:17:25,228 - [Process 3/5] - INFO - len(per_windows_prompt):2
2024-12-22 01:17:31,112 - [Process 3/5] - INFO - res.shape is :torch.Size([44])
2024-12-22 01:17:31,297 - [Process 3/5] - INFO - len(per_windows_prompt):2
2024-12-22 01:17:35,634 - [Process 3/5] - INFO - res.shape is :torch.Size([4])
2024-12-22 01:17:35,782 - [Process 3/5] - INFO - len(per_windows_prompt):2
2024-12-22 01:17:39,235 - [Process 3/5] - INFO - res.shape is :torch.Size([4])
2024-12-22 01:17:39,399 - [Process 3/5] - INFO - len(per_windows_prompt):2
2024-12-22 01:17:43,196 - [Process 3/5] - INFO - res.shape is :torch.Size([4])
2024-12-22 01:17:43,384 - [Process 3/5] - INFO - len(per_windows_prompt):2
2024-12-22 01:17:47,642 - [Process 3/5] - INFO - res.shape is :torch.Size([2])
2024-12-22 01:17:47,861 - [Process 3/5] - INFO - len(per_windows_prompt):2
2024-12-22 01:17:52,031 - [Process 3/5] - INFO - res.shape is :torch.Size([4])
2024-12-22 01:17:52,217 - [Process 3/5] - INFO - len(per_windows_prompt):2
2024-12-22 01:17:56,491 - [Process 3/5] - INFO - res.shape is :torch.Size([2])
2024-12-22 01:17:56,681 - [Process 3/5] - INFO - len(per_windows_prompt):2
2024-12-22 01:18:00,850 - [Process 3/5] - INFO - res.shape is :torch.Size([4])
2024-12-22 01:18:01,048 - [Process 3/5] - INFO - len(per_windows_prompt):2
2024-12-22 01:18:05,238 - [Process 3/5] - INFO - res.shape is :torch.Size([4])
2024-12-22 01:18:05,366 - [Process 3/5] - INFO - len(per_windows_prompt):2
2024-12-22 01:18:08,473 - [Process 3/5] - INFO - res.shape is :torch.Size([7])
2024-12-22 01:18:08,648 - [Process 3/5] - INFO - len(per_windows_prompt):2
2024-12-22 01:18:12,367 - [Process 3/5] - INFO - res.shape is :torch.Size([2])
2024-12-22 01:18:12,539 - [Process 3/5] - INFO - len(per_windows_prompt):2
2024-12-22 01:18:16,647 - [Process 3/5] - INFO - res.shape is :torch.Size([4])
2024-12-22 01:18:16,855 - [Process 3/5] - INFO - len(per_windows_prompt):2
2024-12-22 01:18:21,032 - [Process 3/5] - INFO - res.shape is :torch.Size([4])
2024-12-22 01:18:21,224 - [Process 3/5] - INFO - len(per_windows_prompt):2
2024-12-22 01:18:25,521 - [Process 3/5] - INFO - res.shape is :torch.Size([2])
2024-12-22 01:18:25,717 - [Process 3/5] - INFO - len(per_windows_prompt):2
2024-12-22 01:18:30,016 - [Process 3/5] - INFO - res.shape is :torch.Size([2])
2024-12-22 01:18:30,210 - [Process 3/5] - INFO - len(per_windows_prompt):2
2024-12-22 01:18:34,472 - [Process 3/5] - INFO - res.shape is :torch.Size([2])
2024-12-22 01:18:34,677 - [Process 3/5] - INFO - len(per_windows_prompt):2
2024-12-22 01:18:39,041 - [Process 3/5] - INFO - res.shape is :torch.Size([4])
2024-12-22 01:18:39,252 - [Process 3/5] - INFO - len(per_windows_prompt):2
2024-12-22 01:18:43,363 - [Process 3/5] - INFO - res.shape is :torch.Size([2])
2024-12-22 01:18:43,498 - [Process 3/5] - INFO - len(per_windows_prompt):2
2024-12-22 01:18:46,430 - [Process 3/5] - INFO - res.shape is :torch.Size([5])
2024-12-22 01:18:46,596 - [Process 3/5] - INFO - len(per_windows_prompt):2
2024-12-22 01:18:50,477 - [Process 3/5] - INFO - res.shape is :torch.Size([4])
2024-12-22 01:18:50,675 - [Process 3/5] - INFO - len(per_windows_prompt):2
2024-12-22 01:18:59,331 - [Process 3/5] - INFO - res.shape is :torch.Size([107])
2024-12-22 01:18:59,487 - [Process 3/5] - INFO - len(per_windows_prompt):2
2024-12-22 01:19:06,845 - [Process 3/5] - INFO - res.shape is :torch.Size([98])
2024-12-22 01:19:06,985 - [Process 3/5] - INFO - len(per_windows_prompt):2
2024-12-22 01:19:11,499 - [Process 3/5] - INFO - res.shape is :torch.Size([38])
2024-12-22 01:19:11,694 - [Process 3/5] - INFO - len(per_windows_prompt):2
2024-12-22 01:19:15,873 - [Process 3/5] - INFO - res.shape is :torch.Size([4])
2024-12-22 01:19:16,037 - [Process 3/5] - INFO - len(per_windows_prompt):2
2024-12-22 01:19:19,759 - [Process 3/5] - INFO - res.shape is :torch.Size([2])
2024-12-22 01:19:19,951 - [Process 3/5] - INFO - len(per_windows_prompt):2
2024-12-22 01:19:24,237 - [Process 3/5] - INFO - res.shape is :torch.Size([2])
2024-12-22 01:19:24,422 - [Process 3/5] - INFO - len(per_windows_prompt):2
2024-12-22 01:19:28,612 - [Process 3/5] - INFO - res.shape is :torch.Size([4])
2024-12-22 01:19:28,808 - [Process 3/5] - INFO - len(per_windows_prompt):2
2024-12-22 01:19:33,159 - [Process 3/5] - INFO - res.shape is :torch.Size([4])
2024-12-22 01:19:33,339 - [Process 3/5] - INFO - len(per_windows_prompt):2
2024-12-22 01:19:37,525 - [Process 3/5] - INFO - res.shape is :torch.Size([4])
2024-12-22 01:19:37,721 - [Process 3/5] - INFO - len(per_windows_prompt):2
2024-12-22 01:19:41,727 - [Process 3/5] - INFO - res.shape is :torch.Size([2])
2024-12-22 01:19:41,927 - [Process 3/5] - INFO - len(per_windows_prompt):2
2024-12-22 01:19:46,273 - [Process 3/5] - INFO - res.shape is :torch.Size([4])
2024-12-22 01:19:46,409 - [Process 3/5] - INFO - len(per_windows_prompt):2
2024-12-22 01:19:49,374 - [Process 3/5] - INFO - res.shape is :torch.Size([2])
