2024-12-22 01:26:19,873 - [Process 1/5] - INFO - loading datasets finished
2024-12-22 01:26:19,874 - [Process 1/5] - INFO - model_max_len: 3950
2024-12-22 01:26:19,874 - [Process 1/5] - INFO - output_max_len: 32
2024-12-22 01:26:19,964 - [Process 1/5] - INFO - Max Length is 12697
2024-12-22 01:26:19,964 - [Process 1/5] - INFO - Finish loading dataset
2024-12-22 01:26:19,965 - [Process 1/5] - INFO - get_predicted begin
2024-12-22 01:26:24,715 - [Process 1/5] - INFO - len(per_windows_prompt):2
2024-12-22 01:26:29,583 - [Process 1/5] - INFO - res.shape is :torch.Size([5])
2024-12-22 01:26:29,899 - [Process 1/5] - INFO - len(per_windows_prompt):2
2024-12-22 01:26:33,937 - [Process 1/5] - INFO - res.shape is :torch.Size([7])
2024-12-22 01:26:34,204 - [Process 1/5] - INFO - len(per_windows_prompt):2
2024-12-22 01:26:38,189 - [Process 1/5] - INFO - res.shape is :torch.Size([4])
2024-12-22 01:26:38,486 - [Process 1/5] - INFO - len(per_windows_prompt):2
2024-12-22 01:26:42,552 - [Process 1/5] - INFO - res.shape is :torch.Size([4])
2024-12-22 01:26:42,872 - [Process 1/5] - INFO - len(per_windows_prompt):2
2024-12-22 01:26:46,989 - [Process 1/5] - INFO - res.shape is :torch.Size([5])
2024-12-22 01:26:47,279 - [Process 1/5] - INFO - len(per_windows_prompt):2
2024-12-22 01:26:51,151 - [Process 1/5] - INFO - res.shape is :torch.Size([4])
2024-12-22 01:26:51,386 - [Process 1/5] - INFO - len(per_windows_prompt):2
2024-12-22 01:26:55,240 - [Process 1/5] - INFO - res.shape is :torch.Size([4])
2024-12-22 01:26:55,496 - [Process 1/5] - INFO - len(per_windows_prompt):2
2024-12-22 01:26:59,564 - [Process 1/5] - INFO - res.shape is :torch.Size([5])
2024-12-22 01:26:59,812 - [Process 1/5] - INFO - len(per_windows_prompt):2
2024-12-22 01:27:03,868 - [Process 1/5] - INFO - res.shape is :torch.Size([8])
2024-12-22 01:27:04,153 - [Process 1/5] - INFO - len(per_windows_prompt):2
2024-12-22 01:27:08,238 - [Process 1/5] - INFO - res.shape is :torch.Size([5])
2024-12-22 01:27:08,424 - [Process 1/5] - INFO - len(per_windows_prompt):2
2024-12-22 01:27:12,457 - [Process 1/5] - INFO - res.shape is :torch.Size([5])
2024-12-22 01:27:12,732 - [Process 1/5] - INFO - len(per_windows_prompt):2
2024-12-22 01:27:16,734 - [Process 1/5] - INFO - res.shape is :torch.Size([4])
2024-12-22 01:27:17,001 - [Process 1/5] - INFO - len(per_windows_prompt):2
2024-12-22 01:27:20,907 - [Process 1/5] - INFO - res.shape is :torch.Size([2])
2024-12-22 01:27:21,114 - [Process 1/5] - INFO - len(per_windows_prompt):2
2024-12-22 01:27:25,068 - [Process 1/5] - INFO - res.shape is :torch.Size([5])
2024-12-22 01:27:25,286 - [Process 1/5] - INFO - len(per_windows_prompt):2
2024-12-22 01:27:29,410 - [Process 1/5] - INFO - res.shape is :torch.Size([5])
2024-12-22 01:27:29,670 - [Process 1/5] - INFO - len(per_windows_prompt):2
2024-12-22 01:27:33,516 - [Process 1/5] - INFO - res.shape is :torch.Size([2])
2024-12-22 01:27:33,774 - [Process 1/5] - INFO - len(per_windows_prompt):2
2024-12-22 01:27:37,789 - [Process 1/5] - INFO - res.shape is :torch.Size([4])
2024-12-22 01:27:38,064 - [Process 1/5] - INFO - len(per_windows_prompt):2
2024-12-22 01:27:42,104 - [Process 1/5] - INFO - res.shape is :torch.Size([3])
2024-12-22 01:27:42,380 - [Process 1/5] - INFO - len(per_windows_prompt):2
2024-12-22 01:27:46,304 - [Process 1/5] - INFO - res.shape is :torch.Size([5])
2024-12-22 01:27:46,551 - [Process 1/5] - INFO - len(per_windows_prompt):2
2024-12-22 01:27:50,953 - [Process 1/5] - INFO - res.shape is :torch.Size([16])
2024-12-22 01:27:51,242 - [Process 1/5] - INFO - len(per_windows_prompt):2
2024-12-22 01:27:55,049 - [Process 1/5] - INFO - res.shape is :torch.Size([2])
2024-12-22 01:27:55,243 - [Process 1/5] - INFO - len(per_windows_prompt):2
2024-12-22 01:27:59,048 - [Process 1/5] - INFO - res.shape is :torch.Size([2])
2024-12-22 01:27:59,316 - [Process 1/5] - INFO - len(per_windows_prompt):2
2024-12-22 01:28:03,396 - [Process 1/5] - INFO - res.shape is :torch.Size([5])
2024-12-22 01:28:03,653 - [Process 1/5] - INFO - len(per_windows_prompt):2
2024-12-22 01:28:07,767 - [Process 1/5] - INFO - res.shape is :torch.Size([6])
2024-12-22 01:28:08,047 - [Process 1/5] - INFO - len(per_windows_prompt):2
2024-12-22 01:28:12,092 - [Process 1/5] - INFO - res.shape is :torch.Size([4])
2024-12-22 01:28:12,366 - [Process 1/5] - INFO - len(per_windows_prompt):2
2024-12-22 01:28:16,517 - [Process 1/5] - INFO - res.shape is :torch.Size([7])
2024-12-22 01:28:16,768 - [Process 1/5] - INFO - len(per_windows_prompt):2
2024-12-22 01:28:20,712 - [Process 1/5] - INFO - res.shape is :torch.Size([4])
2024-12-22 01:28:20,951 - [Process 1/5] - INFO - len(per_windows_prompt):2
2024-12-22 01:28:24,898 - [Process 1/5] - INFO - res.shape is :torch.Size([5])
2024-12-22 01:28:25,150 - [Process 1/5] - INFO - len(per_windows_prompt):2
2024-12-22 01:28:29,025 - [Process 1/5] - INFO - res.shape is :torch.Size([3])
2024-12-22 01:28:29,303 - [Process 1/5] - INFO - len(per_windows_prompt):2
2024-12-22 01:28:33,121 - [Process 1/5] - INFO - res.shape is :torch.Size([2])
2024-12-22 01:28:33,397 - [Process 1/5] - INFO - len(per_windows_prompt):2
2024-12-22 01:28:37,526 - [Process 1/5] - INFO - res.shape is :torch.Size([9])
2024-12-22 01:28:37,812 - [Process 1/5] - INFO - len(per_windows_prompt):2
2024-12-22 01:28:41,977 - [Process 1/5] - INFO - res.shape is :torch.Size([7])
2024-12-22 01:28:42,194 - [Process 1/5] - INFO - len(per_windows_prompt):2
2024-12-22 01:28:46,273 - [Process 1/5] - INFO - res.shape is :torch.Size([5])
2024-12-22 01:28:46,521 - [Process 1/5] - INFO - len(per_windows_prompt):2
2024-12-22 01:28:50,599 - [Process 1/5] - INFO - res.shape is :torch.Size([5])
2024-12-22 01:28:50,837 - [Process 1/5] - INFO - len(per_windows_prompt):2
2024-12-22 01:28:54,932 - [Process 1/5] - INFO - res.shape is :torch.Size([8])
2024-12-22 01:28:55,125 - [Process 1/5] - INFO - len(per_windows_prompt):2
2024-12-22 01:28:59,127 - [Process 1/5] - INFO - res.shape is :torch.Size([3])
2024-12-22 01:28:59,390 - [Process 1/5] - INFO - len(per_windows_prompt):2
2024-12-22 01:29:03,378 - [Process 1/5] - INFO - res.shape is :torch.Size([6])
2024-12-22 01:29:03,651 - [Process 1/5] - INFO - len(per_windows_prompt):2
2024-12-22 01:29:08,337 - [Process 1/5] - INFO - res.shape is :torch.Size([19])
2024-12-22 01:29:08,534 - [Process 1/5] - INFO - len(per_windows_prompt):2
2024-12-22 01:29:12,398 - [Process 1/5] - INFO - res.shape is :torch.Size([3])
2024-12-22 01:29:12,618 - [Process 1/5] - INFO - len(per_windows_prompt):2
2024-12-22 01:29:16,560 - [Process 1/5] - INFO - res.shape is :torch.Size([5])
