2024-12-22 03:37:31,720 - [Process 3/5] - INFO - loading datasets finished
2024-12-22 03:37:31,720 - [Process 3/5] - INFO - model_max_len: 3950
2024-12-22 03:37:31,720 - [Process 3/5] - INFO - output_max_len: 32
2024-12-22 03:37:31,815 - [Process 3/5] - INFO - Max Length is 17355
2024-12-22 03:37:31,816 - [Process 3/5] - INFO - Finish loading dataset
2024-12-22 03:37:31,816 - [Process 3/5] - INFO - get_predicted begin
2024-12-22 03:37:36,573 - [Process 3/5] - INFO - len(per_windows_prompt):2
2024-12-22 03:37:41,184 - [Process 3/5] - INFO - res.shape is :torch.Size([4])
2024-12-22 03:37:41,487 - [Process 3/5] - INFO - len(per_windows_prompt):2
2024-12-22 03:37:45,340 - [Process 3/5] - INFO - res.shape is :torch.Size([4])
2024-12-22 03:37:45,590 - [Process 3/5] - INFO - len(per_windows_prompt):2
2024-12-22 03:37:49,316 - [Process 3/5] - INFO - res.shape is :torch.Size([3])
2024-12-22 03:37:49,610 - [Process 3/5] - INFO - len(per_windows_prompt):2
2024-12-22 03:37:53,531 - [Process 3/5] - INFO - res.shape is :torch.Size([4])
2024-12-22 03:37:53,813 - [Process 3/5] - INFO - len(per_windows_prompt):2
2024-12-22 03:37:57,752 - [Process 3/5] - INFO - res.shape is :torch.Size([5])
2024-12-22 03:37:58,035 - [Process 3/5] - INFO - len(per_windows_prompt):2
2024-12-22 03:38:02,178 - [Process 3/5] - INFO - res.shape is :torch.Size([11])
2024-12-22 03:38:02,467 - [Process 3/5] - INFO - len(per_windows_prompt):2
2024-12-22 03:38:06,438 - [Process 3/5] - INFO - res.shape is :torch.Size([6])
2024-12-22 03:38:06,722 - [Process 3/5] - INFO - len(per_windows_prompt):2
2024-12-22 03:38:10,947 - [Process 3/5] - INFO - res.shape is :torch.Size([10])
2024-12-22 03:38:11,249 - [Process 3/5] - INFO - len(per_windows_prompt):2
2024-12-22 03:38:15,148 - [Process 3/5] - INFO - res.shape is :torch.Size([4])
2024-12-22 03:38:15,446 - [Process 3/5] - INFO - len(per_windows_prompt):2
2024-12-22 03:38:19,424 - [Process 3/5] - INFO - res.shape is :torch.Size([4])
2024-12-22 03:38:19,715 - [Process 3/5] - INFO - len(per_windows_prompt):2
2024-12-22 03:38:23,661 - [Process 3/5] - INFO - res.shape is :torch.Size([3])
2024-12-22 03:38:23,954 - [Process 3/5] - INFO - len(per_windows_prompt):2
2024-12-22 03:38:27,878 - [Process 3/5] - INFO - res.shape is :torch.Size([3])
2024-12-22 03:38:28,177 - [Process 3/5] - INFO - len(per_windows_prompt):2
2024-12-22 03:38:32,032 - [Process 3/5] - INFO - res.shape is :torch.Size([3])
2024-12-22 03:38:32,328 - [Process 3/5] - INFO - len(per_windows_prompt):2
2024-12-22 03:38:37,372 - [Process 3/5] - INFO - res.shape is :torch.Size([31])
2024-12-22 03:38:37,663 - [Process 3/5] - INFO - len(per_windows_prompt):2
2024-12-22 03:38:41,785 - [Process 3/5] - INFO - res.shape is :torch.Size([9])
2024-12-22 03:38:41,987 - [Process 3/5] - INFO - len(per_windows_prompt):2
2024-12-22 03:38:45,872 - [Process 3/5] - INFO - res.shape is :torch.Size([6])
2024-12-22 03:38:46,157 - [Process 3/5] - INFO - len(per_windows_prompt):2
2024-12-22 03:38:50,240 - [Process 3/5] - INFO - res.shape is :torch.Size([6])
2024-12-22 03:38:50,520 - [Process 3/5] - INFO - len(per_windows_prompt):2
2024-12-22 03:38:54,411 - [Process 3/5] - INFO - res.shape is :torch.Size([6])
2024-12-22 03:38:54,687 - [Process 3/5] - INFO - len(per_windows_prompt):2
2024-12-22 03:38:58,531 - [Process 3/5] - INFO - res.shape is :torch.Size([4])
2024-12-22 03:38:58,810 - [Process 3/5] - INFO - len(per_windows_prompt):2
2024-12-22 03:39:02,715 - [Process 3/5] - INFO - res.shape is :torch.Size([4])
2024-12-22 03:39:02,997 - [Process 3/5] - INFO - len(per_windows_prompt):2
2024-12-22 03:39:06,952 - [Process 3/5] - INFO - res.shape is :torch.Size([5])
2024-12-22 03:39:07,237 - [Process 3/5] - INFO - len(per_windows_prompt):2
2024-12-22 03:39:11,263 - [Process 3/5] - INFO - res.shape is :torch.Size([5])
2024-12-22 03:39:11,541 - [Process 3/5] - INFO - len(per_windows_prompt):2
2024-12-22 03:39:15,441 - [Process 3/5] - INFO - res.shape is :torch.Size([2])
2024-12-22 03:39:15,715 - [Process 3/5] - INFO - len(per_windows_prompt):2
2024-12-22 03:39:20,009 - [Process 3/5] - INFO - res.shape is :torch.Size([11])
2024-12-22 03:39:20,259 - [Process 3/5] - INFO - len(per_windows_prompt):2
2024-12-22 03:39:24,289 - [Process 3/5] - INFO - res.shape is :torch.Size([5])
2024-12-22 03:39:24,571 - [Process 3/5] - INFO - len(per_windows_prompt):2
2024-12-22 03:39:28,679 - [Process 3/5] - INFO - res.shape is :torch.Size([6])
2024-12-22 03:39:28,956 - [Process 3/5] - INFO - len(per_windows_prompt):2
2024-12-22 03:39:33,036 - [Process 3/5] - INFO - res.shape is :torch.Size([10])
2024-12-22 03:39:33,313 - [Process 3/5] - INFO - len(per_windows_prompt):2
2024-12-22 03:39:37,356 - [Process 3/5] - INFO - res.shape is :torch.Size([7])
2024-12-22 03:39:37,640 - [Process 3/5] - INFO - len(per_windows_prompt):2
2024-12-22 03:39:41,513 - [Process 3/5] - INFO - res.shape is :torch.Size([3])
2024-12-22 03:39:41,798 - [Process 3/5] - INFO - len(per_windows_prompt):2
2024-12-22 03:39:45,856 - [Process 3/5] - INFO - res.shape is :torch.Size([6])
2024-12-22 03:39:46,133 - [Process 3/5] - INFO - len(per_windows_prompt):2
2024-12-22 03:39:50,183 - [Process 3/5] - INFO - res.shape is :torch.Size([6])
2024-12-22 03:39:50,452 - [Process 3/5] - INFO - len(per_windows_prompt):2
2024-12-22 03:39:54,307 - [Process 3/5] - INFO - res.shape is :torch.Size([5])
2024-12-22 03:39:54,589 - [Process 3/5] - INFO - len(per_windows_prompt):2
2024-12-22 03:39:58,678 - [Process 3/5] - INFO - res.shape is :torch.Size([6])
2024-12-22 03:39:58,963 - [Process 3/5] - INFO - len(per_windows_prompt):2
2024-12-22 03:40:02,867 - [Process 3/5] - INFO - res.shape is :torch.Size([3])
2024-12-22 03:40:03,139 - [Process 3/5] - INFO - len(per_windows_prompt):2
2024-12-22 03:40:07,145 - [Process 3/5] - INFO - res.shape is :torch.Size([6])
2024-12-22 03:40:07,423 - [Process 3/5] - INFO - len(per_windows_prompt):2
2024-12-22 03:40:11,229 - [Process 3/5] - INFO - res.shape is :torch.Size([4])
2024-12-22 03:40:11,500 - [Process 3/5] - INFO - len(per_windows_prompt):2
2024-12-22 03:40:15,311 - [Process 3/5] - INFO - res.shape is :torch.Size([3])
2024-12-22 03:40:15,587 - [Process 3/5] - INFO - len(per_windows_prompt):2
2024-12-22 03:40:19,618 - [Process 3/5] - INFO - res.shape is :torch.Size([6])
2024-12-22 03:40:19,894 - [Process 3/5] - INFO - len(per_windows_prompt):2
2024-12-22 03:40:24,017 - [Process 3/5] - INFO - res.shape is :torch.Size([11])
2024-12-22 03:40:24,305 - [Process 3/5] - INFO - len(per_windows_prompt):2
2024-12-22 03:40:28,282 - [Process 3/5] - INFO - res.shape is :torch.Size([4])
