2024-12-22 01:47:53,120 - [Process 2/5] - INFO - loading datasets finished
2024-12-22 01:47:53,120 - [Process 2/5] - INFO - model_max_len: 3950
2024-12-22 01:47:53,121 - [Process 2/5] - INFO - output_max_len: 32
2024-12-22 01:47:53,194 - [Process 2/5] - INFO - Max Length is 16633
2024-12-22 01:47:53,195 - [Process 2/5] - INFO - Finish loading dataset
2024-12-22 01:47:53,195 - [Process 2/5] - INFO - get_predicted begin
2024-12-22 01:47:57,973 - [Process 2/5] - INFO - len(per_windows_prompt):2
2024-12-22 01:48:05,389 - [Process 2/5] - INFO - res.shape is :torch.Size([32])
2024-12-22 01:48:05,658 - [Process 2/5] - INFO - len(per_windows_prompt):2
2024-12-22 01:48:10,660 - [Process 2/5] - INFO - res.shape is :torch.Size([10])
2024-12-22 01:48:10,917 - [Process 2/5] - INFO - len(per_windows_prompt):2
2024-12-22 01:48:16,954 - [Process 2/5] - INFO - res.shape is :torch.Size([4])
2024-12-22 01:48:17,098 - [Process 2/5] - INFO - len(per_windows_prompt):2
2024-12-22 01:48:21,619 - [Process 2/5] - INFO - res.shape is :torch.Size([5])
2024-12-22 01:48:21,799 - [Process 2/5] - INFO - len(per_windows_prompt):2
2024-12-22 01:48:26,596 - [Process 2/5] - INFO - res.shape is :torch.Size([6])
2024-12-22 01:48:26,887 - [Process 2/5] - INFO - len(per_windows_prompt):2
2024-12-22 01:48:32,852 - [Process 2/5] - INFO - res.shape is :torch.Size([32])
2024-12-22 01:48:33,038 - [Process 2/5] - INFO - len(per_windows_prompt):2
2024-12-22 01:48:37,010 - [Process 2/5] - INFO - res.shape is :torch.Size([3])
2024-12-22 01:48:37,211 - [Process 2/5] - INFO - len(per_windows_prompt):2
2024-12-22 01:48:42,701 - [Process 2/5] - INFO - res.shape is :torch.Size([5])
2024-12-22 01:48:42,937 - [Process 2/5] - INFO - len(per_windows_prompt):2
2024-12-22 01:48:48,956 - [Process 2/5] - INFO - res.shape is :torch.Size([32])
2024-12-22 01:48:49,227 - [Process 2/5] - INFO - len(per_windows_prompt):2
2024-12-22 01:48:54,216 - [Process 2/5] - INFO - res.shape is :torch.Size([4])
2024-12-22 01:48:54,405 - [Process 2/5] - INFO - len(per_windows_prompt):2
2024-12-22 01:49:01,311 - [Process 2/5] - INFO - res.shape is :torch.Size([6])
2024-12-22 01:49:01,542 - [Process 2/5] - INFO - len(per_windows_prompt):2
2024-12-22 01:49:09,151 - [Process 2/5] - INFO - res.shape is :torch.Size([9])
2024-12-22 01:49:09,419 - [Process 2/5] - INFO - len(per_windows_prompt):2
2024-12-22 01:49:16,143 - [Process 2/5] - INFO - res.shape is :torch.Size([7])
2024-12-22 01:49:16,353 - [Process 2/5] - INFO - len(per_windows_prompt):2
2024-12-22 01:49:22,883 - [Process 2/5] - INFO - res.shape is :torch.Size([3])
2024-12-22 01:49:23,148 - [Process 2/5] - INFO - len(per_windows_prompt):2
2024-12-22 01:49:28,394 - [Process 2/5] - INFO - res.shape is :torch.Size([3])
2024-12-22 01:49:28,689 - [Process 2/5] - INFO - len(per_windows_prompt):2
2024-12-22 01:49:34,312 - [Process 2/5] - INFO - res.shape is :torch.Size([3])
2024-12-22 01:49:34,591 - [Process 2/5] - INFO - len(per_windows_prompt):2
2024-12-22 01:49:41,284 - [Process 2/5] - INFO - res.shape is :torch.Size([5])
2024-12-22 01:49:41,486 - [Process 2/5] - INFO - len(per_windows_prompt):2
2024-12-22 01:49:49,615 - [Process 2/5] - INFO - res.shape is :torch.Size([32])
2024-12-22 01:49:49,876 - [Process 2/5] - INFO - len(per_windows_prompt):2
2024-12-22 01:49:57,051 - [Process 2/5] - INFO - res.shape is :torch.Size([4])
2024-12-22 01:49:57,294 - [Process 2/5] - INFO - len(per_windows_prompt):2
2024-12-22 01:50:01,780 - [Process 2/5] - INFO - res.shape is :torch.Size([4])
2024-12-22 01:50:02,067 - [Process 2/5] - INFO - len(per_windows_prompt):2
2024-12-22 01:50:08,312 - [Process 2/5] - INFO - res.shape is :torch.Size([32])
2024-12-22 01:50:08,593 - [Process 2/5] - INFO - len(per_windows_prompt):2
2024-12-22 01:50:17,387 - [Process 2/5] - INFO - res.shape is :torch.Size([32])
2024-12-22 01:50:17,685 - [Process 2/5] - INFO - len(per_windows_prompt):2
2024-12-22 01:50:25,281 - [Process 2/5] - INFO - res.shape is :torch.Size([3])
2024-12-22 01:50:25,574 - [Process 2/5] - INFO - len(per_windows_prompt):2
2024-12-22 01:50:30,085 - [Process 2/5] - INFO - res.shape is :torch.Size([7])
2024-12-22 01:50:30,402 - [Process 2/5] - INFO - len(per_windows_prompt):2
2024-12-22 01:50:36,200 - [Process 2/5] - INFO - res.shape is :torch.Size([32])
2024-12-22 01:50:36,496 - [Process 2/5] - INFO - len(per_windows_prompt):2
2024-12-22 01:50:42,822 - [Process 2/5] - INFO - res.shape is :torch.Size([32])
2024-12-22 01:50:43,142 - [Process 2/5] - INFO - len(per_windows_prompt):2
2024-12-22 01:50:49,832 - [Process 2/5] - INFO - res.shape is :torch.Size([6])
2024-12-22 01:50:50,065 - [Process 2/5] - INFO - len(per_windows_prompt):2
2024-12-22 01:50:56,284 - [Process 2/5] - INFO - res.shape is :torch.Size([32])
2024-12-22 01:50:56,489 - [Process 2/5] - INFO - len(per_windows_prompt):2
2024-12-22 01:51:02,093 - [Process 2/5] - INFO - res.shape is :torch.Size([5])
2024-12-22 01:51:02,373 - [Process 2/5] - INFO - len(per_windows_prompt):2
2024-12-22 01:51:09,220 - [Process 2/5] - INFO - res.shape is :torch.Size([32])
2024-12-22 01:51:09,457 - [Process 2/5] - INFO - len(per_windows_prompt):2
2024-12-22 01:51:15,078 - [Process 2/5] - INFO - res.shape is :torch.Size([4])
2024-12-22 01:51:15,223 - [Process 2/5] - INFO - len(per_windows_prompt):2
2024-12-22 01:51:19,605 - [Process 2/5] - INFO - res.shape is :torch.Size([5])
2024-12-22 01:51:19,879 - [Process 2/5] - INFO - len(per_windows_prompt):2
2024-12-22 01:51:27,744 - [Process 2/5] - INFO - res.shape is :torch.Size([32])
2024-12-22 01:51:27,930 - [Process 2/5] - INFO - len(per_windows_prompt):2
2024-12-22 01:51:34,206 - [Process 2/5] - INFO - res.shape is :torch.Size([32])
2024-12-22 01:51:34,445 - [Process 2/5] - INFO - len(per_windows_prompt):2
2024-12-22 01:51:41,332 - [Process 2/5] - INFO - res.shape is :torch.Size([4])
2024-12-22 01:51:41,586 - [Process 2/5] - INFO - len(per_windows_prompt):2
2024-12-22 01:51:48,081 - [Process 2/5] - INFO - res.shape is :torch.Size([6])
2024-12-22 01:51:48,351 - [Process 2/5] - INFO - len(per_windows_prompt):2
2024-12-22 01:51:56,339 - [Process 2/5] - INFO - res.shape is :torch.Size([32])
2024-12-22 01:51:56,623 - [Process 2/5] - INFO - len(per_windows_prompt):2
2024-12-22 01:52:00,698 - [Process 2/5] - INFO - res.shape is :torch.Size([4])
2024-12-22 01:52:00,869 - [Process 2/5] - INFO - len(per_windows_prompt):2
2024-12-22 01:52:07,542 - [Process 2/5] - INFO - res.shape is :torch.Size([6])
2024-12-22 01:52:07,632 - [Process 2/5] - INFO - len(per_windows_prompt):2
2024-12-22 01:52:10,726 - [Process 2/5] - INFO - res.shape is :torch.Size([17])
