2024-12-22 03:42:35,515 - [Process 2/5] - INFO - loading datasets finished
2024-12-22 03:42:35,515 - [Process 2/5] - INFO - model_max_len: 3950
2024-12-22 03:42:35,516 - [Process 2/5] - INFO - output_max_len: 64
2024-12-22 03:42:35,542 - [Process 2/5] - INFO - Max Length is 8714
2024-12-22 03:42:35,542 - [Process 2/5] - INFO - Finish loading dataset
2024-12-22 03:42:35,543 - [Process 2/5] - INFO - get_predicted begin
2024-12-22 03:42:40,384 - [Process 2/5] - INFO - len(per_windows_prompt):2
2024-12-22 03:42:47,740 - [Process 2/5] - INFO - res.shape is :torch.Size([64])
2024-12-22 03:42:47,959 - [Process 2/5] - INFO - len(per_windows_prompt):2
2024-12-22 03:42:54,494 - [Process 2/5] - INFO - res.shape is :torch.Size([64])
2024-12-22 03:42:54,730 - [Process 2/5] - INFO - len(per_windows_prompt):2
2024-12-22 03:43:01,293 - [Process 2/5] - INFO - res.shape is :torch.Size([64])
2024-12-22 03:43:01,526 - [Process 2/5] - INFO - len(per_windows_prompt):2
2024-12-22 03:43:08,093 - [Process 2/5] - INFO - res.shape is :torch.Size([64])
2024-12-22 03:43:08,348 - [Process 2/5] - INFO - len(per_windows_prompt):2
2024-12-22 03:43:14,914 - [Process 2/5] - INFO - res.shape is :torch.Size([64])
2024-12-22 03:43:15,123 - [Process 2/5] - INFO - len(per_windows_prompt):2
2024-12-22 03:43:21,696 - [Process 2/5] - INFO - res.shape is :torch.Size([64])
2024-12-22 03:43:21,943 - [Process 2/5] - INFO - len(per_windows_prompt):2
2024-12-22 03:43:28,432 - [Process 2/5] - INFO - res.shape is :torch.Size([64])
2024-12-22 03:43:28,668 - [Process 2/5] - INFO - len(per_windows_prompt):2
2024-12-22 03:43:35,124 - [Process 2/5] - INFO - res.shape is :torch.Size([64])
2024-12-22 03:43:35,291 - [Process 2/5] - INFO - len(per_windows_prompt):2
2024-12-22 03:43:41,407 - [Process 2/5] - INFO - res.shape is :torch.Size([64])
2024-12-22 03:43:41,593 - [Process 2/5] - INFO - len(per_windows_prompt):2
2024-12-22 03:43:48,095 - [Process 2/5] - INFO - res.shape is :torch.Size([64])
2024-12-22 03:43:48,310 - [Process 2/5] - INFO - len(per_windows_prompt):2
2024-12-22 03:43:54,817 - [Process 2/5] - INFO - res.shape is :torch.Size([64])
2024-12-22 03:43:55,015 - [Process 2/5] - INFO - len(per_windows_prompt):2
2024-12-22 03:44:01,531 - [Process 2/5] - INFO - res.shape is :torch.Size([64])
2024-12-22 03:44:01,768 - [Process 2/5] - INFO - len(per_windows_prompt):2
2024-12-22 03:44:08,286 - [Process 2/5] - INFO - res.shape is :torch.Size([64])
2024-12-22 03:44:08,505 - [Process 2/5] - INFO - len(per_windows_prompt):2
2024-12-22 03:44:15,074 - [Process 2/5] - INFO - res.shape is :torch.Size([64])
2024-12-22 03:44:15,307 - [Process 2/5] - INFO - len(per_windows_prompt):2
2024-12-22 03:44:21,816 - [Process 2/5] - INFO - res.shape is :torch.Size([64])
2024-12-22 03:44:22,053 - [Process 2/5] - INFO - len(per_windows_prompt):2
2024-12-22 03:44:28,592 - [Process 2/5] - INFO - res.shape is :torch.Size([64])
2024-12-22 03:44:28,817 - [Process 2/5] - INFO - len(per_windows_prompt):2
2024-12-22 03:44:35,364 - [Process 2/5] - INFO - res.shape is :torch.Size([64])
2024-12-22 03:44:35,602 - [Process 2/5] - INFO - len(per_windows_prompt):2
2024-12-22 03:44:42,141 - [Process 2/5] - INFO - res.shape is :torch.Size([64])
2024-12-22 03:44:42,380 - [Process 2/5] - INFO - len(per_windows_prompt):2
2024-12-22 03:44:48,773 - [Process 2/5] - INFO - res.shape is :torch.Size([64])
2024-12-22 03:44:48,972 - [Process 2/5] - INFO - len(per_windows_prompt):2
2024-12-22 03:44:55,317 - [Process 2/5] - INFO - res.shape is :torch.Size([64])
2024-12-22 03:44:55,558 - [Process 2/5] - INFO - len(per_windows_prompt):2
2024-12-22 03:45:01,906 - [Process 2/5] - INFO - res.shape is :torch.Size([64])
2024-12-22 03:45:02,141 - [Process 2/5] - INFO - len(per_windows_prompt):2
2024-12-22 03:45:08,539 - [Process 2/5] - INFO - res.shape is :torch.Size([64])
2024-12-22 03:45:08,646 - [Process 2/5] - INFO - len(per_windows_prompt):2
2024-12-22 03:45:13,403 - [Process 2/5] - INFO - res.shape is :torch.Size([64])
2024-12-22 03:45:13,630 - [Process 2/5] - INFO - len(per_windows_prompt):2
2024-12-22 03:45:20,048 - [Process 2/5] - INFO - res.shape is :torch.Size([64])
2024-12-22 03:45:20,233 - [Process 2/5] - INFO - len(per_windows_prompt):2
2024-12-22 03:45:26,615 - [Process 2/5] - INFO - res.shape is :torch.Size([64])
2024-12-22 03:45:26,836 - [Process 2/5] - INFO - len(per_windows_prompt):2
2024-12-22 03:45:33,236 - [Process 2/5] - INFO - res.shape is :torch.Size([64])
2024-12-22 03:45:33,360 - [Process 2/5] - INFO - len(per_windows_prompt):2
2024-12-22 03:45:38,495 - [Process 2/5] - INFO - res.shape is :torch.Size([64])
2024-12-22 03:45:38,684 - [Process 2/5] - INFO - len(per_windows_prompt):2
2024-12-22 03:45:45,159 - [Process 2/5] - INFO - res.shape is :torch.Size([64])
2024-12-22 03:45:45,349 - [Process 2/5] - INFO - len(per_windows_prompt):2
2024-12-22 03:45:51,815 - [Process 2/5] - INFO - res.shape is :torch.Size([64])
2024-12-22 03:45:51,998 - [Process 2/5] - INFO - len(per_windows_prompt):2
2024-12-22 03:45:58,459 - [Process 2/5] - INFO - res.shape is :torch.Size([64])
2024-12-22 03:45:58,693 - [Process 2/5] - INFO - len(per_windows_prompt):2
2024-12-22 03:46:05,114 - [Process 2/5] - INFO - res.shape is :torch.Size([64])
2024-12-22 03:46:05,322 - [Process 2/5] - INFO - len(per_windows_prompt):2
2024-12-22 03:46:11,701 - [Process 2/5] - INFO - res.shape is :torch.Size([64])
2024-12-22 03:46:11,881 - [Process 2/5] - INFO - len(per_windows_prompt):2
2024-12-22 03:46:18,156 - [Process 2/5] - INFO - res.shape is :torch.Size([64])
2024-12-22 03:46:18,369 - [Process 2/5] - INFO - len(per_windows_prompt):2
2024-12-22 03:46:24,789 - [Process 2/5] - INFO - res.shape is :torch.Size([64])
2024-12-22 03:46:25,007 - [Process 2/5] - INFO - len(per_windows_prompt):2
2024-12-22 03:46:31,432 - [Process 2/5] - INFO - res.shape is :torch.Size([64])
2024-12-22 03:46:31,690 - [Process 2/5] - INFO - len(per_windows_prompt):2
2024-12-22 03:46:38,159 - [Process 2/5] - INFO - res.shape is :torch.Size([64])
2024-12-22 03:46:38,421 - [Process 2/5] - INFO - len(per_windows_prompt):2
2024-12-22 03:46:44,910 - [Process 2/5] - INFO - res.shape is :torch.Size([64])
2024-12-22 03:46:45,130 - [Process 2/5] - INFO - len(per_windows_prompt):2
2024-12-22 03:46:51,622 - [Process 2/5] - INFO - res.shape is :torch.Size([64])
2024-12-22 03:46:51,867 - [Process 2/5] - INFO - len(per_windows_prompt):2
2024-12-22 03:46:58,364 - [Process 2/5] - INFO - res.shape is :torch.Size([64])
2024-12-22 03:46:58,509 - [Process 2/5] - INFO - len(per_windows_prompt):2
2024-12-22 03:47:03,722 - [Process 2/5] - INFO - res.shape is :torch.Size([64])
