2024-12-22 12:13:45,334 - [Process 3/5] - INFO - loading datasets finished
2024-12-22 12:13:45,334 - [Process 3/5] - INFO - model_max_len: 3950
2024-12-22 12:13:45,334 - [Process 3/5] - INFO - output_max_len: 64
2024-12-22 12:13:45,334 - [Process 3/5] - INFO - parallel_pattern: every_window_no_query_input_query
2024-12-22 12:13:45,361 - [Process 3/5] - INFO - Max Length is 8714
2024-12-22 12:13:45,361 - [Process 3/5] - INFO - Finish loading dataset
2024-12-22 12:13:45,362 - [Process 3/5] - INFO - get_predicted begin
2024-12-22 12:13:50,150 - [Process 3/5] - INFO - len(per_windows_prompt):2
2024-12-22 12:13:56,521 - [Process 3/5] - INFO - res.shape is :torch.Size([64])
2024-12-22 12:13:56,746 - [Process 3/5] - INFO - len(per_windows_prompt):2
2024-12-22 12:14:03,185 - [Process 3/5] - INFO - res.shape is :torch.Size([64])
2024-12-22 12:14:03,445 - [Process 3/5] - INFO - len(per_windows_prompt):2
2024-12-22 12:14:09,894 - [Process 3/5] - INFO - res.shape is :torch.Size([64])
2024-12-22 12:14:10,128 - [Process 3/5] - INFO - len(per_windows_prompt):2
2024-12-22 12:14:16,652 - [Process 3/5] - INFO - res.shape is :torch.Size([64])
2024-12-22 12:14:16,854 - [Process 3/5] - INFO - len(per_windows_prompt):2
2024-12-22 12:14:23,324 - [Process 3/5] - INFO - res.shape is :torch.Size([64])
2024-12-22 12:14:23,464 - [Process 3/5] - INFO - len(per_windows_prompt):2
2024-12-22 12:14:28,647 - [Process 3/5] - INFO - res.shape is :torch.Size([64])
2024-12-22 12:14:28,888 - [Process 3/5] - INFO - len(per_windows_prompt):2
2024-12-22 12:14:35,266 - [Process 3/5] - INFO - res.shape is :torch.Size([64])
2024-12-22 12:14:35,410 - [Process 3/5] - INFO - len(per_windows_prompt):2
2024-12-22 12:14:40,630 - [Process 3/5] - INFO - res.shape is :torch.Size([64])
2024-12-22 12:14:40,857 - [Process 3/5] - INFO - len(per_windows_prompt):2
2024-12-22 12:14:47,189 - [Process 3/5] - INFO - res.shape is :torch.Size([64])
2024-12-22 12:14:47,397 - [Process 3/5] - INFO - len(per_windows_prompt):2
2024-12-22 12:14:53,732 - [Process 3/5] - INFO - res.shape is :torch.Size([64])
2024-12-22 12:14:53,974 - [Process 3/5] - INFO - len(per_windows_prompt):2
2024-12-22 12:15:00,324 - [Process 3/5] - INFO - res.shape is :torch.Size([64])
2024-12-22 12:15:00,500 - [Process 3/5] - INFO - len(per_windows_prompt):2
2024-12-22 12:15:06,476 - [Process 3/5] - INFO - res.shape is :torch.Size([64])
2024-12-22 12:15:06,664 - [Process 3/5] - INFO - len(per_windows_prompt):2
2024-12-22 12:15:13,007 - [Process 3/5] - INFO - res.shape is :torch.Size([64])
2024-12-22 12:15:13,188 - [Process 3/5] - INFO - len(per_windows_prompt):2
2024-12-22 12:15:19,561 - [Process 3/5] - INFO - res.shape is :torch.Size([64])
2024-12-22 12:15:19,779 - [Process 3/5] - INFO - len(per_windows_prompt):2
2024-12-22 12:15:26,152 - [Process 3/5] - INFO - res.shape is :torch.Size([64])
2024-12-22 12:15:26,373 - [Process 3/5] - INFO - len(per_windows_prompt):2
2024-12-22 12:15:32,716 - [Process 3/5] - INFO - res.shape is :torch.Size([64])
2024-12-22 12:15:32,946 - [Process 3/5] - INFO - len(per_windows_prompt):2
2024-12-22 12:15:39,295 - [Process 3/5] - INFO - res.shape is :torch.Size([64])
2024-12-22 12:15:39,531 - [Process 3/5] - INFO - len(per_windows_prompt):2
2024-12-22 12:15:45,904 - [Process 3/5] - INFO - res.shape is :torch.Size([64])
2024-12-22 12:15:46,114 - [Process 3/5] - INFO - len(per_windows_prompt):2
2024-12-22 12:15:52,453 - [Process 3/5] - INFO - res.shape is :torch.Size([64])
2024-12-22 12:15:52,673 - [Process 3/5] - INFO - len(per_windows_prompt):2
2024-12-22 12:15:59,096 - [Process 3/5] - INFO - res.shape is :torch.Size([64])
2024-12-22 12:15:59,315 - [Process 3/5] - INFO - len(per_windows_prompt):2
2024-12-22 12:16:05,713 - [Process 3/5] - INFO - res.shape is :torch.Size([64])
2024-12-22 12:16:05,948 - [Process 3/5] - INFO - len(per_windows_prompt):2
2024-12-22 12:16:12,328 - [Process 3/5] - INFO - res.shape is :torch.Size([64])
2024-12-22 12:16:12,527 - [Process 3/5] - INFO - len(per_windows_prompt):2
2024-12-22 12:16:18,997 - [Process 3/5] - INFO - res.shape is :torch.Size([64])
2024-12-22 12:16:19,248 - [Process 3/5] - INFO - len(per_windows_prompt):2
2024-12-22 12:16:25,710 - [Process 3/5] - INFO - res.shape is :torch.Size([64])
2024-12-22 12:16:25,861 - [Process 3/5] - INFO - len(per_windows_prompt):2
2024-12-22 12:16:31,305 - [Process 3/5] - INFO - res.shape is :torch.Size([64])
2024-12-22 12:16:31,533 - [Process 3/5] - INFO - len(per_windows_prompt):2
2024-12-22 12:16:37,990 - [Process 3/5] - INFO - res.shape is :torch.Size([64])
2024-12-22 12:16:38,208 - [Process 3/5] - INFO - len(per_windows_prompt):2
2024-12-22 12:16:44,720 - [Process 3/5] - INFO - res.shape is :torch.Size([64])
2024-12-22 12:16:44,967 - [Process 3/5] - INFO - len(per_windows_prompt):2
2024-12-22 12:16:51,492 - [Process 3/5] - INFO - res.shape is :torch.Size([64])
2024-12-22 12:16:51,727 - [Process 3/5] - INFO - len(per_windows_prompt):2
2024-12-22 12:16:58,216 - [Process 3/5] - INFO - res.shape is :torch.Size([64])
2024-12-22 12:16:58,444 - [Process 3/5] - INFO - len(per_windows_prompt):2
2024-12-22 12:17:05,012 - [Process 3/5] - INFO - res.shape is :torch.Size([64])
2024-12-22 12:17:05,252 - [Process 3/5] - INFO - len(per_windows_prompt):2
2024-12-22 12:17:11,792 - [Process 3/5] - INFO - res.shape is :torch.Size([64])
2024-12-22 12:17:12,038 - [Process 3/5] - INFO - len(per_windows_prompt):2
2024-12-22 12:17:18,540 - [Process 3/5] - INFO - res.shape is :torch.Size([64])
2024-12-22 12:17:18,717 - [Process 3/5] - INFO - len(per_windows_prompt):2
2024-12-22 12:17:24,804 - [Process 3/5] - INFO - res.shape is :torch.Size([64])
2024-12-22 12:17:25,001 - [Process 3/5] - INFO - len(per_windows_prompt):2
2024-12-22 12:17:31,459 - [Process 3/5] - INFO - res.shape is :torch.Size([64])
2024-12-22 12:17:31,675 - [Process 3/5] - INFO - len(per_windows_prompt):2
2024-12-22 12:17:38,155 - [Process 3/5] - INFO - res.shape is :torch.Size([64])
2024-12-22 12:17:38,369 - [Process 3/5] - INFO - len(per_windows_prompt):2
2024-12-22 12:17:44,891 - [Process 3/5] - INFO - res.shape is :torch.Size([64])
2024-12-22 12:17:45,143 - [Process 3/5] - INFO - len(per_windows_prompt):2
2024-12-22 12:17:51,665 - [Process 3/5] - INFO - res.shape is :torch.Size([64])
2024-12-22 12:17:51,912 - [Process 3/5] - INFO - len(per_windows_prompt):2
2024-12-22 12:17:58,390 - [Process 3/5] - INFO - res.shape is :torch.Size([64])
2024-12-22 12:17:58,518 - [Process 3/5] - INFO - len(per_windows_prompt):2
2024-12-22 12:18:03,318 - [Process 3/5] - INFO - res.shape is :torch.Size([64])
2024-12-22 12:18:03,536 - [Process 3/5] - INFO - len(per_windows_prompt):2
2024-12-22 12:18:10,026 - [Process 3/5] - INFO - res.shape is :torch.Size([64])
