2024-12-22 01:36:28,226 - [Process 3/5] - INFO - loading datasets finished
2024-12-22 01:36:28,226 - [Process 3/5] - INFO - model_max_len: 3950
2024-12-22 01:36:28,226 - [Process 3/5] - INFO - output_max_len: 32
2024-12-22 01:36:28,320 - [Process 3/5] - INFO - Max Length is 17355
2024-12-22 01:36:28,321 - [Process 3/5] - INFO - Finish loading dataset
2024-12-22 01:36:28,321 - [Process 3/5] - INFO - get_predicted begin
2024-12-22 01:36:33,090 - [Process 3/5] - INFO - len(per_windows_prompt):2
2024-12-22 01:36:37,709 - [Process 3/5] - INFO - res.shape is :torch.Size([4])
2024-12-22 01:36:38,006 - [Process 3/5] - INFO - len(per_windows_prompt):2
2024-12-22 01:36:41,877 - [Process 3/5] - INFO - res.shape is :torch.Size([4])
2024-12-22 01:36:42,124 - [Process 3/5] - INFO - len(per_windows_prompt):2
2024-12-22 01:36:46,309 - [Process 3/5] - INFO - res.shape is :torch.Size([8])
2024-12-22 01:36:46,626 - [Process 3/5] - INFO - len(per_windows_prompt):2
2024-12-22 01:36:50,687 - [Process 3/5] - INFO - res.shape is :torch.Size([4])
2024-12-22 01:36:50,982 - [Process 3/5] - INFO - len(per_windows_prompt):2
2024-12-22 01:36:55,235 - [Process 3/5] - INFO - res.shape is :torch.Size([8])
2024-12-22 01:36:55,517 - [Process 3/5] - INFO - len(per_windows_prompt):2
2024-12-22 01:36:59,578 - [Process 3/5] - INFO - res.shape is :torch.Size([8])
2024-12-22 01:36:59,860 - [Process 3/5] - INFO - len(per_windows_prompt):2
2024-12-22 01:37:04,019 - [Process 3/5] - INFO - res.shape is :torch.Size([6])
2024-12-22 01:37:04,296 - [Process 3/5] - INFO - len(per_windows_prompt):2
2024-12-22 01:37:08,430 - [Process 3/5] - INFO - res.shape is :torch.Size([10])
2024-12-22 01:37:08,709 - [Process 3/5] - INFO - len(per_windows_prompt):2
2024-12-22 01:37:12,874 - [Process 3/5] - INFO - res.shape is :torch.Size([6])
2024-12-22 01:37:13,148 - [Process 3/5] - INFO - len(per_windows_prompt):2
2024-12-22 01:37:17,086 - [Process 3/5] - INFO - res.shape is :torch.Size([4])
2024-12-22 01:37:17,359 - [Process 3/5] - INFO - len(per_windows_prompt):2
2024-12-22 01:37:21,200 - [Process 3/5] - INFO - res.shape is :torch.Size([3])
2024-12-22 01:37:21,470 - [Process 3/5] - INFO - len(per_windows_prompt):2
2024-12-22 01:37:25,506 - [Process 3/5] - INFO - res.shape is :torch.Size([6])
2024-12-22 01:37:25,783 - [Process 3/5] - INFO - len(per_windows_prompt):2
2024-12-22 01:37:29,765 - [Process 3/5] - INFO - res.shape is :torch.Size([6])
2024-12-22 01:37:30,045 - [Process 3/5] - INFO - len(per_windows_prompt):2
2024-12-22 01:37:34,841 - [Process 3/5] - INFO - res.shape is :torch.Size([25])
2024-12-22 01:37:35,123 - [Process 3/5] - INFO - len(per_windows_prompt):2
2024-12-22 01:37:39,249 - [Process 3/5] - INFO - res.shape is :torch.Size([6])
2024-12-22 01:37:39,447 - [Process 3/5] - INFO - len(per_windows_prompt):2
2024-12-22 01:37:43,553 - [Process 3/5] - INFO - res.shape is :torch.Size([8])
2024-12-22 01:37:43,832 - [Process 3/5] - INFO - len(per_windows_prompt):2
2024-12-22 01:37:47,773 - [Process 3/5] - INFO - res.shape is :torch.Size([5])
2024-12-22 01:37:48,050 - [Process 3/5] - INFO - len(per_windows_prompt):2
2024-12-22 01:37:52,167 - [Process 3/5] - INFO - res.shape is :torch.Size([6])
2024-12-22 01:37:52,440 - [Process 3/5] - INFO - len(per_windows_prompt):2
2024-12-22 01:37:56,374 - [Process 3/5] - INFO - res.shape is :torch.Size([4])
2024-12-22 01:37:56,651 - [Process 3/5] - INFO - len(per_windows_prompt):2
2024-12-22 01:38:00,798 - [Process 3/5] - INFO - res.shape is :torch.Size([5])
2024-12-22 01:38:01,073 - [Process 3/5] - INFO - len(per_windows_prompt):2
2024-12-22 01:38:05,257 - [Process 3/5] - INFO - res.shape is :torch.Size([6])
2024-12-22 01:38:05,536 - [Process 3/5] - INFO - len(per_windows_prompt):2
2024-12-22 01:38:09,583 - [Process 3/5] - INFO - res.shape is :torch.Size([6])
2024-12-22 01:38:09,858 - [Process 3/5] - INFO - len(per_windows_prompt):2
2024-12-22 01:38:13,788 - [Process 3/5] - INFO - res.shape is :torch.Size([3])
2024-12-22 01:38:14,082 - [Process 3/5] - INFO - len(per_windows_prompt):2
2024-12-22 01:38:18,405 - [Process 3/5] - INFO - res.shape is :torch.Size([12])
2024-12-22 01:38:18,670 - [Process 3/5] - INFO - len(per_windows_prompt):2
2024-12-22 01:38:22,682 - [Process 3/5] - INFO - res.shape is :torch.Size([5])
2024-12-22 01:38:22,985 - [Process 3/5] - INFO - len(per_windows_prompt):2
2024-12-22 01:38:26,937 - [Process 3/5] - INFO - res.shape is :torch.Size([5])
2024-12-22 01:38:27,230 - [Process 3/5] - INFO - len(per_windows_prompt):2
2024-12-22 01:38:31,403 - [Process 3/5] - INFO - res.shape is :torch.Size([6])
2024-12-22 01:38:31,697 - [Process 3/5] - INFO - len(per_windows_prompt):2
2024-12-22 01:38:36,374 - [Process 3/5] - INFO - res.shape is :torch.Size([17])
2024-12-22 01:38:36,653 - [Process 3/5] - INFO - len(per_windows_prompt):2
2024-12-22 01:38:40,802 - [Process 3/5] - INFO - res.shape is :torch.Size([5])
2024-12-22 01:38:41,083 - [Process 3/5] - INFO - len(per_windows_prompt):2
2024-12-22 01:38:45,277 - [Process 3/5] - INFO - res.shape is :torch.Size([6])
2024-12-22 01:38:45,549 - [Process 3/5] - INFO - len(per_windows_prompt):2
2024-12-22 01:38:49,535 - [Process 3/5] - INFO - res.shape is :torch.Size([5])
2024-12-22 01:38:49,800 - [Process 3/5] - INFO - len(per_windows_prompt):2
2024-12-22 01:38:53,889 - [Process 3/5] - INFO - res.shape is :torch.Size([5])
2024-12-22 01:38:54,166 - [Process 3/5] - INFO - len(per_windows_prompt):2
2024-12-22 01:38:58,236 - [Process 3/5] - INFO - res.shape is :torch.Size([4])
2024-12-22 01:38:58,517 - [Process 3/5] - INFO - len(per_windows_prompt):2
2024-12-22 01:39:02,602 - [Process 3/5] - INFO - res.shape is :torch.Size([8])
2024-12-22 01:39:02,872 - [Process 3/5] - INFO - len(per_windows_prompt):2
2024-12-22 01:39:07,037 - [Process 3/5] - INFO - res.shape is :torch.Size([5])
2024-12-22 01:39:07,311 - [Process 3/5] - INFO - len(per_windows_prompt):2
2024-12-22 01:39:11,396 - [Process 3/5] - INFO - res.shape is :torch.Size([5])
2024-12-22 01:39:11,664 - [Process 3/5] - INFO - len(per_windows_prompt):2
2024-12-22 01:39:15,741 - [Process 3/5] - INFO - res.shape is :torch.Size([7])
2024-12-22 01:39:16,014 - [Process 3/5] - INFO - len(per_windows_prompt):2
2024-12-22 01:39:19,910 - [Process 3/5] - INFO - res.shape is :torch.Size([3])
2024-12-22 01:39:20,185 - [Process 3/5] - INFO - len(per_windows_prompt):2
2024-12-22 01:39:24,357 - [Process 3/5] - INFO - res.shape is :torch.Size([7])
2024-12-22 01:39:24,641 - [Process 3/5] - INFO - len(per_windows_prompt):2
2024-12-22 01:39:28,713 - [Process 3/5] - INFO - res.shape is :torch.Size([3])
