2024-12-22 01:26:19,849 - [Process 4/5] - INFO - loading datasets finished
2024-12-22 01:26:19,850 - [Process 4/5] - INFO - model_max_len: 3950
2024-12-22 01:26:19,850 - [Process 4/5] - INFO - output_max_len: 32
2024-12-22 01:26:19,923 - [Process 4/5] - INFO - Max Length is 12697
2024-12-22 01:26:19,924 - [Process 4/5] - INFO - Finish loading dataset
2024-12-22 01:26:19,924 - [Process 4/5] - INFO - get_predicted begin
2024-12-22 01:26:24,716 - [Process 4/5] - INFO - len(per_windows_prompt):2
2024-12-22 01:26:29,396 - [Process 4/5] - INFO - res.shape is :torch.Size([3])
2024-12-22 01:26:29,651 - [Process 4/5] - INFO - len(per_windows_prompt):2
2024-12-22 01:26:33,567 - [Process 4/5] - INFO - res.shape is :torch.Size([6])
2024-12-22 01:26:33,815 - [Process 4/5] - INFO - len(per_windows_prompt):2
2024-12-22 01:26:37,775 - [Process 4/5] - INFO - res.shape is :torch.Size([4])
2024-12-22 01:26:38,047 - [Process 4/5] - INFO - len(per_windows_prompt):2
2024-12-22 01:26:42,045 - [Process 4/5] - INFO - res.shape is :torch.Size([5])
2024-12-22 01:26:42,320 - [Process 4/5] - INFO - len(per_windows_prompt):2
2024-12-22 01:26:46,325 - [Process 4/5] - INFO - res.shape is :torch.Size([7])
2024-12-22 01:26:46,506 - [Process 4/5] - INFO - len(per_windows_prompt):2
2024-12-22 01:26:50,354 - [Process 4/5] - INFO - res.shape is :torch.Size([4])
2024-12-22 01:26:50,624 - [Process 4/5] - INFO - len(per_windows_prompt):2
2024-12-22 01:26:55,134 - [Process 4/5] - INFO - res.shape is :torch.Size([16])
2024-12-22 01:26:55,333 - [Process 4/5] - INFO - len(per_windows_prompt):2
2024-12-22 01:26:59,298 - [Process 4/5] - INFO - res.shape is :torch.Size([2])
2024-12-22 01:26:59,604 - [Process 4/5] - INFO - len(per_windows_prompt):2
2024-12-22 01:27:03,527 - [Process 4/5] - INFO - res.shape is :torch.Size([5])
2024-12-22 01:27:03,817 - [Process 4/5] - INFO - len(per_windows_prompt):2
2024-12-22 01:27:07,876 - [Process 4/5] - INFO - res.shape is :torch.Size([4])
2024-12-22 01:27:08,174 - [Process 4/5] - INFO - len(per_windows_prompt):2
2024-12-22 01:27:12,788 - [Process 4/5] - INFO - res.shape is :torch.Size([18])
2024-12-22 01:27:13,061 - [Process 4/5] - INFO - len(per_windows_prompt):2
2024-12-22 01:27:17,049 - [Process 4/5] - INFO - res.shape is :torch.Size([4])
2024-12-22 01:27:17,310 - [Process 4/5] - INFO - len(per_windows_prompt):2
2024-12-22 01:27:21,184 - [Process 4/5] - INFO - res.shape is :torch.Size([4])
2024-12-22 01:27:21,464 - [Process 4/5] - INFO - len(per_windows_prompt):2
2024-12-22 01:27:25,386 - [Process 4/5] - INFO - res.shape is :torch.Size([6])
2024-12-22 01:27:25,645 - [Process 4/5] - INFO - len(per_windows_prompt):2
2024-12-22 01:27:29,538 - [Process 4/5] - INFO - res.shape is :torch.Size([5])
2024-12-22 01:27:29,738 - [Process 4/5] - INFO - len(per_windows_prompt):2
2024-12-22 01:27:33,850 - [Process 4/5] - INFO - res.shape is :torch.Size([9])
2024-12-22 01:27:34,126 - [Process 4/5] - INFO - len(per_windows_prompt):2
2024-12-22 01:27:38,211 - [Process 4/5] - INFO - res.shape is :torch.Size([8])
2024-12-22 01:27:38,468 - [Process 4/5] - INFO - len(per_windows_prompt):2
2024-12-22 01:27:42,655 - [Process 4/5] - INFO - res.shape is :torch.Size([8])
2024-12-22 01:27:42,868 - [Process 4/5] - INFO - len(per_windows_prompt):2
2024-12-22 01:27:46,911 - [Process 4/5] - INFO - res.shape is :torch.Size([5])
2024-12-22 01:27:47,190 - [Process 4/5] - INFO - len(per_windows_prompt):2
2024-12-22 01:27:51,115 - [Process 4/5] - INFO - res.shape is :torch.Size([4])
2024-12-22 01:27:51,395 - [Process 4/5] - INFO - len(per_windows_prompt):2
2024-12-22 01:27:55,481 - [Process 4/5] - INFO - res.shape is :torch.Size([4])
2024-12-22 01:27:55,681 - [Process 4/5] - INFO - len(per_windows_prompt):2
2024-12-22 01:27:59,677 - [Process 4/5] - INFO - res.shape is :torch.Size([6])
2024-12-22 01:27:59,915 - [Process 4/5] - INFO - len(per_windows_prompt):2
2024-12-22 01:28:03,952 - [Process 4/5] - INFO - res.shape is :torch.Size([7])
2024-12-22 01:28:04,196 - [Process 4/5] - INFO - len(per_windows_prompt):2
2024-12-22 01:28:08,056 - [Process 4/5] - INFO - res.shape is :torch.Size([2])
2024-12-22 01:28:08,308 - [Process 4/5] - INFO - len(per_windows_prompt):2
2024-12-22 01:28:12,413 - [Process 4/5] - INFO - res.shape is :torch.Size([6])
2024-12-22 01:28:12,689 - [Process 4/5] - INFO - len(per_windows_prompt):2
2024-12-22 01:28:16,640 - [Process 4/5] - INFO - res.shape is :torch.Size([2])
2024-12-22 01:28:16,910 - [Process 4/5] - INFO - len(per_windows_prompt):2
2024-12-22 01:28:20,990 - [Process 4/5] - INFO - res.shape is :torch.Size([5])
2024-12-22 01:28:21,217 - [Process 4/5] - INFO - len(per_windows_prompt):2
2024-12-22 01:28:25,257 - [Process 4/5] - INFO - res.shape is :torch.Size([7])
2024-12-22 01:28:25,498 - [Process 4/5] - INFO - len(per_windows_prompt):2
2024-12-22 01:28:29,984 - [Process 4/5] - INFO - res.shape is :torch.Size([17])
2024-12-22 01:28:30,251 - [Process 4/5] - INFO - len(per_windows_prompt):2
2024-12-22 01:28:34,359 - [Process 4/5] - INFO - res.shape is :torch.Size([6])
2024-12-22 01:28:34,631 - [Process 4/5] - INFO - len(per_windows_prompt):2
2024-12-22 01:28:38,489 - [Process 4/5] - INFO - res.shape is :torch.Size([3])
2024-12-22 01:28:38,684 - [Process 4/5] - INFO - len(per_windows_prompt):2
2024-12-22 01:28:42,691 - [Process 4/5] - INFO - res.shape is :torch.Size([3])
2024-12-22 01:28:42,952 - [Process 4/5] - INFO - len(per_windows_prompt):2
2024-12-22 01:28:46,907 - [Process 4/5] - INFO - res.shape is :torch.Size([5])
2024-12-22 01:28:47,128 - [Process 4/5] - INFO - len(per_windows_prompt):2
2024-12-22 01:28:50,998 - [Process 4/5] - INFO - res.shape is :torch.Size([3])
2024-12-22 01:28:51,288 - [Process 4/5] - INFO - len(per_windows_prompt):2
2024-12-22 01:28:55,558 - [Process 4/5] - INFO - res.shape is :torch.Size([8])
2024-12-22 01:28:55,792 - [Process 4/5] - INFO - len(per_windows_prompt):2
2024-12-22 01:28:59,757 - [Process 4/5] - INFO - res.shape is :torch.Size([5])
2024-12-22 01:29:00,024 - [Process 4/5] - INFO - len(per_windows_prompt):2
2024-12-22 01:29:04,162 - [Process 4/5] - INFO - res.shape is :torch.Size([5])
2024-12-22 01:29:04,341 - [Process 4/5] - INFO - len(per_windows_prompt):2
2024-12-22 01:29:08,494 - [Process 4/5] - INFO - res.shape is :torch.Size([5])
2024-12-22 01:29:08,777 - [Process 4/5] - INFO - len(per_windows_prompt):2
2024-12-22 01:29:12,796 - [Process 4/5] - INFO - res.shape is :torch.Size([7])
2024-12-22 01:29:12,992 - [Process 4/5] - INFO - len(per_windows_prompt):2
2024-12-22 01:29:16,838 - [Process 4/5] - INFO - res.shape is :torch.Size([2])
