2024-12-22 01:47:53,123 - [Process 0/5] - INFO - loading datasets finished
2024-12-22 01:47:53,124 - [Process 0/5] - INFO - model_max_len: 3950
2024-12-22 01:47:53,124 - [Process 0/5] - INFO - output_max_len: 32
2024-12-22 01:47:53,196 - [Process 0/5] - INFO - Max Length is 16633
2024-12-22 01:47:53,196 - [Process 0/5] - INFO - Finish loading dataset
2024-12-22 01:47:53,197 - [Process 0/5] - INFO - get_predicted begin
2024-12-22 01:47:57,976 - [Process 0/5] - INFO - len(per_windows_prompt):2
2024-12-22 01:48:02,858 - [Process 0/5] - INFO - res.shape is :torch.Size([6])
2024-12-22 01:48:03,133 - [Process 0/5] - INFO - len(per_windows_prompt):2
2024-12-22 01:48:09,719 - [Process 0/5] - INFO - res.shape is :torch.Size([6])
2024-12-22 01:48:09,968 - [Process 0/5] - INFO - len(per_windows_prompt):2
2024-12-22 01:48:14,393 - [Process 0/5] - INFO - res.shape is :torch.Size([3])
2024-12-22 01:48:14,710 - [Process 0/5] - INFO - len(per_windows_prompt):2
2024-12-22 01:48:19,742 - [Process 0/5] - INFO - res.shape is :torch.Size([6])
2024-12-22 01:48:19,975 - [Process 0/5] - INFO - len(per_windows_prompt):2
2024-12-22 01:48:25,840 - [Process 0/5] - INFO - res.shape is :torch.Size([7])
2024-12-22 01:48:26,062 - [Process 0/5] - INFO - len(per_windows_prompt):2
2024-12-22 01:48:36,311 - [Process 0/5] - INFO - res.shape is :torch.Size([32])
2024-12-22 01:48:36,519 - [Process 0/5] - INFO - len(per_windows_prompt):2
2024-12-22 01:48:43,752 - [Process 0/5] - INFO - res.shape is :torch.Size([4])
2024-12-22 01:48:43,908 - [Process 0/5] - INFO - len(per_windows_prompt):2
2024-12-22 01:48:49,048 - [Process 0/5] - INFO - res.shape is :torch.Size([4])
2024-12-22 01:48:49,253 - [Process 0/5] - INFO - len(per_windows_prompt):2
2024-12-22 01:48:54,131 - [Process 0/5] - INFO - res.shape is :torch.Size([7])
2024-12-22 01:48:54,372 - [Process 0/5] - INFO - len(per_windows_prompt):2
2024-12-22 01:49:02,142 - [Process 0/5] - INFO - res.shape is :torch.Size([32])
2024-12-22 01:49:02,448 - [Process 0/5] - INFO - len(per_windows_prompt):2
2024-12-22 01:49:08,808 - [Process 0/5] - INFO - res.shape is :torch.Size([6])
2024-12-22 01:49:09,050 - [Process 0/5] - INFO - len(per_windows_prompt):2
2024-12-22 01:49:14,779 - [Process 0/5] - INFO - res.shape is :torch.Size([32])
2024-12-22 01:49:14,968 - [Process 0/5] - INFO - len(per_windows_prompt):2
2024-12-22 01:49:19,516 - [Process 0/5] - INFO - res.shape is :torch.Size([6])
2024-12-22 01:49:19,765 - [Process 0/5] - INFO - len(per_windows_prompt):2
2024-12-22 01:49:24,749 - [Process 0/5] - INFO - res.shape is :torch.Size([10])
2024-12-22 01:49:24,933 - [Process 0/5] - INFO - len(per_windows_prompt):2
2024-12-22 01:49:32,020 - [Process 0/5] - INFO - res.shape is :torch.Size([32])
2024-12-22 01:49:32,210 - [Process 0/5] - INFO - len(per_windows_prompt):2
2024-12-22 01:49:37,453 - [Process 0/5] - INFO - res.shape is :torch.Size([5])
2024-12-22 01:49:37,745 - [Process 0/5] - INFO - len(per_windows_prompt):2
2024-12-22 01:49:43,140 - [Process 0/5] - INFO - res.shape is :torch.Size([6])
2024-12-22 01:49:43,267 - [Process 0/5] - INFO - len(per_windows_prompt):2
2024-12-22 01:49:46,284 - [Process 0/5] - INFO - res.shape is :torch.Size([4])
2024-12-22 01:49:46,562 - [Process 0/5] - INFO - len(per_windows_prompt):2
2024-12-22 01:49:51,123 - [Process 0/5] - INFO - res.shape is :torch.Size([3])
2024-12-22 01:49:51,409 - [Process 0/5] - INFO - len(per_windows_prompt):2
2024-12-22 01:49:56,490 - [Process 0/5] - INFO - res.shape is :torch.Size([3])
2024-12-22 01:49:56,734 - [Process 0/5] - INFO - len(per_windows_prompt):2
2024-12-22 01:50:04,740 - [Process 0/5] - INFO - res.shape is :torch.Size([32])
2024-12-22 01:50:04,923 - [Process 0/5] - INFO - len(per_windows_prompt):2
2024-12-22 01:50:11,511 - [Process 0/5] - INFO - res.shape is :torch.Size([5])
2024-12-22 01:50:11,731 - [Process 0/5] - INFO - len(per_windows_prompt):2
2024-12-22 01:50:17,354 - [Process 0/5] - INFO - res.shape is :torch.Size([7])
2024-12-22 01:50:17,607 - [Process 0/5] - INFO - len(per_windows_prompt):2
2024-12-22 01:50:26,274 - [Process 0/5] - INFO - res.shape is :torch.Size([32])
2024-12-22 01:50:26,562 - [Process 0/5] - INFO - len(per_windows_prompt):2
2024-12-22 01:50:33,022 - [Process 0/5] - INFO - res.shape is :torch.Size([9])
2024-12-22 01:50:33,278 - [Process 0/5] - INFO - len(per_windows_prompt):2
2024-12-22 01:50:39,650 - [Process 0/5] - INFO - res.shape is :torch.Size([4])
2024-12-22 01:50:39,952 - [Process 0/5] - INFO - len(per_windows_prompt):2
2024-12-22 01:50:46,290 - [Process 0/5] - INFO - res.shape is :torch.Size([32])
2024-12-22 01:50:46,479 - [Process 0/5] - INFO - len(per_windows_prompt):2
2024-12-22 01:50:53,616 - [Process 0/5] - INFO - res.shape is :torch.Size([5])
2024-12-22 01:50:53,783 - [Process 0/5] - INFO - len(per_windows_prompt):2
2024-12-22 01:50:57,418 - [Process 0/5] - INFO - res.shape is :torch.Size([3])
2024-12-22 01:50:57,666 - [Process 0/5] - INFO - len(per_windows_prompt):2
2024-12-22 01:51:02,791 - [Process 0/5] - INFO - res.shape is :torch.Size([4])
2024-12-22 01:51:03,026 - [Process 0/5] - INFO - len(per_windows_prompt):2
2024-12-22 01:51:08,541 - [Process 0/5] - INFO - res.shape is :torch.Size([32])
2024-12-22 01:51:08,690 - [Process 0/5] - INFO - len(per_windows_prompt):2
2024-12-22 01:51:13,106 - [Process 0/5] - INFO - res.shape is :torch.Size([3])
2024-12-22 01:51:13,382 - [Process 0/5] - INFO - len(per_windows_prompt):2
2024-12-22 01:51:19,038 - [Process 0/5] - INFO - res.shape is :torch.Size([6])
2024-12-22 01:51:19,234 - [Process 0/5] - INFO - len(per_windows_prompt):2
2024-12-22 01:51:26,357 - [Process 0/5] - INFO - res.shape is :torch.Size([6])
2024-12-22 01:51:26,621 - [Process 0/5] - INFO - len(per_windows_prompt):2
2024-12-22 01:51:34,289 - [Process 0/5] - INFO - res.shape is :torch.Size([4])
2024-12-22 01:51:34,619 - [Process 0/5] - INFO - len(per_windows_prompt):2
2024-12-22 01:51:42,806 - [Process 0/5] - INFO - res.shape is :torch.Size([32])
2024-12-22 01:51:42,876 - [Process 0/5] - INFO - len(per_windows_prompt):2
2024-12-22 01:51:44,760 - [Process 0/5] - INFO - res.shape is :torch.Size([5])
2024-12-22 01:51:45,078 - [Process 0/5] - INFO - len(per_windows_prompt):2
2024-12-22 01:51:51,682 - [Process 0/5] - INFO - res.shape is :torch.Size([5])
2024-12-22 01:51:51,986 - [Process 0/5] - INFO - len(per_windows_prompt):2
2024-12-22 01:51:58,886 - [Process 0/5] - INFO - res.shape is :torch.Size([16])
2024-12-22 01:51:59,121 - [Process 0/5] - INFO - len(per_windows_prompt):2
2024-12-22 01:52:06,462 - [Process 0/5] - INFO - res.shape is :torch.Size([5])
