2024-12-22 04:18:21,622 - [Process 0/5] - INFO - loading datasets finished
2024-12-22 04:18:21,622 - [Process 0/5] - INFO - model_max_len: 3950
2024-12-22 04:18:21,622 - [Process 0/5] - INFO - output_max_len: 64
2024-12-22 04:18:21,656 - [Process 0/5] - INFO - Max Length is 10029
2024-12-22 04:18:21,657 - [Process 0/5] - INFO - Finish loading dataset
2024-12-22 04:18:21,658 - [Process 0/5] - INFO - get_predicted begin
2024-12-22 04:18:26,386 - [Process 0/5] - INFO - len(per_windows_prompt):2
2024-12-22 04:18:32,948 - [Process 0/5] - INFO - res.shape is :torch.Size([64])
2024-12-22 04:18:33,051 - [Process 0/5] - INFO - len(per_windows_prompt):2
2024-12-22 04:18:38,933 - [Process 0/5] - INFO - res.shape is :torch.Size([57])
2024-12-22 04:18:39,009 - [Process 0/5] - INFO - len(per_windows_prompt):2
2024-12-22 04:18:43,804 - [Process 0/5] - INFO - res.shape is :torch.Size([64])
2024-12-22 04:18:43,870 - [Process 0/5] - INFO - len(per_windows_prompt):2
2024-12-22 04:18:48,347 - [Process 0/5] - INFO - res.shape is :torch.Size([64])
2024-12-22 04:18:48,433 - [Process 0/5] - INFO - len(per_windows_prompt):2
2024-12-22 04:18:53,593 - [Process 0/5] - INFO - res.shape is :torch.Size([64])
2024-12-22 04:18:53,706 - [Process 0/5] - INFO - len(per_windows_prompt):2
2024-12-22 04:18:59,704 - [Process 0/5] - INFO - res.shape is :torch.Size([64])
2024-12-22 04:18:59,789 - [Process 0/5] - INFO - len(per_windows_prompt):2
2024-12-22 04:19:05,010 - [Process 0/5] - INFO - res.shape is :torch.Size([64])
2024-12-22 04:19:05,121 - [Process 0/5] - INFO - len(per_windows_prompt):2
2024-12-22 04:19:11,105 - [Process 0/5] - INFO - res.shape is :torch.Size([64])
2024-12-22 04:19:11,187 - [Process 0/5] - INFO - len(per_windows_prompt):2
2024-12-22 04:19:16,187 - [Process 0/5] - INFO - res.shape is :torch.Size([64])
2024-12-22 04:19:16,260 - [Process 0/5] - INFO - len(per_windows_prompt):2
2024-12-22 04:19:21,057 - [Process 0/5] - INFO - res.shape is :torch.Size([64])
2024-12-22 04:19:21,171 - [Process 0/5] - INFO - len(per_windows_prompt):2
2024-12-22 04:19:27,266 - [Process 0/5] - INFO - res.shape is :torch.Size([64])
2024-12-22 04:19:27,355 - [Process 0/5] - INFO - len(per_windows_prompt):2
2024-12-22 04:19:32,689 - [Process 0/5] - INFO - res.shape is :torch.Size([64])
2024-12-22 04:19:32,798 - [Process 0/5] - INFO - len(per_windows_prompt):2
2024-12-22 04:19:38,811 - [Process 0/5] - INFO - res.shape is :torch.Size([64])
2024-12-22 04:19:38,885 - [Process 0/5] - INFO - len(per_windows_prompt):2
2024-12-22 04:19:43,601 - [Process 0/5] - INFO - res.shape is :torch.Size([64])
2024-12-22 04:19:43,677 - [Process 0/5] - INFO - len(per_windows_prompt):2
2024-12-22 04:19:48,413 - [Process 0/5] - INFO - res.shape is :torch.Size([64])
2024-12-22 04:19:48,485 - [Process 0/5] - INFO - len(per_windows_prompt):2
2024-12-22 04:19:53,064 - [Process 0/5] - INFO - res.shape is :torch.Size([64])
2024-12-22 04:19:53,174 - [Process 0/5] - INFO - len(per_windows_prompt):2
2024-12-22 04:19:59,268 - [Process 0/5] - INFO - res.shape is :torch.Size([64])
2024-12-22 04:19:59,358 - [Process 0/5] - INFO - len(per_windows_prompt):2
2024-12-22 04:20:04,864 - [Process 0/5] - INFO - res.shape is :torch.Size([64])
2024-12-22 04:20:04,971 - [Process 0/5] - INFO - len(per_windows_prompt):2
2024-12-22 04:20:11,072 - [Process 0/5] - INFO - res.shape is :torch.Size([64])
2024-12-22 04:20:11,130 - [Process 0/5] - INFO - len(per_windows_prompt):2
2024-12-22 04:20:15,233 - [Process 0/5] - INFO - res.shape is :torch.Size([64])
2024-12-22 04:20:15,339 - [Process 0/5] - INFO - len(per_windows_prompt):2
2024-12-22 04:20:21,364 - [Process 0/5] - INFO - res.shape is :torch.Size([64])
2024-12-22 04:20:21,417 - [Process 0/5] - INFO - len(per_windows_prompt):2
2024-12-22 04:20:25,263 - [Process 0/5] - INFO - res.shape is :torch.Size([64])
2024-12-22 04:20:25,403 - [Process 0/5] - INFO - len(per_windows_prompt):2
2024-12-22 04:20:31,497 - [Process 0/5] - INFO - res.shape is :torch.Size([64])
2024-12-22 04:20:31,609 - [Process 0/5] - INFO - len(per_windows_prompt):2
2024-12-22 04:20:37,807 - [Process 0/5] - INFO - res.shape is :torch.Size([64])
2024-12-22 04:20:37,970 - [Process 0/5] - INFO - len(per_windows_prompt):2
2024-12-22 04:20:43,989 - [Process 0/5] - INFO - res.shape is :torch.Size([64])
2024-12-22 04:20:44,052 - [Process 0/5] - INFO - len(per_windows_prompt):2
2024-12-22 04:20:48,332 - [Process 0/5] - INFO - res.shape is :torch.Size([64])
2024-12-22 04:20:48,428 - [Process 0/5] - INFO - len(per_windows_prompt):2
2024-12-22 04:20:54,146 - [Process 0/5] - INFO - res.shape is :torch.Size([64])
2024-12-22 04:20:54,261 - [Process 0/5] - INFO - len(per_windows_prompt):2
2024-12-22 04:21:00,471 - [Process 0/5] - INFO - res.shape is :torch.Size([64])
2024-12-22 04:21:00,538 - [Process 0/5] - INFO - len(per_windows_prompt):2
2024-12-22 04:21:05,071 - [Process 0/5] - INFO - res.shape is :torch.Size([64])
2024-12-22 04:21:05,175 - [Process 0/5] - INFO - len(per_windows_prompt):2
2024-12-22 04:21:11,097 - [Process 0/5] - INFO - res.shape is :torch.Size([64])
2024-12-22 04:21:11,180 - [Process 0/5] - INFO - len(per_windows_prompt):2
2024-12-22 04:21:16,408 - [Process 0/5] - INFO - res.shape is :torch.Size([64])
2024-12-22 04:21:16,541 - [Process 0/5] - INFO - len(per_windows_prompt):2
2024-12-22 04:21:22,651 - [Process 0/5] - INFO - res.shape is :torch.Size([64])
2024-12-22 04:21:22,753 - [Process 0/5] - INFO - len(per_windows_prompt):2
2024-12-22 04:21:28,516 - [Process 0/5] - INFO - res.shape is :torch.Size([64])
2024-12-22 04:21:28,617 - [Process 0/5] - INFO - len(per_windows_prompt):2
2024-12-22 04:21:34,566 - [Process 0/5] - INFO - res.shape is :torch.Size([64])
2024-12-22 04:21:34,629 - [Process 0/5] - INFO - len(per_windows_prompt):2
2024-12-22 04:21:38,921 - [Process 0/5] - INFO - res.shape is :torch.Size([64])
2024-12-22 04:21:39,005 - [Process 0/5] - INFO - len(per_windows_prompt):2
2024-12-22 04:21:44,161 - [Process 0/5] - INFO - res.shape is :torch.Size([64])
2024-12-22 04:21:44,217 - [Process 0/5] - INFO - len(per_windows_prompt):2
2024-12-22 04:21:48,103 - [Process 0/5] - INFO - res.shape is :torch.Size([64])
2024-12-22 04:21:48,166 - [Process 0/5] - INFO - len(per_windows_prompt):2
2024-12-22 04:21:52,508 - [Process 0/5] - INFO - res.shape is :torch.Size([64])
2024-12-22 04:21:52,560 - [Process 0/5] - INFO - len(per_windows_prompt):2
2024-12-22 04:21:56,423 - [Process 0/5] - INFO - res.shape is :torch.Size([64])
2024-12-22 04:21:56,486 - [Process 0/5] - INFO - len(per_windows_prompt):2
2024-12-22 04:22:00,386 - [Process 0/5] - INFO - res.shape is :torch.Size([52])
2024-12-22 04:22:00,435 - [Process 0/5] - INFO - len(per_windows_prompt):2
2024-12-22 04:22:04,235 - [Process 0/5] - INFO - res.shape is :torch.Size([64])
2024-12-22 04:22:04,307 - [Process 0/5] - INFO - len(per_windows_prompt):2
2024-12-22 04:22:08,998 - [Process 0/5] - INFO - res.shape is :torch.Size([64])
2024-12-22 04:22:09,098 - [Process 0/5] - INFO - len(per_windows_prompt):2
2024-12-22 04:22:14,840 - [Process 0/5] - INFO - res.shape is :torch.Size([64])
2024-12-22 04:22:14,954 - [Process 0/5] - INFO - len(per_windows_prompt):2
2024-12-22 04:22:21,057 - [Process 0/5] - INFO - res.shape is :torch.Size([64])
2024-12-22 04:22:21,113 - [Process 0/5] - INFO - len(per_windows_prompt):2
2024-12-22 04:22:24,961 - [Process 0/5] - INFO - res.shape is :torch.Size([64])
2024-12-22 04:22:25,020 - [Process 0/5] - INFO - len(per_windows_prompt):2
2024-12-22 04:22:28,886 - [Process 0/5] - INFO - res.shape is :torch.Size([56])
2024-12-22 04:22:29,003 - [Process 0/5] - INFO - len(per_windows_prompt):2
2024-12-22 04:22:35,042 - [Process 0/5] - INFO - res.shape is :torch.Size([64])
2024-12-22 04:22:35,147 - [Process 0/5] - INFO - len(per_windows_prompt):2
2024-12-22 04:22:41,335 - [Process 0/5] - INFO - res.shape is :torch.Size([64])
2024-12-22 04:22:41,450 - [Process 0/5] - INFO - len(per_windows_prompt):2
2024-12-22 04:22:47,479 - [Process 0/5] - INFO - res.shape is :torch.Size([64])
2024-12-22 04:22:47,560 - [Process 0/5] - INFO - len(per_windows_prompt):2
2024-12-22 04:22:52,678 - [Process 0/5] - INFO - res.shape is :torch.Size([64])
2024-12-22 04:22:52,799 - [Process 0/5] - INFO - len(per_windows_prompt):2
2024-12-22 04:22:58,829 - [Process 0/5] - INFO - res.shape is :torch.Size([64])
2024-12-22 04:22:58,893 - [Process 0/5] - INFO - len(per_windows_prompt):2
2024-12-22 04:23:03,710 - [Process 0/5] - INFO - res.shape is :torch.Size([64])
2024-12-22 04:23:03,818 - [Process 0/5] - INFO - len(per_windows_prompt):2
2024-12-22 04:23:08,189 - [Process 0/5] - INFO - res.shape is :torch.Size([64])
2024-12-22 04:23:08,332 - [Process 0/5] - INFO - len(per_windows_prompt):2
2024-12-22 04:23:13,493 - [Process 0/5] - INFO - res.shape is :torch.Size([64])
2024-12-22 04:23:13,767 - [Process 0/5] - INFO - len(per_windows_prompt):2
2024-12-22 04:23:20,258 - [Process 0/5] - INFO - res.shape is :torch.Size([64])
2024-12-22 04:23:20,415 - [Process 0/5] - INFO - len(per_windows_prompt):2
2024-12-22 04:23:26,241 - [Process 0/5] - INFO - res.shape is :torch.Size([64])
2024-12-22 04:23:26,376 - [Process 0/5] - INFO - len(per_windows_prompt):2
2024-12-22 04:23:31,653 - [Process 0/5] - INFO - res.shape is :torch.Size([64])
2024-12-22 04:23:31,814 - [Process 0/5] - INFO - len(per_windows_prompt):2
2024-12-22 04:23:37,834 - [Process 0/5] - INFO - res.shape is :torch.Size([64])
2024-12-22 04:23:37,947 - [Process 0/5] - INFO - len(per_windows_prompt):2
2024-12-22 04:23:42,882 - [Process 0/5] - INFO - res.shape is :torch.Size([64])
2024-12-22 04:23:43,026 - [Process 0/5] - INFO - len(per_windows_prompt):2
2024-12-22 04:23:48,054 - [Process 0/5] - INFO - res.shape is :torch.Size([51])
2024-12-22 04:23:48,199 - [Process 0/5] - INFO - len(per_windows_prompt):2
2024-12-22 04:23:53,878 - [Process 0/5] - INFO - res.shape is :torch.Size([64])
2024-12-22 04:23:54,013 - [Process 0/5] - INFO - len(per_windows_prompt):2
2024-12-22 04:23:58,344 - [Process 0/5] - INFO - res.shape is :torch.Size([48])
2024-12-22 04:23:58,463 - [Process 0/5] - INFO - len(per_windows_prompt):2
2024-12-22 04:24:03,199 - [Process 0/5] - INFO - res.shape is :torch.Size([64])
2024-12-22 04:24:03,357 - [Process 0/5] - INFO - len(per_windows_prompt):2
2024-12-22 04:24:09,060 - [Process 0/5] - INFO - res.shape is :torch.Size([64])
2024-12-22 04:24:09,223 - [Process 0/5] - INFO - len(per_windows_prompt):2
2024-12-22 04:24:15,165 - [Process 0/5] - INFO - res.shape is :torch.Size([64])
2024-12-22 04:24:15,363 - [Process 0/5] - INFO - len(per_windows_prompt):2
2024-12-22 04:24:21,828 - [Process 0/5] - INFO - res.shape is :torch.Size([64])
2024-12-22 04:24:21,928 - [Process 0/5] - INFO - len(per_windows_prompt):2
2024-12-22 04:24:26,584 - [Process 0/5] - INFO - res.shape is :torch.Size([64])
2024-12-22 04:24:26,779 - [Process 0/5] - INFO - len(per_windows_prompt):2
2024-12-22 04:24:33,052 - [Process 0/5] - INFO - res.shape is :torch.Size([64])
2024-12-22 04:24:33,214 - [Process 0/5] - INFO - len(per_windows_prompt):2
2024-12-22 04:24:38,855 - [Process 0/5] - INFO - res.shape is :torch.Size([64])
2024-12-22 04:24:38,955 - [Process 0/5] - INFO - len(per_windows_prompt):2
2024-12-22 04:24:43,297 - [Process 0/5] - INFO - res.shape is :torch.Size([64])
2024-12-22 04:24:43,455 - [Process 0/5] - INFO - len(per_windows_prompt):2
2024-12-22 04:24:49,429 - [Process 0/5] - INFO - res.shape is :torch.Size([64])
2024-12-22 04:24:49,511 - [Process 0/5] - INFO - len(per_windows_prompt):2
2024-12-22 04:24:53,800 - [Process 0/5] - INFO - res.shape is :torch.Size([64])
2024-12-22 04:24:53,981 - [Process 0/5] - INFO - len(per_windows_prompt):2
2024-12-22 04:25:00,313 - [Process 0/5] - INFO - res.shape is :torch.Size([64])
2024-12-22 04:25:00,394 - [Process 0/5] - INFO - len(per_windows_prompt):2
2024-12-22 04:25:04,780 - [Process 0/5] - INFO - res.shape is :torch.Size([64])
2024-12-22 04:25:04,971 - [Process 0/5] - INFO - len(per_windows_prompt):2
2024-12-22 04:25:11,445 - [Process 0/5] - INFO - res.shape is :torch.Size([64])
2024-12-22 04:25:11,548 - [Process 0/5] - INFO - len(per_windows_prompt):2
2024-12-22 04:25:16,302 - [Process 0/5] - INFO - res.shape is :torch.Size([64])
2024-12-22 04:25:16,489 - [Process 0/5] - INFO - len(per_windows_prompt):2
2024-12-22 04:25:22,917 - [Process 0/5] - INFO - res.shape is :torch.Size([64])
2024-12-22 04:25:23,010 - [Process 0/5] - INFO - len(per_windows_prompt):2
2024-12-22 04:25:27,589 - [Process 0/5] - INFO - res.shape is :torch.Size([64])
2024-12-22 04:25:27,766 - [Process 0/5] - INFO - len(per_windows_prompt):2
2024-12-22 04:25:34,118 - [Process 0/5] - INFO - res.shape is :torch.Size([64])
2024-12-22 04:25:34,285 - [Process 0/5] - INFO - len(per_windows_prompt):2
2024-12-22 04:25:40,297 - [Process 0/5] - INFO - res.shape is :torch.Size([64])
2024-12-22 04:25:40,484 - [Process 0/5] - INFO - len(per_windows_prompt):2
2024-12-22 04:25:46,808 - [Process 0/5] - INFO - res.shape is :torch.Size([64])
2024-12-22 04:25:46,987 - [Process 0/5] - INFO - len(per_windows_prompt):2
2024-12-22 04:25:52,996 - [Process 0/5] - INFO - res.shape is :torch.Size([64])
2024-12-22 04:25:53,110 - [Process 0/5] - INFO - len(per_windows_prompt):2
2024-12-22 04:25:57,546 - [Process 0/5] - INFO - res.shape is :torch.Size([61])
2024-12-22 04:25:57,681 - [Process 0/5] - INFO - len(per_windows_prompt):2
2024-12-22 04:26:02,968 - [Process 0/5] - INFO - res.shape is :torch.Size([64])
2024-12-22 04:26:03,066 - [Process 0/5] - INFO - len(per_windows_prompt):2
2024-12-22 04:26:07,255 - [Process 0/5] - INFO - res.shape is :torch.Size([64])
2024-12-22 04:26:07,445 - [Process 0/5] - INFO - len(per_windows_prompt):2
2024-12-22 04:26:13,656 - [Process 0/5] - INFO - res.shape is :torch.Size([64])
2024-12-22 04:26:13,878 - [Process 0/5] - INFO - len(per_windows_prompt):2
2024-12-22 04:26:20,223 - [Process 0/5] - INFO - res.shape is :torch.Size([64])
2024-12-22 04:26:20,357 - [Process 0/5] - INFO - len(per_windows_prompt):2
2024-12-22 04:26:24,400 - [Process 0/5] - INFO - res.shape is :torch.Size([42])
2024-12-22 04:26:24,497 - [Process 0/5] - INFO - len(per_windows_prompt):2
2024-12-22 04:26:29,179 - [Process 0/5] - INFO - res.shape is :torch.Size([64])
2024-12-22 04:26:29,280 - [Process 0/5] - INFO - len(per_windows_prompt):2
2024-12-22 04:26:31,840 - [Process 0/5] - INFO - res.shape is :torch.Size([16])
2024-12-22 04:26:31,977 - [Process 0/5] - INFO - len(per_windows_prompt):2
2024-12-22 04:26:36,910 - [Process 0/5] - INFO - res.shape is :torch.Size([64])
2024-12-22 04:26:37,017 - [Process 0/5] - INFO - len(per_windows_prompt):2
2024-12-22 04:26:41,603 - [Process 0/5] - INFO - res.shape is :torch.Size([64])
2024-12-22 04:26:41,790 - [Process 0/5] - INFO - len(per_windows_prompt):2
2024-12-22 04:26:48,104 - [Process 0/5] - INFO - res.shape is :torch.Size([64])
2024-12-22 04:26:48,265 - [Process 0/5] - INFO - len(per_windows_prompt):2
2024-12-22 04:26:54,282 - [Process 0/5] - INFO - res.shape is :torch.Size([64])
2024-12-22 04:26:54,414 - [Process 0/5] - INFO - len(per_windows_prompt):2
2024-12-22 04:26:59,270 - [Process 0/5] - INFO - res.shape is :torch.Size([64])
2024-12-22 04:26:59,528 - [Process 0/5] - INFO - len(per_windows_prompt):2
2024-12-22 04:27:06,055 - [Process 0/5] - INFO - res.shape is :torch.Size([64])
2024-12-22 04:27:06,144 - [Process 0/5] - INFO - len(per_windows_prompt):2
2024-12-22 04:27:10,304 - [Process 0/5] - INFO - res.shape is :torch.Size([64])
2024-12-22 04:27:10,395 - [Process 0/5] - INFO - len(per_windows_prompt):2
2024-12-22 04:27:14,793 - [Process 0/5] - INFO - res.shape is :torch.Size([64])
2024-12-22 04:27:14,954 - [Process 0/5] - INFO - len(per_windows_prompt):2
2024-12-22 04:27:20,921 - [Process 0/5] - INFO - res.shape is :torch.Size([64])
2024-12-22 04:27:20,983 - [Process 0/5] - INFO - len(per_windows_prompt):2
2024-12-22 04:27:25,002 - [Process 0/5] - INFO - res.shape is :torch.Size([64])
