2024-12-22 04:05:11,542 - [Process 1/5] - INFO - loading datasets finished
2024-12-22 04:05:11,543 - [Process 1/5] - INFO - model_max_len: 3950
2024-12-22 04:05:11,543 - [Process 1/5] - INFO - output_max_len: 512
2024-12-22 04:05:11,574 - [Process 1/5] - INFO - Max Length is 24585
2024-12-22 04:05:11,574 - [Process 1/5] - INFO - Finish loading dataset
2024-12-22 04:05:11,574 - [Process 1/5] - INFO - get_predicted begin
2024-12-22 04:05:16,318 - [Process 1/5] - INFO - len(per_windows_prompt):2
2024-12-22 04:05:23,747 - [Process 1/5] - INFO - res.shape is :torch.Size([81])
2024-12-22 04:05:23,900 - [Process 1/5] - INFO - len(per_windows_prompt):2
2024-12-22 04:05:30,750 - [Process 1/5] - INFO - res.shape is :torch.Size([80])
2024-12-22 04:05:30,831 - [Process 1/5] - INFO - len(per_windows_prompt):2
2024-12-22 04:05:36,414 - [Process 1/5] - INFO - res.shape is :torch.Size([72])
2024-12-22 04:05:36,570 - [Process 1/5] - INFO - len(per_windows_prompt):2
2024-12-22 04:05:44,892 - [Process 1/5] - INFO - res.shape is :torch.Size([116])
2024-12-22 04:05:45,003 - [Process 1/5] - INFO - len(per_windows_prompt):2
2024-12-22 04:05:52,416 - [Process 1/5] - INFO - res.shape is :torch.Size([92])
2024-12-22 04:05:52,596 - [Process 1/5] - INFO - len(per_windows_prompt):2
2024-12-22 04:05:59,106 - [Process 1/5] - INFO - res.shape is :torch.Size([69])
2024-12-22 04:05:59,251 - [Process 1/5] - INFO - len(per_windows_prompt):2
2024-12-22 04:06:04,963 - [Process 1/5] - INFO - res.shape is :torch.Size([50])
2024-12-22 04:06:05,100 - [Process 1/5] - INFO - len(per_windows_prompt):2
2024-12-22 04:06:09,523 - [Process 1/5] - INFO - res.shape is :torch.Size([19])
2024-12-22 04:06:09,650 - [Process 1/5] - INFO - len(per_windows_prompt):2
2024-12-22 04:06:15,889 - [Process 1/5] - INFO - res.shape is :torch.Size([64])
2024-12-22 04:06:16,021 - [Process 1/5] - INFO - len(per_windows_prompt):2
2024-12-22 04:06:21,209 - [Process 1/5] - INFO - res.shape is :torch.Size([38])
2024-12-22 04:06:21,375 - [Process 1/5] - INFO - len(per_windows_prompt):2
2024-12-22 04:06:29,507 - [Process 1/5] - INFO - res.shape is :torch.Size([110])
2024-12-22 04:06:29,664 - [Process 1/5] - INFO - len(per_windows_prompt):2
2024-12-22 04:06:36,730 - [Process 1/5] - INFO - res.shape is :torch.Size([83])
2024-12-22 04:06:36,861 - [Process 1/5] - INFO - len(per_windows_prompt):2
2024-12-22 04:06:44,714 - [Process 1/5] - INFO - res.shape is :torch.Size([104])
2024-12-22 04:06:44,843 - [Process 1/5] - INFO - len(per_windows_prompt):2
2024-12-22 04:06:50,891 - [Process 1/5] - INFO - res.shape is :torch.Size([59])
2024-12-22 04:06:51,046 - [Process 1/5] - INFO - len(per_windows_prompt):2
2024-12-22 04:06:56,520 - [Process 1/5] - INFO - res.shape is :torch.Size([43])
2024-12-22 04:06:56,674 - [Process 1/5] - INFO - len(per_windows_prompt):2
2024-12-22 04:07:03,659 - [Process 1/5] - INFO - res.shape is :torch.Size([81])
2024-12-22 04:07:03,770 - [Process 1/5] - INFO - len(per_windows_prompt):2
2024-12-22 04:07:11,814 - [Process 1/5] - INFO - res.shape is :torch.Size([107])
2024-12-22 04:07:11,969 - [Process 1/5] - INFO - len(per_windows_prompt):2
2024-12-22 04:07:18,561 - [Process 1/5] - INFO - res.shape is :torch.Size([72])
2024-12-22 04:07:18,694 - [Process 1/5] - INFO - len(per_windows_prompt):2
2024-12-22 04:07:25,297 - [Process 1/5] - INFO - res.shape is :torch.Size([72])
2024-12-22 04:07:25,419 - [Process 1/5] - INFO - len(per_windows_prompt):2
2024-12-22 04:07:31,503 - [Process 1/5] - INFO - res.shape is :torch.Size([59])
2024-12-22 04:07:31,637 - [Process 1/5] - INFO - len(per_windows_prompt):2
2024-12-22 04:07:37,017 - [Process 1/5] - INFO - res.shape is :torch.Size([42])
2024-12-22 04:07:37,154 - [Process 1/5] - INFO - len(per_windows_prompt):2
2024-12-22 04:07:43,567 - [Process 1/5] - INFO - res.shape is :torch.Size([68])
2024-12-22 04:07:43,745 - [Process 1/5] - INFO - len(per_windows_prompt):2
2024-12-22 04:07:52,206 - [Process 1/5] - INFO - res.shape is :torch.Size([117])
2024-12-22 04:07:52,362 - [Process 1/5] - INFO - len(per_windows_prompt):2
2024-12-22 04:07:59,676 - [Process 1/5] - INFO - res.shape is :torch.Size([89])
2024-12-22 04:07:59,934 - [Process 1/5] - INFO - len(per_windows_prompt):2
2024-12-22 04:08:06,158 - [Process 1/5] - INFO - res.shape is :torch.Size([63])
2024-12-22 04:08:06,284 - [Process 1/5] - INFO - len(per_windows_prompt):2
2024-12-22 04:08:11,717 - [Process 1/5] - INFO - res.shape is :torch.Size([42])
2024-12-22 04:08:11,851 - [Process 1/5] - INFO - len(per_windows_prompt):2
2024-12-22 04:08:17,115 - [Process 1/5] - INFO - res.shape is :torch.Size([39])
2024-12-22 04:08:17,240 - [Process 1/5] - INFO - len(per_windows_prompt):2
2024-12-22 04:08:26,166 - [Process 1/5] - INFO - res.shape is :torch.Size([129])
2024-12-22 04:08:26,312 - [Process 1/5] - INFO - len(per_windows_prompt):2
2024-12-22 04:08:32,617 - [Process 1/5] - INFO - res.shape is :torch.Size([64])
2024-12-22 04:08:32,796 - [Process 1/5] - INFO - len(per_windows_prompt):2
2024-12-22 04:08:40,092 - [Process 1/5] - INFO - res.shape is :torch.Size([88])
2024-12-22 04:08:40,348 - [Process 1/5] - INFO - len(per_windows_prompt):2
2024-12-22 04:08:46,942 - [Process 1/5] - INFO - res.shape is :torch.Size([72])
2024-12-22 04:08:47,109 - [Process 1/5] - INFO - len(per_windows_prompt):2
2024-12-22 04:08:52,019 - [Process 1/5] - INFO - res.shape is :torch.Size([29])
2024-12-22 04:08:52,161 - [Process 1/5] - INFO - len(per_windows_prompt):2
2024-12-22 04:08:57,670 - [Process 1/5] - INFO - res.shape is :torch.Size([44])
2024-12-22 04:08:57,826 - [Process 1/5] - INFO - len(per_windows_prompt):2
2024-12-22 04:09:03,144 - [Process 1/5] - INFO - res.shape is :torch.Size([39])
2024-12-22 04:09:03,270 - [Process 1/5] - INFO - len(per_windows_prompt):2
2024-12-22 04:09:08,704 - [Process 1/5] - INFO - res.shape is :torch.Size([42])
2024-12-22 04:09:08,828 - [Process 1/5] - INFO - len(per_windows_prompt):2
2024-12-22 04:09:14,489 - [Process 1/5] - INFO - res.shape is :torch.Size([49])
2024-12-22 04:09:14,632 - [Process 1/5] - INFO - len(per_windows_prompt):2
2024-12-22 04:09:20,145 - [Process 1/5] - INFO - res.shape is :torch.Size([45])
2024-12-22 04:09:20,342 - [Process 1/5] - INFO - len(per_windows_prompt):2
2024-12-22 04:09:27,677 - [Process 1/5] - INFO - res.shape is :torch.Size([91])
2024-12-22 04:09:27,831 - [Process 1/5] - INFO - len(per_windows_prompt):2
2024-12-22 04:09:34,356 - [Process 1/5] - INFO - res.shape is :torch.Size([69])
2024-12-22 04:09:34,522 - [Process 1/5] - INFO - len(per_windows_prompt):2
2024-12-22 04:09:40,514 - [Process 1/5] - INFO - res.shape is :torch.Size([56])
