2024-12-22 05:23:35,602 - [Process 2/5] - INFO - loading datasets finished
2024-12-22 05:23:35,602 - [Process 2/5] - INFO - model_max_len: 3950
2024-12-22 05:23:35,602 - [Process 2/5] - INFO - output_max_len: 32
2024-12-22 05:23:35,650 - [Process 2/5] - INFO - Max Length is 12697
2024-12-22 05:23:35,650 - [Process 2/5] - INFO - Finish loading dataset
2024-12-22 05:23:35,650 - [Process 2/5] - INFO - get_predicted begin
2024-12-22 05:23:40,392 - [Process 2/5] - INFO - len(per_windows_prompt):2
2024-12-22 05:23:44,866 - [Process 2/5] - INFO - res.shape is :torch.Size([6])
2024-12-22 05:23:45,046 - [Process 2/5] - INFO - len(per_windows_prompt):2
2024-12-22 05:23:48,966 - [Process 2/5] - INFO - res.shape is :torch.Size([4])
2024-12-22 05:23:49,141 - [Process 2/5] - INFO - len(per_windows_prompt):2
2024-12-22 05:23:52,909 - [Process 2/5] - INFO - res.shape is :torch.Size([3])
2024-12-22 05:23:53,041 - [Process 2/5] - INFO - len(per_windows_prompt):2
2024-12-22 05:23:56,961 - [Process 2/5] - INFO - res.shape is :torch.Size([6])
2024-12-22 05:23:57,131 - [Process 2/5] - INFO - len(per_windows_prompt):2
2024-12-22 05:24:01,300 - [Process 2/5] - INFO - res.shape is :torch.Size([13])
2024-12-22 05:24:01,413 - [Process 2/5] - INFO - len(per_windows_prompt):2
2024-12-22 05:24:05,160 - [Process 2/5] - INFO - res.shape is :torch.Size([2])
2024-12-22 05:24:05,336 - [Process 2/5] - INFO - len(per_windows_prompt):2
2024-12-22 05:24:09,246 - [Process 2/5] - INFO - res.shape is :torch.Size([6])
2024-12-22 05:24:09,416 - [Process 2/5] - INFO - len(per_windows_prompt):2
2024-12-22 05:24:13,312 - [Process 2/5] - INFO - res.shape is :torch.Size([4])
2024-12-22 05:24:13,475 - [Process 2/5] - INFO - len(per_windows_prompt):2
2024-12-22 05:24:17,485 - [Process 2/5] - INFO - res.shape is :torch.Size([9])
2024-12-22 05:24:17,626 - [Process 2/5] - INFO - len(per_windows_prompt):2
2024-12-22 05:24:21,563 - [Process 2/5] - INFO - res.shape is :torch.Size([6])
2024-12-22 05:24:21,704 - [Process 2/5] - INFO - len(per_windows_prompt):2
2024-12-22 05:24:25,495 - [Process 2/5] - INFO - res.shape is :torch.Size([3])
2024-12-22 05:24:25,670 - [Process 2/5] - INFO - len(per_windows_prompt):2
2024-12-22 05:24:29,610 - [Process 2/5] - INFO - res.shape is :torch.Size([7])
2024-12-22 05:24:29,782 - [Process 2/5] - INFO - len(per_windows_prompt):2
2024-12-22 05:24:33,545 - [Process 2/5] - INFO - res.shape is :torch.Size([2])
2024-12-22 05:24:33,717 - [Process 2/5] - INFO - len(per_windows_prompt):2
2024-12-22 05:24:37,558 - [Process 2/5] - INFO - res.shape is :torch.Size([3])
2024-12-22 05:24:37,704 - [Process 2/5] - INFO - len(per_windows_prompt):2
2024-12-22 05:24:41,472 - [Process 2/5] - INFO - res.shape is :torch.Size([2])
2024-12-22 05:24:41,643 - [Process 2/5] - INFO - len(per_windows_prompt):2
2024-12-22 05:24:45,637 - [Process 2/5] - INFO - res.shape is :torch.Size([8])
2024-12-22 05:24:45,811 - [Process 2/5] - INFO - len(per_windows_prompt):2
2024-12-22 05:24:49,717 - [Process 2/5] - INFO - res.shape is :torch.Size([4])
2024-12-22 05:24:49,877 - [Process 2/5] - INFO - len(per_windows_prompt):2
2024-12-22 05:24:53,896 - [Process 2/5] - INFO - res.shape is :torch.Size([6])
2024-12-22 05:24:54,030 - [Process 2/5] - INFO - len(per_windows_prompt):2
2024-12-22 05:24:57,820 - [Process 2/5] - INFO - res.shape is :torch.Size([5])
2024-12-22 05:24:57,994 - [Process 2/5] - INFO - len(per_windows_prompt):2
2024-12-22 05:25:01,982 - [Process 2/5] - INFO - res.shape is :torch.Size([7])
2024-12-22 05:25:02,147 - [Process 2/5] - INFO - len(per_windows_prompt):2
2024-12-22 05:25:05,980 - [Process 2/5] - INFO - res.shape is :torch.Size([4])
2024-12-22 05:25:06,147 - [Process 2/5] - INFO - len(per_windows_prompt):2
2024-12-22 05:25:09,998 - [Process 2/5] - INFO - res.shape is :torch.Size([3])
2024-12-22 05:25:10,142 - [Process 2/5] - INFO - len(per_windows_prompt):2
2024-12-22 05:25:14,173 - [Process 2/5] - INFO - res.shape is :torch.Size([7])
2024-12-22 05:25:14,304 - [Process 2/5] - INFO - len(per_windows_prompt):2
2024-12-22 05:25:18,272 - [Process 2/5] - INFO - res.shape is :torch.Size([6])
2024-12-22 05:25:18,446 - [Process 2/5] - INFO - len(per_windows_prompt):2
2024-12-22 05:25:22,381 - [Process 2/5] - INFO - res.shape is :torch.Size([5])
2024-12-22 05:25:22,554 - [Process 2/5] - INFO - len(per_windows_prompt):2
2024-12-22 05:25:26,365 - [Process 2/5] - INFO - res.shape is :torch.Size([2])
2024-12-22 05:25:26,546 - [Process 2/5] - INFO - len(per_windows_prompt):2
2024-12-22 05:25:30,984 - [Process 2/5] - INFO - res.shape is :torch.Size([16])
2024-12-22 05:25:31,151 - [Process 2/5] - INFO - len(per_windows_prompt):2
2024-12-22 05:25:34,995 - [Process 2/5] - INFO - res.shape is :torch.Size([6])
2024-12-22 05:25:35,166 - [Process 2/5] - INFO - len(per_windows_prompt):2
2024-12-22 05:25:39,181 - [Process 2/5] - INFO - res.shape is :torch.Size([6])
2024-12-22 05:25:39,325 - [Process 2/5] - INFO - len(per_windows_prompt):2
2024-12-22 05:25:43,264 - [Process 2/5] - INFO - res.shape is :torch.Size([6])
2024-12-22 05:25:43,440 - [Process 2/5] - INFO - len(per_windows_prompt):2
2024-12-22 05:25:47,270 - [Process 2/5] - INFO - res.shape is :torch.Size([2])
2024-12-22 05:25:47,442 - [Process 2/5] - INFO - len(per_windows_prompt):2
2024-12-22 05:25:51,520 - [Process 2/5] - INFO - res.shape is :torch.Size([9])
2024-12-22 05:25:51,685 - [Process 2/5] - INFO - len(per_windows_prompt):2
2024-12-22 05:25:55,503 - [Process 2/5] - INFO - res.shape is :torch.Size([2])
2024-12-22 05:25:55,668 - [Process 2/5] - INFO - len(per_windows_prompt):2
2024-12-22 05:25:59,456 - [Process 2/5] - INFO - res.shape is :torch.Size([2])
2024-12-22 05:25:59,568 - [Process 2/5] - INFO - len(per_windows_prompt):2
2024-12-22 05:26:03,396 - [Process 2/5] - INFO - res.shape is :torch.Size([3])
2024-12-22 05:26:03,545 - [Process 2/5] - INFO - len(per_windows_prompt):2
2024-12-22 05:26:07,346 - [Process 2/5] - INFO - res.shape is :torch.Size([3])
2024-12-22 05:26:07,495 - [Process 2/5] - INFO - len(per_windows_prompt):2
2024-12-22 05:26:11,398 - [Process 2/5] - INFO - res.shape is :torch.Size([3])
2024-12-22 05:26:11,571 - [Process 2/5] - INFO - len(per_windows_prompt):2
2024-12-22 05:26:15,483 - [Process 2/5] - INFO - res.shape is :torch.Size([5])
2024-12-22 05:26:15,634 - [Process 2/5] - INFO - len(per_windows_prompt):2
2024-12-22 05:26:19,500 - [Process 2/5] - INFO - res.shape is :torch.Size([4])
2024-12-22 05:26:19,667 - [Process 2/5] - INFO - len(per_windows_prompt):2
2024-12-22 05:26:23,465 - [Process 2/5] - INFO - res.shape is :torch.Size([4])
