2024-12-22 04:46:07,958 - [Process 4/5] - INFO - loading datasets finished
2024-12-22 04:46:07,959 - [Process 4/5] - INFO - model_max_len: 3950
2024-12-22 04:46:07,959 - [Process 4/5] - INFO - output_max_len: 512
2024-12-22 04:46:08,030 - [Process 4/5] - INFO - Max Length is 40508
2024-12-22 04:46:08,030 - [Process 4/5] - INFO - Finish loading dataset
2024-12-22 04:46:08,031 - [Process 4/5] - INFO - get_predicted begin
2024-12-22 04:46:12,823 - [Process 4/5] - INFO - len(per_windows_prompt):2
2024-12-22 04:46:27,180 - [Process 4/5] - INFO - res.shape is :torch.Size([217])
2024-12-22 04:46:27,390 - [Process 4/5] - INFO - len(per_windows_prompt):2
2024-12-22 04:46:42,326 - [Process 4/5] - INFO - res.shape is :torch.Size([251])
2024-12-22 04:46:42,524 - [Process 4/5] - INFO - len(per_windows_prompt):2
2024-12-22 04:46:59,397 - [Process 4/5] - INFO - res.shape is :torch.Size([287])
2024-12-22 04:46:59,614 - [Process 4/5] - INFO - len(per_windows_prompt):2
2024-12-22 04:47:15,481 - [Process 4/5] - INFO - res.shape is :torch.Size([273])
2024-12-22 04:47:15,716 - [Process 4/5] - INFO - len(per_windows_prompt):2
2024-12-22 04:47:33,554 - [Process 4/5] - INFO - res.shape is :torch.Size([316])
2024-12-22 04:47:33,779 - [Process 4/5] - INFO - len(per_windows_prompt):2
2024-12-22 04:47:46,269 - [Process 4/5] - INFO - res.shape is :torch.Size([192])
2024-12-22 04:47:46,538 - [Process 4/5] - INFO - len(per_windows_prompt):2
2024-12-22 04:48:00,072 - [Process 4/5] - INFO - res.shape is :torch.Size([218])
2024-12-22 04:48:00,302 - [Process 4/5] - INFO - len(per_windows_prompt):2
2024-12-22 04:48:12,203 - [Process 4/5] - INFO - res.shape is :torch.Size([180])
2024-12-22 04:48:12,443 - [Process 4/5] - INFO - len(per_windows_prompt):2
2024-12-22 04:48:29,540 - [Process 4/5] - INFO - res.shape is :torch.Size([293])
2024-12-22 04:48:29,796 - [Process 4/5] - INFO - len(per_windows_prompt):2
2024-12-22 04:48:45,262 - [Process 4/5] - INFO - res.shape is :torch.Size([254])
2024-12-22 04:48:45,616 - [Process 4/5] - INFO - len(per_windows_prompt):2
2024-12-22 04:49:00,262 - [Process 4/5] - INFO - res.shape is :torch.Size([246])
2024-12-22 04:49:00,624 - [Process 4/5] - INFO - len(per_windows_prompt):2
2024-12-22 04:49:16,182 - [Process 4/5] - INFO - res.shape is :torch.Size([264])
2024-12-22 04:49:16,562 - [Process 4/5] - INFO - len(per_windows_prompt):2
2024-12-22 04:49:29,529 - [Process 4/5] - INFO - res.shape is :torch.Size([201])
2024-12-22 04:49:29,780 - [Process 4/5] - INFO - len(per_windows_prompt):2
2024-12-22 04:49:42,993 - [Process 4/5] - INFO - res.shape is :torch.Size([214])
2024-12-22 04:49:43,223 - [Process 4/5] - INFO - len(per_windows_prompt):2
2024-12-22 04:49:53,513 - [Process 4/5] - INFO - res.shape is :torch.Size([149])
2024-12-22 04:49:53,813 - [Process 4/5] - INFO - len(per_windows_prompt):2
2024-12-22 04:50:07,745 - [Process 4/5] - INFO - res.shape is :torch.Size([228])
2024-12-22 04:50:08,110 - [Process 4/5] - INFO - len(per_windows_prompt):2
2024-12-22 04:50:21,277 - [Process 4/5] - INFO - res.shape is :torch.Size([212])
2024-12-22 04:50:21,599 - [Process 4/5] - INFO - len(per_windows_prompt):2
2024-12-22 04:50:35,228 - [Process 4/5] - INFO - res.shape is :torch.Size([223])
2024-12-22 04:50:35,456 - [Process 4/5] - INFO - len(per_windows_prompt):2
2024-12-22 04:50:50,296 - [Process 4/5] - INFO - res.shape is :torch.Size([245])
2024-12-22 04:50:50,528 - [Process 4/5] - INFO - len(per_windows_prompt):2
2024-12-22 04:51:04,277 - [Process 4/5] - INFO - res.shape is :torch.Size([217])
2024-12-22 04:51:04,494 - [Process 4/5] - INFO - len(per_windows_prompt):2
2024-12-22 04:51:20,298 - [Process 4/5] - INFO - res.shape is :torch.Size([267])
2024-12-22 04:51:20,552 - [Process 4/5] - INFO - len(per_windows_prompt):2
2024-12-22 04:51:39,219 - [Process 4/5] - INFO - res.shape is :torch.Size([324])
2024-12-22 04:51:39,440 - [Process 4/5] - INFO - len(per_windows_prompt):2
2024-12-22 04:51:51,086 - [Process 4/5] - INFO - res.shape is :torch.Size([174])
2024-12-22 04:51:51,349 - [Process 4/5] - INFO - len(per_windows_prompt):2
2024-12-22 04:52:06,660 - [Process 4/5] - INFO - res.shape is :torch.Size([256])
2024-12-22 04:52:06,873 - [Process 4/5] - INFO - len(per_windows_prompt):2
2024-12-22 04:52:18,227 - [Process 4/5] - INFO - res.shape is :torch.Size([167])
2024-12-22 04:52:18,509 - [Process 4/5] - INFO - len(per_windows_prompt):2
2024-12-22 04:52:34,891 - [Process 4/5] - INFO - res.shape is :torch.Size([281])
2024-12-22 04:52:35,147 - [Process 4/5] - INFO - len(per_windows_prompt):2
2024-12-22 04:52:48,053 - [Process 4/5] - INFO - res.shape is :torch.Size([205])
2024-12-22 04:52:48,271 - [Process 4/5] - INFO - len(per_windows_prompt):2
2024-12-22 04:53:05,424 - [Process 4/5] - INFO - res.shape is :torch.Size([301])
2024-12-22 04:53:05,725 - [Process 4/5] - INFO - len(per_windows_prompt):2
2024-12-22 04:53:20,721 - [Process 4/5] - INFO - res.shape is :torch.Size([253])
2024-12-22 04:53:21,009 - [Process 4/5] - INFO - len(per_windows_prompt):2
2024-12-22 04:53:37,244 - [Process 4/5] - INFO - res.shape is :torch.Size([273])
2024-12-22 04:53:37,422 - [Process 4/5] - INFO - len(per_windows_prompt):2
2024-12-22 04:53:49,359 - [Process 4/5] - INFO - res.shape is :torch.Size([205])
2024-12-22 04:53:49,575 - [Process 4/5] - INFO - len(per_windows_prompt):2
2024-12-22 04:54:02,255 - [Process 4/5] - INFO - res.shape is :torch.Size([203])
2024-12-22 04:54:02,508 - [Process 4/5] - INFO - len(per_windows_prompt):2
2024-12-22 04:54:14,932 - [Process 4/5] - INFO - res.shape is :torch.Size([193])
2024-12-22 04:54:15,178 - [Process 4/5] - INFO - len(per_windows_prompt):2
2024-12-22 04:54:35,373 - [Process 4/5] - INFO - res.shape is :torch.Size([360])
2024-12-22 04:54:35,577 - [Process 4/5] - INFO - len(per_windows_prompt):2
2024-12-22 04:54:47,253 - [Process 4/5] - INFO - res.shape is :torch.Size([176])
2024-12-22 04:54:47,580 - [Process 4/5] - INFO - len(per_windows_prompt):2
2024-12-22 04:54:58,721 - [Process 4/5] - INFO - res.shape is :torch.Size([169])
2024-12-22 04:54:59,003 - [Process 4/5] - INFO - len(per_windows_prompt):2
2024-12-22 04:55:12,701 - [Process 4/5] - INFO - res.shape is :torch.Size([225])
2024-12-22 04:55:12,909 - [Process 4/5] - INFO - len(per_windows_prompt):2
2024-12-22 04:55:29,663 - [Process 4/5] - INFO - res.shape is :torch.Size([288])
2024-12-22 04:55:29,973 - [Process 4/5] - INFO - len(per_windows_prompt):2
2024-12-22 04:55:46,235 - [Process 4/5] - INFO - res.shape is :torch.Size([279])
2024-12-22 04:55:46,474 - [Process 4/5] - INFO - len(per_windows_prompt):2
2024-12-22 04:55:59,197 - [Process 4/5] - INFO - res.shape is :torch.Size([203])
