2024-12-22 01:47:53,122 - [Process 1/5] - INFO - loading datasets finished
2024-12-22 01:47:53,123 - [Process 1/5] - INFO - model_max_len: 3950
2024-12-22 01:47:53,123 - [Process 1/5] - INFO - output_max_len: 32
2024-12-22 01:47:53,193 - [Process 1/5] - INFO - Max Length is 16633
2024-12-22 01:47:53,193 - [Process 1/5] - INFO - Finish loading dataset
2024-12-22 01:47:53,194 - [Process 1/5] - INFO - get_predicted begin
2024-12-22 01:47:57,974 - [Process 1/5] - INFO - len(per_windows_prompt):2
2024-12-22 01:48:05,927 - [Process 1/5] - INFO - res.shape is :torch.Size([18])
2024-12-22 01:48:06,135 - [Process 1/5] - INFO - len(per_windows_prompt):2
2024-12-22 01:48:11,300 - [Process 1/5] - INFO - res.shape is :torch.Size([5])
2024-12-22 01:48:11,477 - [Process 1/5] - INFO - len(per_windows_prompt):2
2024-12-22 01:48:15,656 - [Process 1/5] - INFO - res.shape is :torch.Size([6])
2024-12-22 01:48:15,869 - [Process 1/5] - INFO - len(per_windows_prompt):2
2024-12-22 01:48:22,334 - [Process 1/5] - INFO - res.shape is :torch.Size([32])
2024-12-22 01:48:22,584 - [Process 1/5] - INFO - len(per_windows_prompt):2
2024-12-22 01:48:29,108 - [Process 1/5] - INFO - res.shape is :torch.Size([3])
2024-12-22 01:48:29,371 - [Process 1/5] - INFO - len(per_windows_prompt):2
2024-12-22 01:48:34,046 - [Process 1/5] - INFO - res.shape is :torch.Size([11])
2024-12-22 01:48:34,263 - [Process 1/5] - INFO - len(per_windows_prompt):2
2024-12-22 01:48:38,762 - [Process 1/5] - INFO - res.shape is :torch.Size([3])
2024-12-22 01:48:39,023 - [Process 1/5] - INFO - len(per_windows_prompt):2
2024-12-22 01:48:47,159 - [Process 1/5] - INFO - res.shape is :torch.Size([28])
2024-12-22 01:48:47,417 - [Process 1/5] - INFO - len(per_windows_prompt):2
2024-12-22 01:48:52,975 - [Process 1/5] - INFO - res.shape is :torch.Size([4])
2024-12-22 01:48:53,214 - [Process 1/5] - INFO - len(per_windows_prompt):2
2024-12-22 01:48:58,764 - [Process 1/5] - INFO - res.shape is :torch.Size([8])
2024-12-22 01:48:58,990 - [Process 1/5] - INFO - len(per_windows_prompt):2
2024-12-22 01:49:05,999 - [Process 1/5] - INFO - res.shape is :torch.Size([32])
2024-12-22 01:49:06,239 - [Process 1/5] - INFO - len(per_windows_prompt):2
2024-12-22 01:49:10,576 - [Process 1/5] - INFO - res.shape is :torch.Size([4])
2024-12-22 01:49:10,776 - [Process 1/5] - INFO - len(per_windows_prompt):2
2024-12-22 01:49:15,913 - [Process 1/5] - INFO - res.shape is :torch.Size([10])
2024-12-22 01:49:16,188 - [Process 1/5] - INFO - len(per_windows_prompt):2
2024-12-22 01:49:20,976 - [Process 1/5] - INFO - res.shape is :torch.Size([5])
2024-12-22 01:49:21,062 - [Process 1/5] - INFO - len(per_windows_prompt):2
2024-12-22 01:49:25,942 - [Process 1/5] - INFO - res.shape is :torch.Size([21])
2024-12-22 01:49:26,254 - [Process 1/5] - INFO - len(per_windows_prompt):2
2024-12-22 01:49:30,563 - [Process 1/5] - INFO - res.shape is :torch.Size([4])
2024-12-22 01:49:30,803 - [Process 1/5] - INFO - len(per_windows_prompt):2
2024-12-22 01:49:35,888 - [Process 1/5] - INFO - res.shape is :torch.Size([3])
2024-12-22 01:49:36,148 - [Process 1/5] - INFO - len(per_windows_prompt):2
2024-12-22 01:49:40,577 - [Process 1/5] - INFO - res.shape is :torch.Size([6])
2024-12-22 01:49:40,867 - [Process 1/5] - INFO - len(per_windows_prompt):2
2024-12-22 01:49:45,257 - [Process 1/5] - INFO - res.shape is :torch.Size([4])
2024-12-22 01:49:45,506 - [Process 1/5] - INFO - len(per_windows_prompt):2
2024-12-22 01:49:53,348 - [Process 1/5] - INFO - res.shape is :torch.Size([32])
2024-12-22 01:49:53,565 - [Process 1/5] - INFO - len(per_windows_prompt):2
2024-12-22 01:50:00,767 - [Process 1/5] - INFO - res.shape is :torch.Size([8])
2024-12-22 01:50:00,972 - [Process 1/5] - INFO - len(per_windows_prompt):2
2024-12-22 01:50:05,698 - [Process 1/5] - INFO - res.shape is :torch.Size([6])
2024-12-22 01:50:05,989 - [Process 1/5] - INFO - len(per_windows_prompt):2
2024-12-22 01:50:11,316 - [Process 1/5] - INFO - res.shape is :torch.Size([5])
2024-12-22 01:50:11,630 - [Process 1/5] - INFO - len(per_windows_prompt):2
2024-12-22 01:50:19,906 - [Process 1/5] - INFO - res.shape is :torch.Size([30])
2024-12-22 01:50:20,139 - [Process 1/5] - INFO - len(per_windows_prompt):2
2024-12-22 01:50:27,079 - [Process 1/5] - INFO - res.shape is :torch.Size([7])
2024-12-22 01:50:27,160 - [Process 1/5] - INFO - len(per_windows_prompt):2
2024-12-22 01:50:30,099 - [Process 1/5] - INFO - res.shape is :torch.Size([3])
2024-12-22 01:50:30,303 - [Process 1/5] - INFO - len(per_windows_prompt):2
2024-12-22 01:50:36,842 - [Process 1/5] - INFO - res.shape is :torch.Size([25])
2024-12-22 01:50:37,055 - [Process 1/5] - INFO - len(per_windows_prompt):2
2024-12-22 01:50:43,069 - [Process 1/5] - INFO - res.shape is :torch.Size([32])
2024-12-22 01:50:43,288 - [Process 1/5] - INFO - len(per_windows_prompt):2
2024-12-22 01:50:50,641 - [Process 1/5] - INFO - res.shape is :torch.Size([3])
2024-12-22 01:50:50,905 - [Process 1/5] - INFO - len(per_windows_prompt):2
2024-12-22 01:50:57,635 - [Process 1/5] - INFO - res.shape is :torch.Size([32])
2024-12-22 01:50:57,866 - [Process 1/5] - INFO - len(per_windows_prompt):2
2024-12-22 01:51:05,901 - [Process 1/5] - INFO - res.shape is :torch.Size([32])
2024-12-22 01:51:05,993 - [Process 1/5] - INFO - len(per_windows_prompt):2
2024-12-22 01:51:09,365 - [Process 1/5] - INFO - res.shape is :torch.Size([32])
2024-12-22 01:51:09,514 - [Process 1/5] - INFO - len(per_windows_prompt):2
2024-12-22 01:51:15,126 - [Process 1/5] - INFO - res.shape is :torch.Size([7])
2024-12-22 01:51:15,375 - [Process 1/5] - INFO - len(per_windows_prompt):2
2024-12-22 01:51:21,392 - [Process 1/5] - INFO - res.shape is :torch.Size([4])
2024-12-22 01:51:21,717 - [Process 1/5] - INFO - len(per_windows_prompt):2
2024-12-22 01:51:26,251 - [Process 1/5] - INFO - res.shape is :torch.Size([7])
2024-12-22 01:51:26,529 - [Process 1/5] - INFO - len(per_windows_prompt):2
2024-12-22 01:51:31,105 - [Process 1/5] - INFO - res.shape is :torch.Size([3])
2024-12-22 01:51:31,328 - [Process 1/5] - INFO - len(per_windows_prompt):2
2024-12-22 01:51:36,713 - [Process 1/5] - INFO - res.shape is :torch.Size([20])
2024-12-22 01:51:37,024 - [Process 1/5] - INFO - len(per_windows_prompt):2
2024-12-22 01:51:43,023 - [Process 1/5] - INFO - res.shape is :torch.Size([3])
2024-12-22 01:51:43,222 - [Process 1/5] - INFO - len(per_windows_prompt):2
2024-12-22 01:51:50,131 - [Process 1/5] - INFO - res.shape is :torch.Size([4])
2024-12-22 01:51:50,387 - [Process 1/5] - INFO - len(per_windows_prompt):2
2024-12-22 01:51:57,064 - [Process 1/5] - INFO - res.shape is :torch.Size([32])
