2024-12-22 03:42:35,531 - [Process 1/5] - INFO - loading datasets finished
2024-12-22 03:42:35,531 - [Process 1/5] - INFO - model_max_len: 3950
2024-12-22 03:42:35,531 - [Process 1/5] - INFO - output_max_len: 64
2024-12-22 03:42:35,558 - [Process 1/5] - INFO - Max Length is 8714
2024-12-22 03:42:35,558 - [Process 1/5] - INFO - Finish loading dataset
2024-12-22 03:42:35,559 - [Process 1/5] - INFO - get_predicted begin
2024-12-22 03:42:40,386 - [Process 1/5] - INFO - len(per_windows_prompt):2
2024-12-22 03:42:47,722 - [Process 1/5] - INFO - res.shape is :torch.Size([64])
2024-12-22 03:42:47,973 - [Process 1/5] - INFO - len(per_windows_prompt):2
2024-12-22 03:42:54,539 - [Process 1/5] - INFO - res.shape is :torch.Size([64])
2024-12-22 03:42:54,774 - [Process 1/5] - INFO - len(per_windows_prompt):2
2024-12-22 03:43:01,357 - [Process 1/5] - INFO - res.shape is :torch.Size([64])
2024-12-22 03:43:01,549 - [Process 1/5] - INFO - len(per_windows_prompt):2
2024-12-22 03:43:08,133 - [Process 1/5] - INFO - res.shape is :torch.Size([64])
2024-12-22 03:43:08,351 - [Process 1/5] - INFO - len(per_windows_prompt):2
2024-12-22 03:43:14,884 - [Process 1/5] - INFO - res.shape is :torch.Size([64])
2024-12-22 03:43:15,073 - [Process 1/5] - INFO - len(per_windows_prompt):2
2024-12-22 03:43:21,624 - [Process 1/5] - INFO - res.shape is :torch.Size([64])
2024-12-22 03:43:21,855 - [Process 1/5] - INFO - len(per_windows_prompt):2
2024-12-22 03:43:28,412 - [Process 1/5] - INFO - res.shape is :torch.Size([64])
2024-12-22 03:43:28,641 - [Process 1/5] - INFO - len(per_windows_prompt):2
2024-12-22 03:43:35,189 - [Process 1/5] - INFO - res.shape is :torch.Size([64])
2024-12-22 03:43:35,383 - [Process 1/5] - INFO - len(per_windows_prompt):2
2024-12-22 03:43:41,971 - [Process 1/5] - INFO - res.shape is :torch.Size([64])
2024-12-22 03:43:42,117 - [Process 1/5] - INFO - len(per_windows_prompt):2
2024-12-22 03:43:47,790 - [Process 1/5] - INFO - res.shape is :torch.Size([64])
2024-12-22 03:43:47,991 - [Process 1/5] - INFO - len(per_windows_prompt):2
2024-12-22 03:43:54,500 - [Process 1/5] - INFO - res.shape is :torch.Size([64])
2024-12-22 03:43:54,734 - [Process 1/5] - INFO - len(per_windows_prompt):2
2024-12-22 03:44:01,296 - [Process 1/5] - INFO - res.shape is :torch.Size([64])
2024-12-22 03:44:01,511 - [Process 1/5] - INFO - len(per_windows_prompt):2
2024-12-22 03:44:08,062 - [Process 1/5] - INFO - res.shape is :torch.Size([64])
2024-12-22 03:44:08,301 - [Process 1/5] - INFO - len(per_windows_prompt):2
2024-12-22 03:44:14,860 - [Process 1/5] - INFO - res.shape is :torch.Size([64])
2024-12-22 03:44:15,070 - [Process 1/5] - INFO - len(per_windows_prompt):2
2024-12-22 03:44:21,577 - [Process 1/5] - INFO - res.shape is :torch.Size([64])
2024-12-22 03:44:21,686 - [Process 1/5] - INFO - len(per_windows_prompt):2
2024-12-22 03:44:26,239 - [Process 1/5] - INFO - res.shape is :torch.Size([64])
2024-12-22 03:44:26,456 - [Process 1/5] - INFO - len(per_windows_prompt):2
2024-12-22 03:44:32,817 - [Process 1/5] - INFO - res.shape is :torch.Size([64])
2024-12-22 03:44:33,010 - [Process 1/5] - INFO - len(per_windows_prompt):2
2024-12-22 03:44:39,372 - [Process 1/5] - INFO - res.shape is :torch.Size([64])
2024-12-22 03:44:39,475 - [Process 1/5] - INFO - len(per_windows_prompt):2
2024-12-22 03:44:44,100 - [Process 1/5] - INFO - res.shape is :torch.Size([64])
2024-12-22 03:44:44,327 - [Process 1/5] - INFO - len(per_windows_prompt):2
2024-12-22 03:44:50,826 - [Process 1/5] - INFO - res.shape is :torch.Size([64])
2024-12-22 03:44:50,983 - [Process 1/5] - INFO - len(per_windows_prompt):2
2024-12-22 03:44:54,722 - [Process 1/5] - INFO - res.shape is :torch.Size([21])
2024-12-22 03:44:54,862 - [Process 1/5] - INFO - len(per_windows_prompt):2
2024-12-22 03:45:00,415 - [Process 1/5] - INFO - res.shape is :torch.Size([64])
2024-12-22 03:45:00,649 - [Process 1/5] - INFO - len(per_windows_prompt):2
2024-12-22 03:45:07,154 - [Process 1/5] - INFO - res.shape is :torch.Size([64])
2024-12-22 03:45:07,293 - [Process 1/5] - INFO - len(per_windows_prompt):2
2024-12-22 03:45:12,993 - [Process 1/5] - INFO - res.shape is :torch.Size([64])
2024-12-22 03:45:13,229 - [Process 1/5] - INFO - len(per_windows_prompt):2
2024-12-22 03:45:19,775 - [Process 1/5] - INFO - res.shape is :torch.Size([64])
2024-12-22 03:45:19,879 - [Process 1/5] - INFO - len(per_windows_prompt):2
2024-12-22 03:45:24,732 - [Process 1/5] - INFO - res.shape is :torch.Size([64])
2024-12-22 03:45:24,938 - [Process 1/5] - INFO - len(per_windows_prompt):2
2024-12-22 03:45:31,465 - [Process 1/5] - INFO - res.shape is :torch.Size([64])
2024-12-22 03:45:31,695 - [Process 1/5] - INFO - len(per_windows_prompt):2
2024-12-22 03:45:38,165 - [Process 1/5] - INFO - res.shape is :torch.Size([64])
2024-12-22 03:45:38,362 - [Process 1/5] - INFO - len(per_windows_prompt):2
2024-12-22 03:45:44,877 - [Process 1/5] - INFO - res.shape is :torch.Size([64])
2024-12-22 03:45:45,088 - [Process 1/5] - INFO - len(per_windows_prompt):2
2024-12-22 03:45:51,576 - [Process 1/5] - INFO - res.shape is :torch.Size([64])
2024-12-22 03:45:51,816 - [Process 1/5] - INFO - len(per_windows_prompt):2
2024-12-22 03:45:58,317 - [Process 1/5] - INFO - res.shape is :torch.Size([64])
2024-12-22 03:45:58,569 - [Process 1/5] - INFO - len(per_windows_prompt):2
2024-12-22 03:46:05,072 - [Process 1/5] - INFO - res.shape is :torch.Size([64])
2024-12-22 03:46:05,289 - [Process 1/5] - INFO - len(per_windows_prompt):2
2024-12-22 03:46:11,820 - [Process 1/5] - INFO - res.shape is :torch.Size([64])
2024-12-22 03:46:12,069 - [Process 1/5] - INFO - len(per_windows_prompt):2
2024-12-22 03:46:18,610 - [Process 1/5] - INFO - res.shape is :torch.Size([64])
2024-12-22 03:46:18,779 - [Process 1/5] - INFO - len(per_windows_prompt):2
2024-12-22 03:46:24,802 - [Process 1/5] - INFO - res.shape is :torch.Size([64])
2024-12-22 03:46:24,997 - [Process 1/5] - INFO - len(per_windows_prompt):2
2024-12-22 03:46:31,445 - [Process 1/5] - INFO - res.shape is :torch.Size([64])
2024-12-22 03:46:31,697 - [Process 1/5] - INFO - len(per_windows_prompt):2
2024-12-22 03:46:38,147 - [Process 1/5] - INFO - res.shape is :torch.Size([64])
2024-12-22 03:46:38,404 - [Process 1/5] - INFO - len(per_windows_prompt):2
2024-12-22 03:46:44,916 - [Process 1/5] - INFO - res.shape is :torch.Size([64])
2024-12-22 03:46:45,116 - [Process 1/5] - INFO - len(per_windows_prompt):2
2024-12-22 03:46:51,628 - [Process 1/5] - INFO - res.shape is :torch.Size([64])
2024-12-22 03:46:51,851 - [Process 1/5] - INFO - len(per_windows_prompt):2
2024-12-22 03:46:58,422 - [Process 1/5] - INFO - res.shape is :torch.Size([64])
