2024-12-22 12:28:13,094 - [Process 3/5] - INFO - loading datasets finished
2024-12-22 12:28:13,094 - [Process 3/5] - INFO - model_max_len: 3950
2024-12-22 12:28:13,094 - [Process 3/5] - INFO - output_max_len: 64
2024-12-22 12:28:13,094 - [Process 3/5] - INFO - parallel_pattern: every_window_no_query_input_query
2024-12-22 12:28:13,128 - [Process 3/5] - INFO - Max Length is 10029
2024-12-22 12:28:13,129 - [Process 3/5] - INFO - Finish loading dataset
2024-12-22 12:28:13,130 - [Process 3/5] - INFO - get_predicted begin
2024-12-22 12:28:17,884 - [Process 3/5] - INFO - len(per_windows_prompt):2
2024-12-22 12:28:23,797 - [Process 3/5] - INFO - res.shape is :torch.Size([64])
2024-12-22 12:28:23,964 - [Process 3/5] - INFO - len(per_windows_prompt):2
2024-12-22 12:28:29,637 - [Process 3/5] - INFO - res.shape is :torch.Size([64])
2024-12-22 12:28:29,781 - [Process 3/5] - INFO - len(per_windows_prompt):2
2024-12-22 12:28:34,783 - [Process 3/5] - INFO - res.shape is :torch.Size([64])
2024-12-22 12:28:34,893 - [Process 3/5] - INFO - len(per_windows_prompt):2
2024-12-22 12:28:39,496 - [Process 3/5] - INFO - res.shape is :torch.Size([64])
2024-12-22 12:28:39,624 - [Process 3/5] - INFO - len(per_windows_prompt):2
2024-12-22 12:28:44,744 - [Process 3/5] - INFO - res.shape is :torch.Size([64])
2024-12-22 12:28:44,839 - [Process 3/5] - INFO - len(per_windows_prompt):2
2024-12-22 12:28:49,584 - [Process 3/5] - INFO - res.shape is :torch.Size([64])
2024-12-22 12:28:49,713 - [Process 3/5] - INFO - len(per_windows_prompt):2
2024-12-22 12:28:54,856 - [Process 3/5] - INFO - res.shape is :torch.Size([64])
2024-12-22 12:28:54,969 - [Process 3/5] - INFO - len(per_windows_prompt):2
2024-12-22 12:28:59,738 - [Process 3/5] - INFO - res.shape is :torch.Size([64])
2024-12-22 12:28:59,857 - [Process 3/5] - INFO - len(per_windows_prompt):2
2024-12-22 12:29:04,478 - [Process 3/5] - INFO - res.shape is :torch.Size([64])
2024-12-22 12:29:04,740 - [Process 3/5] - INFO - len(per_windows_prompt):2
2024-12-22 12:29:11,193 - [Process 3/5] - INFO - res.shape is :torch.Size([64])
2024-12-22 12:29:11,382 - [Process 3/5] - INFO - len(per_windows_prompt):2
2024-12-22 12:29:17,896 - [Process 3/5] - INFO - res.shape is :torch.Size([64])
2024-12-22 12:29:18,114 - [Process 3/5] - INFO - len(per_windows_prompt):2
2024-12-22 12:29:24,578 - [Process 3/5] - INFO - res.shape is :torch.Size([64])
2024-12-22 12:29:24,700 - [Process 3/5] - INFO - len(per_windows_prompt):2
2024-12-22 12:29:29,715 - [Process 3/5] - INFO - res.shape is :torch.Size([64])
2024-12-22 12:29:29,847 - [Process 3/5] - INFO - len(per_windows_prompt):2
2024-12-22 12:29:34,633 - [Process 3/5] - INFO - res.shape is :torch.Size([64])
2024-12-22 12:29:34,747 - [Process 3/5] - INFO - len(per_windows_prompt):2
2024-12-22 12:29:39,431 - [Process 3/5] - INFO - res.shape is :torch.Size([64])
2024-12-22 12:29:39,578 - [Process 3/5] - INFO - len(per_windows_prompt):2
2024-12-22 12:29:45,357 - [Process 3/5] - INFO - res.shape is :torch.Size([64])
2024-12-22 12:29:45,500 - [Process 3/5] - INFO - len(per_windows_prompt):2
2024-12-22 12:29:51,004 - [Process 3/5] - INFO - res.shape is :torch.Size([64])
2024-12-22 12:29:51,113 - [Process 3/5] - INFO - len(per_windows_prompt):2
2024-12-22 12:29:55,696 - [Process 3/5] - INFO - res.shape is :torch.Size([64])
2024-12-22 12:29:55,857 - [Process 3/5] - INFO - len(per_windows_prompt):2
2024-12-22 12:30:01,750 - [Process 3/5] - INFO - res.shape is :torch.Size([64])
2024-12-22 12:30:01,878 - [Process 3/5] - INFO - len(per_windows_prompt):2
2024-12-22 12:30:07,081 - [Process 3/5] - INFO - res.shape is :torch.Size([64])
2024-12-22 12:30:07,249 - [Process 3/5] - INFO - len(per_windows_prompt):2
2024-12-22 12:30:12,995 - [Process 3/5] - INFO - res.shape is :torch.Size([64])
2024-12-22 12:30:13,087 - [Process 3/5] - INFO - len(per_windows_prompt):2
2024-12-22 12:30:17,445 - [Process 3/5] - INFO - res.shape is :torch.Size([64])
2024-12-22 12:30:17,627 - [Process 3/5] - INFO - len(per_windows_prompt):2
2024-12-22 12:30:24,121 - [Process 3/5] - INFO - res.shape is :torch.Size([64])
2024-12-22 12:30:24,325 - [Process 3/5] - INFO - len(per_windows_prompt):2
2024-12-22 12:30:30,665 - [Process 3/5] - INFO - res.shape is :torch.Size([64])
2024-12-22 12:30:30,958 - [Process 3/5] - INFO - len(per_windows_prompt):2
2024-12-22 12:30:37,519 - [Process 3/5] - INFO - res.shape is :torch.Size([64])
2024-12-22 12:30:37,631 - [Process 3/5] - INFO - len(per_windows_prompt):2
2024-12-22 12:30:42,265 - [Process 3/5] - INFO - res.shape is :torch.Size([64])
2024-12-22 12:30:42,379 - [Process 3/5] - INFO - len(per_windows_prompt):2
2024-12-22 12:30:46,981 - [Process 3/5] - INFO - res.shape is :torch.Size([64])
2024-12-22 12:30:47,072 - [Process 3/5] - INFO - len(per_windows_prompt):2
2024-12-22 12:30:51,712 - [Process 3/5] - INFO - res.shape is :torch.Size([64])
2024-12-22 12:30:51,889 - [Process 3/5] - INFO - len(per_windows_prompt):2
2024-12-22 12:30:58,235 - [Process 3/5] - INFO - res.shape is :torch.Size([64])
2024-12-22 12:30:58,351 - [Process 3/5] - INFO - len(per_windows_prompt):2
2024-12-22 12:31:03,188 - [Process 3/5] - INFO - res.shape is :torch.Size([64])
2024-12-22 12:31:03,305 - [Process 3/5] - INFO - len(per_windows_prompt):2
2024-12-22 12:31:07,994 - [Process 3/5] - INFO - res.shape is :torch.Size([64])
2024-12-22 12:31:08,184 - [Process 3/5] - INFO - len(per_windows_prompt):2
2024-12-22 12:31:14,665 - [Process 3/5] - INFO - res.shape is :torch.Size([64])
2024-12-22 12:31:14,794 - [Process 3/5] - INFO - len(per_windows_prompt):2
2024-12-22 12:31:20,042 - [Process 3/5] - INFO - res.shape is :torch.Size([64])
2024-12-22 12:31:20,330 - [Process 3/5] - INFO - len(per_windows_prompt):2
2024-12-22 12:31:26,855 - [Process 3/5] - INFO - res.shape is :torch.Size([64])
2024-12-22 12:31:27,008 - [Process 3/5] - INFO - len(per_windows_prompt):2
2024-12-22 12:31:32,635 - [Process 3/5] - INFO - res.shape is :torch.Size([64])
2024-12-22 12:31:32,815 - [Process 3/5] - INFO - len(per_windows_prompt):2
2024-12-22 12:31:39,129 - [Process 3/5] - INFO - res.shape is :torch.Size([64])
2024-12-22 12:31:39,314 - [Process 3/5] - INFO - len(per_windows_prompt):2
2024-12-22 12:31:45,753 - [Process 3/5] - INFO - res.shape is :torch.Size([64])
2024-12-22 12:31:45,840 - [Process 3/5] - INFO - len(per_windows_prompt):2
2024-12-22 12:31:50,367 - [Process 3/5] - INFO - res.shape is :torch.Size([64])
2024-12-22 12:31:50,493 - [Process 3/5] - INFO - len(per_windows_prompt):2
2024-12-22 12:31:54,758 - [Process 3/5] - INFO - res.shape is :torch.Size([46])
2024-12-22 12:31:54,876 - [Process 3/5] - INFO - len(per_windows_prompt):2
2024-12-22 12:31:59,458 - [Process 3/5] - INFO - res.shape is :torch.Size([64])
2024-12-22 12:31:59,605 - [Process 3/5] - INFO - len(per_windows_prompt):2
2024-12-22 12:32:05,245 - [Process 3/5] - INFO - res.shape is :torch.Size([64])
2024-12-22 12:32:05,359 - [Process 3/5] - INFO - len(per_windows_prompt):2
2024-12-22 12:32:09,969 - [Process 3/5] - INFO - res.shape is :torch.Size([64])
2024-12-22 12:32:10,098 - [Process 3/5] - INFO - len(per_windows_prompt):2
2024-12-22 12:32:15,019 - [Process 3/5] - INFO - res.shape is :torch.Size([64])
2024-12-22 12:32:15,229 - [Process 3/5] - INFO - len(per_windows_prompt):2
2024-12-22 12:32:21,503 - [Process 3/5] - INFO - res.shape is :torch.Size([64])
2024-12-22 12:32:21,696 - [Process 3/5] - INFO - len(per_windows_prompt):2
2024-12-22 12:32:28,182 - [Process 3/5] - INFO - res.shape is :torch.Size([64])
2024-12-22 12:32:28,263 - [Process 3/5] - INFO - len(per_windows_prompt):2
2024-12-22 12:32:32,295 - [Process 3/5] - INFO - res.shape is :torch.Size([64])
2024-12-22 12:32:32,469 - [Process 3/5] - INFO - len(per_windows_prompt):2
2024-12-22 12:32:38,859 - [Process 3/5] - INFO - res.shape is :torch.Size([64])
2024-12-22 12:32:39,054 - [Process 3/5] - INFO - len(per_windows_prompt):2
2024-12-22 12:32:45,491 - [Process 3/5] - INFO - res.shape is :torch.Size([64])
2024-12-22 12:32:45,697 - [Process 3/5] - INFO - len(per_windows_prompt):2
2024-12-22 12:32:52,096 - [Process 3/5] - INFO - res.shape is :torch.Size([64])
2024-12-22 12:32:52,274 - [Process 3/5] - INFO - len(per_windows_prompt):2
2024-12-22 12:32:58,597 - [Process 3/5] - INFO - res.shape is :torch.Size([64])
2024-12-22 12:32:58,672 - [Process 3/5] - INFO - len(per_windows_prompt):2
2024-12-22 12:33:02,869 - [Process 3/5] - INFO - res.shape is :torch.Size([64])
2024-12-22 12:33:02,956 - [Process 3/5] - INFO - len(per_windows_prompt):2
2024-12-22 12:33:07,359 - [Process 3/5] - INFO - res.shape is :torch.Size([64])
2024-12-22 12:33:07,528 - [Process 3/5] - INFO - len(per_windows_prompt):2
2024-12-22 12:33:13,657 - [Process 3/5] - INFO - res.shape is :torch.Size([64])
2024-12-22 12:33:13,762 - [Process 3/5] - INFO - len(per_windows_prompt):2
2024-12-22 12:33:18,596 - [Process 3/5] - INFO - res.shape is :torch.Size([64])
2024-12-22 12:33:18,796 - [Process 3/5] - INFO - len(per_windows_prompt):2
2024-12-22 12:33:25,505 - [Process 3/5] - INFO - res.shape is :torch.Size([64])
2024-12-22 12:33:25,622 - [Process 3/5] - INFO - len(per_windows_prompt):2
2024-12-22 12:33:29,624 - [Process 3/5] - INFO - res.shape is :torch.Size([38])
2024-12-22 12:33:29,764 - [Process 3/5] - INFO - len(per_windows_prompt):2
2024-12-22 12:33:35,322 - [Process 3/5] - INFO - res.shape is :torch.Size([64])
2024-12-22 12:33:35,498 - [Process 3/5] - INFO - len(per_windows_prompt):2
2024-12-22 12:33:41,926 - [Process 3/5] - INFO - res.shape is :torch.Size([64])
2024-12-22 12:33:42,115 - [Process 3/5] - INFO - len(per_windows_prompt):2
2024-12-22 12:33:48,424 - [Process 3/5] - INFO - res.shape is :torch.Size([64])
2024-12-22 12:33:48,582 - [Process 3/5] - INFO - len(per_windows_prompt):2
2024-12-22 12:33:54,354 - [Process 3/5] - INFO - res.shape is :torch.Size([64])
2024-12-22 12:33:54,447 - [Process 3/5] - INFO - len(per_windows_prompt):2
2024-12-22 12:33:59,124 - [Process 3/5] - INFO - res.shape is :torch.Size([64])
2024-12-22 12:33:59,229 - [Process 3/5] - INFO - len(per_windows_prompt):2
2024-12-22 12:34:04,248 - [Process 3/5] - INFO - res.shape is :torch.Size([64])
2024-12-22 12:34:04,429 - [Process 3/5] - INFO - len(per_windows_prompt):2
2024-12-22 12:34:10,591 - [Process 3/5] - INFO - res.shape is :torch.Size([64])
2024-12-22 12:34:10,789 - [Process 3/5] - INFO - len(per_windows_prompt):2
2024-12-22 12:34:17,299 - [Process 3/5] - INFO - res.shape is :torch.Size([64])
2024-12-22 12:34:17,496 - [Process 3/5] - INFO - len(per_windows_prompt):2
2024-12-22 12:34:23,938 - [Process 3/5] - INFO - res.shape is :torch.Size([64])
2024-12-22 12:34:24,144 - [Process 3/5] - INFO - len(per_windows_prompt):2
2024-12-22 12:34:30,475 - [Process 3/5] - INFO - res.shape is :torch.Size([64])
2024-12-22 12:34:30,668 - [Process 3/5] - INFO - len(per_windows_prompt):2
2024-12-22 12:34:37,007 - [Process 3/5] - INFO - res.shape is :torch.Size([64])
2024-12-22 12:34:37,116 - [Process 3/5] - INFO - len(per_windows_prompt):2
2024-12-22 12:34:41,886 - [Process 3/5] - INFO - res.shape is :torch.Size([64])
2024-12-22 12:34:42,084 - [Process 3/5] - INFO - len(per_windows_prompt):2
2024-12-22 12:34:48,537 - [Process 3/5] - INFO - res.shape is :torch.Size([64])
2024-12-22 12:34:48,642 - [Process 3/5] - INFO - len(per_windows_prompt):2
2024-12-22 12:34:53,433 - [Process 3/5] - INFO - res.shape is :torch.Size([64])
2024-12-22 12:34:53,612 - [Process 3/5] - INFO - len(per_windows_prompt):2
2024-12-22 12:35:00,033 - [Process 3/5] - INFO - res.shape is :torch.Size([64])
2024-12-22 12:35:00,129 - [Process 3/5] - INFO - len(per_windows_prompt):2
2024-12-22 12:35:04,963 - [Process 3/5] - INFO - res.shape is :torch.Size([64])
2024-12-22 12:35:05,116 - [Process 3/5] - INFO - len(per_windows_prompt):2
2024-12-22 12:35:11,260 - [Process 3/5] - INFO - res.shape is :torch.Size([64])
2024-12-22 12:35:11,373 - [Process 3/5] - INFO - len(per_windows_prompt):2
2024-12-22 12:35:16,002 - [Process 3/5] - INFO - res.shape is :torch.Size([64])
2024-12-22 12:35:16,198 - [Process 3/5] - INFO - len(per_windows_prompt):2
2024-12-22 12:35:22,689 - [Process 3/5] - INFO - res.shape is :torch.Size([64])
2024-12-22 12:35:22,810 - [Process 3/5] - INFO - len(per_windows_prompt):2
2024-12-22 12:35:28,117 - [Process 3/5] - INFO - res.shape is :torch.Size([64])
2024-12-22 12:35:28,256 - [Process 3/5] - INFO - len(per_windows_prompt):2
2024-12-22 12:35:33,503 - [Process 3/5] - INFO - res.shape is :torch.Size([64])
2024-12-22 12:35:33,623 - [Process 3/5] - INFO - len(per_windows_prompt):2
2024-12-22 12:35:38,515 - [Process 3/5] - INFO - res.shape is :torch.Size([64])
2024-12-22 12:35:38,710 - [Process 3/5] - INFO - len(per_windows_prompt):2
2024-12-22 12:35:45,183 - [Process 3/5] - INFO - res.shape is :torch.Size([64])
2024-12-22 12:35:45,396 - [Process 3/5] - INFO - len(per_windows_prompt):2
2024-12-22 12:35:51,777 - [Process 3/5] - INFO - res.shape is :torch.Size([64])
2024-12-22 12:35:51,896 - [Process 3/5] - INFO - len(per_windows_prompt):2
2024-12-22 12:35:56,599 - [Process 3/5] - INFO - res.shape is :torch.Size([64])
2024-12-22 12:35:56,816 - [Process 3/5] - INFO - len(per_windows_prompt):2
2024-12-22 12:36:03,285 - [Process 3/5] - INFO - res.shape is :torch.Size([64])
2024-12-22 12:36:03,429 - [Process 3/5] - INFO - len(per_windows_prompt):2
2024-12-22 12:36:08,963 - [Process 3/5] - INFO - res.shape is :torch.Size([64])
2024-12-22 12:36:09,098 - [Process 3/5] - INFO - len(per_windows_prompt):2
2024-12-22 12:36:14,541 - [Process 3/5] - INFO - res.shape is :torch.Size([64])
2024-12-22 12:36:14,714 - [Process 3/5] - INFO - len(per_windows_prompt):2
2024-12-22 12:36:21,243 - [Process 3/5] - INFO - res.shape is :torch.Size([64])
2024-12-22 12:36:21,392 - [Process 3/5] - INFO - len(per_windows_prompt):2
2024-12-22 12:36:26,810 - [Process 3/5] - INFO - res.shape is :torch.Size([64])
2024-12-22 12:36:26,943 - [Process 3/5] - INFO - len(per_windows_prompt):2
2024-12-22 12:36:31,885 - [Process 3/5] - INFO - res.shape is :torch.Size([64])
2024-12-22 12:36:32,073 - [Process 3/5] - INFO - len(per_windows_prompt):2
2024-12-22 12:36:38,327 - [Process 3/5] - INFO - res.shape is :torch.Size([64])
2024-12-22 12:36:38,452 - [Process 3/5] - INFO - len(per_windows_prompt):2
2024-12-22 12:36:43,505 - [Process 3/5] - INFO - res.shape is :torch.Size([64])
2024-12-22 12:36:43,586 - [Process 3/5] - INFO - len(per_windows_prompt):2
2024-12-22 12:36:48,100 - [Process 3/5] - INFO - res.shape is :torch.Size([64])
2024-12-22 12:36:48,303 - [Process 3/5] - INFO - len(per_windows_prompt):2
2024-12-22 12:36:54,799 - [Process 3/5] - INFO - res.shape is :torch.Size([64])
2024-12-22 12:36:54,879 - [Process 3/5] - INFO - len(per_windows_prompt):2
2024-12-22 12:36:58,654 - [Process 3/5] - INFO - res.shape is :torch.Size([53])
2024-12-22 12:36:58,845 - [Process 3/5] - INFO - len(per_windows_prompt):2
2024-12-22 12:37:05,298 - [Process 3/5] - INFO - res.shape is :torch.Size([64])
2024-12-22 12:37:05,464 - [Process 3/5] - INFO - len(per_windows_prompt):2
2024-12-22 12:37:11,448 - [Process 3/5] - INFO - res.shape is :torch.Size([64])
2024-12-22 12:37:11,612 - [Process 3/5] - INFO - len(per_windows_prompt):2
2024-12-22 12:37:17,275 - [Process 3/5] - INFO - res.shape is :torch.Size([64])
2024-12-22 12:37:17,440 - [Process 3/5] - INFO - len(per_windows_prompt):2
2024-12-22 12:37:23,327 - [Process 3/5] - INFO - res.shape is :torch.Size([64])
2024-12-22 12:37:23,542 - [Process 3/5] - INFO - len(per_windows_prompt):2
2024-12-22 12:37:29,927 - [Process 3/5] - INFO - res.shape is :torch.Size([64])
2024-12-22 12:37:30,107 - [Process 3/5] - INFO - len(per_windows_prompt):2
2024-12-22 12:37:36,517 - [Process 3/5] - INFO - res.shape is :torch.Size([64])
2024-12-22 12:37:36,634 - [Process 3/5] - INFO - len(per_windows_prompt):2
2024-12-22 12:37:41,683 - [Process 3/5] - INFO - res.shape is :torch.Size([64])
2024-12-22 12:37:41,778 - [Process 3/5] - INFO - len(per_windows_prompt):2
2024-12-22 12:37:46,018 - [Process 3/5] - INFO - res.shape is :torch.Size([64])
