2024-12-22 06:53:58,802 - [Process 4/5] - INFO - loading datasets finished
2024-12-22 06:53:58,802 - [Process 4/5] - INFO - model_max_len: 3950
2024-12-22 06:53:58,802 - [Process 4/5] - INFO - output_max_len: 512
2024-12-22 06:53:58,821 - [Process 4/5] - INFO - Max Length is 10933
2024-12-22 06:53:58,821 - [Process 4/5] - INFO - Finish loading dataset
2024-12-22 06:53:58,821 - [Process 4/5] - INFO - get_predicted begin
2024-12-22 06:54:03,608 - [Process 4/5] - INFO - len(per_windows_prompt):2
2024-12-22 06:54:15,735 - [Process 4/5] - INFO - res.shape is :torch.Size([208])
2024-12-22 06:54:15,875 - [Process 4/5] - INFO - len(per_windows_prompt):2
2024-12-22 06:54:27,683 - [Process 4/5] - INFO - res.shape is :torch.Size([211])
2024-12-22 06:54:27,827 - [Process 4/5] - INFO - len(per_windows_prompt):2
2024-12-22 06:54:37,360 - [Process 4/5] - INFO - res.shape is :torch.Size([194])
2024-12-22 06:54:37,480 - [Process 4/5] - INFO - len(per_windows_prompt):2
2024-12-22 06:54:50,548 - [Process 4/5] - INFO - res.shape is :torch.Size([239])
2024-12-22 06:54:50,585 - [Process 4/5] - INFO - len(per_windows_prompt):2
2024-12-22 06:54:58,094 - [Process 4/5] - INFO - res.shape is :torch.Size([191])
2024-12-22 06:54:58,179 - [Process 4/5] - INFO - len(per_windows_prompt):2
2024-12-22 06:55:07,222 - [Process 4/5] - INFO - res.shape is :torch.Size([171])
2024-12-22 06:55:07,272 - [Process 4/5] - INFO - len(per_windows_prompt):2
2024-12-22 06:55:15,130 - [Process 4/5] - INFO - res.shape is :torch.Size([184])
2024-12-22 06:55:15,176 - [Process 4/5] - INFO - len(per_windows_prompt):2
2024-12-22 06:55:23,421 - [Process 4/5] - INFO - res.shape is :torch.Size([203])
2024-12-22 06:55:23,467 - [Process 4/5] - INFO - len(per_windows_prompt):2
2024-12-22 06:55:35,119 - [Process 4/5] - INFO - res.shape is :torch.Size([259])
2024-12-22 06:55:35,169 - [Process 4/5] - INFO - len(per_windows_prompt):2
2024-12-22 06:55:42,198 - [Process 4/5] - INFO - res.shape is :torch.Size([154])
2024-12-22 06:55:42,294 - [Process 4/5] - INFO - len(per_windows_prompt):2
2024-12-22 06:55:54,942 - [Process 4/5] - INFO - res.shape is :torch.Size([250])
2024-12-22 06:55:55,120 - [Process 4/5] - INFO - len(per_windows_prompt):2
2024-12-22 06:56:12,325 - [Process 4/5] - INFO - res.shape is :torch.Size([320])
2024-12-22 06:56:12,400 - [Process 4/5] - INFO - len(per_windows_prompt):2
2024-12-22 06:56:21,496 - [Process 4/5] - INFO - res.shape is :torch.Size([191])
2024-12-22 06:56:21,620 - [Process 4/5] - INFO - len(per_windows_prompt):2
2024-12-22 06:56:34,555 - [Process 4/5] - INFO - res.shape is :torch.Size([242])
2024-12-22 06:56:34,666 - [Process 4/5] - INFO - len(per_windows_prompt):2
2024-12-22 06:56:47,458 - [Process 4/5] - INFO - res.shape is :torch.Size([256])
2024-12-22 06:56:47,583 - [Process 4/5] - INFO - len(per_windows_prompt):2
2024-12-22 06:57:00,024 - [Process 4/5] - INFO - res.shape is :torch.Size([242])
2024-12-22 06:57:00,113 - [Process 4/5] - INFO - len(per_windows_prompt):2
2024-12-22 06:57:11,840 - [Process 4/5] - INFO - res.shape is :torch.Size([230])
2024-12-22 06:57:11,938 - [Process 4/5] - INFO - len(per_windows_prompt):2
2024-12-22 06:57:25,455 - [Process 4/5] - INFO - res.shape is :torch.Size([262])
2024-12-22 06:57:25,604 - [Process 4/5] - INFO - len(per_windows_prompt):2
2024-12-22 06:57:45,597 - [Process 4/5] - INFO - res.shape is :torch.Size([396])
2024-12-22 06:57:45,697 - [Process 4/5] - INFO - len(per_windows_prompt):2
2024-12-22 06:57:58,019 - [Process 4/5] - INFO - res.shape is :torch.Size([247])
2024-12-22 06:57:58,237 - [Process 4/5] - INFO - len(per_windows_prompt):2
2024-12-22 06:58:11,048 - [Process 4/5] - INFO - res.shape is :torch.Size([203])
2024-12-22 06:58:11,160 - [Process 4/5] - INFO - len(per_windows_prompt):2
2024-12-22 06:58:24,065 - [Process 4/5] - INFO - res.shape is :torch.Size([246])
2024-12-22 06:58:24,175 - [Process 4/5] - INFO - len(per_windows_prompt):2
2024-12-22 06:58:33,570 - [Process 4/5] - INFO - res.shape is :torch.Size([170])
2024-12-22 06:58:33,745 - [Process 4/5] - INFO - len(per_windows_prompt):2
2024-12-22 06:58:45,955 - [Process 4/5] - INFO - res.shape is :torch.Size([200])
2024-12-22 06:58:46,121 - [Process 4/5] - INFO - len(per_windows_prompt):2
2024-12-22 06:58:56,061 - [Process 4/5] - INFO - res.shape is :torch.Size([163])
2024-12-22 06:58:56,272 - [Process 4/5] - INFO - len(per_windows_prompt):2
2024-12-22 06:59:10,167 - [Process 4/5] - INFO - res.shape is :torch.Size([226])
2024-12-22 06:59:10,264 - [Process 4/5] - INFO - len(per_windows_prompt):2
2024-12-22 06:59:18,539 - [Process 4/5] - INFO - res.shape is :torch.Size([146])
2024-12-22 06:59:18,654 - [Process 4/5] - INFO - len(per_windows_prompt):2
2024-12-22 06:59:32,434 - [Process 4/5] - INFO - res.shape is :torch.Size([272])
2024-12-22 06:59:32,588 - [Process 4/5] - INFO - len(per_windows_prompt):2
2024-12-22 06:59:50,141 - [Process 4/5] - INFO - res.shape is :torch.Size([333])
2024-12-22 06:59:50,281 - [Process 4/5] - INFO - len(per_windows_prompt):2
2024-12-22 07:00:08,157 - [Process 4/5] - INFO - res.shape is :torch.Size([349])
2024-12-22 07:00:08,261 - [Process 4/5] - INFO - len(per_windows_prompt):2
2024-12-22 07:00:16,590 - [Process 4/5] - INFO - res.shape is :torch.Size([155])
2024-12-22 07:00:16,749 - [Process 4/5] - INFO - len(per_windows_prompt):2
2024-12-22 07:00:29,027 - [Process 4/5] - INFO - res.shape is :torch.Size([218])
2024-12-22 07:00:29,133 - [Process 4/5] - INFO - len(per_windows_prompt):2
2024-12-22 07:00:40,769 - [Process 4/5] - INFO - res.shape is :torch.Size([224])
2024-12-22 07:00:40,817 - [Process 4/5] - INFO - len(per_windows_prompt):2
2024-12-22 07:00:48,974 - [Process 4/5] - INFO - res.shape is :torch.Size([179])
2024-12-22 07:00:49,126 - [Process 4/5] - INFO - len(per_windows_prompt):2
2024-12-22 07:01:01,177 - [Process 4/5] - INFO - res.shape is :torch.Size([206])
2024-12-22 07:01:01,279 - [Process 4/5] - INFO - len(per_windows_prompt):2
2024-12-22 07:01:13,783 - [Process 4/5] - INFO - res.shape is :torch.Size([239])
2024-12-22 07:01:13,845 - [Process 4/5] - INFO - len(per_windows_prompt):2
2024-12-22 07:01:19,872 - [Process 4/5] - INFO - res.shape is :torch.Size([118])
2024-12-22 07:01:20,047 - [Process 4/5] - INFO - len(per_windows_prompt):2
2024-12-22 07:01:30,080 - [Process 4/5] - INFO - res.shape is :torch.Size([148])
2024-12-22 07:01:30,282 - [Process 4/5] - INFO - len(per_windows_prompt):2
2024-12-22 07:01:46,743 - [Process 4/5] - INFO - res.shape is :torch.Size([279])
2024-12-22 07:01:46,772 - [Process 4/5] - INFO - len(per_windows_prompt):2
2024-12-22 07:01:51,284 - [Process 4/5] - INFO - res.shape is :torch.Size([95])
