2024-12-22 03:42:35,537 - [Process 0/5] - INFO - loading datasets finished
2024-12-22 03:42:35,537 - [Process 0/5] - INFO - model_max_len: 3950
2024-12-22 03:42:35,537 - [Process 0/5] - INFO - output_max_len: 64
2024-12-22 03:42:35,564 - [Process 0/5] - INFO - Max Length is 8714
2024-12-22 03:42:35,564 - [Process 0/5] - INFO - Finish loading dataset
2024-12-22 03:42:35,565 - [Process 0/5] - INFO - get_predicted begin
2024-12-22 03:42:40,383 - [Process 0/5] - INFO - len(per_windows_prompt):2
2024-12-22 03:42:47,658 - [Process 0/5] - INFO - res.shape is :torch.Size([64])
2024-12-22 03:42:47,912 - [Process 0/5] - INFO - len(per_windows_prompt):2
2024-12-22 03:42:54,460 - [Process 0/5] - INFO - res.shape is :torch.Size([64])
2024-12-22 03:42:54,678 - [Process 0/5] - INFO - len(per_windows_prompt):2
2024-12-22 03:43:01,229 - [Process 0/5] - INFO - res.shape is :torch.Size([64])
2024-12-22 03:43:01,468 - [Process 0/5] - INFO - len(per_windows_prompt):2
2024-12-22 03:43:08,018 - [Process 0/5] - INFO - res.shape is :torch.Size([64])
2024-12-22 03:43:08,246 - [Process 0/5] - INFO - len(per_windows_prompt):2
2024-12-22 03:43:14,785 - [Process 0/5] - INFO - res.shape is :torch.Size([64])
2024-12-22 03:43:15,048 - [Process 0/5] - INFO - len(per_windows_prompt):2
2024-12-22 03:43:21,600 - [Process 0/5] - INFO - res.shape is :torch.Size([64])
2024-12-22 03:43:21,757 - [Process 0/5] - INFO - len(per_windows_prompt):2
2024-12-22 03:43:27,330 - [Process 0/5] - INFO - res.shape is :torch.Size([64])
2024-12-22 03:43:27,543 - [Process 0/5] - INFO - len(per_windows_prompt):2
2024-12-22 03:43:34,014 - [Process 0/5] - INFO - res.shape is :torch.Size([64])
2024-12-22 03:43:34,233 - [Process 0/5] - INFO - len(per_windows_prompt):2
2024-12-22 03:43:40,743 - [Process 0/5] - INFO - res.shape is :torch.Size([64])
2024-12-22 03:43:40,936 - [Process 0/5] - INFO - len(per_windows_prompt):2
2024-12-22 03:43:47,412 - [Process 0/5] - INFO - res.shape is :torch.Size([64])
2024-12-22 03:43:47,637 - [Process 0/5] - INFO - len(per_windows_prompt):2
2024-12-22 03:43:54,154 - [Process 0/5] - INFO - res.shape is :torch.Size([64])
2024-12-22 03:43:54,381 - [Process 0/5] - INFO - len(per_windows_prompt):2
2024-12-22 03:44:00,906 - [Process 0/5] - INFO - res.shape is :torch.Size([64])
2024-12-22 03:44:01,128 - [Process 0/5] - INFO - len(per_windows_prompt):2
2024-12-22 03:44:07,651 - [Process 0/5] - INFO - res.shape is :torch.Size([64])
2024-12-22 03:44:07,905 - [Process 0/5] - INFO - len(per_windows_prompt):2
2024-12-22 03:44:14,383 - [Process 0/5] - INFO - res.shape is :torch.Size([64])
2024-12-22 03:44:14,608 - [Process 0/5] - INFO - len(per_windows_prompt):2
2024-12-22 03:44:21,087 - [Process 0/5] - INFO - res.shape is :torch.Size([64])
2024-12-22 03:44:21,301 - [Process 0/5] - INFO - len(per_windows_prompt):2
2024-12-22 03:44:27,766 - [Process 0/5] - INFO - res.shape is :torch.Size([64])
2024-12-22 03:44:27,982 - [Process 0/5] - INFO - len(per_windows_prompt):2
2024-12-22 03:44:34,495 - [Process 0/5] - INFO - res.shape is :torch.Size([64])
2024-12-22 03:44:34,724 - [Process 0/5] - INFO - len(per_windows_prompt):2
2024-12-22 03:44:41,177 - [Process 0/5] - INFO - res.shape is :torch.Size([64])
2024-12-22 03:44:41,294 - [Process 0/5] - INFO - len(per_windows_prompt):2
2024-12-22 03:44:45,919 - [Process 0/5] - INFO - res.shape is :torch.Size([64])
2024-12-22 03:44:46,079 - [Process 0/5] - INFO - len(per_windows_prompt):2
2024-12-22 03:44:51,949 - [Process 0/5] - INFO - res.shape is :torch.Size([64])
2024-12-22 03:44:52,188 - [Process 0/5] - INFO - len(per_windows_prompt):2
2024-12-22 03:44:58,552 - [Process 0/5] - INFO - res.shape is :torch.Size([64])
2024-12-22 03:44:58,734 - [Process 0/5] - INFO - len(per_windows_prompt):2
2024-12-22 03:45:05,051 - [Process 0/5] - INFO - res.shape is :torch.Size([64])
2024-12-22 03:45:05,242 - [Process 0/5] - INFO - len(per_windows_prompt):2
2024-12-22 03:45:11,619 - [Process 0/5] - INFO - res.shape is :torch.Size([64])
2024-12-22 03:45:11,828 - [Process 0/5] - INFO - len(per_windows_prompt):2
2024-12-22 03:45:18,257 - [Process 0/5] - INFO - res.shape is :torch.Size([64])
2024-12-22 03:45:18,396 - [Process 0/5] - INFO - len(per_windows_prompt):2
2024-12-22 03:45:23,480 - [Process 0/5] - INFO - res.shape is :torch.Size([64])
2024-12-22 03:45:23,703 - [Process 0/5] - INFO - len(per_windows_prompt):2
2024-12-22 03:45:30,025 - [Process 0/5] - INFO - res.shape is :torch.Size([64])
2024-12-22 03:45:30,256 - [Process 0/5] - INFO - len(per_windows_prompt):2
2024-12-22 03:45:36,684 - [Process 0/5] - INFO - res.shape is :torch.Size([64])
2024-12-22 03:45:36,905 - [Process 0/5] - INFO - len(per_windows_prompt):2
2024-12-22 03:45:43,345 - [Process 0/5] - INFO - res.shape is :torch.Size([64])
2024-12-22 03:45:43,555 - [Process 0/5] - INFO - len(per_windows_prompt):2
2024-12-22 03:45:49,934 - [Process 0/5] - INFO - res.shape is :torch.Size([64])
2024-12-22 03:45:50,166 - [Process 0/5] - INFO - len(per_windows_prompt):2
2024-12-22 03:45:56,558 - [Process 0/5] - INFO - res.shape is :torch.Size([64])
2024-12-22 03:45:56,744 - [Process 0/5] - INFO - len(per_windows_prompt):2
2024-12-22 03:46:02,760 - [Process 0/5] - INFO - res.shape is :torch.Size([64])
2024-12-22 03:46:02,996 - [Process 0/5] - INFO - len(per_windows_prompt):2
2024-12-22 03:46:09,396 - [Process 0/5] - INFO - res.shape is :torch.Size([64])
2024-12-22 03:46:09,565 - [Process 0/5] - INFO - len(per_windows_prompt):2
2024-12-22 03:46:15,290 - [Process 0/5] - INFO - res.shape is :torch.Size([64])
2024-12-22 03:46:15,523 - [Process 0/5] - INFO - len(per_windows_prompt):2
2024-12-22 03:46:21,897 - [Process 0/5] - INFO - res.shape is :torch.Size([64])
2024-12-22 03:46:22,027 - [Process 0/5] - INFO - len(per_windows_prompt):2
2024-12-22 03:46:27,098 - [Process 0/5] - INFO - res.shape is :torch.Size([64])
2024-12-22 03:46:27,290 - [Process 0/5] - INFO - len(per_windows_prompt):2
2024-12-22 03:46:33,708 - [Process 0/5] - INFO - res.shape is :torch.Size([64])
2024-12-22 03:46:33,840 - [Process 0/5] - INFO - len(per_windows_prompt):2
2024-12-22 03:46:39,282 - [Process 0/5] - INFO - res.shape is :torch.Size([64])
2024-12-22 03:46:39,485 - [Process 0/5] - INFO - len(per_windows_prompt):2
2024-12-22 03:46:45,952 - [Process 0/5] - INFO - res.shape is :torch.Size([64])
2024-12-22 03:46:46,138 - [Process 0/5] - INFO - len(per_windows_prompt):2
2024-12-22 03:46:52,609 - [Process 0/5] - INFO - res.shape is :torch.Size([64])
2024-12-22 03:46:52,820 - [Process 0/5] - INFO - len(per_windows_prompt):2
2024-12-22 03:46:59,305 - [Process 0/5] - INFO - res.shape is :torch.Size([64])
