2024-12-22 05:28:36,226 - [Process 1/5] - INFO - loading datasets finished
2024-12-22 05:28:36,226 - [Process 1/5] - INFO - model_max_len: 3950
2024-12-22 05:28:36,227 - [Process 1/5] - INFO - output_max_len: 32
2024-12-22 05:28:36,268 - [Process 1/5] - INFO - Max Length is 11950
2024-12-22 05:28:36,268 - [Process 1/5] - INFO - Finish loading dataset
2024-12-22 05:28:36,269 - [Process 1/5] - INFO - get_predicted begin
2024-12-22 05:28:41,073 - [Process 1/5] - INFO - len(per_windows_prompt):2
2024-12-22 05:28:45,517 - [Process 1/5] - INFO - res.shape is :torch.Size([3])
2024-12-22 05:28:45,704 - [Process 1/5] - INFO - len(per_windows_prompt):2
2024-12-22 05:28:49,693 - [Process 1/5] - INFO - res.shape is :torch.Size([8])
2024-12-22 05:28:49,951 - [Process 1/5] - INFO - len(per_windows_prompt):2
2024-12-22 05:28:53,785 - [Process 1/5] - INFO - res.shape is :torch.Size([3])
2024-12-22 05:28:53,998 - [Process 1/5] - INFO - len(per_windows_prompt):2
2024-12-22 05:28:57,962 - [Process 1/5] - INFO - res.shape is :torch.Size([7])
2024-12-22 05:28:58,156 - [Process 1/5] - INFO - len(per_windows_prompt):2
2024-12-22 05:29:02,004 - [Process 1/5] - INFO - res.shape is :torch.Size([3])
2024-12-22 05:29:02,224 - [Process 1/5] - INFO - len(per_windows_prompt):2
2024-12-22 05:29:06,635 - [Process 1/5] - INFO - res.shape is :torch.Size([15])
2024-12-22 05:29:06,830 - [Process 1/5] - INFO - len(per_windows_prompt):2
2024-12-22 05:29:10,670 - [Process 1/5] - INFO - res.shape is :torch.Size([2])
2024-12-22 05:29:10,875 - [Process 1/5] - INFO - len(per_windows_prompt):2
2024-12-22 05:29:14,643 - [Process 1/5] - INFO - res.shape is :torch.Size([4])
2024-12-22 05:29:14,734 - [Process 1/5] - INFO - len(per_windows_prompt):2
2024-12-22 05:29:16,904 - [Process 1/5] - INFO - res.shape is :torch.Size([7])
2024-12-22 05:29:17,091 - [Process 1/5] - INFO - len(per_windows_prompt):2
2024-12-22 05:29:21,092 - [Process 1/5] - INFO - res.shape is :torch.Size([7])
2024-12-22 05:29:21,354 - [Process 1/5] - INFO - len(per_windows_prompt):2
2024-12-22 05:29:25,339 - [Process 1/5] - INFO - res.shape is :torch.Size([7])
2024-12-22 05:29:25,540 - [Process 1/5] - INFO - len(per_windows_prompt):2
2024-12-22 05:29:29,593 - [Process 1/5] - INFO - res.shape is :torch.Size([6])
2024-12-22 05:29:29,779 - [Process 1/5] - INFO - len(per_windows_prompt):2
2024-12-22 05:29:33,612 - [Process 1/5] - INFO - res.shape is :torch.Size([3])
2024-12-22 05:29:33,803 - [Process 1/5] - INFO - len(per_windows_prompt):2
2024-12-22 05:29:37,854 - [Process 1/5] - INFO - res.shape is :torch.Size([6])
2024-12-22 05:29:38,044 - [Process 1/5] - INFO - len(per_windows_prompt):2
2024-12-22 05:29:42,132 - [Process 1/5] - INFO - res.shape is :torch.Size([7])
2024-12-22 05:29:42,310 - [Process 1/5] - INFO - len(per_windows_prompt):2
2024-12-22 05:29:46,325 - [Process 1/5] - INFO - res.shape is :torch.Size([5])
2024-12-22 05:29:46,519 - [Process 1/5] - INFO - len(per_windows_prompt):2
2024-12-22 05:29:50,518 - [Process 1/5] - INFO - res.shape is :torch.Size([6])
2024-12-22 05:29:50,743 - [Process 1/5] - INFO - len(per_windows_prompt):2
2024-12-22 05:29:54,529 - [Process 1/5] - INFO - res.shape is :torch.Size([4])
2024-12-22 05:29:54,693 - [Process 1/5] - INFO - len(per_windows_prompt):2
2024-12-22 05:29:58,521 - [Process 1/5] - INFO - res.shape is :torch.Size([5])
2024-12-22 05:29:58,705 - [Process 1/5] - INFO - len(per_windows_prompt):2
2024-12-22 05:30:02,623 - [Process 1/5] - INFO - res.shape is :torch.Size([5])
2024-12-22 05:30:02,858 - [Process 1/5] - INFO - len(per_windows_prompt):2
2024-12-22 05:30:06,762 - [Process 1/5] - INFO - res.shape is :torch.Size([4])
2024-12-22 05:30:06,939 - [Process 1/5] - INFO - len(per_windows_prompt):2
2024-12-22 05:30:10,786 - [Process 1/5] - INFO - res.shape is :torch.Size([2])
2024-12-22 05:30:10,948 - [Process 1/5] - INFO - len(per_windows_prompt):2
2024-12-22 05:30:14,545 - [Process 1/5] - INFO - res.shape is :torch.Size([5])
2024-12-22 05:30:14,768 - [Process 1/5] - INFO - len(per_windows_prompt):2
2024-12-22 05:30:18,667 - [Process 1/5] - INFO - res.shape is :torch.Size([2])
2024-12-22 05:30:18,791 - [Process 1/5] - INFO - len(per_windows_prompt):2
2024-12-22 05:30:21,383 - [Process 1/5] - INFO - res.shape is :torch.Size([2])
2024-12-22 05:30:21,587 - [Process 1/5] - INFO - len(per_windows_prompt):2
2024-12-22 05:30:25,606 - [Process 1/5] - INFO - res.shape is :torch.Size([6])
2024-12-22 05:30:25,788 - [Process 1/5] - INFO - len(per_windows_prompt):2
2024-12-22 05:30:29,505 - [Process 1/5] - INFO - res.shape is :torch.Size([2])
2024-12-22 05:30:29,690 - [Process 1/5] - INFO - len(per_windows_prompt):2
2024-12-22 05:30:33,848 - [Process 1/5] - INFO - res.shape is :torch.Size([10])
2024-12-22 05:30:34,042 - [Process 1/5] - INFO - len(per_windows_prompt):2
2024-12-22 05:30:37,987 - [Process 1/5] - INFO - res.shape is :torch.Size([5])
2024-12-22 05:30:38,175 - [Process 1/5] - INFO - len(per_windows_prompt):2
2024-12-22 05:30:42,100 - [Process 1/5] - INFO - res.shape is :torch.Size([4])
2024-12-22 05:30:42,296 - [Process 1/5] - INFO - len(per_windows_prompt):2
2024-12-22 05:30:46,183 - [Process 1/5] - INFO - res.shape is :torch.Size([3])
2024-12-22 05:30:46,387 - [Process 1/5] - INFO - len(per_windows_prompt):2
2024-12-22 05:30:50,205 - [Process 1/5] - INFO - res.shape is :torch.Size([2])
2024-12-22 05:30:50,405 - [Process 1/5] - INFO - len(per_windows_prompt):2
2024-12-22 05:30:54,290 - [Process 1/5] - INFO - res.shape is :torch.Size([6])
2024-12-22 05:30:54,336 - [Process 1/5] - INFO - len(per_windows_prompt):2
2024-12-22 05:30:55,483 - [Process 1/5] - INFO - res.shape is :torch.Size([2])
2024-12-22 05:30:55,675 - [Process 1/5] - INFO - len(per_windows_prompt):2
2024-12-22 05:30:59,513 - [Process 1/5] - INFO - res.shape is :torch.Size([3])
2024-12-22 05:30:59,694 - [Process 1/5] - INFO - len(per_windows_prompt):2
2024-12-22 05:31:03,899 - [Process 1/5] - INFO - res.shape is :torch.Size([11])
2024-12-22 05:31:04,145 - [Process 1/5] - INFO - len(per_windows_prompt):2
2024-12-22 05:31:07,995 - [Process 1/5] - INFO - res.shape is :torch.Size([2])
2024-12-22 05:31:08,185 - [Process 1/5] - INFO - len(per_windows_prompt):2
2024-12-22 05:31:12,134 - [Process 1/5] - INFO - res.shape is :torch.Size([4])
2024-12-22 05:31:12,424 - [Process 1/5] - INFO - len(per_windows_prompt):2
2024-12-22 05:31:16,178 - [Process 1/5] - INFO - res.shape is :torch.Size([3])
2024-12-22 05:31:16,382 - [Process 1/5] - INFO - len(per_windows_prompt):2
2024-12-22 05:31:20,541 - [Process 1/5] - INFO - res.shape is :torch.Size([9])
