2024-12-22 02:30:09,435 - [Process 2/5] - INFO - loading datasets finished
2024-12-22 02:30:09,435 - [Process 2/5] - INFO - model_max_len: 3950
2024-12-22 02:30:09,435 - [Process 2/5] - INFO - output_max_len: 64
2024-12-22 02:30:09,551 - [Process 2/5] - INFO - Max Length is 18754
2024-12-22 02:30:09,552 - [Process 2/5] - INFO - Finish loading dataset
2024-12-22 02:30:09,553 - [Process 2/5] - INFO - get_predicted begin
2024-12-22 02:30:14,249 - [Process 2/5] - INFO - len(per_windows_prompt):2
2024-12-22 02:30:22,640 - [Process 2/5] - INFO - res.shape is :torch.Size([64])
2024-12-22 02:30:22,865 - [Process 2/5] - INFO - len(per_windows_prompt):2
2024-12-22 02:30:29,801 - [Process 2/5] - INFO - res.shape is :torch.Size([64])
2024-12-22 02:30:30,057 - [Process 2/5] - INFO - len(per_windows_prompt):2
2024-12-22 02:30:40,975 - [Process 2/5] - INFO - res.shape is :torch.Size([64])
2024-12-22 02:30:41,166 - [Process 2/5] - INFO - len(per_windows_prompt):2
2024-12-22 02:30:49,121 - [Process 2/5] - INFO - res.shape is :torch.Size([64])
2024-12-22 02:30:49,358 - [Process 2/5] - INFO - len(per_windows_prompt):2
2024-12-22 02:30:57,152 - [Process 2/5] - INFO - res.shape is :torch.Size([64])
2024-12-22 02:30:57,359 - [Process 2/5] - INFO - len(per_windows_prompt):2
2024-12-22 02:31:04,889 - [Process 2/5] - INFO - res.shape is :torch.Size([64])
2024-12-22 02:31:05,067 - [Process 2/5] - INFO - len(per_windows_prompt):2
2024-12-22 02:31:13,016 - [Process 2/5] - INFO - res.shape is :torch.Size([64])
2024-12-22 02:31:13,162 - [Process 2/5] - INFO - len(per_windows_prompt):2
2024-12-22 02:31:22,108 - [Process 2/5] - INFO - res.shape is :torch.Size([64])
2024-12-22 02:31:22,297 - [Process 2/5] - INFO - len(per_windows_prompt):2
2024-12-22 02:31:30,130 - [Process 2/5] - INFO - res.shape is :torch.Size([64])
2024-12-22 02:31:30,372 - [Process 2/5] - INFO - len(per_windows_prompt):2
2024-12-22 02:31:39,653 - [Process 2/5] - INFO - res.shape is :torch.Size([64])
2024-12-22 02:31:39,919 - [Process 2/5] - INFO - len(per_windows_prompt):2
2024-12-22 02:31:47,305 - [Process 2/5] - INFO - res.shape is :torch.Size([64])
2024-12-22 02:31:47,512 - [Process 2/5] - INFO - len(per_windows_prompt):2
2024-12-22 02:31:56,980 - [Process 2/5] - INFO - res.shape is :torch.Size([64])
2024-12-22 02:31:57,172 - [Process 2/5] - INFO - len(per_windows_prompt):2
2024-12-22 02:32:07,199 - [Process 2/5] - INFO - res.shape is :torch.Size([64])
2024-12-22 02:32:07,355 - [Process 2/5] - INFO - len(per_windows_prompt):2
2024-12-22 02:32:14,004 - [Process 2/5] - INFO - res.shape is :torch.Size([64])
2024-12-22 02:32:14,277 - [Process 2/5] - INFO - len(per_windows_prompt):2
2024-12-22 02:32:26,817 - [Process 2/5] - INFO - res.shape is :torch.Size([64])
2024-12-22 02:32:27,000 - [Process 2/5] - INFO - len(per_windows_prompt):2
2024-12-22 02:32:35,444 - [Process 2/5] - INFO - res.shape is :torch.Size([64])
2024-12-22 02:32:35,628 - [Process 2/5] - INFO - len(per_windows_prompt):2
2024-12-22 02:32:46,275 - [Process 2/5] - INFO - res.shape is :torch.Size([64])
2024-12-22 02:32:46,517 - [Process 2/5] - INFO - len(per_windows_prompt):2
2024-12-22 02:32:59,394 - [Process 2/5] - INFO - res.shape is :torch.Size([64])
2024-12-22 02:32:59,637 - [Process 2/5] - INFO - len(per_windows_prompt):2
2024-12-22 02:33:10,039 - [Process 2/5] - INFO - res.shape is :torch.Size([64])
2024-12-22 02:33:10,319 - [Process 2/5] - INFO - len(per_windows_prompt):2
2024-12-22 02:33:18,498 - [Process 2/5] - INFO - res.shape is :torch.Size([64])
2024-12-22 02:33:18,690 - [Process 2/5] - INFO - len(per_windows_prompt):2
2024-12-22 02:33:26,201 - [Process 2/5] - INFO - res.shape is :torch.Size([64])
2024-12-22 02:33:26,507 - [Process 2/5] - INFO - len(per_windows_prompt):2
2024-12-22 02:33:39,383 - [Process 2/5] - INFO - res.shape is :torch.Size([64])
2024-12-22 02:33:39,585 - [Process 2/5] - INFO - len(per_windows_prompt):2
2024-12-22 02:33:46,508 - [Process 2/5] - INFO - res.shape is :torch.Size([64])
2024-12-22 02:33:46,825 - [Process 2/5] - INFO - len(per_windows_prompt):2
2024-12-22 02:33:56,438 - [Process 2/5] - INFO - res.shape is :torch.Size([64])
2024-12-22 02:33:56,805 - [Process 2/5] - INFO - len(per_windows_prompt):2
2024-12-22 02:34:08,566 - [Process 2/5] - INFO - res.shape is :torch.Size([64])
2024-12-22 02:34:08,750 - [Process 2/5] - INFO - len(per_windows_prompt):2
2024-12-22 02:34:19,701 - [Process 2/5] - INFO - res.shape is :torch.Size([64])
2024-12-22 02:34:19,898 - [Process 2/5] - INFO - len(per_windows_prompt):2
2024-12-22 02:34:34,593 - [Process 2/5] - INFO - res.shape is :torch.Size([64])
2024-12-22 02:34:34,691 - [Process 2/5] - INFO - len(per_windows_prompt):2
2024-12-22 02:34:44,765 - [Process 2/5] - INFO - res.shape is :torch.Size([64])
2024-12-22 02:34:44,945 - [Process 2/5] - INFO - len(per_windows_prompt):2
2024-12-22 02:34:57,108 - [Process 2/5] - INFO - res.shape is :torch.Size([64])
2024-12-22 02:34:57,318 - [Process 2/5] - INFO - len(per_windows_prompt):2
2024-12-22 02:35:06,921 - [Process 2/5] - INFO - res.shape is :torch.Size([64])
2024-12-22 02:35:07,147 - [Process 2/5] - INFO - len(per_windows_prompt):2
2024-12-22 02:35:17,847 - [Process 2/5] - INFO - res.shape is :torch.Size([64])
2024-12-22 02:35:18,124 - [Process 2/5] - INFO - len(per_windows_prompt):2
2024-12-22 02:35:29,417 - [Process 2/5] - INFO - res.shape is :torch.Size([64])
2024-12-22 02:35:29,669 - [Process 2/5] - INFO - len(per_windows_prompt):2
2024-12-22 02:35:40,634 - [Process 2/5] - INFO - res.shape is :torch.Size([64])
2024-12-22 02:35:40,824 - [Process 2/5] - INFO - len(per_windows_prompt):2
2024-12-22 02:35:49,118 - [Process 2/5] - INFO - res.shape is :torch.Size([64])
2024-12-22 02:35:49,242 - [Process 2/5] - INFO - len(per_windows_prompt):2
2024-12-22 02:36:04,746 - [Process 2/5] - INFO - res.shape is :torch.Size([64])
2024-12-22 02:36:04,940 - [Process 2/5] - INFO - len(per_windows_prompt):2
2024-12-22 02:36:12,396 - [Process 2/5] - INFO - res.shape is :torch.Size([64])
2024-12-22 02:36:12,914 - [Process 2/5] - INFO - len(per_windows_prompt):2
2024-12-22 02:36:23,338 - [Process 2/5] - INFO - res.shape is :torch.Size([64])
2024-12-22 02:36:23,594 - [Process 2/5] - INFO - len(per_windows_prompt):2
2024-12-22 02:36:35,410 - [Process 2/5] - INFO - res.shape is :torch.Size([64])
2024-12-22 02:36:35,685 - [Process 2/5] - INFO - len(per_windows_prompt):2
2024-12-22 02:36:43,780 - [Process 2/5] - INFO - res.shape is :torch.Size([64])
2024-12-22 02:36:44,076 - [Process 2/5] - INFO - len(per_windows_prompt):2
2024-12-22 02:36:56,194 - [Process 2/5] - INFO - res.shape is :torch.Size([64])
2024-12-22 02:36:56,381 - [Process 2/5] - INFO - len(per_windows_prompt):2
2024-12-22 02:37:06,422 - [Process 2/5] - INFO - res.shape is :torch.Size([64])
2024-12-22 02:37:06,754 - [Process 2/5] - INFO - len(per_windows_prompt):2
2024-12-22 02:37:16,869 - [Process 2/5] - INFO - res.shape is :torch.Size([64])
2024-12-22 02:37:17,087 - [Process 2/5] - INFO - len(per_windows_prompt):2
2024-12-22 02:37:27,354 - [Process 2/5] - INFO - res.shape is :torch.Size([64])
2024-12-22 02:37:27,539 - [Process 2/5] - INFO - len(per_windows_prompt):2
2024-12-22 02:37:37,619 - [Process 2/5] - INFO - res.shape is :torch.Size([64])
2024-12-22 02:37:37,888 - [Process 2/5] - INFO - len(per_windows_prompt):2
2024-12-22 02:37:50,093 - [Process 2/5] - INFO - res.shape is :torch.Size([64])
2024-12-22 02:37:50,279 - [Process 2/5] - INFO - len(per_windows_prompt):2
2024-12-22 02:37:57,810 - [Process 2/5] - INFO - res.shape is :torch.Size([64])
2024-12-22 02:37:57,994 - [Process 2/5] - INFO - len(per_windows_prompt):2
2024-12-22 02:38:08,864 - [Process 2/5] - INFO - res.shape is :torch.Size([64])
2024-12-22 02:38:09,073 - [Process 2/5] - INFO - len(per_windows_prompt):2
2024-12-22 02:38:16,579 - [Process 2/5] - INFO - res.shape is :torch.Size([64])
2024-12-22 02:38:16,852 - [Process 2/5] - INFO - len(per_windows_prompt):2
2024-12-22 02:38:26,846 - [Process 2/5] - INFO - res.shape is :torch.Size([64])
2024-12-22 02:38:27,084 - [Process 2/5] - INFO - len(per_windows_prompt):2
2024-12-22 02:38:38,991 - [Process 2/5] - INFO - res.shape is :torch.Size([64])
2024-12-22 02:38:39,244 - [Process 2/5] - INFO - len(per_windows_prompt):2
2024-12-22 02:38:46,706 - [Process 2/5] - INFO - res.shape is :torch.Size([64])
2024-12-22 02:38:46,919 - [Process 2/5] - INFO - len(per_windows_prompt):2
2024-12-22 02:38:56,784 - [Process 2/5] - INFO - res.shape is :torch.Size([64])
2024-12-22 02:38:57,072 - [Process 2/5] - INFO - len(per_windows_prompt):2
2024-12-22 02:39:07,030 - [Process 2/5] - INFO - res.shape is :torch.Size([64])
2024-12-22 02:39:07,328 - [Process 2/5] - INFO - len(per_windows_prompt):2
2024-12-22 02:39:19,548 - [Process 2/5] - INFO - res.shape is :torch.Size([64])
2024-12-22 02:39:19,780 - [Process 2/5] - INFO - len(per_windows_prompt):2
2024-12-22 02:39:30,752 - [Process 2/5] - INFO - res.shape is :torch.Size([64])
2024-12-22 02:39:30,945 - [Process 2/5] - INFO - len(per_windows_prompt):2
2024-12-22 02:39:42,763 - [Process 2/5] - INFO - res.shape is :torch.Size([64])
2024-12-22 02:39:42,954 - [Process 2/5] - INFO - len(per_windows_prompt):2
2024-12-22 02:39:50,914 - [Process 2/5] - INFO - res.shape is :torch.Size([64])
2024-12-22 02:39:51,366 - [Process 2/5] - INFO - len(per_windows_prompt):2
2024-12-22 02:40:03,155 - [Process 2/5] - INFO - res.shape is :torch.Size([64])
2024-12-22 02:40:03,362 - [Process 2/5] - INFO - len(per_windows_prompt):2
2024-12-22 02:40:11,876 - [Process 2/5] - INFO - res.shape is :torch.Size([64])
2024-12-22 02:40:12,151 - [Process 2/5] - INFO - len(per_windows_prompt):2
2024-12-22 02:40:21,819 - [Process 2/5] - INFO - res.shape is :torch.Size([64])
2024-12-22 02:40:22,082 - [Process 2/5] - INFO - len(per_windows_prompt):2
2024-12-22 02:40:33,229 - [Process 2/5] - INFO - res.shape is :torch.Size([64])
2024-12-22 02:40:33,424 - [Process 2/5] - INFO - len(per_windows_prompt):2
2024-12-22 02:40:44,770 - [Process 2/5] - INFO - res.shape is :torch.Size([64])
2024-12-22 02:40:44,993 - [Process 2/5] - INFO - len(per_windows_prompt):2
2024-12-22 02:40:53,926 - [Process 2/5] - INFO - res.shape is :torch.Size([64])
2024-12-22 02:40:54,211 - [Process 2/5] - INFO - len(per_windows_prompt):2
2024-12-22 02:41:04,155 - [Process 2/5] - INFO - res.shape is :torch.Size([64])
2024-12-22 02:41:04,515 - [Process 2/5] - INFO - len(per_windows_prompt):2
2024-12-22 02:41:13,588 - [Process 2/5] - INFO - res.shape is :torch.Size([64])
2024-12-22 02:41:13,824 - [Process 2/5] - INFO - len(per_windows_prompt):2
2024-12-22 02:41:21,016 - [Process 2/5] - INFO - res.shape is :torch.Size([64])
2024-12-22 02:41:21,240 - [Process 2/5] - INFO - len(per_windows_prompt):2
2024-12-22 02:41:32,204 - [Process 2/5] - INFO - res.shape is :torch.Size([64])
2024-12-22 02:41:32,412 - [Process 2/5] - INFO - len(per_windows_prompt):2
2024-12-22 02:41:40,210 - [Process 2/5] - INFO - res.shape is :torch.Size([64])
2024-12-22 02:41:40,583 - [Process 2/5] - INFO - len(per_windows_prompt):2
2024-12-22 02:41:52,864 - [Process 2/5] - INFO - res.shape is :torch.Size([64])
2024-12-22 02:41:53,145 - [Process 2/5] - INFO - len(per_windows_prompt):2
2024-12-22 02:42:02,541 - [Process 2/5] - INFO - res.shape is :torch.Size([64])
2024-12-22 02:42:02,763 - [Process 2/5] - INFO - len(per_windows_prompt):2
2024-12-22 02:42:13,036 - [Process 2/5] - INFO - res.shape is :torch.Size([64])
2024-12-22 02:42:13,260 - [Process 2/5] - INFO - len(per_windows_prompt):2
2024-12-22 02:42:22,582 - [Process 2/5] - INFO - res.shape is :torch.Size([64])
2024-12-22 02:42:22,812 - [Process 2/5] - INFO - len(per_windows_prompt):2
2024-12-22 02:42:30,501 - [Process 2/5] - INFO - res.shape is :torch.Size([64])
2024-12-22 02:42:30,738 - [Process 2/5] - INFO - len(per_windows_prompt):2
2024-12-22 02:42:38,938 - [Process 2/5] - INFO - res.shape is :torch.Size([64])
2024-12-22 02:42:39,160 - [Process 2/5] - INFO - len(per_windows_prompt):2
2024-12-22 02:42:49,400 - [Process 2/5] - INFO - res.shape is :torch.Size([64])
2024-12-22 02:42:49,647 - [Process 2/5] - INFO - len(per_windows_prompt):2
2024-12-22 02:42:57,016 - [Process 2/5] - INFO - res.shape is :torch.Size([64])
2024-12-22 02:42:57,316 - [Process 2/5] - INFO - len(per_windows_prompt):2
2024-12-22 02:43:06,931 - [Process 2/5] - INFO - res.shape is :torch.Size([64])
2024-12-22 02:43:07,129 - [Process 2/5] - INFO - len(per_windows_prompt):2
2024-12-22 02:43:17,367 - [Process 2/5] - INFO - res.shape is :torch.Size([64])
2024-12-22 02:43:17,583 - [Process 2/5] - INFO - len(per_windows_prompt):2
2024-12-22 02:43:25,877 - [Process 2/5] - INFO - res.shape is :torch.Size([64])
2024-12-22 02:43:26,142 - [Process 2/5] - INFO - len(per_windows_prompt):2
2024-12-22 02:43:35,134 - [Process 2/5] - INFO - res.shape is :torch.Size([64])
2024-12-22 02:43:35,421 - [Process 2/5] - INFO - len(per_windows_prompt):2
2024-12-22 02:43:47,442 - [Process 2/5] - INFO - res.shape is :torch.Size([64])
2024-12-22 02:43:47,646 - [Process 2/5] - INFO - len(per_windows_prompt):2
2024-12-22 02:43:57,892 - [Process 2/5] - INFO - res.shape is :torch.Size([64])
2024-12-22 02:43:58,100 - [Process 2/5] - INFO - len(per_windows_prompt):2
2024-12-22 02:44:05,748 - [Process 2/5] - INFO - res.shape is :torch.Size([64])
2024-12-22 02:44:05,950 - [Process 2/5] - INFO - len(per_windows_prompt):2
2024-12-22 02:44:15,872 - [Process 2/5] - INFO - res.shape is :torch.Size([64])
2024-12-22 02:44:16,070 - [Process 2/5] - INFO - len(per_windows_prompt):2
2024-12-22 02:44:25,274 - [Process 2/5] - INFO - res.shape is :torch.Size([64])
2024-12-22 02:44:25,490 - [Process 2/5] - INFO - len(per_windows_prompt):2
2024-12-22 02:44:33,627 - [Process 2/5] - INFO - res.shape is :torch.Size([64])
2024-12-22 02:44:33,861 - [Process 2/5] - INFO - len(per_windows_prompt):2
2024-12-22 02:44:45,012 - [Process 2/5] - INFO - res.shape is :torch.Size([64])
2024-12-22 02:44:45,187 - [Process 2/5] - INFO - len(per_windows_prompt):2
2024-12-22 02:44:56,091 - [Process 2/5] - INFO - res.shape is :torch.Size([64])
2024-12-22 02:44:56,305 - [Process 2/5] - INFO - len(per_windows_prompt):2
2024-12-22 02:45:06,708 - [Process 2/5] - INFO - res.shape is :torch.Size([64])
2024-12-22 02:45:07,150 - [Process 2/5] - INFO - len(per_windows_prompt):2
2024-12-22 02:45:18,946 - [Process 2/5] - INFO - res.shape is :torch.Size([64])
2024-12-22 02:45:19,127 - [Process 2/5] - INFO - len(per_windows_prompt):2
2024-12-22 02:45:28,211 - [Process 2/5] - INFO - res.shape is :torch.Size([64])
2024-12-22 02:45:28,471 - [Process 2/5] - INFO - len(per_windows_prompt):2
2024-12-22 02:45:39,523 - [Process 2/5] - INFO - res.shape is :torch.Size([64])
2024-12-22 02:45:39,747 - [Process 2/5] - INFO - len(per_windows_prompt):2
2024-12-22 02:45:48,280 - [Process 2/5] - INFO - res.shape is :torch.Size([64])
2024-12-22 02:45:48,492 - [Process 2/5] - INFO - len(per_windows_prompt):2
2024-12-22 02:46:02,717 - [Process 2/5] - INFO - res.shape is :torch.Size([64])
2024-12-22 02:46:02,904 - [Process 2/5] - INFO - len(per_windows_prompt):2
2024-12-22 02:46:12,239 - [Process 2/5] - INFO - res.shape is :torch.Size([64])
2024-12-22 02:46:12,429 - [Process 2/5] - INFO - len(per_windows_prompt):2
2024-12-22 02:46:20,530 - [Process 2/5] - INFO - res.shape is :torch.Size([64])
2024-12-22 02:46:20,721 - [Process 2/5] - INFO - len(per_windows_prompt):2
2024-12-22 02:46:29,567 - [Process 2/5] - INFO - res.shape is :torch.Size([64])
2024-12-22 02:46:29,768 - [Process 2/5] - INFO - len(per_windows_prompt):2
2024-12-22 02:46:43,853 - [Process 2/5] - INFO - res.shape is :torch.Size([64])
2024-12-22 02:46:44,079 - [Process 2/5] - INFO - len(per_windows_prompt):2
2024-12-22 02:46:51,770 - [Process 2/5] - INFO - res.shape is :torch.Size([64])
2024-12-22 02:46:52,052 - [Process 2/5] - INFO - len(per_windows_prompt):2
2024-12-22 02:47:03,111 - [Process 2/5] - INFO - res.shape is :torch.Size([64])
