2024-12-22 03:37:31,709 - [Process 4/5] - INFO - loading datasets finished
2024-12-22 03:37:31,709 - [Process 4/5] - INFO - model_max_len: 3950
2024-12-22 03:37:31,709 - [Process 4/5] - INFO - output_max_len: 32
2024-12-22 03:37:31,804 - [Process 4/5] - INFO - Max Length is 17355
2024-12-22 03:37:31,804 - [Process 4/5] - INFO - Finish loading dataset
2024-12-22 03:37:31,805 - [Process 4/5] - INFO - get_predicted begin
2024-12-22 03:37:36,573 - [Process 4/5] - INFO - len(per_windows_prompt):2
2024-12-22 03:37:41,177 - [Process 4/5] - INFO - res.shape is :torch.Size([4])
2024-12-22 03:37:41,473 - [Process 4/5] - INFO - len(per_windows_prompt):2
2024-12-22 03:37:45,216 - [Process 4/5] - INFO - res.shape is :torch.Size([2])
2024-12-22 03:37:45,521 - [Process 4/5] - INFO - len(per_windows_prompt):2
2024-12-22 03:37:49,490 - [Process 4/5] - INFO - res.shape is :torch.Size([5])
2024-12-22 03:37:49,773 - [Process 4/5] - INFO - len(per_windows_prompt):2
2024-12-22 03:37:53,673 - [Process 4/5] - INFO - res.shape is :torch.Size([5])
2024-12-22 03:37:53,954 - [Process 4/5] - INFO - len(per_windows_prompt):2
2024-12-22 03:37:57,774 - [Process 4/5] - INFO - res.shape is :torch.Size([4])
2024-12-22 03:37:58,041 - [Process 4/5] - INFO - len(per_windows_prompt):2
2024-12-22 03:38:01,831 - [Process 4/5] - INFO - res.shape is :torch.Size([3])
2024-12-22 03:38:02,070 - [Process 4/5] - INFO - len(per_windows_prompt):2
2024-12-22 03:38:06,446 - [Process 4/5] - INFO - res.shape is :torch.Size([16])
2024-12-22 03:38:06,714 - [Process 4/5] - INFO - len(per_windows_prompt):2
2024-12-22 03:38:10,539 - [Process 4/5] - INFO - res.shape is :torch.Size([4])
2024-12-22 03:38:10,813 - [Process 4/5] - INFO - len(per_windows_prompt):2
2024-12-22 03:38:14,595 - [Process 4/5] - INFO - res.shape is :torch.Size([3])
2024-12-22 03:38:14,884 - [Process 4/5] - INFO - len(per_windows_prompt):2
2024-12-22 03:38:18,890 - [Process 4/5] - INFO - res.shape is :torch.Size([6])
2024-12-22 03:38:19,149 - [Process 4/5] - INFO - len(per_windows_prompt):2
2024-12-22 03:38:23,034 - [Process 4/5] - INFO - res.shape is :torch.Size([4])
2024-12-22 03:38:23,314 - [Process 4/5] - INFO - len(per_windows_prompt):2
2024-12-22 03:38:27,338 - [Process 4/5] - INFO - res.shape is :torch.Size([6])
2024-12-22 03:38:27,612 - [Process 4/5] - INFO - len(per_windows_prompt):2
2024-12-22 03:38:31,374 - [Process 4/5] - INFO - res.shape is :torch.Size([2])
2024-12-22 03:38:31,642 - [Process 4/5] - INFO - len(per_windows_prompt):2
2024-12-22 03:38:35,540 - [Process 4/5] - INFO - res.shape is :torch.Size([3])
2024-12-22 03:38:35,810 - [Process 4/5] - INFO - len(per_windows_prompt):2
2024-12-22 03:38:39,798 - [Process 4/5] - INFO - res.shape is :torch.Size([6])
2024-12-22 03:38:40,077 - [Process 4/5] - INFO - len(per_windows_prompt):2
2024-12-22 03:38:43,958 - [Process 4/5] - INFO - res.shape is :torch.Size([4])
2024-12-22 03:38:44,240 - [Process 4/5] - INFO - len(per_windows_prompt):2
2024-12-22 03:38:48,207 - [Process 4/5] - INFO - res.shape is :torch.Size([5])
2024-12-22 03:38:48,487 - [Process 4/5] - INFO - len(per_windows_prompt):2
2024-12-22 03:38:52,480 - [Process 4/5] - INFO - res.shape is :torch.Size([7])
2024-12-22 03:38:52,759 - [Process 4/5] - INFO - len(per_windows_prompt):2
2024-12-22 03:38:57,477 - [Process 4/5] - INFO - res.shape is :torch.Size([22])
2024-12-22 03:38:57,759 - [Process 4/5] - INFO - len(per_windows_prompt):2
2024-12-22 03:39:01,456 - [Process 4/5] - INFO - res.shape is :torch.Size([2])
2024-12-22 03:39:01,729 - [Process 4/5] - INFO - len(per_windows_prompt):2
2024-12-22 03:39:05,829 - [Process 4/5] - INFO - res.shape is :torch.Size([9])
2024-12-22 03:39:06,099 - [Process 4/5] - INFO - len(per_windows_prompt):2
2024-12-22 03:39:10,117 - [Process 4/5] - INFO - res.shape is :torch.Size([7])
2024-12-22 03:39:10,404 - [Process 4/5] - INFO - len(per_windows_prompt):2
2024-12-22 03:39:14,750 - [Process 4/5] - INFO - res.shape is :torch.Size([14])
2024-12-22 03:39:15,032 - [Process 4/5] - INFO - len(per_windows_prompt):2
2024-12-22 03:39:18,823 - [Process 4/5] - INFO - res.shape is :torch.Size([4])
2024-12-22 03:39:19,105 - [Process 4/5] - INFO - len(per_windows_prompt):2
2024-12-22 03:39:23,126 - [Process 4/5] - INFO - res.shape is :torch.Size([7])
2024-12-22 03:39:23,407 - [Process 4/5] - INFO - len(per_windows_prompt):2
2024-12-22 03:39:27,891 - [Process 4/5] - INFO - res.shape is :torch.Size([18])
2024-12-22 03:39:28,171 - [Process 4/5] - INFO - len(per_windows_prompt):2
2024-12-22 03:39:32,067 - [Process 4/5] - INFO - res.shape is :torch.Size([4])
2024-12-22 03:39:32,339 - [Process 4/5] - INFO - len(per_windows_prompt):2
2024-12-22 03:39:36,279 - [Process 4/5] - INFO - res.shape is :torch.Size([3])
2024-12-22 03:39:36,566 - [Process 4/5] - INFO - len(per_windows_prompt):2
2024-12-22 03:39:40,575 - [Process 4/5] - INFO - res.shape is :torch.Size([6])
2024-12-22 03:39:40,851 - [Process 4/5] - INFO - len(per_windows_prompt):2
2024-12-22 03:39:44,909 - [Process 4/5] - INFO - res.shape is :torch.Size([7])
2024-12-22 03:39:45,159 - [Process 4/5] - INFO - len(per_windows_prompt):2
2024-12-22 03:39:48,992 - [Process 4/5] - INFO - res.shape is :torch.Size([3])
2024-12-22 03:39:49,194 - [Process 4/5] - INFO - len(per_windows_prompt):2
2024-12-22 03:39:52,940 - [Process 4/5] - INFO - res.shape is :torch.Size([3])
2024-12-22 03:39:53,214 - [Process 4/5] - INFO - len(per_windows_prompt):2
2024-12-22 03:39:57,142 - [Process 4/5] - INFO - res.shape is :torch.Size([4])
2024-12-22 03:39:57,412 - [Process 4/5] - INFO - len(per_windows_prompt):2
2024-12-22 03:40:01,290 - [Process 4/5] - INFO - res.shape is :torch.Size([6])
2024-12-22 03:40:01,571 - [Process 4/5] - INFO - len(per_windows_prompt):2
2024-12-22 03:40:05,532 - [Process 4/5] - INFO - res.shape is :torch.Size([6])
2024-12-22 03:40:05,805 - [Process 4/5] - INFO - len(per_windows_prompt):2
2024-12-22 03:40:09,692 - [Process 4/5] - INFO - res.shape is :torch.Size([3])
2024-12-22 03:40:09,971 - [Process 4/5] - INFO - len(per_windows_prompt):2
2024-12-22 03:40:14,673 - [Process 4/5] - INFO - res.shape is :torch.Size([21])
2024-12-22 03:40:14,946 - [Process 4/5] - INFO - len(per_windows_prompt):2
2024-12-22 03:40:18,864 - [Process 4/5] - INFO - res.shape is :torch.Size([5])
2024-12-22 03:40:19,144 - [Process 4/5] - INFO - len(per_windows_prompt):2
2024-12-22 03:40:23,254 - [Process 4/5] - INFO - res.shape is :torch.Size([8])
2024-12-22 03:40:23,533 - [Process 4/5] - INFO - len(per_windows_prompt):2
2024-12-22 03:40:27,429 - [Process 4/5] - INFO - res.shape is :torch.Size([2])
