2024-12-22 12:28:13,094 - [Process 1/5] - INFO - loading datasets finished
2024-12-22 12:28:13,094 - [Process 1/5] - INFO - model_max_len: 3950
2024-12-22 12:28:13,094 - [Process 1/5] - INFO - output_max_len: 64
2024-12-22 12:28:13,095 - [Process 1/5] - INFO - parallel_pattern: every_window_no_query_input_query
2024-12-22 12:28:13,128 - [Process 1/5] - INFO - Max Length is 10029
2024-12-22 12:28:13,129 - [Process 1/5] - INFO - Finish loading dataset
2024-12-22 12:28:13,130 - [Process 1/5] - INFO - get_predicted begin
2024-12-22 12:28:17,892 - [Process 1/5] - INFO - len(per_windows_prompt):2
2024-12-22 12:28:24,127 - [Process 1/5] - INFO - res.shape is :torch.Size([64])
2024-12-22 12:28:24,313 - [Process 1/5] - INFO - len(per_windows_prompt):2
2024-12-22 12:28:30,716 - [Process 1/5] - INFO - res.shape is :torch.Size([64])
2024-12-22 12:28:30,900 - [Process 1/5] - INFO - len(per_windows_prompt):2
2024-12-22 12:28:37,324 - [Process 1/5] - INFO - res.shape is :torch.Size([64])
2024-12-22 12:28:37,479 - [Process 1/5] - INFO - len(per_windows_prompt):2
2024-12-22 12:28:43,026 - [Process 1/5] - INFO - res.shape is :torch.Size([64])
2024-12-22 12:28:43,263 - [Process 1/5] - INFO - len(per_windows_prompt):2
2024-12-22 12:28:49,697 - [Process 1/5] - INFO - res.shape is :torch.Size([64])
2024-12-22 12:28:49,853 - [Process 1/5] - INFO - len(per_windows_prompt):2
2024-12-22 12:28:55,696 - [Process 1/5] - INFO - res.shape is :torch.Size([64])
2024-12-22 12:28:55,826 - [Process 1/5] - INFO - len(per_windows_prompt):2
2024-12-22 12:29:01,085 - [Process 1/5] - INFO - res.shape is :torch.Size([64])
2024-12-22 12:29:01,269 - [Process 1/5] - INFO - len(per_windows_prompt):2
2024-12-22 12:29:07,501 - [Process 1/5] - INFO - res.shape is :torch.Size([64])
2024-12-22 12:29:07,596 - [Process 1/5] - INFO - len(per_windows_prompt):2
2024-12-22 12:29:12,246 - [Process 1/5] - INFO - res.shape is :torch.Size([64])
2024-12-22 12:29:12,389 - [Process 1/5] - INFO - len(per_windows_prompt):2
2024-12-22 12:29:18,142 - [Process 1/5] - INFO - res.shape is :torch.Size([64])
2024-12-22 12:29:18,293 - [Process 1/5] - INFO - len(per_windows_prompt):2
2024-12-22 12:29:24,445 - [Process 1/5] - INFO - res.shape is :torch.Size([64])
2024-12-22 12:29:24,629 - [Process 1/5] - INFO - len(per_windows_prompt):2
2024-12-22 12:29:30,748 - [Process 1/5] - INFO - res.shape is :torch.Size([64])
2024-12-22 12:29:30,922 - [Process 1/5] - INFO - len(per_windows_prompt):2
2024-12-22 12:29:37,281 - [Process 1/5] - INFO - res.shape is :torch.Size([64])
2024-12-22 12:29:37,460 - [Process 1/5] - INFO - len(per_windows_prompt):2
2024-12-22 12:29:43,469 - [Process 1/5] - INFO - res.shape is :torch.Size([64])
2024-12-22 12:29:43,627 - [Process 1/5] - INFO - len(per_windows_prompt):2
2024-12-22 12:29:49,300 - [Process 1/5] - INFO - res.shape is :torch.Size([64])
2024-12-22 12:29:49,383 - [Process 1/5] - INFO - len(per_windows_prompt):2
2024-12-22 12:29:53,496 - [Process 1/5] - INFO - res.shape is :torch.Size([64])
2024-12-22 12:29:53,617 - [Process 1/5] - INFO - len(per_windows_prompt):2
2024-12-22 12:29:58,409 - [Process 1/5] - INFO - res.shape is :torch.Size([64])
2024-12-22 12:29:58,582 - [Process 1/5] - INFO - len(per_windows_prompt):2
2024-12-22 12:30:04,936 - [Process 1/5] - INFO - res.shape is :torch.Size([64])
2024-12-22 12:30:05,017 - [Process 1/5] - INFO - len(per_windows_prompt):2
2024-12-22 12:30:09,099 - [Process 1/5] - INFO - res.shape is :torch.Size([64])
2024-12-22 12:30:09,328 - [Process 1/5] - INFO - len(per_windows_prompt):2
2024-12-22 12:30:15,844 - [Process 1/5] - INFO - res.shape is :torch.Size([64])
2024-12-22 12:30:15,943 - [Process 1/5] - INFO - len(per_windows_prompt):2
2024-12-22 12:30:20,288 - [Process 1/5] - INFO - res.shape is :torch.Size([64])
2024-12-22 12:30:20,445 - [Process 1/5] - INFO - len(per_windows_prompt):2
2024-12-22 12:30:26,387 - [Process 1/5] - INFO - res.shape is :torch.Size([64])
2024-12-22 12:30:26,537 - [Process 1/5] - INFO - len(per_windows_prompt):2
2024-12-22 12:30:32,389 - [Process 1/5] - INFO - res.shape is :torch.Size([64])
2024-12-22 12:30:32,569 - [Process 1/5] - INFO - len(per_windows_prompt):2
2024-12-22 12:30:38,981 - [Process 1/5] - INFO - res.shape is :torch.Size([64])
2024-12-22 12:30:39,111 - [Process 1/5] - INFO - len(per_windows_prompt):2
2024-12-22 12:30:44,576 - [Process 1/5] - INFO - res.shape is :torch.Size([64])
2024-12-22 12:30:44,790 - [Process 1/5] - INFO - len(per_windows_prompt):2
2024-12-22 12:30:51,200 - [Process 1/5] - INFO - res.shape is :torch.Size([64])
2024-12-22 12:30:51,321 - [Process 1/5] - INFO - len(per_windows_prompt):2
2024-12-22 12:30:55,938 - [Process 1/5] - INFO - res.shape is :torch.Size([64])
2024-12-22 12:30:56,135 - [Process 1/5] - INFO - len(per_windows_prompt):2
2024-12-22 12:30:59,919 - [Process 1/5] - INFO - res.shape is :torch.Size([6])
2024-12-22 12:31:00,023 - [Process 1/5] - INFO - len(per_windows_prompt):2
2024-12-22 12:31:04,828 - [Process 1/5] - INFO - res.shape is :torch.Size([64])
2024-12-22 12:31:04,930 - [Process 1/5] - INFO - len(per_windows_prompt):2
2024-12-22 12:31:09,647 - [Process 1/5] - INFO - res.shape is :torch.Size([64])
2024-12-22 12:31:09,771 - [Process 1/5] - INFO - len(per_windows_prompt):2
2024-12-22 12:31:15,217 - [Process 1/5] - INFO - res.shape is :torch.Size([64])
2024-12-22 12:31:15,319 - [Process 1/5] - INFO - len(per_windows_prompt):2
2024-12-22 12:31:20,279 - [Process 1/5] - INFO - res.shape is :torch.Size([64])
2024-12-22 12:31:20,471 - [Process 1/5] - INFO - len(per_windows_prompt):2
2024-12-22 12:31:26,976 - [Process 1/5] - INFO - res.shape is :torch.Size([64])
2024-12-22 12:31:27,061 - [Process 1/5] - INFO - len(per_windows_prompt):2
2024-12-22 12:31:31,233 - [Process 1/5] - INFO - res.shape is :torch.Size([64])
2024-12-22 12:31:31,334 - [Process 1/5] - INFO - len(per_windows_prompt):2
2024-12-22 12:31:35,627 - [Process 1/5] - INFO - res.shape is :torch.Size([64])
2024-12-22 12:31:35,800 - [Process 1/5] - INFO - len(per_windows_prompt):2
2024-12-22 12:31:40,731 - [Process 1/5] - INFO - res.shape is :torch.Size([29])
2024-12-22 12:31:40,828 - [Process 1/5] - INFO - len(per_windows_prompt):2
2024-12-22 12:31:45,621 - [Process 1/5] - INFO - res.shape is :torch.Size([64])
2024-12-22 12:31:45,718 - [Process 1/5] - INFO - len(per_windows_prompt):2
2024-12-22 12:31:50,230 - [Process 1/5] - INFO - res.shape is :torch.Size([64])
2024-12-22 12:31:50,422 - [Process 1/5] - INFO - len(per_windows_prompt):2
2024-12-22 12:31:56,775 - [Process 1/5] - INFO - res.shape is :torch.Size([64])
2024-12-22 12:31:56,953 - [Process 1/5] - INFO - len(per_windows_prompt):2
2024-12-22 12:32:03,227 - [Process 1/5] - INFO - res.shape is :torch.Size([64])
2024-12-22 12:32:03,311 - [Process 1/5] - INFO - len(per_windows_prompt):2
2024-12-22 12:32:07,457 - [Process 1/5] - INFO - res.shape is :torch.Size([64])
2024-12-22 12:32:07,576 - [Process 1/5] - INFO - len(per_windows_prompt):2
2024-12-22 12:32:12,368 - [Process 1/5] - INFO - res.shape is :torch.Size([64])
2024-12-22 12:32:12,481 - [Process 1/5] - INFO - len(per_windows_prompt):2
2024-12-22 12:32:17,229 - [Process 1/5] - INFO - res.shape is :torch.Size([64])
2024-12-22 12:32:17,428 - [Process 1/5] - INFO - len(per_windows_prompt):2
2024-12-22 12:32:23,768 - [Process 1/5] - INFO - res.shape is :torch.Size([64])
2024-12-22 12:32:23,964 - [Process 1/5] - INFO - len(per_windows_prompt):2
2024-12-22 12:32:30,362 - [Process 1/5] - INFO - res.shape is :torch.Size([64])
2024-12-22 12:32:30,478 - [Process 1/5] - INFO - len(per_windows_prompt):2
2024-12-22 12:32:35,080 - [Process 1/5] - INFO - res.shape is :torch.Size([64])
2024-12-22 12:32:35,178 - [Process 1/5] - INFO - len(per_windows_prompt):2
2024-12-22 12:32:39,903 - [Process 1/5] - INFO - res.shape is :torch.Size([64])
2024-12-22 12:32:40,033 - [Process 1/5] - INFO - len(per_windows_prompt):2
2024-12-22 12:32:45,577 - [Process 1/5] - INFO - res.shape is :torch.Size([64])
2024-12-22 12:32:45,692 - [Process 1/5] - INFO - len(per_windows_prompt):2
2024-12-22 12:32:50,387 - [Process 1/5] - INFO - res.shape is :torch.Size([64])
2024-12-22 12:32:50,502 - [Process 1/5] - INFO - len(per_windows_prompt):2
2024-12-22 12:32:55,243 - [Process 1/5] - INFO - res.shape is :torch.Size([64])
2024-12-22 12:32:55,438 - [Process 1/5] - INFO - len(per_windows_prompt):2
2024-12-22 12:33:01,784 - [Process 1/5] - INFO - res.shape is :torch.Size([64])
2024-12-22 12:33:01,975 - [Process 1/5] - INFO - len(per_windows_prompt):2
2024-12-22 12:33:08,398 - [Process 1/5] - INFO - res.shape is :torch.Size([64])
2024-12-22 12:33:08,519 - [Process 1/5] - INFO - len(per_windows_prompt):2
2024-12-22 12:33:13,868 - [Process 1/5] - INFO - res.shape is :torch.Size([64])
2024-12-22 12:33:13,965 - [Process 1/5] - INFO - len(per_windows_prompt):2
2024-12-22 12:33:18,727 - [Process 1/5] - INFO - res.shape is :torch.Size([64])
2024-12-22 12:33:18,873 - [Process 1/5] - INFO - len(per_windows_prompt):2
2024-12-22 12:33:24,568 - [Process 1/5] - INFO - res.shape is :torch.Size([64])
2024-12-22 12:33:24,672 - [Process 1/5] - INFO - len(per_windows_prompt):2
2024-12-22 12:33:29,306 - [Process 1/5] - INFO - res.shape is :torch.Size([64])
2024-12-22 12:33:29,414 - [Process 1/5] - INFO - len(per_windows_prompt):2
2024-12-22 12:33:34,172 - [Process 1/5] - INFO - res.shape is :torch.Size([64])
2024-12-22 12:33:34,376 - [Process 1/5] - INFO - len(per_windows_prompt):2
2024-12-22 12:33:40,709 - [Process 1/5] - INFO - res.shape is :torch.Size([64])
2024-12-22 12:33:40,827 - [Process 1/5] - INFO - len(per_windows_prompt):2
2024-12-22 12:33:45,373 - [Process 1/5] - INFO - res.shape is :torch.Size([64])
2024-12-22 12:33:45,551 - [Process 1/5] - INFO - len(per_windows_prompt):2
2024-12-22 12:33:51,863 - [Process 1/5] - INFO - res.shape is :torch.Size([64])
2024-12-22 12:33:52,051 - [Process 1/5] - INFO - len(per_windows_prompt):2
2024-12-22 12:33:58,395 - [Process 1/5] - INFO - res.shape is :torch.Size([64])
2024-12-22 12:33:58,541 - [Process 1/5] - INFO - len(per_windows_prompt):2
2024-12-22 12:34:04,242 - [Process 1/5] - INFO - res.shape is :torch.Size([64])
2024-12-22 12:34:04,460 - [Process 1/5] - INFO - len(per_windows_prompt):2
2024-12-22 12:34:10,898 - [Process 1/5] - INFO - res.shape is :torch.Size([64])
2024-12-22 12:34:11,093 - [Process 1/5] - INFO - len(per_windows_prompt):2
2024-12-22 12:34:17,523 - [Process 1/5] - INFO - res.shape is :torch.Size([64])
2024-12-22 12:34:17,707 - [Process 1/5] - INFO - len(per_windows_prompt):2
2024-12-22 12:34:24,312 - [Process 1/5] - INFO - res.shape is :torch.Size([64])
2024-12-22 12:34:24,408 - [Process 1/5] - INFO - len(per_windows_prompt):2
2024-12-22 12:34:28,959 - [Process 1/5] - INFO - res.shape is :torch.Size([64])
2024-12-22 12:34:29,132 - [Process 1/5] - INFO - len(per_windows_prompt):2
2024-12-22 12:34:35,272 - [Process 1/5] - INFO - res.shape is :torch.Size([64])
2024-12-22 12:34:35,400 - [Process 1/5] - INFO - len(per_windows_prompt):2
2024-12-22 12:34:40,535 - [Process 1/5] - INFO - res.shape is :torch.Size([64])
2024-12-22 12:34:40,685 - [Process 1/5] - INFO - len(per_windows_prompt):2
2024-12-22 12:34:46,083 - [Process 1/5] - INFO - res.shape is :torch.Size([64])
2024-12-22 12:34:46,265 - [Process 1/5] - INFO - len(per_windows_prompt):2
2024-12-22 12:34:52,584 - [Process 1/5] - INFO - res.shape is :torch.Size([64])
2024-12-22 12:34:52,753 - [Process 1/5] - INFO - len(per_windows_prompt):2
2024-12-22 12:34:58,602 - [Process 1/5] - INFO - res.shape is :torch.Size([64])
2024-12-22 12:34:58,766 - [Process 1/5] - INFO - len(per_windows_prompt):2
2024-12-22 12:35:04,718 - [Process 1/5] - INFO - res.shape is :torch.Size([64])
2024-12-22 12:35:04,912 - [Process 1/5] - INFO - len(per_windows_prompt):2
2024-12-22 12:35:11,388 - [Process 1/5] - INFO - res.shape is :torch.Size([64])
2024-12-22 12:35:11,572 - [Process 1/5] - INFO - len(per_windows_prompt):2
2024-12-22 12:35:17,850 - [Process 1/5] - INFO - res.shape is :torch.Size([64])
2024-12-22 12:35:17,965 - [Process 1/5] - INFO - len(per_windows_prompt):2
2024-12-22 12:35:23,046 - [Process 1/5] - INFO - res.shape is :torch.Size([64])
2024-12-22 12:35:23,151 - [Process 1/5] - INFO - len(per_windows_prompt):2
2024-12-22 12:35:28,092 - [Process 1/5] - INFO - res.shape is :torch.Size([64])
2024-12-22 12:35:28,263 - [Process 1/5] - INFO - len(per_windows_prompt):2
2024-12-22 12:35:34,178 - [Process 1/5] - INFO - res.shape is :torch.Size([64])
2024-12-22 12:35:34,278 - [Process 1/5] - INFO - len(per_windows_prompt):2
2024-12-22 12:35:39,136 - [Process 1/5] - INFO - res.shape is :torch.Size([64])
2024-12-22 12:35:39,356 - [Process 1/5] - INFO - len(per_windows_prompt):2
2024-12-22 12:35:45,931 - [Process 1/5] - INFO - res.shape is :torch.Size([64])
2024-12-22 12:35:46,101 - [Process 1/5] - INFO - len(per_windows_prompt):2
2024-12-22 12:35:52,486 - [Process 1/5] - INFO - res.shape is :torch.Size([64])
2024-12-22 12:35:52,640 - [Process 1/5] - INFO - len(per_windows_prompt):2
2024-12-22 12:35:58,439 - [Process 1/5] - INFO - res.shape is :torch.Size([64])
2024-12-22 12:35:58,558 - [Process 1/5] - INFO - len(per_windows_prompt):2
2024-12-22 12:36:03,834 - [Process 1/5] - INFO - res.shape is :torch.Size([64])
2024-12-22 12:36:03,938 - [Process 1/5] - INFO - len(per_windows_prompt):2
2024-12-22 12:36:08,889 - [Process 1/5] - INFO - res.shape is :torch.Size([64])
2024-12-22 12:36:09,014 - [Process 1/5] - INFO - len(per_windows_prompt):2
2024-12-22 12:36:14,113 - [Process 1/5] - INFO - res.shape is :torch.Size([64])
2024-12-22 12:36:14,254 - [Process 1/5] - INFO - len(per_windows_prompt):2
2024-12-22 12:36:19,600 - [Process 1/5] - INFO - res.shape is :torch.Size([64])
2024-12-22 12:36:19,683 - [Process 1/5] - INFO - len(per_windows_prompt):2
2024-12-22 12:36:22,621 - [Process 1/5] - INFO - res.shape is :torch.Size([36])
2024-12-22 12:36:22,808 - [Process 1/5] - INFO - len(per_windows_prompt):2
2024-12-22 12:36:29,384 - [Process 1/5] - INFO - res.shape is :torch.Size([64])
2024-12-22 12:36:29,529 - [Process 1/5] - INFO - len(per_windows_prompt):2
2024-12-22 12:36:34,956 - [Process 1/5] - INFO - res.shape is :torch.Size([64])
2024-12-22 12:36:35,145 - [Process 1/5] - INFO - len(per_windows_prompt):2
2024-12-22 12:36:41,487 - [Process 1/5] - INFO - res.shape is :torch.Size([64])
2024-12-22 12:36:41,673 - [Process 1/5] - INFO - len(per_windows_prompt):2
2024-12-22 12:36:48,275 - [Process 1/5] - INFO - res.shape is :torch.Size([64])
2024-12-22 12:36:48,369 - [Process 1/5] - INFO - len(per_windows_prompt):2
2024-12-22 12:36:52,742 - [Process 1/5] - INFO - res.shape is :torch.Size([64])
2024-12-22 12:36:52,851 - [Process 1/5] - INFO - len(per_windows_prompt):2
2024-12-22 12:36:57,587 - [Process 1/5] - INFO - res.shape is :torch.Size([64])
2024-12-22 12:36:57,795 - [Process 1/5] - INFO - len(per_windows_prompt):2
2024-12-22 12:37:04,215 - [Process 1/5] - INFO - res.shape is :torch.Size([64])
2024-12-22 12:37:04,315 - [Process 1/5] - INFO - len(per_windows_prompt):2
2024-12-22 12:37:08,797 - [Process 1/5] - INFO - res.shape is :torch.Size([64])
2024-12-22 12:37:08,909 - [Process 1/5] - INFO - len(per_windows_prompt):2
2024-12-22 12:37:13,606 - [Process 1/5] - INFO - res.shape is :torch.Size([64])
2024-12-22 12:37:13,698 - [Process 1/5] - INFO - len(per_windows_prompt):2
2024-12-22 12:37:18,246 - [Process 1/5] - INFO - res.shape is :torch.Size([64])
2024-12-22 12:37:18,358 - [Process 1/5] - INFO - len(per_windows_prompt):2
2024-12-22 12:37:23,499 - [Process 1/5] - INFO - res.shape is :torch.Size([64])
2024-12-22 12:37:23,613 - [Process 1/5] - INFO - len(per_windows_prompt):2
2024-12-22 12:37:28,329 - [Process 1/5] - INFO - res.shape is :torch.Size([64])
2024-12-22 12:37:28,509 - [Process 1/5] - INFO - len(per_windows_prompt):2
2024-12-22 12:37:34,864 - [Process 1/5] - INFO - res.shape is :torch.Size([64])
2024-12-22 12:37:35,034 - [Process 1/5] - INFO - len(per_windows_prompt):2
2024-12-22 12:37:41,135 - [Process 1/5] - INFO - res.shape is :torch.Size([64])
