2024-12-22 06:25:43,541 - [Process 3/5] - INFO - loading datasets finished
2024-12-22 06:25:43,541 - [Process 3/5] - INFO - model_max_len: 3950
2024-12-22 06:25:43,541 - [Process 3/5] - INFO - output_max_len: 64
2024-12-22 06:25:43,657 - [Process 3/5] - INFO - Max Length is 18754
2024-12-22 06:25:43,658 - [Process 3/5] - INFO - Finish loading dataset
2024-12-22 06:25:43,659 - [Process 3/5] - INFO - get_predicted begin
2024-12-22 06:25:48,389 - [Process 3/5] - INFO - len(per_windows_prompt):2
2024-12-22 06:25:57,868 - [Process 3/5] - INFO - res.shape is :torch.Size([64])
2024-12-22 06:25:58,060 - [Process 3/5] - INFO - len(per_windows_prompt):2
2024-12-22 06:26:06,198 - [Process 3/5] - INFO - res.shape is :torch.Size([64])
2024-12-22 06:26:06,497 - [Process 3/5] - INFO - len(per_windows_prompt):2
2024-12-22 06:26:13,937 - [Process 3/5] - INFO - res.shape is :torch.Size([64])
2024-12-22 06:26:14,159 - [Process 3/5] - INFO - len(per_windows_prompt):2
2024-12-22 06:26:21,680 - [Process 3/5] - INFO - res.shape is :torch.Size([64])
2024-12-22 06:26:21,909 - [Process 3/5] - INFO - len(per_windows_prompt):2
2024-12-22 06:26:29,659 - [Process 3/5] - INFO - res.shape is :torch.Size([64])
2024-12-22 06:26:29,904 - [Process 3/5] - INFO - len(per_windows_prompt):2
2024-12-22 06:26:37,869 - [Process 3/5] - INFO - res.shape is :torch.Size([64])
2024-12-22 06:26:38,031 - [Process 3/5] - INFO - len(per_windows_prompt):2
2024-12-22 06:26:46,181 - [Process 3/5] - INFO - res.shape is :torch.Size([64])
2024-12-22 06:26:46,408 - [Process 3/5] - INFO - len(per_windows_prompt):2
2024-12-22 06:26:55,660 - [Process 3/5] - INFO - res.shape is :torch.Size([64])
2024-12-22 06:26:55,772 - [Process 3/5] - INFO - len(per_windows_prompt):2
2024-12-22 06:27:03,105 - [Process 3/5] - INFO - res.shape is :torch.Size([64])
2024-12-22 06:27:03,302 - [Process 3/5] - INFO - len(per_windows_prompt):2
2024-12-22 06:27:11,587 - [Process 3/5] - INFO - res.shape is :torch.Size([64])
2024-12-22 06:27:11,725 - [Process 3/5] - INFO - len(per_windows_prompt):2
2024-12-22 06:27:18,501 - [Process 3/5] - INFO - res.shape is :torch.Size([64])
2024-12-22 06:27:18,724 - [Process 3/5] - INFO - len(per_windows_prompt):2
2024-12-22 06:27:26,260 - [Process 3/5] - INFO - res.shape is :torch.Size([64])
2024-12-22 06:27:26,394 - [Process 3/5] - INFO - len(per_windows_prompt):2
2024-12-22 06:27:34,250 - [Process 3/5] - INFO - res.shape is :torch.Size([64])
2024-12-22 06:27:34,352 - [Process 3/5] - INFO - len(per_windows_prompt):2
2024-12-22 06:27:41,194 - [Process 3/5] - INFO - res.shape is :torch.Size([64])
2024-12-22 06:27:41,350 - [Process 3/5] - INFO - len(per_windows_prompt):2
2024-12-22 06:27:48,344 - [Process 3/5] - INFO - res.shape is :torch.Size([64])
2024-12-22 06:27:48,467 - [Process 3/5] - INFO - len(per_windows_prompt):2
2024-12-22 06:27:56,721 - [Process 3/5] - INFO - res.shape is :torch.Size([64])
2024-12-22 06:27:56,849 - [Process 3/5] - INFO - len(per_windows_prompt):2
2024-12-22 06:28:03,677 - [Process 3/5] - INFO - res.shape is :torch.Size([64])
2024-12-22 06:28:03,847 - [Process 3/5] - INFO - len(per_windows_prompt):2
2024-12-22 06:28:11,029 - [Process 3/5] - INFO - res.shape is :torch.Size([64])
2024-12-22 06:28:11,209 - [Process 3/5] - INFO - len(per_windows_prompt):2
2024-12-22 06:28:20,224 - [Process 3/5] - INFO - res.shape is :torch.Size([64])
2024-12-22 06:28:20,400 - [Process 3/5] - INFO - len(per_windows_prompt):2
2024-12-22 06:28:28,569 - [Process 3/5] - INFO - res.shape is :torch.Size([64])
2024-12-22 06:28:28,737 - [Process 3/5] - INFO - len(per_windows_prompt):2
2024-12-22 06:28:36,743 - [Process 3/5] - INFO - res.shape is :torch.Size([64])
2024-12-22 06:28:36,929 - [Process 3/5] - INFO - len(per_windows_prompt):2
2024-12-22 06:28:45,487 - [Process 3/5] - INFO - res.shape is :torch.Size([64])
2024-12-22 06:28:45,640 - [Process 3/5] - INFO - len(per_windows_prompt):2
2024-12-22 06:28:54,031 - [Process 3/5] - INFO - res.shape is :torch.Size([64])
2024-12-22 06:28:54,131 - [Process 3/5] - INFO - len(per_windows_prompt):2
2024-12-22 06:29:06,123 - [Process 3/5] - INFO - res.shape is :torch.Size([64])
2024-12-22 06:29:06,233 - [Process 3/5] - INFO - len(per_windows_prompt):2
2024-12-22 06:29:20,151 - [Process 3/5] - INFO - res.shape is :torch.Size([64])
2024-12-22 06:29:20,266 - [Process 3/5] - INFO - len(per_windows_prompt):2
2024-12-22 06:29:27,149 - [Process 3/5] - INFO - res.shape is :torch.Size([64])
2024-12-22 06:29:27,311 - [Process 3/5] - INFO - len(per_windows_prompt):2
2024-12-22 06:29:35,836 - [Process 3/5] - INFO - res.shape is :torch.Size([64])
2024-12-22 06:29:35,965 - [Process 3/5] - INFO - len(per_windows_prompt):2
2024-12-22 06:29:43,428 - [Process 3/5] - INFO - res.shape is :torch.Size([64])
2024-12-22 06:29:43,551 - [Process 3/5] - INFO - len(per_windows_prompt):2
2024-12-22 06:29:51,608 - [Process 3/5] - INFO - res.shape is :torch.Size([64])
2024-12-22 06:29:51,714 - [Process 3/5] - INFO - len(per_windows_prompt):2
2024-12-22 06:29:59,606 - [Process 3/5] - INFO - res.shape is :torch.Size([64])
2024-12-22 06:29:59,730 - [Process 3/5] - INFO - len(per_windows_prompt):2
2024-12-22 06:30:08,135 - [Process 3/5] - INFO - res.shape is :torch.Size([64])
2024-12-22 06:30:08,241 - [Process 3/5] - INFO - len(per_windows_prompt):2
2024-12-22 06:30:16,395 - [Process 3/5] - INFO - res.shape is :torch.Size([64])
2024-12-22 06:30:16,523 - [Process 3/5] - INFO - len(per_windows_prompt):2
2024-12-22 06:30:23,504 - [Process 3/5] - INFO - res.shape is :torch.Size([43])
2024-12-22 06:30:23,626 - [Process 3/5] - INFO - len(per_windows_prompt):2
2024-12-22 06:30:31,821 - [Process 3/5] - INFO - res.shape is :torch.Size([64])
2024-12-22 06:30:31,956 - [Process 3/5] - INFO - len(per_windows_prompt):2
2024-12-22 06:30:38,854 - [Process 3/5] - INFO - res.shape is :torch.Size([64])
2024-12-22 06:30:39,020 - [Process 3/5] - INFO - len(per_windows_prompt):2
2024-12-22 06:30:47,502 - [Process 3/5] - INFO - res.shape is :torch.Size([64])
2024-12-22 06:30:47,579 - [Process 3/5] - INFO - len(per_windows_prompt):2
2024-12-22 06:30:55,098 - [Process 3/5] - INFO - res.shape is :torch.Size([64])
2024-12-22 06:30:55,238 - [Process 3/5] - INFO - len(per_windows_prompt):2
2024-12-22 06:31:03,708 - [Process 3/5] - INFO - res.shape is :torch.Size([64])
2024-12-22 06:31:03,829 - [Process 3/5] - INFO - len(per_windows_prompt):2
2024-12-22 06:31:12,045 - [Process 3/5] - INFO - res.shape is :torch.Size([64])
2024-12-22 06:31:12,188 - [Process 3/5] - INFO - len(per_windows_prompt):2
2024-12-22 06:31:19,073 - [Process 3/5] - INFO - res.shape is :torch.Size([64])
2024-12-22 06:31:19,210 - [Process 3/5] - INFO - len(per_windows_prompt):2
2024-12-22 06:31:27,406 - [Process 3/5] - INFO - res.shape is :torch.Size([64])
2024-12-22 06:31:27,523 - [Process 3/5] - INFO - len(per_windows_prompt):2
2024-12-22 06:31:35,416 - [Process 3/5] - INFO - res.shape is :torch.Size([64])
2024-12-22 06:31:35,524 - [Process 3/5] - INFO - len(per_windows_prompt):2
2024-12-22 06:31:42,180 - [Process 3/5] - INFO - res.shape is :torch.Size([64])
2024-12-22 06:31:42,302 - [Process 3/5] - INFO - len(per_windows_prompt):2
2024-12-22 06:31:48,911 - [Process 3/5] - INFO - res.shape is :torch.Size([47])
2024-12-22 06:31:49,075 - [Process 3/5] - INFO - len(per_windows_prompt):2
2024-12-22 06:31:59,147 - [Process 3/5] - INFO - res.shape is :torch.Size([64])
2024-12-22 06:31:59,283 - [Process 3/5] - INFO - len(per_windows_prompt):2
2024-12-22 06:32:06,667 - [Process 3/5] - INFO - res.shape is :torch.Size([64])
2024-12-22 06:32:06,811 - [Process 3/5] - INFO - len(per_windows_prompt):2
2024-12-22 06:32:13,157 - [Process 3/5] - INFO - res.shape is :torch.Size([27])
2024-12-22 06:32:13,265 - [Process 3/5] - INFO - len(per_windows_prompt):2
2024-12-22 06:32:21,267 - [Process 3/5] - INFO - res.shape is :torch.Size([64])
2024-12-22 06:32:21,441 - [Process 3/5] - INFO - len(per_windows_prompt):2
2024-12-22 06:32:29,047 - [Process 3/5] - INFO - res.shape is :torch.Size([64])
2024-12-22 06:32:29,277 - [Process 3/5] - INFO - len(per_windows_prompt):2
2024-12-22 06:32:38,984 - [Process 3/5] - INFO - res.shape is :torch.Size([64])
2024-12-22 06:32:39,149 - [Process 3/5] - INFO - len(per_windows_prompt):2
2024-12-22 06:32:47,092 - [Process 3/5] - INFO - res.shape is :torch.Size([64])
2024-12-22 06:32:47,333 - [Process 3/5] - INFO - len(per_windows_prompt):2
2024-12-22 06:32:56,552 - [Process 3/5] - INFO - res.shape is :torch.Size([64])
2024-12-22 06:32:56,684 - [Process 3/5] - INFO - len(per_windows_prompt):2
2024-12-22 06:33:04,766 - [Process 3/5] - INFO - res.shape is :torch.Size([64])
2024-12-22 06:33:04,926 - [Process 3/5] - INFO - len(per_windows_prompt):2
2024-12-22 06:33:13,227 - [Process 3/5] - INFO - res.shape is :torch.Size([64])
2024-12-22 06:33:13,435 - [Process 3/5] - INFO - len(per_windows_prompt):2
2024-12-22 06:33:22,272 - [Process 3/5] - INFO - res.shape is :torch.Size([64])
2024-12-22 06:33:22,390 - [Process 3/5] - INFO - len(per_windows_prompt):2
2024-12-22 06:33:30,528 - [Process 3/5] - INFO - res.shape is :torch.Size([64])
2024-12-22 06:33:30,635 - [Process 3/5] - INFO - len(per_windows_prompt):2
2024-12-22 06:33:38,550 - [Process 3/5] - INFO - res.shape is :torch.Size([64])
2024-12-22 06:33:38,676 - [Process 3/5] - INFO - len(per_windows_prompt):2
2024-12-22 06:33:45,893 - [Process 3/5] - INFO - res.shape is :torch.Size([64])
2024-12-22 06:33:46,058 - [Process 3/5] - INFO - len(per_windows_prompt):2
2024-12-22 06:33:54,921 - [Process 3/5] - INFO - res.shape is :torch.Size([64])
2024-12-22 06:33:55,027 - [Process 3/5] - INFO - len(per_windows_prompt):2
2024-12-22 06:34:02,247 - [Process 3/5] - INFO - res.shape is :torch.Size([64])
2024-12-22 06:34:02,364 - [Process 3/5] - INFO - len(per_windows_prompt):2
2024-12-22 06:34:09,366 - [Process 3/5] - INFO - res.shape is :torch.Size([64])
2024-12-22 06:34:09,477 - [Process 3/5] - INFO - len(per_windows_prompt):2
2024-12-22 06:34:18,084 - [Process 3/5] - INFO - res.shape is :torch.Size([64])
2024-12-22 06:34:18,168 - [Process 3/5] - INFO - len(per_windows_prompt):2
2024-12-22 06:34:24,514 - [Process 3/5] - INFO - res.shape is :torch.Size([64])
2024-12-22 06:34:24,623 - [Process 3/5] - INFO - len(per_windows_prompt):2
2024-12-22 06:34:32,592 - [Process 3/5] - INFO - res.shape is :torch.Size([64])
2024-12-22 06:34:32,710 - [Process 3/5] - INFO - len(per_windows_prompt):2
2024-12-22 06:34:43,665 - [Process 3/5] - INFO - res.shape is :torch.Size([64])
2024-12-22 06:34:43,872 - [Process 3/5] - INFO - len(per_windows_prompt):2
2024-12-22 06:34:53,037 - [Process 3/5] - INFO - res.shape is :torch.Size([64])
2024-12-22 06:34:53,203 - [Process 3/5] - INFO - len(per_windows_prompt):2
2024-12-22 06:35:00,996 - [Process 3/5] - INFO - res.shape is :torch.Size([64])
2024-12-22 06:35:01,103 - [Process 3/5] - INFO - len(per_windows_prompt):2
2024-12-22 06:35:08,796 - [Process 3/5] - INFO - res.shape is :torch.Size([64])
2024-12-22 06:35:08,917 - [Process 3/5] - INFO - len(per_windows_prompt):2
2024-12-22 06:35:18,627 - [Process 3/5] - INFO - res.shape is :torch.Size([64])
2024-12-22 06:35:18,797 - [Process 3/5] - INFO - len(per_windows_prompt):2
2024-12-22 06:35:26,343 - [Process 3/5] - INFO - res.shape is :torch.Size([64])
2024-12-22 06:35:26,553 - [Process 3/5] - INFO - len(per_windows_prompt):2
2024-12-22 06:35:35,431 - [Process 3/5] - INFO - res.shape is :torch.Size([64])
2024-12-22 06:35:35,541 - [Process 3/5] - INFO - len(per_windows_prompt):2
2024-12-22 06:35:44,052 - [Process 3/5] - INFO - res.shape is :torch.Size([64])
2024-12-22 06:35:44,248 - [Process 3/5] - INFO - len(per_windows_prompt):2
2024-12-22 06:35:52,881 - [Process 3/5] - INFO - res.shape is :torch.Size([64])
2024-12-22 06:35:53,016 - [Process 3/5] - INFO - len(per_windows_prompt):2
2024-12-22 06:36:00,816 - [Process 3/5] - INFO - res.shape is :torch.Size([56])
2024-12-22 06:36:01,054 - [Process 3/5] - INFO - len(per_windows_prompt):2
2024-12-22 06:36:10,595 - [Process 3/5] - INFO - res.shape is :torch.Size([64])
2024-12-22 06:36:10,703 - [Process 3/5] - INFO - len(per_windows_prompt):2
2024-12-22 06:36:19,558 - [Process 3/5] - INFO - res.shape is :torch.Size([64])
2024-12-22 06:36:19,668 - [Process 3/5] - INFO - len(per_windows_prompt):2
2024-12-22 06:36:26,960 - [Process 3/5] - INFO - res.shape is :torch.Size([60])
2024-12-22 06:36:27,101 - [Process 3/5] - INFO - len(per_windows_prompt):2
2024-12-22 06:36:35,573 - [Process 3/5] - INFO - res.shape is :torch.Size([64])
2024-12-22 06:36:35,656 - [Process 3/5] - INFO - len(per_windows_prompt):2
2024-12-22 06:36:41,865 - [Process 3/5] - INFO - res.shape is :torch.Size([64])
2024-12-22 06:36:42,000 - [Process 3/5] - INFO - len(per_windows_prompt):2
2024-12-22 06:36:51,186 - [Process 3/5] - INFO - res.shape is :torch.Size([64])
2024-12-22 06:36:51,363 - [Process 3/5] - INFO - len(per_windows_prompt):2
2024-12-22 06:36:59,572 - [Process 3/5] - INFO - res.shape is :torch.Size([64])
2024-12-22 06:36:59,737 - [Process 3/5] - INFO - len(per_windows_prompt):2
2024-12-22 06:37:08,214 - [Process 3/5] - INFO - res.shape is :torch.Size([64])
2024-12-22 06:37:08,323 - [Process 3/5] - INFO - len(per_windows_prompt):2
2024-12-22 06:37:15,130 - [Process 3/5] - INFO - res.shape is :torch.Size([64])
2024-12-22 06:37:15,257 - [Process 3/5] - INFO - len(per_windows_prompt):2
2024-12-22 06:37:23,353 - [Process 3/5] - INFO - res.shape is :torch.Size([64])
2024-12-22 06:37:23,491 - [Process 3/5] - INFO - len(per_windows_prompt):2
2024-12-22 06:37:31,959 - [Process 3/5] - INFO - res.shape is :torch.Size([64])
2024-12-22 06:37:32,093 - [Process 3/5] - INFO - len(per_windows_prompt):2
2024-12-22 06:37:39,822 - [Process 3/5] - INFO - res.shape is :torch.Size([64])
2024-12-22 06:37:39,952 - [Process 3/5] - INFO - len(per_windows_prompt):2
2024-12-22 06:37:47,881 - [Process 3/5] - INFO - res.shape is :torch.Size([64])
2024-12-22 06:37:48,031 - [Process 3/5] - INFO - len(per_windows_prompt):2
2024-12-22 06:37:56,688 - [Process 3/5] - INFO - res.shape is :torch.Size([64])
2024-12-22 06:37:56,797 - [Process 3/5] - INFO - len(per_windows_prompt):2
2024-12-22 06:38:05,867 - [Process 3/5] - INFO - res.shape is :torch.Size([64])
2024-12-22 06:38:06,050 - [Process 3/5] - INFO - len(per_windows_prompt):2
2024-12-22 06:38:14,267 - [Process 3/5] - INFO - res.shape is :torch.Size([64])
2024-12-22 06:38:14,417 - [Process 3/5] - INFO - len(per_windows_prompt):2
2024-12-22 06:38:22,496 - [Process 3/5] - INFO - res.shape is :torch.Size([64])
2024-12-22 06:38:22,626 - [Process 3/5] - INFO - len(per_windows_prompt):2
2024-12-22 06:38:29,953 - [Process 3/5] - INFO - res.shape is :torch.Size([64])
2024-12-22 06:38:30,060 - [Process 3/5] - INFO - len(per_windows_prompt):2
2024-12-22 06:38:36,948 - [Process 3/5] - INFO - res.shape is :torch.Size([64])
2024-12-22 06:38:37,088 - [Process 3/5] - INFO - len(per_windows_prompt):2
2024-12-22 06:38:44,995 - [Process 3/5] - INFO - res.shape is :torch.Size([64])
2024-12-22 06:38:45,138 - [Process 3/5] - INFO - len(per_windows_prompt):2
2024-12-22 06:38:53,360 - [Process 3/5] - INFO - res.shape is :torch.Size([64])
2024-12-22 06:38:53,477 - [Process 3/5] - INFO - len(per_windows_prompt):2
2024-12-22 06:39:00,367 - [Process 3/5] - INFO - res.shape is :torch.Size([64])
2024-12-22 06:39:00,492 - [Process 3/5] - INFO - len(per_windows_prompt):2
2024-12-22 06:39:07,771 - [Process 3/5] - INFO - res.shape is :torch.Size([64])
2024-12-22 06:39:07,919 - [Process 3/5] - INFO - len(per_windows_prompt):2
2024-12-22 06:39:14,706 - [Process 3/5] - INFO - res.shape is :torch.Size([64])
2024-12-22 06:39:14,825 - [Process 3/5] - INFO - len(per_windows_prompt):2
2024-12-22 06:39:24,475 - [Process 3/5] - INFO - res.shape is :torch.Size([64])
2024-12-22 06:39:24,589 - [Process 3/5] - INFO - len(per_windows_prompt):2
2024-12-22 06:39:31,234 - [Process 3/5] - INFO - res.shape is :torch.Size([64])
