2024-12-22 03:49:11,280 - [Process 4/5] - INFO - loading datasets finished
2024-12-22 03:49:11,281 - [Process 4/5] - INFO - model_max_len: 3950
2024-12-22 03:49:11,281 - [Process 4/5] - INFO - output_max_len: 32
2024-12-22 03:49:11,324 - [Process 4/5] - INFO - Max Length is 16633
2024-12-22 03:49:11,325 - [Process 4/5] - INFO - Finish loading dataset
2024-12-22 03:49:11,325 - [Process 4/5] - INFO - get_predicted begin
2024-12-22 03:49:16,076 - [Process 4/5] - INFO - len(per_windows_prompt):2
2024-12-22 03:49:21,253 - [Process 4/5] - INFO - res.shape is :torch.Size([3])
2024-12-22 03:49:21,413 - [Process 4/5] - INFO - len(per_windows_prompt):2
2024-12-22 03:49:26,923 - [Process 4/5] - INFO - res.shape is :torch.Size([32])
2024-12-22 03:49:27,059 - [Process 4/5] - INFO - len(per_windows_prompt):2
2024-12-22 03:49:31,477 - [Process 4/5] - INFO - res.shape is :torch.Size([7])
2024-12-22 03:49:31,618 - [Process 4/5] - INFO - len(per_windows_prompt):2
2024-12-22 03:49:37,150 - [Process 4/5] - INFO - res.shape is :torch.Size([32])
2024-12-22 03:49:37,196 - [Process 4/5] - INFO - len(per_windows_prompt):2
2024-12-22 03:49:40,402 - [Process 4/5] - INFO - res.shape is :torch.Size([28])
2024-12-22 03:49:40,510 - [Process 4/5] - INFO - len(per_windows_prompt):2
2024-12-22 03:49:44,919 - [Process 4/5] - INFO - res.shape is :torch.Size([3])
2024-12-22 03:49:45,002 - [Process 4/5] - INFO - len(per_windows_prompt):2
2024-12-22 03:49:49,374 - [Process 4/5] - INFO - res.shape is :torch.Size([32])
2024-12-22 03:49:49,549 - [Process 4/5] - INFO - len(per_windows_prompt):2
2024-12-22 03:49:55,076 - [Process 4/5] - INFO - res.shape is :torch.Size([5])
2024-12-22 03:49:55,268 - [Process 4/5] - INFO - len(per_windows_prompt):2
2024-12-22 03:49:59,686 - [Process 4/5] - INFO - res.shape is :torch.Size([4])
2024-12-22 03:49:59,755 - [Process 4/5] - INFO - len(per_windows_prompt):2
2024-12-22 03:50:04,214 - [Process 4/5] - INFO - res.shape is :torch.Size([32])
2024-12-22 03:50:04,364 - [Process 4/5] - INFO - len(per_windows_prompt):2
2024-12-22 03:50:10,338 - [Process 4/5] - INFO - res.shape is :torch.Size([32])
2024-12-22 03:50:10,520 - [Process 4/5] - INFO - len(per_windows_prompt):2
2024-12-22 03:50:14,981 - [Process 4/5] - INFO - res.shape is :torch.Size([6])
2024-12-22 03:50:15,148 - [Process 4/5] - INFO - len(per_windows_prompt):2
2024-12-22 03:50:22,906 - [Process 4/5] - INFO - res.shape is :torch.Size([32])
2024-12-22 03:50:23,049 - [Process 4/5] - INFO - len(per_windows_prompt):2
2024-12-22 03:50:27,660 - [Process 4/5] - INFO - res.shape is :torch.Size([3])
2024-12-22 03:50:27,784 - [Process 4/5] - INFO - len(per_windows_prompt):2
2024-12-22 03:50:34,602 - [Process 4/5] - INFO - res.shape is :torch.Size([32])
2024-12-22 03:50:34,781 - [Process 4/5] - INFO - len(per_windows_prompt):2
2024-12-22 03:50:39,301 - [Process 4/5] - INFO - res.shape is :torch.Size([4])
2024-12-22 03:50:39,445 - [Process 4/5] - INFO - len(per_windows_prompt):2
2024-12-22 03:50:43,964 - [Process 4/5] - INFO - res.shape is :torch.Size([6])
2024-12-22 03:50:44,113 - [Process 4/5] - INFO - len(per_windows_prompt):2
2024-12-22 03:50:49,120 - [Process 4/5] - INFO - res.shape is :torch.Size([15])
2024-12-22 03:50:49,183 - [Process 4/5] - INFO - len(per_windows_prompt):2
2024-12-22 03:50:53,710 - [Process 4/5] - INFO - res.shape is :torch.Size([32])
2024-12-22 03:50:53,854 - [Process 4/5] - INFO - len(per_windows_prompt):2
2024-12-22 03:50:57,857 - [Process 4/5] - INFO - res.shape is :torch.Size([3])
2024-12-22 03:50:58,013 - [Process 4/5] - INFO - len(per_windows_prompt):2
2024-12-22 03:51:01,955 - [Process 4/5] - INFO - res.shape is :torch.Size([4])
2024-12-22 03:51:02,086 - [Process 4/5] - INFO - len(per_windows_prompt):2
2024-12-22 03:51:07,667 - [Process 4/5] - INFO - res.shape is :torch.Size([7])
2024-12-22 03:51:07,790 - [Process 4/5] - INFO - len(per_windows_prompt):2
2024-12-22 03:51:14,388 - [Process 4/5] - INFO - res.shape is :torch.Size([32])
2024-12-22 03:51:14,506 - [Process 4/5] - INFO - len(per_windows_prompt):2
2024-12-22 03:51:18,884 - [Process 4/5] - INFO - res.shape is :torch.Size([5])
2024-12-22 03:51:19,015 - [Process 4/5] - INFO - len(per_windows_prompt):2
2024-12-22 03:51:24,484 - [Process 4/5] - INFO - res.shape is :torch.Size([32])
2024-12-22 03:51:24,634 - [Process 4/5] - INFO - len(per_windows_prompt):2
2024-12-22 03:51:28,798 - [Process 4/5] - INFO - res.shape is :torch.Size([4])
2024-12-22 03:51:28,892 - [Process 4/5] - INFO - len(per_windows_prompt):2
2024-12-22 03:51:33,020 - [Process 4/5] - INFO - res.shape is :torch.Size([3])
2024-12-22 03:51:33,208 - [Process 4/5] - INFO - len(per_windows_prompt):2
2024-12-22 03:51:39,064 - [Process 4/5] - INFO - res.shape is :torch.Size([4])
2024-12-22 03:51:39,181 - [Process 4/5] - INFO - len(per_windows_prompt):2
2024-12-22 03:51:44,896 - [Process 4/5] - INFO - res.shape is :torch.Size([13])
2024-12-22 03:51:45,074 - [Process 4/5] - INFO - len(per_windows_prompt):2
2024-12-22 03:51:49,297 - [Process 4/5] - INFO - res.shape is :torch.Size([3])
2024-12-22 03:51:49,423 - [Process 4/5] - INFO - len(per_windows_prompt):2
2024-12-22 03:51:55,476 - [Process 4/5] - INFO - res.shape is :torch.Size([32])
2024-12-22 03:51:55,604 - [Process 4/5] - INFO - len(per_windows_prompt):2
2024-12-22 03:52:02,103 - [Process 4/5] - INFO - res.shape is :torch.Size([32])
2024-12-22 03:52:02,255 - [Process 4/5] - INFO - len(per_windows_prompt):2
2024-12-22 03:52:08,801 - [Process 4/5] - INFO - res.shape is :torch.Size([32])
2024-12-22 03:52:08,879 - [Process 4/5] - INFO - len(per_windows_prompt):2
2024-12-22 03:52:13,119 - [Process 4/5] - INFO - res.shape is :torch.Size([32])
2024-12-22 03:52:13,283 - [Process 4/5] - INFO - len(per_windows_prompt):2
2024-12-22 03:52:17,790 - [Process 4/5] - INFO - res.shape is :torch.Size([5])
2024-12-22 03:52:17,941 - [Process 4/5] - INFO - len(per_windows_prompt):2
2024-12-22 03:52:21,995 - [Process 4/5] - INFO - res.shape is :torch.Size([5])
2024-12-22 03:52:22,149 - [Process 4/5] - INFO - len(per_windows_prompt):2
2024-12-22 03:52:28,940 - [Process 4/5] - INFO - res.shape is :torch.Size([32])
2024-12-22 03:52:29,076 - [Process 4/5] - INFO - len(per_windows_prompt):2
2024-12-22 03:52:35,100 - [Process 4/5] - INFO - res.shape is :torch.Size([32])
2024-12-22 03:52:35,272 - [Process 4/5] - INFO - len(per_windows_prompt):2
2024-12-22 03:52:39,362 - [Process 4/5] - INFO - res.shape is :torch.Size([3])
2024-12-22 03:52:39,446 - [Process 4/5] - INFO - len(per_windows_prompt):2
2024-12-22 03:52:42,877 - [Process 4/5] - INFO - res.shape is :torch.Size([4])
