2024-12-22 04:05:11,543 - [Process 4/5] - INFO - loading datasets finished
2024-12-22 04:05:11,543 - [Process 4/5] - INFO - model_max_len: 3950
2024-12-22 04:05:11,543 - [Process 4/5] - INFO - output_max_len: 512
2024-12-22 04:05:11,593 - [Process 4/5] - INFO - Max Length is 24585
2024-12-22 04:05:11,593 - [Process 4/5] - INFO - Finish loading dataset
2024-12-22 04:05:11,593 - [Process 4/5] - INFO - get_predicted begin
2024-12-22 04:05:16,407 - [Process 4/5] - INFO - len(per_windows_prompt):2
2024-12-22 04:05:28,242 - [Process 4/5] - INFO - res.shape is :torch.Size([167])
2024-12-22 04:05:28,509 - [Process 4/5] - INFO - len(per_windows_prompt):2
2024-12-22 04:05:34,027 - [Process 4/5] - INFO - res.shape is :torch.Size([43])
2024-12-22 04:05:34,249 - [Process 4/5] - INFO - len(per_windows_prompt):2
2024-12-22 04:05:41,758 - [Process 4/5] - INFO - res.shape is :torch.Size([86])
2024-12-22 04:05:41,955 - [Process 4/5] - INFO - len(per_windows_prompt):2
2024-12-22 04:05:47,815 - [Process 4/5] - INFO - res.shape is :torch.Size([47])
2024-12-22 04:05:48,016 - [Process 4/5] - INFO - len(per_windows_prompt):2
2024-12-22 04:05:57,568 - [Process 4/5] - INFO - res.shape is :torch.Size([132])
2024-12-22 04:05:57,766 - [Process 4/5] - INFO - len(per_windows_prompt):2
2024-12-22 04:06:03,337 - [Process 4/5] - INFO - res.shape is :torch.Size([44])
2024-12-22 04:06:03,699 - [Process 4/5] - INFO - len(per_windows_prompt):2
2024-12-22 04:06:11,316 - [Process 4/5] - INFO - res.shape is :torch.Size([93])
2024-12-22 04:06:11,527 - [Process 4/5] - INFO - len(per_windows_prompt):2
2024-12-22 04:06:17,733 - [Process 4/5] - INFO - res.shape is :torch.Size([59])
2024-12-22 04:06:17,996 - [Process 4/5] - INFO - len(per_windows_prompt):2
2024-12-22 04:06:23,687 - [Process 4/5] - INFO - res.shape is :torch.Size([45])
2024-12-22 04:06:23,971 - [Process 4/5] - INFO - len(per_windows_prompt):2
2024-12-22 04:06:29,773 - [Process 4/5] - INFO - res.shape is :torch.Size([48])
2024-12-22 04:06:30,032 - [Process 4/5] - INFO - len(per_windows_prompt):2
2024-12-22 04:06:35,350 - [Process 4/5] - INFO - res.shape is :torch.Size([38])
2024-12-22 04:06:35,649 - [Process 4/5] - INFO - len(per_windows_prompt):2
2024-12-22 04:06:42,779 - [Process 4/5] - INFO - res.shape is :torch.Size([78])
2024-12-22 04:06:43,177 - [Process 4/5] - INFO - len(per_windows_prompt):2
2024-12-22 04:06:50,959 - [Process 4/5] - INFO - res.shape is :torch.Size([95])
2024-12-22 04:06:51,202 - [Process 4/5] - INFO - len(per_windows_prompt):2
2024-12-22 04:06:59,294 - [Process 4/5] - INFO - res.shape is :torch.Size([98])
2024-12-22 04:06:59,505 - [Process 4/5] - INFO - len(per_windows_prompt):2
2024-12-22 04:07:05,473 - [Process 4/5] - INFO - res.shape is :torch.Size([52])
2024-12-22 04:07:05,729 - [Process 4/5] - INFO - len(per_windows_prompt):2
2024-12-22 04:07:15,248 - [Process 4/5] - INFO - res.shape is :torch.Size([133])
2024-12-22 04:07:15,517 - [Process 4/5] - INFO - len(per_windows_prompt):2
2024-12-22 04:07:21,235 - [Process 4/5] - INFO - res.shape is :torch.Size([45])
2024-12-22 04:07:21,450 - [Process 4/5] - INFO - len(per_windows_prompt):2
2024-12-22 04:07:27,783 - [Process 4/5] - INFO - res.shape is :torch.Size([61])
2024-12-22 04:07:28,058 - [Process 4/5] - INFO - len(per_windows_prompt):2
2024-12-22 04:07:35,210 - [Process 4/5] - INFO - res.shape is :torch.Size([76])
2024-12-22 04:07:35,467 - [Process 4/5] - INFO - len(per_windows_prompt):2
2024-12-22 04:07:42,705 - [Process 4/5] - INFO - res.shape is :torch.Size([79])
2024-12-22 04:07:42,974 - [Process 4/5] - INFO - len(per_windows_prompt):2
2024-12-22 04:07:50,130 - [Process 4/5] - INFO - res.shape is :torch.Size([80])
2024-12-22 04:07:50,364 - [Process 4/5] - INFO - len(per_windows_prompt):2
2024-12-22 04:07:56,365 - [Process 4/5] - INFO - res.shape is :torch.Size([54])
2024-12-22 04:07:56,723 - [Process 4/5] - INFO - len(per_windows_prompt):2
2024-12-22 04:08:05,927 - [Process 4/5] - INFO - res.shape is :torch.Size([127])
2024-12-22 04:08:06,172 - [Process 4/5] - INFO - len(per_windows_prompt):2
2024-12-22 04:08:11,737 - [Process 4/5] - INFO - res.shape is :torch.Size([42])
2024-12-22 04:08:12,001 - [Process 4/5] - INFO - len(per_windows_prompt):2
2024-12-22 04:08:18,834 - [Process 4/5] - INFO - res.shape is :torch.Size([69])
2024-12-22 04:08:19,129 - [Process 4/5] - INFO - len(per_windows_prompt):2
2024-12-22 04:08:24,851 - [Process 4/5] - INFO - res.shape is :torch.Size([43])
2024-12-22 04:08:25,240 - [Process 4/5] - INFO - len(per_windows_prompt):2
2024-12-22 04:08:32,538 - [Process 4/5] - INFO - res.shape is :torch.Size([85])
2024-12-22 04:08:32,753 - [Process 4/5] - INFO - len(per_windows_prompt):2
2024-12-22 04:08:38,202 - [Process 4/5] - INFO - res.shape is :torch.Size([40])
2024-12-22 04:08:38,422 - [Process 4/5] - INFO - len(per_windows_prompt):2
2024-12-22 04:08:43,829 - [Process 4/5] - INFO - res.shape is :torch.Size([38])
2024-12-22 04:08:44,195 - [Process 4/5] - INFO - len(per_windows_prompt):2
2024-12-22 04:08:50,325 - [Process 4/5] - INFO - res.shape is :torch.Size([53])
2024-12-22 04:08:50,530 - [Process 4/5] - INFO - len(per_windows_prompt):2
2024-12-22 04:08:56,227 - [Process 4/5] - INFO - res.shape is :torch.Size([45])
2024-12-22 04:08:56,461 - [Process 4/5] - INFO - len(per_windows_prompt):2
2024-12-22 04:09:04,075 - [Process 4/5] - INFO - res.shape is :torch.Size([88])
2024-12-22 04:09:04,285 - [Process 4/5] - INFO - len(per_windows_prompt):2
2024-12-22 04:09:09,594 - [Process 4/5] - INFO - res.shape is :torch.Size([35])
2024-12-22 04:09:09,881 - [Process 4/5] - INFO - len(per_windows_prompt):2
2024-12-22 04:09:15,816 - [Process 4/5] - INFO - res.shape is :torch.Size([49])
2024-12-22 04:09:16,096 - [Process 4/5] - INFO - len(per_windows_prompt):2
2024-12-22 04:09:21,384 - [Process 4/5] - INFO - res.shape is :torch.Size([37])
2024-12-22 04:09:21,608 - [Process 4/5] - INFO - len(per_windows_prompt):2
2024-12-22 04:09:29,179 - [Process 4/5] - INFO - res.shape is :torch.Size([90])
2024-12-22 04:09:29,456 - [Process 4/5] - INFO - len(per_windows_prompt):2
2024-12-22 04:09:35,809 - [Process 4/5] - INFO - res.shape is :torch.Size([61])
2024-12-22 04:09:36,044 - [Process 4/5] - INFO - len(per_windows_prompt):2
2024-12-22 04:09:42,949 - [Process 4/5] - INFO - res.shape is :torch.Size([74])
2024-12-22 04:09:43,243 - [Process 4/5] - INFO - len(per_windows_prompt):2
2024-12-22 04:09:52,670 - [Process 4/5] - INFO - res.shape is :torch.Size([127])
2024-12-22 04:09:52,900 - [Process 4/5] - INFO - len(per_windows_prompt):2
2024-12-22 04:09:59,453 - [Process 4/5] - INFO - res.shape is :torch.Size([67])
