2024-12-22 03:02:05,590 - [Process 2/5] - INFO - loading datasets finished
2024-12-22 03:02:05,590 - [Process 2/5] - INFO - model_max_len: 3950
2024-12-22 03:02:05,591 - [Process 2/5] - INFO - output_max_len: 512
2024-12-22 03:02:05,611 - [Process 2/5] - INFO - Max Length is 10933
2024-12-22 03:02:05,611 - [Process 2/5] - INFO - Finish loading dataset
2024-12-22 03:02:05,612 - [Process 2/5] - INFO - get_predicted begin
2024-12-22 03:02:10,381 - [Process 2/5] - INFO - len(per_windows_prompt):2
2024-12-22 03:02:22,156 - [Process 2/5] - INFO - res.shape is :torch.Size([193])
2024-12-22 03:02:22,262 - [Process 2/5] - INFO - len(per_windows_prompt):2
2024-12-22 03:02:35,758 - [Process 2/5] - INFO - res.shape is :torch.Size([276])
2024-12-22 03:02:35,987 - [Process 2/5] - INFO - len(per_windows_prompt):2
2024-12-22 03:02:49,712 - [Process 2/5] - INFO - res.shape is :torch.Size([223])
2024-12-22 03:02:49,806 - [Process 2/5] - INFO - len(per_windows_prompt):2
2024-12-22 03:03:03,095 - [Process 2/5] - INFO - res.shape is :torch.Size([272])
2024-12-22 03:03:03,196 - [Process 2/5] - INFO - len(per_windows_prompt):2
2024-12-22 03:03:18,768 - [Process 2/5] - INFO - res.shape is :torch.Size([324])
2024-12-22 03:03:18,849 - [Process 2/5] - INFO - len(per_windows_prompt):2
2024-12-22 03:03:30,560 - [Process 2/5] - INFO - res.shape is :torch.Size([234])
2024-12-22 03:03:30,624 - [Process 2/5] - INFO - len(per_windows_prompt):2
2024-12-22 03:03:39,269 - [Process 2/5] - INFO - res.shape is :torch.Size([179])
2024-12-22 03:03:39,449 - [Process 2/5] - INFO - len(per_windows_prompt):2
2024-12-22 03:03:50,949 - [Process 2/5] - INFO - res.shape is :torch.Size([175])
2024-12-22 03:03:51,228 - [Process 2/5] - INFO - len(per_windows_prompt):2
2024-12-22 03:04:09,610 - [Process 2/5] - INFO - res.shape is :torch.Size([323])
2024-12-22 03:04:09,744 - [Process 2/5] - INFO - len(per_windows_prompt):2
2024-12-22 03:04:19,961 - [Process 2/5] - INFO - res.shape is :torch.Size([194])
2024-12-22 03:04:20,036 - [Process 2/5] - INFO - len(per_windows_prompt):2
2024-12-22 03:04:34,544 - [Process 2/5] - INFO - res.shape is :torch.Size([297])
2024-12-22 03:04:34,627 - [Process 2/5] - INFO - len(per_windows_prompt):2
2024-12-22 03:04:42,911 - [Process 2/5] - INFO - res.shape is :torch.Size([167])
2024-12-22 03:04:43,106 - [Process 2/5] - INFO - len(per_windows_prompt):2
2024-12-22 03:05:01,629 - [Process 2/5] - INFO - res.shape is :torch.Size([330])
2024-12-22 03:05:01,785 - [Process 2/5] - INFO - len(per_windows_prompt):2
2024-12-22 03:05:11,989 - [Process 2/5] - INFO - res.shape is :torch.Size([174])
2024-12-22 03:05:12,022 - [Process 2/5] - INFO - len(per_windows_prompt):2
2024-12-22 03:05:19,637 - [Process 2/5] - INFO - res.shape is :torch.Size([155])
2024-12-22 03:05:19,653 - [Process 2/5] - INFO - len(per_windows_prompt):2
2024-12-22 03:05:25,796 - [Process 2/5] - INFO - res.shape is :torch.Size([129])
2024-12-22 03:05:25,882 - [Process 2/5] - INFO - len(per_windows_prompt):2
2024-12-22 03:05:38,312 - [Process 2/5] - INFO - res.shape is :torch.Size([250])
2024-12-22 03:05:38,456 - [Process 2/5] - INFO - len(per_windows_prompt):2
2024-12-22 03:05:48,926 - [Process 2/5] - INFO - res.shape is :torch.Size([169])
2024-12-22 03:05:49,032 - [Process 2/5] - INFO - len(per_windows_prompt):2
2024-12-22 03:05:56,994 - [Process 2/5] - INFO - res.shape is :torch.Size([145])
2024-12-22 03:05:57,159 - [Process 2/5] - INFO - len(per_windows_prompt):2
2024-12-22 03:06:12,588 - [Process 2/5] - INFO - res.shape is :torch.Size([281])
2024-12-22 03:06:12,827 - [Process 2/5] - INFO - len(per_windows_prompt):2
2024-12-22 03:06:25,561 - [Process 2/5] - INFO - res.shape is :torch.Size([201])
2024-12-22 03:06:25,712 - [Process 2/5] - INFO - len(per_windows_prompt):2
2024-12-22 03:06:39,936 - [Process 2/5] - INFO - res.shape is :torch.Size([263])
2024-12-22 03:06:40,171 - [Process 2/5] - INFO - len(per_windows_prompt):2
2024-12-22 03:06:52,111 - [Process 2/5] - INFO - res.shape is :torch.Size([183])
2024-12-22 03:06:52,181 - [Process 2/5] - INFO - len(per_windows_prompt):2
2024-12-22 03:07:01,988 - [Process 2/5] - INFO - res.shape is :torch.Size([189])
2024-12-22 03:07:02,057 - [Process 2/5] - INFO - len(per_windows_prompt):2
2024-12-22 03:07:14,580 - [Process 2/5] - INFO - res.shape is :torch.Size([261])
2024-12-22 03:07:14,799 - [Process 2/5] - INFO - len(per_windows_prompt):2
2024-12-22 03:07:31,496 - [Process 2/5] - INFO - res.shape is :torch.Size([288])
2024-12-22 03:07:31,624 - [Process 2/5] - INFO - len(per_windows_prompt):2
2024-12-22 03:07:43,317 - [Process 2/5] - INFO - res.shape is :torch.Size([216])
2024-12-22 03:07:43,381 - [Process 2/5] - INFO - len(per_windows_prompt):2
2024-12-22 03:07:54,833 - [Process 2/5] - INFO - res.shape is :torch.Size([240])
2024-12-22 03:07:54,961 - [Process 2/5] - INFO - len(per_windows_prompt):2
2024-12-22 03:08:17,078 - [Process 2/5] - INFO - res.shape is :torch.Size([458])
2024-12-22 03:08:17,149 - [Process 2/5] - INFO - len(per_windows_prompt):2
2024-12-22 03:08:26,365 - [Process 2/5] - INFO - res.shape is :torch.Size([190])
2024-12-22 03:08:26,484 - [Process 2/5] - INFO - len(per_windows_prompt):2
2024-12-22 03:08:35,953 - [Process 2/5] - INFO - res.shape is :torch.Size([174])
2024-12-22 03:08:36,049 - [Process 2/5] - INFO - len(per_windows_prompt):2
2024-12-22 03:08:45,513 - [Process 2/5] - INFO - res.shape is :torch.Size([170])
2024-12-22 03:08:45,650 - [Process 2/5] - INFO - len(per_windows_prompt):2
2024-12-22 03:08:57,222 - [Process 2/5] - INFO - res.shape is :torch.Size([205])
2024-12-22 03:08:57,407 - [Process 2/5] - INFO - len(per_windows_prompt):2
2024-12-22 03:09:12,154 - [Process 2/5] - INFO - res.shape is :torch.Size([248])
2024-12-22 03:09:12,193 - [Process 2/5] - INFO - len(per_windows_prompt):2
2024-12-22 03:09:19,582 - [Process 2/5] - INFO - res.shape is :torch.Size([152])
2024-12-22 03:09:19,830 - [Process 2/5] - INFO - len(per_windows_prompt):2
2024-12-22 03:09:31,891 - [Process 2/5] - INFO - res.shape is :torch.Size([187])
2024-12-22 03:09:31,987 - [Process 2/5] - INFO - len(per_windows_prompt):2
2024-12-22 03:09:44,814 - [Process 2/5] - INFO - res.shape is :torch.Size([257])
2024-12-22 03:09:44,839 - [Process 2/5] - INFO - len(per_windows_prompt):2
2024-12-22 03:09:50,688 - [Process 2/5] - INFO - res.shape is :torch.Size([123])
2024-12-22 03:09:50,827 - [Process 2/5] - INFO - len(per_windows_prompt):2
2024-12-22 03:10:01,883 - [Process 2/5] - INFO - res.shape is :torch.Size([188])
2024-12-22 03:10:01,934 - [Process 2/5] - INFO - len(per_windows_prompt):2
2024-12-22 03:10:11,467 - [Process 2/5] - INFO - res.shape is :torch.Size([237])
