2024-12-22 01:31:22,649 - [Process 2/5] - INFO - loading datasets finished
2024-12-22 01:31:22,649 - [Process 2/5] - INFO - model_max_len: 3950
2024-12-22 01:31:22,649 - [Process 2/5] - INFO - output_max_len: 32
2024-12-22 01:31:22,691 - [Process 2/5] - INFO - Max Length is 11950
2024-12-22 01:31:22,691 - [Process 2/5] - INFO - Finish loading dataset
2024-12-22 01:31:22,692 - [Process 2/5] - INFO - get_predicted begin
2024-12-22 01:31:27,497 - [Process 2/5] - INFO - len(per_windows_prompt):2
2024-12-22 01:31:32,265 - [Process 2/5] - INFO - res.shape is :torch.Size([8])
2024-12-22 01:31:32,480 - [Process 2/5] - INFO - len(per_windows_prompt):2
2024-12-22 01:31:36,514 - [Process 2/5] - INFO - res.shape is :torch.Size([6])
2024-12-22 01:31:36,733 - [Process 2/5] - INFO - len(per_windows_prompt):2
2024-12-22 01:31:40,647 - [Process 2/5] - INFO - res.shape is :torch.Size([5])
2024-12-22 01:31:40,886 - [Process 2/5] - INFO - len(per_windows_prompt):2
2024-12-22 01:31:45,002 - [Process 2/5] - INFO - res.shape is :torch.Size([10])
2024-12-22 01:31:45,191 - [Process 2/5] - INFO - len(per_windows_prompt):2
2024-12-22 01:31:49,437 - [Process 2/5] - INFO - res.shape is :torch.Size([10])
2024-12-22 01:31:49,701 - [Process 2/5] - INFO - len(per_windows_prompt):2
2024-12-22 01:31:53,642 - [Process 2/5] - INFO - res.shape is :torch.Size([2])
2024-12-22 01:31:53,854 - [Process 2/5] - INFO - len(per_windows_prompt):2
2024-12-22 01:31:58,194 - [Process 2/5] - INFO - res.shape is :torch.Size([11])
2024-12-22 01:31:58,408 - [Process 2/5] - INFO - len(per_windows_prompt):2
2024-12-22 01:32:02,486 - [Process 2/5] - INFO - res.shape is :torch.Size([5])
2024-12-22 01:32:02,737 - [Process 2/5] - INFO - len(per_windows_prompt):2
2024-12-22 01:32:06,754 - [Process 2/5] - INFO - res.shape is :torch.Size([5])
2024-12-22 01:32:06,935 - [Process 2/5] - INFO - len(per_windows_prompt):2
2024-12-22 01:32:11,051 - [Process 2/5] - INFO - res.shape is :torch.Size([10])
2024-12-22 01:32:11,267 - [Process 2/5] - INFO - len(per_windows_prompt):2
2024-12-22 01:32:15,328 - [Process 2/5] - INFO - res.shape is :torch.Size([8])
2024-12-22 01:32:15,563 - [Process 2/5] - INFO - len(per_windows_prompt):2
2024-12-22 01:32:19,615 - [Process 2/5] - INFO - res.shape is :torch.Size([7])
2024-12-22 01:32:19,819 - [Process 2/5] - INFO - len(per_windows_prompt):2
2024-12-22 01:32:24,162 - [Process 2/5] - INFO - res.shape is :torch.Size([12])
2024-12-22 01:32:24,438 - [Process 2/5] - INFO - len(per_windows_prompt):2
2024-12-22 01:32:28,713 - [Process 2/5] - INFO - res.shape is :torch.Size([12])
2024-12-22 01:32:28,908 - [Process 2/5] - INFO - len(per_windows_prompt):2
2024-12-22 01:32:33,002 - [Process 2/5] - INFO - res.shape is :torch.Size([5])
2024-12-22 01:32:33,207 - [Process 2/5] - INFO - len(per_windows_prompt):2
2024-12-22 01:32:37,233 - [Process 2/5] - INFO - res.shape is :torch.Size([8])
2024-12-22 01:32:37,475 - [Process 2/5] - INFO - len(per_windows_prompt):2
2024-12-22 01:32:41,487 - [Process 2/5] - INFO - res.shape is :torch.Size([7])
2024-12-22 01:32:41,647 - [Process 2/5] - INFO - len(per_windows_prompt):2
2024-12-22 01:32:45,054 - [Process 2/5] - INFO - res.shape is :torch.Size([6])
2024-12-22 01:32:45,309 - [Process 2/5] - INFO - len(per_windows_prompt):2
2024-12-22 01:32:49,455 - [Process 2/5] - INFO - res.shape is :torch.Size([6])
2024-12-22 01:32:49,641 - [Process 2/5] - INFO - len(per_windows_prompt):2
2024-12-22 01:32:54,017 - [Process 2/5] - INFO - res.shape is :torch.Size([12])
2024-12-22 01:32:54,241 - [Process 2/5] - INFO - len(per_windows_prompt):2
2024-12-22 01:32:58,400 - [Process 2/5] - INFO - res.shape is :torch.Size([7])
2024-12-22 01:32:58,566 - [Process 2/5] - INFO - len(per_windows_prompt):2
2024-12-22 01:33:01,914 - [Process 2/5] - INFO - res.shape is :torch.Size([2])
2024-12-22 01:33:02,101 - [Process 2/5] - INFO - len(per_windows_prompt):2
2024-12-22 01:33:06,085 - [Process 2/5] - INFO - res.shape is :torch.Size([3])
2024-12-22 01:33:06,284 - [Process 2/5] - INFO - len(per_windows_prompt):2
2024-12-22 01:33:10,340 - [Process 2/5] - INFO - res.shape is :torch.Size([8])
2024-12-22 01:33:10,603 - [Process 2/5] - INFO - len(per_windows_prompt):2
2024-12-22 01:33:14,763 - [Process 2/5] - INFO - res.shape is :torch.Size([11])
2024-12-22 01:33:14,952 - [Process 2/5] - INFO - len(per_windows_prompt):2
2024-12-22 01:33:19,064 - [Process 2/5] - INFO - res.shape is :torch.Size([6])
2024-12-22 01:33:19,199 - [Process 2/5] - INFO - len(per_windows_prompt):2
2024-12-22 01:33:22,267 - [Process 2/5] - INFO - res.shape is :torch.Size([6])
2024-12-22 01:33:22,452 - [Process 2/5] - INFO - len(per_windows_prompt):2
2024-12-22 01:33:26,554 - [Process 2/5] - INFO - res.shape is :torch.Size([9])
2024-12-22 01:33:26,746 - [Process 2/5] - INFO - len(per_windows_prompt):2
2024-12-22 01:33:30,886 - [Process 2/5] - INFO - res.shape is :torch.Size([7])
2024-12-22 01:33:31,068 - [Process 2/5] - INFO - len(per_windows_prompt):2
2024-12-22 01:33:35,306 - [Process 2/5] - INFO - res.shape is :torch.Size([8])
2024-12-22 01:33:35,502 - [Process 2/5] - INFO - len(per_windows_prompt):2
2024-12-22 01:33:39,495 - [Process 2/5] - INFO - res.shape is :torch.Size([7])
2024-12-22 01:33:39,686 - [Process 2/5] - INFO - len(per_windows_prompt):2
2024-12-22 01:33:43,621 - [Process 2/5] - INFO - res.shape is :torch.Size([5])
2024-12-22 01:33:43,826 - [Process 2/5] - INFO - len(per_windows_prompt):2
2024-12-22 01:33:47,808 - [Process 2/5] - INFO - res.shape is :torch.Size([6])
2024-12-22 01:33:48,032 - [Process 2/5] - INFO - len(per_windows_prompt):2
2024-12-22 01:33:51,842 - [Process 2/5] - INFO - res.shape is :torch.Size([2])
2024-12-22 01:33:52,040 - [Process 2/5] - INFO - len(per_windows_prompt):2
2024-12-22 01:33:56,135 - [Process 2/5] - INFO - res.shape is :torch.Size([9])
2024-12-22 01:33:56,360 - [Process 2/5] - INFO - len(per_windows_prompt):2
2024-12-22 01:34:00,420 - [Process 2/5] - INFO - res.shape is :torch.Size([5])
2024-12-22 01:34:00,606 - [Process 2/5] - INFO - len(per_windows_prompt):2
2024-12-22 01:34:04,765 - [Process 2/5] - INFO - res.shape is :torch.Size([6])
2024-12-22 01:34:04,973 - [Process 2/5] - INFO - len(per_windows_prompt):2
2024-12-22 01:34:08,989 - [Process 2/5] - INFO - res.shape is :torch.Size([7])
2024-12-22 01:34:09,090 - [Process 2/5] - INFO - len(per_windows_prompt):2
2024-12-22 01:34:11,577 - [Process 2/5] - INFO - res.shape is :torch.Size([5])
2024-12-22 01:34:11,669 - [Process 2/5] - INFO - len(per_windows_prompt):2
2024-12-22 01:34:13,798 - [Process 2/5] - INFO - res.shape is :torch.Size([2])
