2024-12-22 01:54:16,981 - [Process 1/5] - INFO - loading datasets finished
2024-12-22 01:54:16,982 - [Process 1/5] - INFO - model_max_len: 3950
2024-12-22 01:54:16,982 - [Process 1/5] - INFO - output_max_len: 32
2024-12-22 01:54:17,069 - [Process 1/5] - INFO - Max Length is 22099
2024-12-22 01:54:17,069 - [Process 1/5] - INFO - Finish loading dataset
2024-12-22 01:54:17,070 - [Process 1/5] - INFO - get_predicted begin
2024-12-22 01:54:21,832 - [Process 1/5] - INFO - len(per_windows_prompt):2
2024-12-22 01:54:26,498 - [Process 1/5] - INFO - res.shape is :torch.Size([2])
2024-12-22 01:54:26,795 - [Process 1/5] - INFO - len(per_windows_prompt):2
2024-12-22 01:54:30,714 - [Process 1/5] - INFO - res.shape is :torch.Size([2])
2024-12-22 01:54:30,975 - [Process 1/5] - INFO - len(per_windows_prompt):2
2024-12-22 01:54:34,929 - [Process 1/5] - INFO - res.shape is :torch.Size([2])
2024-12-22 01:54:35,190 - [Process 1/5] - INFO - len(per_windows_prompt):2
2024-12-22 01:54:39,053 - [Process 1/5] - INFO - res.shape is :torch.Size([3])
2024-12-22 01:54:39,357 - [Process 1/5] - INFO - len(per_windows_prompt):2
2024-12-22 01:54:43,181 - [Process 1/5] - INFO - res.shape is :torch.Size([2])
2024-12-22 01:54:43,456 - [Process 1/5] - INFO - len(per_windows_prompt):2
2024-12-22 01:54:47,431 - [Process 1/5] - INFO - res.shape is :torch.Size([3])
2024-12-22 01:54:47,658 - [Process 1/5] - INFO - len(per_windows_prompt):2
2024-12-22 01:54:51,586 - [Process 1/5] - INFO - res.shape is :torch.Size([2])
2024-12-22 01:54:51,856 - [Process 1/5] - INFO - len(per_windows_prompt):2
2024-12-22 01:54:55,718 - [Process 1/5] - INFO - res.shape is :torch.Size([3])
2024-12-22 01:54:55,936 - [Process 1/5] - INFO - len(per_windows_prompt):2
2024-12-22 01:54:59,729 - [Process 1/5] - INFO - res.shape is :torch.Size([2])
2024-12-22 01:54:59,976 - [Process 1/5] - INFO - len(per_windows_prompt):2
2024-12-22 01:55:03,966 - [Process 1/5] - INFO - res.shape is :torch.Size([2])
2024-12-22 01:55:04,203 - [Process 1/5] - INFO - len(per_windows_prompt):2
2024-12-22 01:55:08,076 - [Process 1/5] - INFO - res.shape is :torch.Size([3])
2024-12-22 01:55:08,277 - [Process 1/5] - INFO - len(per_windows_prompt):2
2024-12-22 01:55:12,295 - [Process 1/5] - INFO - res.shape is :torch.Size([3])
2024-12-22 01:55:12,562 - [Process 1/5] - INFO - len(per_windows_prompt):2
2024-12-22 01:55:16,445 - [Process 1/5] - INFO - res.shape is :torch.Size([3])
2024-12-22 01:55:16,751 - [Process 1/5] - INFO - len(per_windows_prompt):2
2024-12-22 01:55:20,757 - [Process 1/5] - INFO - res.shape is :torch.Size([2])
2024-12-22 01:55:21,025 - [Process 1/5] - INFO - len(per_windows_prompt):2
2024-12-22 01:55:25,069 - [Process 1/5] - INFO - res.shape is :torch.Size([3])
2024-12-22 01:55:25,298 - [Process 1/5] - INFO - len(per_windows_prompt):2
2024-12-22 01:55:29,141 - [Process 1/5] - INFO - res.shape is :torch.Size([2])
2024-12-22 01:55:29,375 - [Process 1/5] - INFO - len(per_windows_prompt):2
2024-12-22 01:55:33,428 - [Process 1/5] - INFO - res.shape is :torch.Size([3])
2024-12-22 01:55:33,732 - [Process 1/5] - INFO - len(per_windows_prompt):2
2024-12-22 01:55:37,767 - [Process 1/5] - INFO - res.shape is :torch.Size([3])
2024-12-22 01:55:38,099 - [Process 1/5] - INFO - len(per_windows_prompt):2
2024-12-22 01:55:41,908 - [Process 1/5] - INFO - res.shape is :torch.Size([2])
2024-12-22 01:55:42,221 - [Process 1/5] - INFO - len(per_windows_prompt):2
2024-12-22 01:55:46,223 - [Process 1/5] - INFO - res.shape is :torch.Size([2])
2024-12-22 01:55:46,504 - [Process 1/5] - INFO - len(per_windows_prompt):2
2024-12-22 01:55:50,405 - [Process 1/5] - INFO - res.shape is :torch.Size([2])
2024-12-22 01:55:50,677 - [Process 1/5] - INFO - len(per_windows_prompt):2
2024-12-22 01:55:55,277 - [Process 1/5] - INFO - res.shape is :torch.Size([16])
2024-12-22 01:55:55,565 - [Process 1/5] - INFO - len(per_windows_prompt):2
2024-12-22 01:55:59,471 - [Process 1/5] - INFO - res.shape is :torch.Size([2])
2024-12-22 01:55:59,754 - [Process 1/5] - INFO - len(per_windows_prompt):2
2024-12-22 01:56:03,692 - [Process 1/5] - INFO - res.shape is :torch.Size([4])
2024-12-22 01:56:03,909 - [Process 1/5] - INFO - len(per_windows_prompt):2
2024-12-22 01:56:07,956 - [Process 1/5] - INFO - res.shape is :torch.Size([3])
2024-12-22 01:56:08,267 - [Process 1/5] - INFO - len(per_windows_prompt):2
2024-12-22 01:56:12,164 - [Process 1/5] - INFO - res.shape is :torch.Size([3])
2024-12-22 01:56:12,416 - [Process 1/5] - INFO - len(per_windows_prompt):2
2024-12-22 01:56:16,423 - [Process 1/5] - INFO - res.shape is :torch.Size([2])
2024-12-22 01:56:16,641 - [Process 1/5] - INFO - len(per_windows_prompt):2
2024-12-22 01:56:20,660 - [Process 1/5] - INFO - res.shape is :torch.Size([2])
2024-12-22 01:56:20,893 - [Process 1/5] - INFO - len(per_windows_prompt):2
2024-12-22 01:56:24,933 - [Process 1/5] - INFO - res.shape is :torch.Size([3])
2024-12-22 01:56:25,185 - [Process 1/5] - INFO - len(per_windows_prompt):2
2024-12-22 01:56:29,182 - [Process 1/5] - INFO - res.shape is :torch.Size([2])
2024-12-22 01:56:29,434 - [Process 1/5] - INFO - len(per_windows_prompt):2
2024-12-22 01:56:33,331 - [Process 1/5] - INFO - res.shape is :torch.Size([3])
2024-12-22 01:56:33,588 - [Process 1/5] - INFO - len(per_windows_prompt):2
2024-12-22 01:56:37,478 - [Process 1/5] - INFO - res.shape is :torch.Size([3])
2024-12-22 01:56:37,734 - [Process 1/5] - INFO - len(per_windows_prompt):2
2024-12-22 01:56:41,637 - [Process 1/5] - INFO - res.shape is :torch.Size([2])
2024-12-22 01:56:41,869 - [Process 1/5] - INFO - len(per_windows_prompt):2
2024-12-22 01:56:45,815 - [Process 1/5] - INFO - res.shape is :torch.Size([3])
2024-12-22 01:56:46,039 - [Process 1/5] - INFO - len(per_windows_prompt):2
2024-12-22 01:56:50,098 - [Process 1/5] - INFO - res.shape is :torch.Size([3])
2024-12-22 01:56:50,396 - [Process 1/5] - INFO - len(per_windows_prompt):2
2024-12-22 01:56:54,291 - [Process 1/5] - INFO - res.shape is :torch.Size([3])
2024-12-22 01:56:54,633 - [Process 1/5] - INFO - len(per_windows_prompt):2
2024-12-22 01:56:58,498 - [Process 1/5] - INFO - res.shape is :torch.Size([2])
2024-12-22 01:56:58,703 - [Process 1/5] - INFO - len(per_windows_prompt):2
2024-12-22 01:57:02,789 - [Process 1/5] - INFO - res.shape is :torch.Size([3])
2024-12-22 01:57:02,994 - [Process 1/5] - INFO - len(per_windows_prompt):2
2024-12-22 01:57:06,853 - [Process 1/5] - INFO - res.shape is :torch.Size([2])
2024-12-22 01:57:07,127 - [Process 1/5] - INFO - len(per_windows_prompt):2
2024-12-22 01:57:11,162 - [Process 1/5] - INFO - res.shape is :torch.Size([2])
