2024-12-22 03:49:11,311 - [Process 3/5] - INFO - loading datasets finished
2024-12-22 03:49:11,312 - [Process 3/5] - INFO - model_max_len: 3950
2024-12-22 03:49:11,312 - [Process 3/5] - INFO - output_max_len: 32
2024-12-22 03:49:11,381 - [Process 3/5] - INFO - Max Length is 16633
2024-12-22 03:49:11,382 - [Process 3/5] - INFO - Finish loading dataset
2024-12-22 03:49:11,382 - [Process 3/5] - INFO - get_predicted begin
2024-12-22 03:49:16,164 - [Process 3/5] - INFO - len(per_windows_prompt):2
2024-12-22 03:49:21,960 - [Process 3/5] - INFO - res.shape is :torch.Size([5])
2024-12-22 03:49:22,268 - [Process 3/5] - INFO - len(per_windows_prompt):2
2024-12-22 03:49:26,233 - [Process 3/5] - INFO - res.shape is :torch.Size([5])
2024-12-22 03:49:26,448 - [Process 3/5] - INFO - len(per_windows_prompt):2
2024-12-22 03:49:32,785 - [Process 3/5] - INFO - res.shape is :torch.Size([32])
2024-12-22 03:49:32,985 - [Process 3/5] - INFO - len(per_windows_prompt):2
2024-12-22 03:49:38,737 - [Process 3/5] - INFO - res.shape is :torch.Size([32])
2024-12-22 03:49:38,987 - [Process 3/5] - INFO - len(per_windows_prompt):2
2024-12-22 03:49:43,798 - [Process 3/5] - INFO - res.shape is :torch.Size([4])
2024-12-22 03:49:43,905 - [Process 3/5] - INFO - len(per_windows_prompt):2
2024-12-22 03:49:47,237 - [Process 3/5] - INFO - res.shape is :torch.Size([12])
2024-12-22 03:49:47,538 - [Process 3/5] - INFO - len(per_windows_prompt):2
2024-12-22 03:49:52,966 - [Process 3/5] - INFO - res.shape is :torch.Size([32])
2024-12-22 03:49:53,280 - [Process 3/5] - INFO - len(per_windows_prompt):2
2024-12-22 03:49:57,618 - [Process 3/5] - INFO - res.shape is :torch.Size([8])
2024-12-22 03:49:57,823 - [Process 3/5] - INFO - len(per_windows_prompt):2
2024-12-22 03:50:04,598 - [Process 3/5] - INFO - res.shape is :torch.Size([32])
2024-12-22 03:50:04,909 - [Process 3/5] - INFO - len(per_windows_prompt):2
2024-12-22 03:50:10,021 - [Process 3/5] - INFO - res.shape is :torch.Size([3])
2024-12-22 03:50:10,137 - [Process 3/5] - INFO - len(per_windows_prompt):2
2024-12-22 03:50:15,323 - [Process 3/5] - INFO - res.shape is :torch.Size([32])
2024-12-22 03:50:15,427 - [Process 3/5] - INFO - len(per_windows_prompt):2
2024-12-22 03:50:18,462 - [Process 3/5] - INFO - res.shape is :torch.Size([6])
2024-12-22 03:50:18,648 - [Process 3/5] - INFO - len(per_windows_prompt):2
2024-12-22 03:50:23,226 - [Process 3/5] - INFO - res.shape is :torch.Size([5])
2024-12-22 03:50:23,415 - [Process 3/5] - INFO - len(per_windows_prompt):2
2024-12-22 03:50:30,504 - [Process 3/5] - INFO - res.shape is :torch.Size([32])
2024-12-22 03:50:30,728 - [Process 3/5] - INFO - len(per_windows_prompt):2
2024-12-22 03:50:35,103 - [Process 3/5] - INFO - res.shape is :torch.Size([5])
2024-12-22 03:50:35,469 - [Process 3/5] - INFO - len(per_windows_prompt):2
2024-12-22 03:50:41,836 - [Process 3/5] - INFO - res.shape is :torch.Size([31])
2024-12-22 03:50:42,125 - [Process 3/5] - INFO - len(per_windows_prompt):2
2024-12-22 03:50:46,143 - [Process 3/5] - INFO - res.shape is :torch.Size([3])
2024-12-22 03:50:46,462 - [Process 3/5] - INFO - len(per_windows_prompt):2
2024-12-22 03:50:50,629 - [Process 3/5] - INFO - res.shape is :torch.Size([6])
2024-12-22 03:50:50,764 - [Process 3/5] - INFO - len(per_windows_prompt):2
2024-12-22 03:50:54,611 - [Process 3/5] - INFO - res.shape is :torch.Size([6])
2024-12-22 03:50:54,857 - [Process 3/5] - INFO - len(per_windows_prompt):2
2024-12-22 03:51:01,670 - [Process 3/5] - INFO - res.shape is :torch.Size([32])
2024-12-22 03:51:01,977 - [Process 3/5] - INFO - len(per_windows_prompt):2
2024-12-22 03:51:07,800 - [Process 3/5] - INFO - res.shape is :torch.Size([7])
2024-12-22 03:51:08,040 - [Process 3/5] - INFO - len(per_windows_prompt):2
2024-12-22 03:51:13,925 - [Process 3/5] - INFO - res.shape is :torch.Size([32])
2024-12-22 03:51:14,164 - [Process 3/5] - INFO - len(per_windows_prompt):2
2024-12-22 03:51:20,368 - [Process 3/5] - INFO - res.shape is :torch.Size([32])
2024-12-22 03:51:20,579 - [Process 3/5] - INFO - len(per_windows_prompt):2
2024-12-22 03:51:25,729 - [Process 3/5] - INFO - res.shape is :torch.Size([32])
2024-12-22 03:51:25,928 - [Process 3/5] - INFO - len(per_windows_prompt):2
2024-12-22 03:51:31,502 - [Process 3/5] - INFO - res.shape is :torch.Size([4])
2024-12-22 03:51:31,740 - [Process 3/5] - INFO - len(per_windows_prompt):2
2024-12-22 03:51:37,220 - [Process 3/5] - INFO - res.shape is :torch.Size([4])
2024-12-22 03:51:37,435 - [Process 3/5] - INFO - len(per_windows_prompt):2
2024-12-22 03:51:43,051 - [Process 3/5] - INFO - res.shape is :torch.Size([32])
2024-12-22 03:51:43,327 - [Process 3/5] - INFO - len(per_windows_prompt):2
2024-12-22 03:51:48,168 - [Process 3/5] - INFO - res.shape is :torch.Size([4])
2024-12-22 03:51:48,432 - [Process 3/5] - INFO - len(per_windows_prompt):2
2024-12-22 03:51:53,417 - [Process 3/5] - INFO - res.shape is :torch.Size([6])
2024-12-22 03:51:53,668 - [Process 3/5] - INFO - len(per_windows_prompt):2
2024-12-22 03:51:59,528 - [Process 3/5] - INFO - res.shape is :torch.Size([32])
2024-12-22 03:51:59,714 - [Process 3/5] - INFO - len(per_windows_prompt):2
2024-12-22 03:52:04,288 - [Process 3/5] - INFO - res.shape is :torch.Size([3])
2024-12-22 03:52:04,628 - [Process 3/5] - INFO - len(per_windows_prompt):2
2024-12-22 03:52:09,064 - [Process 3/5] - INFO - res.shape is :torch.Size([8])
2024-12-22 03:52:09,267 - [Process 3/5] - INFO - len(per_windows_prompt):2
2024-12-22 03:52:13,411 - [Process 3/5] - INFO - res.shape is :torch.Size([3])
2024-12-22 03:52:13,717 - [Process 3/5] - INFO - len(per_windows_prompt):2
2024-12-22 03:52:17,723 - [Process 3/5] - INFO - res.shape is :torch.Size([3])
2024-12-22 03:52:17,953 - [Process 3/5] - INFO - len(per_windows_prompt):2
2024-12-22 03:52:23,451 - [Process 3/5] - INFO - res.shape is :torch.Size([5])
2024-12-22 03:52:23,774 - [Process 3/5] - INFO - len(per_windows_prompt):2
2024-12-22 03:52:28,952 - [Process 3/5] - INFO - res.shape is :torch.Size([5])
2024-12-22 03:52:29,063 - [Process 3/5] - INFO - len(per_windows_prompt):2
2024-12-22 03:52:32,170 - [Process 3/5] - INFO - res.shape is :torch.Size([4])
2024-12-22 03:52:32,409 - [Process 3/5] - INFO - len(per_windows_prompt):2
2024-12-22 03:52:39,580 - [Process 3/5] - INFO - res.shape is :torch.Size([32])
2024-12-22 03:52:39,818 - [Process 3/5] - INFO - len(per_windows_prompt):2
2024-12-22 03:52:46,720 - [Process 3/5] - INFO - res.shape is :torch.Size([32])
2024-12-22 03:52:47,049 - [Process 3/5] - INFO - len(per_windows_prompt):2
2024-12-22 03:52:51,516 - [Process 3/5] - INFO - res.shape is :torch.Size([5])
