2024-12-22 02:30:09,414 - [Process 3/5] - INFO - loading datasets finished
2024-12-22 02:30:09,414 - [Process 3/5] - INFO - model_max_len: 3950
2024-12-22 02:30:09,414 - [Process 3/5] - INFO - output_max_len: 64
2024-12-22 02:30:09,488 - [Process 3/5] - INFO - Max Length is 18754
2024-12-22 02:30:09,489 - [Process 3/5] - INFO - Finish loading dataset
2024-12-22 02:30:09,489 - [Process 3/5] - INFO - get_predicted begin
2024-12-22 02:30:14,284 - [Process 3/5] - INFO - len(per_windows_prompt):2
2024-12-22 02:30:25,649 - [Process 3/5] - INFO - res.shape is :torch.Size([64])
2024-12-22 02:30:25,836 - [Process 3/5] - INFO - len(per_windows_prompt):2
2024-12-22 02:30:35,423 - [Process 3/5] - INFO - res.shape is :torch.Size([64])
2024-12-22 02:30:35,722 - [Process 3/5] - INFO - len(per_windows_prompt):2
2024-12-22 02:30:44,049 - [Process 3/5] - INFO - res.shape is :torch.Size([64])
2024-12-22 02:30:44,268 - [Process 3/5] - INFO - len(per_windows_prompt):2
2024-12-22 02:30:52,711 - [Process 3/5] - INFO - res.shape is :torch.Size([64])
2024-12-22 02:30:52,945 - [Process 3/5] - INFO - len(per_windows_prompt):2
2024-12-22 02:31:02,073 - [Process 3/5] - INFO - res.shape is :torch.Size([64])
2024-12-22 02:31:02,313 - [Process 3/5] - INFO - len(per_windows_prompt):2
2024-12-22 02:31:12,273 - [Process 3/5] - INFO - res.shape is :torch.Size([64])
2024-12-22 02:31:12,544 - [Process 3/5] - INFO - len(per_windows_prompt):2
2024-12-22 02:31:22,828 - [Process 3/5] - INFO - res.shape is :torch.Size([64])
2024-12-22 02:31:23,195 - [Process 3/5] - INFO - len(per_windows_prompt):2
2024-12-22 02:31:35,654 - [Process 3/5] - INFO - res.shape is :torch.Size([64])
2024-12-22 02:31:35,856 - [Process 3/5] - INFO - len(per_windows_prompt):2
2024-12-22 02:31:44,322 - [Process 3/5] - INFO - res.shape is :torch.Size([64])
2024-12-22 02:31:44,674 - [Process 3/5] - INFO - len(per_windows_prompt):2
2024-12-22 02:31:55,357 - [Process 3/5] - INFO - res.shape is :torch.Size([64])
2024-12-22 02:31:55,585 - [Process 3/5] - INFO - len(per_windows_prompt):2
2024-12-22 02:32:03,440 - [Process 3/5] - INFO - res.shape is :torch.Size([64])
2024-12-22 02:32:03,801 - [Process 3/5] - INFO - len(per_windows_prompt):2
2024-12-22 02:32:13,038 - [Process 3/5] - INFO - res.shape is :torch.Size([64])
2024-12-22 02:32:13,280 - [Process 3/5] - INFO - len(per_windows_prompt):2
2024-12-22 02:32:23,055 - [Process 3/5] - INFO - res.shape is :torch.Size([64])
2024-12-22 02:32:23,240 - [Process 3/5] - INFO - len(per_windows_prompt):2
2024-12-22 02:32:31,178 - [Process 3/5] - INFO - res.shape is :torch.Size([64])
2024-12-22 02:32:31,456 - [Process 3/5] - INFO - len(per_windows_prompt):2
2024-12-22 02:32:39,780 - [Process 3/5] - INFO - res.shape is :torch.Size([64])
2024-12-22 02:32:39,985 - [Process 3/5] - INFO - len(per_windows_prompt):2
2024-12-22 02:32:50,248 - [Process 3/5] - INFO - res.shape is :torch.Size([64])
2024-12-22 02:32:50,462 - [Process 3/5] - INFO - len(per_windows_prompt):2
2024-12-22 02:32:58,090 - [Process 3/5] - INFO - res.shape is :torch.Size([64])
2024-12-22 02:32:58,369 - [Process 3/5] - INFO - len(per_windows_prompt):2
2024-12-22 02:33:06,511 - [Process 3/5] - INFO - res.shape is :torch.Size([64])
2024-12-22 02:33:06,810 - [Process 3/5] - INFO - len(per_windows_prompt):2
2024-12-22 02:33:18,778 - [Process 3/5] - INFO - res.shape is :torch.Size([64])
2024-12-22 02:33:19,092 - [Process 3/5] - INFO - len(per_windows_prompt):2
2024-12-22 02:33:29,515 - [Process 3/5] - INFO - res.shape is :torch.Size([64])
2024-12-22 02:33:29,792 - [Process 3/5] - INFO - len(per_windows_prompt):2
2024-12-22 02:33:39,557 - [Process 3/5] - INFO - res.shape is :torch.Size([64])
2024-12-22 02:33:39,881 - [Process 3/5] - INFO - len(per_windows_prompt):2
2024-12-22 02:33:50,933 - [Process 3/5] - INFO - res.shape is :torch.Size([64])
2024-12-22 02:33:51,201 - [Process 3/5] - INFO - len(per_windows_prompt):2
2024-12-22 02:34:01,819 - [Process 3/5] - INFO - res.shape is :torch.Size([64])
2024-12-22 02:34:02,000 - [Process 3/5] - INFO - len(per_windows_prompt):2
2024-12-22 02:34:19,987 - [Process 3/5] - INFO - res.shape is :torch.Size([64])
2024-12-22 02:34:20,172 - [Process 3/5] - INFO - len(per_windows_prompt):2
2024-12-22 02:34:41,678 - [Process 3/5] - INFO - res.shape is :torch.Size([64])
2024-12-22 02:34:41,868 - [Process 3/5] - INFO - len(per_windows_prompt):2
2024-12-22 02:34:49,529 - [Process 3/5] - INFO - res.shape is :torch.Size([64])
2024-12-22 02:34:49,813 - [Process 3/5] - INFO - len(per_windows_prompt):2
2024-12-22 02:35:00,951 - [Process 3/5] - INFO - res.shape is :torch.Size([64])
2024-12-22 02:35:01,168 - [Process 3/5] - INFO - len(per_windows_prompt):2
2024-12-22 02:35:10,085 - [Process 3/5] - INFO - res.shape is :torch.Size([64])
2024-12-22 02:35:10,290 - [Process 3/5] - INFO - len(per_windows_prompt):2
2024-12-22 02:35:20,427 - [Process 3/5] - INFO - res.shape is :torch.Size([64])
2024-12-22 02:35:20,603 - [Process 3/5] - INFO - len(per_windows_prompt):2
2024-12-22 02:35:30,313 - [Process 3/5] - INFO - res.shape is :torch.Size([64])
2024-12-22 02:35:30,520 - [Process 3/5] - INFO - len(per_windows_prompt):2
2024-12-22 02:35:41,422 - [Process 3/5] - INFO - res.shape is :torch.Size([64])
2024-12-22 02:35:41,613 - [Process 3/5] - INFO - len(per_windows_prompt):2
2024-12-22 02:35:51,647 - [Process 3/5] - INFO - res.shape is :torch.Size([64])
2024-12-22 02:35:51,862 - [Process 3/5] - INFO - len(per_windows_prompt):2
2024-12-22 02:36:01,580 - [Process 3/5] - INFO - res.shape is :torch.Size([64])
2024-12-22 02:36:01,782 - [Process 3/5] - INFO - len(per_windows_prompt):2
2024-12-22 02:36:11,989 - [Process 3/5] - INFO - res.shape is :torch.Size([64])
2024-12-22 02:36:12,212 - [Process 3/5] - INFO - len(per_windows_prompt):2
2024-12-22 02:36:20,042 - [Process 3/5] - INFO - res.shape is :torch.Size([64])
2024-12-22 02:36:20,318 - [Process 3/5] - INFO - len(per_windows_prompt):2
2024-12-22 02:36:31,035 - [Process 3/5] - INFO - res.shape is :torch.Size([64])
2024-12-22 02:36:31,164 - [Process 3/5] - INFO - len(per_windows_prompt):2
2024-12-22 02:36:41,171 - [Process 3/5] - INFO - res.shape is :torch.Size([64])
2024-12-22 02:36:41,403 - [Process 3/5] - INFO - len(per_windows_prompt):2
2024-12-22 02:36:52,417 - [Process 3/5] - INFO - res.shape is :torch.Size([64])
2024-12-22 02:36:52,634 - [Process 3/5] - INFO - len(per_windows_prompt):2
2024-12-22 02:37:03,092 - [Process 3/5] - INFO - res.shape is :torch.Size([64])
2024-12-22 02:37:03,347 - [Process 3/5] - INFO - len(per_windows_prompt):2
2024-12-22 02:37:11,034 - [Process 3/5] - INFO - res.shape is :torch.Size([64])
2024-12-22 02:37:11,258 - [Process 3/5] - INFO - len(per_windows_prompt):2
2024-12-22 02:37:21,505 - [Process 3/5] - INFO - res.shape is :torch.Size([64])
2024-12-22 02:37:21,715 - [Process 3/5] - INFO - len(per_windows_prompt):2
2024-12-22 02:37:31,502 - [Process 3/5] - INFO - res.shape is :torch.Size([64])
2024-12-22 02:37:31,685 - [Process 3/5] - INFO - len(per_windows_prompt):2
2024-12-22 02:37:38,942 - [Process 3/5] - INFO - res.shape is :torch.Size([64])
2024-12-22 02:37:39,145 - [Process 3/5] - INFO - len(per_windows_prompt):2
2024-12-22 02:37:47,672 - [Process 3/5] - INFO - res.shape is :torch.Size([64])
2024-12-22 02:37:47,950 - [Process 3/5] - INFO - len(per_windows_prompt):2
2024-12-22 02:38:02,010 - [Process 3/5] - INFO - res.shape is :torch.Size([64])
2024-12-22 02:38:02,251 - [Process 3/5] - INFO - len(per_windows_prompt):2
2024-12-22 02:38:11,114 - [Process 3/5] - INFO - res.shape is :torch.Size([64])
2024-12-22 02:38:11,374 - [Process 3/5] - INFO - len(per_windows_prompt):2
2024-12-22 02:38:21,044 - [Process 3/5] - INFO - res.shape is :torch.Size([64])
2024-12-22 02:38:21,236 - [Process 3/5] - INFO - len(per_windows_prompt):2
2024-12-22 02:38:30,895 - [Process 3/5] - INFO - res.shape is :torch.Size([64])
2024-12-22 02:38:31,178 - [Process 3/5] - INFO - len(per_windows_prompt):2
2024-12-22 02:38:40,624 - [Process 3/5] - INFO - res.shape is :torch.Size([64])
2024-12-22 02:38:41,001 - [Process 3/5] - INFO - len(per_windows_prompt):2
2024-12-22 02:38:54,235 - [Process 3/5] - INFO - res.shape is :torch.Size([64])
2024-12-22 02:38:54,509 - [Process 3/5] - INFO - len(per_windows_prompt):2
2024-12-22 02:39:04,388 - [Process 3/5] - INFO - res.shape is :torch.Size([64])
2024-12-22 02:39:04,783 - [Process 3/5] - INFO - len(per_windows_prompt):2
2024-12-22 02:39:16,628 - [Process 3/5] - INFO - res.shape is :torch.Size([64])
2024-12-22 02:39:16,848 - [Process 3/5] - INFO - len(per_windows_prompt):2
2024-12-22 02:39:26,862 - [Process 3/5] - INFO - res.shape is :torch.Size([64])
2024-12-22 02:39:27,150 - [Process 3/5] - INFO - len(per_windows_prompt):2
2024-12-22 02:39:37,549 - [Process 3/5] - INFO - res.shape is :torch.Size([64])
2024-12-22 02:39:37,889 - [Process 3/5] - INFO - len(per_windows_prompt):2
2024-12-22 02:39:49,357 - [Process 3/5] - INFO - res.shape is :torch.Size([64])
2024-12-22 02:39:49,567 - [Process 3/5] - INFO - len(per_windows_prompt):2
2024-12-22 02:40:00,005 - [Process 3/5] - INFO - res.shape is :torch.Size([64])
2024-12-22 02:40:00,185 - [Process 3/5] - INFO - len(per_windows_prompt):2
2024-12-22 02:40:10,115 - [Process 3/5] - INFO - res.shape is :torch.Size([64])
2024-12-22 02:40:10,338 - [Process 3/5] - INFO - len(per_windows_prompt):2
2024-12-22 02:40:18,960 - [Process 3/5] - INFO - res.shape is :torch.Size([64])
2024-12-22 02:40:19,254 - [Process 3/5] - INFO - len(per_windows_prompt):2
2024-12-22 02:40:31,065 - [Process 3/5] - INFO - res.shape is :torch.Size([64])
2024-12-22 02:40:31,243 - [Process 3/5] - INFO - len(per_windows_prompt):2
2024-12-22 02:40:39,802 - [Process 3/5] - INFO - res.shape is :torch.Size([64])
2024-12-22 02:40:40,009 - [Process 3/5] - INFO - len(per_windows_prompt):2
2024-12-22 02:40:48,348 - [Process 3/5] - INFO - res.shape is :torch.Size([64])
2024-12-22 02:40:48,547 - [Process 3/5] - INFO - len(per_windows_prompt):2
2024-12-22 02:40:59,337 - [Process 3/5] - INFO - res.shape is :torch.Size([64])
2024-12-22 02:40:59,487 - [Process 3/5] - INFO - len(per_windows_prompt):2
2024-12-22 02:41:06,953 - [Process 3/5] - INFO - res.shape is :torch.Size([64])
2024-12-22 02:41:07,134 - [Process 3/5] - INFO - len(per_windows_prompt):2
2024-12-22 02:41:17,110 - [Process 3/5] - INFO - res.shape is :torch.Size([64])
2024-12-22 02:41:17,308 - [Process 3/5] - INFO - len(per_windows_prompt):2
2024-12-22 02:41:33,212 - [Process 3/5] - INFO - res.shape is :torch.Size([64])
2024-12-22 02:41:33,557 - [Process 3/5] - INFO - len(per_windows_prompt):2
2024-12-22 02:41:45,358 - [Process 3/5] - INFO - res.shape is :torch.Size([64])
2024-12-22 02:41:45,633 - [Process 3/5] - INFO - len(per_windows_prompt):2
2024-12-22 02:41:55,211 - [Process 3/5] - INFO - res.shape is :torch.Size([64])
2024-12-22 02:41:55,389 - [Process 3/5] - INFO - len(per_windows_prompt):2
2024-12-22 02:42:04,738 - [Process 3/5] - INFO - res.shape is :torch.Size([64])
2024-12-22 02:42:04,940 - [Process 3/5] - INFO - len(per_windows_prompt):2
2024-12-22 02:42:18,334 - [Process 3/5] - INFO - res.shape is :torch.Size([64])
2024-12-22 02:42:18,613 - [Process 3/5] - INFO - len(per_windows_prompt):2
2024-12-22 02:42:27,857 - [Process 3/5] - INFO - res.shape is :torch.Size([64])
2024-12-22 02:42:28,200 - [Process 3/5] - INFO - len(per_windows_prompt):2
2024-12-22 02:42:39,633 - [Process 3/5] - INFO - res.shape is :torch.Size([64])
2024-12-22 02:42:39,830 - [Process 3/5] - INFO - len(per_windows_prompt):2
2024-12-22 02:42:50,569 - [Process 3/5] - INFO - res.shape is :torch.Size([64])
2024-12-22 02:42:50,913 - [Process 3/5] - INFO - len(per_windows_prompt):2
2024-12-22 02:43:01,923 - [Process 3/5] - INFO - res.shape is :torch.Size([64])
2024-12-22 02:43:02,146 - [Process 3/5] - INFO - len(per_windows_prompt):2
2024-12-22 02:43:12,761 - [Process 3/5] - INFO - res.shape is :torch.Size([64])
2024-12-22 02:43:13,178 - [Process 3/5] - INFO - len(per_windows_prompt):2
2024-12-22 02:43:25,649 - [Process 3/5] - INFO - res.shape is :torch.Size([64])
2024-12-22 02:43:25,831 - [Process 3/5] - INFO - len(per_windows_prompt):2
2024-12-22 02:43:37,308 - [Process 3/5] - INFO - res.shape is :torch.Size([64])
2024-12-22 02:43:37,509 - [Process 3/5] - INFO - len(per_windows_prompt):2
2024-12-22 02:43:46,386 - [Process 3/5] - INFO - res.shape is :torch.Size([64])
2024-12-22 02:43:46,637 - [Process 3/5] - INFO - len(per_windows_prompt):2
2024-12-22 02:43:57,578 - [Process 3/5] - INFO - res.shape is :torch.Size([64])
2024-12-22 02:43:57,730 - [Process 3/5] - INFO - len(per_windows_prompt):2
2024-12-22 02:44:05,354 - [Process 3/5] - INFO - res.shape is :torch.Size([64])
2024-12-22 02:44:05,583 - [Process 3/5] - INFO - len(per_windows_prompt):2
2024-12-22 02:44:17,458 - [Process 3/5] - INFO - res.shape is :torch.Size([64])
2024-12-22 02:44:17,752 - [Process 3/5] - INFO - len(per_windows_prompt):2
2024-12-22 02:44:28,030 - [Process 3/5] - INFO - res.shape is :torch.Size([64])
2024-12-22 02:44:28,303 - [Process 3/5] - INFO - len(per_windows_prompt):2
2024-12-22 02:44:38,918 - [Process 3/5] - INFO - res.shape is :torch.Size([64])
2024-12-22 02:44:39,102 - [Process 3/5] - INFO - len(per_windows_prompt):2
2024-12-22 02:44:46,853 - [Process 3/5] - INFO - res.shape is :torch.Size([64])
2024-12-22 02:44:47,063 - [Process 3/5] - INFO - len(per_windows_prompt):2
2024-12-22 02:44:57,094 - [Process 3/5] - INFO - res.shape is :torch.Size([64])
2024-12-22 02:44:57,325 - [Process 3/5] - INFO - len(per_windows_prompt):2
2024-12-22 02:45:08,133 - [Process 3/5] - INFO - res.shape is :torch.Size([64])
2024-12-22 02:45:08,356 - [Process 3/5] - INFO - len(per_windows_prompt):2
2024-12-22 02:45:17,444 - [Process 3/5] - INFO - res.shape is :torch.Size([64])
2024-12-22 02:45:17,658 - [Process 3/5] - INFO - len(per_windows_prompt):2
2024-12-22 02:45:27,614 - [Process 3/5] - INFO - res.shape is :torch.Size([64])
2024-12-22 02:45:27,861 - [Process 3/5] - INFO - len(per_windows_prompt):2
2024-12-22 02:45:38,979 - [Process 3/5] - INFO - res.shape is :torch.Size([64])
2024-12-22 02:45:39,176 - [Process 3/5] - INFO - len(per_windows_prompt):2
2024-12-22 02:45:51,055 - [Process 3/5] - INFO - res.shape is :torch.Size([64])
2024-12-22 02:45:51,376 - [Process 3/5] - INFO - len(per_windows_prompt):2
2024-12-22 02:46:02,018 - [Process 3/5] - INFO - res.shape is :torch.Size([64])
2024-12-22 02:46:02,285 - [Process 3/5] - INFO - len(per_windows_prompt):2
2024-12-22 02:46:12,686 - [Process 3/5] - INFO - res.shape is :torch.Size([64])
2024-12-22 02:46:12,924 - [Process 3/5] - INFO - len(per_windows_prompt):2
2024-12-22 02:46:21,309 - [Process 3/5] - INFO - res.shape is :torch.Size([64])
2024-12-22 02:46:21,501 - [Process 3/5] - INFO - len(per_windows_prompt):2
2024-12-22 02:46:28,972 - [Process 3/5] - INFO - res.shape is :torch.Size([64])
2024-12-22 02:46:29,202 - [Process 3/5] - INFO - len(per_windows_prompt):2
2024-12-22 02:46:38,815 - [Process 3/5] - INFO - res.shape is :torch.Size([64])
2024-12-22 02:46:39,052 - [Process 3/5] - INFO - len(per_windows_prompt):2
2024-12-22 02:46:49,375 - [Process 3/5] - INFO - res.shape is :torch.Size([64])
2024-12-22 02:46:49,571 - [Process 3/5] - INFO - len(per_windows_prompt):2
2024-12-22 02:46:57,045 - [Process 3/5] - INFO - res.shape is :torch.Size([64])
2024-12-22 02:46:57,256 - [Process 3/5] - INFO - len(per_windows_prompt):2
2024-12-22 02:47:05,564 - [Process 3/5] - INFO - res.shape is :torch.Size([64])
2024-12-22 02:47:05,808 - [Process 3/5] - INFO - len(per_windows_prompt):2
2024-12-22 02:47:13,264 - [Process 3/5] - INFO - res.shape is :torch.Size([64])
2024-12-22 02:47:13,462 - [Process 3/5] - INFO - len(per_windows_prompt):2
2024-12-22 02:47:26,519 - [Process 3/5] - INFO - res.shape is :torch.Size([64])
2024-12-22 02:47:26,708 - [Process 3/5] - INFO - len(per_windows_prompt):2
2024-12-22 02:47:33,929 - [Process 3/5] - INFO - res.shape is :torch.Size([64])
