2024-12-22 03:18:05,231 - [Process 0/5] - INFO - loading datasets finished
2024-12-22 03:18:05,231 - [Process 0/5] - INFO - model_max_len: 3950
2024-12-22 03:18:05,231 - [Process 0/5] - INFO - output_max_len: 128
2024-12-22 03:18:05,260 - [Process 0/5] - INFO - Max Length is 14660
2024-12-22 03:18:05,261 - [Process 0/5] - INFO - Finish loading dataset
2024-12-22 03:18:05,261 - [Process 0/5] - INFO - get_predicted begin
2024-12-22 03:18:10,081 - [Process 0/5] - INFO - len(per_windows_prompt):2
2024-12-22 03:18:14,779 - [Process 0/5] - INFO - res.shape is :torch.Size([4])
2024-12-22 03:18:14,960 - [Process 0/5] - INFO - len(per_windows_prompt):2
2024-12-22 03:18:18,685 - [Process 0/5] - INFO - res.shape is :torch.Size([9])
2024-12-22 03:18:18,879 - [Process 0/5] - INFO - len(per_windows_prompt):2
2024-12-22 03:18:23,101 - [Process 0/5] - INFO - res.shape is :torch.Size([7])
2024-12-22 03:18:23,264 - [Process 0/5] - INFO - len(per_windows_prompt):2
2024-12-22 03:18:26,748 - [Process 0/5] - INFO - res.shape is :torch.Size([5])
2024-12-22 03:18:26,937 - [Process 0/5] - INFO - len(per_windows_prompt):2
2024-12-22 03:18:33,567 - [Process 0/5] - INFO - res.shape is :torch.Size([62])
2024-12-22 03:18:33,783 - [Process 0/5] - INFO - len(per_windows_prompt):2
2024-12-22 03:18:37,844 - [Process 0/5] - INFO - res.shape is :torch.Size([4])
2024-12-22 03:18:38,051 - [Process 0/5] - INFO - len(per_windows_prompt):2
2024-12-22 03:18:42,060 - [Process 0/5] - INFO - res.shape is :torch.Size([2])
2024-12-22 03:18:42,268 - [Process 0/5] - INFO - len(per_windows_prompt):2
2024-12-22 03:18:46,707 - [Process 0/5] - INFO - res.shape is :torch.Size([15])
2024-12-22 03:18:46,881 - [Process 0/5] - INFO - len(per_windows_prompt):2
2024-12-22 03:18:50,772 - [Process 0/5] - INFO - res.shape is :torch.Size([3])
2024-12-22 03:18:50,969 - [Process 0/5] - INFO - len(per_windows_prompt):2
2024-12-22 03:18:54,818 - [Process 0/5] - INFO - res.shape is :torch.Size([2])
2024-12-22 03:18:55,007 - [Process 0/5] - INFO - len(per_windows_prompt):2
2024-12-22 03:18:58,922 - [Process 0/5] - INFO - res.shape is :torch.Size([4])
2024-12-22 03:18:59,080 - [Process 0/5] - INFO - len(per_windows_prompt):2
2024-12-22 03:19:08,186 - [Process 0/5] - INFO - res.shape is :torch.Size([128])
2024-12-22 03:19:08,360 - [Process 0/5] - INFO - len(per_windows_prompt):2
2024-12-22 03:19:11,990 - [Process 0/5] - INFO - res.shape is :torch.Size([4])
2024-12-22 03:19:12,205 - [Process 0/5] - INFO - len(per_windows_prompt):2
2024-12-22 03:19:17,724 - [Process 0/5] - INFO - res.shape is :torch.Size([38])
2024-12-22 03:19:17,915 - [Process 0/5] - INFO - len(per_windows_prompt):2
2024-12-22 03:19:21,770 - [Process 0/5] - INFO - res.shape is :torch.Size([2])
2024-12-22 03:19:22,074 - [Process 0/5] - INFO - len(per_windows_prompt):2
2024-12-22 03:19:26,190 - [Process 0/5] - INFO - res.shape is :torch.Size([5])
2024-12-22 03:19:26,463 - [Process 0/5] - INFO - len(per_windows_prompt):2
2024-12-22 03:19:30,399 - [Process 0/5] - INFO - res.shape is :torch.Size([4])
2024-12-22 03:19:30,592 - [Process 0/5] - INFO - len(per_windows_prompt):2
2024-12-22 03:19:34,613 - [Process 0/5] - INFO - res.shape is :torch.Size([5])
2024-12-22 03:19:34,803 - [Process 0/5] - INFO - len(per_windows_prompt):2
2024-12-22 03:19:38,866 - [Process 0/5] - INFO - res.shape is :torch.Size([4])
2024-12-22 03:19:39,067 - [Process 0/5] - INFO - len(per_windows_prompt):2
2024-12-22 03:19:43,094 - [Process 0/5] - INFO - res.shape is :torch.Size([4])
2024-12-22 03:19:43,299 - [Process 0/5] - INFO - len(per_windows_prompt):2
2024-12-22 03:19:47,423 - [Process 0/5] - INFO - res.shape is :torch.Size([8])
2024-12-22 03:19:47,653 - [Process 0/5] - INFO - len(per_windows_prompt):2
2024-12-22 03:19:51,565 - [Process 0/5] - INFO - res.shape is :torch.Size([3])
2024-12-22 03:19:51,774 - [Process 0/5] - INFO - len(per_windows_prompt):2
2024-12-22 03:19:55,915 - [Process 0/5] - INFO - res.shape is :torch.Size([4])
2024-12-22 03:19:56,121 - [Process 0/5] - INFO - len(per_windows_prompt):2
2024-12-22 03:20:00,205 - [Process 0/5] - INFO - res.shape is :torch.Size([4])
2024-12-22 03:20:00,410 - [Process 0/5] - INFO - len(per_windows_prompt):2
2024-12-22 03:20:04,451 - [Process 0/5] - INFO - res.shape is :torch.Size([5])
2024-12-22 03:20:04,643 - [Process 0/5] - INFO - len(per_windows_prompt):2
2024-12-22 03:20:08,651 - [Process 0/5] - INFO - res.shape is :torch.Size([5])
2024-12-22 03:20:08,804 - [Process 0/5] - INFO - len(per_windows_prompt):2
2024-12-22 03:20:12,145 - [Process 0/5] - INFO - res.shape is :torch.Size([4])
2024-12-22 03:20:12,369 - [Process 0/5] - INFO - len(per_windows_prompt):2
2024-12-22 03:20:16,301 - [Process 0/5] - INFO - res.shape is :torch.Size([3])
2024-12-22 03:20:16,443 - [Process 0/5] - INFO - len(per_windows_prompt):2
2024-12-22 03:20:19,554 - [Process 0/5] - INFO - res.shape is :torch.Size([4])
2024-12-22 03:20:19,753 - [Process 0/5] - INFO - len(per_windows_prompt):2
2024-12-22 03:20:24,669 - [Process 0/5] - INFO - res.shape is :torch.Size([25])
2024-12-22 03:20:24,855 - [Process 0/5] - INFO - len(per_windows_prompt):2
2024-12-22 03:20:29,809 - [Process 0/5] - INFO - res.shape is :torch.Size([26])
2024-12-22 03:20:30,002 - [Process 0/5] - INFO - len(per_windows_prompt):2
2024-12-22 03:20:34,141 - [Process 0/5] - INFO - res.shape is :torch.Size([4])
2024-12-22 03:20:34,346 - [Process 0/5] - INFO - len(per_windows_prompt):2
2024-12-22 03:20:38,374 - [Process 0/5] - INFO - res.shape is :torch.Size([5])
2024-12-22 03:20:38,587 - [Process 0/5] - INFO - len(per_windows_prompt):2
2024-12-22 03:20:42,516 - [Process 0/5] - INFO - res.shape is :torch.Size([4])
2024-12-22 03:20:42,704 - [Process 0/5] - INFO - len(per_windows_prompt):2
2024-12-22 03:20:46,603 - [Process 0/5] - INFO - res.shape is :torch.Size([2])
2024-12-22 03:20:46,852 - [Process 0/5] - INFO - len(per_windows_prompt):2
2024-12-22 03:20:50,991 - [Process 0/5] - INFO - res.shape is :torch.Size([4])
2024-12-22 03:20:51,171 - [Process 0/5] - INFO - len(per_windows_prompt):2
2024-12-22 03:20:55,050 - [Process 0/5] - INFO - res.shape is :torch.Size([2])
2024-12-22 03:20:55,180 - [Process 0/5] - INFO - len(per_windows_prompt):2
2024-12-22 03:20:58,602 - [Process 0/5] - INFO - res.shape is :torch.Size([13])
2024-12-22 03:20:58,800 - [Process 0/5] - INFO - len(per_windows_prompt):2
2024-12-22 03:21:02,937 - [Process 0/5] - INFO - res.shape is :torch.Size([4])
2024-12-22 03:21:03,135 - [Process 0/5] - INFO - len(per_windows_prompt):2
2024-12-22 03:21:07,266 - [Process 0/5] - INFO - res.shape is :torch.Size([5])
