2024-12-22 03:37:31,723 - [Process 0/5] - INFO - loading datasets finished
2024-12-22 03:37:31,724 - [Process 0/5] - INFO - model_max_len: 3950
2024-12-22 03:37:31,724 - [Process 0/5] - INFO - output_max_len: 32
2024-12-22 03:37:31,819 - [Process 0/5] - INFO - Max Length is 17355
2024-12-22 03:37:31,819 - [Process 0/5] - INFO - Finish loading dataset
2024-12-22 03:37:31,820 - [Process 0/5] - INFO - get_predicted begin
2024-12-22 03:37:36,575 - [Process 0/5] - INFO - len(per_windows_prompt):2
2024-12-22 03:37:41,248 - [Process 0/5] - INFO - res.shape is :torch.Size([4])
2024-12-22 03:37:41,550 - [Process 0/5] - INFO - len(per_windows_prompt):2
2024-12-22 03:37:45,435 - [Process 0/5] - INFO - res.shape is :torch.Size([5])
2024-12-22 03:37:45,737 - [Process 0/5] - INFO - len(per_windows_prompt):2
2024-12-22 03:37:50,305 - [Process 0/5] - INFO - res.shape is :torch.Size([20])
2024-12-22 03:37:50,583 - [Process 0/5] - INFO - len(per_windows_prompt):2
2024-12-22 03:37:54,377 - [Process 0/5] - INFO - res.shape is :torch.Size([3])
2024-12-22 03:37:54,662 - [Process 0/5] - INFO - len(per_windows_prompt):2
2024-12-22 03:37:58,478 - [Process 0/5] - INFO - res.shape is :torch.Size([4])
2024-12-22 03:37:58,750 - [Process 0/5] - INFO - len(per_windows_prompt):2
2024-12-22 03:38:02,676 - [Process 0/5] - INFO - res.shape is :torch.Size([6])
2024-12-22 03:38:02,948 - [Process 0/5] - INFO - len(per_windows_prompt):2
2024-12-22 03:38:06,960 - [Process 0/5] - INFO - res.shape is :torch.Size([7])
2024-12-22 03:38:07,239 - [Process 0/5] - INFO - len(per_windows_prompt):2
2024-12-22 03:38:11,049 - [Process 0/5] - INFO - res.shape is :torch.Size([3])
2024-12-22 03:38:11,344 - [Process 0/5] - INFO - len(per_windows_prompt):2
2024-12-22 03:38:15,338 - [Process 0/5] - INFO - res.shape is :torch.Size([6])
2024-12-22 03:38:15,632 - [Process 0/5] - INFO - len(per_windows_prompt):2
2024-12-22 03:38:19,552 - [Process 0/5] - INFO - res.shape is :torch.Size([6])
2024-12-22 03:38:19,853 - [Process 0/5] - INFO - len(per_windows_prompt):2
2024-12-22 03:38:23,810 - [Process 0/5] - INFO - res.shape is :torch.Size([5])
2024-12-22 03:38:24,094 - [Process 0/5] - INFO - len(per_windows_prompt):2
2024-12-22 03:38:28,090 - [Process 0/5] - INFO - res.shape is :torch.Size([6])
2024-12-22 03:38:28,374 - [Process 0/5] - INFO - len(per_windows_prompt):2
2024-12-22 03:38:32,233 - [Process 0/5] - INFO - res.shape is :torch.Size([4])
2024-12-22 03:38:32,518 - [Process 0/5] - INFO - len(per_windows_prompt):2
2024-12-22 03:38:36,341 - [Process 0/5] - INFO - res.shape is :torch.Size([4])
2024-12-22 03:38:36,613 - [Process 0/5] - INFO - len(per_windows_prompt):2
2024-12-22 03:38:41,256 - [Process 0/5] - INFO - res.shape is :torch.Size([23])
2024-12-22 03:38:41,538 - [Process 0/5] - INFO - len(per_windows_prompt):2
2024-12-22 03:38:45,328 - [Process 0/5] - INFO - res.shape is :torch.Size([3])
2024-12-22 03:38:45,612 - [Process 0/5] - INFO - len(per_windows_prompt):2
2024-12-22 03:38:49,631 - [Process 0/5] - INFO - res.shape is :torch.Size([6])
2024-12-22 03:38:49,909 - [Process 0/5] - INFO - len(per_windows_prompt):2
2024-12-22 03:38:53,700 - [Process 0/5] - INFO - res.shape is :torch.Size([3])
2024-12-22 03:38:53,986 - [Process 0/5] - INFO - len(per_windows_prompt):2
2024-12-22 03:38:57,857 - [Process 0/5] - INFO - res.shape is :torch.Size([4])
2024-12-22 03:38:58,136 - [Process 0/5] - INFO - len(per_windows_prompt):2
2024-12-22 03:39:02,095 - [Process 0/5] - INFO - res.shape is :torch.Size([6])
2024-12-22 03:39:02,378 - [Process 0/5] - INFO - len(per_windows_prompt):2
2024-12-22 03:39:06,306 - [Process 0/5] - INFO - res.shape is :torch.Size([4])
2024-12-22 03:39:06,587 - [Process 0/5] - INFO - len(per_windows_prompt):2
2024-12-22 03:39:10,520 - [Process 0/5] - INFO - res.shape is :torch.Size([6])
2024-12-22 03:39:10,815 - [Process 0/5] - INFO - len(per_windows_prompt):2
2024-12-22 03:39:14,828 - [Process 0/5] - INFO - res.shape is :torch.Size([8])
2024-12-22 03:39:15,107 - [Process 0/5] - INFO - len(per_windows_prompt):2
2024-12-22 03:39:19,309 - [Process 0/5] - INFO - res.shape is :torch.Size([11])
2024-12-22 03:39:19,597 - [Process 0/5] - INFO - len(per_windows_prompt):2
2024-12-22 03:39:23,560 - [Process 0/5] - INFO - res.shape is :torch.Size([6])
2024-12-22 03:39:23,812 - [Process 0/5] - INFO - len(per_windows_prompt):2
2024-12-22 03:39:27,763 - [Process 0/5] - INFO - res.shape is :torch.Size([5])
2024-12-22 03:39:28,045 - [Process 0/5] - INFO - len(per_windows_prompt):2
2024-12-22 03:39:31,929 - [Process 0/5] - INFO - res.shape is :torch.Size([4])
2024-12-22 03:39:32,209 - [Process 0/5] - INFO - len(per_windows_prompt):2
2024-12-22 03:39:36,162 - [Process 0/5] - INFO - res.shape is :torch.Size([6])
2024-12-22 03:39:36,444 - [Process 0/5] - INFO - len(per_windows_prompt):2
2024-12-22 03:39:40,595 - [Process 0/5] - INFO - res.shape is :torch.Size([11])
2024-12-22 03:39:40,874 - [Process 0/5] - INFO - len(per_windows_prompt):2
2024-12-22 03:39:44,714 - [Process 0/5] - INFO - res.shape is :torch.Size([4])
2024-12-22 03:39:44,940 - [Process 0/5] - INFO - len(per_windows_prompt):2
2024-12-22 03:39:49,019 - [Process 0/5] - INFO - res.shape is :torch.Size([6])
2024-12-22 03:39:49,303 - [Process 0/5] - INFO - len(per_windows_prompt):2
2024-12-22 03:39:53,906 - [Process 0/5] - INFO - res.shape is :torch.Size([20])
2024-12-22 03:39:54,194 - [Process 0/5] - INFO - len(per_windows_prompt):2
2024-12-22 03:39:58,117 - [Process 0/5] - INFO - res.shape is :torch.Size([5])
2024-12-22 03:39:58,387 - [Process 0/5] - INFO - len(per_windows_prompt):2
2024-12-22 03:40:02,369 - [Process 0/5] - INFO - res.shape is :torch.Size([5])
2024-12-22 03:40:02,648 - [Process 0/5] - INFO - len(per_windows_prompt):2
2024-12-22 03:40:06,541 - [Process 0/5] - INFO - res.shape is :torch.Size([5])
2024-12-22 03:40:06,789 - [Process 0/5] - INFO - len(per_windows_prompt):2
2024-12-22 03:40:10,629 - [Process 0/5] - INFO - res.shape is :torch.Size([4])
2024-12-22 03:40:10,916 - [Process 0/5] - INFO - len(per_windows_prompt):2
2024-12-22 03:40:14,939 - [Process 0/5] - INFO - res.shape is :torch.Size([8])
2024-12-22 03:40:15,178 - [Process 0/5] - INFO - len(per_windows_prompt):2
2024-12-22 03:40:19,083 - [Process 0/5] - INFO - res.shape is :torch.Size([4])
2024-12-22 03:40:19,363 - [Process 0/5] - INFO - len(per_windows_prompt):2
2024-12-22 03:40:23,570 - [Process 0/5] - INFO - res.shape is :torch.Size([11])
2024-12-22 03:40:23,880 - [Process 0/5] - INFO - len(per_windows_prompt):2
2024-12-22 03:40:27,695 - [Process 0/5] - INFO - res.shape is :torch.Size([3])
