2024-12-22 05:51:05,359 - [Process 2/5] - INFO - loading datasets finished
2024-12-22 05:51:05,359 - [Process 2/5] - INFO - model_max_len: 3950
2024-12-22 05:51:05,359 - [Process 2/5] - INFO - output_max_len: 32
2024-12-22 05:51:05,446 - [Process 2/5] - INFO - Max Length is 22099
2024-12-22 05:51:05,446 - [Process 2/5] - INFO - Finish loading dataset
2024-12-22 05:51:05,446 - [Process 2/5] - INFO - get_predicted begin
2024-12-22 05:51:10,227 - [Process 2/5] - INFO - len(per_windows_prompt):2
2024-12-22 05:51:14,728 - [Process 2/5] - INFO - res.shape is :torch.Size([2])
2024-12-22 05:51:15,028 - [Process 2/5] - INFO - len(per_windows_prompt):2
2024-12-22 05:51:18,996 - [Process 2/5] - INFO - res.shape is :torch.Size([6])
2024-12-22 05:51:19,234 - [Process 2/5] - INFO - len(per_windows_prompt):2
2024-12-22 05:51:23,582 - [Process 2/5] - INFO - res.shape is :torch.Size([16])
2024-12-22 05:51:23,823 - [Process 2/5] - INFO - len(per_windows_prompt):2
2024-12-22 05:51:27,628 - [Process 2/5] - INFO - res.shape is :torch.Size([2])
2024-12-22 05:51:27,871 - [Process 2/5] - INFO - len(per_windows_prompt):2
2024-12-22 05:51:31,666 - [Process 2/5] - INFO - res.shape is :torch.Size([2])
2024-12-22 05:51:31,936 - [Process 2/5] - INFO - len(per_windows_prompt):2
2024-12-22 05:51:35,731 - [Process 2/5] - INFO - res.shape is :torch.Size([2])
2024-12-22 05:51:35,975 - [Process 2/5] - INFO - len(per_windows_prompt):2
2024-12-22 05:51:39,786 - [Process 2/5] - INFO - res.shape is :torch.Size([2])
2024-12-22 05:51:40,008 - [Process 2/5] - INFO - len(per_windows_prompt):2
2024-12-22 05:51:43,825 - [Process 2/5] - INFO - res.shape is :torch.Size([2])
2024-12-22 05:51:44,033 - [Process 2/5] - INFO - len(per_windows_prompt):2
2024-12-22 05:51:47,854 - [Process 2/5] - INFO - res.shape is :torch.Size([2])
2024-12-22 05:51:48,117 - [Process 2/5] - INFO - len(per_windows_prompt):2
2024-12-22 05:51:51,926 - [Process 2/5] - INFO - res.shape is :torch.Size([2])
2024-12-22 05:51:52,165 - [Process 2/5] - INFO - len(per_windows_prompt):2
2024-12-22 05:51:55,991 - [Process 2/5] - INFO - res.shape is :torch.Size([2])
2024-12-22 05:51:56,256 - [Process 2/5] - INFO - len(per_windows_prompt):2
2024-12-22 05:52:00,037 - [Process 2/5] - INFO - res.shape is :torch.Size([2])
2024-12-22 05:52:00,296 - [Process 2/5] - INFO - len(per_windows_prompt):2
2024-12-22 05:52:04,152 - [Process 2/5] - INFO - res.shape is :torch.Size([3])
2024-12-22 05:52:04,428 - [Process 2/5] - INFO - len(per_windows_prompt):2
2024-12-22 05:52:08,399 - [Process 2/5] - INFO - res.shape is :torch.Size([2])
2024-12-22 05:52:08,704 - [Process 2/5] - INFO - len(per_windows_prompt):2
2024-12-22 05:52:12,551 - [Process 2/5] - INFO - res.shape is :torch.Size([2])
2024-12-22 05:52:12,837 - [Process 2/5] - INFO - len(per_windows_prompt):2
2024-12-22 05:52:16,729 - [Process 2/5] - INFO - res.shape is :torch.Size([2])
2024-12-22 05:52:16,995 - [Process 2/5] - INFO - len(per_windows_prompt):2
2024-12-22 05:52:20,853 - [Process 2/5] - INFO - res.shape is :torch.Size([2])
2024-12-22 05:52:21,097 - [Process 2/5] - INFO - len(per_windows_prompt):2
2024-12-22 05:52:24,940 - [Process 2/5] - INFO - res.shape is :torch.Size([2])
2024-12-22 05:52:25,161 - [Process 2/5] - INFO - len(per_windows_prompt):2
2024-12-22 05:52:29,015 - [Process 2/5] - INFO - res.shape is :torch.Size([2])
2024-12-22 05:52:29,203 - [Process 2/5] - INFO - len(per_windows_prompt):2
2024-12-22 05:52:33,035 - [Process 2/5] - INFO - res.shape is :torch.Size([2])
2024-12-22 05:52:33,327 - [Process 2/5] - INFO - len(per_windows_prompt):2
2024-12-22 05:52:37,313 - [Process 2/5] - INFO - res.shape is :torch.Size([2])
2024-12-22 05:52:37,539 - [Process 2/5] - INFO - len(per_windows_prompt):2
2024-12-22 05:52:41,433 - [Process 2/5] - INFO - res.shape is :torch.Size([2])
2024-12-22 05:52:41,732 - [Process 2/5] - INFO - len(per_windows_prompt):2
2024-12-22 05:52:45,590 - [Process 2/5] - INFO - res.shape is :torch.Size([2])
2024-12-22 05:52:45,805 - [Process 2/5] - INFO - len(per_windows_prompt):2
2024-12-22 05:52:49,655 - [Process 2/5] - INFO - res.shape is :torch.Size([2])
2024-12-22 05:52:49,910 - [Process 2/5] - INFO - len(per_windows_prompt):2
2024-12-22 05:52:53,745 - [Process 2/5] - INFO - res.shape is :torch.Size([2])
2024-12-22 05:52:54,083 - [Process 2/5] - INFO - len(per_windows_prompt):2
2024-12-22 05:52:58,072 - [Process 2/5] - INFO - res.shape is :torch.Size([2])
2024-12-22 05:52:58,357 - [Process 2/5] - INFO - len(per_windows_prompt):2
2024-12-22 05:53:02,349 - [Process 2/5] - INFO - res.shape is :torch.Size([2])
2024-12-22 05:53:02,674 - [Process 2/5] - INFO - len(per_windows_prompt):2
2024-12-22 05:53:06,528 - [Process 2/5] - INFO - res.shape is :torch.Size([2])
2024-12-22 05:53:06,837 - [Process 2/5] - INFO - len(per_windows_prompt):2
2024-12-22 05:53:10,825 - [Process 2/5] - INFO - res.shape is :torch.Size([2])
2024-12-22 05:53:11,075 - [Process 2/5] - INFO - len(per_windows_prompt):2
2024-12-22 05:53:14,925 - [Process 2/5] - INFO - res.shape is :torch.Size([2])
2024-12-22 05:53:15,177 - [Process 2/5] - INFO - len(per_windows_prompt):2
2024-12-22 05:53:19,046 - [Process 2/5] - INFO - res.shape is :torch.Size([2])
2024-12-22 05:53:19,347 - [Process 2/5] - INFO - len(per_windows_prompt):2
2024-12-22 05:53:23,197 - [Process 2/5] - INFO - res.shape is :torch.Size([2])
2024-12-22 05:53:23,492 - [Process 2/5] - INFO - len(per_windows_prompt):2
2024-12-22 05:53:27,484 - [Process 2/5] - INFO - res.shape is :torch.Size([2])
2024-12-22 05:53:27,743 - [Process 2/5] - INFO - len(per_windows_prompt):2
2024-12-22 05:53:31,556 - [Process 2/5] - INFO - res.shape is :torch.Size([2])
2024-12-22 05:53:31,765 - [Process 2/5] - INFO - len(per_windows_prompt):2
2024-12-22 05:53:35,625 - [Process 2/5] - INFO - res.shape is :torch.Size([2])
2024-12-22 05:53:35,897 - [Process 2/5] - INFO - len(per_windows_prompt):2
2024-12-22 05:53:40,336 - [Process 2/5] - INFO - res.shape is :torch.Size([16])
2024-12-22 05:53:40,532 - [Process 2/5] - INFO - len(per_windows_prompt):2
2024-12-22 05:53:45,012 - [Process 2/5] - INFO - res.shape is :torch.Size([17])
2024-12-22 05:53:45,247 - [Process 2/5] - INFO - len(per_windows_prompt):2
2024-12-22 05:53:49,159 - [Process 2/5] - INFO - res.shape is :torch.Size([2])
2024-12-22 05:53:49,446 - [Process 2/5] - INFO - len(per_windows_prompt):2
2024-12-22 05:53:53,332 - [Process 2/5] - INFO - res.shape is :torch.Size([2])
2024-12-22 05:53:53,616 - [Process 2/5] - INFO - len(per_windows_prompt):2
2024-12-22 05:53:57,476 - [Process 2/5] - INFO - res.shape is :torch.Size([2])
