2024-12-22 04:12:25,073 - [Process 0/5] - INFO - loading datasets finished
2024-12-22 04:12:25,074 - [Process 0/5] - INFO - model_max_len: 3950
2024-12-22 04:12:25,074 - [Process 0/5] - INFO - output_max_len: 128
2024-12-22 04:12:25,151 - [Process 0/5] - INFO - Max Length is 12252
2024-12-22 04:12:25,151 - [Process 0/5] - INFO - Finish loading dataset
2024-12-22 04:12:25,152 - [Process 0/5] - INFO - get_predicted begin
2024-12-22 04:12:29,928 - [Process 0/5] - INFO - len(per_windows_prompt):2
2024-12-22 04:12:34,603 - [Process 0/5] - INFO - res.shape is :torch.Size([7])
2024-12-22 04:12:34,745 - [Process 0/5] - INFO - len(per_windows_prompt):2
2024-12-22 04:12:39,188 - [Process 0/5] - INFO - res.shape is :torch.Size([36])
2024-12-22 04:12:39,431 - [Process 0/5] - INFO - len(per_windows_prompt):2
2024-12-22 04:12:43,958 - [Process 0/5] - INFO - res.shape is :torch.Size([20])
2024-12-22 04:12:44,167 - [Process 0/5] - INFO - len(per_windows_prompt):2
2024-12-22 04:12:50,586 - [Process 0/5] - INFO - res.shape is :torch.Size([57])
2024-12-22 04:12:50,804 - [Process 0/5] - INFO - len(per_windows_prompt):2
2024-12-22 04:12:57,713 - [Process 0/5] - INFO - res.shape is :torch.Size([60])
2024-12-22 04:12:57,965 - [Process 0/5] - INFO - len(per_windows_prompt):2
2024-12-22 04:13:04,706 - [Process 0/5] - INFO - res.shape is :torch.Size([66])
2024-12-22 04:13:04,975 - [Process 0/5] - INFO - len(per_windows_prompt):2
2024-12-22 04:13:12,367 - [Process 0/5] - INFO - res.shape is :torch.Size([78])
2024-12-22 04:13:12,638 - [Process 0/5] - INFO - len(per_windows_prompt):2
2024-12-22 04:13:18,185 - [Process 0/5] - INFO - res.shape is :torch.Size([42])
2024-12-22 04:13:18,423 - [Process 0/5] - INFO - len(per_windows_prompt):2
2024-12-22 04:13:22,937 - [Process 0/5] - INFO - res.shape is :torch.Size([18])
2024-12-22 04:13:23,090 - [Process 0/5] - INFO - len(per_windows_prompt):2
2024-12-22 04:13:28,962 - [Process 0/5] - INFO - res.shape is :torch.Size([57])
2024-12-22 04:13:29,185 - [Process 0/5] - INFO - len(per_windows_prompt):2
2024-12-22 04:13:33,567 - [Process 0/5] - INFO - res.shape is :torch.Size([16])
2024-12-22 04:13:33,786 - [Process 0/5] - INFO - len(per_windows_prompt):2
2024-12-22 04:13:39,328 - [Process 0/5] - INFO - res.shape is :torch.Size([39])
2024-12-22 04:13:39,516 - [Process 0/5] - INFO - len(per_windows_prompt):2
2024-12-22 04:13:45,309 - [Process 0/5] - INFO - res.shape is :torch.Size([46])
2024-12-22 04:13:45,552 - [Process 0/5] - INFO - len(per_windows_prompt):2
2024-12-22 04:13:50,786 - [Process 0/5] - INFO - res.shape is :torch.Size([36])
2024-12-22 04:13:51,016 - [Process 0/5] - INFO - len(per_windows_prompt):2
2024-12-22 04:13:55,992 - [Process 0/5] - INFO - res.shape is :torch.Size([28])
2024-12-22 04:13:56,212 - [Process 0/5] - INFO - len(per_windows_prompt):2
2024-12-22 04:14:00,942 - [Process 0/5] - INFO - res.shape is :torch.Size([24])
2024-12-22 04:14:01,125 - [Process 0/5] - INFO - len(per_windows_prompt):2
2024-12-22 04:14:05,848 - [Process 0/5] - INFO - res.shape is :torch.Size([22])
2024-12-22 04:14:06,011 - [Process 0/5] - INFO - len(per_windows_prompt):2
2024-12-22 04:14:10,145 - [Process 0/5] - INFO - res.shape is :torch.Size([19])
2024-12-22 04:14:10,397 - [Process 0/5] - INFO - len(per_windows_prompt):2
2024-12-22 04:14:15,164 - [Process 0/5] - INFO - res.shape is :torch.Size([25])
2024-12-22 04:14:15,349 - [Process 0/5] - INFO - len(per_windows_prompt):2
2024-12-22 04:14:19,673 - [Process 0/5] - INFO - res.shape is :torch.Size([18])
2024-12-22 04:14:19,939 - [Process 0/5] - INFO - len(per_windows_prompt):2
2024-12-22 04:14:24,446 - [Process 0/5] - INFO - res.shape is :torch.Size([19])
2024-12-22 04:14:24,708 - [Process 0/5] - INFO - len(per_windows_prompt):2
2024-12-22 04:14:29,366 - [Process 0/5] - INFO - res.shape is :torch.Size([21])
2024-12-22 04:14:29,553 - [Process 0/5] - INFO - len(per_windows_prompt):2
2024-12-22 04:14:35,090 - [Process 0/5] - INFO - res.shape is :torch.Size([41])
2024-12-22 04:14:35,291 - [Process 0/5] - INFO - len(per_windows_prompt):2
2024-12-22 04:14:40,417 - [Process 0/5] - INFO - res.shape is :torch.Size([26])
2024-12-22 04:14:40,668 - [Process 0/5] - INFO - len(per_windows_prompt):2
2024-12-22 04:14:46,168 - [Process 0/5] - INFO - res.shape is :torch.Size([38])
2024-12-22 04:14:46,353 - [Process 0/5] - INFO - len(per_windows_prompt):2
2024-12-22 04:14:52,812 - [Process 0/5] - INFO - res.shape is :torch.Size([56])
2024-12-22 04:14:53,037 - [Process 0/5] - INFO - len(per_windows_prompt):2
2024-12-22 04:14:57,302 - [Process 0/5] - INFO - res.shape is :torch.Size([13])
2024-12-22 04:14:57,563 - [Process 0/5] - INFO - len(per_windows_prompt):2
2024-12-22 04:15:02,635 - [Process 0/5] - INFO - res.shape is :torch.Size([32])
2024-12-22 04:15:02,852 - [Process 0/5] - INFO - len(per_windows_prompt):2
2024-12-22 04:15:08,564 - [Process 0/5] - INFO - res.shape is :torch.Size([39])
2024-12-22 04:15:08,845 - [Process 0/5] - INFO - len(per_windows_prompt):2
2024-12-22 04:15:13,678 - [Process 0/5] - INFO - res.shape is :torch.Size([24])
2024-12-22 04:15:13,866 - [Process 0/5] - INFO - len(per_windows_prompt):2
2024-12-22 04:15:20,312 - [Process 0/5] - INFO - res.shape is :torch.Size([57])
2024-12-22 04:15:20,512 - [Process 0/5] - INFO - len(per_windows_prompt):2
2024-12-22 04:15:24,805 - [Process 0/5] - INFO - res.shape is :torch.Size([15])
2024-12-22 04:15:25,004 - [Process 0/5] - INFO - len(per_windows_prompt):2
2024-12-22 04:15:31,707 - [Process 0/5] - INFO - res.shape is :torch.Size([59])
2024-12-22 04:15:31,959 - [Process 0/5] - INFO - len(per_windows_prompt):2
2024-12-22 04:15:36,674 - [Process 0/5] - INFO - res.shape is :torch.Size([25])
2024-12-22 04:15:36,783 - [Process 0/5] - INFO - len(per_windows_prompt):2
2024-12-22 04:15:40,379 - [Process 0/5] - INFO - res.shape is :torch.Size([32])
2024-12-22 04:15:40,652 - [Process 0/5] - INFO - len(per_windows_prompt):2
2024-12-22 04:15:44,962 - [Process 0/5] - INFO - res.shape is :torch.Size([15])
2024-12-22 04:15:45,218 - [Process 0/5] - INFO - len(per_windows_prompt):2
2024-12-22 04:15:50,847 - [Process 0/5] - INFO - res.shape is :torch.Size([37])
2024-12-22 04:15:51,100 - [Process 0/5] - INFO - len(per_windows_prompt):2
2024-12-22 04:15:57,254 - [Process 0/5] - INFO - res.shape is :torch.Size([52])
2024-12-22 04:15:57,490 - [Process 0/5] - INFO - len(per_windows_prompt):2
2024-12-22 04:16:02,614 - [Process 0/5] - INFO - res.shape is :torch.Size([25])
2024-12-22 04:16:02,794 - [Process 0/5] - INFO - len(per_windows_prompt):2
2024-12-22 04:16:10,095 - [Process 0/5] - INFO - res.shape is :torch.Size([77])
