2024-12-22 05:13:57,356 - [Process 1/5] - INFO - loading datasets finished
2024-12-22 05:13:57,356 - [Process 1/5] - INFO - model_max_len: 3950
2024-12-22 05:13:57,356 - [Process 1/5] - INFO - output_max_len: 128
2024-12-22 05:13:57,386 - [Process 1/5] - INFO - Max Length is 14660
2024-12-22 05:13:57,387 - [Process 1/5] - INFO - Finish loading dataset
2024-12-22 05:13:57,387 - [Process 1/5] - INFO - get_predicted begin
2024-12-22 05:14:02,209 - [Process 1/5] - INFO - len(per_windows_prompt):2
2024-12-22 05:14:06,946 - [Process 1/5] - INFO - res.shape is :torch.Size([4])
2024-12-22 05:14:07,166 - [Process 1/5] - INFO - len(per_windows_prompt):2
2024-12-22 05:14:11,102 - [Process 1/5] - INFO - res.shape is :torch.Size([3])
2024-12-22 05:14:11,245 - [Process 1/5] - INFO - len(per_windows_prompt):2
2024-12-22 05:14:14,749 - [Process 1/5] - INFO - res.shape is :torch.Size([17])
2024-12-22 05:14:14,934 - [Process 1/5] - INFO - len(per_windows_prompt):2
2024-12-22 05:14:18,890 - [Process 1/5] - INFO - res.shape is :torch.Size([4])
2024-12-22 05:14:19,095 - [Process 1/5] - INFO - len(per_windows_prompt):2
2024-12-22 05:14:23,061 - [Process 1/5] - INFO - res.shape is :torch.Size([4])
2024-12-22 05:14:23,248 - [Process 1/5] - INFO - len(per_windows_prompt):2
2024-12-22 05:14:27,218 - [Process 1/5] - INFO - res.shape is :torch.Size([4])
2024-12-22 05:14:27,354 - [Process 1/5] - INFO - len(per_windows_prompt):2
2024-12-22 05:14:33,900 - [Process 1/5] - INFO - res.shape is :torch.Size([97])
2024-12-22 05:14:34,089 - [Process 1/5] - INFO - len(per_windows_prompt):2
2024-12-22 05:14:38,241 - [Process 1/5] - INFO - res.shape is :torch.Size([4])
2024-12-22 05:14:38,405 - [Process 1/5] - INFO - len(per_windows_prompt):2
2024-12-22 05:14:42,085 - [Process 1/5] - INFO - res.shape is :torch.Size([4])
2024-12-22 05:14:42,280 - [Process 1/5] - INFO - len(per_windows_prompt):2
2024-12-22 05:14:46,312 - [Process 1/5] - INFO - res.shape is :torch.Size([4])
2024-12-22 05:14:46,484 - [Process 1/5] - INFO - len(per_windows_prompt):2
2024-12-22 05:14:50,392 - [Process 1/5] - INFO - res.shape is :torch.Size([2])
2024-12-22 05:14:50,587 - [Process 1/5] - INFO - len(per_windows_prompt):2
2024-12-22 05:14:54,712 - [Process 1/5] - INFO - res.shape is :torch.Size([3])
2024-12-22 05:14:54,892 - [Process 1/5] - INFO - len(per_windows_prompt):2
2024-12-22 05:14:58,821 - [Process 1/5] - INFO - res.shape is :torch.Size([3])
2024-12-22 05:14:58,918 - [Process 1/5] - INFO - len(per_windows_prompt):2
2024-12-22 05:15:01,993 - [Process 1/5] - INFO - res.shape is :torch.Size([22])
2024-12-22 05:15:02,318 - [Process 1/5] - INFO - len(per_windows_prompt):2
2024-12-22 05:15:06,501 - [Process 1/5] - INFO - res.shape is :torch.Size([4])
2024-12-22 05:15:06,706 - [Process 1/5] - INFO - len(per_windows_prompt):2
2024-12-22 05:15:10,734 - [Process 1/5] - INFO - res.shape is :torch.Size([4])
2024-12-22 05:15:10,940 - [Process 1/5] - INFO - len(per_windows_prompt):2
2024-12-22 05:15:14,985 - [Process 1/5] - INFO - res.shape is :torch.Size([5])
2024-12-22 05:15:15,333 - [Process 1/5] - INFO - len(per_windows_prompt):2
2024-12-22 05:15:22,614 - [Process 1/5] - INFO - res.shape is :torch.Size([78])
2024-12-22 05:15:22,820 - [Process 1/5] - INFO - len(per_windows_prompt):2
2024-12-22 05:15:27,129 - [Process 1/5] - INFO - res.shape is :torch.Size([7])
2024-12-22 05:15:27,280 - [Process 1/5] - INFO - len(per_windows_prompt):2
2024-12-22 05:15:30,774 - [Process 1/5] - INFO - res.shape is :torch.Size([3])
2024-12-22 05:15:30,952 - [Process 1/5] - INFO - len(per_windows_prompt):2
2024-12-22 05:15:36,794 - [Process 1/5] - INFO - res.shape is :torch.Size([43])
2024-12-22 05:15:36,981 - [Process 1/5] - INFO - len(per_windows_prompt):2
2024-12-22 05:15:41,056 - [Process 1/5] - INFO - res.shape is :torch.Size([2])
2024-12-22 05:15:41,213 - [Process 1/5] - INFO - len(per_windows_prompt):2
2024-12-22 05:15:45,724 - [Process 1/5] - INFO - res.shape is :torch.Size([27])
2024-12-22 05:15:45,915 - [Process 1/5] - INFO - len(per_windows_prompt):2
2024-12-22 05:15:53,649 - [Process 1/5] - INFO - res.shape is :torch.Size([86])
2024-12-22 05:15:53,835 - [Process 1/5] - INFO - len(per_windows_prompt):2
2024-12-22 05:15:57,845 - [Process 1/5] - INFO - res.shape is :torch.Size([4])
2024-12-22 05:15:57,968 - [Process 1/5] - INFO - len(per_windows_prompt):2
2024-12-22 05:16:00,999 - [Process 1/5] - INFO - res.shape is :torch.Size([5])
2024-12-22 05:16:01,201 - [Process 1/5] - INFO - len(per_windows_prompt):2
2024-12-22 05:16:05,198 - [Process 1/5] - INFO - res.shape is :torch.Size([4])
2024-12-22 05:16:05,448 - [Process 1/5] - INFO - len(per_windows_prompt):2
2024-12-22 05:16:09,483 - [Process 1/5] - INFO - res.shape is :torch.Size([4])
2024-12-22 05:16:09,655 - [Process 1/5] - INFO - len(per_windows_prompt):2
2024-12-22 05:16:13,598 - [Process 1/5] - INFO - res.shape is :torch.Size([3])
2024-12-22 05:16:13,748 - [Process 1/5] - INFO - len(per_windows_prompt):2
2024-12-22 05:16:17,131 - [Process 1/5] - INFO - res.shape is :torch.Size([4])
2024-12-22 05:16:17,325 - [Process 1/5] - INFO - len(per_windows_prompt):2
2024-12-22 05:16:21,471 - [Process 1/5] - INFO - res.shape is :torch.Size([3])
2024-12-22 05:16:21,595 - [Process 1/5] - INFO - len(per_windows_prompt):2
2024-12-22 05:16:26,671 - [Process 1/5] - INFO - res.shape is :torch.Size([56])
2024-12-22 05:16:26,873 - [Process 1/5] - INFO - len(per_windows_prompt):2
2024-12-22 05:16:31,071 - [Process 1/5] - INFO - res.shape is :torch.Size([4])
2024-12-22 05:16:31,312 - [Process 1/5] - INFO - len(per_windows_prompt):2
2024-12-22 05:16:35,316 - [Process 1/5] - INFO - res.shape is :torch.Size([4])
2024-12-22 05:16:35,511 - [Process 1/5] - INFO - len(per_windows_prompt):2
2024-12-22 05:16:39,696 - [Process 1/5] - INFO - res.shape is :torch.Size([4])
2024-12-22 05:16:39,847 - [Process 1/5] - INFO - len(per_windows_prompt):2
2024-12-22 05:16:43,311 - [Process 1/5] - INFO - res.shape is :torch.Size([6])
2024-12-22 05:16:43,495 - [Process 1/5] - INFO - len(per_windows_prompt):2
2024-12-22 05:16:47,452 - [Process 1/5] - INFO - res.shape is :torch.Size([3])
2024-12-22 05:16:47,645 - [Process 1/5] - INFO - len(per_windows_prompt):2
2024-12-22 05:16:51,662 - [Process 1/5] - INFO - res.shape is :torch.Size([4])
2024-12-22 05:16:51,769 - [Process 1/5] - INFO - len(per_windows_prompt):2
2024-12-22 05:16:56,220 - [Process 1/5] - INFO - res.shape is :torch.Size([56])
2024-12-22 05:16:56,402 - [Process 1/5] - INFO - len(per_windows_prompt):2
2024-12-22 05:17:01,856 - [Process 1/5] - INFO - res.shape is :torch.Size([33])
