2024-12-22 05:08:55,642 - [Process 3/5] - INFO - loading datasets finished
2024-12-22 05:08:55,643 - [Process 3/5] - INFO - model_max_len: 3950
2024-12-22 05:08:55,643 - [Process 3/5] - INFO - output_max_len: 128
2024-12-22 05:08:55,737 - [Process 3/5] - INFO - Max Length is 36418
2024-12-22 05:08:55,738 - [Process 3/5] - INFO - Finish loading dataset
2024-12-22 05:08:55,738 - [Process 3/5] - INFO - get_predicted begin
2024-12-22 05:09:00,493 - [Process 3/5] - INFO - len(per_windows_prompt):2
2024-12-22 05:09:05,298 - [Process 3/5] - INFO - res.shape is :torch.Size([8])
2024-12-22 05:09:05,690 - [Process 3/5] - INFO - len(per_windows_prompt):2
2024-12-22 05:09:09,653 - [Process 3/5] - INFO - res.shape is :torch.Size([6])
2024-12-22 05:09:10,270 - [Process 3/5] - INFO - len(per_windows_prompt):2
2024-12-22 05:09:14,176 - [Process 3/5] - INFO - res.shape is :torch.Size([3])
2024-12-22 05:09:14,780 - [Process 3/5] - INFO - len(per_windows_prompt):2
2024-12-22 05:09:18,817 - [Process 3/5] - INFO - res.shape is :torch.Size([6])
2024-12-22 05:09:19,434 - [Process 3/5] - INFO - len(per_windows_prompt):2
2024-12-22 05:09:23,389 - [Process 3/5] - INFO - res.shape is :torch.Size([4])
2024-12-22 05:09:23,603 - [Process 3/5] - INFO - len(per_windows_prompt):2
2024-12-22 05:09:27,657 - [Process 3/5] - INFO - res.shape is :torch.Size([7])
2024-12-22 05:09:27,897 - [Process 3/5] - INFO - len(per_windows_prompt):2
2024-12-22 05:09:32,051 - [Process 3/5] - INFO - res.shape is :torch.Size([10])
2024-12-22 05:09:32,353 - [Process 3/5] - INFO - len(per_windows_prompt):2
2024-12-22 05:09:36,240 - [Process 3/5] - INFO - res.shape is :torch.Size([4])
2024-12-22 05:09:36,545 - [Process 3/5] - INFO - len(per_windows_prompt):2
2024-12-22 05:09:40,723 - [Process 3/5] - INFO - res.shape is :torch.Size([11])
2024-12-22 05:09:41,129 - [Process 3/5] - INFO - len(per_windows_prompt):2
2024-12-22 05:09:44,979 - [Process 3/5] - INFO - res.shape is :torch.Size([2])
2024-12-22 05:09:45,408 - [Process 3/5] - INFO - len(per_windows_prompt):2
2024-12-22 05:09:49,392 - [Process 3/5] - INFO - res.shape is :torch.Size([5])
2024-12-22 05:09:49,790 - [Process 3/5] - INFO - len(per_windows_prompt):2
2024-12-22 05:09:53,650 - [Process 3/5] - INFO - res.shape is :torch.Size([2])
2024-12-22 05:09:54,113 - [Process 3/5] - INFO - len(per_windows_prompt):2
2024-12-22 05:09:58,116 - [Process 3/5] - INFO - res.shape is :torch.Size([5])
2024-12-22 05:09:58,387 - [Process 3/5] - INFO - len(per_windows_prompt):2
2024-12-22 05:10:02,939 - [Process 3/5] - INFO - res.shape is :torch.Size([17])
2024-12-22 05:10:03,192 - [Process 3/5] - INFO - len(per_windows_prompt):2
2024-12-22 05:10:07,412 - [Process 3/5] - INFO - res.shape is :torch.Size([10])
2024-12-22 05:10:07,651 - [Process 3/5] - INFO - len(per_windows_prompt):2
2024-12-22 05:10:11,617 - [Process 3/5] - INFO - res.shape is :torch.Size([4])
2024-12-22 05:10:11,870 - [Process 3/5] - INFO - len(per_windows_prompt):2
2024-12-22 05:10:15,825 - [Process 3/5] - INFO - res.shape is :torch.Size([5])
2024-12-22 05:10:16,055 - [Process 3/5] - INFO - len(per_windows_prompt):2
2024-12-22 05:10:21,446 - [Process 3/5] - INFO - res.shape is :torch.Size([38])
2024-12-22 05:10:21,847 - [Process 3/5] - INFO - len(per_windows_prompt):2
2024-12-22 05:10:25,758 - [Process 3/5] - INFO - res.shape is :torch.Size([4])
2024-12-22 05:10:25,989 - [Process 3/5] - INFO - len(per_windows_prompt):2
2024-12-22 05:10:30,015 - [Process 3/5] - INFO - res.shape is :torch.Size([6])
2024-12-22 05:10:30,409 - [Process 3/5] - INFO - len(per_windows_prompt):2
2024-12-22 05:10:34,492 - [Process 3/5] - INFO - res.shape is :torch.Size([8])
2024-12-22 05:10:34,788 - [Process 3/5] - INFO - len(per_windows_prompt):2
2024-12-22 05:10:38,702 - [Process 3/5] - INFO - res.shape is :torch.Size([4])
2024-12-22 05:10:39,250 - [Process 3/5] - INFO - len(per_windows_prompt):2
2024-12-22 05:10:43,147 - [Process 3/5] - INFO - res.shape is :torch.Size([3])
2024-12-22 05:10:43,514 - [Process 3/5] - INFO - len(per_windows_prompt):2
2024-12-22 05:10:47,514 - [Process 3/5] - INFO - res.shape is :torch.Size([6])
2024-12-22 05:10:47,957 - [Process 3/5] - INFO - len(per_windows_prompt):2
2024-12-22 05:10:52,090 - [Process 3/5] - INFO - res.shape is :torch.Size([8])
2024-12-22 05:10:52,324 - [Process 3/5] - INFO - len(per_windows_prompt):2
2024-12-22 05:10:56,768 - [Process 3/5] - INFO - res.shape is :torch.Size([16])
2024-12-22 05:10:57,377 - [Process 3/5] - INFO - len(per_windows_prompt):2
2024-12-22 05:11:01,724 - [Process 3/5] - INFO - res.shape is :torch.Size([12])
2024-12-22 05:11:01,939 - [Process 3/5] - INFO - len(per_windows_prompt):2
2024-12-22 05:11:05,898 - [Process 3/5] - INFO - res.shape is :torch.Size([4])
2024-12-22 05:11:06,130 - [Process 3/5] - INFO - len(per_windows_prompt):2
2024-12-22 05:11:10,132 - [Process 3/5] - INFO - res.shape is :torch.Size([5])
2024-12-22 05:11:10,624 - [Process 3/5] - INFO - len(per_windows_prompt):2
2024-12-22 05:11:14,873 - [Process 3/5] - INFO - res.shape is :torch.Size([10])
2024-12-22 05:11:15,318 - [Process 3/5] - INFO - len(per_windows_prompt):2
2024-12-22 05:11:19,385 - [Process 3/5] - INFO - res.shape is :torch.Size([6])
2024-12-22 05:11:19,987 - [Process 3/5] - INFO - len(per_windows_prompt):2
2024-12-22 05:11:24,423 - [Process 3/5] - INFO - res.shape is :torch.Size([14])
2024-12-22 05:11:24,735 - [Process 3/5] - INFO - len(per_windows_prompt):2
2024-12-22 05:11:28,694 - [Process 3/5] - INFO - res.shape is :torch.Size([5])
2024-12-22 05:11:28,935 - [Process 3/5] - INFO - len(per_windows_prompt):2
2024-12-22 05:11:32,935 - [Process 3/5] - INFO - res.shape is :torch.Size([5])
2024-12-22 05:11:33,337 - [Process 3/5] - INFO - len(per_windows_prompt):2
2024-12-22 05:11:38,238 - [Process 3/5] - INFO - res.shape is :torch.Size([27])
2024-12-22 05:11:38,503 - [Process 3/5] - INFO - len(per_windows_prompt):2
2024-12-22 05:11:43,137 - [Process 3/5] - INFO - res.shape is :torch.Size([19])
2024-12-22 05:11:43,346 - [Process 3/5] - INFO - len(per_windows_prompt):2
2024-12-22 05:11:47,249 - [Process 3/5] - INFO - res.shape is :torch.Size([3])
2024-12-22 05:11:47,500 - [Process 3/5] - INFO - len(per_windows_prompt):2
2024-12-22 05:11:51,384 - [Process 3/5] - INFO - res.shape is :torch.Size([2])
2024-12-22 05:11:51,946 - [Process 3/5] - INFO - len(per_windows_prompt):2
2024-12-22 05:11:55,857 - [Process 3/5] - INFO - res.shape is :torch.Size([2])
2024-12-22 05:11:56,403 - [Process 3/5] - INFO - len(per_windows_prompt):2
2024-12-22 05:12:00,260 - [Process 3/5] - INFO - res.shape is :torch.Size([2])
