2024-12-21 01:40:59,646 - [Process 0/1] - INFO - loading datasets finished
2024-12-21 01:40:59,647 - [Process 0/1] - INFO - model_max_len: 3950
2024-12-21 01:40:59,647 - [Process 0/1] - INFO - output_max_len: 32
2024-12-21 01:40:59,682 - [Process 0/1] - INFO - Max Length is 11516
2024-12-21 01:40:59,682 - [Process 0/1] - INFO - Finish loading dataset
2024-12-21 01:40:59,682 - [Process 0/1] - INFO - get_predicted begin
2024-12-21 01:40:59,832 - [Process 0/1] - INFO - len(per_windows_prompt):1
2024-12-21 01:41:04,846 - [Process 0/1] - INFO - res.shape is :torch.Size([5])
2024-12-21 01:41:04,995 - [Process 0/1] - INFO - len(per_windows_prompt):1
2024-12-21 01:41:10,091 - [Process 0/1] - INFO - res.shape is :torch.Size([18])
2024-12-21 01:41:10,247 - [Process 0/1] - INFO - len(per_windows_prompt):1
2024-12-21 01:41:14,578 - [Process 0/1] - INFO - res.shape is :torch.Size([5])
2024-12-21 01:41:14,728 - [Process 0/1] - INFO - len(per_windows_prompt):1
2024-12-21 01:41:20,322 - [Process 0/1] - INFO - res.shape is :torch.Size([32])
2024-12-21 01:41:20,475 - [Process 0/1] - INFO - len(per_windows_prompt):1
2024-12-21 01:41:24,994 - [Process 0/1] - INFO - res.shape is :torch.Size([5])
2024-12-21 01:41:25,143 - [Process 0/1] - INFO - len(per_windows_prompt):1
2024-12-21 01:41:29,550 - [Process 0/1] - INFO - res.shape is :torch.Size([6])
2024-12-21 01:41:29,701 - [Process 0/1] - INFO - len(per_windows_prompt):1
2024-12-21 01:41:35,187 - [Process 0/1] - INFO - res.shape is :torch.Size([32])
2024-12-21 01:41:35,336 - [Process 0/1] - INFO - len(per_windows_prompt):1
2024-12-21 01:41:39,753 - [Process 0/1] - INFO - res.shape is :torch.Size([7])
2024-12-21 01:41:39,895 - [Process 0/1] - INFO - len(per_windows_prompt):1
2024-12-21 01:41:44,481 - [Process 0/1] - INFO - res.shape is :torch.Size([7])
2024-12-21 01:41:44,639 - [Process 0/1] - INFO - len(per_windows_prompt):1
2024-12-21 01:41:49,183 - [Process 0/1] - INFO - res.shape is :torch.Size([6])
2024-12-21 01:41:49,336 - [Process 0/1] - INFO - len(per_windows_prompt):1
2024-12-21 01:41:53,847 - [Process 0/1] - INFO - res.shape is :torch.Size([7])
2024-12-21 01:41:54,002 - [Process 0/1] - INFO - len(per_windows_prompt):1
2024-12-21 01:41:58,580 - [Process 0/1] - INFO - res.shape is :torch.Size([8])
2024-12-21 01:41:58,731 - [Process 0/1] - INFO - len(per_windows_prompt):1
2024-12-21 01:42:04,344 - [Process 0/1] - INFO - res.shape is :torch.Size([32])
2024-12-21 01:42:04,502 - [Process 0/1] - INFO - len(per_windows_prompt):1
2024-12-21 01:42:10,169 - [Process 0/1] - INFO - res.shape is :torch.Size([32])
2024-12-21 01:42:10,338 - [Process 0/1] - INFO - len(per_windows_prompt):1
2024-12-21 01:42:15,878 - [Process 0/1] - INFO - res.shape is :torch.Size([32])
2024-12-21 01:42:16,033 - [Process 0/1] - INFO - len(per_windows_prompt):1
2024-12-21 01:42:20,570 - [Process 0/1] - INFO - res.shape is :torch.Size([7])
2024-12-21 01:42:20,719 - [Process 0/1] - INFO - len(per_windows_prompt):1
2024-12-21 01:42:26,660 - [Process 0/1] - INFO - res.shape is :torch.Size([32])
2024-12-21 01:42:26,810 - [Process 0/1] - INFO - len(per_windows_prompt):1
2024-12-21 01:42:32,362 - [Process 0/1] - INFO - res.shape is :torch.Size([32])
2024-12-21 01:42:32,517 - [Process 0/1] - INFO - len(per_windows_prompt):1
2024-12-21 01:42:38,165 - [Process 0/1] - INFO - res.shape is :torch.Size([32])
2024-12-21 01:42:38,329 - [Process 0/1] - INFO - len(per_windows_prompt):1
2024-12-21 01:42:43,982 - [Process 0/1] - INFO - res.shape is :torch.Size([32])
2024-12-21 01:42:44,136 - [Process 0/1] - INFO - len(per_windows_prompt):1
2024-12-21 01:42:49,703 - [Process 0/1] - INFO - res.shape is :torch.Size([32])
2024-12-21 01:42:49,859 - [Process 0/1] - INFO - len(per_windows_prompt):1
2024-12-21 01:42:54,497 - [Process 0/1] - INFO - res.shape is :torch.Size([7])
2024-12-21 01:42:54,644 - [Process 0/1] - INFO - len(per_windows_prompt):1
2024-12-21 01:42:59,192 - [Process 0/1] - INFO - res.shape is :torch.Size([7])
2024-12-21 01:42:59,342 - [Process 0/1] - INFO - len(per_windows_prompt):1
2024-12-21 01:43:03,790 - [Process 0/1] - INFO - res.shape is :torch.Size([5])
2024-12-21 01:43:03,937 - [Process 0/1] - INFO - len(per_windows_prompt):1
2024-12-21 01:43:08,429 - [Process 0/1] - INFO - res.shape is :torch.Size([6])
2024-12-21 01:43:08,574 - [Process 0/1] - INFO - len(per_windows_prompt):1
2024-12-21 01:43:13,142 - [Process 0/1] - INFO - res.shape is :torch.Size([8])
2024-12-21 01:43:13,303 - [Process 0/1] - INFO - len(per_windows_prompt):1
2024-12-21 01:43:18,977 - [Process 0/1] - INFO - res.shape is :torch.Size([32])
2024-12-21 01:43:19,129 - [Process 0/1] - INFO - len(per_windows_prompt):1
2024-12-21 01:43:23,540 - [Process 0/1] - INFO - res.shape is :torch.Size([6])
2024-12-21 01:43:23,694 - [Process 0/1] - INFO - len(per_windows_prompt):1
2024-12-21 01:43:28,351 - [Process 0/1] - INFO - res.shape is :torch.Size([7])
2024-12-21 01:43:28,488 - [Process 0/1] - INFO - len(per_windows_prompt):1
2024-12-21 01:43:33,301 - [Process 0/1] - INFO - res.shape is :torch.Size([14])
2024-12-21 01:43:33,456 - [Process 0/1] - INFO - len(per_windows_prompt):1
2024-12-21 01:43:38,009 - [Process 0/1] - INFO - res.shape is :torch.Size([5])
2024-12-21 01:43:38,156 - [Process 0/1] - INFO - len(per_windows_prompt):1
2024-12-21 01:43:42,759 - [Process 0/1] - INFO - res.shape is :torch.Size([6])
2024-12-21 01:43:42,916 - [Process 0/1] - INFO - len(per_windows_prompt):1
2024-12-21 01:43:47,361 - [Process 0/1] - INFO - res.shape is :torch.Size([7])
2024-12-21 01:43:47,505 - [Process 0/1] - INFO - len(per_windows_prompt):1
2024-12-21 01:43:52,243 - [Process 0/1] - INFO - res.shape is :torch.Size([12])
2024-12-21 01:43:52,400 - [Process 0/1] - INFO - len(per_windows_prompt):1
2024-12-21 01:43:56,975 - [Process 0/1] - INFO - res.shape is :torch.Size([8])
2024-12-21 01:43:57,128 - [Process 0/1] - INFO - len(per_windows_prompt):1
2024-12-21 01:44:01,756 - [Process 0/1] - INFO - res.shape is :torch.Size([9])
2024-12-21 01:44:01,913 - [Process 0/1] - INFO - len(per_windows_prompt):1
2024-12-21 01:44:07,755 - [Process 0/1] - INFO - res.shape is :torch.Size([32])
2024-12-21 01:44:07,906 - [Process 0/1] - INFO - len(per_windows_prompt):1
2024-12-21 01:44:12,521 - [Process 0/1] - INFO - res.shape is :torch.Size([6])
2024-12-21 01:44:12,675 - [Process 0/1] - INFO - len(per_windows_prompt):1
2024-12-21 01:44:17,436 - [Process 0/1] - INFO - res.shape is :torch.Size([12])
2024-12-21 01:44:17,577 - [Process 0/1] - INFO - len(per_windows_prompt):1
2024-12-21 01:44:22,707 - [Process 0/1] - INFO - res.shape is :torch.Size([22])
2024-12-21 01:44:22,856 - [Process 0/1] - INFO - len(per_windows_prompt):1
2024-12-21 01:44:27,392 - [Process 0/1] - INFO - res.shape is :torch.Size([7])
2024-12-21 01:44:27,550 - [Process 0/1] - INFO - len(per_windows_prompt):1
2024-12-21 01:44:32,158 - [Process 0/1] - INFO - res.shape is :torch.Size([2])
2024-12-21 01:44:32,306 - [Process 0/1] - INFO - len(per_windows_prompt):1
2024-12-21 01:44:36,758 - [Process 0/1] - INFO - res.shape is :torch.Size([7])
2024-12-21 01:44:36,915 - [Process 0/1] - INFO - len(per_windows_prompt):1
2024-12-21 01:44:43,064 - [Process 0/1] - INFO - res.shape is :torch.Size([32])
2024-12-21 01:44:43,213 - [Process 0/1] - INFO - len(per_windows_prompt):1
2024-12-21 01:44:48,765 - [Process 0/1] - INFO - res.shape is :torch.Size([32])
2024-12-21 01:44:48,928 - [Process 0/1] - INFO - len(per_windows_prompt):1
2024-12-21 01:44:53,377 - [Process 0/1] - INFO - res.shape is :torch.Size([7])
2024-12-21 01:44:53,537 - [Process 0/1] - INFO - len(per_windows_prompt):1
2024-12-21 01:44:59,406 - [Process 0/1] - INFO - res.shape is :torch.Size([32])
2024-12-21 01:44:59,558 - [Process 0/1] - INFO - len(per_windows_prompt):1
2024-12-21 01:45:04,111 - [Process 0/1] - INFO - res.shape is :torch.Size([7])
2024-12-21 01:45:04,270 - [Process 0/1] - INFO - len(per_windows_prompt):1
2024-12-21 01:45:08,921 - [Process 0/1] - INFO - res.shape is :torch.Size([7])
2024-12-21 01:45:09,074 - [Process 0/1] - INFO - len(per_windows_prompt):1
2024-12-21 01:45:13,977 - [Process 0/1] - INFO - res.shape is :torch.Size([18])
2024-12-21 01:45:14,126 - [Process 0/1] - INFO - len(per_windows_prompt):1
2024-12-21 01:45:18,535 - [Process 0/1] - INFO - res.shape is :torch.Size([6])
2024-12-21 01:45:18,682 - [Process 0/1] - INFO - len(per_windows_prompt):1
2024-12-21 01:45:23,251 - [Process 0/1] - INFO - res.shape is :torch.Size([5])
2024-12-21 01:45:23,407 - [Process 0/1] - INFO - len(per_windows_prompt):1
2024-12-21 01:45:29,094 - [Process 0/1] - INFO - res.shape is :torch.Size([32])
2024-12-21 01:45:29,242 - [Process 0/1] - INFO - len(per_windows_prompt):1
2024-12-21 01:45:34,937 - [Process 0/1] - INFO - res.shape is :torch.Size([32])
2024-12-21 01:45:35,094 - [Process 0/1] - INFO - len(per_windows_prompt):1
2024-12-21 01:45:39,497 - [Process 0/1] - INFO - res.shape is :torch.Size([6])
2024-12-21 01:45:39,655 - [Process 0/1] - INFO - len(per_windows_prompt):1
2024-12-21 01:45:44,731 - [Process 0/1] - INFO - res.shape is :torch.Size([13])
2024-12-21 01:45:44,880 - [Process 0/1] - INFO - len(per_windows_prompt):1
2024-12-21 01:45:50,691 - [Process 0/1] - INFO - res.shape is :torch.Size([32])
2024-12-21 01:45:50,838 - [Process 0/1] - INFO - len(per_windows_prompt):1
2024-12-21 01:45:56,302 - [Process 0/1] - INFO - res.shape is :torch.Size([32])
2024-12-21 01:45:56,463 - [Process 0/1] - INFO - len(per_windows_prompt):1
2024-12-21 01:46:01,025 - [Process 0/1] - INFO - res.shape is :torch.Size([5])
2024-12-21 01:46:01,183 - [Process 0/1] - INFO - len(per_windows_prompt):1
2024-12-21 01:46:05,791 - [Process 0/1] - INFO - res.shape is :torch.Size([6])
2024-12-21 01:46:05,951 - [Process 0/1] - INFO - len(per_windows_prompt):1
2024-12-21 01:46:10,332 - [Process 0/1] - INFO - res.shape is :torch.Size([5])
2024-12-21 01:46:10,489 - [Process 0/1] - INFO - len(per_windows_prompt):1
2024-12-21 01:46:15,954 - [Process 0/1] - INFO - res.shape is :torch.Size([32])
2024-12-21 01:46:16,108 - [Process 0/1] - INFO - len(per_windows_prompt):1
2024-12-21 01:46:20,750 - [Process 0/1] - INFO - res.shape is :torch.Size([7])
2024-12-21 01:46:20,907 - [Process 0/1] - INFO - len(per_windows_prompt):1
2024-12-21 01:46:25,503 - [Process 0/1] - INFO - res.shape is :torch.Size([6])
2024-12-21 01:46:25,656 - [Process 0/1] - INFO - len(per_windows_prompt):1
2024-12-21 01:46:30,264 - [Process 0/1] - INFO - res.shape is :torch.Size([6])
2024-12-21 01:46:30,409 - [Process 0/1] - INFO - len(per_windows_prompt):1
2024-12-21 01:46:34,914 - [Process 0/1] - INFO - res.shape is :torch.Size([5])
2024-12-21 01:46:35,063 - [Process 0/1] - INFO - len(per_windows_prompt):1
2024-12-21 01:46:39,672 - [Process 0/1] - INFO - res.shape is :torch.Size([6])
2024-12-21 01:46:39,820 - [Process 0/1] - INFO - len(per_windows_prompt):1
2024-12-21 01:46:44,612 - [Process 0/1] - INFO - res.shape is :torch.Size([6])
2024-12-21 01:46:44,761 - [Process 0/1] - INFO - len(per_windows_prompt):1
2024-12-21 01:46:50,452 - [Process 0/1] - INFO - res.shape is :torch.Size([32])
2024-12-21 01:46:50,618 - [Process 0/1] - INFO - len(per_windows_prompt):1
2024-12-21 01:46:56,373 - [Process 0/1] - INFO - res.shape is :torch.Size([32])
2024-12-21 01:46:56,533 - [Process 0/1] - INFO - len(per_windows_prompt):1
2024-12-21 01:47:01,114 - [Process 0/1] - INFO - res.shape is :torch.Size([6])
2024-12-21 01:47:01,260 - [Process 0/1] - INFO - len(per_windows_prompt):1
2024-12-21 01:47:05,918 - [Process 0/1] - INFO - res.shape is :torch.Size([7])
2024-12-21 01:47:06,061 - [Process 0/1] - INFO - len(per_windows_prompt):1
2024-12-21 01:47:10,582 - [Process 0/1] - INFO - res.shape is :torch.Size([5])
2024-12-21 01:47:10,730 - [Process 0/1] - INFO - len(per_windows_prompt):1
2024-12-21 01:47:16,580 - [Process 0/1] - INFO - res.shape is :torch.Size([32])
2024-12-21 01:47:16,732 - [Process 0/1] - INFO - len(per_windows_prompt):1
2024-12-21 01:47:22,434 - [Process 0/1] - INFO - res.shape is :torch.Size([32])
2024-12-21 01:47:22,591 - [Process 0/1] - INFO - len(per_windows_prompt):1
2024-12-21 01:47:27,199 - [Process 0/1] - INFO - res.shape is :torch.Size([6])
2024-12-21 01:47:27,348 - [Process 0/1] - INFO - len(per_windows_prompt):1
2024-12-21 01:47:31,915 - [Process 0/1] - INFO - res.shape is :torch.Size([5])
2024-12-21 01:47:32,064 - [Process 0/1] - INFO - len(per_windows_prompt):1
2024-12-21 01:47:36,727 - [Process 0/1] - INFO - res.shape is :torch.Size([7])
2024-12-21 01:47:36,876 - [Process 0/1] - INFO - len(per_windows_prompt):1
2024-12-21 01:47:41,286 - [Process 0/1] - INFO - res.shape is :torch.Size([6])
2024-12-21 01:47:41,432 - [Process 0/1] - INFO - len(per_windows_prompt):1
2024-12-21 01:47:45,945 - [Process 0/1] - INFO - res.shape is :torch.Size([5])
2024-12-21 01:47:46,093 - [Process 0/1] - INFO - len(per_windows_prompt):1
2024-12-21 01:47:51,669 - [Process 0/1] - INFO - res.shape is :torch.Size([32])
2024-12-21 01:47:51,836 - [Process 0/1] - INFO - len(per_windows_prompt):1
2024-12-21 01:47:57,519 - [Process 0/1] - INFO - res.shape is :torch.Size([32])
2024-12-21 01:47:57,672 - [Process 0/1] - INFO - len(per_windows_prompt):1
2024-12-21 01:48:02,129 - [Process 0/1] - INFO - res.shape is :torch.Size([7])
2024-12-21 01:48:02,275 - [Process 0/1] - INFO - len(per_windows_prompt):1
2024-12-21 01:48:07,842 - [Process 0/1] - INFO - res.shape is :torch.Size([32])
2024-12-21 01:48:08,002 - [Process 0/1] - INFO - len(per_windows_prompt):1
2024-12-21 01:48:12,490 - [Process 0/1] - INFO - res.shape is :torch.Size([6])
2024-12-21 01:48:12,638 - [Process 0/1] - INFO - len(per_windows_prompt):1
2024-12-21 01:48:17,203 - [Process 0/1] - INFO - res.shape is :torch.Size([6])
2024-12-21 01:48:17,348 - [Process 0/1] - INFO - len(per_windows_prompt):1
2024-12-21 01:48:21,944 - [Process 0/1] - INFO - res.shape is :torch.Size([6])
2024-12-21 01:48:22,097 - [Process 0/1] - INFO - len(per_windows_prompt):1
2024-12-21 01:48:26,679 - [Process 0/1] - INFO - res.shape is :torch.Size([8])
2024-12-21 01:48:26,837 - [Process 0/1] - INFO - len(per_windows_prompt):1
2024-12-21 01:48:32,529 - [Process 0/1] - INFO - res.shape is :torch.Size([32])
2024-12-21 01:48:32,674 - [Process 0/1] - INFO - len(per_windows_prompt):1
2024-12-21 01:48:37,214 - [Process 0/1] - INFO - res.shape is :torch.Size([5])
2024-12-21 01:48:37,366 - [Process 0/1] - INFO - len(per_windows_prompt):1
2024-12-21 01:48:42,072 - [Process 0/1] - INFO - res.shape is :torch.Size([11])
2024-12-21 01:48:42,214 - [Process 0/1] - INFO - len(per_windows_prompt):1
2024-12-21 01:48:46,761 - [Process 0/1] - INFO - res.shape is :torch.Size([6])
2024-12-21 01:48:46,899 - [Process 0/1] - INFO - len(per_windows_prompt):1
2024-12-21 01:48:51,353 - [Process 0/1] - INFO - res.shape is :torch.Size([7])
2024-12-21 01:48:51,501 - [Process 0/1] - INFO - len(per_windows_prompt):1
2024-12-21 01:48:56,161 - [Process 0/1] - INFO - res.shape is :torch.Size([7])
2024-12-21 01:48:56,312 - [Process 0/1] - INFO - len(per_windows_prompt):1
2024-12-21 01:49:00,734 - [Process 0/1] - INFO - res.shape is :torch.Size([6])
2024-12-21 01:49:00,893 - [Process 0/1] - INFO - len(per_windows_prompt):1
2024-12-21 01:49:05,186 - [Process 0/1] - INFO - res.shape is :torch.Size([3])
2024-12-21 01:49:05,336 - [Process 0/1] - INFO - len(per_windows_prompt):1
2024-12-21 01:49:09,941 - [Process 0/1] - INFO - res.shape is :torch.Size([6])
2024-12-21 01:49:10,108 - [Process 0/1] - INFO - len(per_windows_prompt):1
2024-12-21 01:49:14,866 - [Process 0/1] - INFO - res.shape is :torch.Size([12])
2024-12-21 01:49:15,021 - [Process 0/1] - INFO - len(per_windows_prompt):1
2024-12-21 01:49:19,544 - [Process 0/1] - INFO - res.shape is :torch.Size([5])
2024-12-21 01:49:19,703 - [Process 0/1] - INFO - len(per_windows_prompt):1
2024-12-21 01:49:25,452 - [Process 0/1] - INFO - res.shape is :torch.Size([32])
2024-12-21 01:49:25,603 - [Process 0/1] - INFO - len(per_windows_prompt):1
2024-12-21 01:49:31,297 - [Process 0/1] - INFO - res.shape is :torch.Size([32])
2024-12-21 01:49:31,454 - [Process 0/1] - INFO - len(per_windows_prompt):1
2024-12-21 01:49:36,036 - [Process 0/1] - INFO - res.shape is :torch.Size([8])
2024-12-21 01:49:36,192 - [Process 0/1] - INFO - len(per_windows_prompt):1
2024-12-21 01:49:40,766 - [Process 0/1] - INFO - res.shape is :torch.Size([6])
2024-12-21 01:49:40,915 - [Process 0/1] - INFO - len(per_windows_prompt):1
2024-12-21 01:49:45,613 - [Process 0/1] - INFO - res.shape is :torch.Size([8])
2024-12-21 01:49:45,769 - [Process 0/1] - INFO - len(per_windows_prompt):1
2024-12-21 01:49:51,241 - [Process 0/1] - INFO - res.shape is :torch.Size([32])
2024-12-21 01:49:51,395 - [Process 0/1] - INFO - len(per_windows_prompt):1
2024-12-21 01:49:55,954 - [Process 0/1] - INFO - res.shape is :torch.Size([5])
2024-12-21 01:49:56,113 - [Process 0/1] - INFO - len(per_windows_prompt):1
2024-12-21 01:50:00,712 - [Process 0/1] - INFO - res.shape is :torch.Size([6])
2024-12-21 01:50:00,858 - [Process 0/1] - INFO - len(per_windows_prompt):1
2024-12-21 01:50:05,466 - [Process 0/1] - INFO - res.shape is :torch.Size([7])
2024-12-21 01:50:05,619 - [Process 0/1] - INFO - len(per_windows_prompt):1
2024-12-21 01:50:11,182 - [Process 0/1] - INFO - res.shape is :torch.Size([32])
2024-12-21 01:50:11,332 - [Process 0/1] - INFO - len(per_windows_prompt):1
2024-12-21 01:50:16,007 - [Process 0/1] - INFO - res.shape is :torch.Size([10])
2024-12-21 01:50:16,157 - [Process 0/1] - INFO - len(per_windows_prompt):1
2024-12-21 01:50:20,697 - [Process 0/1] - INFO - res.shape is :torch.Size([4])
2024-12-21 01:50:20,853 - [Process 0/1] - INFO - len(per_windows_prompt):1
2024-12-21 01:50:26,582 - [Process 0/1] - INFO - res.shape is :torch.Size([32])
2024-12-21 01:50:26,732 - [Process 0/1] - INFO - len(per_windows_prompt):1
2024-12-21 01:50:31,142 - [Process 0/1] - INFO - res.shape is :torch.Size([6])
2024-12-21 01:50:31,290 - [Process 0/1] - INFO - len(per_windows_prompt):1
2024-12-21 01:50:37,134 - [Process 0/1] - INFO - res.shape is :torch.Size([32])
2024-12-21 01:50:37,287 - [Process 0/1] - INFO - len(per_windows_prompt):1
2024-12-21 01:50:42,837 - [Process 0/1] - INFO - res.shape is :torch.Size([32])
2024-12-21 01:50:42,998 - [Process 0/1] - INFO - len(per_windows_prompt):1
2024-12-21 01:50:48,697 - [Process 0/1] - INFO - res.shape is :torch.Size([32])
2024-12-21 01:50:48,841 - [Process 0/1] - INFO - len(per_windows_prompt):1
2024-12-21 01:50:53,406 - [Process 0/1] - INFO - res.shape is :torch.Size([6])
2024-12-21 01:50:53,556 - [Process 0/1] - INFO - len(per_windows_prompt):1
2024-12-21 01:50:58,153 - [Process 0/1] - INFO - res.shape is :torch.Size([6])
2024-12-21 01:50:58,304 - [Process 0/1] - INFO - len(per_windows_prompt):1
2024-12-21 01:51:03,994 - [Process 0/1] - INFO - res.shape is :torch.Size([32])
2024-12-21 01:51:04,150 - [Process 0/1] - INFO - len(per_windows_prompt):1
2024-12-21 01:51:09,068 - [Process 0/1] - INFO - res.shape is :torch.Size([16])
2024-12-21 01:51:09,219 - [Process 0/1] - INFO - len(per_windows_prompt):1
2024-12-21 01:51:14,883 - [Process 0/1] - INFO - res.shape is :torch.Size([32])
2024-12-21 01:51:15,047 - [Process 0/1] - INFO - len(per_windows_prompt):1
2024-12-21 01:51:20,896 - [Process 0/1] - INFO - res.shape is :torch.Size([32])
2024-12-21 01:51:21,049 - [Process 0/1] - INFO - len(per_windows_prompt):1
2024-12-21 01:51:25,639 - [Process 0/1] - INFO - res.shape is :torch.Size([8])
2024-12-21 01:51:25,791 - [Process 0/1] - INFO - len(per_windows_prompt):1
2024-12-21 01:51:31,346 - [Process 0/1] - INFO - res.shape is :torch.Size([32])
2024-12-21 01:51:31,490 - [Process 0/1] - INFO - len(per_windows_prompt):1
2024-12-21 01:51:36,940 - [Process 0/1] - INFO - res.shape is :torch.Size([32])
2024-12-21 01:51:37,084 - [Process 0/1] - INFO - len(per_windows_prompt):1
2024-12-21 01:51:41,518 - [Process 0/1] - INFO - res.shape is :torch.Size([7])
2024-12-21 01:51:41,669 - [Process 0/1] - INFO - len(per_windows_prompt):1
2024-12-21 01:51:46,285 - [Process 0/1] - INFO - res.shape is :torch.Size([6])
2024-12-21 01:51:46,428 - [Process 0/1] - INFO - len(per_windows_prompt):1
2024-12-21 01:51:50,966 - [Process 0/1] - INFO - res.shape is :torch.Size([7])
2024-12-21 01:51:51,125 - [Process 0/1] - INFO - len(per_windows_prompt):1
2024-12-21 01:51:55,696 - [Process 0/1] - INFO - res.shape is :torch.Size([6])
2024-12-21 01:51:55,842 - [Process 0/1] - INFO - len(per_windows_prompt):1
2024-12-21 01:52:00,372 - [Process 0/1] - INFO - res.shape is :torch.Size([7])
2024-12-21 01:52:00,519 - [Process 0/1] - INFO - len(per_windows_prompt):1
2024-12-21 01:52:05,982 - [Process 0/1] - INFO - res.shape is :torch.Size([32])
2024-12-21 01:52:06,132 - [Process 0/1] - INFO - len(per_windows_prompt):1
2024-12-21 01:52:10,728 - [Process 0/1] - INFO - res.shape is :torch.Size([6])
2024-12-21 01:52:10,880 - [Process 0/1] - INFO - len(per_windows_prompt):1
2024-12-21 01:52:16,734 - [Process 0/1] - INFO - res.shape is :torch.Size([32])
2024-12-21 01:52:16,883 - [Process 0/1] - INFO - len(per_windows_prompt):1
2024-12-21 01:52:21,454 - [Process 0/1] - INFO - res.shape is :torch.Size([6])
2024-12-21 01:52:21,603 - [Process 0/1] - INFO - len(per_windows_prompt):1
2024-12-21 01:52:26,396 - [Process 0/1] - INFO - res.shape is :torch.Size([13])
2024-12-21 01:52:26,550 - [Process 0/1] - INFO - len(per_windows_prompt):1
2024-12-21 01:52:30,956 - [Process 0/1] - INFO - res.shape is :torch.Size([6])
2024-12-21 01:52:31,111 - [Process 0/1] - INFO - len(per_windows_prompt):1
2024-12-21 01:52:35,723 - [Process 0/1] - INFO - res.shape is :torch.Size([7])
2024-12-21 01:52:35,871 - [Process 0/1] - INFO - len(per_windows_prompt):1
2024-12-21 01:52:41,732 - [Process 0/1] - INFO - res.shape is :torch.Size([32])
2024-12-21 01:52:41,883 - [Process 0/1] - INFO - len(per_windows_prompt):1
2024-12-21 01:52:46,444 - [Process 0/1] - INFO - res.shape is :torch.Size([6])
2024-12-21 01:52:46,601 - [Process 0/1] - INFO - len(per_windows_prompt):1
2024-12-21 01:52:51,136 - [Process 0/1] - INFO - res.shape is :torch.Size([5])
2024-12-21 01:52:51,298 - [Process 0/1] - INFO - len(per_windows_prompt):1
2024-12-21 01:52:55,888 - [Process 0/1] - INFO - res.shape is :torch.Size([8])
2024-12-21 01:52:56,034 - [Process 0/1] - INFO - len(per_windows_prompt):1
2024-12-21 01:53:00,451 - [Process 0/1] - INFO - res.shape is :torch.Size([6])
2024-12-21 01:53:00,606 - [Process 0/1] - INFO - len(per_windows_prompt):1
2024-12-21 01:53:06,660 - [Process 0/1] - INFO - res.shape is :torch.Size([32])
2024-12-21 01:53:06,809 - [Process 0/1] - INFO - len(per_windows_prompt):1
2024-12-21 01:53:11,253 - [Process 0/1] - INFO - res.shape is :torch.Size([7])
2024-12-21 01:53:11,411 - [Process 0/1] - INFO - len(per_windows_prompt):1
2024-12-21 01:53:15,865 - [Process 0/1] - INFO - res.shape is :torch.Size([5])
2024-12-21 01:53:16,015 - [Process 0/1] - INFO - len(per_windows_prompt):1
2024-12-21 01:53:20,455 - [Process 0/1] - INFO - res.shape is :torch.Size([7])
2024-12-21 01:53:20,605 - [Process 0/1] - INFO - len(per_windows_prompt):1
2024-12-21 01:53:25,024 - [Process 0/1] - INFO - res.shape is :torch.Size([6])
2024-12-21 01:53:25,175 - [Process 0/1] - INFO - len(per_windows_prompt):1
2024-12-21 01:53:29,779 - [Process 0/1] - INFO - res.shape is :torch.Size([6])
2024-12-21 01:53:29,932 - [Process 0/1] - INFO - len(per_windows_prompt):1
2024-12-21 01:53:34,336 - [Process 0/1] - INFO - res.shape is :torch.Size([6])
2024-12-21 01:53:34,482 - [Process 0/1] - INFO - len(per_windows_prompt):1
2024-12-21 01:53:40,224 - [Process 0/1] - INFO - res.shape is :torch.Size([32])
2024-12-21 01:53:40,371 - [Process 0/1] - INFO - len(per_windows_prompt):1
2024-12-21 01:53:44,992 - [Process 0/1] - INFO - res.shape is :torch.Size([6])
2024-12-21 01:53:45,150 - [Process 0/1] - INFO - len(per_windows_prompt):1
2024-12-21 01:53:50,891 - [Process 0/1] - INFO - res.shape is :torch.Size([32])
2024-12-21 01:53:51,032 - [Process 0/1] - INFO - len(per_windows_prompt):1
2024-12-21 01:53:55,546 - [Process 0/1] - INFO - res.shape is :torch.Size([5])
2024-12-21 01:53:55,697 - [Process 0/1] - INFO - len(per_windows_prompt):1
2024-12-21 01:54:00,059 - [Process 0/1] - INFO - res.shape is :torch.Size([5])
2024-12-21 01:54:00,214 - [Process 0/1] - INFO - len(per_windows_prompt):1
2024-12-21 01:54:05,906 - [Process 0/1] - INFO - res.shape is :torch.Size([32])
2024-12-21 01:54:06,047 - [Process 0/1] - INFO - len(per_windows_prompt):1
2024-12-21 01:54:11,737 - [Process 0/1] - INFO - res.shape is :torch.Size([32])
2024-12-21 01:54:11,893 - [Process 0/1] - INFO - len(per_windows_prompt):1
2024-12-21 01:54:16,430 - [Process 0/1] - INFO - res.shape is :torch.Size([7])
2024-12-21 01:54:16,578 - [Process 0/1] - INFO - len(per_windows_prompt):1
2024-12-21 01:54:21,280 - [Process 0/1] - INFO - res.shape is :torch.Size([8])
2024-12-21 01:54:21,442 - [Process 0/1] - INFO - len(per_windows_prompt):1
2024-12-21 01:54:27,300 - [Process 0/1] - INFO - res.shape is :torch.Size([32])
2024-12-21 01:54:27,455 - [Process 0/1] - INFO - len(per_windows_prompt):1
2024-12-21 01:54:32,048 - [Process 0/1] - INFO - res.shape is :torch.Size([6])
2024-12-21 01:54:32,190 - [Process 0/1] - INFO - len(per_windows_prompt):1
2024-12-21 01:54:36,835 - [Process 0/1] - INFO - res.shape is :torch.Size([7])
2024-12-21 01:54:36,988 - [Process 0/1] - INFO - len(per_windows_prompt):1
2024-12-21 01:54:41,570 - [Process 0/1] - INFO - res.shape is :torch.Size([6])
2024-12-21 01:54:41,717 - [Process 0/1] - INFO - len(per_windows_prompt):1
2024-12-21 01:54:46,376 - [Process 0/1] - INFO - res.shape is :torch.Size([7])
2024-12-21 01:54:46,526 - [Process 0/1] - INFO - len(per_windows_prompt):1
2024-12-21 01:54:51,092 - [Process 0/1] - INFO - res.shape is :torch.Size([5])
2024-12-21 01:54:51,237 - [Process 0/1] - INFO - len(per_windows_prompt):1
2024-12-21 01:54:55,596 - [Process 0/1] - INFO - res.shape is :torch.Size([5])
2024-12-21 01:54:55,746 - [Process 0/1] - INFO - len(per_windows_prompt):1
2024-12-21 01:55:01,291 - [Process 0/1] - INFO - res.shape is :torch.Size([32])
2024-12-21 01:55:01,442 - [Process 0/1] - INFO - len(per_windows_prompt):1
2024-12-21 01:55:05,896 - [Process 0/1] - INFO - res.shape is :torch.Size([7])
2024-12-21 01:55:06,041 - [Process 0/1] - INFO - len(per_windows_prompt):1
2024-12-21 01:55:10,609 - [Process 0/1] - INFO - res.shape is :torch.Size([6])
2024-12-21 01:55:10,759 - [Process 0/1] - INFO - len(per_windows_prompt):1
2024-12-21 01:55:16,433 - [Process 0/1] - INFO - res.shape is :torch.Size([32])
2024-12-21 01:55:16,577 - [Process 0/1] - INFO - len(per_windows_prompt):1
2024-12-21 01:55:21,014 - [Process 0/1] - INFO - res.shape is :torch.Size([7])
2024-12-21 01:55:21,161 - [Process 0/1] - INFO - len(per_windows_prompt):1
2024-12-21 01:55:26,899 - [Process 0/1] - INFO - res.shape is :torch.Size([32])
2024-12-21 01:55:27,047 - [Process 0/1] - INFO - len(per_windows_prompt):1
2024-12-21 01:55:31,596 - [Process 0/1] - INFO - res.shape is :torch.Size([5])
2024-12-21 01:55:31,749 - [Process 0/1] - INFO - len(per_windows_prompt):1
2024-12-21 01:55:36,113 - [Process 0/1] - INFO - res.shape is :torch.Size([5])
2024-12-21 01:55:36,261 - [Process 0/1] - INFO - len(per_windows_prompt):1
2024-12-21 01:55:40,834 - [Process 0/1] - INFO - res.shape is :torch.Size([5])
2024-12-21 01:55:40,977 - [Process 0/1] - INFO - len(per_windows_prompt):1
2024-12-21 01:55:45,848 - [Process 0/1] - INFO - res.shape is :torch.Size([17])
2024-12-21 01:55:46,009 - [Process 0/1] - INFO - len(per_windows_prompt):1
2024-12-21 01:55:50,930 - [Process 0/1] - INFO - res.shape is :torch.Size([16])
2024-12-21 01:55:51,091 - [Process 0/1] - INFO - len(per_windows_prompt):1
2024-12-21 01:55:55,730 - [Process 0/1] - INFO - res.shape is :torch.Size([7])
2024-12-21 01:55:55,874 - [Process 0/1] - INFO - len(per_windows_prompt):1
2024-12-21 01:56:00,490 - [Process 0/1] - INFO - res.shape is :torch.Size([7])
2024-12-21 01:56:00,641 - [Process 0/1] - INFO - len(per_windows_prompt):1
2024-12-21 01:56:06,441 - [Process 0/1] - INFO - res.shape is :torch.Size([32])
2024-12-21 01:56:06,593 - [Process 0/1] - INFO - len(per_windows_prompt):1
2024-12-21 01:56:11,115 - [Process 0/1] - INFO - res.shape is :torch.Size([5])
2024-12-21 01:56:11,274 - [Process 0/1] - INFO - len(per_windows_prompt):1
2024-12-21 01:56:15,728 - [Process 0/1] - INFO - res.shape is :torch.Size([7])
2024-12-21 01:56:15,886 - [Process 0/1] - INFO - len(per_windows_prompt):1
2024-12-21 01:56:20,335 - [Process 0/1] - INFO - res.shape is :torch.Size([7])
2024-12-21 01:56:20,497 - [Process 0/1] - INFO - len(per_windows_prompt):1
2024-12-21 01:56:26,064 - [Process 0/1] - INFO - res.shape is :torch.Size([32])
2024-12-21 01:56:26,217 - [Process 0/1] - INFO - len(per_windows_prompt):1
2024-12-21 01:56:30,742 - [Process 0/1] - INFO - res.shape is :torch.Size([7])
2024-12-21 01:56:30,888 - [Process 0/1] - INFO - len(per_windows_prompt):1
2024-12-21 01:56:35,255 - [Process 0/1] - INFO - res.shape is :torch.Size([5])
2024-12-21 01:56:35,407 - [Process 0/1] - INFO - len(per_windows_prompt):1
2024-12-21 01:56:40,062 - [Process 0/1] - INFO - res.shape is :torch.Size([7])
2024-12-21 01:56:40,204 - [Process 0/1] - INFO - len(per_windows_prompt):1
2024-12-21 01:56:44,739 - [Process 0/1] - INFO - res.shape is :torch.Size([7])
2024-12-21 01:56:44,894 - [Process 0/1] - INFO - len(per_windows_prompt):1
2024-12-21 01:56:49,275 - [Process 0/1] - INFO - res.shape is :torch.Size([3])
2024-12-21 01:56:49,426 - [Process 0/1] - INFO - len(per_windows_prompt):1
2024-12-21 01:56:53,928 - [Process 0/1] - INFO - res.shape is :torch.Size([8])
2024-12-21 01:56:54,083 - [Process 0/1] - INFO - len(per_windows_prompt):1
2024-12-21 01:56:59,560 - [Process 0/1] - INFO - res.shape is :torch.Size([32])
2024-12-21 01:56:59,710 - [Process 0/1] - INFO - len(per_windows_prompt):1
2024-12-21 01:57:05,244 - [Process 0/1] - INFO - res.shape is :torch.Size([32])
2024-12-21 01:57:05,388 - [Process 0/1] - INFO - len(per_windows_prompt):1
2024-12-21 01:57:10,934 - [Process 0/1] - INFO - res.shape is :torch.Size([32])
2024-12-21 01:57:11,084 - [Process 0/1] - INFO - len(per_windows_prompt):1
2024-12-21 01:57:15,997 - [Process 0/1] - INFO - res.shape is :torch.Size([16])
2024-12-21 01:57:16,155 - [Process 0/1] - INFO - len(per_windows_prompt):1
2024-12-21 01:57:20,695 - [Process 0/1] - INFO - res.shape is :torch.Size([7])
2024-12-21 01:57:20,849 - [Process 0/1] - INFO - len(per_windows_prompt):1
2024-12-21 01:57:25,306 - [Process 0/1] - INFO - res.shape is :torch.Size([7])
2024-12-21 01:57:25,459 - [Process 0/1] - INFO - len(per_windows_prompt):1
2024-12-21 01:57:29,875 - [Process 0/1] - INFO - res.shape is :torch.Size([6])
2024-12-21 01:57:30,022 - [Process 0/1] - INFO - len(per_windows_prompt):1
2024-12-21 01:57:35,779 - [Process 0/1] - INFO - res.shape is :torch.Size([32])
2024-12-21 01:57:35,941 - [Process 0/1] - INFO - len(per_windows_prompt):1
2024-12-21 01:57:40,466 - [Process 0/1] - INFO - res.shape is :torch.Size([5])
2024-12-21 01:57:40,610 - [Process 0/1] - INFO - len(per_windows_prompt):1
2024-12-21 01:57:45,162 - [Process 0/1] - INFO - res.shape is :torch.Size([6])
2024-12-21 01:57:45,319 - [Process 0/1] - INFO - len(per_windows_prompt):1
2024-12-21 01:57:50,888 - [Process 0/1] - INFO - res.shape is :torch.Size([32])
