2024-12-21 13:21:33,218 - [Process 4/5] - INFO - loading datasets finished
2024-12-21 13:21:33,219 - [Process 4/5] - INFO - model_max_len: 3950
2024-12-21 13:21:33,219 - [Process 4/5] - INFO - output_max_len: 32
2024-12-21 13:21:33,290 - [Process 4/5] - INFO - Max Length is 16633
2024-12-21 13:21:33,291 - [Process 4/5] - INFO - Finish loading dataset
2024-12-21 13:21:33,291 - [Process 4/5] - INFO - get_predicted begin
2024-12-21 13:21:38,076 - [Process 4/5] - INFO - len(per_windows_prompt):1
2024-12-21 13:21:42,806 - [Process 4/5] - INFO - res.shape is :torch.Size([4])
2024-12-21 13:21:43,091 - [Process 4/5] - INFO - len(per_windows_prompt):1
2024-12-21 13:21:48,270 - [Process 4/5] - INFO - res.shape is :torch.Size([32])
2024-12-21 13:21:48,512 - [Process 4/5] - INFO - len(per_windows_prompt):1
2024-12-21 13:21:52,722 - [Process 4/5] - INFO - res.shape is :torch.Size([9])
2024-12-21 13:21:52,977 - [Process 4/5] - INFO - len(per_windows_prompt):1
2024-12-21 13:21:58,151 - [Process 4/5] - INFO - res.shape is :torch.Size([32])
2024-12-21 13:21:58,269 - [Process 4/5] - INFO - len(per_windows_prompt):1
2024-12-21 13:22:01,621 - [Process 4/5] - INFO - res.shape is :torch.Size([28])
2024-12-21 13:22:01,805 - [Process 4/5] - INFO - len(per_windows_prompt):1
2024-12-21 13:22:06,012 - [Process 4/5] - INFO - res.shape is :torch.Size([9])
2024-12-21 13:22:06,164 - [Process 4/5] - INFO - len(per_windows_prompt):1
2024-12-21 13:22:10,636 - [Process 4/5] - INFO - res.shape is :torch.Size([32])
2024-12-21 13:22:10,925 - [Process 4/5] - INFO - len(per_windows_prompt):1
2024-12-21 13:22:16,106 - [Process 4/5] - INFO - res.shape is :torch.Size([32])
2024-12-21 13:22:16,419 - [Process 4/5] - INFO - len(per_windows_prompt):1
2024-12-21 13:22:21,604 - [Process 4/5] - INFO - res.shape is :torch.Size([32])
2024-12-21 13:22:21,766 - [Process 4/5] - INFO - len(per_windows_prompt):1
2024-12-21 13:22:26,544 - [Process 4/5] - INFO - res.shape is :torch.Size([32])
2024-12-21 13:22:26,795 - [Process 4/5] - INFO - len(per_windows_prompt):1
2024-12-21 13:22:31,244 - [Process 4/5] - INFO - res.shape is :torch.Size([14])
2024-12-21 13:22:31,535 - [Process 4/5] - INFO - len(per_windows_prompt):1
2024-12-21 13:22:36,743 - [Process 4/5] - INFO - res.shape is :torch.Size([32])
2024-12-21 13:22:37,025 - [Process 4/5] - INFO - len(per_windows_prompt):1
2024-12-21 13:22:41,393 - [Process 4/5] - INFO - res.shape is :torch.Size([12])
2024-12-21 13:22:41,630 - [Process 4/5] - INFO - len(per_windows_prompt):1
2024-12-21 13:22:45,669 - [Process 4/5] - INFO - res.shape is :torch.Size([4])
2024-12-21 13:22:45,880 - [Process 4/5] - INFO - len(per_windows_prompt):1
2024-12-21 13:22:50,296 - [Process 4/5] - INFO - res.shape is :torch.Size([13])
2024-12-21 13:22:50,588 - [Process 4/5] - INFO - len(per_windows_prompt):1
2024-12-21 13:22:55,801 - [Process 4/5] - INFO - res.shape is :torch.Size([32])
2024-12-21 13:22:56,040 - [Process 4/5] - INFO - len(per_windows_prompt):1
2024-12-21 13:23:00,248 - [Process 4/5] - INFO - res.shape is :torch.Size([8])
2024-12-21 13:23:00,493 - [Process 4/5] - INFO - len(per_windows_prompt):1
2024-12-21 13:23:04,961 - [Process 4/5] - INFO - res.shape is :torch.Size([14])
2024-12-21 13:23:05,126 - [Process 4/5] - INFO - len(per_windows_prompt):1
2024-12-21 13:23:09,252 - [Process 4/5] - INFO - res.shape is :torch.Size([14])
2024-12-21 13:23:09,492 - [Process 4/5] - INFO - len(per_windows_prompt):1
2024-12-21 13:23:14,716 - [Process 4/5] - INFO - res.shape is :torch.Size([32])
2024-12-21 13:23:14,979 - [Process 4/5] - INFO - len(per_windows_prompt):1
2024-12-21 13:23:20,261 - [Process 4/5] - INFO - res.shape is :torch.Size([32])
2024-12-21 13:23:20,506 - [Process 4/5] - INFO - len(per_windows_prompt):1
2024-12-21 13:23:24,601 - [Process 4/5] - INFO - res.shape is :torch.Size([5])
2024-12-21 13:23:24,810 - [Process 4/5] - INFO - len(per_windows_prompt):1
2024-12-21 13:23:30,075 - [Process 4/5] - INFO - res.shape is :torch.Size([32])
2024-12-21 13:23:30,278 - [Process 4/5] - INFO - len(per_windows_prompt):1
2024-12-21 13:23:34,797 - [Process 4/5] - INFO - res.shape is :torch.Size([14])
2024-12-21 13:23:35,032 - [Process 4/5] - INFO - len(per_windows_prompt):1
2024-12-21 13:23:40,314 - [Process 4/5] - INFO - res.shape is :torch.Size([32])
2024-12-21 13:23:40,558 - [Process 4/5] - INFO - len(per_windows_prompt):1
2024-12-21 13:23:45,018 - [Process 4/5] - INFO - res.shape is :torch.Size([13])
2024-12-21 13:23:45,195 - [Process 4/5] - INFO - len(per_windows_prompt):1
2024-12-21 13:23:49,554 - [Process 4/5] - INFO - res.shape is :torch.Size([11])
2024-12-21 13:23:49,863 - [Process 4/5] - INFO - len(per_windows_prompt):1
2024-12-21 13:23:55,095 - [Process 4/5] - INFO - res.shape is :torch.Size([32])
2024-12-21 13:23:55,297 - [Process 4/5] - INFO - len(per_windows_prompt):1
2024-12-21 13:24:00,535 - [Process 4/5] - INFO - res.shape is :torch.Size([32])
2024-12-21 13:24:00,830 - [Process 4/5] - INFO - len(per_windows_prompt):1
2024-12-21 13:24:05,182 - [Process 4/5] - INFO - res.shape is :torch.Size([11])
2024-12-21 13:24:05,394 - [Process 4/5] - INFO - len(per_windows_prompt):1
2024-12-21 13:24:10,629 - [Process 4/5] - INFO - res.shape is :torch.Size([32])
2024-12-21 13:24:10,847 - [Process 4/5] - INFO - len(per_windows_prompt):1
2024-12-21 13:24:15,286 - [Process 4/5] - INFO - res.shape is :torch.Size([13])
2024-12-21 13:24:15,540 - [Process 4/5] - INFO - len(per_windows_prompt):1
2024-12-21 13:24:20,780 - [Process 4/5] - INFO - res.shape is :torch.Size([32])
2024-12-21 13:24:20,925 - [Process 4/5] - INFO - len(per_windows_prompt):1
2024-12-21 13:24:25,180 - [Process 4/5] - INFO - res.shape is :torch.Size([25])
2024-12-21 13:24:25,449 - [Process 4/5] - INFO - len(per_windows_prompt):1
2024-12-21 13:24:29,682 - [Process 4/5] - INFO - res.shape is :torch.Size([8])
2024-12-21 13:24:29,925 - [Process 4/5] - INFO - len(per_windows_prompt):1
2024-12-21 13:24:35,163 - [Process 4/5] - INFO - res.shape is :torch.Size([32])
2024-12-21 13:24:35,425 - [Process 4/5] - INFO - len(per_windows_prompt):1
2024-12-21 13:24:39,702 - [Process 4/5] - INFO - res.shape is :torch.Size([9])
2024-12-21 13:24:39,927 - [Process 4/5] - INFO - len(per_windows_prompt):1
2024-12-21 13:24:44,958 - [Process 4/5] - INFO - res.shape is :torch.Size([27])
2024-12-21 13:24:45,237 - [Process 4/5] - INFO - len(per_windows_prompt):1
2024-12-21 13:24:49,389 - [Process 4/5] - INFO - res.shape is :torch.Size([6])
2024-12-21 13:24:49,549 - [Process 4/5] - INFO - len(per_windows_prompt):1
2024-12-21 13:24:53,222 - [Process 4/5] - INFO - res.shape is :torch.Size([6])
