2024-12-21 13:37:59,985 - [Process 1/5] - INFO - loading datasets finished
2024-12-21 13:37:59,986 - [Process 1/5] - INFO - model_max_len: 3950
2024-12-21 13:37:59,986 - [Process 1/5] - INFO - output_max_len: 512
2024-12-21 13:38:00,034 - [Process 1/5] - INFO - Max Length is 24585
2024-12-21 13:38:00,034 - [Process 1/5] - INFO - Finish loading dataset
2024-12-21 13:38:00,035 - [Process 1/5] - INFO - get_predicted begin
2024-12-21 13:38:04,836 - [Process 1/5] - INFO - len(per_windows_prompt):1
2024-12-21 13:38:14,001 - [Process 1/5] - INFO - res.shape is :torch.Size([101])
2024-12-21 13:38:14,275 - [Process 1/5] - INFO - len(per_windows_prompt):1
2024-12-21 13:38:24,853 - [Process 1/5] - INFO - res.shape is :torch.Size([151])
2024-12-21 13:38:24,996 - [Process 1/5] - INFO - len(per_windows_prompt):1
2024-12-21 13:38:31,609 - [Process 1/5] - INFO - res.shape is :torch.Size([83])
2024-12-21 13:38:31,889 - [Process 1/5] - INFO - len(per_windows_prompt):1
2024-12-21 13:38:41,468 - [Process 1/5] - INFO - res.shape is :torch.Size([133])
2024-12-21 13:38:41,672 - [Process 1/5] - INFO - len(per_windows_prompt):1
2024-12-21 13:38:50,778 - [Process 1/5] - INFO - res.shape is :torch.Size([120])
2024-12-21 13:38:51,093 - [Process 1/5] - INFO - len(per_windows_prompt):1
2024-12-21 13:38:58,466 - [Process 1/5] - INFO - res.shape is :torch.Size([82])
2024-12-21 13:38:58,709 - [Process 1/5] - INFO - len(per_windows_prompt):1
2024-12-21 13:39:06,627 - [Process 1/5] - INFO - res.shape is :torch.Size([94])
2024-12-21 13:39:06,874 - [Process 1/5] - INFO - len(per_windows_prompt):1
2024-12-21 13:39:12,877 - [Process 1/5] - INFO - res.shape is :torch.Size([51])
2024-12-21 13:39:13,097 - [Process 1/5] - INFO - len(per_windows_prompt):1
2024-12-21 13:39:20,689 - [Process 1/5] - INFO - res.shape is :torch.Size([85])
2024-12-21 13:39:20,931 - [Process 1/5] - INFO - len(per_windows_prompt):1
2024-12-21 13:39:28,169 - [Process 1/5] - INFO - res.shape is :torch.Size([80])
2024-12-21 13:39:28,465 - [Process 1/5] - INFO - len(per_windows_prompt):1
2024-12-21 13:39:38,014 - [Process 1/5] - INFO - res.shape is :torch.Size([132])
2024-12-21 13:39:38,292 - [Process 1/5] - INFO - len(per_windows_prompt):1
2024-12-21 13:39:47,409 - [Process 1/5] - INFO - res.shape is :torch.Size([122])
2024-12-21 13:39:47,644 - [Process 1/5] - INFO - len(per_windows_prompt):1
2024-12-21 13:39:55,471 - [Process 1/5] - INFO - res.shape is :torch.Size([89])
2024-12-21 13:39:55,704 - [Process 1/5] - INFO - len(per_windows_prompt):1
2024-12-21 13:40:04,291 - [Process 1/5] - INFO - res.shape is :torch.Size([108])
2024-12-21 13:40:04,569 - [Process 1/5] - INFO - len(per_windows_prompt):1
2024-12-21 13:40:10,026 - [Process 1/5] - INFO - res.shape is :torch.Size([35])
2024-12-21 13:40:10,300 - [Process 1/5] - INFO - len(per_windows_prompt):1
2024-12-21 13:40:19,302 - [Process 1/5] - INFO - res.shape is :torch.Size([120])
2024-12-21 13:40:19,491 - [Process 1/5] - INFO - len(per_windows_prompt):1
2024-12-21 13:40:27,007 - [Process 1/5] - INFO - res.shape is :torch.Size([80])
2024-12-21 13:40:27,282 - [Process 1/5] - INFO - len(per_windows_prompt):1
2024-12-21 13:40:36,289 - [Process 1/5] - INFO - res.shape is :torch.Size([115])
2024-12-21 13:40:36,514 - [Process 1/5] - INFO - len(per_windows_prompt):1
2024-12-21 13:40:43,570 - [Process 1/5] - INFO - res.shape is :torch.Size([70])
2024-12-21 13:40:43,788 - [Process 1/5] - INFO - len(per_windows_prompt):1
2024-12-21 13:40:50,791 - [Process 1/5] - INFO - res.shape is :torch.Size([74])
2024-12-21 13:40:51,033 - [Process 1/5] - INFO - len(per_windows_prompt):1
2024-12-21 13:40:58,768 - [Process 1/5] - INFO - res.shape is :torch.Size([88])
2024-12-21 13:40:58,998 - [Process 1/5] - INFO - len(per_windows_prompt):1
2024-12-21 13:41:07,308 - [Process 1/5] - INFO - res.shape is :torch.Size([103])
2024-12-21 13:41:07,598 - [Process 1/5] - INFO - len(per_windows_prompt):1
2024-12-21 13:41:16,908 - [Process 1/5] - INFO - res.shape is :torch.Size([124])
2024-12-21 13:41:17,189 - [Process 1/5] - INFO - len(per_windows_prompt):1
2024-12-21 13:41:25,515 - [Process 1/5] - INFO - res.shape is :torch.Size([102])
2024-12-21 13:41:25,922 - [Process 1/5] - INFO - len(per_windows_prompt):1
2024-12-21 13:41:34,743 - [Process 1/5] - INFO - res.shape is :torch.Size([113])
2024-12-21 13:41:34,956 - [Process 1/5] - INFO - len(per_windows_prompt):1
2024-12-21 13:41:43,280 - [Process 1/5] - INFO - res.shape is :torch.Size([103])
2024-12-21 13:41:43,505 - [Process 1/5] - INFO - len(per_windows_prompt):1
2024-12-21 13:41:49,563 - [Process 1/5] - INFO - res.shape is :torch.Size([52])
2024-12-21 13:41:49,772 - [Process 1/5] - INFO - len(per_windows_prompt):1
2024-12-21 13:41:59,711 - [Process 1/5] - INFO - res.shape is :torch.Size([139])
2024-12-21 13:41:59,956 - [Process 1/5] - INFO - len(per_windows_prompt):1
2024-12-21 13:42:07,237 - [Process 1/5] - INFO - res.shape is :torch.Size([78])
2024-12-21 13:42:07,527 - [Process 1/5] - INFO - len(per_windows_prompt):1
2024-12-21 13:42:14,364 - [Process 1/5] - INFO - res.shape is :torch.Size([65])
2024-12-21 13:42:14,799 - [Process 1/5] - INFO - len(per_windows_prompt):1
2024-12-21 13:42:21,863 - [Process 1/5] - INFO - res.shape is :torch.Size([71])
2024-12-21 13:42:22,160 - [Process 1/5] - INFO - len(per_windows_prompt):1
2024-12-21 13:42:27,038 - [Process 1/5] - INFO - res.shape is :torch.Size([22])
2024-12-21 13:42:27,293 - [Process 1/5] - INFO - len(per_windows_prompt):1
2024-12-21 13:42:32,347 - [Process 1/5] - INFO - res.shape is :torch.Size([28])
2024-12-21 13:42:32,598 - [Process 1/5] - INFO - len(per_windows_prompt):1
2024-12-21 13:42:39,490 - [Process 1/5] - INFO - res.shape is :torch.Size([68])
2024-12-21 13:42:39,701 - [Process 1/5] - INFO - len(per_windows_prompt):1
2024-12-21 13:42:48,749 - [Process 1/5] - INFO - res.shape is :torch.Size([117])
2024-12-21 13:42:48,958 - [Process 1/5] - INFO - len(per_windows_prompt):1
2024-12-21 13:42:55,690 - [Process 1/5] - INFO - res.shape is :torch.Size([63])
2024-12-21 13:42:55,934 - [Process 1/5] - INFO - len(per_windows_prompt):1
2024-12-21 13:43:02,859 - [Process 1/5] - INFO - res.shape is :torch.Size([67])
2024-12-21 13:43:03,202 - [Process 1/5] - INFO - len(per_windows_prompt):1
2024-12-21 13:43:13,747 - [Process 1/5] - INFO - res.shape is :torch.Size([150])
2024-12-21 13:43:14,005 - [Process 1/5] - INFO - len(per_windows_prompt):1
2024-12-21 13:43:21,206 - [Process 1/5] - INFO - res.shape is :torch.Size([73])
2024-12-21 13:43:21,504 - [Process 1/5] - INFO - len(per_windows_prompt):1
2024-12-21 13:43:28,468 - [Process 1/5] - INFO - res.shape is :torch.Size([68])
