2024-12-21 12:43:10,141 - [Process 3/5] - INFO - loading datasets finished
2024-12-21 12:43:10,141 - [Process 3/5] - INFO - model_max_len: 3950
2024-12-21 12:43:10,142 - [Process 3/5] - INFO - output_max_len: 128
2024-12-21 12:43:10,240 - [Process 3/5] - INFO - Max Length is 36418
2024-12-21 12:43:10,241 - [Process 3/5] - INFO - Finish loading dataset
2024-12-21 12:43:10,241 - [Process 3/5] - INFO - get_predicted begin
2024-12-21 12:43:14,998 - [Process 3/5] - INFO - len(per_windows_prompt):1
2024-12-21 12:43:20,010 - [Process 3/5] - INFO - res.shape is :torch.Size([9])
2024-12-21 12:43:20,411 - [Process 3/5] - INFO - len(per_windows_prompt):1
2024-12-21 12:43:24,427 - [Process 3/5] - INFO - res.shape is :torch.Size([4])
2024-12-21 12:43:24,988 - [Process 3/5] - INFO - len(per_windows_prompt):1
2024-12-21 12:43:29,976 - [Process 3/5] - INFO - res.shape is :torch.Size([27])
2024-12-21 12:43:30,591 - [Process 3/5] - INFO - len(per_windows_prompt):1
2024-12-21 12:43:34,659 - [Process 3/5] - INFO - res.shape is :torch.Size([5])
2024-12-21 12:43:35,265 - [Process 3/5] - INFO - len(per_windows_prompt):1
2024-12-21 12:43:39,335 - [Process 3/5] - INFO - res.shape is :torch.Size([5])
2024-12-21 12:43:39,564 - [Process 3/5] - INFO - len(per_windows_prompt):1
2024-12-21 12:43:44,187 - [Process 3/5] - INFO - res.shape is :torch.Size([18])
2024-12-21 12:43:44,437 - [Process 3/5] - INFO - len(per_windows_prompt):1
2024-12-21 12:43:48,653 - [Process 3/5] - INFO - res.shape is :torch.Size([8])
2024-12-21 12:43:48,981 - [Process 3/5] - INFO - len(per_windows_prompt):1
2024-12-21 12:43:53,118 - [Process 3/5] - INFO - res.shape is :torch.Size([6])
2024-12-21 12:43:53,432 - [Process 3/5] - INFO - len(per_windows_prompt):1
2024-12-21 12:43:58,170 - [Process 3/5] - INFO - res.shape is :torch.Size([20])
2024-12-21 12:43:58,601 - [Process 3/5] - INFO - len(per_windows_prompt):1
2024-12-21 12:44:02,982 - [Process 3/5] - INFO - res.shape is :torch.Size([11])
2024-12-21 12:44:03,445 - [Process 3/5] - INFO - len(per_windows_prompt):1
2024-12-21 12:44:08,575 - [Process 3/5] - INFO - res.shape is :torch.Size([28])
2024-12-21 12:44:08,974 - [Process 3/5] - INFO - len(per_windows_prompt):1
2024-12-21 12:44:13,004 - [Process 3/5] - INFO - res.shape is :torch.Size([3])
2024-12-21 12:44:13,490 - [Process 3/5] - INFO - len(per_windows_prompt):1
2024-12-21 12:44:17,614 - [Process 3/5] - INFO - res.shape is :torch.Size([5])
2024-12-21 12:44:17,901 - [Process 3/5] - INFO - len(per_windows_prompt):1
2024-12-21 12:44:22,696 - [Process 3/5] - INFO - res.shape is :torch.Size([21])
2024-12-21 12:44:22,965 - [Process 3/5] - INFO - len(per_windows_prompt):1
2024-12-21 12:44:27,507 - [Process 3/5] - INFO - res.shape is :torch.Size([15])
2024-12-21 12:44:27,768 - [Process 3/5] - INFO - len(per_windows_prompt):1
2024-12-21 12:44:31,837 - [Process 3/5] - INFO - res.shape is :torch.Size([4])
2024-12-21 12:44:32,085 - [Process 3/5] - INFO - len(per_windows_prompt):1
2024-12-21 12:44:36,366 - [Process 3/5] - INFO - res.shape is :torch.Size([9])
2024-12-21 12:44:36,599 - [Process 3/5] - INFO - len(per_windows_prompt):1
2024-12-21 12:44:40,963 - [Process 3/5] - INFO - res.shape is :torch.Size([11])
2024-12-21 12:44:41,327 - [Process 3/5] - INFO - len(per_windows_prompt):1
2024-12-21 12:44:45,517 - [Process 3/5] - INFO - res.shape is :torch.Size([7])
2024-12-21 12:44:45,748 - [Process 3/5] - INFO - len(per_windows_prompt):1
2024-12-21 12:44:50,257 - [Process 3/5] - INFO - res.shape is :torch.Size([14])
2024-12-21 12:44:50,651 - [Process 3/5] - INFO - len(per_windows_prompt):1
2024-12-21 12:44:55,109 - [Process 3/5] - INFO - res.shape is :torch.Size([13])
2024-12-21 12:44:55,396 - [Process 3/5] - INFO - len(per_windows_prompt):1
2024-12-21 12:44:59,518 - [Process 3/5] - INFO - res.shape is :torch.Size([5])
2024-12-21 12:45:00,061 - [Process 3/5] - INFO - len(per_windows_prompt):1
2024-12-21 12:45:04,727 - [Process 3/5] - INFO - res.shape is :torch.Size([18])
2024-12-21 12:45:05,092 - [Process 3/5] - INFO - len(per_windows_prompt):1
2024-12-21 12:45:09,266 - [Process 3/5] - INFO - res.shape is :torch.Size([6])
2024-12-21 12:45:09,743 - [Process 3/5] - INFO - len(per_windows_prompt):1
2024-12-21 12:45:14,008 - [Process 3/5] - INFO - res.shape is :torch.Size([8])
2024-12-21 12:45:14,261 - [Process 3/5] - INFO - len(per_windows_prompt):1
2024-12-21 12:45:19,887 - [Process 3/5] - INFO - res.shape is :torch.Size([40])
2024-12-21 12:45:20,477 - [Process 3/5] - INFO - len(per_windows_prompt):1
2024-12-21 12:45:26,105 - [Process 3/5] - INFO - res.shape is :torch.Size([41])
2024-12-21 12:45:26,320 - [Process 3/5] - INFO - len(per_windows_prompt):1
2024-12-21 12:45:31,196 - [Process 3/5] - INFO - res.shape is :torch.Size([23])
2024-12-21 12:45:31,409 - [Process 3/5] - INFO - len(per_windows_prompt):1
2024-12-21 12:45:35,527 - [Process 3/5] - INFO - res.shape is :torch.Size([5])
2024-12-21 12:45:35,974 - [Process 3/5] - INFO - len(per_windows_prompt):1
2024-12-21 12:45:40,262 - [Process 3/5] - INFO - res.shape is :torch.Size([9])
2024-12-21 12:45:40,692 - [Process 3/5] - INFO - len(per_windows_prompt):1
2024-12-21 12:45:45,187 - [Process 3/5] - INFO - res.shape is :torch.Size([14])
2024-12-21 12:45:45,747 - [Process 3/5] - INFO - len(per_windows_prompt):1
2024-12-21 12:45:50,155 - [Process 3/5] - INFO - res.shape is :torch.Size([12])
2024-12-21 12:45:50,457 - [Process 3/5] - INFO - len(per_windows_prompt):1
2024-12-21 12:45:54,741 - [Process 3/5] - INFO - res.shape is :torch.Size([9])
2024-12-21 12:45:54,970 - [Process 3/5] - INFO - len(per_windows_prompt):1
2024-12-21 12:45:59,131 - [Process 3/5] - INFO - res.shape is :torch.Size([6])
2024-12-21 12:45:59,517 - [Process 3/5] - INFO - len(per_windows_prompt):1
2024-12-21 12:46:04,015 - [Process 3/5] - INFO - res.shape is :torch.Size([14])
2024-12-21 12:46:04,279 - [Process 3/5] - INFO - len(per_windows_prompt):1
2024-12-21 12:46:08,862 - [Process 3/5] - INFO - res.shape is :torch.Size([16])
2024-12-21 12:46:09,073 - [Process 3/5] - INFO - len(per_windows_prompt):1
2024-12-21 12:46:13,151 - [Process 3/5] - INFO - res.shape is :torch.Size([4])
2024-12-21 12:46:13,401 - [Process 3/5] - INFO - len(per_windows_prompt):1
2024-12-21 12:46:17,902 - [Process 3/5] - INFO - res.shape is :torch.Size([14])
2024-12-21 12:46:18,458 - [Process 3/5] - INFO - len(per_windows_prompt):1
2024-12-21 12:46:22,575 - [Process 3/5] - INFO - res.shape is :torch.Size([5])
2024-12-21 12:46:23,129 - [Process 3/5] - INFO - len(per_windows_prompt):1
2024-12-21 12:46:27,627 - [Process 3/5] - INFO - res.shape is :torch.Size([14])
