2024-12-21 18:16:59,778 - [Process 1/5] - INFO - loading datasets finished
2024-12-21 18:16:59,779 - [Process 1/5] - INFO - model_max_len: 3950
2024-12-21 18:16:59,779 - [Process 1/5] - INFO - output_max_len: 32
2024-12-21 18:16:59,825 - [Process 1/5] - INFO - Max Length is 12697
2024-12-21 18:16:59,825 - [Process 1/5] - INFO - Finish loading dataset
2024-12-21 18:16:59,825 - [Process 1/5] - INFO - get_predicted begin
2024-12-21 18:17:04,568 - [Process 1/5] - INFO - len(per_windows_prompt):2
2024-12-21 18:17:09,196 - [Process 1/5] - INFO - res.shape is :torch.Size([5])
2024-12-21 18:17:09,370 - [Process 1/5] - INFO - len(per_windows_prompt):2
2024-12-21 18:17:13,372 - [Process 1/5] - INFO - res.shape is :torch.Size([7])
2024-12-21 18:17:13,517 - [Process 1/5] - INFO - len(per_windows_prompt):2
2024-12-21 18:17:17,472 - [Process 1/5] - INFO - res.shape is :torch.Size([4])
2024-12-21 18:17:17,643 - [Process 1/5] - INFO - len(per_windows_prompt):2
2024-12-21 18:17:21,672 - [Process 1/5] - INFO - res.shape is :torch.Size([4])
2024-12-21 18:17:21,848 - [Process 1/5] - INFO - len(per_windows_prompt):2
2024-12-21 18:17:25,927 - [Process 1/5] - INFO - res.shape is :torch.Size([5])
2024-12-21 18:17:26,083 - [Process 1/5] - INFO - len(per_windows_prompt):2
2024-12-21 18:17:29,926 - [Process 1/5] - INFO - res.shape is :torch.Size([4])
2024-12-21 18:17:30,062 - [Process 1/5] - INFO - len(per_windows_prompt):2
2024-12-21 18:17:33,893 - [Process 1/5] - INFO - res.shape is :torch.Size([4])
2024-12-21 18:17:34,033 - [Process 1/5] - INFO - len(per_windows_prompt):2
2024-12-21 18:17:38,074 - [Process 1/5] - INFO - res.shape is :torch.Size([5])
2024-12-21 18:17:38,210 - [Process 1/5] - INFO - len(per_windows_prompt):2
2024-12-21 18:17:42,220 - [Process 1/5] - INFO - res.shape is :torch.Size([8])
2024-12-21 18:17:42,392 - [Process 1/5] - INFO - len(per_windows_prompt):2
2024-12-21 18:17:46,466 - [Process 1/5] - INFO - res.shape is :torch.Size([5])
2024-12-21 18:17:46,576 - [Process 1/5] - INFO - len(per_windows_prompt):2
2024-12-21 18:17:50,610 - [Process 1/5] - INFO - res.shape is :torch.Size([5])
2024-12-21 18:17:50,883 - [Process 1/5] - INFO - len(per_windows_prompt):2
2024-12-21 18:17:54,896 - [Process 1/5] - INFO - res.shape is :torch.Size([4])
2024-12-21 18:17:55,165 - [Process 1/5] - INFO - len(per_windows_prompt):2
2024-12-21 18:17:59,084 - [Process 1/5] - INFO - res.shape is :torch.Size([2])
2024-12-21 18:17:59,290 - [Process 1/5] - INFO - len(per_windows_prompt):2
2024-12-21 18:18:03,248 - [Process 1/5] - INFO - res.shape is :torch.Size([5])
2024-12-21 18:18:03,463 - [Process 1/5] - INFO - len(per_windows_prompt):2
2024-12-21 18:18:07,587 - [Process 1/5] - INFO - res.shape is :torch.Size([5])
2024-12-21 18:18:07,844 - [Process 1/5] - INFO - len(per_windows_prompt):2
2024-12-21 18:18:11,693 - [Process 1/5] - INFO - res.shape is :torch.Size([2])
2024-12-21 18:18:11,949 - [Process 1/5] - INFO - len(per_windows_prompt):2
2024-12-21 18:18:15,970 - [Process 1/5] - INFO - res.shape is :torch.Size([4])
2024-12-21 18:18:16,243 - [Process 1/5] - INFO - len(per_windows_prompt):2
2024-12-21 18:18:20,290 - [Process 1/5] - INFO - res.shape is :torch.Size([3])
2024-12-21 18:18:20,457 - [Process 1/5] - INFO - len(per_windows_prompt):2
2024-12-21 18:18:24,374 - [Process 1/5] - INFO - res.shape is :torch.Size([5])
2024-12-21 18:18:24,525 - [Process 1/5] - INFO - len(per_windows_prompt):2
2024-12-21 18:18:28,891 - [Process 1/5] - INFO - res.shape is :torch.Size([16])
2024-12-21 18:18:29,067 - [Process 1/5] - INFO - len(per_windows_prompt):2
2024-12-21 18:18:32,876 - [Process 1/5] - INFO - res.shape is :torch.Size([2])
2024-12-21 18:18:32,991 - [Process 1/5] - INFO - len(per_windows_prompt):2
2024-12-21 18:18:36,793 - [Process 1/5] - INFO - res.shape is :torch.Size([2])
2024-12-21 18:18:36,955 - [Process 1/5] - INFO - len(per_windows_prompt):2
2024-12-21 18:18:41,029 - [Process 1/5] - INFO - res.shape is :torch.Size([5])
2024-12-21 18:18:41,183 - [Process 1/5] - INFO - len(per_windows_prompt):2
2024-12-21 18:18:45,289 - [Process 1/5] - INFO - res.shape is :torch.Size([6])
2024-12-21 18:18:45,459 - [Process 1/5] - INFO - len(per_windows_prompt):2
2024-12-21 18:18:49,496 - [Process 1/5] - INFO - res.shape is :torch.Size([4])
2024-12-21 18:18:49,663 - [Process 1/5] - INFO - len(per_windows_prompt):2
2024-12-21 18:18:53,800 - [Process 1/5] - INFO - res.shape is :torch.Size([7])
2024-12-21 18:18:53,950 - [Process 1/5] - INFO - len(per_windows_prompt):2
2024-12-21 18:18:57,892 - [Process 1/5] - INFO - res.shape is :torch.Size([4])
2024-12-21 18:18:58,037 - [Process 1/5] - INFO - len(per_windows_prompt):2
2024-12-21 18:19:01,975 - [Process 1/5] - INFO - res.shape is :torch.Size([5])
2024-12-21 18:19:02,127 - [Process 1/5] - INFO - len(per_windows_prompt):2
2024-12-21 18:19:05,990 - [Process 1/5] - INFO - res.shape is :torch.Size([3])
2024-12-21 18:19:06,161 - [Process 1/5] - INFO - len(per_windows_prompt):2
2024-12-21 18:19:09,974 - [Process 1/5] - INFO - res.shape is :torch.Size([2])
2024-12-21 18:19:10,128 - [Process 1/5] - INFO - len(per_windows_prompt):2
2024-12-21 18:19:14,223 - [Process 1/5] - INFO - res.shape is :torch.Size([9])
2024-12-21 18:19:14,393 - [Process 1/5] - INFO - len(per_windows_prompt):2
2024-12-21 18:19:18,538 - [Process 1/5] - INFO - res.shape is :torch.Size([7])
2024-12-21 18:19:18,669 - [Process 1/5] - INFO - len(per_windows_prompt):2
2024-12-21 18:19:22,731 - [Process 1/5] - INFO - res.shape is :torch.Size([5])
2024-12-21 18:19:22,882 - [Process 1/5] - INFO - len(per_windows_prompt):2
2024-12-21 18:19:26,943 - [Process 1/5] - INFO - res.shape is :torch.Size([5])
2024-12-21 18:19:27,087 - [Process 1/5] - INFO - len(per_windows_prompt):2
2024-12-21 18:19:31,176 - [Process 1/5] - INFO - res.shape is :torch.Size([8])
2024-12-21 18:19:31,291 - [Process 1/5] - INFO - len(per_windows_prompt):2
2024-12-21 18:19:35,288 - [Process 1/5] - INFO - res.shape is :torch.Size([3])
2024-12-21 18:19:35,446 - [Process 1/5] - INFO - len(per_windows_prompt):2
2024-12-21 18:19:39,428 - [Process 1/5] - INFO - res.shape is :torch.Size([6])
2024-12-21 18:19:39,592 - [Process 1/5] - INFO - len(per_windows_prompt):2
2024-12-21 18:19:44,235 - [Process 1/5] - INFO - res.shape is :torch.Size([19])
2024-12-21 18:19:44,353 - [Process 1/5] - INFO - len(per_windows_prompt):2
2024-12-21 18:19:48,214 - [Process 1/5] - INFO - res.shape is :torch.Size([3])
2024-12-21 18:19:48,346 - [Process 1/5] - INFO - len(per_windows_prompt):2
2024-12-21 18:19:52,281 - [Process 1/5] - INFO - res.shape is :torch.Size([5])
