2024-12-21 15:46:16,087 - [Process 4/5] - INFO - loading datasets finished
2024-12-21 15:46:16,087 - [Process 4/5] - INFO - model_max_len: 3950
2024-12-21 15:46:16,087 - [Process 4/5] - INFO - output_max_len: 64
2024-12-21 15:46:16,114 - [Process 4/5] - INFO - Max Length is 10337
2024-12-21 15:46:16,114 - [Process 4/5] - INFO - Finish loading dataset
2024-12-21 15:46:16,114 - [Process 4/5] - INFO - get_predicted begin
2024-12-21 15:46:20,918 - [Process 4/5] - INFO - len(per_windows_prompt):1
2024-12-21 15:46:25,276 - [Process 4/5] - INFO - res.shape is :torch.Size([10])
2024-12-21 15:46:25,478 - [Process 4/5] - INFO - len(per_windows_prompt):1
2024-12-21 15:46:29,527 - [Process 4/5] - INFO - res.shape is :torch.Size([6])
2024-12-21 15:46:29,689 - [Process 4/5] - INFO - len(per_windows_prompt):1
2024-12-21 15:46:33,754 - [Process 4/5] - INFO - res.shape is :torch.Size([9])
2024-12-21 15:46:33,954 - [Process 4/5] - INFO - len(per_windows_prompt):1
2024-12-21 15:46:37,978 - [Process 4/5] - INFO - res.shape is :torch.Size([5])
2024-12-21 15:46:38,184 - [Process 4/5] - INFO - len(per_windows_prompt):1
2024-12-21 15:46:42,175 - [Process 4/5] - INFO - res.shape is :torch.Size([4])
2024-12-21 15:46:42,386 - [Process 4/5] - INFO - len(per_windows_prompt):1
2024-12-21 15:46:46,585 - [Process 4/5] - INFO - res.shape is :torch.Size([9])
2024-12-21 15:46:46,773 - [Process 4/5] - INFO - len(per_windows_prompt):1
2024-12-21 15:46:50,936 - [Process 4/5] - INFO - res.shape is :torch.Size([8])
2024-12-21 15:46:51,144 - [Process 4/5] - INFO - len(per_windows_prompt):1
2024-12-21 15:46:55,310 - [Process 4/5] - INFO - res.shape is :torch.Size([8])
2024-12-21 15:46:55,496 - [Process 4/5] - INFO - len(per_windows_prompt):1
2024-12-21 15:46:59,486 - [Process 4/5] - INFO - res.shape is :torch.Size([4])
2024-12-21 15:46:59,708 - [Process 4/5] - INFO - len(per_windows_prompt):1
2024-12-21 15:47:04,908 - [Process 4/5] - INFO - res.shape is :torch.Size([32])
2024-12-21 15:47:05,084 - [Process 4/5] - INFO - len(per_windows_prompt):1
2024-12-21 15:47:08,922 - [Process 4/5] - INFO - res.shape is :torch.Size([3])
2024-12-21 15:47:09,083 - [Process 4/5] - INFO - len(per_windows_prompt):1
2024-12-21 15:47:12,999 - [Process 4/5] - INFO - res.shape is :torch.Size([5])
2024-12-21 15:47:13,176 - [Process 4/5] - INFO - len(per_windows_prompt):1
2024-12-21 15:47:18,838 - [Process 4/5] - INFO - res.shape is :torch.Size([42])
2024-12-21 15:47:19,067 - [Process 4/5] - INFO - len(per_windows_prompt):1
2024-12-21 15:47:24,555 - [Process 4/5] - INFO - res.shape is :torch.Size([39])
2024-12-21 15:47:24,782 - [Process 4/5] - INFO - len(per_windows_prompt):1
2024-12-21 15:47:28,844 - [Process 4/5] - INFO - res.shape is :torch.Size([5])
2024-12-21 15:47:29,069 - [Process 4/5] - INFO - len(per_windows_prompt):1
2024-12-21 15:47:33,296 - [Process 4/5] - INFO - res.shape is :torch.Size([9])
2024-12-21 15:47:33,507 - [Process 4/5] - INFO - len(per_windows_prompt):1
2024-12-21 15:47:37,492 - [Process 4/5] - INFO - res.shape is :torch.Size([3])
2024-12-21 15:47:37,712 - [Process 4/5] - INFO - len(per_windows_prompt):1
2024-12-21 15:47:41,790 - [Process 4/5] - INFO - res.shape is :torch.Size([5])
2024-12-21 15:47:41,986 - [Process 4/5] - INFO - len(per_windows_prompt):1
2024-12-21 15:47:45,945 - [Process 4/5] - INFO - res.shape is :torch.Size([2])
2024-12-21 15:47:46,153 - [Process 4/5] - INFO - len(per_windows_prompt):1
2024-12-21 15:47:50,112 - [Process 4/5] - INFO - res.shape is :torch.Size([2])
2024-12-21 15:47:50,302 - [Process 4/5] - INFO - len(per_windows_prompt):1
2024-12-21 15:47:54,360 - [Process 4/5] - INFO - res.shape is :torch.Size([4])
2024-12-21 15:47:54,532 - [Process 4/5] - INFO - len(per_windows_prompt):1
2024-12-21 15:47:58,340 - [Process 4/5] - INFO - res.shape is :torch.Size([6])
2024-12-21 15:47:58,577 - [Process 4/5] - INFO - len(per_windows_prompt):1
2024-12-21 15:48:03,256 - [Process 4/5] - INFO - res.shape is :torch.Size([19])
2024-12-21 15:48:03,418 - [Process 4/5] - INFO - len(per_windows_prompt):1
2024-12-21 15:48:07,814 - [Process 4/5] - INFO - res.shape is :torch.Size([16])
2024-12-21 15:48:07,878 - [Process 4/5] - INFO - len(per_windows_prompt):1
2024-12-21 15:48:09,861 - [Process 4/5] - INFO - res.shape is :torch.Size([18])
2024-12-21 15:48:10,084 - [Process 4/5] - INFO - len(per_windows_prompt):1
2024-12-21 15:48:14,343 - [Process 4/5] - INFO - res.shape is :torch.Size([9])
2024-12-21 15:48:14,474 - [Process 4/5] - INFO - len(per_windows_prompt):1
2024-12-21 15:48:17,568 - [Process 4/5] - INFO - res.shape is :torch.Size([2])
2024-12-21 15:48:17,789 - [Process 4/5] - INFO - len(per_windows_prompt):1
2024-12-21 15:48:21,761 - [Process 4/5] - INFO - res.shape is :torch.Size([2])
2024-12-21 15:48:21,951 - [Process 4/5] - INFO - len(per_windows_prompt):1
2024-12-21 15:48:27,228 - [Process 4/5] - INFO - res.shape is :torch.Size([33])
2024-12-21 15:48:27,456 - [Process 4/5] - INFO - len(per_windows_prompt):1
2024-12-21 15:48:31,550 - [Process 4/5] - INFO - res.shape is :torch.Size([5])
