2024-12-21 00:25:25,051 - [Process 0/1] - INFO - loading datasets finished
2024-12-21 00:25:25,051 - [Process 0/1] - INFO - model_max_len: 3950
2024-12-21 00:25:25,051 - [Process 0/1] - INFO - output_max_len: 32
2024-12-21 00:25:25,103 - [Process 0/1] - INFO - Max Length is 17355
2024-12-21 00:25:25,104 - [Process 0/1] - INFO - Finish loading dataset
2024-12-21 00:25:25,104 - [Process 0/1] - INFO - get_predicted begin
2024-12-21 00:25:25,273 - [Process 0/1] - INFO - len(per_windows_prompt):1
2024-12-21 00:25:29,923 - [Process 0/1] - INFO - res.shape is :torch.Size([5])
2024-12-21 00:25:30,100 - [Process 0/1] - INFO - len(per_windows_prompt):1
2024-12-21 00:25:34,269 - [Process 0/1] - INFO - res.shape is :torch.Size([6])
2024-12-21 00:25:34,446 - [Process 0/1] - INFO - len(per_windows_prompt):1
2024-12-21 00:25:38,522 - [Process 0/1] - INFO - res.shape is :torch.Size([4])
2024-12-21 00:25:38,690 - [Process 0/1] - INFO - len(per_windows_prompt):1
2024-12-21 00:25:42,804 - [Process 0/1] - INFO - res.shape is :torch.Size([4])
2024-12-21 00:25:42,974 - [Process 0/1] - INFO - len(per_windows_prompt):1
2024-12-21 00:25:47,126 - [Process 0/1] - INFO - res.shape is :torch.Size([5])
2024-12-21 00:25:47,294 - [Process 0/1] - INFO - len(per_windows_prompt):1
2024-12-21 00:25:51,614 - [Process 0/1] - INFO - res.shape is :torch.Size([9])
2024-12-21 00:25:51,779 - [Process 0/1] - INFO - len(per_windows_prompt):1
2024-12-21 00:25:56,037 - [Process 0/1] - INFO - res.shape is :torch.Size([8])
2024-12-21 00:25:56,207 - [Process 0/1] - INFO - len(per_windows_prompt):1
2024-12-21 00:26:00,607 - [Process 0/1] - INFO - res.shape is :torch.Size([11])
2024-12-21 00:26:00,775 - [Process 0/1] - INFO - len(per_windows_prompt):1
2024-12-21 00:26:04,998 - [Process 0/1] - INFO - res.shape is :torch.Size([7])
2024-12-21 00:26:05,170 - [Process 0/1] - INFO - len(per_windows_prompt):1
2024-12-21 00:26:09,379 - [Process 0/1] - INFO - res.shape is :torch.Size([6])
2024-12-21 00:26:09,552 - [Process 0/1] - INFO - len(per_windows_prompt):1
2024-12-21 00:26:13,721 - [Process 0/1] - INFO - res.shape is :torch.Size([5])
2024-12-21 00:26:13,885 - [Process 0/1] - INFO - len(per_windows_prompt):1
2024-12-21 00:26:18,655 - [Process 0/1] - INFO - res.shape is :torch.Size([20])
2024-12-21 00:26:18,825 - [Process 0/1] - INFO - len(per_windows_prompt):1
2024-12-21 00:26:23,055 - [Process 0/1] - INFO - res.shape is :torch.Size([7])
2024-12-21 00:26:23,221 - [Process 0/1] - INFO - len(per_windows_prompt):1
2024-12-21 00:26:27,337 - [Process 0/1] - INFO - res.shape is :torch.Size([4])
2024-12-21 00:26:27,485 - [Process 0/1] - INFO - len(per_windows_prompt):1
2024-12-21 00:26:31,651 - [Process 0/1] - INFO - res.shape is :torch.Size([5])
2024-12-21 00:26:31,814 - [Process 0/1] - INFO - len(per_windows_prompt):1
2024-12-21 00:26:36,029 - [Process 0/1] - INFO - res.shape is :torch.Size([6])
2024-12-21 00:26:36,203 - [Process 0/1] - INFO - len(per_windows_prompt):1
2024-12-21 00:26:40,377 - [Process 0/1] - INFO - res.shape is :torch.Size([5])
2024-12-21 00:26:40,545 - [Process 0/1] - INFO - len(per_windows_prompt):1
2024-12-21 00:26:44,623 - [Process 0/1] - INFO - res.shape is :torch.Size([3])
2024-12-21 00:26:44,801 - [Process 0/1] - INFO - len(per_windows_prompt):1
2024-12-21 00:26:50,046 - [Process 0/1] - INFO - res.shape is :torch.Size([32])
2024-12-21 00:26:50,214 - [Process 0/1] - INFO - len(per_windows_prompt):1
2024-12-21 00:26:54,413 - [Process 0/1] - INFO - res.shape is :torch.Size([6])
2024-12-21 00:26:54,584 - [Process 0/1] - INFO - len(per_windows_prompt):1
2024-12-21 00:26:58,743 - [Process 0/1] - INFO - res.shape is :torch.Size([5])
2024-12-21 00:26:58,913 - [Process 0/1] - INFO - len(per_windows_prompt):1
2024-12-21 00:27:03,071 - [Process 0/1] - INFO - res.shape is :torch.Size([5])
2024-12-21 00:27:03,248 - [Process 0/1] - INFO - len(per_windows_prompt):1
2024-12-21 00:27:07,589 - [Process 0/1] - INFO - res.shape is :torch.Size([9])
2024-12-21 00:27:07,757 - [Process 0/1] - INFO - len(per_windows_prompt):1
2024-12-21 00:27:12,225 - [Process 0/1] - INFO - res.shape is :torch.Size([12])
2024-12-21 00:27:12,400 - [Process 0/1] - INFO - len(per_windows_prompt):1
2024-12-21 00:27:16,542 - [Process 0/1] - INFO - res.shape is :torch.Size([4])
2024-12-21 00:27:16,694 - [Process 0/1] - INFO - len(per_windows_prompt):1
2024-12-21 00:27:21,006 - [Process 0/1] - INFO - res.shape is :torch.Size([9])
2024-12-21 00:27:21,177 - [Process 0/1] - INFO - len(per_windows_prompt):1
2024-12-21 00:27:25,416 - [Process 0/1] - INFO - res.shape is :torch.Size([7])
2024-12-21 00:27:25,584 - [Process 0/1] - INFO - len(per_windows_prompt):1
2024-12-21 00:27:29,771 - [Process 0/1] - INFO - res.shape is :torch.Size([5])
2024-12-21 00:27:29,940 - [Process 0/1] - INFO - len(per_windows_prompt):1
2024-12-21 00:27:34,403 - [Process 0/1] - INFO - res.shape is :torch.Size([12])
2024-12-21 00:27:34,572 - [Process 0/1] - INFO - len(per_windows_prompt):1
2024-12-21 00:27:39,372 - [Process 0/1] - INFO - res.shape is :torch.Size([21])
2024-12-21 00:27:39,507 - [Process 0/1] - INFO - len(per_windows_prompt):1
2024-12-21 00:27:43,688 - [Process 0/1] - INFO - res.shape is :torch.Size([5])
2024-12-21 00:27:43,858 - [Process 0/1] - INFO - len(per_windows_prompt):1
2024-12-21 00:27:48,642 - [Process 0/1] - INFO - res.shape is :torch.Size([20])
2024-12-21 00:27:48,812 - [Process 0/1] - INFO - len(per_windows_prompt):1
2024-12-21 00:27:52,954 - [Process 0/1] - INFO - res.shape is :torch.Size([4])
2024-12-21 00:27:53,118 - [Process 0/1] - INFO - len(per_windows_prompt):1
2024-12-21 00:27:57,818 - [Process 0/1] - INFO - res.shape is :torch.Size([18])
2024-12-21 00:27:57,989 - [Process 0/1] - INFO - len(per_windows_prompt):1
2024-12-21 00:28:02,212 - [Process 0/1] - INFO - res.shape is :torch.Size([6])
2024-12-21 00:28:02,365 - [Process 0/1] - INFO - len(per_windows_prompt):1
2024-12-21 00:28:06,569 - [Process 0/1] - INFO - res.shape is :torch.Size([6])
2024-12-21 00:28:06,743 - [Process 0/1] - INFO - len(per_windows_prompt):1
2024-12-21 00:28:11,021 - [Process 0/1] - INFO - res.shape is :torch.Size([8])
2024-12-21 00:28:11,161 - [Process 0/1] - INFO - len(per_windows_prompt):1
2024-12-21 00:28:15,288 - [Process 0/1] - INFO - res.shape is :torch.Size([4])
2024-12-21 00:28:15,455 - [Process 0/1] - INFO - len(per_windows_prompt):1
2024-12-21 00:28:19,685 - [Process 0/1] - INFO - res.shape is :torch.Size([6])
2024-12-21 00:28:19,859 - [Process 0/1] - INFO - len(per_windows_prompt):1
2024-12-21 00:28:24,277 - [Process 0/1] - INFO - res.shape is :torch.Size([11])
2024-12-21 00:28:24,437 - [Process 0/1] - INFO - len(per_windows_prompt):1
2024-12-21 00:28:28,738 - [Process 0/1] - INFO - res.shape is :torch.Size([8])
2024-12-21 00:28:28,912 - [Process 0/1] - INFO - len(per_windows_prompt):1
2024-12-21 00:28:33,118 - [Process 0/1] - INFO - res.shape is :torch.Size([6])
2024-12-21 00:28:33,277 - [Process 0/1] - INFO - len(per_windows_prompt):1
2024-12-21 00:28:37,541 - [Process 0/1] - INFO - res.shape is :torch.Size([7])
2024-12-21 00:28:37,714 - [Process 0/1] - INFO - len(per_windows_prompt):1
2024-12-21 00:28:42,056 - [Process 0/1] - INFO - res.shape is :torch.Size([9])
2024-12-21 00:28:42,230 - [Process 0/1] - INFO - len(per_windows_prompt):1
2024-12-21 00:28:46,414 - [Process 0/1] - INFO - res.shape is :torch.Size([5])
2024-12-21 00:28:46,587 - [Process 0/1] - INFO - len(per_windows_prompt):1
2024-12-21 00:28:50,854 - [Process 0/1] - INFO - res.shape is :torch.Size([7])
2024-12-21 00:28:51,028 - [Process 0/1] - INFO - len(per_windows_prompt):1
2024-12-21 00:28:56,280 - [Process 0/1] - INFO - res.shape is :torch.Size([32])
2024-12-21 00:28:56,457 - [Process 0/1] - INFO - len(per_windows_prompt):1
2024-12-21 00:29:01,514 - [Process 0/1] - INFO - res.shape is :torch.Size([27])
2024-12-21 00:29:01,686 - [Process 0/1] - INFO - len(per_windows_prompt):1
2024-12-21 00:29:05,891 - [Process 0/1] - INFO - res.shape is :torch.Size([6])
2024-12-21 00:29:06,060 - [Process 0/1] - INFO - len(per_windows_prompt):1
2024-12-21 00:29:10,284 - [Process 0/1] - INFO - res.shape is :torch.Size([6])
2024-12-21 00:29:10,453 - [Process 0/1] - INFO - len(per_windows_prompt):1
2024-12-21 00:29:14,689 - [Process 0/1] - INFO - res.shape is :torch.Size([7])
2024-12-21 00:29:14,843 - [Process 0/1] - INFO - len(per_windows_prompt):1
2024-12-21 00:29:18,988 - [Process 0/1] - INFO - res.shape is :torch.Size([4])
2024-12-21 00:29:19,119 - [Process 0/1] - INFO - len(per_windows_prompt):1
2024-12-21 00:29:23,357 - [Process 0/1] - INFO - res.shape is :torch.Size([7])
2024-12-21 00:29:23,525 - [Process 0/1] - INFO - len(per_windows_prompt):1
2024-12-21 00:29:27,826 - [Process 0/1] - INFO - res.shape is :torch.Size([8])
2024-12-21 00:29:27,994 - [Process 0/1] - INFO - len(per_windows_prompt):1
2024-12-21 00:29:32,137 - [Process 0/1] - INFO - res.shape is :torch.Size([4])
2024-12-21 00:29:32,303 - [Process 0/1] - INFO - len(per_windows_prompt):1
2024-12-21 00:29:36,545 - [Process 0/1] - INFO - res.shape is :torch.Size([7])
2024-12-21 00:29:36,707 - [Process 0/1] - INFO - len(per_windows_prompt):1
2024-12-21 00:29:41,954 - [Process 0/1] - INFO - res.shape is :torch.Size([32])
2024-12-21 00:29:42,125 - [Process 0/1] - INFO - len(per_windows_prompt):1
2024-12-21 00:29:46,315 - [Process 0/1] - INFO - res.shape is :torch.Size([5])
2024-12-21 00:29:46,486 - [Process 0/1] - INFO - len(per_windows_prompt):1
2024-12-21 00:29:50,632 - [Process 0/1] - INFO - res.shape is :torch.Size([4])
2024-12-21 00:29:50,804 - [Process 0/1] - INFO - len(per_windows_prompt):1
2024-12-21 00:29:54,991 - [Process 0/1] - INFO - res.shape is :torch.Size([5])
2024-12-21 00:29:55,128 - [Process 0/1] - INFO - len(per_windows_prompt):1
2024-12-21 00:29:59,273 - [Process 0/1] - INFO - res.shape is :torch.Size([4])
2024-12-21 00:29:59,431 - [Process 0/1] - INFO - len(per_windows_prompt):1
2024-12-21 00:30:03,614 - [Process 0/1] - INFO - res.shape is :torch.Size([5])
2024-12-21 00:30:03,784 - [Process 0/1] - INFO - len(per_windows_prompt):1
2024-12-21 00:30:08,033 - [Process 0/1] - INFO - res.shape is :torch.Size([7])
2024-12-21 00:30:08,202 - [Process 0/1] - INFO - len(per_windows_prompt):1
2024-12-21 00:30:12,391 - [Process 0/1] - INFO - res.shape is :torch.Size([5])
2024-12-21 00:30:12,571 - [Process 0/1] - INFO - len(per_windows_prompt):1
2024-12-21 00:30:16,740 - [Process 0/1] - INFO - res.shape is :torch.Size([5])
2024-12-21 00:30:16,905 - [Process 0/1] - INFO - len(per_windows_prompt):1
2024-12-21 00:30:21,960 - [Process 0/1] - INFO - res.shape is :torch.Size([27])
2024-12-21 00:30:22,133 - [Process 0/1] - INFO - len(per_windows_prompt):1
2024-12-21 00:30:27,373 - [Process 0/1] - INFO - res.shape is :torch.Size([32])
2024-12-21 00:30:27,540 - [Process 0/1] - INFO - len(per_windows_prompt):1
2024-12-21 00:30:32,018 - [Process 0/1] - INFO - res.shape is :torch.Size([13])
2024-12-21 00:30:32,134 - [Process 0/1] - INFO - len(per_windows_prompt):1
2024-12-21 00:30:36,291 - [Process 0/1] - INFO - res.shape is :torch.Size([5])
2024-12-21 00:30:36,468 - [Process 0/1] - INFO - len(per_windows_prompt):1
2024-12-21 00:30:40,797 - [Process 0/1] - INFO - res.shape is :torch.Size([9])
2024-12-21 00:30:40,959 - [Process 0/1] - INFO - len(per_windows_prompt):1
2024-12-21 00:30:45,421 - [Process 0/1] - INFO - res.shape is :torch.Size([12])
2024-12-21 00:30:45,592 - [Process 0/1] - INFO - len(per_windows_prompt):1
2024-12-21 00:30:50,859 - [Process 0/1] - INFO - res.shape is :torch.Size([32])
2024-12-21 00:30:51,028 - [Process 0/1] - INFO - len(per_windows_prompt):1
2024-12-21 00:30:55,154 - [Process 0/1] - INFO - res.shape is :torch.Size([4])
2024-12-21 00:30:55,324 - [Process 0/1] - INFO - len(per_windows_prompt):1
2024-12-21 00:30:59,410 - [Process 0/1] - INFO - res.shape is :torch.Size([3])
2024-12-21 00:30:59,575 - [Process 0/1] - INFO - len(per_windows_prompt):1
2024-12-21 00:31:03,653 - [Process 0/1] - INFO - res.shape is :torch.Size([3])
2024-12-21 00:31:03,821 - [Process 0/1] - INFO - len(per_windows_prompt):1
2024-12-21 00:31:07,964 - [Process 0/1] - INFO - res.shape is :torch.Size([4])
2024-12-21 00:31:08,114 - [Process 0/1] - INFO - len(per_windows_prompt):1
2024-12-21 00:31:12,193 - [Process 0/1] - INFO - res.shape is :torch.Size([3])
2024-12-21 00:31:12,369 - [Process 0/1] - INFO - len(per_windows_prompt):1
2024-12-21 00:31:16,609 - [Process 0/1] - INFO - res.shape is :torch.Size([7])
2024-12-21 00:31:16,778 - [Process 0/1] - INFO - len(per_windows_prompt):1
2024-12-21 00:31:21,005 - [Process 0/1] - INFO - res.shape is :torch.Size([6])
2024-12-21 00:31:21,172 - [Process 0/1] - INFO - len(per_windows_prompt):1
2024-12-21 00:31:25,282 - [Process 0/1] - INFO - res.shape is :torch.Size([3])
2024-12-21 00:31:25,459 - [Process 0/1] - INFO - len(per_windows_prompt):1
2024-12-21 00:31:29,809 - [Process 0/1] - INFO - res.shape is :torch.Size([9])
2024-12-21 00:31:29,981 - [Process 0/1] - INFO - len(per_windows_prompt):1
2024-12-21 00:31:34,196 - [Process 0/1] - INFO - res.shape is :torch.Size([6])
2024-12-21 00:31:34,366 - [Process 0/1] - INFO - len(per_windows_prompt):1
2024-12-21 00:31:38,718 - [Process 0/1] - INFO - res.shape is :torch.Size([9])
2024-12-21 00:31:38,889 - [Process 0/1] - INFO - len(per_windows_prompt):1
2024-12-21 00:31:43,160 - [Process 0/1] - INFO - res.shape is :torch.Size([7])
2024-12-21 00:31:43,331 - [Process 0/1] - INFO - len(per_windows_prompt):1
2024-12-21 00:31:47,762 - [Process 0/1] - INFO - res.shape is :torch.Size([11])
2024-12-21 00:31:47,924 - [Process 0/1] - INFO - len(per_windows_prompt):1
2024-12-21 00:31:52,101 - [Process 0/1] - INFO - res.shape is :torch.Size([5])
2024-12-21 00:31:52,269 - [Process 0/1] - INFO - len(per_windows_prompt):1
2024-12-21 00:31:56,600 - [Process 0/1] - INFO - res.shape is :torch.Size([9])
2024-12-21 00:31:56,767 - [Process 0/1] - INFO - len(per_windows_prompt):1
2024-12-21 00:32:01,040 - [Process 0/1] - INFO - res.shape is :torch.Size([7])
2024-12-21 00:32:01,215 - [Process 0/1] - INFO - len(per_windows_prompt):1
2024-12-21 00:32:05,416 - [Process 0/1] - INFO - res.shape is :torch.Size([5])
2024-12-21 00:32:05,583 - [Process 0/1] - INFO - len(per_windows_prompt):1
2024-12-21 00:32:09,737 - [Process 0/1] - INFO - res.shape is :torch.Size([4])
2024-12-21 00:32:09,903 - [Process 0/1] - INFO - len(per_windows_prompt):1
2024-12-21 00:32:14,095 - [Process 0/1] - INFO - res.shape is :torch.Size([5])
2024-12-21 00:32:14,257 - [Process 0/1] - INFO - len(per_windows_prompt):1
2024-12-21 00:32:18,690 - [Process 0/1] - INFO - res.shape is :torch.Size([11])
2024-12-21 00:32:18,862 - [Process 0/1] - INFO - len(per_windows_prompt):1
2024-12-21 00:32:23,057 - [Process 0/1] - INFO - res.shape is :torch.Size([5])
2024-12-21 00:32:23,217 - [Process 0/1] - INFO - len(per_windows_prompt):1
2024-12-21 00:32:27,494 - [Process 0/1] - INFO - res.shape is :torch.Size([7])
2024-12-21 00:32:27,666 - [Process 0/1] - INFO - len(per_windows_prompt):1
2024-12-21 00:32:31,864 - [Process 0/1] - INFO - res.shape is :torch.Size([5])
2024-12-21 00:32:32,040 - [Process 0/1] - INFO - len(per_windows_prompt):1
2024-12-21 00:32:36,233 - [Process 0/1] - INFO - res.shape is :torch.Size([5])
2024-12-21 00:32:36,404 - [Process 0/1] - INFO - len(per_windows_prompt):1
2024-12-21 00:32:40,638 - [Process 0/1] - INFO - res.shape is :torch.Size([6])
2024-12-21 00:32:40,805 - [Process 0/1] - INFO - len(per_windows_prompt):1
2024-12-21 00:32:45,127 - [Process 0/1] - INFO - res.shape is :torch.Size([8])
2024-12-21 00:32:45,300 - [Process 0/1] - INFO - len(per_windows_prompt):1
2024-12-21 00:32:49,495 - [Process 0/1] - INFO - res.shape is :torch.Size([5])
2024-12-21 00:32:49,660 - [Process 0/1] - INFO - len(per_windows_prompt):1
2024-12-21 00:32:53,854 - [Process 0/1] - INFO - res.shape is :torch.Size([5])
2024-12-21 00:32:54,023 - [Process 0/1] - INFO - len(per_windows_prompt):1
2024-12-21 00:32:58,220 - [Process 0/1] - INFO - res.shape is :torch.Size([5])
2024-12-21 00:32:58,387 - [Process 0/1] - INFO - len(per_windows_prompt):1
2024-12-21 00:33:02,581 - [Process 0/1] - INFO - res.shape is :torch.Size([5])
2024-12-21 00:33:02,752 - [Process 0/1] - INFO - len(per_windows_prompt):1
2024-12-21 00:33:07,343 - [Process 0/1] - INFO - res.shape is :torch.Size([15])
2024-12-21 00:33:07,516 - [Process 0/1] - INFO - len(per_windows_prompt):1
2024-12-21 00:33:11,735 - [Process 0/1] - INFO - res.shape is :torch.Size([6])
2024-12-21 00:33:11,906 - [Process 0/1] - INFO - len(per_windows_prompt):1
2024-12-21 00:33:16,101 - [Process 0/1] - INFO - res.shape is :torch.Size([5])
2024-12-21 00:33:16,268 - [Process 0/1] - INFO - len(per_windows_prompt):1
2024-12-21 00:33:21,512 - [Process 0/1] - INFO - res.shape is :torch.Size([32])
2024-12-21 00:33:21,690 - [Process 0/1] - INFO - len(per_windows_prompt):1
2024-12-21 00:33:26,161 - [Process 0/1] - INFO - res.shape is :torch.Size([12])
2024-12-21 00:33:26,332 - [Process 0/1] - INFO - len(per_windows_prompt):1
2024-12-21 00:33:30,529 - [Process 0/1] - INFO - res.shape is :torch.Size([5])
2024-12-21 00:33:30,662 - [Process 0/1] - INFO - len(per_windows_prompt):1
2024-12-21 00:33:34,815 - [Process 0/1] - INFO - res.shape is :torch.Size([4])
2024-12-21 00:33:34,985 - [Process 0/1] - INFO - len(per_windows_prompt):1
2024-12-21 00:33:39,228 - [Process 0/1] - INFO - res.shape is :torch.Size([6])
2024-12-21 00:33:39,390 - [Process 0/1] - INFO - len(per_windows_prompt):1
2024-12-21 00:33:43,503 - [Process 0/1] - INFO - res.shape is :torch.Size([3])
2024-12-21 00:33:43,670 - [Process 0/1] - INFO - len(per_windows_prompt):1
2024-12-21 00:33:48,941 - [Process 0/1] - INFO - res.shape is :torch.Size([32])
2024-12-21 00:33:49,106 - [Process 0/1] - INFO - len(per_windows_prompt):1
2024-12-21 00:33:53,295 - [Process 0/1] - INFO - res.shape is :torch.Size([5])
2024-12-21 00:33:53,462 - [Process 0/1] - INFO - len(per_windows_prompt):1
2024-12-21 00:33:57,655 - [Process 0/1] - INFO - res.shape is :torch.Size([5])
2024-12-21 00:33:57,814 - [Process 0/1] - INFO - len(per_windows_prompt):1
2024-12-21 00:34:01,968 - [Process 0/1] - INFO - res.shape is :torch.Size([4])
2024-12-21 00:34:02,137 - [Process 0/1] - INFO - len(per_windows_prompt):1
2024-12-21 00:34:06,333 - [Process 0/1] - INFO - res.shape is :torch.Size([5])
2024-12-21 00:34:06,507 - [Process 0/1] - INFO - len(per_windows_prompt):1
2024-12-21 00:34:10,678 - [Process 0/1] - INFO - res.shape is :torch.Size([5])
2024-12-21 00:34:10,844 - [Process 0/1] - INFO - len(per_windows_prompt):1
2024-12-21 00:34:15,076 - [Process 0/1] - INFO - res.shape is :torch.Size([6])
2024-12-21 00:34:15,245 - [Process 0/1] - INFO - len(per_windows_prompt):1
2024-12-21 00:34:19,441 - [Process 0/1] - INFO - res.shape is :torch.Size([5])
2024-12-21 00:34:19,609 - [Process 0/1] - INFO - len(per_windows_prompt):1
2024-12-21 00:34:23,812 - [Process 0/1] - INFO - res.shape is :torch.Size([5])
2024-12-21 00:34:23,960 - [Process 0/1] - INFO - len(per_windows_prompt):1
2024-12-21 00:34:28,793 - [Process 0/1] - INFO - res.shape is :torch.Size([21])
2024-12-21 00:34:28,959 - [Process 0/1] - INFO - len(per_windows_prompt):1
2024-12-21 00:34:33,077 - [Process 0/1] - INFO - res.shape is :torch.Size([3])
2024-12-21 00:34:33,215 - [Process 0/1] - INFO - len(per_windows_prompt):1
2024-12-21 00:34:37,410 - [Process 0/1] - INFO - res.shape is :torch.Size([5])
2024-12-21 00:34:37,580 - [Process 0/1] - INFO - len(per_windows_prompt):1
2024-12-21 00:34:41,856 - [Process 0/1] - INFO - res.shape is :torch.Size([7])
2024-12-21 00:34:42,024 - [Process 0/1] - INFO - len(per_windows_prompt):1
2024-12-21 00:34:46,263 - [Process 0/1] - INFO - res.shape is :torch.Size([6])
2024-12-21 00:34:46,431 - [Process 0/1] - INFO - len(per_windows_prompt):1
2024-12-21 00:34:51,417 - [Process 0/1] - INFO - res.shape is :torch.Size([25])
2024-12-21 00:34:51,589 - [Process 0/1] - INFO - len(per_windows_prompt):1
2024-12-21 00:34:55,747 - [Process 0/1] - INFO - res.shape is :torch.Size([4])
2024-12-21 00:34:55,915 - [Process 0/1] - INFO - len(per_windows_prompt):1
2024-12-21 00:35:00,292 - [Process 0/1] - INFO - res.shape is :torch.Size([10])
2024-12-21 00:35:00,465 - [Process 0/1] - INFO - len(per_windows_prompt):1
2024-12-21 00:35:04,708 - [Process 0/1] - INFO - res.shape is :torch.Size([6])
2024-12-21 00:35:04,874 - [Process 0/1] - INFO - len(per_windows_prompt):1
2024-12-21 00:35:09,028 - [Process 0/1] - INFO - res.shape is :torch.Size([4])
2024-12-21 00:35:09,192 - [Process 0/1] - INFO - len(per_windows_prompt):1
2024-12-21 00:35:13,308 - [Process 0/1] - INFO - res.shape is :torch.Size([3])
2024-12-21 00:35:13,472 - [Process 0/1] - INFO - len(per_windows_prompt):1
2024-12-21 00:35:17,707 - [Process 0/1] - INFO - res.shape is :torch.Size([6])
2024-12-21 00:35:17,876 - [Process 0/1] - INFO - len(per_windows_prompt):1
2024-12-21 00:35:22,211 - [Process 0/1] - INFO - res.shape is :torch.Size([9])
2024-12-21 00:35:22,380 - [Process 0/1] - INFO - len(per_windows_prompt):1
2024-12-21 00:35:27,642 - [Process 0/1] - INFO - res.shape is :torch.Size([32])
2024-12-21 00:35:27,815 - [Process 0/1] - INFO - len(per_windows_prompt):1
2024-12-21 00:35:32,269 - [Process 0/1] - INFO - res.shape is :torch.Size([12])
2024-12-21 00:35:32,389 - [Process 0/1] - INFO - len(per_windows_prompt):1
2024-12-21 00:35:36,639 - [Process 0/1] - INFO - res.shape is :torch.Size([7])
2024-12-21 00:35:36,810 - [Process 0/1] - INFO - len(per_windows_prompt):1
2024-12-21 00:35:41,006 - [Process 0/1] - INFO - res.shape is :torch.Size([5])
2024-12-21 00:35:41,175 - [Process 0/1] - INFO - len(per_windows_prompt):1
2024-12-21 00:35:45,382 - [Process 0/1] - INFO - res.shape is :torch.Size([6])
2024-12-21 00:35:45,549 - [Process 0/1] - INFO - len(per_windows_prompt):1
2024-12-21 00:35:49,874 - [Process 0/1] - INFO - res.shape is :torch.Size([9])
2024-12-21 00:35:50,044 - [Process 0/1] - INFO - len(per_windows_prompt):1
2024-12-21 00:35:54,246 - [Process 0/1] - INFO - res.shape is :torch.Size([6])
2024-12-21 00:35:54,417 - [Process 0/1] - INFO - len(per_windows_prompt):1
2024-12-21 00:35:58,651 - [Process 0/1] - INFO - res.shape is :torch.Size([6])
2024-12-21 00:35:58,821 - [Process 0/1] - INFO - len(per_windows_prompt):1
2024-12-21 00:36:03,141 - [Process 0/1] - INFO - res.shape is :torch.Size([8])
2024-12-21 00:36:03,311 - [Process 0/1] - INFO - len(per_windows_prompt):1
2024-12-21 00:36:07,476 - [Process 0/1] - INFO - res.shape is :torch.Size([5])
2024-12-21 00:36:07,641 - [Process 0/1] - INFO - len(per_windows_prompt):1
2024-12-21 00:36:12,907 - [Process 0/1] - INFO - res.shape is :torch.Size([32])
2024-12-21 00:36:13,057 - [Process 0/1] - INFO - len(per_windows_prompt):1
2024-12-21 00:36:17,299 - [Process 0/1] - INFO - res.shape is :torch.Size([7])
2024-12-21 00:36:17,471 - [Process 0/1] - INFO - len(per_windows_prompt):1
2024-12-21 00:36:21,669 - [Process 0/1] - INFO - res.shape is :torch.Size([5])
2024-12-21 00:36:21,836 - [Process 0/1] - INFO - len(per_windows_prompt):1
2024-12-21 00:36:27,107 - [Process 0/1] - INFO - res.shape is :torch.Size([32])
2024-12-21 00:36:27,275 - [Process 0/1] - INFO - len(per_windows_prompt):1
2024-12-21 00:36:31,629 - [Process 0/1] - INFO - res.shape is :torch.Size([9])
2024-12-21 00:36:31,802 - [Process 0/1] - INFO - len(per_windows_prompt):1
2024-12-21 00:36:35,964 - [Process 0/1] - INFO - res.shape is :torch.Size([5])
2024-12-21 00:36:36,141 - [Process 0/1] - INFO - len(per_windows_prompt):1
2024-12-21 00:36:40,555 - [Process 0/1] - INFO - res.shape is :torch.Size([11])
2024-12-21 00:36:40,722 - [Process 0/1] - INFO - len(per_windows_prompt):1
2024-12-21 00:36:44,918 - [Process 0/1] - INFO - res.shape is :torch.Size([5])
2024-12-21 00:36:45,079 - [Process 0/1] - INFO - len(per_windows_prompt):1
2024-12-21 00:36:49,376 - [Process 0/1] - INFO - res.shape is :torch.Size([8])
2024-12-21 00:36:49,546 - [Process 0/1] - INFO - len(per_windows_prompt):1
2024-12-21 00:36:53,700 - [Process 0/1] - INFO - res.shape is :torch.Size([4])
2024-12-21 00:36:53,871 - [Process 0/1] - INFO - len(per_windows_prompt):1
2024-12-21 00:36:57,993 - [Process 0/1] - INFO - res.shape is :torch.Size([4])
2024-12-21 00:36:58,158 - [Process 0/1] - INFO - len(per_windows_prompt):1
2024-12-21 00:37:02,397 - [Process 0/1] - INFO - res.shape is :torch.Size([6])
2024-12-21 00:37:02,566 - [Process 0/1] - INFO - len(per_windows_prompt):1
2024-12-21 00:37:06,741 - [Process 0/1] - INFO - res.shape is :torch.Size([5])
2024-12-21 00:37:06,903 - [Process 0/1] - INFO - len(per_windows_prompt):1
2024-12-21 00:37:11,275 - [Process 0/1] - INFO - res.shape is :torch.Size([10])
2024-12-21 00:37:11,442 - [Process 0/1] - INFO - len(per_windows_prompt):1
2024-12-21 00:37:15,658 - [Process 0/1] - INFO - res.shape is :torch.Size([6])
2024-12-21 00:37:15,825 - [Process 0/1] - INFO - len(per_windows_prompt):1
2024-12-21 00:37:19,937 - [Process 0/1] - INFO - res.shape is :torch.Size([3])
2024-12-21 00:37:20,109 - [Process 0/1] - INFO - len(per_windows_prompt):1
2024-12-21 00:37:24,348 - [Process 0/1] - INFO - res.shape is :torch.Size([6])
2024-12-21 00:37:24,516 - [Process 0/1] - INFO - len(per_windows_prompt):1
2024-12-21 00:37:28,755 - [Process 0/1] - INFO - res.shape is :torch.Size([6])
2024-12-21 00:37:28,919 - [Process 0/1] - INFO - len(per_windows_prompt):1
2024-12-21 00:37:33,112 - [Process 0/1] - INFO - res.shape is :torch.Size([5])
2024-12-21 00:37:33,282 - [Process 0/1] - INFO - len(per_windows_prompt):1
2024-12-21 00:37:37,445 - [Process 0/1] - INFO - res.shape is :torch.Size([5])
2024-12-21 00:37:37,605 - [Process 0/1] - INFO - len(per_windows_prompt):1
2024-12-21 00:37:41,879 - [Process 0/1] - INFO - res.shape is :torch.Size([7])
2024-12-21 00:37:42,051 - [Process 0/1] - INFO - len(per_windows_prompt):1
2024-12-21 00:37:46,251 - [Process 0/1] - INFO - res.shape is :torch.Size([5])
2024-12-21 00:37:46,416 - [Process 0/1] - INFO - len(per_windows_prompt):1
2024-12-21 00:37:50,540 - [Process 0/1] - INFO - res.shape is :torch.Size([4])
2024-12-21 00:37:50,684 - [Process 0/1] - INFO - len(per_windows_prompt):1
2024-12-21 00:37:55,059 - [Process 0/1] - INFO - res.shape is :torch.Size([10])
2024-12-21 00:37:55,223 - [Process 0/1] - INFO - len(per_windows_prompt):1
2024-12-21 00:37:59,360 - [Process 0/1] - INFO - res.shape is :torch.Size([4])
2024-12-21 00:37:59,528 - [Process 0/1] - INFO - len(per_windows_prompt):1
2024-12-21 00:38:03,663 - [Process 0/1] - INFO - res.shape is :torch.Size([4])
2024-12-21 00:38:03,839 - [Process 0/1] - INFO - len(per_windows_prompt):1
2024-12-21 00:38:08,054 - [Process 0/1] - INFO - res.shape is :torch.Size([6])
2024-12-21 00:38:08,211 - [Process 0/1] - INFO - len(per_windows_prompt):1
2024-12-21 00:38:12,414 - [Process 0/1] - INFO - res.shape is :torch.Size([5])
2024-12-21 00:38:12,586 - [Process 0/1] - INFO - len(per_windows_prompt):1
2024-12-21 00:38:16,783 - [Process 0/1] - INFO - res.shape is :torch.Size([5])
2024-12-21 00:38:16,951 - [Process 0/1] - INFO - len(per_windows_prompt):1
2024-12-21 00:38:21,112 - [Process 0/1] - INFO - res.shape is :torch.Size([4])
2024-12-21 00:38:21,275 - [Process 0/1] - INFO - len(per_windows_prompt):1
2024-12-21 00:38:25,390 - [Process 0/1] - INFO - res.shape is :torch.Size([3])
2024-12-21 00:38:25,556 - [Process 0/1] - INFO - len(per_windows_prompt):1
2024-12-21 00:38:29,831 - [Process 0/1] - INFO - res.shape is :torch.Size([7])
2024-12-21 00:38:30,001 - [Process 0/1] - INFO - len(per_windows_prompt):1
2024-12-21 00:38:34,244 - [Process 0/1] - INFO - res.shape is :torch.Size([6])
2024-12-21 00:38:34,416 - [Process 0/1] - INFO - len(per_windows_prompt):1
2024-12-21 00:38:38,619 - [Process 0/1] - INFO - res.shape is :torch.Size([5])
2024-12-21 00:38:38,793 - [Process 0/1] - INFO - len(per_windows_prompt):1
2024-12-21 00:38:43,049 - [Process 0/1] - INFO - res.shape is :torch.Size([7])
2024-12-21 00:38:43,220 - [Process 0/1] - INFO - len(per_windows_prompt):1
2024-12-21 00:38:48,494 - [Process 0/1] - INFO - res.shape is :torch.Size([32])
2024-12-21 00:38:48,668 - [Process 0/1] - INFO - len(per_windows_prompt):1
2024-12-21 00:38:52,800 - [Process 0/1] - INFO - res.shape is :torch.Size([4])
2024-12-21 00:38:52,966 - [Process 0/1] - INFO - len(per_windows_prompt):1
2024-12-21 00:38:57,299 - [Process 0/1] - INFO - res.shape is :torch.Size([9])
2024-12-21 00:38:57,463 - [Process 0/1] - INFO - len(per_windows_prompt):1
2024-12-21 00:39:02,262 - [Process 0/1] - INFO - res.shape is :torch.Size([20])
2024-12-21 00:39:02,439 - [Process 0/1] - INFO - len(per_windows_prompt):1
2024-12-21 00:39:07,696 - [Process 0/1] - INFO - res.shape is :torch.Size([32])
2024-12-21 00:39:07,867 - [Process 0/1] - INFO - len(per_windows_prompt):1
2024-12-21 00:39:12,106 - [Process 0/1] - INFO - res.shape is :torch.Size([6])
2024-12-21 00:39:12,276 - [Process 0/1] - INFO - len(per_windows_prompt):1
2024-12-21 00:39:16,554 - [Process 0/1] - INFO - res.shape is :torch.Size([7])
2024-12-21 00:39:16,724 - [Process 0/1] - INFO - len(per_windows_prompt):1
2024-12-21 00:39:20,967 - [Process 0/1] - INFO - res.shape is :torch.Size([6])
2024-12-21 00:39:21,138 - [Process 0/1] - INFO - len(per_windows_prompt):1
2024-12-21 00:39:25,518 - [Process 0/1] - INFO - res.shape is :torch.Size([10])
2024-12-21 00:39:25,684 - [Process 0/1] - INFO - len(per_windows_prompt):1
2024-12-21 00:39:29,807 - [Process 0/1] - INFO - res.shape is :torch.Size([3])
2024-12-21 00:39:29,982 - [Process 0/1] - INFO - len(per_windows_prompt):1
2024-12-21 00:39:34,202 - [Process 0/1] - INFO - res.shape is :torch.Size([6])
2024-12-21 00:39:34,374 - [Process 0/1] - INFO - len(per_windows_prompt):1
2024-12-21 00:39:38,657 - [Process 0/1] - INFO - res.shape is :torch.Size([7])
2024-12-21 00:39:38,811 - [Process 0/1] - INFO - len(per_windows_prompt):1
2024-12-21 00:39:43,050 - [Process 0/1] - INFO - res.shape is :torch.Size([6])
2024-12-21 00:39:43,170 - [Process 0/1] - INFO - len(per_windows_prompt):1
2024-12-21 00:39:47,424 - [Process 0/1] - INFO - res.shape is :torch.Size([7])
2024-12-21 00:39:47,590 - [Process 0/1] - INFO - len(per_windows_prompt):1
2024-12-21 00:39:52,012 - [Process 0/1] - INFO - res.shape is :torch.Size([11])
2024-12-21 00:39:52,175 - [Process 0/1] - INFO - len(per_windows_prompt):1
2024-12-21 00:39:56,377 - [Process 0/1] - INFO - res.shape is :torch.Size([5])
2024-12-21 00:39:56,546 - [Process 0/1] - INFO - len(per_windows_prompt):1
2024-12-21 00:40:01,719 - [Process 0/1] - INFO - res.shape is :torch.Size([30])
2024-12-21 00:40:01,886 - [Process 0/1] - INFO - len(per_windows_prompt):1
2024-12-21 00:40:06,044 - [Process 0/1] - INFO - res.shape is :torch.Size([4])
2024-12-21 00:40:06,215 - [Process 0/1] - INFO - len(per_windows_prompt):1
2024-12-21 00:40:10,400 - [Process 0/1] - INFO - res.shape is :torch.Size([5])
2024-12-21 00:40:10,565 - [Process 0/1] - INFO - len(per_windows_prompt):1
2024-12-21 00:40:14,819 - [Process 0/1] - INFO - res.shape is :torch.Size([7])
2024-12-21 00:40:14,990 - [Process 0/1] - INFO - len(per_windows_prompt):1
2024-12-21 00:40:19,313 - [Process 0/1] - INFO - res.shape is :torch.Size([8])
2024-12-21 00:40:19,482 - [Process 0/1] - INFO - len(per_windows_prompt):1
2024-12-21 00:40:23,704 - [Process 0/1] - INFO - res.shape is :torch.Size([6])
