2024-12-21 14:06:03,793 - [Process 0/5] - INFO - loading datasets finished
2024-12-21 14:06:03,793 - [Process 0/5] - INFO - model_max_len: 3950
2024-12-21 14:06:03,793 - [Process 0/5] - INFO - output_max_len: 64
2024-12-21 14:06:03,910 - [Process 0/5] - INFO - Max Length is 18754
2024-12-21 14:06:03,911 - [Process 0/5] - INFO - Finish loading dataset
2024-12-21 14:06:03,911 - [Process 0/5] - INFO - get_predicted begin
2024-12-21 14:06:08,632 - [Process 0/5] - INFO - len(per_windows_prompt):1
2024-12-21 14:06:16,105 - [Process 0/5] - INFO - res.shape is :torch.Size([64])
2024-12-21 14:06:16,429 - [Process 0/5] - INFO - len(per_windows_prompt):1
2024-12-21 14:06:23,137 - [Process 0/5] - INFO - res.shape is :torch.Size([64])
2024-12-21 14:06:23,406 - [Process 0/5] - INFO - len(per_windows_prompt):1
2024-12-21 14:06:30,092 - [Process 0/5] - INFO - res.shape is :torch.Size([64])
2024-12-21 14:06:30,407 - [Process 0/5] - INFO - len(per_windows_prompt):1
2024-12-21 14:06:37,108 - [Process 0/5] - INFO - res.shape is :torch.Size([64])
2024-12-21 14:06:37,403 - [Process 0/5] - INFO - len(per_windows_prompt):1
2024-12-21 14:06:44,105 - [Process 0/5] - INFO - res.shape is :torch.Size([64])
2024-12-21 14:06:44,375 - [Process 0/5] - INFO - len(per_windows_prompt):1
2024-12-21 14:06:51,070 - [Process 0/5] - INFO - res.shape is :torch.Size([64])
2024-12-21 14:06:51,266 - [Process 0/5] - INFO - len(per_windows_prompt):1
2024-12-21 14:06:57,971 - [Process 0/5] - INFO - res.shape is :torch.Size([64])
2024-12-21 14:06:58,266 - [Process 0/5] - INFO - len(per_windows_prompt):1
2024-12-21 14:07:04,978 - [Process 0/5] - INFO - res.shape is :torch.Size([64])
2024-12-21 14:07:05,245 - [Process 0/5] - INFO - len(per_windows_prompt):1
2024-12-21 14:07:11,958 - [Process 0/5] - INFO - res.shape is :torch.Size([64])
2024-12-21 14:07:12,266 - [Process 0/5] - INFO - len(per_windows_prompt):1
2024-12-21 14:07:18,972 - [Process 0/5] - INFO - res.shape is :torch.Size([64])
2024-12-21 14:07:19,172 - [Process 0/5] - INFO - len(per_windows_prompt):1
2024-12-21 14:07:25,882 - [Process 0/5] - INFO - res.shape is :torch.Size([64])
2024-12-21 14:07:26,092 - [Process 0/5] - INFO - len(per_windows_prompt):1
2024-12-21 14:07:32,806 - [Process 0/5] - INFO - res.shape is :torch.Size([64])
2024-12-21 14:07:33,051 - [Process 0/5] - INFO - len(per_windows_prompt):1
2024-12-21 14:07:39,763 - [Process 0/5] - INFO - res.shape is :torch.Size([64])
2024-12-21 14:07:39,970 - [Process 0/5] - INFO - len(per_windows_prompt):1
2024-12-21 14:07:46,683 - [Process 0/5] - INFO - res.shape is :torch.Size([64])
2024-12-21 14:07:47,024 - [Process 0/5] - INFO - len(per_windows_prompt):1
2024-12-21 14:07:53,739 - [Process 0/5] - INFO - res.shape is :torch.Size([64])
2024-12-21 14:07:53,946 - [Process 0/5] - INFO - len(per_windows_prompt):1
2024-12-21 14:08:00,655 - [Process 0/5] - INFO - res.shape is :torch.Size([64])
2024-12-21 14:08:00,948 - [Process 0/5] - INFO - len(per_windows_prompt):1
2024-12-21 14:08:07,664 - [Process 0/5] - INFO - res.shape is :torch.Size([64])
2024-12-21 14:08:07,918 - [Process 0/5] - INFO - len(per_windows_prompt):1
2024-12-21 14:08:14,627 - [Process 0/5] - INFO - res.shape is :torch.Size([64])
2024-12-21 14:08:14,841 - [Process 0/5] - INFO - len(per_windows_prompt):1
2024-12-21 14:08:21,553 - [Process 0/5] - INFO - res.shape is :torch.Size([64])
2024-12-21 14:08:21,744 - [Process 0/5] - INFO - len(per_windows_prompt):1
2024-12-21 14:08:28,449 - [Process 0/5] - INFO - res.shape is :torch.Size([64])
2024-12-21 14:08:28,664 - [Process 0/5] - INFO - len(per_windows_prompt):1
2024-12-21 14:08:35,361 - [Process 0/5] - INFO - res.shape is :torch.Size([64])
2024-12-21 14:08:35,656 - [Process 0/5] - INFO - len(per_windows_prompt):1
2024-12-21 14:08:42,362 - [Process 0/5] - INFO - res.shape is :torch.Size([64])
2024-12-21 14:08:42,649 - [Process 0/5] - INFO - len(per_windows_prompt):1
2024-12-21 14:08:49,356 - [Process 0/5] - INFO - res.shape is :torch.Size([64])
2024-12-21 14:08:49,708 - [Process 0/5] - INFO - len(per_windows_prompt):1
2024-12-21 14:08:56,418 - [Process 0/5] - INFO - res.shape is :torch.Size([64])
2024-12-21 14:08:56,643 - [Process 0/5] - INFO - len(per_windows_prompt):1
2024-12-21 14:09:03,341 - [Process 0/5] - INFO - res.shape is :torch.Size([64])
2024-12-21 14:09:03,551 - [Process 0/5] - INFO - len(per_windows_prompt):1
2024-12-21 14:09:10,238 - [Process 0/5] - INFO - res.shape is :torch.Size([64])
2024-12-21 14:09:10,504 - [Process 0/5] - INFO - len(per_windows_prompt):1
2024-12-21 14:09:17,197 - [Process 0/5] - INFO - res.shape is :torch.Size([64])
2024-12-21 14:09:17,427 - [Process 0/5] - INFO - len(per_windows_prompt):1
2024-12-21 14:09:24,110 - [Process 0/5] - INFO - res.shape is :torch.Size([64])
2024-12-21 14:09:24,363 - [Process 0/5] - INFO - len(per_windows_prompt):1
2024-12-21 14:09:31,044 - [Process 0/5] - INFO - res.shape is :torch.Size([64])
2024-12-21 14:09:31,261 - [Process 0/5] - INFO - len(per_windows_prompt):1
2024-12-21 14:09:37,941 - [Process 0/5] - INFO - res.shape is :torch.Size([64])
2024-12-21 14:09:38,190 - [Process 0/5] - INFO - len(per_windows_prompt):1
2024-12-21 14:09:44,867 - [Process 0/5] - INFO - res.shape is :torch.Size([64])
2024-12-21 14:09:45,066 - [Process 0/5] - INFO - len(per_windows_prompt):1
2024-12-21 14:09:51,735 - [Process 0/5] - INFO - res.shape is :torch.Size([64])
2024-12-21 14:09:51,995 - [Process 0/5] - INFO - len(per_windows_prompt):1
2024-12-21 14:09:58,660 - [Process 0/5] - INFO - res.shape is :torch.Size([64])
2024-12-21 14:09:58,964 - [Process 0/5] - INFO - len(per_windows_prompt):1
2024-12-21 14:10:05,629 - [Process 0/5] - INFO - res.shape is :torch.Size([64])
2024-12-21 14:10:05,978 - [Process 0/5] - INFO - len(per_windows_prompt):1
2024-12-21 14:10:12,646 - [Process 0/5] - INFO - res.shape is :torch.Size([64])
2024-12-21 14:10:12,865 - [Process 0/5] - INFO - len(per_windows_prompt):1
2024-12-21 14:10:19,528 - [Process 0/5] - INFO - res.shape is :torch.Size([64])
2024-12-21 14:10:19,725 - [Process 0/5] - INFO - len(per_windows_prompt):1
2024-12-21 14:10:26,383 - [Process 0/5] - INFO - res.shape is :torch.Size([64])
2024-12-21 14:10:26,674 - [Process 0/5] - INFO - len(per_windows_prompt):1
2024-12-21 14:10:33,337 - [Process 0/5] - INFO - res.shape is :torch.Size([64])
2024-12-21 14:10:33,609 - [Process 0/5] - INFO - len(per_windows_prompt):1
2024-12-21 14:10:40,267 - [Process 0/5] - INFO - res.shape is :torch.Size([64])
2024-12-21 14:10:40,470 - [Process 0/5] - INFO - len(per_windows_prompt):1
2024-12-21 14:10:47,118 - [Process 0/5] - INFO - res.shape is :torch.Size([64])
2024-12-21 14:10:47,329 - [Process 0/5] - INFO - len(per_windows_prompt):1
2024-12-21 14:10:53,375 - [Process 0/5] - INFO - res.shape is :torch.Size([51])
2024-12-21 14:10:53,640 - [Process 0/5] - INFO - len(per_windows_prompt):1
2024-12-21 14:11:00,233 - [Process 0/5] - INFO - res.shape is :torch.Size([64])
2024-12-21 14:11:00,438 - [Process 0/5] - INFO - len(per_windows_prompt):1
2024-12-21 14:11:06,613 - [Process 0/5] - INFO - res.shape is :torch.Size([55])
2024-12-21 14:11:06,891 - [Process 0/5] - INFO - len(per_windows_prompt):1
2024-12-21 14:11:13,445 - [Process 0/5] - INFO - res.shape is :torch.Size([64])
2024-12-21 14:11:13,684 - [Process 0/5] - INFO - len(per_windows_prompt):1
2024-12-21 14:11:20,240 - [Process 0/5] - INFO - res.shape is :torch.Size([64])
2024-12-21 14:11:20,492 - [Process 0/5] - INFO - len(per_windows_prompt):1
2024-12-21 14:11:27,039 - [Process 0/5] - INFO - res.shape is :torch.Size([64])
2024-12-21 14:11:27,466 - [Process 0/5] - INFO - len(per_windows_prompt):1
2024-12-21 14:11:34,034 - [Process 0/5] - INFO - res.shape is :torch.Size([64])
2024-12-21 14:11:34,301 - [Process 0/5] - INFO - len(per_windows_prompt):1
2024-12-21 14:11:40,861 - [Process 0/5] - INFO - res.shape is :torch.Size([64])
2024-12-21 14:11:41,128 - [Process 0/5] - INFO - len(per_windows_prompt):1
2024-12-21 14:11:47,692 - [Process 0/5] - INFO - res.shape is :torch.Size([64])
2024-12-21 14:11:47,891 - [Process 0/5] - INFO - len(per_windows_prompt):1
2024-12-21 14:11:54,445 - [Process 0/5] - INFO - res.shape is :torch.Size([64])
2024-12-21 14:11:54,678 - [Process 0/5] - INFO - len(per_windows_prompt):1
2024-12-21 14:12:01,235 - [Process 0/5] - INFO - res.shape is :torch.Size([64])
2024-12-21 14:12:01,428 - [Process 0/5] - INFO - len(per_windows_prompt):1
2024-12-21 14:12:07,976 - [Process 0/5] - INFO - res.shape is :torch.Size([64])
2024-12-21 14:12:08,183 - [Process 0/5] - INFO - len(per_windows_prompt):1
2024-12-21 14:12:14,736 - [Process 0/5] - INFO - res.shape is :torch.Size([64])
2024-12-21 14:12:15,004 - [Process 0/5] - INFO - len(per_windows_prompt):1
2024-12-21 14:12:21,556 - [Process 0/5] - INFO - res.shape is :torch.Size([64])
2024-12-21 14:12:21,867 - [Process 0/5] - INFO - len(per_windows_prompt):1
2024-12-21 14:12:28,405 - [Process 0/5] - INFO - res.shape is :torch.Size([64])
2024-12-21 14:12:28,703 - [Process 0/5] - INFO - len(per_windows_prompt):1
2024-12-21 14:12:35,246 - [Process 0/5] - INFO - res.shape is :torch.Size([64])
2024-12-21 14:12:35,513 - [Process 0/5] - INFO - len(per_windows_prompt):1
2024-12-21 14:12:42,052 - [Process 0/5] - INFO - res.shape is :torch.Size([64])
2024-12-21 14:12:42,253 - [Process 0/5] - INFO - len(per_windows_prompt):1
2024-12-21 14:12:48,782 - [Process 0/5] - INFO - res.shape is :torch.Size([64])
2024-12-21 14:12:49,076 - [Process 0/5] - INFO - len(per_windows_prompt):1
2024-12-21 14:12:55,606 - [Process 0/5] - INFO - res.shape is :torch.Size([64])
2024-12-21 14:12:56,025 - [Process 0/5] - INFO - len(per_windows_prompt):1
2024-12-21 14:13:02,572 - [Process 0/5] - INFO - res.shape is :torch.Size([64])
2024-12-21 14:13:02,807 - [Process 0/5] - INFO - len(per_windows_prompt):1
2024-12-21 14:13:09,347 - [Process 0/5] - INFO - res.shape is :torch.Size([64])
2024-12-21 14:13:09,608 - [Process 0/5] - INFO - len(per_windows_prompt):1
2024-12-21 14:13:16,131 - [Process 0/5] - INFO - res.shape is :torch.Size([64])
2024-12-21 14:13:16,486 - [Process 0/5] - INFO - len(per_windows_prompt):1
2024-12-21 14:13:23,021 - [Process 0/5] - INFO - res.shape is :torch.Size([64])
2024-12-21 14:13:23,202 - [Process 0/5] - INFO - len(per_windows_prompt):1
2024-12-21 14:13:29,448 - [Process 0/5] - INFO - res.shape is :torch.Size([64])
2024-12-21 14:13:29,624 - [Process 0/5] - INFO - len(per_windows_prompt):1
2024-12-21 14:13:36,131 - [Process 0/5] - INFO - res.shape is :torch.Size([64])
2024-12-21 14:13:36,403 - [Process 0/5] - INFO - len(per_windows_prompt):1
2024-12-21 14:13:42,913 - [Process 0/5] - INFO - res.shape is :torch.Size([64])
2024-12-21 14:13:43,117 - [Process 0/5] - INFO - len(per_windows_prompt):1
2024-12-21 14:13:49,629 - [Process 0/5] - INFO - res.shape is :torch.Size([64])
2024-12-21 14:13:49,844 - [Process 0/5] - INFO - len(per_windows_prompt):1
2024-12-21 14:13:56,354 - [Process 0/5] - INFO - res.shape is :torch.Size([64])
2024-12-21 14:13:56,582 - [Process 0/5] - INFO - len(per_windows_prompt):1
2024-12-21 14:14:03,097 - [Process 0/5] - INFO - res.shape is :torch.Size([64])
2024-12-21 14:14:03,275 - [Process 0/5] - INFO - len(per_windows_prompt):1
2024-12-21 14:14:09,785 - [Process 0/5] - INFO - res.shape is :torch.Size([64])
2024-12-21 14:14:10,197 - [Process 0/5] - INFO - len(per_windows_prompt):1
2024-12-21 14:14:16,710 - [Process 0/5] - INFO - res.shape is :torch.Size([64])
2024-12-21 14:14:16,894 - [Process 0/5] - INFO - len(per_windows_prompt):1
2024-12-21 14:14:23,402 - [Process 0/5] - INFO - res.shape is :torch.Size([64])
2024-12-21 14:14:23,592 - [Process 0/5] - INFO - len(per_windows_prompt):1
2024-12-21 14:14:30,099 - [Process 0/5] - INFO - res.shape is :torch.Size([64])
2024-12-21 14:14:30,361 - [Process 0/5] - INFO - len(per_windows_prompt):1
2024-12-21 14:14:36,867 - [Process 0/5] - INFO - res.shape is :torch.Size([64])
2024-12-21 14:14:37,066 - [Process 0/5] - INFO - len(per_windows_prompt):1
2024-12-21 14:14:43,576 - [Process 0/5] - INFO - res.shape is :torch.Size([64])
2024-12-21 14:14:43,950 - [Process 0/5] - INFO - len(per_windows_prompt):1
2024-12-21 14:14:50,459 - [Process 0/5] - INFO - res.shape is :torch.Size([64])
2024-12-21 14:14:50,670 - [Process 0/5] - INFO - len(per_windows_prompt):1
2024-12-21 14:14:57,184 - [Process 0/5] - INFO - res.shape is :torch.Size([64])
2024-12-21 14:14:57,457 - [Process 0/5] - INFO - len(per_windows_prompt):1
2024-12-21 14:15:03,968 - [Process 0/5] - INFO - res.shape is :torch.Size([64])
2024-12-21 14:15:04,171 - [Process 0/5] - INFO - len(per_windows_prompt):1
2024-12-21 14:15:10,682 - [Process 0/5] - INFO - res.shape is :torch.Size([64])
2024-12-21 14:15:10,862 - [Process 0/5] - INFO - len(per_windows_prompt):1
2024-12-21 14:15:17,373 - [Process 0/5] - INFO - res.shape is :torch.Size([64])
2024-12-21 14:15:17,631 - [Process 0/5] - INFO - len(per_windows_prompt):1
2024-12-21 14:15:24,139 - [Process 0/5] - INFO - res.shape is :torch.Size([64])
2024-12-21 14:15:24,377 - [Process 0/5] - INFO - len(per_windows_prompt):1
2024-12-21 14:15:30,888 - [Process 0/5] - INFO - res.shape is :torch.Size([64])
2024-12-21 14:15:31,068 - [Process 0/5] - INFO - len(per_windows_prompt):1
2024-12-21 14:15:37,583 - [Process 0/5] - INFO - res.shape is :torch.Size([64])
2024-12-21 14:15:37,761 - [Process 0/5] - INFO - len(per_windows_prompt):1
2024-12-21 14:15:44,275 - [Process 0/5] - INFO - res.shape is :torch.Size([64])
2024-12-21 14:15:44,509 - [Process 0/5] - INFO - len(per_windows_prompt):1
2024-12-21 14:15:51,021 - [Process 0/5] - INFO - res.shape is :torch.Size([64])
2024-12-21 14:15:51,230 - [Process 0/5] - INFO - len(per_windows_prompt):1
2024-12-21 14:15:57,746 - [Process 0/5] - INFO - res.shape is :torch.Size([64])
2024-12-21 14:15:57,942 - [Process 0/5] - INFO - len(per_windows_prompt):1
2024-12-21 14:16:04,456 - [Process 0/5] - INFO - res.shape is :torch.Size([64])
2024-12-21 14:16:04,734 - [Process 0/5] - INFO - len(per_windows_prompt):1
2024-12-21 14:16:11,243 - [Process 0/5] - INFO - res.shape is :torch.Size([64])
2024-12-21 14:16:11,446 - [Process 0/5] - INFO - len(per_windows_prompt):1
2024-12-21 14:16:17,958 - [Process 0/5] - INFO - res.shape is :torch.Size([64])
2024-12-21 14:16:18,135 - [Process 0/5] - INFO - len(per_windows_prompt):1
2024-12-21 14:16:24,657 - [Process 0/5] - INFO - res.shape is :torch.Size([64])
2024-12-21 14:16:25,013 - [Process 0/5] - INFO - len(per_windows_prompt):1
2024-12-21 14:16:31,530 - [Process 0/5] - INFO - res.shape is :torch.Size([64])
2024-12-21 14:16:31,757 - [Process 0/5] - INFO - len(per_windows_prompt):1
2024-12-21 14:16:38,272 - [Process 0/5] - INFO - res.shape is :torch.Size([64])
2024-12-21 14:16:38,555 - [Process 0/5] - INFO - len(per_windows_prompt):1
2024-12-21 14:16:45,072 - [Process 0/5] - INFO - res.shape is :torch.Size([64])
2024-12-21 14:16:45,258 - [Process 0/5] - INFO - len(per_windows_prompt):1
2024-12-21 14:16:51,785 - [Process 0/5] - INFO - res.shape is :torch.Size([64])
2024-12-21 14:16:52,028 - [Process 0/5] - INFO - len(per_windows_prompt):1
2024-12-21 14:16:58,547 - [Process 0/5] - INFO - res.shape is :torch.Size([64])
2024-12-21 14:16:58,752 - [Process 0/5] - INFO - len(per_windows_prompt):1
2024-12-21 14:17:05,277 - [Process 0/5] - INFO - res.shape is :torch.Size([64])
2024-12-21 14:17:05,457 - [Process 0/5] - INFO - len(per_windows_prompt):1
2024-12-21 14:17:11,989 - [Process 0/5] - INFO - res.shape is :torch.Size([64])
2024-12-21 14:17:12,274 - [Process 0/5] - INFO - len(per_windows_prompt):1
2024-12-21 14:17:18,804 - [Process 0/5] - INFO - res.shape is :torch.Size([64])
2024-12-21 14:17:18,983 - [Process 0/5] - INFO - len(per_windows_prompt):1
2024-12-21 14:17:25,521 - [Process 0/5] - INFO - res.shape is :torch.Size([64])
2024-12-21 14:17:25,744 - [Process 0/5] - INFO - len(per_windows_prompt):1
2024-12-21 14:17:32,287 - [Process 0/5] - INFO - res.shape is :torch.Size([64])
