2024-12-21 15:40:37,608 - [Process 1/5] - INFO - loading datasets finished
2024-12-21 15:40:37,608 - [Process 1/5] - INFO - model_max_len: 3950
2024-12-21 15:40:37,608 - [Process 1/5] - INFO - output_max_len: 128
2024-12-21 15:40:37,626 - [Process 1/5] - INFO - Max Length is 14660
2024-12-21 15:40:37,626 - [Process 1/5] - INFO - Finish loading dataset
2024-12-21 15:40:37,626 - [Process 1/5] - INFO - get_predicted begin
2024-12-21 15:40:42,476 - [Process 1/5] - INFO - len(per_windows_prompt):1
2024-12-21 15:40:47,221 - [Process 1/5] - INFO - res.shape is :torch.Size([3])
2024-12-21 15:40:47,439 - [Process 1/5] - INFO - len(per_windows_prompt):1
2024-12-21 15:40:51,359 - [Process 1/5] - INFO - res.shape is :torch.Size([2])
2024-12-21 15:40:51,495 - [Process 1/5] - INFO - len(per_windows_prompt):1
2024-12-21 15:40:59,929 - [Process 1/5] - INFO - res.shape is :torch.Size([128])
2024-12-21 15:41:00,122 - [Process 1/5] - INFO - len(per_windows_prompt):1
2024-12-21 15:41:04,127 - [Process 1/5] - INFO - res.shape is :torch.Size([4])
2024-12-21 15:41:04,334 - [Process 1/5] - INFO - len(per_windows_prompt):1
2024-12-21 15:41:08,892 - [Process 1/5] - INFO - res.shape is :torch.Size([17])
2024-12-21 15:41:09,080 - [Process 1/5] - INFO - len(per_windows_prompt):1
2024-12-21 15:41:13,050 - [Process 1/5] - INFO - res.shape is :torch.Size([3])
2024-12-21 15:41:13,179 - [Process 1/5] - INFO - len(per_windows_prompt):1
2024-12-21 15:41:20,891 - [Process 1/5] - INFO - res.shape is :torch.Size([128])
2024-12-21 15:41:21,084 - [Process 1/5] - INFO - len(per_windows_prompt):1
2024-12-21 15:41:25,065 - [Process 1/5] - INFO - res.shape is :torch.Size([3])
2024-12-21 15:41:25,236 - [Process 1/5] - INFO - len(per_windows_prompt):1
2024-12-21 15:41:29,763 - [Process 1/5] - INFO - res.shape is :torch.Size([13])
2024-12-21 15:41:29,982 - [Process 1/5] - INFO - len(per_windows_prompt):1
2024-12-21 15:41:39,350 - [Process 1/5] - INFO - res.shape is :torch.Size([128])
2024-12-21 15:41:39,544 - [Process 1/5] - INFO - len(per_windows_prompt):1
2024-12-21 15:41:43,588 - [Process 1/5] - INFO - res.shape is :torch.Size([4])
2024-12-21 15:41:43,803 - [Process 1/5] - INFO - len(per_windows_prompt):1
2024-12-21 15:41:47,757 - [Process 1/5] - INFO - res.shape is :torch.Size([2])
2024-12-21 15:41:47,942 - [Process 1/5] - INFO - len(per_windows_prompt):1
2024-12-21 15:41:51,890 - [Process 1/5] - INFO - res.shape is :torch.Size([2])
2024-12-21 15:41:51,995 - [Process 1/5] - INFO - len(per_windows_prompt):1
2024-12-21 15:41:55,057 - [Process 1/5] - INFO - res.shape is :torch.Size([21])
2024-12-21 15:41:55,415 - [Process 1/5] - INFO - len(per_windows_prompt):1
2024-12-21 15:42:00,270 - [Process 1/5] - INFO - res.shape is :torch.Size([23])
2024-12-21 15:42:00,463 - [Process 1/5] - INFO - len(per_windows_prompt):1
2024-12-21 15:42:05,390 - [Process 1/5] - INFO - res.shape is :torch.Size([25])
2024-12-21 15:42:05,582 - [Process 1/5] - INFO - len(per_windows_prompt):1
2024-12-21 15:42:10,213 - [Process 1/5] - INFO - res.shape is :torch.Size([18])
2024-12-21 15:42:10,544 - [Process 1/5] - INFO - len(per_windows_prompt):1
2024-12-21 15:42:17,416 - [Process 1/5] - INFO - res.shape is :torch.Size([71])
2024-12-21 15:42:17,642 - [Process 1/5] - INFO - len(per_windows_prompt):1
2024-12-21 15:42:22,205 - [Process 1/5] - INFO - res.shape is :torch.Size([16])
2024-12-21 15:42:22,384 - [Process 1/5] - INFO - len(per_windows_prompt):1
2024-12-21 15:42:27,087 - [Process 1/5] - INFO - res.shape is :torch.Size([28])
2024-12-21 15:42:27,266 - [Process 1/5] - INFO - len(per_windows_prompt):1
2024-12-21 15:42:36,594 - [Process 1/5] - INFO - res.shape is :torch.Size([128])
2024-12-21 15:42:36,784 - [Process 1/5] - INFO - len(per_windows_prompt):1
2024-12-21 15:42:42,638 - [Process 1/5] - INFO - res.shape is :torch.Size([47])
2024-12-21 15:42:42,805 - [Process 1/5] - INFO - len(per_windows_prompt):1
2024-12-21 15:42:49,899 - [Process 1/5] - INFO - res.shape is :torch.Size([80])
2024-12-21 15:42:50,110 - [Process 1/5] - INFO - len(per_windows_prompt):1
2024-12-21 15:42:54,116 - [Process 1/5] - INFO - res.shape is :torch.Size([3])
2024-12-21 15:42:54,317 - [Process 1/5] - INFO - len(per_windows_prompt):1
2024-12-21 15:42:58,365 - [Process 1/5] - INFO - res.shape is :torch.Size([4])
2024-12-21 15:42:58,498 - [Process 1/5] - INFO - len(per_windows_prompt):1
2024-12-21 15:43:02,210 - [Process 1/5] - INFO - res.shape is :torch.Size([26])
2024-12-21 15:43:02,404 - [Process 1/5] - INFO - len(per_windows_prompt):1
2024-12-21 15:43:06,493 - [Process 1/5] - INFO - res.shape is :torch.Size([5])
2024-12-21 15:43:06,742 - [Process 1/5] - INFO - len(per_windows_prompt):1
2024-12-21 15:43:11,746 - [Process 1/5] - INFO - res.shape is :torch.Size([25])
2024-12-21 15:43:11,930 - [Process 1/5] - INFO - len(per_windows_prompt):1
2024-12-21 15:43:16,660 - [Process 1/5] - INFO - res.shape is :torch.Size([19])
2024-12-21 15:43:16,820 - [Process 1/5] - INFO - len(per_windows_prompt):1
2024-12-21 15:43:21,202 - [Process 1/5] - INFO - res.shape is :torch.Size([19])
2024-12-21 15:43:21,415 - [Process 1/5] - INFO - len(per_windows_prompt):1
2024-12-21 15:43:25,464 - [Process 1/5] - INFO - res.shape is :torch.Size([4])
2024-12-21 15:43:25,595 - [Process 1/5] - INFO - len(per_windows_prompt):1
2024-12-21 15:43:30,373 - [Process 1/5] - INFO - res.shape is :torch.Size([52])
2024-12-21 15:43:30,579 - [Process 1/5] - INFO - len(per_windows_prompt):1
2024-12-21 15:43:34,582 - [Process 1/5] - INFO - res.shape is :torch.Size([3])
2024-12-21 15:43:34,806 - [Process 1/5] - INFO - len(per_windows_prompt):1
2024-12-21 15:43:38,810 - [Process 1/5] - INFO - res.shape is :torch.Size([3])
2024-12-21 15:43:39,009 - [Process 1/5] - INFO - len(per_windows_prompt):1
2024-12-21 15:43:43,604 - [Process 1/5] - INFO - res.shape is :torch.Size([17])
2024-12-21 15:43:43,764 - [Process 1/5] - INFO - len(per_windows_prompt):1
2024-12-21 15:43:48,034 - [Process 1/5] - INFO - res.shape is :torch.Size([18])
2024-12-21 15:43:48,219 - [Process 1/5] - INFO - len(per_windows_prompt):1
2024-12-21 15:43:52,187 - [Process 1/5] - INFO - res.shape is :torch.Size([2])
2024-12-21 15:43:52,383 - [Process 1/5] - INFO - len(per_windows_prompt):1
2024-12-21 15:43:56,386 - [Process 1/5] - INFO - res.shape is :torch.Size([3])
2024-12-21 15:43:56,501 - [Process 1/5] - INFO - len(per_windows_prompt):1
2024-12-21 15:44:00,039 - [Process 1/5] - INFO - res.shape is :torch.Size([33])
2024-12-21 15:44:00,222 - [Process 1/5] - INFO - len(per_windows_prompt):1
2024-12-21 15:44:05,393 - [Process 1/5] - INFO - res.shape is :torch.Size([31])
