2024-12-21 12:11:39,348 - [Process 3/5] - INFO - loading datasets finished
2024-12-21 12:11:39,348 - [Process 3/5] - INFO - model_max_len: 3950
2024-12-21 12:11:39,348 - [Process 3/5] - INFO - output_max_len: 64
2024-12-21 12:11:39,364 - [Process 3/5] - INFO - Max Length is 10337
2024-12-21 12:11:39,365 - [Process 3/5] - INFO - Finish loading dataset
2024-12-21 12:11:39,365 - [Process 3/5] - INFO - get_predicted begin
2024-12-21 12:11:44,128 - [Process 3/5] - INFO - len(per_windows_prompt):1
2024-12-21 12:11:50,306 - [Process 3/5] - INFO - res.shape is :torch.Size([44])
2024-12-21 12:11:50,459 - [Process 3/5] - INFO - len(per_windows_prompt):1
2024-12-21 12:11:54,533 - [Process 3/5] - INFO - res.shape is :torch.Size([6])
2024-12-21 12:11:54,672 - [Process 3/5] - INFO - len(per_windows_prompt):1
2024-12-21 12:12:00,026 - [Process 3/5] - INFO - res.shape is :torch.Size([38])
2024-12-21 12:12:00,124 - [Process 3/5] - INFO - len(per_windows_prompt):1
2024-12-21 12:12:04,367 - [Process 3/5] - INFO - res.shape is :torch.Size([18])
2024-12-21 12:12:04,530 - [Process 3/5] - INFO - len(per_windows_prompt):1
2024-12-21 12:12:10,933 - [Process 3/5] - INFO - res.shape is :torch.Size([64])
2024-12-21 12:12:11,049 - [Process 3/5] - INFO - len(per_windows_prompt):1
2024-12-21 12:12:16,452 - [Process 3/5] - INFO - res.shape is :torch.Size([39])
2024-12-21 12:12:16,560 - [Process 3/5] - INFO - len(per_windows_prompt):1
2024-12-21 12:12:20,657 - [Process 3/5] - INFO - res.shape is :torch.Size([6])
2024-12-21 12:12:20,792 - [Process 3/5] - INFO - len(per_windows_prompt):1
2024-12-21 12:12:25,253 - [Process 3/5] - INFO - res.shape is :torch.Size([15])
2024-12-21 12:12:25,359 - [Process 3/5] - INFO - len(per_windows_prompt):1
2024-12-21 12:12:29,346 - [Process 3/5] - INFO - res.shape is :torch.Size([3])
2024-12-21 12:12:29,501 - [Process 3/5] - INFO - len(per_windows_prompt):1
2024-12-21 12:12:33,658 - [Process 3/5] - INFO - res.shape is :torch.Size([7])
2024-12-21 12:12:33,783 - [Process 3/5] - INFO - len(per_windows_prompt):1
2024-12-21 12:12:39,213 - [Process 3/5] - INFO - res.shape is :torch.Size([39])
2024-12-21 12:12:39,315 - [Process 3/5] - INFO - len(per_windows_prompt):1
2024-12-21 12:12:43,904 - [Process 3/5] - INFO - res.shape is :torch.Size([18])
2024-12-21 12:12:44,039 - [Process 3/5] - INFO - len(per_windows_prompt):1
2024-12-21 12:12:48,520 - [Process 3/5] - INFO - res.shape is :torch.Size([15])
2024-12-21 12:12:48,635 - [Process 3/5] - INFO - len(per_windows_prompt):1
2024-12-21 12:12:53,001 - [Process 3/5] - INFO - res.shape is :torch.Size([12])
2024-12-21 12:12:53,138 - [Process 3/5] - INFO - len(per_windows_prompt):1
2024-12-21 12:12:58,972 - [Process 3/5] - INFO - res.shape is :torch.Size([49])
2024-12-21 12:12:59,107 - [Process 3/5] - INFO - len(per_windows_prompt):1
2024-12-21 12:13:03,478 - [Process 3/5] - INFO - res.shape is :torch.Size([12])
2024-12-21 12:13:03,613 - [Process 3/5] - INFO - len(per_windows_prompt):1
2024-12-21 12:13:07,624 - [Process 3/5] - INFO - res.shape is :torch.Size([3])
2024-12-21 12:13:07,734 - [Process 3/5] - INFO - len(per_windows_prompt):1
2024-12-21 12:13:14,174 - [Process 3/5] - INFO - res.shape is :torch.Size([64])
2024-12-21 12:13:14,304 - [Process 3/5] - INFO - len(per_windows_prompt):1
2024-12-21 12:13:18,358 - [Process 3/5] - INFO - res.shape is :torch.Size([4])
2024-12-21 12:13:18,487 - [Process 3/5] - INFO - len(per_windows_prompt):1
2024-12-21 12:13:24,925 - [Process 3/5] - INFO - res.shape is :torch.Size([64])
2024-12-21 12:13:25,061 - [Process 3/5] - INFO - len(per_windows_prompt):1
2024-12-21 12:13:29,272 - [Process 3/5] - INFO - res.shape is :torch.Size([8])
2024-12-21 12:13:29,361 - [Process 3/5] - INFO - len(per_windows_prompt):1
2024-12-21 12:13:32,759 - [Process 3/5] - INFO - res.shape is :torch.Size([5])
2024-12-21 12:13:32,884 - [Process 3/5] - INFO - len(per_windows_prompt):1
2024-12-21 12:13:36,903 - [Process 3/5] - INFO - res.shape is :torch.Size([3])
2024-12-21 12:13:37,012 - [Process 3/5] - INFO - len(per_windows_prompt):1
2024-12-21 12:13:41,224 - [Process 3/5] - INFO - res.shape is :torch.Size([8])
2024-12-21 12:13:41,362 - [Process 3/5] - INFO - len(per_windows_prompt):1
2024-12-21 12:13:45,737 - [Process 3/5] - INFO - res.shape is :torch.Size([12])
2024-12-21 12:13:45,870 - [Process 3/5] - INFO - len(per_windows_prompt):1
2024-12-21 12:13:52,307 - [Process 3/5] - INFO - res.shape is :torch.Size([64])
2024-12-21 12:13:52,463 - [Process 3/5] - INFO - len(per_windows_prompt):1
2024-12-21 12:13:56,560 - [Process 3/5] - INFO - res.shape is :torch.Size([5])
2024-12-21 12:13:56,695 - [Process 3/5] - INFO - len(per_windows_prompt):1
2024-12-21 12:14:01,588 - [Process 3/5] - INFO - res.shape is :torch.Size([25])
2024-12-21 12:14:01,723 - [Process 3/5] - INFO - len(per_windows_prompt):1
2024-12-21 12:14:05,785 - [Process 3/5] - INFO - res.shape is :torch.Size([4])
2024-12-21 12:14:05,887 - [Process 3/5] - INFO - len(per_windows_prompt):1
2024-12-21 12:14:11,443 - [Process 3/5] - INFO - res.shape is :torch.Size([42])
