2024-12-21 12:59:03,867 - [Process 3/5] - INFO - loading datasets finished
2024-12-21 12:59:03,867 - [Process 3/5] - INFO - model_max_len: 3950
2024-12-21 12:59:03,867 - [Process 3/5] - INFO - output_max_len: 32
2024-12-21 12:59:03,945 - [Process 3/5] - INFO - Max Length is 12697
2024-12-21 12:59:03,946 - [Process 3/5] - INFO - Finish loading dataset
2024-12-21 12:59:03,946 - [Process 3/5] - INFO - get_predicted begin
2024-12-21 12:59:08,716 - [Process 3/5] - INFO - len(per_windows_prompt):1
2024-12-21 12:59:13,510 - [Process 3/5] - INFO - res.shape is :torch.Size([9])
2024-12-21 12:59:13,634 - [Process 3/5] - INFO - len(per_windows_prompt):1
2024-12-21 12:59:17,632 - [Process 3/5] - INFO - res.shape is :torch.Size([4])
2024-12-21 12:59:17,804 - [Process 3/5] - INFO - len(per_windows_prompt):1
2024-12-21 12:59:21,929 - [Process 3/5] - INFO - res.shape is :torch.Size([7])
2024-12-21 12:59:22,093 - [Process 3/5] - INFO - len(per_windows_prompt):1
2024-12-21 12:59:26,260 - [Process 3/5] - INFO - res.shape is :torch.Size([8])
2024-12-21 12:59:26,428 - [Process 3/5] - INFO - len(per_windows_prompt):1
2024-12-21 12:59:30,558 - [Process 3/5] - INFO - res.shape is :torch.Size([7])
2024-12-21 12:59:30,704 - [Process 3/5] - INFO - len(per_windows_prompt):1
2024-12-21 12:59:34,763 - [Process 3/5] - INFO - res.shape is :torch.Size([5])
2024-12-21 12:59:34,877 - [Process 3/5] - INFO - len(per_windows_prompt):1
2024-12-21 12:59:38,909 - [Process 3/5] - INFO - res.shape is :torch.Size([4])
2024-12-21 12:59:39,034 - [Process 3/5] - INFO - len(per_windows_prompt):1
2024-12-21 12:59:44,182 - [Process 3/5] - INFO - res.shape is :torch.Size([32])
2024-12-21 12:59:44,359 - [Process 3/5] - INFO - len(per_windows_prompt):1
2024-12-21 12:59:49,112 - [Process 3/5] - INFO - res.shape is :torch.Size([22])
2024-12-21 12:59:49,171 - [Process 3/5] - INFO - len(per_windows_prompt):1
2024-12-21 12:59:51,317 - [Process 3/5] - INFO - res.shape is :torch.Size([2])
2024-12-21 12:59:51,477 - [Process 3/5] - INFO - len(per_windows_prompt):1
2024-12-21 12:59:55,596 - [Process 3/5] - INFO - res.shape is :torch.Size([6])
2024-12-21 12:59:55,742 - [Process 3/5] - INFO - len(per_windows_prompt):1
2024-12-21 12:59:59,744 - [Process 3/5] - INFO - res.shape is :torch.Size([3])
2024-12-21 12:59:59,911 - [Process 3/5] - INFO - len(per_windows_prompt):1
2024-12-21 13:00:05,029 - [Process 3/5] - INFO - res.shape is :torch.Size([31])
2024-12-21 13:00:05,161 - [Process 3/5] - INFO - len(per_windows_prompt):1
2024-12-21 13:00:09,285 - [Process 3/5] - INFO - res.shape is :torch.Size([6])
2024-12-21 13:00:09,453 - [Process 3/5] - INFO - len(per_windows_prompt):1
2024-12-21 13:00:13,617 - [Process 3/5] - INFO - res.shape is :torch.Size([7])
2024-12-21 13:00:13,761 - [Process 3/5] - INFO - len(per_windows_prompt):1
2024-12-21 13:00:18,325 - [Process 3/5] - INFO - res.shape is :torch.Size([17])
2024-12-21 13:00:18,445 - [Process 3/5] - INFO - len(per_windows_prompt):1
2024-12-21 13:00:22,575 - [Process 3/5] - INFO - res.shape is :torch.Size([6])
2024-12-21 13:00:22,754 - [Process 3/5] - INFO - len(per_windows_prompt):1
2024-12-21 13:00:26,884 - [Process 3/5] - INFO - res.shape is :torch.Size([6])
2024-12-21 13:00:27,057 - [Process 3/5] - INFO - len(per_windows_prompt):1
2024-12-21 13:00:31,465 - [Process 3/5] - INFO - res.shape is :torch.Size([13])
2024-12-21 13:00:31,633 - [Process 3/5] - INFO - len(per_windows_prompt):1
2024-12-21 13:00:36,797 - [Process 3/5] - INFO - res.shape is :torch.Size([32])
2024-12-21 13:00:36,944 - [Process 3/5] - INFO - len(per_windows_prompt):1
2024-12-21 13:00:42,028 - [Process 3/5] - INFO - res.shape is :torch.Size([30])
2024-12-21 13:00:42,193 - [Process 3/5] - INFO - len(per_windows_prompt):1
2024-12-21 13:00:46,367 - [Process 3/5] - INFO - res.shape is :torch.Size([7])
2024-12-21 13:00:46,541 - [Process 3/5] - INFO - len(per_windows_prompt):1
2024-12-21 13:00:50,751 - [Process 3/5] - INFO - res.shape is :torch.Size([8])
2024-12-21 13:00:50,921 - [Process 3/5] - INFO - len(per_windows_prompt):1
2024-12-21 13:00:55,530 - [Process 3/5] - INFO - res.shape is :torch.Size([18])
2024-12-21 13:00:55,709 - [Process 3/5] - INFO - len(per_windows_prompt):1
2024-12-21 13:00:59,764 - [Process 3/5] - INFO - res.shape is :torch.Size([4])
2024-12-21 13:00:59,934 - [Process 3/5] - INFO - len(per_windows_prompt):1
2024-12-21 13:01:04,030 - [Process 3/5] - INFO - res.shape is :torch.Size([5])
2024-12-21 13:01:04,199 - [Process 3/5] - INFO - len(per_windows_prompt):1
2024-12-21 13:01:08,177 - [Process 3/5] - INFO - res.shape is :torch.Size([2])
2024-12-21 13:01:08,332 - [Process 3/5] - INFO - len(per_windows_prompt):1
2024-12-21 13:01:12,431 - [Process 3/5] - INFO - res.shape is :torch.Size([5])
2024-12-21 13:01:12,571 - [Process 3/5] - INFO - len(per_windows_prompt):1
2024-12-21 13:01:16,826 - [Process 3/5] - INFO - res.shape is :torch.Size([9])
2024-12-21 13:01:16,993 - [Process 3/5] - INFO - len(per_windows_prompt):1
2024-12-21 13:01:21,486 - [Process 3/5] - INFO - res.shape is :torch.Size([15])
2024-12-21 13:01:21,645 - [Process 3/5] - INFO - len(per_windows_prompt):1
2024-12-21 13:01:25,862 - [Process 3/5] - INFO - res.shape is :torch.Size([8])
2024-12-21 13:01:26,028 - [Process 3/5] - INFO - len(per_windows_prompt):1
2024-12-21 13:01:30,442 - [Process 3/5] - INFO - res.shape is :torch.Size([13])
2024-12-21 13:01:30,607 - [Process 3/5] - INFO - len(per_windows_prompt):1
2024-12-21 13:01:34,741 - [Process 3/5] - INFO - res.shape is :torch.Size([6])
2024-12-21 13:01:34,889 - [Process 3/5] - INFO - len(per_windows_prompt):1
2024-12-21 13:01:38,947 - [Process 3/5] - INFO - res.shape is :torch.Size([4])
2024-12-21 13:01:39,067 - [Process 3/5] - INFO - len(per_windows_prompt):1
2024-12-21 13:01:43,045 - [Process 3/5] - INFO - res.shape is :torch.Size([2])
2024-12-21 13:01:43,164 - [Process 3/5] - INFO - len(per_windows_prompt):1
2024-12-21 13:01:47,264 - [Process 3/5] - INFO - res.shape is :torch.Size([5])
2024-12-21 13:01:47,439 - [Process 3/5] - INFO - len(per_windows_prompt):1
2024-12-21 13:01:51,542 - [Process 3/5] - INFO - res.shape is :torch.Size([5])
2024-12-21 13:01:51,712 - [Process 3/5] - INFO - len(per_windows_prompt):1
2024-12-21 13:01:55,810 - [Process 3/5] - INFO - res.shape is :torch.Size([5])
2024-12-21 13:01:55,953 - [Process 3/5] - INFO - len(per_windows_prompt):1
2024-12-21 13:02:00,531 - [Process 3/5] - INFO - res.shape is :torch.Size([17])
2024-12-21 13:02:00,663 - [Process 3/5] - INFO - len(per_windows_prompt):1
2024-12-21 13:02:05,673 - [Process 3/5] - INFO - res.shape is :torch.Size([28])
