2024-12-21 15:50:54,490 - [Process 3/5] - INFO - loading datasets finished
2024-12-21 15:50:54,491 - [Process 3/5] - INFO - model_max_len: 3950
2024-12-21 15:50:54,491 - [Process 3/5] - INFO - output_max_len: 32
2024-12-21 15:50:54,537 - [Process 3/5] - INFO - Max Length is 12697
2024-12-21 15:50:54,537 - [Process 3/5] - INFO - Finish loading dataset
2024-12-21 15:50:54,537 - [Process 3/5] - INFO - get_predicted begin
2024-12-21 15:50:59,363 - [Process 3/5] - INFO - len(per_windows_prompt):1
2024-12-21 15:51:04,065 - [Process 3/5] - INFO - res.shape is :torch.Size([2])
2024-12-21 15:51:04,280 - [Process 3/5] - INFO - len(per_windows_prompt):1
2024-12-21 15:51:08,250 - [Process 3/5] - INFO - res.shape is :torch.Size([3])
2024-12-21 15:51:08,550 - [Process 3/5] - INFO - len(per_windows_prompt):1
2024-12-21 15:51:12,709 - [Process 3/5] - INFO - res.shape is :torch.Size([7])
2024-12-21 15:51:13,015 - [Process 3/5] - INFO - len(per_windows_prompt):1
2024-12-21 15:51:17,135 - [Process 3/5] - INFO - res.shape is :torch.Size([6])
2024-12-21 15:51:17,418 - [Process 3/5] - INFO - len(per_windows_prompt):1
2024-12-21 15:51:21,489 - [Process 3/5] - INFO - res.shape is :torch.Size([5])
2024-12-21 15:51:21,734 - [Process 3/5] - INFO - len(per_windows_prompt):1
2024-12-21 15:51:25,676 - [Process 3/5] - INFO - res.shape is :torch.Size([2])
2024-12-21 15:51:25,869 - [Process 3/5] - INFO - len(per_windows_prompt):1
2024-12-21 15:51:29,859 - [Process 3/5] - INFO - res.shape is :torch.Size([3])
2024-12-21 15:51:30,078 - [Process 3/5] - INFO - len(per_windows_prompt):1
2024-12-21 15:51:34,083 - [Process 3/5] - INFO - res.shape is :torch.Size([3])
2024-12-21 15:51:34,401 - [Process 3/5] - INFO - len(per_windows_prompt):1
2024-12-21 15:51:38,642 - [Process 3/5] - INFO - res.shape is :torch.Size([8])
2024-12-21 15:51:38,744 - [Process 3/5] - INFO - len(per_windows_prompt):1
2024-12-21 15:51:40,968 - [Process 3/5] - INFO - res.shape is :torch.Size([4])
2024-12-21 15:51:41,226 - [Process 3/5] - INFO - len(per_windows_prompt):1
2024-12-21 15:51:45,317 - [Process 3/5] - INFO - res.shape is :torch.Size([5])
2024-12-21 15:51:45,555 - [Process 3/5] - INFO - len(per_windows_prompt):1
2024-12-21 15:51:49,519 - [Process 3/5] - INFO - res.shape is :torch.Size([2])
2024-12-21 15:51:49,790 - [Process 3/5] - INFO - len(per_windows_prompt):1
2024-12-21 15:51:54,094 - [Process 3/5] - INFO - res.shape is :torch.Size([10])
2024-12-21 15:51:54,312 - [Process 3/5] - INFO - len(per_windows_prompt):1
2024-12-21 15:51:58,406 - [Process 3/5] - INFO - res.shape is :torch.Size([5])
2024-12-21 15:51:58,683 - [Process 3/5] - INFO - len(per_windows_prompt):1
2024-12-21 15:52:02,821 - [Process 3/5] - INFO - res.shape is :torch.Size([6])
2024-12-21 15:52:03,057 - [Process 3/5] - INFO - len(per_windows_prompt):1
2024-12-21 15:52:07,070 - [Process 3/5] - INFO - res.shape is :torch.Size([3])
2024-12-21 15:52:07,267 - [Process 3/5] - INFO - len(per_windows_prompt):1
2024-12-21 15:52:11,368 - [Process 3/5] - INFO - res.shape is :torch.Size([5])
2024-12-21 15:52:11,655 - [Process 3/5] - INFO - len(per_windows_prompt):1
2024-12-21 15:52:15,672 - [Process 3/5] - INFO - res.shape is :torch.Size([3])
2024-12-21 15:52:15,956 - [Process 3/5] - INFO - len(per_windows_prompt):1
2024-12-21 15:52:20,016 - [Process 3/5] - INFO - res.shape is :torch.Size([4])
2024-12-21 15:52:20,293 - [Process 3/5] - INFO - len(per_windows_prompt):1
2024-12-21 15:52:24,939 - [Process 3/5] - INFO - res.shape is :torch.Size([18])
2024-12-21 15:52:25,180 - [Process 3/5] - INFO - len(per_windows_prompt):1
2024-12-21 15:52:29,910 - [Process 3/5] - INFO - res.shape is :torch.Size([20])
2024-12-21 15:52:30,178 - [Process 3/5] - INFO - len(per_windows_prompt):1
2024-12-21 15:52:34,449 - [Process 3/5] - INFO - res.shape is :torch.Size([9])
2024-12-21 15:52:34,736 - [Process 3/5] - INFO - len(per_windows_prompt):1
2024-12-21 15:52:38,924 - [Process 3/5] - INFO - res.shape is :torch.Size([7])
2024-12-21 15:52:39,199 - [Process 3/5] - INFO - len(per_windows_prompt):1
2024-12-21 15:52:43,221 - [Process 3/5] - INFO - res.shape is :torch.Size([3])
2024-12-21 15:52:43,507 - [Process 3/5] - INFO - len(per_windows_prompt):1
2024-12-21 15:52:47,532 - [Process 3/5] - INFO - res.shape is :torch.Size([3])
2024-12-21 15:52:47,808 - [Process 3/5] - INFO - len(per_windows_prompt):1
2024-12-21 15:52:51,831 - [Process 3/5] - INFO - res.shape is :torch.Size([3])
2024-12-21 15:52:52,108 - [Process 3/5] - INFO - len(per_windows_prompt):1
2024-12-21 15:52:56,091 - [Process 3/5] - INFO - res.shape is :torch.Size([2])
2024-12-21 15:52:56,346 - [Process 3/5] - INFO - len(per_windows_prompt):1
2024-12-21 15:53:00,454 - [Process 3/5] - INFO - res.shape is :torch.Size([5])
2024-12-21 15:53:00,684 - [Process 3/5] - INFO - len(per_windows_prompt):1
2024-12-21 15:53:04,875 - [Process 3/5] - INFO - res.shape is :torch.Size([7])
2024-12-21 15:53:05,152 - [Process 3/5] - INFO - len(per_windows_prompt):1
2024-12-21 15:53:09,258 - [Process 3/5] - INFO - res.shape is :torch.Size([5])
2024-12-21 15:53:09,519 - [Process 3/5] - INFO - len(per_windows_prompt):1
2024-12-21 15:53:13,502 - [Process 3/5] - INFO - res.shape is :torch.Size([2])
2024-12-21 15:53:13,778 - [Process 3/5] - INFO - len(per_windows_prompt):1
2024-12-21 15:53:17,761 - [Process 3/5] - INFO - res.shape is :torch.Size([2])
2024-12-21 15:53:18,031 - [Process 3/5] - INFO - len(per_windows_prompt):1
2024-12-21 15:53:22,014 - [Process 3/5] - INFO - res.shape is :torch.Size([2])
2024-12-21 15:53:22,259 - [Process 3/5] - INFO - len(per_windows_prompt):1
2024-12-21 15:53:26,286 - [Process 3/5] - INFO - res.shape is :torch.Size([3])
2024-12-21 15:53:26,482 - [Process 3/5] - INFO - len(per_windows_prompt):1
2024-12-21 15:53:30,468 - [Process 3/5] - INFO - res.shape is :torch.Size([2])
2024-12-21 15:53:30,661 - [Process 3/5] - INFO - len(per_windows_prompt):1
2024-12-21 15:53:34,728 - [Process 3/5] - INFO - res.shape is :torch.Size([4])
2024-12-21 15:53:35,011 - [Process 3/5] - INFO - len(per_windows_prompt):1
2024-12-21 15:53:39,081 - [Process 3/5] - INFO - res.shape is :torch.Size([4])
2024-12-21 15:53:39,355 - [Process 3/5] - INFO - len(per_windows_prompt):1
2024-12-21 15:53:43,423 - [Process 3/5] - INFO - res.shape is :torch.Size([4])
2024-12-21 15:53:43,658 - [Process 3/5] - INFO - len(per_windows_prompt):1
2024-12-21 15:53:47,644 - [Process 3/5] - INFO - res.shape is :torch.Size([2])
2024-12-21 15:53:47,862 - [Process 3/5] - INFO - len(per_windows_prompt):1
2024-12-21 15:53:52,056 - [Process 3/5] - INFO - res.shape is :torch.Size([7])
