2024-12-21 18:12:04,771 - [Process 0/5] - INFO - loading datasets finished
2024-12-21 18:12:04,772 - [Process 0/5] - INFO - model_max_len: 3950
2024-12-21 18:12:04,772 - [Process 0/5] - INFO - output_max_len: 32
2024-12-21 18:12:04,847 - [Process 0/5] - INFO - Max Length is 12697
2024-12-21 18:12:04,847 - [Process 0/5] - INFO - Finish loading dataset
2024-12-21 18:12:04,848 - [Process 0/5] - INFO - get_predicted begin
2024-12-21 18:12:09,622 - [Process 0/5] - INFO - len(per_windows_prompt):2
2024-12-21 18:12:14,332 - [Process 0/5] - INFO - res.shape is :torch.Size([7])
2024-12-21 18:12:14,628 - [Process 0/5] - INFO - len(per_windows_prompt):2
2024-12-21 18:12:18,632 - [Process 0/5] - INFO - res.shape is :torch.Size([5])
2024-12-21 18:12:18,920 - [Process 0/5] - INFO - len(per_windows_prompt):2
2024-12-21 18:12:22,763 - [Process 0/5] - INFO - res.shape is :torch.Size([4])
2024-12-21 18:12:23,076 - [Process 0/5] - INFO - len(per_windows_prompt):2
2024-12-21 18:12:26,907 - [Process 0/5] - INFO - res.shape is :torch.Size([4])
2024-12-21 18:12:27,191 - [Process 0/5] - INFO - len(per_windows_prompt):2
2024-12-21 18:12:31,012 - [Process 0/5] - INFO - res.shape is :torch.Size([3])
2024-12-21 18:12:31,294 - [Process 0/5] - INFO - len(per_windows_prompt):2
2024-12-21 18:12:35,397 - [Process 0/5] - INFO - res.shape is :torch.Size([7])
2024-12-21 18:12:35,677 - [Process 0/5] - INFO - len(per_windows_prompt):2
2024-12-21 18:12:39,495 - [Process 0/5] - INFO - res.shape is :torch.Size([4])
2024-12-21 18:12:39,611 - [Process 0/5] - INFO - len(per_windows_prompt):2
2024-12-21 18:12:42,144 - [Process 0/5] - INFO - res.shape is :torch.Size([7])
2024-12-21 18:12:42,388 - [Process 0/5] - INFO - len(per_windows_prompt):2
2024-12-21 18:12:46,250 - [Process 0/5] - INFO - res.shape is :torch.Size([5])
2024-12-21 18:12:46,465 - [Process 0/5] - INFO - len(per_windows_prompt):2
2024-12-21 18:12:50,442 - [Process 0/5] - INFO - res.shape is :torch.Size([4])
2024-12-21 18:12:50,721 - [Process 0/5] - INFO - len(per_windows_prompt):2
2024-12-21 18:12:54,749 - [Process 0/5] - INFO - res.shape is :torch.Size([5])
2024-12-21 18:12:55,026 - [Process 0/5] - INFO - len(per_windows_prompt):2
2024-12-21 18:12:59,001 - [Process 0/5] - INFO - res.shape is :torch.Size([7])
2024-12-21 18:12:59,273 - [Process 0/5] - INFO - len(per_windows_prompt):2
2024-12-21 18:13:03,196 - [Process 0/5] - INFO - res.shape is :torch.Size([5])
2024-12-21 18:13:03,422 - [Process 0/5] - INFO - len(per_windows_prompt):2
2024-12-21 18:13:07,309 - [Process 0/5] - INFO - res.shape is :torch.Size([2])
2024-12-21 18:13:07,589 - [Process 0/5] - INFO - len(per_windows_prompt):2
2024-12-21 18:13:12,704 - [Process 0/5] - INFO - res.shape is :torch.Size([32])
2024-12-21 18:13:12,950 - [Process 0/5] - INFO - len(per_windows_prompt):2
2024-12-21 18:13:16,978 - [Process 0/5] - INFO - res.shape is :torch.Size([4])
2024-12-21 18:13:17,173 - [Process 0/5] - INFO - len(per_windows_prompt):2
2024-12-21 18:13:20,974 - [Process 0/5] - INFO - res.shape is :torch.Size([3])
2024-12-21 18:13:21,269 - [Process 0/5] - INFO - len(per_windows_prompt):2
2024-12-21 18:13:25,324 - [Process 0/5] - INFO - res.shape is :torch.Size([6])
2024-12-21 18:13:25,582 - [Process 0/5] - INFO - len(per_windows_prompt):2
2024-12-21 18:13:29,700 - [Process 0/5] - INFO - res.shape is :torch.Size([7])
2024-12-21 18:13:29,974 - [Process 0/5] - INFO - len(per_windows_prompt):2
2024-12-21 18:13:34,054 - [Process 0/5] - INFO - res.shape is :torch.Size([5])
2024-12-21 18:13:34,291 - [Process 0/5] - INFO - len(per_windows_prompt):2
2024-12-21 18:13:38,273 - [Process 0/5] - INFO - res.shape is :torch.Size([7])
2024-12-21 18:13:38,535 - [Process 0/5] - INFO - len(per_windows_prompt):2
2024-12-21 18:13:42,600 - [Process 0/5] - INFO - res.shape is :torch.Size([9])
2024-12-21 18:13:42,789 - [Process 0/5] - INFO - len(per_windows_prompt):2
2024-12-21 18:13:46,809 - [Process 0/5] - INFO - res.shape is :torch.Size([5])
2024-12-21 18:13:47,047 - [Process 0/5] - INFO - len(per_windows_prompt):2
2024-12-21 18:13:50,993 - [Process 0/5] - INFO - res.shape is :torch.Size([6])
2024-12-21 18:13:51,253 - [Process 0/5] - INFO - len(per_windows_prompt):2
2024-12-21 18:13:55,327 - [Process 0/5] - INFO - res.shape is :torch.Size([9])
2024-12-21 18:13:55,548 - [Process 0/5] - INFO - len(per_windows_prompt):2
2024-12-21 18:13:59,799 - [Process 0/5] - INFO - res.shape is :torch.Size([8])
2024-12-21 18:14:00,080 - [Process 0/5] - INFO - len(per_windows_prompt):2
2024-12-21 18:14:04,207 - [Process 0/5] - INFO - res.shape is :torch.Size([6])
2024-12-21 18:14:04,425 - [Process 0/5] - INFO - len(per_windows_prompt):2
2024-12-21 18:14:08,542 - [Process 0/5] - INFO - res.shape is :torch.Size([4])
2024-12-21 18:14:08,711 - [Process 0/5] - INFO - len(per_windows_prompt):2
2024-12-21 18:14:12,680 - [Process 0/5] - INFO - res.shape is :torch.Size([7])
2024-12-21 18:14:12,960 - [Process 0/5] - INFO - len(per_windows_prompt):2
2024-12-21 18:14:16,980 - [Process 0/5] - INFO - res.shape is :torch.Size([5])
2024-12-21 18:14:17,269 - [Process 0/5] - INFO - len(per_windows_prompt):2
2024-12-21 18:14:21,429 - [Process 0/5] - INFO - res.shape is :torch.Size([8])
2024-12-21 18:14:21,697 - [Process 0/5] - INFO - len(per_windows_prompt):2
2024-12-21 18:14:25,767 - [Process 0/5] - INFO - res.shape is :torch.Size([6])
2024-12-21 18:14:26,026 - [Process 0/5] - INFO - len(per_windows_prompt):2
2024-12-21 18:14:30,147 - [Process 0/5] - INFO - res.shape is :torch.Size([7])
2024-12-21 18:14:30,421 - [Process 0/5] - INFO - len(per_windows_prompt):2
2024-12-21 18:14:34,518 - [Process 0/5] - INFO - res.shape is :torch.Size([5])
2024-12-21 18:14:34,771 - [Process 0/5] - INFO - len(per_windows_prompt):2
2024-12-21 18:14:38,570 - [Process 0/5] - INFO - res.shape is :torch.Size([3])
2024-12-21 18:14:38,845 - [Process 0/5] - INFO - len(per_windows_prompt):2
2024-12-21 18:14:42,923 - [Process 0/5] - INFO - res.shape is :torch.Size([6])
2024-12-21 18:14:43,196 - [Process 0/5] - INFO - len(per_windows_prompt):2
2024-12-21 18:14:47,483 - [Process 0/5] - INFO - res.shape is :torch.Size([14])
2024-12-21 18:14:47,735 - [Process 0/5] - INFO - len(per_windows_prompt):2
2024-12-21 18:14:51,668 - [Process 0/5] - INFO - res.shape is :torch.Size([5])
2024-12-21 18:14:51,956 - [Process 0/5] - INFO - len(per_windows_prompt):2
2024-12-21 18:14:55,865 - [Process 0/5] - INFO - res.shape is :torch.Size([5])
2024-12-21 18:14:56,134 - [Process 0/5] - INFO - len(per_windows_prompt):2
2024-12-21 18:15:00,256 - [Process 0/5] - INFO - res.shape is :torch.Size([10])
