2024-12-21 00:10:00,057 - [Process 0/1] - INFO - loading datasets finished
2024-12-21 00:10:00,057 - [Process 0/1] - INFO - model_max_len: 3950
2024-12-21 00:10:00,057 - [Process 0/1] - INFO - output_max_len: 32
2024-12-21 00:10:00,081 - [Process 0/1] - INFO - Max Length is 11950
2024-12-21 00:10:00,081 - [Process 0/1] - INFO - Finish loading dataset
2024-12-21 00:10:00,081 - [Process 0/1] - INFO - get_predicted begin
2024-12-21 00:10:00,204 - [Process 0/1] - INFO - len(per_windows_prompt):1
2024-12-21 00:10:05,441 - [Process 0/1] - INFO - res.shape is :torch.Size([20])
2024-12-21 00:10:05,563 - [Process 0/1] - INFO - len(per_windows_prompt):1
2024-12-21 00:10:10,346 - [Process 0/1] - INFO - res.shape is :torch.Size([22])
2024-12-21 00:10:10,465 - [Process 0/1] - INFO - len(per_windows_prompt):1
2024-12-21 00:10:14,700 - [Process 0/1] - INFO - res.shape is :torch.Size([8])
2024-12-21 00:10:14,846 - [Process 0/1] - INFO - len(per_windows_prompt):1
2024-12-21 00:10:18,870 - [Process 0/1] - INFO - res.shape is :torch.Size([2])
2024-12-21 00:10:18,989 - [Process 0/1] - INFO - len(per_windows_prompt):1
2024-12-21 00:10:23,261 - [Process 0/1] - INFO - res.shape is :torch.Size([8])
2024-12-21 00:10:23,380 - [Process 0/1] - INFO - len(per_windows_prompt):1
2024-12-21 00:10:27,516 - [Process 0/1] - INFO - res.shape is :torch.Size([5])
2024-12-21 00:10:27,638 - [Process 0/1] - INFO - len(per_windows_prompt):1
2024-12-21 00:10:31,952 - [Process 0/1] - INFO - res.shape is :torch.Size([9])
2024-12-21 00:10:32,092 - [Process 0/1] - INFO - len(per_windows_prompt):1
2024-12-21 00:10:36,273 - [Process 0/1] - INFO - res.shape is :torch.Size([6])
2024-12-21 00:10:36,388 - [Process 0/1] - INFO - len(per_windows_prompt):1
2024-12-21 00:10:40,692 - [Process 0/1] - INFO - res.shape is :torch.Size([9])
2024-12-21 00:10:40,817 - [Process 0/1] - INFO - len(per_windows_prompt):1
2024-12-21 00:10:45,004 - [Process 0/1] - INFO - res.shape is :torch.Size([6])
2024-12-21 00:10:45,167 - [Process 0/1] - INFO - len(per_windows_prompt):1
2024-12-21 00:10:49,574 - [Process 0/1] - INFO - res.shape is :torch.Size([11])
2024-12-21 00:10:49,687 - [Process 0/1] - INFO - len(per_windows_prompt):1
2024-12-21 00:10:53,974 - [Process 0/1] - INFO - res.shape is :torch.Size([8])
2024-12-21 00:10:54,038 - [Process 0/1] - INFO - len(per_windows_prompt):1
2024-12-21 00:10:56,983 - [Process 0/1] - INFO - res.shape is :torch.Size([11])
2024-12-21 00:10:57,095 - [Process 0/1] - INFO - len(per_windows_prompt):1
2024-12-21 00:11:02,002 - [Process 0/1] - INFO - res.shape is :torch.Size([24])
2024-12-21 00:11:02,123 - [Process 0/1] - INFO - len(per_windows_prompt):1
2024-12-21 00:11:06,240 - [Process 0/1] - INFO - res.shape is :torch.Size([4])
2024-12-21 00:11:06,400 - [Process 0/1] - INFO - len(per_windows_prompt):1
2024-12-21 00:11:10,596 - [Process 0/1] - INFO - res.shape is :torch.Size([6])
2024-12-21 00:11:10,672 - [Process 0/1] - INFO - len(per_windows_prompt):1
2024-12-21 00:11:13,676 - [Process 0/1] - INFO - res.shape is :torch.Size([6])
2024-12-21 00:11:13,803 - [Process 0/1] - INFO - len(per_windows_prompt):1
2024-12-21 00:11:17,865 - [Process 0/1] - INFO - res.shape is :torch.Size([2])
2024-12-21 00:11:17,897 - [Process 0/1] - INFO - len(per_windows_prompt):1
2024-12-21 00:11:19,201 - [Process 0/1] - INFO - res.shape is :torch.Size([2])
2024-12-21 00:11:19,312 - [Process 0/1] - INFO - len(per_windows_prompt):1
2024-12-21 00:11:23,787 - [Process 0/1] - INFO - res.shape is :torch.Size([13])
2024-12-21 00:11:23,895 - [Process 0/1] - INFO - len(per_windows_prompt):1
2024-12-21 00:11:28,019 - [Process 0/1] - INFO - res.shape is :torch.Size([4])
2024-12-21 00:11:28,159 - [Process 0/1] - INFO - len(per_windows_prompt):1
2024-12-21 00:11:32,394 - [Process 0/1] - INFO - res.shape is :torch.Size([7])
2024-12-21 00:11:32,545 - [Process 0/1] - INFO - len(per_windows_prompt):1
2024-12-21 00:11:36,802 - [Process 0/1] - INFO - res.shape is :torch.Size([7])
2024-12-21 00:11:36,931 - [Process 0/1] - INFO - len(per_windows_prompt):1
2024-12-21 00:11:41,163 - [Process 0/1] - INFO - res.shape is :torch.Size([7])
2024-12-21 00:11:41,294 - [Process 0/1] - INFO - len(per_windows_prompt):1
2024-12-21 00:11:45,555 - [Process 0/1] - INFO - res.shape is :torch.Size([7])
2024-12-21 00:11:45,602 - [Process 0/1] - INFO - len(per_windows_prompt):1
2024-12-21 00:11:47,650 - [Process 0/1] - INFO - res.shape is :torch.Size([11])
2024-12-21 00:11:47,763 - [Process 0/1] - INFO - len(per_windows_prompt):1
2024-12-21 00:11:52,110 - [Process 0/1] - INFO - res.shape is :torch.Size([9])
2024-12-21 00:11:52,229 - [Process 0/1] - INFO - len(per_windows_prompt):1
2024-12-21 00:11:56,273 - [Process 0/1] - INFO - res.shape is :torch.Size([2])
2024-12-21 00:11:56,388 - [Process 0/1] - INFO - len(per_windows_prompt):1
2024-12-21 00:12:00,560 - [Process 0/1] - INFO - res.shape is :torch.Size([5])
2024-12-21 00:12:00,683 - [Process 0/1] - INFO - len(per_windows_prompt):1
2024-12-21 00:12:04,808 - [Process 0/1] - INFO - res.shape is :torch.Size([4])
2024-12-21 00:12:04,926 - [Process 0/1] - INFO - len(per_windows_prompt):1
2024-12-21 00:12:09,437 - [Process 0/1] - INFO - res.shape is :torch.Size([13])
2024-12-21 00:12:09,564 - [Process 0/1] - INFO - len(per_windows_prompt):1
2024-12-21 00:12:13,899 - [Process 0/1] - INFO - res.shape is :torch.Size([9])
2024-12-21 00:12:14,065 - [Process 0/1] - INFO - len(per_windows_prompt):1
2024-12-21 00:12:18,159 - [Process 0/1] - INFO - res.shape is :torch.Size([3])
2024-12-21 00:12:18,268 - [Process 0/1] - INFO - len(per_windows_prompt):1
2024-12-21 00:12:22,345 - [Process 0/1] - INFO - res.shape is :torch.Size([2])
2024-12-21 00:12:22,461 - [Process 0/1] - INFO - len(per_windows_prompt):1
2024-12-21 00:12:26,693 - [Process 0/1] - INFO - res.shape is :torch.Size([6])
2024-12-21 00:12:26,802 - [Process 0/1] - INFO - len(per_windows_prompt):1
2024-12-21 00:12:30,975 - [Process 0/1] - INFO - res.shape is :torch.Size([5])
2024-12-21 00:12:31,093 - [Process 0/1] - INFO - len(per_windows_prompt):1
2024-12-21 00:12:35,249 - [Process 0/1] - INFO - res.shape is :torch.Size([4])
2024-12-21 00:12:35,358 - [Process 0/1] - INFO - len(per_windows_prompt):1
2024-12-21 00:12:40,000 - [Process 0/1] - INFO - res.shape is :torch.Size([17])
2024-12-21 00:12:40,133 - [Process 0/1] - INFO - len(per_windows_prompt):1
2024-12-21 00:12:44,367 - [Process 0/1] - INFO - res.shape is :torch.Size([6])
2024-12-21 00:12:44,487 - [Process 0/1] - INFO - len(per_windows_prompt):1
2024-12-21 00:12:49,010 - [Process 0/1] - INFO - res.shape is :torch.Size([14])
2024-12-21 00:12:49,132 - [Process 0/1] - INFO - len(per_windows_prompt):1
2024-12-21 00:12:53,295 - [Process 0/1] - INFO - res.shape is :torch.Size([4])
2024-12-21 00:12:53,400 - [Process 0/1] - INFO - len(per_windows_prompt):1
2024-12-21 00:12:57,720 - [Process 0/1] - INFO - res.shape is :torch.Size([8])
2024-12-21 00:12:57,865 - [Process 0/1] - INFO - len(per_windows_prompt):1
2024-12-21 00:13:02,262 - [Process 0/1] - INFO - res.shape is :torch.Size([10])
2024-12-21 00:13:02,388 - [Process 0/1] - INFO - len(per_windows_prompt):1
2024-12-21 00:13:06,669 - [Process 0/1] - INFO - res.shape is :torch.Size([7])
2024-12-21 00:13:06,784 - [Process 0/1] - INFO - len(per_windows_prompt):1
2024-12-21 00:13:10,988 - [Process 0/1] - INFO - res.shape is :torch.Size([5])
2024-12-21 00:13:11,116 - [Process 0/1] - INFO - len(per_windows_prompt):1
2024-12-21 00:13:15,832 - [Process 0/1] - INFO - res.shape is :torch.Size([18])
2024-12-21 00:13:15,946 - [Process 0/1] - INFO - len(per_windows_prompt):1
2024-12-21 00:13:20,384 - [Process 0/1] - INFO - res.shape is :torch.Size([11])
2024-12-21 00:13:20,497 - [Process 0/1] - INFO - len(per_windows_prompt):1
2024-12-21 00:13:24,791 - [Process 0/1] - INFO - res.shape is :torch.Size([8])
2024-12-21 00:13:24,846 - [Process 0/1] - INFO - len(per_windows_prompt):1
2024-12-21 00:13:27,155 - [Process 0/1] - INFO - res.shape is :torch.Size([6])
2024-12-21 00:13:27,265 - [Process 0/1] - INFO - len(per_windows_prompt):1
2024-12-21 00:13:31,547 - [Process 0/1] - INFO - res.shape is :torch.Size([7])
2024-12-21 00:13:31,707 - [Process 0/1] - INFO - len(per_windows_prompt):1
2024-12-21 00:13:36,007 - [Process 0/1] - INFO - res.shape is :torch.Size([8])
2024-12-21 00:13:36,128 - [Process 0/1] - INFO - len(per_windows_prompt):1
2024-12-21 00:13:40,331 - [Process 0/1] - INFO - res.shape is :torch.Size([5])
2024-12-21 00:13:40,441 - [Process 0/1] - INFO - len(per_windows_prompt):1
2024-12-21 00:13:44,606 - [Process 0/1] - INFO - res.shape is :torch.Size([4])
2024-12-21 00:13:44,720 - [Process 0/1] - INFO - len(per_windows_prompt):1
2024-12-21 00:13:49,007 - [Process 0/1] - INFO - res.shape is :torch.Size([7])
2024-12-21 00:13:49,119 - [Process 0/1] - INFO - len(per_windows_prompt):1
2024-12-21 00:13:53,364 - [Process 0/1] - INFO - res.shape is :torch.Size([6])
2024-12-21 00:13:53,470 - [Process 0/1] - INFO - len(per_windows_prompt):1
2024-12-21 00:13:57,793 - [Process 0/1] - INFO - res.shape is :torch.Size([8])
2024-12-21 00:13:57,910 - [Process 0/1] - INFO - len(per_windows_prompt):1
2024-12-21 00:14:02,191 - [Process 0/1] - INFO - res.shape is :torch.Size([7])
2024-12-21 00:14:02,323 - [Process 0/1] - INFO - len(per_windows_prompt):1
2024-12-21 00:14:06,456 - [Process 0/1] - INFO - res.shape is :torch.Size([4])
2024-12-21 00:14:06,554 - [Process 0/1] - INFO - len(per_windows_prompt):1
2024-12-21 00:14:10,756 - [Process 0/1] - INFO - res.shape is :torch.Size([5])
2024-12-21 00:14:10,865 - [Process 0/1] - INFO - len(per_windows_prompt):1
2024-12-21 00:14:15,083 - [Process 0/1] - INFO - res.shape is :torch.Size([6])
2024-12-21 00:14:15,224 - [Process 0/1] - INFO - len(per_windows_prompt):1
2024-12-21 00:14:19,430 - [Process 0/1] - INFO - res.shape is :torch.Size([5])
2024-12-21 00:14:19,534 - [Process 0/1] - INFO - len(per_windows_prompt):1
2024-12-21 00:14:23,619 - [Process 0/1] - INFO - res.shape is :torch.Size([2])
2024-12-21 00:14:23,715 - [Process 0/1] - INFO - len(per_windows_prompt):1
2024-12-21 00:14:27,616 - [Process 0/1] - INFO - res.shape is :torch.Size([6])
2024-12-21 00:14:27,738 - [Process 0/1] - INFO - len(per_windows_prompt):1
2024-12-21 00:14:32,154 - [Process 0/1] - INFO - res.shape is :torch.Size([11])
2024-12-21 00:14:32,222 - [Process 0/1] - INFO - len(per_windows_prompt):1
2024-12-21 00:14:34,912 - [Process 0/1] - INFO - res.shape is :torch.Size([2])
2024-12-21 00:14:35,035 - [Process 0/1] - INFO - len(per_windows_prompt):1
2024-12-21 00:14:39,319 - [Process 0/1] - INFO - res.shape is :torch.Size([7])
2024-12-21 00:14:39,428 - [Process 0/1] - INFO - len(per_windows_prompt):1
2024-12-21 00:14:43,523 - [Process 0/1] - INFO - res.shape is :torch.Size([3])
2024-12-21 00:14:43,634 - [Process 0/1] - INFO - len(per_windows_prompt):1
2024-12-21 00:14:47,974 - [Process 0/1] - INFO - res.shape is :torch.Size([9])
2024-12-21 00:14:48,090 - [Process 0/1] - INFO - len(per_windows_prompt):1
2024-12-21 00:14:52,296 - [Process 0/1] - INFO - res.shape is :torch.Size([5])
2024-12-21 00:14:52,407 - [Process 0/1] - INFO - len(per_windows_prompt):1
2024-12-21 00:14:56,652 - [Process 0/1] - INFO - res.shape is :torch.Size([6])
2024-12-21 00:14:56,772 - [Process 0/1] - INFO - len(per_windows_prompt):1
2024-12-21 00:15:00,913 - [Process 0/1] - INFO - res.shape is :torch.Size([4])
2024-12-21 00:15:01,034 - [Process 0/1] - INFO - len(per_windows_prompt):1
2024-12-21 00:15:05,136 - [Process 0/1] - INFO - res.shape is :torch.Size([3])
2024-12-21 00:15:05,254 - [Process 0/1] - INFO - len(per_windows_prompt):1
2024-12-21 00:15:09,615 - [Process 0/1] - INFO - res.shape is :torch.Size([9])
2024-12-21 00:15:09,642 - [Process 0/1] - INFO - len(per_windows_prompt):1
2024-12-21 00:15:10,783 - [Process 0/1] - INFO - res.shape is :torch.Size([2])
2024-12-21 00:15:10,897 - [Process 0/1] - INFO - len(per_windows_prompt):1
2024-12-21 00:15:15,274 - [Process 0/1] - INFO - res.shape is :torch.Size([10])
2024-12-21 00:15:15,379 - [Process 0/1] - INFO - len(per_windows_prompt):1
2024-12-21 00:15:19,821 - [Process 0/1] - INFO - res.shape is :torch.Size([11])
2024-12-21 00:15:19,968 - [Process 0/1] - INFO - len(per_windows_prompt):1
2024-12-21 00:15:24,115 - [Process 0/1] - INFO - res.shape is :torch.Size([4])
2024-12-21 00:15:24,229 - [Process 0/1] - INFO - len(per_windows_prompt):1
2024-12-21 00:15:28,333 - [Process 0/1] - INFO - res.shape is :torch.Size([3])
2024-12-21 00:15:28,500 - [Process 0/1] - INFO - len(per_windows_prompt):1
2024-12-21 00:15:32,665 - [Process 0/1] - INFO - res.shape is :torch.Size([4])
2024-12-21 00:15:32,779 - [Process 0/1] - INFO - len(per_windows_prompt):1
2024-12-21 00:15:37,143 - [Process 0/1] - INFO - res.shape is :torch.Size([9])
2024-12-21 00:15:37,257 - [Process 0/1] - INFO - len(per_windows_prompt):1
2024-12-21 00:15:41,460 - [Process 0/1] - INFO - res.shape is :torch.Size([5])
2024-12-21 00:15:41,580 - [Process 0/1] - INFO - len(per_windows_prompt):1
2024-12-21 00:15:45,823 - [Process 0/1] - INFO - res.shape is :torch.Size([6])
2024-12-21 00:15:45,940 - [Process 0/1] - INFO - len(per_windows_prompt):1
2024-12-21 00:15:50,142 - [Process 0/1] - INFO - res.shape is :torch.Size([5])
2024-12-21 00:15:50,268 - [Process 0/1] - INFO - len(per_windows_prompt):1
2024-12-21 00:15:55,542 - [Process 0/1] - INFO - res.shape is :torch.Size([32])
2024-12-21 00:15:55,654 - [Process 0/1] - INFO - len(per_windows_prompt):1
2024-12-21 00:16:00,372 - [Process 0/1] - INFO - res.shape is :torch.Size([18])
2024-12-21 00:16:00,531 - [Process 0/1] - INFO - len(per_windows_prompt):1
2024-12-21 00:16:04,655 - [Process 0/1] - INFO - res.shape is :torch.Size([3])
2024-12-21 00:16:04,781 - [Process 0/1] - INFO - len(per_windows_prompt):1
2024-12-21 00:16:09,224 - [Process 0/1] - INFO - res.shape is :torch.Size([11])
2024-12-21 00:16:09,352 - [Process 0/1] - INFO - len(per_windows_prompt):1
2024-12-21 00:16:13,553 - [Process 0/1] - INFO - res.shape is :torch.Size([5])
2024-12-21 00:16:13,703 - [Process 0/1] - INFO - len(per_windows_prompt):1
2024-12-21 00:16:18,001 - [Process 0/1] - INFO - res.shape is :torch.Size([8])
2024-12-21 00:16:18,109 - [Process 0/1] - INFO - len(per_windows_prompt):1
2024-12-21 00:16:22,432 - [Process 0/1] - INFO - res.shape is :torch.Size([8])
2024-12-21 00:16:22,562 - [Process 0/1] - INFO - len(per_windows_prompt):1
2024-12-21 00:16:26,882 - [Process 0/1] - INFO - res.shape is :torch.Size([8])
2024-12-21 00:16:27,012 - [Process 0/1] - INFO - len(per_windows_prompt):1
2024-12-21 00:16:31,352 - [Process 0/1] - INFO - res.shape is :torch.Size([9])
2024-12-21 00:16:31,470 - [Process 0/1] - INFO - len(per_windows_prompt):1
2024-12-21 00:16:35,720 - [Process 0/1] - INFO - res.shape is :torch.Size([7])
2024-12-21 00:16:35,880 - [Process 0/1] - INFO - len(per_windows_prompt):1
2024-12-21 00:16:40,065 - [Process 0/1] - INFO - res.shape is :torch.Size([5])
2024-12-21 00:16:40,180 - [Process 0/1] - INFO - len(per_windows_prompt):1
2024-12-21 00:16:44,379 - [Process 0/1] - INFO - res.shape is :torch.Size([5])
2024-12-21 00:16:44,502 - [Process 0/1] - INFO - len(per_windows_prompt):1
2024-12-21 00:16:48,785 - [Process 0/1] - INFO - res.shape is :torch.Size([7])
2024-12-21 00:16:48,929 - [Process 0/1] - INFO - len(per_windows_prompt):1
2024-12-21 00:16:53,146 - [Process 0/1] - INFO - res.shape is :torch.Size([6])
2024-12-21 00:16:53,233 - [Process 0/1] - INFO - len(per_windows_prompt):1
2024-12-21 00:16:56,694 - [Process 0/1] - INFO - res.shape is :torch.Size([6])
2024-12-21 00:16:56,851 - [Process 0/1] - INFO - len(per_windows_prompt):1
2024-12-21 00:17:01,090 - [Process 0/1] - INFO - res.shape is :torch.Size([6])
2024-12-21 00:17:01,199 - [Process 0/1] - INFO - len(per_windows_prompt):1
2024-12-21 00:17:05,457 - [Process 0/1] - INFO - res.shape is :torch.Size([7])
2024-12-21 00:17:05,575 - [Process 0/1] - INFO - len(per_windows_prompt):1
2024-12-21 00:17:09,757 - [Process 0/1] - INFO - res.shape is :torch.Size([5])
2024-12-21 00:17:09,846 - [Process 0/1] - INFO - len(per_windows_prompt):1
2024-12-21 00:17:13,204 - [Process 0/1] - INFO - res.shape is :torch.Size([3])
2024-12-21 00:17:13,314 - [Process 0/1] - INFO - len(per_windows_prompt):1
2024-12-21 00:17:17,435 - [Process 0/1] - INFO - res.shape is :torch.Size([3])
2024-12-21 00:17:17,555 - [Process 0/1] - INFO - len(per_windows_prompt):1
2024-12-21 00:17:22,510 - [Process 0/1] - INFO - res.shape is :torch.Size([24])
2024-12-21 00:17:22,670 - [Process 0/1] - INFO - len(per_windows_prompt):1
2024-12-21 00:17:27,079 - [Process 0/1] - INFO - res.shape is :torch.Size([11])
2024-12-21 00:17:27,192 - [Process 0/1] - INFO - len(per_windows_prompt):1
2024-12-21 00:17:31,552 - [Process 0/1] - INFO - res.shape is :torch.Size([9])
2024-12-21 00:17:31,631 - [Process 0/1] - INFO - len(per_windows_prompt):1
2024-12-21 00:17:34,789 - [Process 0/1] - INFO - res.shape is :torch.Size([5])
2024-12-21 00:17:34,899 - [Process 0/1] - INFO - len(per_windows_prompt):1
2024-12-21 00:17:39,243 - [Process 0/1] - INFO - res.shape is :torch.Size([9])
2024-12-21 00:17:39,357 - [Process 0/1] - INFO - len(per_windows_prompt):1
2024-12-21 00:17:43,637 - [Process 0/1] - INFO - res.shape is :torch.Size([7])
2024-12-21 00:17:43,745 - [Process 0/1] - INFO - len(per_windows_prompt):1
2024-12-21 00:17:48,066 - [Process 0/1] - INFO - res.shape is :torch.Size([8])
2024-12-21 00:17:48,182 - [Process 0/1] - INFO - len(per_windows_prompt):1
2024-12-21 00:17:52,423 - [Process 0/1] - INFO - res.shape is :torch.Size([6])
2024-12-21 00:17:52,527 - [Process 0/1] - INFO - len(per_windows_prompt):1
2024-12-21 00:17:56,981 - [Process 0/1] - INFO - res.shape is :torch.Size([12])
2024-12-21 00:17:57,097 - [Process 0/1] - INFO - len(per_windows_prompt):1
2024-12-21 00:18:01,379 - [Process 0/1] - INFO - res.shape is :torch.Size([7])
2024-12-21 00:18:01,507 - [Process 0/1] - INFO - len(per_windows_prompt):1
2024-12-21 00:18:05,630 - [Process 0/1] - INFO - res.shape is :torch.Size([3])
2024-12-21 00:18:05,746 - [Process 0/1] - INFO - len(per_windows_prompt):1
2024-12-21 00:18:10,205 - [Process 0/1] - INFO - res.shape is :torch.Size([12])
2024-12-21 00:18:10,342 - [Process 0/1] - INFO - len(per_windows_prompt):1
2024-12-21 00:18:14,543 - [Process 0/1] - INFO - res.shape is :torch.Size([5])
2024-12-21 00:18:14,653 - [Process 0/1] - INFO - len(per_windows_prompt):1
2024-12-21 00:18:18,933 - [Process 0/1] - INFO - res.shape is :torch.Size([7])
2024-12-21 00:18:19,058 - [Process 0/1] - INFO - len(per_windows_prompt):1
2024-12-21 00:18:23,313 - [Process 0/1] - INFO - res.shape is :torch.Size([7])
2024-12-21 00:18:23,372 - [Process 0/1] - INFO - len(per_windows_prompt):1
2024-12-21 00:18:26,048 - [Process 0/1] - INFO - res.shape is :torch.Size([8])
2024-12-21 00:18:26,103 - [Process 0/1] - INFO - len(per_windows_prompt):1
2024-12-21 00:18:28,267 - [Process 0/1] - INFO - res.shape is :torch.Size([2])
2024-12-21 00:18:28,374 - [Process 0/1] - INFO - len(per_windows_prompt):1
2024-12-21 00:18:32,535 - [Process 0/1] - INFO - res.shape is :torch.Size([4])
2024-12-21 00:18:32,647 - [Process 0/1] - INFO - len(per_windows_prompt):1
2024-12-21 00:18:36,926 - [Process 0/1] - INFO - res.shape is :torch.Size([7])
2024-12-21 00:18:37,037 - [Process 0/1] - INFO - len(per_windows_prompt):1
2024-12-21 00:18:41,175 - [Process 0/1] - INFO - res.shape is :torch.Size([4])
2024-12-21 00:18:41,294 - [Process 0/1] - INFO - len(per_windows_prompt):1
2024-12-21 00:18:45,454 - [Process 0/1] - INFO - res.shape is :torch.Size([4])
2024-12-21 00:18:45,581 - [Process 0/1] - INFO - len(per_windows_prompt):1
2024-12-21 00:18:49,863 - [Process 0/1] - INFO - res.shape is :torch.Size([7])
2024-12-21 00:18:49,983 - [Process 0/1] - INFO - len(per_windows_prompt):1
2024-12-21 00:18:54,264 - [Process 0/1] - INFO - res.shape is :torch.Size([7])
2024-12-21 00:18:54,421 - [Process 0/1] - INFO - len(per_windows_prompt):1
2024-12-21 00:18:58,743 - [Process 0/1] - INFO - res.shape is :torch.Size([8])
2024-12-21 00:18:58,851 - [Process 0/1] - INFO - len(per_windows_prompt):1
2024-12-21 00:19:03,168 - [Process 0/1] - INFO - res.shape is :torch.Size([8])
2024-12-21 00:19:03,285 - [Process 0/1] - INFO - len(per_windows_prompt):1
2024-12-21 00:19:07,466 - [Process 0/1] - INFO - res.shape is :torch.Size([5])
2024-12-21 00:19:07,580 - [Process 0/1] - INFO - len(per_windows_prompt):1
2024-12-21 00:19:12,499 - [Process 0/1] - INFO - res.shape is :torch.Size([23])
2024-12-21 00:19:12,653 - [Process 0/1] - INFO - len(per_windows_prompt):1
2024-12-21 00:19:16,853 - [Process 0/1] - INFO - res.shape is :torch.Size([5])
2024-12-21 00:19:16,966 - [Process 0/1] - INFO - len(per_windows_prompt):1
2024-12-21 00:19:21,681 - [Process 0/1] - INFO - res.shape is :torch.Size([18])
2024-12-21 00:19:21,796 - [Process 0/1] - INFO - len(per_windows_prompt):1
2024-12-21 00:19:26,153 - [Process 0/1] - INFO - res.shape is :torch.Size([9])
2024-12-21 00:19:26,264 - [Process 0/1] - INFO - len(per_windows_prompt):1
2024-12-21 00:19:30,425 - [Process 0/1] - INFO - res.shape is :torch.Size([4])
2024-12-21 00:19:30,529 - [Process 0/1] - INFO - len(per_windows_prompt):1
2024-12-21 00:19:34,769 - [Process 0/1] - INFO - res.shape is :torch.Size([6])
2024-12-21 00:19:34,886 - [Process 0/1] - INFO - len(per_windows_prompt):1
2024-12-21 00:19:38,972 - [Process 0/1] - INFO - res.shape is :torch.Size([2])
2024-12-21 00:19:39,091 - [Process 0/1] - INFO - len(per_windows_prompt):1
2024-12-21 00:19:43,348 - [Process 0/1] - INFO - res.shape is :torch.Size([7])
2024-12-21 00:19:43,494 - [Process 0/1] - INFO - len(per_windows_prompt):1
2024-12-21 00:19:47,946 - [Process 0/1] - INFO - res.shape is :torch.Size([12])
2024-12-21 00:19:48,065 - [Process 0/1] - INFO - len(per_windows_prompt):1
2024-12-21 00:19:52,386 - [Process 0/1] - INFO - res.shape is :torch.Size([8])
2024-12-21 00:19:52,499 - [Process 0/1] - INFO - len(per_windows_prompt):1
2024-12-21 00:19:56,698 - [Process 0/1] - INFO - res.shape is :torch.Size([5])
2024-12-21 00:19:56,812 - [Process 0/1] - INFO - len(per_windows_prompt):1
2024-12-21 00:20:01,339 - [Process 0/1] - INFO - res.shape is :torch.Size([14])
2024-12-21 00:20:01,463 - [Process 0/1] - INFO - len(per_windows_prompt):1
2024-12-21 00:20:05,879 - [Process 0/1] - INFO - res.shape is :torch.Size([11])
2024-12-21 00:20:06,020 - [Process 0/1] - INFO - len(per_windows_prompt):1
2024-12-21 00:20:10,144 - [Process 0/1] - INFO - res.shape is :torch.Size([3])
2024-12-21 00:20:10,254 - [Process 0/1] - INFO - len(per_windows_prompt):1
2024-12-21 00:20:14,497 - [Process 0/1] - INFO - res.shape is :torch.Size([6])
2024-12-21 00:20:14,613 - [Process 0/1] - INFO - len(per_windows_prompt):1
2024-12-21 00:20:18,831 - [Process 0/1] - INFO - res.shape is :torch.Size([6])
2024-12-21 00:20:18,963 - [Process 0/1] - INFO - len(per_windows_prompt):1
2024-12-21 00:20:23,087 - [Process 0/1] - INFO - res.shape is :torch.Size([3])
2024-12-21 00:20:23,198 - [Process 0/1] - INFO - len(per_windows_prompt):1
2024-12-21 00:20:27,638 - [Process 0/1] - INFO - res.shape is :torch.Size([11])
2024-12-21 00:20:27,746 - [Process 0/1] - INFO - len(per_windows_prompt):1
2024-12-21 00:20:32,744 - [Process 0/1] - INFO - res.shape is :torch.Size([25])
2024-12-21 00:20:32,908 - [Process 0/1] - INFO - len(per_windows_prompt):1
2024-12-21 00:20:36,989 - [Process 0/1] - INFO - res.shape is :torch.Size([2])
2024-12-21 00:20:37,103 - [Process 0/1] - INFO - len(per_windows_prompt):1
2024-12-21 00:20:41,514 - [Process 0/1] - INFO - res.shape is :torch.Size([11])
2024-12-21 00:20:41,623 - [Process 0/1] - INFO - len(per_windows_prompt):1
2024-12-21 00:20:45,863 - [Process 0/1] - INFO - res.shape is :torch.Size([6])
2024-12-21 00:20:46,014 - [Process 0/1] - INFO - len(per_windows_prompt):1
2024-12-21 00:20:50,256 - [Process 0/1] - INFO - res.shape is :torch.Size([6])
2024-12-21 00:20:50,372 - [Process 0/1] - INFO - len(per_windows_prompt):1
2024-12-21 00:20:54,780 - [Process 0/1] - INFO - res.shape is :torch.Size([11])
2024-12-21 00:20:54,933 - [Process 0/1] - INFO - len(per_windows_prompt):1
2024-12-21 00:20:59,194 - [Process 0/1] - INFO - res.shape is :torch.Size([7])
2024-12-21 00:20:59,335 - [Process 0/1] - INFO - len(per_windows_prompt):1
2024-12-21 00:21:03,494 - [Process 0/1] - INFO - res.shape is :torch.Size([4])
2024-12-21 00:21:03,613 - [Process 0/1] - INFO - len(per_windows_prompt):1
2024-12-21 00:21:07,932 - [Process 0/1] - INFO - res.shape is :torch.Size([8])
2024-12-21 00:21:08,056 - [Process 0/1] - INFO - len(per_windows_prompt):1
2024-12-21 00:21:12,274 - [Process 0/1] - INFO - res.shape is :torch.Size([6])
2024-12-21 00:21:12,443 - [Process 0/1] - INFO - len(per_windows_prompt):1
2024-12-21 00:21:16,694 - [Process 0/1] - INFO - res.shape is :torch.Size([7])
2024-12-21 00:21:16,808 - [Process 0/1] - INFO - len(per_windows_prompt):1
2024-12-21 00:21:21,028 - [Process 0/1] - INFO - res.shape is :torch.Size([6])
2024-12-21 00:21:21,157 - [Process 0/1] - INFO - len(per_windows_prompt):1
2024-12-21 00:21:25,472 - [Process 0/1] - INFO - res.shape is :torch.Size([8])
2024-12-21 00:21:25,627 - [Process 0/1] - INFO - len(per_windows_prompt):1
2024-12-21 00:21:29,924 - [Process 0/1] - INFO - res.shape is :torch.Size([8])
2024-12-21 00:21:30,031 - [Process 0/1] - INFO - len(per_windows_prompt):1
2024-12-21 00:21:34,225 - [Process 0/1] - INFO - res.shape is :torch.Size([5])
2024-12-21 00:21:34,360 - [Process 0/1] - INFO - len(per_windows_prompt):1
2024-12-21 00:21:38,679 - [Process 0/1] - INFO - res.shape is :torch.Size([8])
2024-12-21 00:21:38,795 - [Process 0/1] - INFO - len(per_windows_prompt):1
2024-12-21 00:21:42,875 - [Process 0/1] - INFO - res.shape is :torch.Size([2])
2024-12-21 00:21:42,984 - [Process 0/1] - INFO - len(per_windows_prompt):1
2024-12-21 00:21:48,231 - [Process 0/1] - INFO - res.shape is :torch.Size([32])
2024-12-21 00:21:48,349 - [Process 0/1] - INFO - len(per_windows_prompt):1
2024-12-21 00:21:52,913 - [Process 0/1] - INFO - res.shape is :torch.Size([15])
2024-12-21 00:21:53,020 - [Process 0/1] - INFO - len(per_windows_prompt):1
2024-12-21 00:21:58,287 - [Process 0/1] - INFO - res.shape is :torch.Size([32])
2024-12-21 00:21:58,395 - [Process 0/1] - INFO - len(per_windows_prompt):1
2024-12-21 00:22:02,674 - [Process 0/1] - INFO - res.shape is :torch.Size([7])
2024-12-21 00:22:02,813 - [Process 0/1] - INFO - len(per_windows_prompt):1
2024-12-21 00:22:07,129 - [Process 0/1] - INFO - res.shape is :torch.Size([8])
2024-12-21 00:22:07,239 - [Process 0/1] - INFO - len(per_windows_prompt):1
2024-12-21 00:22:11,555 - [Process 0/1] - INFO - res.shape is :torch.Size([8])
2024-12-21 00:22:11,668 - [Process 0/1] - INFO - len(per_windows_prompt):1
2024-12-21 00:22:16,920 - [Process 0/1] - INFO - res.shape is :torch.Size([32])
2024-12-21 00:22:17,041 - [Process 0/1] - INFO - len(per_windows_prompt):1
2024-12-21 00:22:21,135 - [Process 0/1] - INFO - res.shape is :torch.Size([3])
2024-12-21 00:22:21,289 - [Process 0/1] - INFO - len(per_windows_prompt):1
2024-12-21 00:22:25,604 - [Process 0/1] - INFO - res.shape is :torch.Size([8])
2024-12-21 00:22:25,720 - [Process 0/1] - INFO - len(per_windows_prompt):1
2024-12-21 00:22:30,131 - [Process 0/1] - INFO - res.shape is :torch.Size([11])
2024-12-21 00:22:30,280 - [Process 0/1] - INFO - len(per_windows_prompt):1
2024-12-21 00:22:34,608 - [Process 0/1] - INFO - res.shape is :torch.Size([9])
2024-12-21 00:22:34,736 - [Process 0/1] - INFO - len(per_windows_prompt):1
2024-12-21 00:22:39,683 - [Process 0/1] - INFO - res.shape is :torch.Size([24])
2024-12-21 00:22:39,833 - [Process 0/1] - INFO - len(per_windows_prompt):1
2024-12-21 00:22:44,268 - [Process 0/1] - INFO - res.shape is :torch.Size([11])
2024-12-21 00:22:44,411 - [Process 0/1] - INFO - len(per_windows_prompt):1
2024-12-21 00:22:49,306 - [Process 0/1] - INFO - res.shape is :torch.Size([23])
2024-12-21 00:22:49,419 - [Process 0/1] - INFO - len(per_windows_prompt):1
2024-12-21 00:22:53,572 - [Process 0/1] - INFO - res.shape is :torch.Size([4])
2024-12-21 00:22:53,684 - [Process 0/1] - INFO - len(per_windows_prompt):1
2024-12-21 00:22:57,858 - [Process 0/1] - INFO - res.shape is :torch.Size([5])
2024-12-21 00:22:57,972 - [Process 0/1] - INFO - len(per_windows_prompt):1
2024-12-21 00:23:02,416 - [Process 0/1] - INFO - res.shape is :torch.Size([12])
2024-12-21 00:23:02,536 - [Process 0/1] - INFO - len(per_windows_prompt):1
2024-12-21 00:23:07,790 - [Process 0/1] - INFO - res.shape is :torch.Size([32])
2024-12-21 00:23:07,901 - [Process 0/1] - INFO - len(per_windows_prompt):1
2024-12-21 00:23:12,237 - [Process 0/1] - INFO - res.shape is :torch.Size([9])
2024-12-21 00:23:12,357 - [Process 0/1] - INFO - len(per_windows_prompt):1
2024-12-21 00:23:16,549 - [Process 0/1] - INFO - res.shape is :torch.Size([5])
2024-12-21 00:23:16,671 - [Process 0/1] - INFO - len(per_windows_prompt):1
2024-12-21 00:23:20,745 - [Process 0/1] - INFO - res.shape is :torch.Size([2])
2024-12-21 00:23:20,856 - [Process 0/1] - INFO - len(per_windows_prompt):1
2024-12-21 00:23:25,211 - [Process 0/1] - INFO - res.shape is :torch.Size([9])
2024-12-21 00:23:25,304 - [Process 0/1] - INFO - len(per_windows_prompt):1
2024-12-21 00:23:29,002 - [Process 0/1] - INFO - res.shape is :torch.Size([5])
2024-12-21 00:23:29,116 - [Process 0/1] - INFO - len(per_windows_prompt):1
2024-12-21 00:23:33,430 - [Process 0/1] - INFO - res.shape is :torch.Size([8])
2024-12-21 00:23:33,469 - [Process 0/1] - INFO - len(per_windows_prompt):1
2024-12-21 00:23:34,979 - [Process 0/1] - INFO - res.shape is :torch.Size([2])
2024-12-21 00:23:35,145 - [Process 0/1] - INFO - len(per_windows_prompt):1
2024-12-21 00:23:39,496 - [Process 0/1] - INFO - res.shape is :torch.Size([9])
2024-12-21 00:23:39,623 - [Process 0/1] - INFO - len(per_windows_prompt):1
2024-12-21 00:23:43,780 - [Process 0/1] - INFO - res.shape is :torch.Size([5])
2024-12-21 00:23:43,814 - [Process 0/1] - INFO - len(per_windows_prompt):1
2024-12-21 00:23:45,156 - [Process 0/1] - INFO - res.shape is :torch.Size([2])
2024-12-21 00:23:45,324 - [Process 0/1] - INFO - len(per_windows_prompt):1
2024-12-21 00:23:49,370 - [Process 0/1] - INFO - res.shape is :torch.Size([2])
2024-12-21 00:23:49,487 - [Process 0/1] - INFO - len(per_windows_prompt):1
2024-12-21 00:23:53,725 - [Process 0/1] - INFO - res.shape is :torch.Size([6])
2024-12-21 00:23:53,837 - [Process 0/1] - INFO - len(per_windows_prompt):1
2024-12-21 00:23:58,506 - [Process 0/1] - INFO - res.shape is :torch.Size([17])
2024-12-21 00:23:58,624 - [Process 0/1] - INFO - len(per_windows_prompt):1
2024-12-21 00:24:02,799 - [Process 0/1] - INFO - res.shape is :torch.Size([5])
2024-12-21 00:24:02,945 - [Process 0/1] - INFO - len(per_windows_prompt):1
2024-12-21 00:24:07,182 - [Process 0/1] - INFO - res.shape is :torch.Size([6])
2024-12-21 00:24:07,291 - [Process 0/1] - INFO - len(per_windows_prompt):1
2024-12-21 00:24:11,567 - [Process 0/1] - INFO - res.shape is :torch.Size([7])
2024-12-21 00:24:11,677 - [Process 0/1] - INFO - len(per_windows_prompt):1
2024-12-21 00:24:15,795 - [Process 0/1] - INFO - res.shape is :torch.Size([3])
2024-12-21 00:24:15,909 - [Process 0/1] - INFO - len(per_windows_prompt):1
2024-12-21 00:24:20,141 - [Process 0/1] - INFO - res.shape is :torch.Size([6])
