2024-12-21 14:28:29,130 - [Process 3/5] - INFO - loading datasets finished
2024-12-21 14:28:29,130 - [Process 3/5] - INFO - model_max_len: 3950
2024-12-21 14:28:29,130 - [Process 3/5] - INFO - output_max_len: 32
2024-12-21 14:28:29,176 - [Process 3/5] - INFO - Max Length is 12697
2024-12-21 14:28:29,177 - [Process 3/5] - INFO - Finish loading dataset
2024-12-21 14:28:29,177 - [Process 3/5] - INFO - get_predicted begin
2024-12-21 14:28:33,910 - [Process 3/5] - INFO - len(per_windows_prompt):2
2024-12-21 14:28:38,296 - [Process 3/5] - INFO - res.shape is :torch.Size([3])
2024-12-21 14:28:38,418 - [Process 3/5] - INFO - len(per_windows_prompt):2
2024-12-21 14:28:42,334 - [Process 3/5] - INFO - res.shape is :torch.Size([4])
2024-12-21 14:28:42,506 - [Process 3/5] - INFO - len(per_windows_prompt):2
2024-12-21 14:28:46,506 - [Process 3/5] - INFO - res.shape is :torch.Size([6])
2024-12-21 14:28:46,668 - [Process 3/5] - INFO - len(per_windows_prompt):2
2024-12-21 14:28:50,656 - [Process 3/5] - INFO - res.shape is :torch.Size([10])
2024-12-21 14:28:50,823 - [Process 3/5] - INFO - len(per_windows_prompt):2
2024-12-21 14:28:54,779 - [Process 3/5] - INFO - res.shape is :torch.Size([6])
2024-12-21 14:28:54,923 - [Process 3/5] - INFO - len(per_windows_prompt):2
2024-12-21 14:28:58,776 - [Process 3/5] - INFO - res.shape is :torch.Size([3])
2024-12-21 14:28:58,888 - [Process 3/5] - INFO - len(per_windows_prompt):2
2024-12-21 14:29:02,752 - [Process 3/5] - INFO - res.shape is :torch.Size([4])
2024-12-21 14:29:02,877 - [Process 3/5] - INFO - len(per_windows_prompt):2
2024-12-21 14:29:06,736 - [Process 3/5] - INFO - res.shape is :torch.Size([4])
2024-12-21 14:29:06,912 - [Process 3/5] - INFO - len(per_windows_prompt):2
2024-12-21 14:29:10,768 - [Process 3/5] - INFO - res.shape is :torch.Size([3])
2024-12-21 14:29:10,823 - [Process 3/5] - INFO - len(per_windows_prompt):2
2024-12-21 14:29:13,046 - [Process 3/5] - INFO - res.shape is :torch.Size([5])
2024-12-21 14:29:13,204 - [Process 3/5] - INFO - len(per_windows_prompt):2
2024-12-21 14:29:17,561 - [Process 3/5] - INFO - res.shape is :torch.Size([14])
2024-12-21 14:29:17,706 - [Process 3/5] - INFO - len(per_windows_prompt):2
2024-12-21 14:29:21,585 - [Process 3/5] - INFO - res.shape is :torch.Size([2])
2024-12-21 14:29:21,750 - [Process 3/5] - INFO - len(per_windows_prompt):2
2024-12-21 14:29:25,567 - [Process 3/5] - INFO - res.shape is :torch.Size([3])
2024-12-21 14:29:25,698 - [Process 3/5] - INFO - len(per_windows_prompt):2
2024-12-21 14:29:29,638 - [Process 3/5] - INFO - res.shape is :torch.Size([6])
2024-12-21 14:29:29,806 - [Process 3/5] - INFO - len(per_windows_prompt):2
2024-12-21 14:29:33,757 - [Process 3/5] - INFO - res.shape is :torch.Size([6])
2024-12-21 14:29:33,900 - [Process 3/5] - INFO - len(per_windows_prompt):2
2024-12-21 14:29:37,817 - [Process 3/5] - INFO - res.shape is :torch.Size([4])
2024-12-21 14:29:37,935 - [Process 3/5] - INFO - len(per_windows_prompt):2
2024-12-21 14:29:41,889 - [Process 3/5] - INFO - res.shape is :torch.Size([5])
2024-12-21 14:29:42,065 - [Process 3/5] - INFO - len(per_windows_prompt):2
2024-12-21 14:29:46,056 - [Process 3/5] - INFO - res.shape is :torch.Size([4])
2024-12-21 14:29:46,229 - [Process 3/5] - INFO - len(per_windows_prompt):2
2024-12-21 14:29:50,165 - [Process 3/5] - INFO - res.shape is :torch.Size([3])
2024-12-21 14:29:50,334 - [Process 3/5] - INFO - len(per_windows_prompt):2
2024-12-21 14:29:54,250 - [Process 3/5] - INFO - res.shape is :torch.Size([4])
2024-12-21 14:29:54,394 - [Process 3/5] - INFO - len(per_windows_prompt):2
2024-12-21 14:29:58,754 - [Process 3/5] - INFO - res.shape is :torch.Size([15])
2024-12-21 14:29:58,918 - [Process 3/5] - INFO - len(per_windows_prompt):2
2024-12-21 14:30:02,626 - [Process 3/5] - INFO - res.shape is :torch.Size([2])
2024-12-21 14:30:02,801 - [Process 3/5] - INFO - len(per_windows_prompt):2
2024-12-21 14:30:06,625 - [Process 3/5] - INFO - res.shape is :torch.Size([3])
2024-12-21 14:30:06,793 - [Process 3/5] - INFO - len(per_windows_prompt):2
2024-12-21 14:30:10,715 - [Process 3/5] - INFO - res.shape is :torch.Size([4])
2024-12-21 14:30:10,891 - [Process 3/5] - INFO - len(per_windows_prompt):2
2024-12-21 14:30:14,762 - [Process 3/5] - INFO - res.shape is :torch.Size([4])
2024-12-21 14:30:14,930 - [Process 3/5] - INFO - len(per_windows_prompt):2
2024-12-21 14:30:18,865 - [Process 3/5] - INFO - res.shape is :torch.Size([5])
2024-12-21 14:30:19,035 - [Process 3/5] - INFO - len(per_windows_prompt):2
2024-12-21 14:30:22,874 - [Process 3/5] - INFO - res.shape is :torch.Size([2])
2024-12-21 14:30:23,029 - [Process 3/5] - INFO - len(per_windows_prompt):2
2024-12-21 14:30:27,094 - [Process 3/5] - INFO - res.shape is :torch.Size([6])
2024-12-21 14:30:27,233 - [Process 3/5] - INFO - len(per_windows_prompt):2
2024-12-21 14:30:31,263 - [Process 3/5] - INFO - res.shape is :torch.Size([8])
2024-12-21 14:30:31,429 - [Process 3/5] - INFO - len(per_windows_prompt):2
2024-12-21 14:30:35,407 - [Process 3/5] - INFO - res.shape is :torch.Size([6])
2024-12-21 14:30:35,566 - [Process 3/5] - INFO - len(per_windows_prompt):2
2024-12-21 14:30:39,270 - [Process 3/5] - INFO - res.shape is :torch.Size([2])
2024-12-21 14:30:39,437 - [Process 3/5] - INFO - len(per_windows_prompt):2
2024-12-21 14:30:43,428 - [Process 3/5] - INFO - res.shape is :torch.Size([4])
2024-12-21 14:30:43,593 - [Process 3/5] - INFO - len(per_windows_prompt):2
2024-12-21 14:30:47,547 - [Process 3/5] - INFO - res.shape is :torch.Size([5])
2024-12-21 14:30:47,694 - [Process 3/5] - INFO - len(per_windows_prompt):2
2024-12-21 14:30:51,612 - [Process 3/5] - INFO - res.shape is :torch.Size([4])
2024-12-21 14:30:51,730 - [Process 3/5] - INFO - len(per_windows_prompt):2
2024-12-21 14:30:55,577 - [Process 3/5] - INFO - res.shape is :torch.Size([2])
2024-12-21 14:30:55,693 - [Process 3/5] - INFO - len(per_windows_prompt):2
2024-12-21 14:30:59,720 - [Process 3/5] - INFO - res.shape is :torch.Size([5])
2024-12-21 14:30:59,893 - [Process 3/5] - INFO - len(per_windows_prompt):2
2024-12-21 14:31:03,964 - [Process 3/5] - INFO - res.shape is :torch.Size([9])
2024-12-21 14:31:04,132 - [Process 3/5] - INFO - len(per_windows_prompt):2
2024-12-21 14:31:08,096 - [Process 3/5] - INFO - res.shape is :torch.Size([5])
2024-12-21 14:31:08,237 - [Process 3/5] - INFO - len(per_windows_prompt):2
2024-12-21 14:31:12,090 - [Process 3/5] - INFO - res.shape is :torch.Size([3])
2024-12-21 14:31:12,222 - [Process 3/5] - INFO - len(per_windows_prompt):2
2024-12-21 14:31:16,151 - [Process 3/5] - INFO - res.shape is :torch.Size([4])
