2024-12-21 13:37:59,983 - [Process 3/5] - INFO - loading datasets finished
2024-12-21 13:37:59,983 - [Process 3/5] - INFO - model_max_len: 3950
2024-12-21 13:37:59,983 - [Process 3/5] - INFO - output_max_len: 512
2024-12-21 13:38:00,032 - [Process 3/5] - INFO - Max Length is 24585
2024-12-21 13:38:00,033 - [Process 3/5] - INFO - Finish loading dataset
2024-12-21 13:38:00,033 - [Process 3/5] - INFO - get_predicted begin
2024-12-21 13:38:04,835 - [Process 3/5] - INFO - len(per_windows_prompt):1
2024-12-21 13:38:14,385 - [Process 3/5] - INFO - res.shape is :torch.Size([111])
2024-12-21 13:38:14,626 - [Process 3/5] - INFO - len(per_windows_prompt):1
2024-12-21 13:38:23,172 - [Process 3/5] - INFO - res.shape is :torch.Size([107])
2024-12-21 13:38:23,423 - [Process 3/5] - INFO - len(per_windows_prompt):1
2024-12-21 13:38:31,911 - [Process 3/5] - INFO - res.shape is :torch.Size([105])
2024-12-21 13:38:32,270 - [Process 3/5] - INFO - len(per_windows_prompt):1
2024-12-21 13:38:41,922 - [Process 3/5] - INFO - res.shape is :torch.Size([135])
2024-12-21 13:38:42,165 - [Process 3/5] - INFO - len(per_windows_prompt):1
2024-12-21 13:38:53,666 - [Process 3/5] - INFO - res.shape is :torch.Size([173])
2024-12-21 13:38:53,962 - [Process 3/5] - INFO - len(per_windows_prompt):1
2024-12-21 13:39:04,274 - [Process 3/5] - INFO - res.shape is :torch.Size([146])
2024-12-21 13:39:04,469 - [Process 3/5] - INFO - len(per_windows_prompt):1
2024-12-21 13:39:10,377 - [Process 3/5] - INFO - res.shape is :torch.Size([45])
2024-12-21 13:39:10,663 - [Process 3/5] - INFO - len(per_windows_prompt):1
2024-12-21 13:39:15,996 - [Process 3/5] - INFO - res.shape is :torch.Size([34])
2024-12-21 13:39:16,218 - [Process 3/5] - INFO - len(per_windows_prompt):1
2024-12-21 13:39:23,409 - [Process 3/5] - INFO - res.shape is :torch.Size([79])
2024-12-21 13:39:23,679 - [Process 3/5] - INFO - len(per_windows_prompt):1
2024-12-21 13:39:30,367 - [Process 3/5] - INFO - res.shape is :torch.Size([67])
2024-12-21 13:39:30,607 - [Process 3/5] - INFO - len(per_windows_prompt):1
2024-12-21 13:39:38,930 - [Process 3/5] - INFO - res.shape is :torch.Size([105])
2024-12-21 13:39:39,132 - [Process 3/5] - INFO - len(per_windows_prompt):1
2024-12-21 13:39:48,800 - [Process 3/5] - INFO - res.shape is :torch.Size([135])
2024-12-21 13:39:49,019 - [Process 3/5] - INFO - len(per_windows_prompt):1
2024-12-21 13:39:55,828 - [Process 3/5] - INFO - res.shape is :torch.Size([67])
2024-12-21 13:39:56,260 - [Process 3/5] - INFO - len(per_windows_prompt):1
2024-12-21 13:40:02,955 - [Process 3/5] - INFO - res.shape is :torch.Size([67])
2024-12-21 13:40:03,179 - [Process 3/5] - INFO - len(per_windows_prompt):1
2024-12-21 13:40:11,540 - [Process 3/5] - INFO - res.shape is :torch.Size([106])
2024-12-21 13:40:11,968 - [Process 3/5] - INFO - len(per_windows_prompt):1
2024-12-21 13:40:21,167 - [Process 3/5] - INFO - res.shape is :torch.Size([120])
2024-12-21 13:40:21,456 - [Process 3/5] - INFO - len(per_windows_prompt):1
2024-12-21 13:40:29,040 - [Process 3/5] - INFO - res.shape is :torch.Size([88])
2024-12-21 13:40:29,282 - [Process 3/5] - INFO - len(per_windows_prompt):1
2024-12-21 13:40:36,988 - [Process 3/5] - INFO - res.shape is :torch.Size([91])
2024-12-21 13:40:37,263 - [Process 3/5] - INFO - len(per_windows_prompt):1
2024-12-21 13:40:45,514 - [Process 3/5] - INFO - res.shape is :torch.Size([101])
2024-12-21 13:40:45,754 - [Process 3/5] - INFO - len(per_windows_prompt):1
2024-12-21 13:40:54,249 - [Process 3/5] - INFO - res.shape is :torch.Size([109])
2024-12-21 13:40:54,536 - [Process 3/5] - INFO - len(per_windows_prompt):1
2024-12-21 13:41:02,999 - [Process 3/5] - INFO - res.shape is :torch.Size([101])
2024-12-21 13:41:03,267 - [Process 3/5] - INFO - len(per_windows_prompt):1
2024-12-21 13:41:13,483 - [Process 3/5] - INFO - res.shape is :torch.Size([144])
2024-12-21 13:41:13,763 - [Process 3/5] - INFO - len(per_windows_prompt):1
2024-12-21 13:41:19,728 - [Process 3/5] - INFO - res.shape is :torch.Size([46])
2024-12-21 13:41:19,997 - [Process 3/5] - INFO - len(per_windows_prompt):1
2024-12-21 13:41:27,223 - [Process 3/5] - INFO - res.shape is :torch.Size([78])
2024-12-21 13:41:27,476 - [Process 3/5] - INFO - len(per_windows_prompt):1
2024-12-21 13:41:35,381 - [Process 3/5] - INFO - res.shape is :torch.Size([95])
2024-12-21 13:41:35,724 - [Process 3/5] - INFO - len(per_windows_prompt):1
2024-12-21 13:41:43,308 - [Process 3/5] - INFO - res.shape is :torch.Size([88])
2024-12-21 13:41:43,666 - [Process 3/5] - INFO - len(per_windows_prompt):1
2024-12-21 13:41:52,709 - [Process 3/5] - INFO - res.shape is :torch.Size([121])
2024-12-21 13:41:52,958 - [Process 3/5] - INFO - len(per_windows_prompt):1
2024-12-21 13:41:59,239 - [Process 3/5] - INFO - res.shape is :torch.Size([53])
2024-12-21 13:41:59,519 - [Process 3/5] - INFO - len(per_windows_prompt):1
2024-12-21 13:42:06,848 - [Process 3/5] - INFO - res.shape is :torch.Size([76])
2024-12-21 13:42:07,062 - [Process 3/5] - INFO - len(per_windows_prompt):1
2024-12-21 13:42:16,274 - [Process 3/5] - INFO - res.shape is :torch.Size([121])
2024-12-21 13:42:16,515 - [Process 3/5] - INFO - len(per_windows_prompt):1
2024-12-21 13:42:23,470 - [Process 3/5] - INFO - res.shape is :torch.Size([72])
2024-12-21 13:42:23,730 - [Process 3/5] - INFO - len(per_windows_prompt):1
2024-12-21 13:42:31,903 - [Process 3/5] - INFO - res.shape is :torch.Size([96])
2024-12-21 13:42:32,096 - [Process 3/5] - INFO - len(per_windows_prompt):1
2024-12-21 13:42:37,842 - [Process 3/5] - INFO - res.shape is :torch.Size([41])
2024-12-21 13:42:38,058 - [Process 3/5] - INFO - len(per_windows_prompt):1
2024-12-21 13:42:46,846 - [Process 3/5] - INFO - res.shape is :torch.Size([113])
2024-12-21 13:42:47,086 - [Process 3/5] - INFO - len(per_windows_prompt):1
2024-12-21 13:42:55,387 - [Process 3/5] - INFO - res.shape is :torch.Size([102])
2024-12-21 13:42:55,747 - [Process 3/5] - INFO - len(per_windows_prompt):1
2024-12-21 13:43:05,204 - [Process 3/5] - INFO - res.shape is :torch.Size([130])
2024-12-21 13:43:05,415 - [Process 3/5] - INFO - len(per_windows_prompt):1
2024-12-21 13:43:12,651 - [Process 3/5] - INFO - res.shape is :torch.Size([79])
2024-12-21 13:43:12,939 - [Process 3/5] - INFO - len(per_windows_prompt):1
2024-12-21 13:43:22,396 - [Process 3/5] - INFO - res.shape is :torch.Size([130])
2024-12-21 13:43:22,610 - [Process 3/5] - INFO - len(per_windows_prompt):1
2024-12-21 13:43:30,186 - [Process 3/5] - INFO - res.shape is :torch.Size([88])
2024-12-21 13:43:30,393 - [Process 3/5] - INFO - len(per_windows_prompt):1
2024-12-21 13:43:38,717 - [Process 3/5] - INFO - res.shape is :torch.Size([102])
