2024-12-21 01:00:07,269 - [Process 0/1] - INFO - loading datasets finished
2024-12-21 01:00:07,269 - [Process 0/1] - INFO - model_max_len: 3950
2024-12-21 01:00:07,269 - [Process 0/1] - INFO - output_max_len: 32
2024-12-21 01:00:07,309 - [Process 0/1] - INFO - Max Length is 22099
2024-12-21 01:00:07,310 - [Process 0/1] - INFO - Finish loading dataset
2024-12-21 01:00:07,310 - [Process 0/1] - INFO - get_predicted begin
2024-12-21 01:00:07,472 - [Process 0/1] - INFO - len(per_windows_prompt):2
2024-12-21 01:00:11,771 - [Process 0/1] - INFO - res.shape is :torch.Size([2])
2024-12-21 01:00:11,924 - [Process 0/1] - INFO - len(per_windows_prompt):2
2024-12-21 01:00:15,699 - [Process 0/1] - INFO - res.shape is :torch.Size([2])
2024-12-21 01:00:15,834 - [Process 0/1] - INFO - len(per_windows_prompt):2
2024-12-21 01:00:19,611 - [Process 0/1] - INFO - res.shape is :torch.Size([2])
2024-12-21 01:00:19,816 - [Process 0/1] - INFO - len(per_windows_prompt):2
2024-12-21 01:00:23,601 - [Process 0/1] - INFO - res.shape is :torch.Size([2])
2024-12-21 01:00:23,828 - [Process 0/1] - INFO - len(per_windows_prompt):2
2024-12-21 01:00:27,608 - [Process 0/1] - INFO - res.shape is :torch.Size([2])
2024-12-21 01:00:27,751 - [Process 0/1] - INFO - len(per_windows_prompt):2
2024-12-21 01:00:31,679 - [Process 0/1] - INFO - res.shape is :torch.Size([2])
2024-12-21 01:00:31,801 - [Process 0/1] - INFO - len(per_windows_prompt):2
2024-12-21 01:00:35,663 - [Process 0/1] - INFO - res.shape is :torch.Size([2])
2024-12-21 01:00:35,845 - [Process 0/1] - INFO - len(per_windows_prompt):2
2024-12-21 01:00:39,660 - [Process 0/1] - INFO - res.shape is :torch.Size([2])
2024-12-21 01:00:39,844 - [Process 0/1] - INFO - len(per_windows_prompt):2
2024-12-21 01:00:43,663 - [Process 0/1] - INFO - res.shape is :torch.Size([2])
2024-12-21 01:00:43,835 - [Process 0/1] - INFO - len(per_windows_prompt):2
2024-12-21 01:00:47,650 - [Process 0/1] - INFO - res.shape is :torch.Size([2])
2024-12-21 01:00:47,840 - [Process 0/1] - INFO - len(per_windows_prompt):2
2024-12-21 01:00:51,664 - [Process 0/1] - INFO - res.shape is :torch.Size([2])
2024-12-21 01:00:51,827 - [Process 0/1] - INFO - len(per_windows_prompt):2
2024-12-21 01:00:55,591 - [Process 0/1] - INFO - res.shape is :torch.Size([2])
2024-12-21 01:00:55,705 - [Process 0/1] - INFO - len(per_windows_prompt):2
2024-12-21 01:01:00,074 - [Process 0/1] - INFO - res.shape is :torch.Size([16])
2024-12-21 01:01:00,283 - [Process 0/1] - INFO - len(per_windows_prompt):2
2024-12-21 01:01:04,100 - [Process 0/1] - INFO - res.shape is :torch.Size([2])
2024-12-21 01:01:04,263 - [Process 0/1] - INFO - len(per_windows_prompt):2
2024-12-21 01:01:08,082 - [Process 0/1] - INFO - res.shape is :torch.Size([2])
2024-12-21 01:01:08,240 - [Process 0/1] - INFO - len(per_windows_prompt):2
2024-12-21 01:01:12,020 - [Process 0/1] - INFO - res.shape is :torch.Size([2])
2024-12-21 01:01:12,163 - [Process 0/1] - INFO - len(per_windows_prompt):2
2024-12-21 01:01:15,948 - [Process 0/1] - INFO - res.shape is :torch.Size([2])
2024-12-21 01:01:16,094 - [Process 0/1] - INFO - len(per_windows_prompt):2
2024-12-21 01:01:19,967 - [Process 0/1] - INFO - res.shape is :torch.Size([2])
2024-12-21 01:01:20,153 - [Process 0/1] - INFO - len(per_windows_prompt):2
2024-12-21 01:01:23,976 - [Process 0/1] - INFO - res.shape is :torch.Size([2])
2024-12-21 01:01:24,102 - [Process 0/1] - INFO - len(per_windows_prompt):2
2024-12-21 01:01:28,482 - [Process 0/1] - INFO - res.shape is :torch.Size([16])
2024-12-21 01:01:28,662 - [Process 0/1] - INFO - len(per_windows_prompt):2
2024-12-21 01:01:32,500 - [Process 0/1] - INFO - res.shape is :torch.Size([2])
2024-12-21 01:01:32,685 - [Process 0/1] - INFO - len(per_windows_prompt):2
2024-12-21 01:01:36,526 - [Process 0/1] - INFO - res.shape is :torch.Size([2])
2024-12-21 01:01:36,702 - [Process 0/1] - INFO - len(per_windows_prompt):2
2024-12-21 01:01:40,546 - [Process 0/1] - INFO - res.shape is :torch.Size([2])
2024-12-21 01:01:40,676 - [Process 0/1] - INFO - len(per_windows_prompt):2
2024-12-21 01:01:44,499 - [Process 0/1] - INFO - res.shape is :torch.Size([2])
2024-12-21 01:01:44,629 - [Process 0/1] - INFO - len(per_windows_prompt):2
2024-12-21 01:01:48,529 - [Process 0/1] - INFO - res.shape is :torch.Size([2])
2024-12-21 01:01:48,703 - [Process 0/1] - INFO - len(per_windows_prompt):2
2024-12-21 01:01:52,670 - [Process 0/1] - INFO - res.shape is :torch.Size([2])
2024-12-21 01:01:52,795 - [Process 0/1] - INFO - len(per_windows_prompt):2
2024-12-21 01:01:56,769 - [Process 0/1] - INFO - res.shape is :torch.Size([2])
2024-12-21 01:01:56,978 - [Process 0/1] - INFO - len(per_windows_prompt):2
2024-12-21 01:02:00,876 - [Process 0/1] - INFO - res.shape is :torch.Size([2])
2024-12-21 01:02:01,038 - [Process 0/1] - INFO - len(per_windows_prompt):2
2024-12-21 01:02:04,875 - [Process 0/1] - INFO - res.shape is :torch.Size([2])
2024-12-21 01:02:05,053 - [Process 0/1] - INFO - len(per_windows_prompt):2
2024-12-21 01:02:08,895 - [Process 0/1] - INFO - res.shape is :torch.Size([2])
2024-12-21 01:02:09,077 - [Process 0/1] - INFO - len(per_windows_prompt):2
2024-12-21 01:02:12,874 - [Process 0/1] - INFO - res.shape is :torch.Size([2])
2024-12-21 01:02:13,026 - [Process 0/1] - INFO - len(per_windows_prompt):2
2024-12-21 01:02:16,857 - [Process 0/1] - INFO - res.shape is :torch.Size([2])
2024-12-21 01:02:17,009 - [Process 0/1] - INFO - len(per_windows_prompt):2
2024-12-21 01:02:20,807 - [Process 0/1] - INFO - res.shape is :torch.Size([2])
2024-12-21 01:02:20,974 - [Process 0/1] - INFO - len(per_windows_prompt):2
2024-12-21 01:02:24,814 - [Process 0/1] - INFO - res.shape is :torch.Size([2])
2024-12-21 01:02:25,017 - [Process 0/1] - INFO - len(per_windows_prompt):2
2024-12-21 01:02:28,845 - [Process 0/1] - INFO - res.shape is :torch.Size([2])
2024-12-21 01:02:29,000 - [Process 0/1] - INFO - len(per_windows_prompt):2
2024-12-21 01:02:32,886 - [Process 0/1] - INFO - res.shape is :torch.Size([2])
2024-12-21 01:02:33,060 - [Process 0/1] - INFO - len(per_windows_prompt):2
2024-12-21 01:02:36,856 - [Process 0/1] - INFO - res.shape is :torch.Size([2])
2024-12-21 01:02:37,066 - [Process 0/1] - INFO - len(per_windows_prompt):2
2024-12-21 01:02:40,898 - [Process 0/1] - INFO - res.shape is :torch.Size([2])
2024-12-21 01:02:41,067 - [Process 0/1] - INFO - len(per_windows_prompt):2
2024-12-21 01:02:44,857 - [Process 0/1] - INFO - res.shape is :torch.Size([2])
2024-12-21 01:02:45,019 - [Process 0/1] - INFO - len(per_windows_prompt):2
2024-12-21 01:02:48,849 - [Process 0/1] - INFO - res.shape is :torch.Size([2])
2024-12-21 01:02:49,046 - [Process 0/1] - INFO - len(per_windows_prompt):2
2024-12-21 01:02:53,035 - [Process 0/1] - INFO - res.shape is :torch.Size([2])
2024-12-21 01:02:53,210 - [Process 0/1] - INFO - len(per_windows_prompt):2
2024-12-21 01:02:57,631 - [Process 0/1] - INFO - res.shape is :torch.Size([16])
2024-12-21 01:02:57,792 - [Process 0/1] - INFO - len(per_windows_prompt):2
2024-12-21 01:03:01,763 - [Process 0/1] - INFO - res.shape is :torch.Size([2])
2024-12-21 01:03:01,924 - [Process 0/1] - INFO - len(per_windows_prompt):2
2024-12-21 01:03:05,760 - [Process 0/1] - INFO - res.shape is :torch.Size([2])
2024-12-21 01:03:05,946 - [Process 0/1] - INFO - len(per_windows_prompt):2
2024-12-21 01:03:09,778 - [Process 0/1] - INFO - res.shape is :torch.Size([2])
2024-12-21 01:03:09,943 - [Process 0/1] - INFO - len(per_windows_prompt):2
2024-12-21 01:03:13,804 - [Process 0/1] - INFO - res.shape is :torch.Size([2])
2024-12-21 01:03:13,941 - [Process 0/1] - INFO - len(per_windows_prompt):2
2024-12-21 01:03:17,924 - [Process 0/1] - INFO - res.shape is :torch.Size([2])
2024-12-21 01:03:18,087 - [Process 0/1] - INFO - len(per_windows_prompt):2
2024-12-21 01:03:21,924 - [Process 0/1] - INFO - res.shape is :torch.Size([2])
2024-12-21 01:03:22,057 - [Process 0/1] - INFO - len(per_windows_prompt):2
2024-12-21 01:03:25,935 - [Process 0/1] - INFO - res.shape is :torch.Size([2])
2024-12-21 01:03:26,084 - [Process 0/1] - INFO - len(per_windows_prompt):2
2024-12-21 01:03:29,933 - [Process 0/1] - INFO - res.shape is :torch.Size([2])
2024-12-21 01:03:30,079 - [Process 0/1] - INFO - len(per_windows_prompt):2
2024-12-21 01:03:33,914 - [Process 0/1] - INFO - res.shape is :torch.Size([2])
2024-12-21 01:03:34,036 - [Process 0/1] - INFO - len(per_windows_prompt):2
2024-12-21 01:03:37,824 - [Process 0/1] - INFO - res.shape is :torch.Size([2])
2024-12-21 01:03:37,987 - [Process 0/1] - INFO - len(per_windows_prompt):2
2024-12-21 01:03:42,382 - [Process 0/1] - INFO - res.shape is :torch.Size([16])
2024-12-21 01:03:42,550 - [Process 0/1] - INFO - len(per_windows_prompt):2
2024-12-21 01:03:46,341 - [Process 0/1] - INFO - res.shape is :torch.Size([2])
2024-12-21 01:03:46,498 - [Process 0/1] - INFO - len(per_windows_prompt):2
2024-12-21 01:03:50,960 - [Process 0/1] - INFO - res.shape is :torch.Size([16])
2024-12-21 01:03:51,100 - [Process 0/1] - INFO - len(per_windows_prompt):2
2024-12-21 01:03:54,918 - [Process 0/1] - INFO - res.shape is :torch.Size([2])
2024-12-21 01:03:55,050 - [Process 0/1] - INFO - len(per_windows_prompt):2
2024-12-21 01:03:58,894 - [Process 0/1] - INFO - res.shape is :torch.Size([2])
2024-12-21 01:03:59,076 - [Process 0/1] - INFO - len(per_windows_prompt):2
2024-12-21 01:04:03,053 - [Process 0/1] - INFO - res.shape is :torch.Size([2])
2024-12-21 01:04:03,255 - [Process 0/1] - INFO - len(per_windows_prompt):2
2024-12-21 01:04:07,130 - [Process 0/1] - INFO - res.shape is :torch.Size([2])
2024-12-21 01:04:07,322 - [Process 0/1] - INFO - len(per_windows_prompt):2
2024-12-21 01:04:11,122 - [Process 0/1] - INFO - res.shape is :torch.Size([2])
2024-12-21 01:04:11,296 - [Process 0/1] - INFO - len(per_windows_prompt):2
2024-12-21 01:04:15,131 - [Process 0/1] - INFO - res.shape is :torch.Size([2])
2024-12-21 01:04:15,298 - [Process 0/1] - INFO - len(per_windows_prompt):2
2024-12-21 01:04:19,706 - [Process 0/1] - INFO - res.shape is :torch.Size([16])
2024-12-21 01:04:19,882 - [Process 0/1] - INFO - len(per_windows_prompt):2
2024-12-21 01:04:23,715 - [Process 0/1] - INFO - res.shape is :torch.Size([2])
2024-12-21 01:04:23,890 - [Process 0/1] - INFO - len(per_windows_prompt):2
2024-12-21 01:04:27,723 - [Process 0/1] - INFO - res.shape is :torch.Size([2])
2024-12-21 01:04:27,856 - [Process 0/1] - INFO - len(per_windows_prompt):2
2024-12-21 01:04:31,706 - [Process 0/1] - INFO - res.shape is :torch.Size([2])
2024-12-21 01:04:31,898 - [Process 0/1] - INFO - len(per_windows_prompt):2
2024-12-21 01:04:35,730 - [Process 0/1] - INFO - res.shape is :torch.Size([2])
2024-12-21 01:04:35,885 - [Process 0/1] - INFO - len(per_windows_prompt):2
2024-12-21 01:04:39,686 - [Process 0/1] - INFO - res.shape is :torch.Size([2])
2024-12-21 01:04:39,820 - [Process 0/1] - INFO - len(per_windows_prompt):2
2024-12-21 01:04:43,616 - [Process 0/1] - INFO - res.shape is :torch.Size([2])
2024-12-21 01:04:43,758 - [Process 0/1] - INFO - len(per_windows_prompt):2
2024-12-21 01:04:47,743 - [Process 0/1] - INFO - res.shape is :torch.Size([2])
2024-12-21 01:04:47,899 - [Process 0/1] - INFO - len(per_windows_prompt):2
2024-12-21 01:04:52,428 - [Process 0/1] - INFO - res.shape is :torch.Size([16])
2024-12-21 01:04:52,583 - [Process 0/1] - INFO - len(per_windows_prompt):2
2024-12-21 01:04:56,420 - [Process 0/1] - INFO - res.shape is :torch.Size([2])
2024-12-21 01:04:56,578 - [Process 0/1] - INFO - len(per_windows_prompt):2
2024-12-21 01:05:00,413 - [Process 0/1] - INFO - res.shape is :torch.Size([2])
2024-12-21 01:05:00,570 - [Process 0/1] - INFO - len(per_windows_prompt):2
2024-12-21 01:05:04,406 - [Process 0/1] - INFO - res.shape is :torch.Size([2])
2024-12-21 01:05:04,547 - [Process 0/1] - INFO - len(per_windows_prompt):2
2024-12-21 01:05:08,383 - [Process 0/1] - INFO - res.shape is :torch.Size([2])
2024-12-21 01:05:08,518 - [Process 0/1] - INFO - len(per_windows_prompt):2
2024-12-21 01:05:12,369 - [Process 0/1] - INFO - res.shape is :torch.Size([2])
2024-12-21 01:05:12,553 - [Process 0/1] - INFO - len(per_windows_prompt):2
2024-12-21 01:05:16,403 - [Process 0/1] - INFO - res.shape is :torch.Size([2])
2024-12-21 01:05:16,614 - [Process 0/1] - INFO - len(per_windows_prompt):2
2024-12-21 01:05:20,454 - [Process 0/1] - INFO - res.shape is :torch.Size([2])
2024-12-21 01:05:20,578 - [Process 0/1] - INFO - len(per_windows_prompt):2
2024-12-21 01:05:24,426 - [Process 0/1] - INFO - res.shape is :torch.Size([2])
2024-12-21 01:05:24,550 - [Process 0/1] - INFO - len(per_windows_prompt):2
2024-12-21 01:05:28,394 - [Process 0/1] - INFO - res.shape is :torch.Size([2])
2024-12-21 01:05:28,562 - [Process 0/1] - INFO - len(per_windows_prompt):2
2024-12-21 01:05:32,354 - [Process 0/1] - INFO - res.shape is :torch.Size([2])
2024-12-21 01:05:32,524 - [Process 0/1] - INFO - len(per_windows_prompt):2
2024-12-21 01:05:36,318 - [Process 0/1] - INFO - res.shape is :torch.Size([2])
2024-12-21 01:05:36,491 - [Process 0/1] - INFO - len(per_windows_prompt):2
2024-12-21 01:05:40,501 - [Process 0/1] - INFO - res.shape is :torch.Size([6])
2024-12-21 01:05:40,635 - [Process 0/1] - INFO - len(per_windows_prompt):2
2024-12-21 01:05:44,996 - [Process 0/1] - INFO - res.shape is :torch.Size([16])
2024-12-21 01:05:45,138 - [Process 0/1] - INFO - len(per_windows_prompt):2
2024-12-21 01:05:48,986 - [Process 0/1] - INFO - res.shape is :torch.Size([2])
2024-12-21 01:05:49,132 - [Process 0/1] - INFO - len(per_windows_prompt):2
2024-12-21 01:05:52,968 - [Process 0/1] - INFO - res.shape is :torch.Size([2])
2024-12-21 01:05:53,132 - [Process 0/1] - INFO - len(per_windows_prompt):2
2024-12-21 01:05:56,958 - [Process 0/1] - INFO - res.shape is :torch.Size([2])
2024-12-21 01:05:57,104 - [Process 0/1] - INFO - len(per_windows_prompt):2
2024-12-21 01:06:00,947 - [Process 0/1] - INFO - res.shape is :torch.Size([2])
2024-12-21 01:06:01,080 - [Process 0/1] - INFO - len(per_windows_prompt):2
2024-12-21 01:06:04,932 - [Process 0/1] - INFO - res.shape is :torch.Size([2])
2024-12-21 01:06:05,057 - [Process 0/1] - INFO - len(per_windows_prompt):2
2024-12-21 01:06:08,903 - [Process 0/1] - INFO - res.shape is :torch.Size([2])
2024-12-21 01:06:09,060 - [Process 0/1] - INFO - len(per_windows_prompt):2
2024-12-21 01:06:12,897 - [Process 0/1] - INFO - res.shape is :torch.Size([2])
2024-12-21 01:06:13,042 - [Process 0/1] - INFO - len(per_windows_prompt):2
2024-12-21 01:06:16,893 - [Process 0/1] - INFO - res.shape is :torch.Size([2])
2024-12-21 01:06:17,052 - [Process 0/1] - INFO - len(per_windows_prompt):2
2024-12-21 01:06:20,854 - [Process 0/1] - INFO - res.shape is :torch.Size([2])
2024-12-21 01:06:21,008 - [Process 0/1] - INFO - len(per_windows_prompt):2
2024-12-21 01:06:24,880 - [Process 0/1] - INFO - res.shape is :torch.Size([3])
2024-12-21 01:06:25,046 - [Process 0/1] - INFO - len(per_windows_prompt):2
2024-12-21 01:06:29,030 - [Process 0/1] - INFO - res.shape is :torch.Size([2])
2024-12-21 01:06:29,217 - [Process 0/1] - INFO - len(per_windows_prompt):2
2024-12-21 01:06:33,070 - [Process 0/1] - INFO - res.shape is :torch.Size([2])
2024-12-21 01:06:33,244 - [Process 0/1] - INFO - len(per_windows_prompt):2
2024-12-21 01:06:37,141 - [Process 0/1] - INFO - res.shape is :torch.Size([2])
2024-12-21 01:06:37,303 - [Process 0/1] - INFO - len(per_windows_prompt):2
2024-12-21 01:06:41,154 - [Process 0/1] - INFO - res.shape is :torch.Size([2])
2024-12-21 01:06:41,303 - [Process 0/1] - INFO - len(per_windows_prompt):2
2024-12-21 01:06:45,142 - [Process 0/1] - INFO - res.shape is :torch.Size([2])
2024-12-21 01:06:45,275 - [Process 0/1] - INFO - len(per_windows_prompt):2
2024-12-21 01:06:49,125 - [Process 0/1] - INFO - res.shape is :torch.Size([2])
2024-12-21 01:06:49,238 - [Process 0/1] - INFO - len(per_windows_prompt):2
2024-12-21 01:06:53,075 - [Process 0/1] - INFO - res.shape is :torch.Size([2])
2024-12-21 01:06:53,250 - [Process 0/1] - INFO - len(per_windows_prompt):2
2024-12-21 01:06:57,236 - [Process 0/1] - INFO - res.shape is :torch.Size([2])
2024-12-21 01:06:57,372 - [Process 0/1] - INFO - len(per_windows_prompt):2
2024-12-21 01:07:01,261 - [Process 0/1] - INFO - res.shape is :torch.Size([2])
2024-12-21 01:07:01,444 - [Process 0/1] - INFO - len(per_windows_prompt):2
2024-12-21 01:07:05,296 - [Process 0/1] - INFO - res.shape is :torch.Size([2])
2024-12-21 01:07:05,426 - [Process 0/1] - INFO - len(per_windows_prompt):2
2024-12-21 01:07:09,273 - [Process 0/1] - INFO - res.shape is :torch.Size([2])
2024-12-21 01:07:09,427 - [Process 0/1] - INFO - len(per_windows_prompt):2
2024-12-21 01:07:13,264 - [Process 0/1] - INFO - res.shape is :torch.Size([2])
2024-12-21 01:07:13,469 - [Process 0/1] - INFO - len(per_windows_prompt):2
2024-12-21 01:07:17,455 - [Process 0/1] - INFO - res.shape is :torch.Size([2])
2024-12-21 01:07:17,627 - [Process 0/1] - INFO - len(per_windows_prompt):2
2024-12-21 01:07:21,616 - [Process 0/1] - INFO - res.shape is :torch.Size([2])
2024-12-21 01:07:21,815 - [Process 0/1] - INFO - len(per_windows_prompt):2
2024-12-21 01:07:25,661 - [Process 0/1] - INFO - res.shape is :torch.Size([2])
2024-12-21 01:07:25,848 - [Process 0/1] - INFO - len(per_windows_prompt):2
2024-12-21 01:07:29,829 - [Process 0/1] - INFO - res.shape is :torch.Size([2])
2024-12-21 01:07:29,980 - [Process 0/1] - INFO - len(per_windows_prompt):2
2024-12-21 01:07:33,822 - [Process 0/1] - INFO - res.shape is :torch.Size([2])
2024-12-21 01:07:33,974 - [Process 0/1] - INFO - len(per_windows_prompt):2
2024-12-21 01:07:37,824 - [Process 0/1] - INFO - res.shape is :torch.Size([2])
2024-12-21 01:07:38,009 - [Process 0/1] - INFO - len(per_windows_prompt):2
2024-12-21 01:07:41,849 - [Process 0/1] - INFO - res.shape is :torch.Size([2])
2024-12-21 01:07:42,028 - [Process 0/1] - INFO - len(per_windows_prompt):2
2024-12-21 01:07:46,012 - [Process 0/1] - INFO - res.shape is :torch.Size([2])
2024-12-21 01:07:46,169 - [Process 0/1] - INFO - len(per_windows_prompt):2
2024-12-21 01:07:49,967 - [Process 0/1] - INFO - res.shape is :torch.Size([2])
2024-12-21 01:07:50,092 - [Process 0/1] - INFO - len(per_windows_prompt):2
2024-12-21 01:07:53,945 - [Process 0/1] - INFO - res.shape is :torch.Size([2])
2024-12-21 01:07:54,110 - [Process 0/1] - INFO - len(per_windows_prompt):2
2024-12-21 01:07:58,500 - [Process 0/1] - INFO - res.shape is :torch.Size([16])
2024-12-21 01:07:58,614 - [Process 0/1] - INFO - len(per_windows_prompt):2
2024-12-21 01:08:03,042 - [Process 0/1] - INFO - res.shape is :torch.Size([17])
2024-12-21 01:08:03,184 - [Process 0/1] - INFO - len(per_windows_prompt):2
2024-12-21 01:08:07,083 - [Process 0/1] - INFO - res.shape is :torch.Size([2])
2024-12-21 01:08:07,255 - [Process 0/1] - INFO - len(per_windows_prompt):2
2024-12-21 01:08:11,126 - [Process 0/1] - INFO - res.shape is :torch.Size([2])
2024-12-21 01:08:11,298 - [Process 0/1] - INFO - len(per_windows_prompt):2
2024-12-21 01:08:15,150 - [Process 0/1] - INFO - res.shape is :torch.Size([2])
2024-12-21 01:08:15,283 - [Process 0/1] - INFO - len(per_windows_prompt):2
2024-12-21 01:08:19,129 - [Process 0/1] - INFO - res.shape is :torch.Size([2])
2024-12-21 01:08:19,311 - [Process 0/1] - INFO - len(per_windows_prompt):2
2024-12-21 01:08:23,108 - [Process 0/1] - INFO - res.shape is :torch.Size([2])
2024-12-21 01:08:23,297 - [Process 0/1] - INFO - len(per_windows_prompt):2
2024-12-21 01:08:27,198 - [Process 0/1] - INFO - res.shape is :torch.Size([2])
2024-12-21 01:08:27,369 - [Process 0/1] - INFO - len(per_windows_prompt):2
2024-12-21 01:08:31,207 - [Process 0/1] - INFO - res.shape is :torch.Size([2])
2024-12-21 01:08:31,365 - [Process 0/1] - INFO - len(per_windows_prompt):2
2024-12-21 01:08:35,160 - [Process 0/1] - INFO - res.shape is :torch.Size([2])
2024-12-21 01:08:35,289 - [Process 0/1] - INFO - len(per_windows_prompt):2
2024-12-21 01:08:39,134 - [Process 0/1] - INFO - res.shape is :torch.Size([2])
2024-12-21 01:08:39,354 - [Process 0/1] - INFO - len(per_windows_prompt):2
2024-12-21 01:08:43,190 - [Process 0/1] - INFO - res.shape is :torch.Size([2])
2024-12-21 01:08:43,318 - [Process 0/1] - INFO - len(per_windows_prompt):2
2024-12-21 01:08:47,166 - [Process 0/1] - INFO - res.shape is :torch.Size([2])
2024-12-21 01:08:47,325 - [Process 0/1] - INFO - len(per_windows_prompt):2
2024-12-21 01:08:51,159 - [Process 0/1] - INFO - res.shape is :torch.Size([2])
2024-12-21 01:08:51,328 - [Process 0/1] - INFO - len(per_windows_prompt):2
2024-12-21 01:08:55,719 - [Process 0/1] - INFO - res.shape is :torch.Size([16])
2024-12-21 01:08:55,885 - [Process 0/1] - INFO - len(per_windows_prompt):2
2024-12-21 01:08:59,852 - [Process 0/1] - INFO - res.shape is :torch.Size([2])
2024-12-21 01:09:00,020 - [Process 0/1] - INFO - len(per_windows_prompt):2
2024-12-21 01:09:04,005 - [Process 0/1] - INFO - res.shape is :torch.Size([2])
2024-12-21 01:09:04,138 - [Process 0/1] - INFO - len(per_windows_prompt):2
2024-12-21 01:09:07,972 - [Process 0/1] - INFO - res.shape is :torch.Size([2])
2024-12-21 01:09:08,140 - [Process 0/1] - INFO - len(per_windows_prompt):2
2024-12-21 01:09:12,012 - [Process 0/1] - INFO - res.shape is :torch.Size([2])
2024-12-21 01:09:12,185 - [Process 0/1] - INFO - len(per_windows_prompt):2
2024-12-21 01:09:16,039 - [Process 0/1] - INFO - res.shape is :torch.Size([2])
2024-12-21 01:09:16,243 - [Process 0/1] - INFO - len(per_windows_prompt):2
2024-12-21 01:09:20,228 - [Process 0/1] - INFO - res.shape is :torch.Size([2])
2024-12-21 01:09:20,398 - [Process 0/1] - INFO - len(per_windows_prompt):2
2024-12-21 01:09:24,296 - [Process 0/1] - INFO - res.shape is :torch.Size([2])
2024-12-21 01:09:24,418 - [Process 0/1] - INFO - len(per_windows_prompt):2
2024-12-21 01:09:28,264 - [Process 0/1] - INFO - res.shape is :torch.Size([2])
2024-12-21 01:09:28,391 - [Process 0/1] - INFO - len(per_windows_prompt):2
2024-12-21 01:09:32,387 - [Process 0/1] - INFO - res.shape is :torch.Size([6])
2024-12-21 01:09:32,567 - [Process 0/1] - INFO - len(per_windows_prompt):2
2024-12-21 01:09:36,406 - [Process 0/1] - INFO - res.shape is :torch.Size([2])
2024-12-21 01:09:36,580 - [Process 0/1] - INFO - len(per_windows_prompt):2
2024-12-21 01:09:40,417 - [Process 0/1] - INFO - res.shape is :torch.Size([2])
2024-12-21 01:09:40,599 - [Process 0/1] - INFO - len(per_windows_prompt):2
2024-12-21 01:09:44,449 - [Process 0/1] - INFO - res.shape is :torch.Size([2])
2024-12-21 01:09:44,598 - [Process 0/1] - INFO - len(per_windows_prompt):2
2024-12-21 01:09:49,004 - [Process 0/1] - INFO - res.shape is :torch.Size([16])
2024-12-21 01:09:49,194 - [Process 0/1] - INFO - len(per_windows_prompt):2
2024-12-21 01:09:53,039 - [Process 0/1] - INFO - res.shape is :torch.Size([2])
2024-12-21 01:09:53,214 - [Process 0/1] - INFO - len(per_windows_prompt):2
2024-12-21 01:09:57,200 - [Process 0/1] - INFO - res.shape is :torch.Size([2])
2024-12-21 01:09:57,355 - [Process 0/1] - INFO - len(per_windows_prompt):2
2024-12-21 01:10:01,341 - [Process 0/1] - INFO - res.shape is :torch.Size([2])
2024-12-21 01:10:01,537 - [Process 0/1] - INFO - len(per_windows_prompt):2
2024-12-21 01:10:05,372 - [Process 0/1] - INFO - res.shape is :torch.Size([2])
2024-12-21 01:10:05,562 - [Process 0/1] - INFO - len(per_windows_prompt):2
2024-12-21 01:10:09,399 - [Process 0/1] - INFO - res.shape is :torch.Size([2])
2024-12-21 01:10:09,531 - [Process 0/1] - INFO - len(per_windows_prompt):2
2024-12-21 01:10:13,325 - [Process 0/1] - INFO - res.shape is :torch.Size([2])
2024-12-21 01:10:13,479 - [Process 0/1] - INFO - len(per_windows_prompt):2
2024-12-21 01:10:17,272 - [Process 0/1] - INFO - res.shape is :torch.Size([2])
2024-12-21 01:10:17,400 - [Process 0/1] - INFO - len(per_windows_prompt):2
2024-12-21 01:10:21,201 - [Process 0/1] - INFO - res.shape is :torch.Size([2])
2024-12-21 01:10:21,391 - [Process 0/1] - INFO - len(per_windows_prompt):2
2024-12-21 01:10:25,191 - [Process 0/1] - INFO - res.shape is :torch.Size([2])
2024-12-21 01:10:25,312 - [Process 0/1] - INFO - len(per_windows_prompt):2
2024-12-21 01:10:29,848 - [Process 0/1] - INFO - res.shape is :torch.Size([16])
2024-12-21 01:10:30,000 - [Process 0/1] - INFO - len(per_windows_prompt):2
2024-12-21 01:10:33,846 - [Process 0/1] - INFO - res.shape is :torch.Size([2])
2024-12-21 01:10:34,037 - [Process 0/1] - INFO - len(per_windows_prompt):2
2024-12-21 01:10:38,022 - [Process 0/1] - INFO - res.shape is :torch.Size([2])
2024-12-21 01:10:38,189 - [Process 0/1] - INFO - len(per_windows_prompt):2
2024-12-21 01:10:42,039 - [Process 0/1] - INFO - res.shape is :torch.Size([2])
2024-12-21 01:10:42,187 - [Process 0/1] - INFO - len(per_windows_prompt):2
2024-12-21 01:10:46,166 - [Process 0/1] - INFO - res.shape is :torch.Size([2])
2024-12-21 01:10:46,297 - [Process 0/1] - INFO - len(per_windows_prompt):2
2024-12-21 01:10:50,701 - [Process 0/1] - INFO - res.shape is :torch.Size([16])
2024-12-21 01:10:50,867 - [Process 0/1] - INFO - len(per_windows_prompt):2
2024-12-21 01:10:54,665 - [Process 0/1] - INFO - res.shape is :torch.Size([2])
2024-12-21 01:10:54,833 - [Process 0/1] - INFO - len(per_windows_prompt):2
2024-12-21 01:10:58,634 - [Process 0/1] - INFO - res.shape is :torch.Size([2])
2024-12-21 01:10:58,782 - [Process 0/1] - INFO - len(per_windows_prompt):2
2024-12-21 01:11:02,620 - [Process 0/1] - INFO - res.shape is :torch.Size([2])
2024-12-21 01:11:02,797 - [Process 0/1] - INFO - len(per_windows_prompt):2
2024-12-21 01:11:06,674 - [Process 0/1] - INFO - res.shape is :torch.Size([2])
2024-12-21 01:11:06,824 - [Process 0/1] - INFO - len(per_windows_prompt):2
2024-12-21 01:11:11,218 - [Process 0/1] - INFO - res.shape is :torch.Size([16])
2024-12-21 01:11:11,358 - [Process 0/1] - INFO - len(per_windows_prompt):2
2024-12-21 01:11:15,349 - [Process 0/1] - INFO - res.shape is :torch.Size([2])
2024-12-21 01:11:15,527 - [Process 0/1] - INFO - len(per_windows_prompt):2
2024-12-21 01:11:19,378 - [Process 0/1] - INFO - res.shape is :torch.Size([2])
2024-12-21 01:11:19,550 - [Process 0/1] - INFO - len(per_windows_prompt):2
2024-12-21 01:11:23,398 - [Process 0/1] - INFO - res.shape is :torch.Size([2])
2024-12-21 01:11:23,569 - [Process 0/1] - INFO - len(per_windows_prompt):2
2024-12-21 01:11:27,557 - [Process 0/1] - INFO - res.shape is :torch.Size([2])
2024-12-21 01:11:27,745 - [Process 0/1] - INFO - len(per_windows_prompt):2
2024-12-21 01:11:31,595 - [Process 0/1] - INFO - res.shape is :torch.Size([2])
2024-12-21 01:11:31,773 - [Process 0/1] - INFO - len(per_windows_prompt):2
2024-12-21 01:11:35,615 - [Process 0/1] - INFO - res.shape is :torch.Size([2])
2024-12-21 01:11:35,810 - [Process 0/1] - INFO - len(per_windows_prompt):2
2024-12-21 01:11:40,243 - [Process 0/1] - INFO - res.shape is :torch.Size([17])
2024-12-21 01:11:40,411 - [Process 0/1] - INFO - len(per_windows_prompt):2
2024-12-21 01:11:44,247 - [Process 0/1] - INFO - res.shape is :torch.Size([2])
2024-12-21 01:11:44,444 - [Process 0/1] - INFO - len(per_windows_prompt):2
2024-12-21 01:11:48,289 - [Process 0/1] - INFO - res.shape is :torch.Size([2])
2024-12-21 01:11:48,438 - [Process 0/1] - INFO - len(per_windows_prompt):2
2024-12-21 01:11:52,285 - [Process 0/1] - INFO - res.shape is :torch.Size([2])
2024-12-21 01:11:52,490 - [Process 0/1] - INFO - len(per_windows_prompt):2
2024-12-21 01:11:56,327 - [Process 0/1] - INFO - res.shape is :torch.Size([2])
2024-12-21 01:11:56,472 - [Process 0/1] - INFO - len(per_windows_prompt):2
2024-12-21 01:12:00,877 - [Process 0/1] - INFO - res.shape is :torch.Size([16])
2024-12-21 01:12:01,000 - [Process 0/1] - INFO - len(per_windows_prompt):2
2024-12-21 01:12:05,023 - [Process 0/1] - INFO - res.shape is :torch.Size([7])
2024-12-21 01:12:05,196 - [Process 0/1] - INFO - len(per_windows_prompt):2
2024-12-21 01:12:08,994 - [Process 0/1] - INFO - res.shape is :torch.Size([2])
2024-12-21 01:12:09,119 - [Process 0/1] - INFO - len(per_windows_prompt):2
2024-12-21 01:12:12,918 - [Process 0/1] - INFO - res.shape is :torch.Size([2])
2024-12-21 01:12:13,108 - [Process 0/1] - INFO - len(per_windows_prompt):2
2024-12-21 01:12:17,007 - [Process 0/1] - INFO - res.shape is :torch.Size([2])
2024-12-21 01:12:17,149 - [Process 0/1] - INFO - len(per_windows_prompt):2
2024-12-21 01:12:21,003 - [Process 0/1] - INFO - res.shape is :torch.Size([2])
2024-12-21 01:12:21,176 - [Process 0/1] - INFO - len(per_windows_prompt):2
2024-12-21 01:12:24,971 - [Process 0/1] - INFO - res.shape is :torch.Size([2])
2024-12-21 01:12:25,142 - [Process 0/1] - INFO - len(per_windows_prompt):2
2024-12-21 01:12:29,523 - [Process 0/1] - INFO - res.shape is :torch.Size([16])
2024-12-21 01:12:29,692 - [Process 0/1] - INFO - len(per_windows_prompt):2
2024-12-21 01:12:34,146 - [Process 0/1] - INFO - res.shape is :torch.Size([16])
2024-12-21 01:12:34,312 - [Process 0/1] - INFO - len(per_windows_prompt):2
2024-12-21 01:12:38,660 - [Process 0/1] - INFO - res.shape is :torch.Size([16])
2024-12-21 01:12:38,802 - [Process 0/1] - INFO - len(per_windows_prompt):2
2024-12-21 01:12:43,203 - [Process 0/1] - INFO - res.shape is :torch.Size([16])
2024-12-21 01:12:43,347 - [Process 0/1] - INFO - len(per_windows_prompt):2
2024-12-21 01:12:47,244 - [Process 0/1] - INFO - res.shape is :torch.Size([2])
2024-12-21 01:12:47,398 - [Process 0/1] - INFO - len(per_windows_prompt):2
2024-12-21 01:12:51,248 - [Process 0/1] - INFO - res.shape is :torch.Size([2])
2024-12-21 01:12:51,426 - [Process 0/1] - INFO - len(per_windows_prompt):2
2024-12-21 01:12:55,880 - [Process 0/1] - INFO - res.shape is :torch.Size([16])
2024-12-21 01:12:56,027 - [Process 0/1] - INFO - len(per_windows_prompt):2
2024-12-21 01:12:59,865 - [Process 0/1] - INFO - res.shape is :torch.Size([2])
2024-12-21 01:13:00,064 - [Process 0/1] - INFO - len(per_windows_prompt):2
2024-12-21 01:13:04,449 - [Process 0/1] - INFO - res.shape is :torch.Size([16])
2024-12-21 01:13:04,617 - [Process 0/1] - INFO - len(per_windows_prompt):2
2024-12-21 01:13:08,471 - [Process 0/1] - INFO - res.shape is :torch.Size([2])
2024-12-21 01:13:08,606 - [Process 0/1] - INFO - len(per_windows_prompt):2
2024-12-21 01:13:12,446 - [Process 0/1] - INFO - res.shape is :torch.Size([2])
2024-12-21 01:13:12,594 - [Process 0/1] - INFO - len(per_windows_prompt):2
2024-12-21 01:13:16,431 - [Process 0/1] - INFO - res.shape is :torch.Size([2])
2024-12-21 01:13:16,623 - [Process 0/1] - INFO - len(per_windows_prompt):2
2024-12-21 01:13:20,457 - [Process 0/1] - INFO - res.shape is :torch.Size([2])
2024-12-21 01:13:20,614 - [Process 0/1] - INFO - len(per_windows_prompt):2
2024-12-21 01:13:24,483 - [Process 0/1] - INFO - res.shape is :torch.Size([2])
2024-12-21 01:13:24,673 - [Process 0/1] - INFO - len(per_windows_prompt):2
2024-12-21 01:13:28,564 - [Process 0/1] - INFO - res.shape is :torch.Size([2])
2024-12-21 01:13:28,747 - [Process 0/1] - INFO - len(per_windows_prompt):2
2024-12-21 01:13:32,736 - [Process 0/1] - INFO - res.shape is :torch.Size([2])
2024-12-21 01:13:32,867 - [Process 0/1] - INFO - len(per_windows_prompt):2
2024-12-21 01:13:36,772 - [Process 0/1] - INFO - res.shape is :torch.Size([4])
2024-12-21 01:13:36,973 - [Process 0/1] - INFO - len(per_windows_prompt):2
2024-12-21 01:13:40,949 - [Process 0/1] - INFO - res.shape is :torch.Size([2])
2024-12-21 01:13:41,083 - [Process 0/1] - INFO - len(per_windows_prompt):2
2024-12-21 01:13:44,925 - [Process 0/1] - INFO - res.shape is :torch.Size([2])
