2024-12-21 14:34:03,735 - [Process 4/5] - INFO - loading datasets finished
2024-12-21 14:34:03,735 - [Process 4/5] - INFO - model_max_len: 3950
2024-12-21 14:34:03,736 - [Process 4/5] - INFO - output_max_len: 32
2024-12-21 14:34:03,781 - [Process 4/5] - INFO - Max Length is 12697
2024-12-21 14:34:03,782 - [Process 4/5] - INFO - Finish loading dataset
2024-12-21 14:34:03,782 - [Process 4/5] - INFO - get_predicted begin
2024-12-21 14:34:08,527 - [Process 4/5] - INFO - len(per_windows_prompt):1
2024-12-21 14:34:13,270 - [Process 4/5] - INFO - res.shape is :torch.Size([5])
2024-12-21 14:34:13,532 - [Process 4/5] - INFO - len(per_windows_prompt):1
2024-12-21 14:34:17,562 - [Process 4/5] - INFO - res.shape is :torch.Size([5])
2024-12-21 14:34:17,812 - [Process 4/5] - INFO - len(per_windows_prompt):1
2024-12-21 14:34:21,794 - [Process 4/5] - INFO - res.shape is :torch.Size([4])
2024-12-21 14:34:22,082 - [Process 4/5] - INFO - len(per_windows_prompt):1
2024-12-21 14:34:26,162 - [Process 4/5] - INFO - res.shape is :torch.Size([6])
2024-12-21 14:34:26,454 - [Process 4/5] - INFO - len(per_windows_prompt):1
2024-12-21 14:34:30,877 - [Process 4/5] - INFO - res.shape is :torch.Size([14])
2024-12-21 14:34:31,052 - [Process 4/5] - INFO - len(per_windows_prompt):1
2024-12-21 14:34:35,264 - [Process 4/5] - INFO - res.shape is :torch.Size([9])
2024-12-21 14:34:35,531 - [Process 4/5] - INFO - len(per_windows_prompt):1
2024-12-21 14:34:39,997 - [Process 4/5] - INFO - res.shape is :torch.Size([15])
2024-12-21 14:34:40,177 - [Process 4/5] - INFO - len(per_windows_prompt):1
2024-12-21 14:34:44,099 - [Process 4/5] - INFO - res.shape is :torch.Size([2])
2024-12-21 14:34:44,375 - [Process 4/5] - INFO - len(per_windows_prompt):1
2024-12-21 14:34:48,426 - [Process 4/5] - INFO - res.shape is :torch.Size([5])
2024-12-21 14:34:48,688 - [Process 4/5] - INFO - len(per_windows_prompt):1
2024-12-21 14:34:52,744 - [Process 4/5] - INFO - res.shape is :torch.Size([5])
2024-12-21 14:34:53,020 - [Process 4/5] - INFO - len(per_windows_prompt):1
2024-12-21 14:34:57,083 - [Process 4/5] - INFO - res.shape is :torch.Size([5])
2024-12-21 14:34:57,352 - [Process 4/5] - INFO - len(per_windows_prompt):1
2024-12-21 14:35:02,510 - [Process 4/5] - INFO - res.shape is :torch.Size([31])
2024-12-21 14:35:02,773 - [Process 4/5] - INFO - len(per_windows_prompt):1
2024-12-21 14:35:06,796 - [Process 4/5] - INFO - res.shape is :torch.Size([4])
2024-12-21 14:35:07,071 - [Process 4/5] - INFO - len(per_windows_prompt):1
2024-12-21 14:35:11,137 - [Process 4/5] - INFO - res.shape is :torch.Size([5])
2024-12-21 14:35:11,393 - [Process 4/5] - INFO - len(per_windows_prompt):1
2024-12-21 14:35:15,467 - [Process 4/5] - INFO - res.shape is :torch.Size([5])
2024-12-21 14:35:15,665 - [Process 4/5] - INFO - len(per_windows_prompt):1
2024-12-21 14:35:19,751 - [Process 4/5] - INFO - res.shape is :torch.Size([5])
2024-12-21 14:35:20,026 - [Process 4/5] - INFO - len(per_windows_prompt):1
2024-12-21 14:35:24,410 - [Process 4/5] - INFO - res.shape is :torch.Size([12])
2024-12-21 14:35:24,664 - [Process 4/5] - INFO - len(per_windows_prompt):1
2024-12-21 14:35:28,754 - [Process 4/5] - INFO - res.shape is :torch.Size([5])
2024-12-21 14:35:28,963 - [Process 4/5] - INFO - len(per_windows_prompt):1
2024-12-21 14:35:33,014 - [Process 4/5] - INFO - res.shape is :torch.Size([4])
2024-12-21 14:35:33,290 - [Process 4/5] - INFO - len(per_windows_prompt):1
2024-12-21 14:35:37,724 - [Process 4/5] - INFO - res.shape is :torch.Size([13])
2024-12-21 14:35:37,998 - [Process 4/5] - INFO - len(per_windows_prompt):1
2024-12-21 14:35:42,111 - [Process 4/5] - INFO - res.shape is :torch.Size([5])
2024-12-21 14:35:42,323 - [Process 4/5] - INFO - len(per_windows_prompt):1
2024-12-21 14:35:46,524 - [Process 4/5] - INFO - res.shape is :torch.Size([7])
2024-12-21 14:35:46,788 - [Process 4/5] - INFO - len(per_windows_prompt):1
2024-12-21 14:35:50,995 - [Process 4/5] - INFO - res.shape is :torch.Size([7])
2024-12-21 14:35:51,257 - [Process 4/5] - INFO - len(per_windows_prompt):1
2024-12-21 14:35:55,233 - [Process 4/5] - INFO - res.shape is :torch.Size([2])
2024-12-21 14:35:55,489 - [Process 4/5] - INFO - len(per_windows_prompt):1
2024-12-21 14:35:59,631 - [Process 4/5] - INFO - res.shape is :torch.Size([6])
2024-12-21 14:35:59,905 - [Process 4/5] - INFO - len(per_windows_prompt):1
2024-12-21 14:36:03,924 - [Process 4/5] - INFO - res.shape is :torch.Size([3])
2024-12-21 14:36:04,189 - [Process 4/5] - INFO - len(per_windows_prompt):1
2024-12-21 14:36:08,249 - [Process 4/5] - INFO - res.shape is :torch.Size([4])
2024-12-21 14:36:08,457 - [Process 4/5] - INFO - len(per_windows_prompt):1
2024-12-21 14:36:12,730 - [Process 4/5] - INFO - res.shape is :torch.Size([9])
2024-12-21 14:36:12,951 - [Process 4/5] - INFO - len(per_windows_prompt):1
2024-12-21 14:36:18,235 - [Process 4/5] - INFO - res.shape is :torch.Size([32])
2024-12-21 14:36:18,510 - [Process 4/5] - INFO - len(per_windows_prompt):1
2024-12-21 14:36:22,591 - [Process 4/5] - INFO - res.shape is :torch.Size([4])
2024-12-21 14:36:22,885 - [Process 4/5] - INFO - len(per_windows_prompt):1
2024-12-21 14:36:26,996 - [Process 4/5] - INFO - res.shape is :torch.Size([5])
2024-12-21 14:36:27,199 - [Process 4/5] - INFO - len(per_windows_prompt):1
2024-12-21 14:36:31,226 - [Process 4/5] - INFO - res.shape is :torch.Size([3])
2024-12-21 14:36:31,471 - [Process 4/5] - INFO - len(per_windows_prompt):1
2024-12-21 14:36:35,586 - [Process 4/5] - INFO - res.shape is :torch.Size([5])
2024-12-21 14:36:35,801 - [Process 4/5] - INFO - len(per_windows_prompt):1
2024-12-21 14:36:39,917 - [Process 4/5] - INFO - res.shape is :torch.Size([5])
2024-12-21 14:36:40,206 - [Process 4/5] - INFO - len(per_windows_prompt):1
2024-12-21 14:36:44,364 - [Process 4/5] - INFO - res.shape is :torch.Size([6])
2024-12-21 14:36:44,619 - [Process 4/5] - INFO - len(per_windows_prompt):1
2024-12-21 14:36:48,703 - [Process 4/5] - INFO - res.shape is :torch.Size([4])
2024-12-21 14:36:48,982 - [Process 4/5] - INFO - len(per_windows_prompt):1
2024-12-21 14:36:53,105 - [Process 4/5] - INFO - res.shape is :torch.Size([5])
2024-12-21 14:36:53,296 - [Process 4/5] - INFO - len(per_windows_prompt):1
2024-12-21 14:36:57,545 - [Process 4/5] - INFO - res.shape is :torch.Size([8])
2024-12-21 14:36:57,852 - [Process 4/5] - INFO - len(per_windows_prompt):1
2024-12-21 14:37:02,328 - [Process 4/5] - INFO - res.shape is :torch.Size([13])
2024-12-21 14:37:02,521 - [Process 4/5] - INFO - len(per_windows_prompt):1
2024-12-21 14:37:07,732 - [Process 4/5] - INFO - res.shape is :torch.Size([31])
