2024-12-21 18:07:12,034 - [Process 4/5] - INFO - loading datasets finished
2024-12-21 18:07:12,034 - [Process 4/5] - INFO - model_max_len: 3950
2024-12-21 18:07:12,034 - [Process 4/5] - INFO - output_max_len: 32
2024-12-21 18:07:12,090 - [Process 4/5] - INFO - Max Length is 12697
2024-12-21 18:07:12,090 - [Process 4/5] - INFO - Finish loading dataset
2024-12-21 18:07:12,090 - [Process 4/5] - INFO - get_predicted begin
2024-12-21 18:07:16,829 - [Process 4/5] - INFO - len(per_windows_prompt):2
2024-12-21 18:07:21,133 - [Process 4/5] - INFO - res.shape is :torch.Size([5])
2024-12-21 18:07:21,277 - [Process 4/5] - INFO - len(per_windows_prompt):2
2024-12-21 18:07:25,122 - [Process 4/5] - INFO - res.shape is :torch.Size([6])
2024-12-21 18:07:25,263 - [Process 4/5] - INFO - len(per_windows_prompt):2
2024-12-21 18:07:29,137 - [Process 4/5] - INFO - res.shape is :torch.Size([4])
2024-12-21 18:07:29,301 - [Process 4/5] - INFO - len(per_windows_prompt):2
2024-12-21 18:07:33,138 - [Process 4/5] - INFO - res.shape is :torch.Size([5])
2024-12-21 18:07:33,307 - [Process 4/5] - INFO - len(per_windows_prompt):2
2024-12-21 18:07:37,357 - [Process 4/5] - INFO - res.shape is :torch.Size([8])
2024-12-21 18:07:37,466 - [Process 4/5] - INFO - len(per_windows_prompt):2
2024-12-21 18:07:41,238 - [Process 4/5] - INFO - res.shape is :torch.Size([3])
2024-12-21 18:07:41,401 - [Process 4/5] - INFO - len(per_windows_prompt):2
2024-12-21 18:07:45,186 - [Process 4/5] - INFO - res.shape is :torch.Size([3])
2024-12-21 18:07:45,294 - [Process 4/5] - INFO - len(per_windows_prompt):2
2024-12-21 18:07:49,060 - [Process 4/5] - INFO - res.shape is :torch.Size([2])
2024-12-21 18:07:49,231 - [Process 4/5] - INFO - len(per_windows_prompt):2
2024-12-21 18:07:53,117 - [Process 4/5] - INFO - res.shape is :torch.Size([5])
2024-12-21 18:07:53,280 - [Process 4/5] - INFO - len(per_windows_prompt):2
2024-12-21 18:07:57,112 - [Process 4/5] - INFO - res.shape is :torch.Size([4])
2024-12-21 18:07:57,285 - [Process 4/5] - INFO - len(per_windows_prompt):2
2024-12-21 18:08:01,352 - [Process 4/5] - INFO - res.shape is :torch.Size([10])
2024-12-21 18:08:01,517 - [Process 4/5] - INFO - len(per_windows_prompt):2
2024-12-21 18:08:06,039 - [Process 4/5] - INFO - res.shape is :torch.Size([19])
2024-12-21 18:08:06,200 - [Process 4/5] - INFO - len(per_windows_prompt):2
2024-12-21 18:08:10,028 - [Process 4/5] - INFO - res.shape is :torch.Size([3])
2024-12-21 18:08:10,199 - [Process 4/5] - INFO - len(per_windows_prompt):2
2024-12-21 18:08:14,171 - [Process 4/5] - INFO - res.shape is :torch.Size([5])
2024-12-21 18:08:14,329 - [Process 4/5] - INFO - len(per_windows_prompt):2
2024-12-21 18:08:18,263 - [Process 4/5] - INFO - res.shape is :torch.Size([4])
2024-12-21 18:08:18,383 - [Process 4/5] - INFO - len(per_windows_prompt):2
2024-12-21 18:08:22,269 - [Process 4/5] - INFO - res.shape is :torch.Size([4])
2024-12-21 18:08:22,440 - [Process 4/5] - INFO - len(per_windows_prompt):2
2024-12-21 18:08:26,527 - [Process 4/5] - INFO - res.shape is :torch.Size([8])
2024-12-21 18:08:26,683 - [Process 4/5] - INFO - len(per_windows_prompt):2
2024-12-21 18:08:30,519 - [Process 4/5] - INFO - res.shape is :torch.Size([6])
2024-12-21 18:08:30,648 - [Process 4/5] - INFO - len(per_windows_prompt):2
2024-12-21 18:08:34,550 - [Process 4/5] - INFO - res.shape is :torch.Size([3])
2024-12-21 18:08:34,721 - [Process 4/5] - INFO - len(per_windows_prompt):2
2024-12-21 18:08:38,624 - [Process 4/5] - INFO - res.shape is :torch.Size([3])
2024-12-21 18:08:38,790 - [Process 4/5] - INFO - len(per_windows_prompt):2
2024-12-21 18:08:42,670 - [Process 4/5] - INFO - res.shape is :torch.Size([4])
2024-12-21 18:08:42,791 - [Process 4/5] - INFO - len(per_windows_prompt):2
2024-12-21 18:08:46,656 - [Process 4/5] - INFO - res.shape is :torch.Size([3])
2024-12-21 18:08:46,802 - [Process 4/5] - INFO - len(per_windows_prompt):2
2024-12-21 18:08:50,727 - [Process 4/5] - INFO - res.shape is :torch.Size([6])
2024-12-21 18:08:50,876 - [Process 4/5] - INFO - len(per_windows_prompt):2
2024-12-21 18:08:54,702 - [Process 4/5] - INFO - res.shape is :torch.Size([2])
2024-12-21 18:08:54,848 - [Process 4/5] - INFO - len(per_windows_prompt):2
2024-12-21 18:08:58,621 - [Process 4/5] - INFO - res.shape is :torch.Size([4])
2024-12-21 18:08:58,792 - [Process 4/5] - INFO - len(per_windows_prompt):2
2024-12-21 18:09:02,670 - [Process 4/5] - INFO - res.shape is :torch.Size([2])
2024-12-21 18:09:02,833 - [Process 4/5] - INFO - len(per_windows_prompt):2
2024-12-21 18:09:06,748 - [Process 4/5] - INFO - res.shape is :torch.Size([5])
2024-12-21 18:09:06,876 - [Process 4/5] - INFO - len(per_windows_prompt):2
2024-12-21 18:09:10,787 - [Process 4/5] - INFO - res.shape is :torch.Size([5])
2024-12-21 18:09:10,924 - [Process 4/5] - INFO - len(per_windows_prompt):2
2024-12-21 18:09:15,286 - [Process 4/5] - INFO - res.shape is :torch.Size([16])
2024-12-21 18:09:15,454 - [Process 4/5] - INFO - len(per_windows_prompt):2
2024-12-21 18:09:19,379 - [Process 4/5] - INFO - res.shape is :torch.Size([3])
2024-12-21 18:09:19,545 - [Process 4/5] - INFO - len(per_windows_prompt):2
2024-12-21 18:09:23,376 - [Process 4/5] - INFO - res.shape is :torch.Size([3])
2024-12-21 18:09:23,492 - [Process 4/5] - INFO - len(per_windows_prompt):2
2024-12-21 18:09:27,414 - [Process 4/5] - INFO - res.shape is :torch.Size([3])
2024-12-21 18:09:27,557 - [Process 4/5] - INFO - len(per_windows_prompt):2
2024-12-21 18:09:31,479 - [Process 4/5] - INFO - res.shape is :torch.Size([5])
2024-12-21 18:09:31,602 - [Process 4/5] - INFO - len(per_windows_prompt):2
2024-12-21 18:09:35,473 - [Process 4/5] - INFO - res.shape is :torch.Size([4])
2024-12-21 18:09:35,638 - [Process 4/5] - INFO - len(per_windows_prompt):2
2024-12-21 18:09:39,686 - [Process 4/5] - INFO - res.shape is :torch.Size([8])
2024-12-21 18:09:39,828 - [Process 4/5] - INFO - len(per_windows_prompt):2
2024-12-21 18:09:43,869 - [Process 4/5] - INFO - res.shape is :torch.Size([7])
2024-12-21 18:09:44,028 - [Process 4/5] - INFO - len(per_windows_prompt):2
2024-12-21 18:09:47,998 - [Process 4/5] - INFO - res.shape is :torch.Size([6])
2024-12-21 18:09:48,107 - [Process 4/5] - INFO - len(per_windows_prompt):2
2024-12-21 18:09:52,045 - [Process 4/5] - INFO - res.shape is :torch.Size([5])
2024-12-21 18:09:52,221 - [Process 4/5] - INFO - len(per_windows_prompt):2
2024-12-21 18:09:56,196 - [Process 4/5] - INFO - res.shape is :torch.Size([4])
2024-12-21 18:09:56,316 - [Process 4/5] - INFO - len(per_windows_prompt):2
2024-12-21 18:10:00,148 - [Process 4/5] - INFO - res.shape is :torch.Size([2])
