2024-12-21 12:18:47,112 - [Process 3/5] - INFO - loading datasets finished
2024-12-21 12:18:47,113 - [Process 3/5] - INFO - model_max_len: 3950
2024-12-21 12:18:47,113 - [Process 3/5] - INFO - output_max_len: 64
2024-12-21 12:18:47,139 - [Process 3/5] - INFO - Max Length is 10337
2024-12-21 12:18:47,140 - [Process 3/5] - INFO - Finish loading dataset
2024-12-21 12:18:47,140 - [Process 3/5] - INFO - get_predicted begin
2024-12-21 12:18:51,975 - [Process 3/5] - INFO - len(per_windows_prompt):1
2024-12-21 12:18:58,510 - [Process 3/5] - INFO - res.shape is :torch.Size([44])
2024-12-21 12:18:58,761 - [Process 3/5] - INFO - len(per_windows_prompt):1
2024-12-21 12:19:02,861 - [Process 3/5] - INFO - res.shape is :torch.Size([6])
2024-12-21 12:19:03,089 - [Process 3/5] - INFO - len(per_windows_prompt):1
2024-12-21 12:19:08,543 - [Process 3/5] - INFO - res.shape is :torch.Size([38])
2024-12-21 12:19:08,704 - [Process 3/5] - INFO - len(per_windows_prompt):1
2024-12-21 12:19:13,080 - [Process 3/5] - INFO - res.shape is :torch.Size([18])
2024-12-21 12:19:13,365 - [Process 3/5] - INFO - len(per_windows_prompt):1
2024-12-21 12:19:19,971 - [Process 3/5] - INFO - res.shape is :torch.Size([64])
2024-12-21 12:19:20,166 - [Process 3/5] - INFO - len(per_windows_prompt):1
2024-12-21 12:19:25,668 - [Process 3/5] - INFO - res.shape is :torch.Size([39])
2024-12-21 12:19:25,848 - [Process 3/5] - INFO - len(per_windows_prompt):1
2024-12-21 12:19:29,967 - [Process 3/5] - INFO - res.shape is :torch.Size([6])
2024-12-21 12:19:30,192 - [Process 3/5] - INFO - len(per_windows_prompt):1
2024-12-21 12:19:34,694 - [Process 3/5] - INFO - res.shape is :torch.Size([15])
2024-12-21 12:19:34,876 - [Process 3/5] - INFO - len(per_windows_prompt):1
2024-12-21 12:19:38,872 - [Process 3/5] - INFO - res.shape is :torch.Size([3])
2024-12-21 12:19:39,124 - [Process 3/5] - INFO - len(per_windows_prompt):1
2024-12-21 12:19:43,306 - [Process 3/5] - INFO - res.shape is :torch.Size([7])
2024-12-21 12:19:43,514 - [Process 3/5] - INFO - len(per_windows_prompt):1
2024-12-21 12:19:49,042 - [Process 3/5] - INFO - res.shape is :torch.Size([39])
2024-12-21 12:19:49,216 - [Process 3/5] - INFO - len(per_windows_prompt):1
2024-12-21 12:19:53,903 - [Process 3/5] - INFO - res.shape is :torch.Size([18])
2024-12-21 12:19:54,131 - [Process 3/5] - INFO - len(per_windows_prompt):1
2024-12-21 12:19:58,658 - [Process 3/5] - INFO - res.shape is :torch.Size([15])
2024-12-21 12:19:58,849 - [Process 3/5] - INFO - len(per_windows_prompt):1
2024-12-21 12:20:03,276 - [Process 3/5] - INFO - res.shape is :torch.Size([12])
2024-12-21 12:20:03,502 - [Process 3/5] - INFO - len(per_windows_prompt):1
2024-12-21 12:20:09,454 - [Process 3/5] - INFO - res.shape is :torch.Size([49])
2024-12-21 12:20:09,678 - [Process 3/5] - INFO - len(per_windows_prompt):1
2024-12-21 12:20:14,082 - [Process 3/5] - INFO - res.shape is :torch.Size([12])
2024-12-21 12:20:14,301 - [Process 3/5] - INFO - len(per_windows_prompt):1
2024-12-21 12:20:18,327 - [Process 3/5] - INFO - res.shape is :torch.Size([3])
2024-12-21 12:20:18,509 - [Process 3/5] - INFO - len(per_windows_prompt):1
2024-12-21 12:20:25,104 - [Process 3/5] - INFO - res.shape is :torch.Size([64])
2024-12-21 12:20:25,335 - [Process 3/5] - INFO - len(per_windows_prompt):1
2024-12-21 12:20:29,410 - [Process 3/5] - INFO - res.shape is :torch.Size([4])
2024-12-21 12:20:29,626 - [Process 3/5] - INFO - len(per_windows_prompt):1
2024-12-21 12:20:36,291 - [Process 3/5] - INFO - res.shape is :torch.Size([64])
2024-12-21 12:20:36,532 - [Process 3/5] - INFO - len(per_windows_prompt):1
2024-12-21 12:20:40,772 - [Process 3/5] - INFO - res.shape is :torch.Size([8])
2024-12-21 12:20:40,921 - [Process 3/5] - INFO - len(per_windows_prompt):1
2024-12-21 12:20:44,353 - [Process 3/5] - INFO - res.shape is :torch.Size([5])
2024-12-21 12:20:44,583 - [Process 3/5] - INFO - len(per_windows_prompt):1
2024-12-21 12:20:48,622 - [Process 3/5] - INFO - res.shape is :torch.Size([3])
2024-12-21 12:20:48,823 - [Process 3/5] - INFO - len(per_windows_prompt):1
2024-12-21 12:20:53,073 - [Process 3/5] - INFO - res.shape is :torch.Size([8])
2024-12-21 12:20:53,321 - [Process 3/5] - INFO - len(per_windows_prompt):1
2024-12-21 12:20:57,732 - [Process 3/5] - INFO - res.shape is :torch.Size([12])
2024-12-21 12:20:57,952 - [Process 3/5] - INFO - len(per_windows_prompt):1
2024-12-21 12:21:04,542 - [Process 3/5] - INFO - res.shape is :torch.Size([64])
2024-12-21 12:21:04,799 - [Process 3/5] - INFO - len(per_windows_prompt):1
2024-12-21 12:21:08,911 - [Process 3/5] - INFO - res.shape is :torch.Size([5])
2024-12-21 12:21:09,136 - [Process 3/5] - INFO - len(per_windows_prompt):1
2024-12-21 12:21:14,084 - [Process 3/5] - INFO - res.shape is :torch.Size([25])
2024-12-21 12:21:14,308 - [Process 3/5] - INFO - len(per_windows_prompt):1
2024-12-21 12:21:18,381 - [Process 3/5] - INFO - res.shape is :torch.Size([4])
2024-12-21 12:21:18,553 - [Process 3/5] - INFO - len(per_windows_prompt):1
2024-12-21 12:21:24,203 - [Process 3/5] - INFO - res.shape is :torch.Size([42])
