2024-12-21 14:19:53,053 - [Process 4/5] - INFO - loading datasets finished
2024-12-21 14:19:53,053 - [Process 4/5] - INFO - model_max_len: 3950
2024-12-21 14:19:53,053 - [Process 4/5] - INFO - output_max_len: 512
2024-12-21 14:19:53,123 - [Process 4/5] - INFO - Max Length is 40508
2024-12-21 14:19:53,123 - [Process 4/5] - INFO - Finish loading dataset
2024-12-21 14:19:53,124 - [Process 4/5] - INFO - get_predicted begin
2024-12-21 14:19:57,907 - [Process 4/5] - INFO - len(per_windows_prompt):1
2024-12-21 14:20:27,387 - [Process 4/5] - INFO - res.shape is :torch.Size([512])
2024-12-21 14:20:27,604 - [Process 4/5] - INFO - len(per_windows_prompt):1
2024-12-21 14:20:45,484 - [Process 4/5] - INFO - res.shape is :torch.Size([315])
2024-12-21 14:20:45,697 - [Process 4/5] - INFO - len(per_windows_prompt):1
2024-12-21 14:20:59,453 - [Process 4/5] - INFO - res.shape is :torch.Size([224])
2024-12-21 14:20:59,653 - [Process 4/5] - INFO - len(per_windows_prompt):1
2024-12-21 14:21:15,670 - [Process 4/5] - INFO - res.shape is :torch.Size([274])
2024-12-21 14:21:15,900 - [Process 4/5] - INFO - len(per_windows_prompt):1
2024-12-21 14:21:32,041 - [Process 4/5] - INFO - res.shape is :torch.Size([269])
2024-12-21 14:21:32,261 - [Process 4/5] - INFO - len(per_windows_prompt):1
2024-12-21 14:21:45,796 - [Process 4/5] - INFO - res.shape is :torch.Size([220])
2024-12-21 14:21:46,061 - [Process 4/5] - INFO - len(per_windows_prompt):1
2024-12-21 14:22:13,130 - [Process 4/5] - INFO - res.shape is :torch.Size([512])
2024-12-21 14:22:13,372 - [Process 4/5] - INFO - len(per_windows_prompt):1
2024-12-21 14:22:29,286 - [Process 4/5] - INFO - res.shape is :torch.Size([264])
2024-12-21 14:22:29,524 - [Process 4/5] - INFO - len(per_windows_prompt):1
2024-12-21 14:22:56,817 - [Process 4/5] - INFO - res.shape is :torch.Size([512])
2024-12-21 14:22:57,099 - [Process 4/5] - INFO - len(per_windows_prompt):1
2024-12-21 14:23:12,544 - [Process 4/5] - INFO - res.shape is :torch.Size([256])
2024-12-21 14:23:12,890 - [Process 4/5] - INFO - len(per_windows_prompt):1
2024-12-21 14:23:27,478 - [Process 4/5] - INFO - res.shape is :torch.Size([238])
2024-12-21 14:23:27,798 - [Process 4/5] - INFO - len(per_windows_prompt):1
2024-12-21 14:23:40,314 - [Process 4/5] - INFO - res.shape is :torch.Size([189])
2024-12-21 14:23:40,706 - [Process 4/5] - INFO - len(per_windows_prompt):1
2024-12-21 14:23:51,621 - [Process 4/5] - INFO - res.shape is :torch.Size([154])
2024-12-21 14:23:51,868 - [Process 4/5] - INFO - len(per_windows_prompt):1
2024-12-21 14:24:13,045 - [Process 4/5] - INFO - res.shape is :torch.Size([379])
2024-12-21 14:24:13,280 - [Process 4/5] - INFO - len(per_windows_prompt):1
2024-12-21 14:24:25,939 - [Process 4/5] - INFO - res.shape is :torch.Size([200])
2024-12-21 14:24:26,232 - [Process 4/5] - INFO - len(per_windows_prompt):1
2024-12-21 14:24:40,454 - [Process 4/5] - INFO - res.shape is :torch.Size([232])
2024-12-21 14:24:40,782 - [Process 4/5] - INFO - len(per_windows_prompt):1
2024-12-21 14:25:08,010 - [Process 4/5] - INFO - res.shape is :torch.Size([512])
2024-12-21 14:25:08,313 - [Process 4/5] - INFO - len(per_windows_prompt):1
2024-12-21 14:25:26,644 - [Process 4/5] - INFO - res.shape is :torch.Size([323])
2024-12-21 14:25:26,878 - [Process 4/5] - INFO - len(per_windows_prompt):1
