2024-12-21 12:36:26,310 - [Process 1/5] - INFO - loading datasets finished
2024-12-21 12:36:26,310 - [Process 1/5] - INFO - model_max_len: 3950
2024-12-21 12:36:26,310 - [Process 1/5] - INFO - output_max_len: 64
2024-12-21 12:36:26,336 - [Process 1/5] - INFO - Max Length is 10337
2024-12-21 12:36:26,336 - [Process 1/5] - INFO - Finish loading dataset
2024-12-21 12:36:26,337 - [Process 1/5] - INFO - get_predicted begin
2024-12-21 12:36:31,151 - [Process 1/5] - INFO - len(per_windows_prompt):1
2024-12-21 12:36:37,046 - [Process 1/5] - INFO - res.shape is :torch.Size([31])
2024-12-21 12:36:37,234 - [Process 1/5] - INFO - len(per_windows_prompt):1
2024-12-21 12:36:41,490 - [Process 1/5] - INFO - res.shape is :torch.Size([10])
2024-12-21 12:36:41,699 - [Process 1/5] - INFO - len(per_windows_prompt):1
2024-12-21 12:36:46,642 - [Process 1/5] - INFO - res.shape is :torch.Size([26])
2024-12-21 12:36:46,839 - [Process 1/5] - INFO - len(per_windows_prompt):1
2024-12-21 12:36:52,268 - [Process 1/5] - INFO - res.shape is :torch.Size([36])
2024-12-21 12:36:52,489 - [Process 1/5] - INFO - len(per_windows_prompt):1
2024-12-21 12:36:57,697 - [Process 1/5] - INFO - res.shape is :torch.Size([32])
2024-12-21 12:36:57,890 - [Process 1/5] - INFO - len(per_windows_prompt):1
2024-12-21 12:37:03,011 - [Process 1/5] - INFO - res.shape is :torch.Size([30])
2024-12-21 12:37:03,110 - [Process 1/5] - INFO - len(per_windows_prompt):1
2024-12-21 12:37:05,305 - [Process 1/5] - INFO - res.shape is :torch.Size([3])
2024-12-21 12:37:05,515 - [Process 1/5] - INFO - len(per_windows_prompt):1
2024-12-21 12:37:11,675 - [Process 1/5] - INFO - res.shape is :torch.Size([54])
2024-12-21 12:37:11,857 - [Process 1/5] - INFO - len(per_windows_prompt):1
2024-12-21 12:37:15,888 - [Process 1/5] - INFO - res.shape is :torch.Size([4])
2024-12-21 12:37:16,070 - [Process 1/5] - INFO - len(per_windows_prompt):1
2024-12-21 12:37:20,154 - [Process 1/5] - INFO - res.shape is :torch.Size([5])
2024-12-21 12:37:20,331 - [Process 1/5] - INFO - len(per_windows_prompt):1
2024-12-21 12:37:24,452 - [Process 1/5] - INFO - res.shape is :torch.Size([6])
2024-12-21 12:37:24,555 - [Process 1/5] - INFO - len(per_windows_prompt):1
2024-12-21 12:37:26,858 - [Process 1/5] - INFO - res.shape is :torch.Size([5])
2024-12-21 12:37:27,043 - [Process 1/5] - INFO - len(per_windows_prompt):1
2024-12-21 12:37:33,763 - [Process 1/5] - INFO - res.shape is :torch.Size([64])
2024-12-21 12:37:34,023 - [Process 1/5] - INFO - len(per_windows_prompt):1
2024-12-21 12:37:40,624 - [Process 1/5] - INFO - res.shape is :torch.Size([64])
2024-12-21 12:37:40,843 - [Process 1/5] - INFO - len(per_windows_prompt):1
2024-12-21 12:37:45,010 - [Process 1/5] - INFO - res.shape is :torch.Size([7])
2024-12-21 12:37:45,219 - [Process 1/5] - INFO - len(per_windows_prompt):1
2024-12-21 12:37:51,641 - [Process 1/5] - INFO - res.shape is :torch.Size([61])
2024-12-21 12:37:51,843 - [Process 1/5] - INFO - len(per_windows_prompt):1
2024-12-21 12:37:56,139 - [Process 1/5] - INFO - res.shape is :torch.Size([10])
2024-12-21 12:37:56,344 - [Process 1/5] - INFO - len(per_windows_prompt):1
2024-12-21 12:38:00,390 - [Process 1/5] - INFO - res.shape is :torch.Size([4])
2024-12-21 12:38:00,547 - [Process 1/5] - INFO - len(per_windows_prompt):1
2024-12-21 12:38:04,468 - [Process 1/5] - INFO - res.shape is :torch.Size([12])
2024-12-21 12:38:04,633 - [Process 1/5] - INFO - len(per_windows_prompt):1
2024-12-21 12:38:08,667 - [Process 1/5] - INFO - res.shape is :torch.Size([4])
2024-12-21 12:38:08,816 - [Process 1/5] - INFO - len(per_windows_prompt):1
2024-12-21 12:38:12,468 - [Process 1/5] - INFO - res.shape is :torch.Size([11])
2024-12-21 12:38:12,704 - [Process 1/5] - INFO - len(per_windows_prompt):1
2024-12-21 12:38:19,255 - [Process 1/5] - INFO - res.shape is :torch.Size([64])
2024-12-21 12:38:19,471 - [Process 1/5] - INFO - len(per_windows_prompt):1
2024-12-21 12:38:25,284 - [Process 1/5] - INFO - res.shape is :torch.Size([45])
2024-12-21 12:38:25,473 - [Process 1/5] - INFO - len(per_windows_prompt):1
2024-12-21 12:38:29,715 - [Process 1/5] - INFO - res.shape is :torch.Size([8])
2024-12-21 12:38:29,887 - [Process 1/5] - INFO - len(per_windows_prompt):1
2024-12-21 12:38:33,756 - [Process 1/5] - INFO - res.shape is :torch.Size([7])
2024-12-21 12:38:33,886 - [Process 1/5] - INFO - len(per_windows_prompt):1
2024-12-21 12:38:37,468 - [Process 1/5] - INFO - res.shape is :torch.Size([11])
2024-12-21 12:38:37,652 - [Process 1/5] - INFO - len(per_windows_prompt):1
2024-12-21 12:38:42,077 - [Process 1/5] - INFO - res.shape is :torch.Size([13])
2024-12-21 12:38:42,226 - [Process 1/5] - INFO - len(per_windows_prompt):1
2024-12-21 12:38:45,551 - [Process 1/5] - INFO - res.shape is :torch.Size([3])
2024-12-21 12:38:45,614 - [Process 1/5] - INFO - len(per_windows_prompt):1
2024-12-21 12:38:47,898 - [Process 1/5] - INFO - res.shape is :torch.Size([27])
2024-12-21 12:38:48,080 - [Process 1/5] - INFO - len(per_windows_prompt):1
2024-12-21 12:38:52,330 - [Process 1/5] - INFO - res.shape is :torch.Size([9])
