2024-12-21 01:25:43,843 - [Process 0/1] - INFO - loading datasets finished
2024-12-21 01:25:43,843 - [Process 0/1] - INFO - model_max_len: 3950
2024-12-21 01:25:43,843 - [Process 0/1] - INFO - output_max_len: 32
2024-12-21 01:25:43,883 - [Process 0/1] - INFO - Max Length is 22099
2024-12-21 01:25:43,884 - [Process 0/1] - INFO - Finish loading dataset
2024-12-21 01:25:43,884 - [Process 0/1] - INFO - get_predicted begin
2024-12-21 01:25:44,046 - [Process 0/1] - INFO - len(per_windows_prompt):1
2024-12-21 01:25:48,573 - [Process 0/1] - INFO - res.shape is :torch.Size([2])
2024-12-21 01:25:48,725 - [Process 0/1] - INFO - len(per_windows_prompt):1
2024-12-21 01:25:52,738 - [Process 0/1] - INFO - res.shape is :torch.Size([2])
2024-12-21 01:25:52,873 - [Process 0/1] - INFO - len(per_windows_prompt):1
2024-12-21 01:25:56,893 - [Process 0/1] - INFO - res.shape is :torch.Size([2])
2024-12-21 01:25:57,099 - [Process 0/1] - INFO - len(per_windows_prompt):1
2024-12-21 01:26:01,135 - [Process 0/1] - INFO - res.shape is :torch.Size([2])
2024-12-21 01:26:01,365 - [Process 0/1] - INFO - len(per_windows_prompt):1
2024-12-21 01:26:05,404 - [Process 0/1] - INFO - res.shape is :torch.Size([2])
2024-12-21 01:26:05,546 - [Process 0/1] - INFO - len(per_windows_prompt):1
2024-12-21 01:26:09,584 - [Process 0/1] - INFO - res.shape is :torch.Size([2])
2024-12-21 01:26:09,707 - [Process 0/1] - INFO - len(per_windows_prompt):1
2024-12-21 01:26:13,751 - [Process 0/1] - INFO - res.shape is :torch.Size([2])
2024-12-21 01:26:13,935 - [Process 0/1] - INFO - len(per_windows_prompt):1
2024-12-21 01:26:17,981 - [Process 0/1] - INFO - res.shape is :torch.Size([2])
2024-12-21 01:26:18,167 - [Process 0/1] - INFO - len(per_windows_prompt):1
2024-12-21 01:26:22,218 - [Process 0/1] - INFO - res.shape is :torch.Size([2])
2024-12-21 01:26:22,388 - [Process 0/1] - INFO - len(per_windows_prompt):1
2024-12-21 01:26:26,437 - [Process 0/1] - INFO - res.shape is :torch.Size([2])
2024-12-21 01:26:26,628 - [Process 0/1] - INFO - len(per_windows_prompt):1
2024-12-21 01:26:30,686 - [Process 0/1] - INFO - res.shape is :torch.Size([2])
2024-12-21 01:26:30,848 - [Process 0/1] - INFO - len(per_windows_prompt):1
2024-12-21 01:26:34,909 - [Process 0/1] - INFO - res.shape is :torch.Size([2])
2024-12-21 01:26:35,024 - [Process 0/1] - INFO - len(per_windows_prompt):1
2024-12-21 01:26:39,082 - [Process 0/1] - INFO - res.shape is :torch.Size([2])
2024-12-21 01:26:39,294 - [Process 0/1] - INFO - len(per_windows_prompt):1
2024-12-21 01:26:43,356 - [Process 0/1] - INFO - res.shape is :torch.Size([2])
2024-12-21 01:26:43,520 - [Process 0/1] - INFO - len(per_windows_prompt):1
2024-12-21 01:26:47,581 - [Process 0/1] - INFO - res.shape is :torch.Size([2])
2024-12-21 01:26:47,740 - [Process 0/1] - INFO - len(per_windows_prompt):1
2024-12-21 01:26:51,808 - [Process 0/1] - INFO - res.shape is :torch.Size([2])
2024-12-21 01:26:51,952 - [Process 0/1] - INFO - len(per_windows_prompt):1
2024-12-21 01:26:56,018 - [Process 0/1] - INFO - res.shape is :torch.Size([2])
2024-12-21 01:26:56,162 - [Process 0/1] - INFO - len(per_windows_prompt):1
2024-12-21 01:27:00,223 - [Process 0/1] - INFO - res.shape is :torch.Size([2])
2024-12-21 01:27:00,408 - [Process 0/1] - INFO - len(per_windows_prompt):1
2024-12-21 01:27:04,473 - [Process 0/1] - INFO - res.shape is :torch.Size([2])
2024-12-21 01:27:04,599 - [Process 0/1] - INFO - len(per_windows_prompt):1
2024-12-21 01:27:08,667 - [Process 0/1] - INFO - res.shape is :torch.Size([2])
2024-12-21 01:27:08,847 - [Process 0/1] - INFO - len(per_windows_prompt):1
2024-12-21 01:27:12,917 - [Process 0/1] - INFO - res.shape is :torch.Size([2])
2024-12-21 01:27:13,102 - [Process 0/1] - INFO - len(per_windows_prompt):1
2024-12-21 01:27:17,168 - [Process 0/1] - INFO - res.shape is :torch.Size([2])
2024-12-21 01:27:17,344 - [Process 0/1] - INFO - len(per_windows_prompt):1
2024-12-21 01:27:21,415 - [Process 0/1] - INFO - res.shape is :torch.Size([2])
2024-12-21 01:27:21,545 - [Process 0/1] - INFO - len(per_windows_prompt):1
2024-12-21 01:27:25,656 - [Process 0/1] - INFO - res.shape is :torch.Size([3])
2024-12-21 01:27:25,788 - [Process 0/1] - INFO - len(per_windows_prompt):1
2024-12-21 01:27:29,866 - [Process 0/1] - INFO - res.shape is :torch.Size([2])
2024-12-21 01:27:30,039 - [Process 0/1] - INFO - len(per_windows_prompt):1
2024-12-21 01:27:34,116 - [Process 0/1] - INFO - res.shape is :torch.Size([2])
2024-12-21 01:27:34,239 - [Process 0/1] - INFO - len(per_windows_prompt):1
2024-12-21 01:27:38,321 - [Process 0/1] - INFO - res.shape is :torch.Size([2])
2024-12-21 01:27:38,530 - [Process 0/1] - INFO - len(per_windows_prompt):1
2024-12-21 01:27:42,609 - [Process 0/1] - INFO - res.shape is :torch.Size([2])
2024-12-21 01:27:42,771 - [Process 0/1] - INFO - len(per_windows_prompt):1
2024-12-21 01:27:46,850 - [Process 0/1] - INFO - res.shape is :torch.Size([2])
2024-12-21 01:27:47,033 - [Process 0/1] - INFO - len(per_windows_prompt):1
2024-12-21 01:27:51,114 - [Process 0/1] - INFO - res.shape is :torch.Size([2])
2024-12-21 01:27:51,295 - [Process 0/1] - INFO - len(per_windows_prompt):1
2024-12-21 01:27:55,377 - [Process 0/1] - INFO - res.shape is :torch.Size([2])
2024-12-21 01:27:55,531 - [Process 0/1] - INFO - len(per_windows_prompt):1
2024-12-21 01:27:59,609 - [Process 0/1] - INFO - res.shape is :torch.Size([2])
2024-12-21 01:27:59,761 - [Process 0/1] - INFO - len(per_windows_prompt):1
2024-12-21 01:28:03,842 - [Process 0/1] - INFO - res.shape is :torch.Size([2])
2024-12-21 01:28:04,012 - [Process 0/1] - INFO - len(per_windows_prompt):1
2024-12-21 01:28:08,131 - [Process 0/1] - INFO - res.shape is :torch.Size([3])
2024-12-21 01:28:08,338 - [Process 0/1] - INFO - len(per_windows_prompt):1
2024-12-21 01:28:12,421 - [Process 0/1] - INFO - res.shape is :torch.Size([2])
2024-12-21 01:28:12,575 - [Process 0/1] - INFO - len(per_windows_prompt):1
2024-12-21 01:28:16,653 - [Process 0/1] - INFO - res.shape is :torch.Size([2])
2024-12-21 01:28:16,827 - [Process 0/1] - INFO - len(per_windows_prompt):1
2024-12-21 01:28:20,948 - [Process 0/1] - INFO - res.shape is :torch.Size([3])
2024-12-21 01:28:21,157 - [Process 0/1] - INFO - len(per_windows_prompt):1
2024-12-21 01:28:25,239 - [Process 0/1] - INFO - res.shape is :torch.Size([2])
2024-12-21 01:28:25,407 - [Process 0/1] - INFO - len(per_windows_prompt):1
2024-12-21 01:28:29,491 - [Process 0/1] - INFO - res.shape is :torch.Size([2])
2024-12-21 01:28:29,656 - [Process 0/1] - INFO - len(per_windows_prompt):1
2024-12-21 01:28:33,780 - [Process 0/1] - INFO - res.shape is :torch.Size([3])
2024-12-21 01:28:33,978 - [Process 0/1] - INFO - len(per_windows_prompt):1
2024-12-21 01:28:38,061 - [Process 0/1] - INFO - res.shape is :torch.Size([2])
2024-12-21 01:28:38,234 - [Process 0/1] - INFO - len(per_windows_prompt):1
2024-12-21 01:28:42,357 - [Process 0/1] - INFO - res.shape is :torch.Size([3])
2024-12-21 01:28:42,516 - [Process 0/1] - INFO - len(per_windows_prompt):1
2024-12-21 01:28:46,601 - [Process 0/1] - INFO - res.shape is :torch.Size([2])
2024-12-21 01:28:46,762 - [Process 0/1] - INFO - len(per_windows_prompt):1
2024-12-21 01:28:50,845 - [Process 0/1] - INFO - res.shape is :torch.Size([2])
2024-12-21 01:28:51,029 - [Process 0/1] - INFO - len(per_windows_prompt):1
2024-12-21 01:28:55,112 - [Process 0/1] - INFO - res.shape is :torch.Size([2])
2024-12-21 01:28:55,277 - [Process 0/1] - INFO - len(per_windows_prompt):1
2024-12-21 01:28:59,361 - [Process 0/1] - INFO - res.shape is :torch.Size([2])
2024-12-21 01:28:59,499 - [Process 0/1] - INFO - len(per_windows_prompt):1
2024-12-21 01:29:03,583 - [Process 0/1] - INFO - res.shape is :torch.Size([2])
2024-12-21 01:29:03,750 - [Process 0/1] - INFO - len(per_windows_prompt):1
2024-12-21 01:29:07,836 - [Process 0/1] - INFO - res.shape is :torch.Size([2])
2024-12-21 01:29:07,967 - [Process 0/1] - INFO - len(per_windows_prompt):1
2024-12-21 01:29:12,053 - [Process 0/1] - INFO - res.shape is :torch.Size([2])
2024-12-21 01:29:12,202 - [Process 0/1] - INFO - len(per_windows_prompt):1
2024-12-21 01:29:16,284 - [Process 0/1] - INFO - res.shape is :torch.Size([2])
2024-12-21 01:29:16,432 - [Process 0/1] - INFO - len(per_windows_prompt):1
2024-12-21 01:29:20,517 - [Process 0/1] - INFO - res.shape is :torch.Size([2])
2024-12-21 01:29:20,637 - [Process 0/1] - INFO - len(per_windows_prompt):1
2024-12-21 01:29:24,723 - [Process 0/1] - INFO - res.shape is :torch.Size([2])
2024-12-21 01:29:24,887 - [Process 0/1] - INFO - len(per_windows_prompt):1
2024-12-21 01:29:28,973 - [Process 0/1] - INFO - res.shape is :torch.Size([2])
2024-12-21 01:29:29,139 - [Process 0/1] - INFO - len(per_windows_prompt):1
2024-12-21 01:29:33,223 - [Process 0/1] - INFO - res.shape is :torch.Size([2])
2024-12-21 01:29:33,379 - [Process 0/1] - INFO - len(per_windows_prompt):1
2024-12-21 01:29:37,465 - [Process 0/1] - INFO - res.shape is :torch.Size([2])
2024-12-21 01:29:37,603 - [Process 0/1] - INFO - len(per_windows_prompt):1
2024-12-21 01:29:41,687 - [Process 0/1] - INFO - res.shape is :torch.Size([2])
2024-12-21 01:29:41,817 - [Process 0/1] - INFO - len(per_windows_prompt):1
2024-12-21 01:29:45,903 - [Process 0/1] - INFO - res.shape is :torch.Size([2])
2024-12-21 01:29:46,083 - [Process 0/1] - INFO - len(per_windows_prompt):1
2024-12-21 01:29:50,170 - [Process 0/1] - INFO - res.shape is :torch.Size([2])
2024-12-21 01:29:50,373 - [Process 0/1] - INFO - len(per_windows_prompt):1
2024-12-21 01:29:54,455 - [Process 0/1] - INFO - res.shape is :torch.Size([2])
2024-12-21 01:29:54,655 - [Process 0/1] - INFO - len(per_windows_prompt):1
2024-12-21 01:29:58,742 - [Process 0/1] - INFO - res.shape is :torch.Size([2])
2024-12-21 01:29:58,919 - [Process 0/1] - INFO - len(per_windows_prompt):1
2024-12-21 01:30:03,008 - [Process 0/1] - INFO - res.shape is :torch.Size([2])
2024-12-21 01:30:03,173 - [Process 0/1] - INFO - len(per_windows_prompt):1
2024-12-21 01:30:07,298 - [Process 0/1] - INFO - res.shape is :torch.Size([3])
2024-12-21 01:30:07,474 - [Process 0/1] - INFO - len(per_windows_prompt):1
2024-12-21 01:30:11,561 - [Process 0/1] - INFO - res.shape is :torch.Size([2])
2024-12-21 01:30:11,736 - [Process 0/1] - INFO - len(per_windows_prompt):1
2024-12-21 01:30:15,818 - [Process 0/1] - INFO - res.shape is :torch.Size([2])
2024-12-21 01:30:15,950 - [Process 0/1] - INFO - len(per_windows_prompt):1
2024-12-21 01:30:20,037 - [Process 0/1] - INFO - res.shape is :torch.Size([2])
2024-12-21 01:30:20,233 - [Process 0/1] - INFO - len(per_windows_prompt):1
2024-12-21 01:30:24,316 - [Process 0/1] - INFO - res.shape is :torch.Size([2])
2024-12-21 01:30:24,473 - [Process 0/1] - INFO - len(per_windows_prompt):1
2024-12-21 01:30:28,556 - [Process 0/1] - INFO - res.shape is :torch.Size([2])
2024-12-21 01:30:28,687 - [Process 0/1] - INFO - len(per_windows_prompt):1
2024-12-21 01:30:32,770 - [Process 0/1] - INFO - res.shape is :torch.Size([2])
2024-12-21 01:30:32,912 - [Process 0/1] - INFO - len(per_windows_prompt):1
2024-12-21 01:30:36,996 - [Process 0/1] - INFO - res.shape is :torch.Size([2])
2024-12-21 01:30:37,151 - [Process 0/1] - INFO - len(per_windows_prompt):1
2024-12-21 01:30:41,236 - [Process 0/1] - INFO - res.shape is :torch.Size([2])
2024-12-21 01:30:41,392 - [Process 0/1] - INFO - len(per_windows_prompt):1
2024-12-21 01:30:45,519 - [Process 0/1] - INFO - res.shape is :torch.Size([3])
2024-12-21 01:30:45,676 - [Process 0/1] - INFO - len(per_windows_prompt):1
2024-12-21 01:30:49,761 - [Process 0/1] - INFO - res.shape is :torch.Size([2])
2024-12-21 01:30:49,918 - [Process 0/1] - INFO - len(per_windows_prompt):1
2024-12-21 01:30:54,001 - [Process 0/1] - INFO - res.shape is :torch.Size([2])
2024-12-21 01:30:54,142 - [Process 0/1] - INFO - len(per_windows_prompt):1
2024-12-21 01:30:58,227 - [Process 0/1] - INFO - res.shape is :torch.Size([2])
2024-12-21 01:30:58,362 - [Process 0/1] - INFO - len(per_windows_prompt):1
2024-12-21 01:31:02,446 - [Process 0/1] - INFO - res.shape is :torch.Size([2])
2024-12-21 01:31:02,630 - [Process 0/1] - INFO - len(per_windows_prompt):1
2024-12-21 01:31:06,714 - [Process 0/1] - INFO - res.shape is :torch.Size([2])
2024-12-21 01:31:06,925 - [Process 0/1] - INFO - len(per_windows_prompt):1
2024-12-21 01:31:11,048 - [Process 0/1] - INFO - res.shape is :torch.Size([3])
2024-12-21 01:31:11,172 - [Process 0/1] - INFO - len(per_windows_prompt):1
2024-12-21 01:31:15,256 - [Process 0/1] - INFO - res.shape is :torch.Size([2])
2024-12-21 01:31:15,381 - [Process 0/1] - INFO - len(per_windows_prompt):1
2024-12-21 01:31:19,465 - [Process 0/1] - INFO - res.shape is :torch.Size([2])
2024-12-21 01:31:19,637 - [Process 0/1] - INFO - len(per_windows_prompt):1
2024-12-21 01:31:23,720 - [Process 0/1] - INFO - res.shape is :torch.Size([2])
2024-12-21 01:31:23,892 - [Process 0/1] - INFO - len(per_windows_prompt):1
2024-12-21 01:31:28,015 - [Process 0/1] - INFO - res.shape is :torch.Size([3])
2024-12-21 01:31:28,186 - [Process 0/1] - INFO - len(per_windows_prompt):1
2024-12-21 01:31:32,945 - [Process 0/1] - INFO - res.shape is :torch.Size([19])
2024-12-21 01:31:33,079 - [Process 0/1] - INFO - len(per_windows_prompt):1
2024-12-21 01:31:37,163 - [Process 0/1] - INFO - res.shape is :torch.Size([2])
2024-12-21 01:31:37,304 - [Process 0/1] - INFO - len(per_windows_prompt):1
2024-12-21 01:31:41,386 - [Process 0/1] - INFO - res.shape is :torch.Size([2])
2024-12-21 01:31:41,531 - [Process 0/1] - INFO - len(per_windows_prompt):1
2024-12-21 01:31:45,615 - [Process 0/1] - INFO - res.shape is :torch.Size([2])
2024-12-21 01:31:45,778 - [Process 0/1] - INFO - len(per_windows_prompt):1
2024-12-21 01:31:49,859 - [Process 0/1] - INFO - res.shape is :torch.Size([2])
2024-12-21 01:31:50,006 - [Process 0/1] - INFO - len(per_windows_prompt):1
2024-12-21 01:31:54,088 - [Process 0/1] - INFO - res.shape is :torch.Size([2])
2024-12-21 01:31:54,220 - [Process 0/1] - INFO - len(per_windows_prompt):1
2024-12-21 01:31:58,300 - [Process 0/1] - INFO - res.shape is :torch.Size([2])
2024-12-21 01:31:58,423 - [Process 0/1] - INFO - len(per_windows_prompt):1
2024-12-21 01:32:02,506 - [Process 0/1] - INFO - res.shape is :torch.Size([2])
2024-12-21 01:32:02,664 - [Process 0/1] - INFO - len(per_windows_prompt):1
2024-12-21 01:32:06,747 - [Process 0/1] - INFO - res.shape is :torch.Size([2])
2024-12-21 01:32:06,892 - [Process 0/1] - INFO - len(per_windows_prompt):1
2024-12-21 01:32:10,978 - [Process 0/1] - INFO - res.shape is :torch.Size([2])
2024-12-21 01:32:11,139 - [Process 0/1] - INFO - len(per_windows_prompt):1
2024-12-21 01:32:15,221 - [Process 0/1] - INFO - res.shape is :torch.Size([2])
2024-12-21 01:32:15,377 - [Process 0/1] - INFO - len(per_windows_prompt):1
2024-12-21 01:32:19,459 - [Process 0/1] - INFO - res.shape is :torch.Size([2])
2024-12-21 01:32:19,625 - [Process 0/1] - INFO - len(per_windows_prompt):1
2024-12-21 01:32:23,708 - [Process 0/1] - INFO - res.shape is :torch.Size([2])
2024-12-21 01:32:23,894 - [Process 0/1] - INFO - len(per_windows_prompt):1
2024-12-21 01:32:27,977 - [Process 0/1] - INFO - res.shape is :torch.Size([2])
2024-12-21 01:32:28,153 - [Process 0/1] - INFO - len(per_windows_prompt):1
2024-12-21 01:32:32,238 - [Process 0/1] - INFO - res.shape is :torch.Size([2])
2024-12-21 01:32:32,400 - [Process 0/1] - INFO - len(per_windows_prompt):1
2024-12-21 01:32:36,483 - [Process 0/1] - INFO - res.shape is :torch.Size([2])
2024-12-21 01:32:36,631 - [Process 0/1] - INFO - len(per_windows_prompt):1
2024-12-21 01:32:40,713 - [Process 0/1] - INFO - res.shape is :torch.Size([2])
2024-12-21 01:32:40,845 - [Process 0/1] - INFO - len(per_windows_prompt):1
2024-12-21 01:32:44,927 - [Process 0/1] - INFO - res.shape is :torch.Size([2])
2024-12-21 01:32:45,039 - [Process 0/1] - INFO - len(per_windows_prompt):1
2024-12-21 01:32:49,122 - [Process 0/1] - INFO - res.shape is :torch.Size([2])
2024-12-21 01:32:49,299 - [Process 0/1] - INFO - len(per_windows_prompt):1
2024-12-21 01:32:53,383 - [Process 0/1] - INFO - res.shape is :torch.Size([2])
2024-12-21 01:32:53,519 - [Process 0/1] - INFO - len(per_windows_prompt):1
2024-12-21 01:32:57,602 - [Process 0/1] - INFO - res.shape is :torch.Size([2])
2024-12-21 01:32:57,786 - [Process 0/1] - INFO - len(per_windows_prompt):1
2024-12-21 01:33:01,868 - [Process 0/1] - INFO - res.shape is :torch.Size([2])
2024-12-21 01:33:01,999 - [Process 0/1] - INFO - len(per_windows_prompt):1
2024-12-21 01:33:06,083 - [Process 0/1] - INFO - res.shape is :torch.Size([2])
2024-12-21 01:33:06,244 - [Process 0/1] - INFO - len(per_windows_prompt):1
2024-12-21 01:33:10,367 - [Process 0/1] - INFO - res.shape is :torch.Size([3])
2024-12-21 01:33:10,575 - [Process 0/1] - INFO - len(per_windows_prompt):1
2024-12-21 01:33:14,656 - [Process 0/1] - INFO - res.shape is :torch.Size([2])
2024-12-21 01:33:14,829 - [Process 0/1] - INFO - len(per_windows_prompt):1
2024-12-21 01:33:18,909 - [Process 0/1] - INFO - res.shape is :torch.Size([2])
2024-12-21 01:33:19,108 - [Process 0/1] - INFO - len(per_windows_prompt):1
2024-12-21 01:33:23,229 - [Process 0/1] - INFO - res.shape is :torch.Size([3])
2024-12-21 01:33:23,419 - [Process 0/1] - INFO - len(per_windows_prompt):1
2024-12-21 01:33:27,540 - [Process 0/1] - INFO - res.shape is :torch.Size([3])
2024-12-21 01:33:27,689 - [Process 0/1] - INFO - len(per_windows_prompt):1
2024-12-21 01:33:31,772 - [Process 0/1] - INFO - res.shape is :torch.Size([2])
2024-12-21 01:33:31,925 - [Process 0/1] - INFO - len(per_windows_prompt):1
2024-12-21 01:33:36,049 - [Process 0/1] - INFO - res.shape is :torch.Size([3])
2024-12-21 01:33:36,234 - [Process 0/1] - INFO - len(per_windows_prompt):1
2024-12-21 01:33:40,315 - [Process 0/1] - INFO - res.shape is :torch.Size([2])
2024-12-21 01:33:40,494 - [Process 0/1] - INFO - len(per_windows_prompt):1
2024-12-21 01:33:44,574 - [Process 0/1] - INFO - res.shape is :torch.Size([2])
2024-12-21 01:33:44,731 - [Process 0/1] - INFO - len(per_windows_prompt):1
2024-12-21 01:33:48,809 - [Process 0/1] - INFO - res.shape is :torch.Size([2])
2024-12-21 01:33:48,934 - [Process 0/1] - INFO - len(per_windows_prompt):1
2024-12-21 01:33:53,015 - [Process 0/1] - INFO - res.shape is :torch.Size([2])
2024-12-21 01:33:53,179 - [Process 0/1] - INFO - len(per_windows_prompt):1
2024-12-21 01:33:57,262 - [Process 0/1] - INFO - res.shape is :torch.Size([2])
2024-12-21 01:33:57,378 - [Process 0/1] - INFO - len(per_windows_prompt):1
2024-12-21 01:34:01,775 - [Process 0/1] - INFO - res.shape is :torch.Size([10])
2024-12-21 01:34:01,917 - [Process 0/1] - INFO - len(per_windows_prompt):1
2024-12-21 01:34:06,000 - [Process 0/1] - INFO - res.shape is :torch.Size([2])
2024-12-21 01:34:06,173 - [Process 0/1] - INFO - len(per_windows_prompt):1
2024-12-21 01:34:10,256 - [Process 0/1] - INFO - res.shape is :torch.Size([2])
2024-12-21 01:34:10,430 - [Process 0/1] - INFO - len(per_windows_prompt):1
2024-12-21 01:34:14,511 - [Process 0/1] - INFO - res.shape is :torch.Size([2])
2024-12-21 01:34:14,641 - [Process 0/1] - INFO - len(per_windows_prompt):1
2024-12-21 01:34:18,720 - [Process 0/1] - INFO - res.shape is :torch.Size([2])
2024-12-21 01:34:18,900 - [Process 0/1] - INFO - len(per_windows_prompt):1
2024-12-21 01:34:22,980 - [Process 0/1] - INFO - res.shape is :torch.Size([2])
2024-12-21 01:34:23,168 - [Process 0/1] - INFO - len(per_windows_prompt):1
2024-12-21 01:34:27,249 - [Process 0/1] - INFO - res.shape is :torch.Size([2])
2024-12-21 01:34:27,421 - [Process 0/1] - INFO - len(per_windows_prompt):1
2024-12-21 01:34:31,502 - [Process 0/1] - INFO - res.shape is :torch.Size([2])
2024-12-21 01:34:31,659 - [Process 0/1] - INFO - len(per_windows_prompt):1
2024-12-21 01:34:35,741 - [Process 0/1] - INFO - res.shape is :torch.Size([2])
2024-12-21 01:34:35,870 - [Process 0/1] - INFO - len(per_windows_prompt):1
2024-12-21 01:34:39,953 - [Process 0/1] - INFO - res.shape is :torch.Size([2])
2024-12-21 01:34:40,174 - [Process 0/1] - INFO - len(per_windows_prompt):1
2024-12-21 01:34:44,252 - [Process 0/1] - INFO - res.shape is :torch.Size([2])
2024-12-21 01:34:44,380 - [Process 0/1] - INFO - len(per_windows_prompt):1
2024-12-21 01:34:48,461 - [Process 0/1] - INFO - res.shape is :torch.Size([2])
2024-12-21 01:34:48,622 - [Process 0/1] - INFO - len(per_windows_prompt):1
2024-12-21 01:34:52,704 - [Process 0/1] - INFO - res.shape is :torch.Size([2])
2024-12-21 01:34:52,873 - [Process 0/1] - INFO - len(per_windows_prompt):1
2024-12-21 01:34:56,954 - [Process 0/1] - INFO - res.shape is :torch.Size([2])
2024-12-21 01:34:57,121 - [Process 0/1] - INFO - len(per_windows_prompt):1
2024-12-21 01:35:01,238 - [Process 0/1] - INFO - res.shape is :torch.Size([3])
2024-12-21 01:35:01,407 - [Process 0/1] - INFO - len(per_windows_prompt):1
2024-12-21 01:35:05,488 - [Process 0/1] - INFO - res.shape is :torch.Size([2])
2024-12-21 01:35:05,619 - [Process 0/1] - INFO - len(per_windows_prompt):1
2024-12-21 01:35:09,702 - [Process 0/1] - INFO - res.shape is :torch.Size([2])
2024-12-21 01:35:09,869 - [Process 0/1] - INFO - len(per_windows_prompt):1
2024-12-21 01:35:13,948 - [Process 0/1] - INFO - res.shape is :torch.Size([2])
2024-12-21 01:35:14,120 - [Process 0/1] - INFO - len(per_windows_prompt):1
2024-12-21 01:35:18,198 - [Process 0/1] - INFO - res.shape is :torch.Size([2])
2024-12-21 01:35:18,403 - [Process 0/1] - INFO - len(per_windows_prompt):1
2024-12-21 01:35:22,483 - [Process 0/1] - INFO - res.shape is :torch.Size([2])
2024-12-21 01:35:22,654 - [Process 0/1] - INFO - len(per_windows_prompt):1
2024-12-21 01:35:26,734 - [Process 0/1] - INFO - res.shape is :torch.Size([2])
2024-12-21 01:35:26,857 - [Process 0/1] - INFO - len(per_windows_prompt):1
2024-12-21 01:35:30,937 - [Process 0/1] - INFO - res.shape is :torch.Size([2])
2024-12-21 01:35:31,064 - [Process 0/1] - INFO - len(per_windows_prompt):1
2024-12-21 01:35:35,147 - [Process 0/1] - INFO - res.shape is :torch.Size([2])
2024-12-21 01:35:35,328 - [Process 0/1] - INFO - len(per_windows_prompt):1
2024-12-21 01:35:39,409 - [Process 0/1] - INFO - res.shape is :torch.Size([2])
2024-12-21 01:35:39,583 - [Process 0/1] - INFO - len(per_windows_prompt):1
2024-12-21 01:35:43,664 - [Process 0/1] - INFO - res.shape is :torch.Size([2])
2024-12-21 01:35:43,849 - [Process 0/1] - INFO - len(per_windows_prompt):1
2024-12-21 01:35:47,931 - [Process 0/1] - INFO - res.shape is :torch.Size([2])
2024-12-21 01:35:48,080 - [Process 0/1] - INFO - len(per_windows_prompt):1
2024-12-21 01:35:52,157 - [Process 0/1] - INFO - res.shape is :torch.Size([2])
2024-12-21 01:35:52,349 - [Process 0/1] - INFO - len(per_windows_prompt):1
2024-12-21 01:35:56,431 - [Process 0/1] - INFO - res.shape is :torch.Size([2])
2024-12-21 01:35:56,607 - [Process 0/1] - INFO - len(per_windows_prompt):1
2024-12-21 01:36:00,727 - [Process 0/1] - INFO - res.shape is :torch.Size([3])
2024-12-21 01:36:00,882 - [Process 0/1] - INFO - len(per_windows_prompt):1
2024-12-21 01:36:04,965 - [Process 0/1] - INFO - res.shape is :torch.Size([2])
2024-12-21 01:36:05,163 - [Process 0/1] - INFO - len(per_windows_prompt):1
2024-12-21 01:36:09,244 - [Process 0/1] - INFO - res.shape is :torch.Size([2])
2024-12-21 01:36:09,436 - [Process 0/1] - INFO - len(per_windows_prompt):1
2024-12-21 01:36:13,516 - [Process 0/1] - INFO - res.shape is :torch.Size([2])
2024-12-21 01:36:13,645 - [Process 0/1] - INFO - len(per_windows_prompt):1
2024-12-21 01:36:17,728 - [Process 0/1] - INFO - res.shape is :torch.Size([2])
2024-12-21 01:36:17,882 - [Process 0/1] - INFO - len(per_windows_prompt):1
2024-12-21 01:36:21,965 - [Process 0/1] - INFO - res.shape is :torch.Size([2])
2024-12-21 01:36:22,091 - [Process 0/1] - INFO - len(per_windows_prompt):1
2024-12-21 01:36:26,172 - [Process 0/1] - INFO - res.shape is :torch.Size([2])
2024-12-21 01:36:26,363 - [Process 0/1] - INFO - len(per_windows_prompt):1
2024-12-21 01:36:30,442 - [Process 0/1] - INFO - res.shape is :torch.Size([2])
2024-12-21 01:36:30,563 - [Process 0/1] - INFO - len(per_windows_prompt):1
2024-12-21 01:36:34,644 - [Process 0/1] - INFO - res.shape is :torch.Size([2])
2024-12-21 01:36:34,796 - [Process 0/1] - INFO - len(per_windows_prompt):1
2024-12-21 01:36:38,878 - [Process 0/1] - INFO - res.shape is :torch.Size([2])
2024-12-21 01:36:39,073 - [Process 0/1] - INFO - len(per_windows_prompt):1
2024-12-21 01:36:43,194 - [Process 0/1] - INFO - res.shape is :torch.Size([3])
2024-12-21 01:36:43,363 - [Process 0/1] - INFO - len(per_windows_prompt):1
2024-12-21 01:36:47,442 - [Process 0/1] - INFO - res.shape is :torch.Size([2])
2024-12-21 01:36:47,590 - [Process 0/1] - INFO - len(per_windows_prompt):1
2024-12-21 01:36:51,671 - [Process 0/1] - INFO - res.shape is :torch.Size([2])
2024-12-21 01:36:51,801 - [Process 0/1] - INFO - len(per_windows_prompt):1
2024-12-21 01:36:55,880 - [Process 0/1] - INFO - res.shape is :torch.Size([2])
2024-12-21 01:36:56,047 - [Process 0/1] - INFO - len(per_windows_prompt):1
2024-12-21 01:37:00,129 - [Process 0/1] - INFO - res.shape is :torch.Size([2])
2024-12-21 01:37:00,297 - [Process 0/1] - INFO - len(per_windows_prompt):1
2024-12-21 01:37:04,377 - [Process 0/1] - INFO - res.shape is :torch.Size([2])
2024-12-21 01:37:04,523 - [Process 0/1] - INFO - len(per_windows_prompt):1
2024-12-21 01:37:08,606 - [Process 0/1] - INFO - res.shape is :torch.Size([2])
2024-12-21 01:37:08,783 - [Process 0/1] - INFO - len(per_windows_prompt):1
2024-12-21 01:37:12,862 - [Process 0/1] - INFO - res.shape is :torch.Size([2])
2024-12-21 01:37:13,011 - [Process 0/1] - INFO - len(per_windows_prompt):1
2024-12-21 01:37:17,133 - [Process 0/1] - INFO - res.shape is :torch.Size([3])
2024-12-21 01:37:17,273 - [Process 0/1] - INFO - len(per_windows_prompt):1
2024-12-21 01:37:21,354 - [Process 0/1] - INFO - res.shape is :torch.Size([2])
2024-12-21 01:37:21,530 - [Process 0/1] - INFO - len(per_windows_prompt):1
2024-12-21 01:37:25,611 - [Process 0/1] - INFO - res.shape is :torch.Size([2])
2024-12-21 01:37:25,783 - [Process 0/1] - INFO - len(per_windows_prompt):1
2024-12-21 01:37:29,864 - [Process 0/1] - INFO - res.shape is :torch.Size([2])
2024-12-21 01:37:30,037 - [Process 0/1] - INFO - len(per_windows_prompt):1
2024-12-21 01:37:34,120 - [Process 0/1] - INFO - res.shape is :torch.Size([2])
2024-12-21 01:37:34,310 - [Process 0/1] - INFO - len(per_windows_prompt):1
2024-12-21 01:37:38,392 - [Process 0/1] - INFO - res.shape is :torch.Size([2])
2024-12-21 01:37:38,574 - [Process 0/1] - INFO - len(per_windows_prompt):1
2024-12-21 01:37:42,655 - [Process 0/1] - INFO - res.shape is :torch.Size([2])
2024-12-21 01:37:42,853 - [Process 0/1] - INFO - len(per_windows_prompt):1
2024-12-21 01:37:46,974 - [Process 0/1] - INFO - res.shape is :torch.Size([3])
2024-12-21 01:37:47,140 - [Process 0/1] - INFO - len(per_windows_prompt):1
2024-12-21 01:37:51,223 - [Process 0/1] - INFO - res.shape is :torch.Size([2])
2024-12-21 01:37:51,421 - [Process 0/1] - INFO - len(per_windows_prompt):1
2024-12-21 01:37:55,501 - [Process 0/1] - INFO - res.shape is :torch.Size([2])
2024-12-21 01:37:55,649 - [Process 0/1] - INFO - len(per_windows_prompt):1
2024-12-21 01:37:59,734 - [Process 0/1] - INFO - res.shape is :torch.Size([2])
2024-12-21 01:37:59,936 - [Process 0/1] - INFO - len(per_windows_prompt):1
2024-12-21 01:38:04,019 - [Process 0/1] - INFO - res.shape is :torch.Size([2])
2024-12-21 01:38:04,163 - [Process 0/1] - INFO - len(per_windows_prompt):1
2024-12-21 01:38:08,243 - [Process 0/1] - INFO - res.shape is :torch.Size([2])
2024-12-21 01:38:08,366 - [Process 0/1] - INFO - len(per_windows_prompt):1
2024-12-21 01:38:12,486 - [Process 0/1] - INFO - res.shape is :torch.Size([3])
2024-12-21 01:38:12,660 - [Process 0/1] - INFO - len(per_windows_prompt):1
2024-12-21 01:38:16,744 - [Process 0/1] - INFO - res.shape is :torch.Size([2])
2024-12-21 01:38:16,867 - [Process 0/1] - INFO - len(per_windows_prompt):1
2024-12-21 01:38:20,952 - [Process 0/1] - INFO - res.shape is :torch.Size([2])
2024-12-21 01:38:21,142 - [Process 0/1] - INFO - len(per_windows_prompt):1
2024-12-21 01:38:25,224 - [Process 0/1] - INFO - res.shape is :torch.Size([2])
2024-12-21 01:38:25,367 - [Process 0/1] - INFO - len(per_windows_prompt):1
2024-12-21 01:38:29,449 - [Process 0/1] - INFO - res.shape is :torch.Size([2])
2024-12-21 01:38:29,622 - [Process 0/1] - INFO - len(per_windows_prompt):1
2024-12-21 01:38:33,706 - [Process 0/1] - INFO - res.shape is :torch.Size([2])
2024-12-21 01:38:33,880 - [Process 0/1] - INFO - len(per_windows_prompt):1
2024-12-21 01:38:37,961 - [Process 0/1] - INFO - res.shape is :torch.Size([2])
2024-12-21 01:38:38,131 - [Process 0/1] - INFO - len(per_windows_prompt):1
2024-12-21 01:38:42,216 - [Process 0/1] - INFO - res.shape is :torch.Size([2])
2024-12-21 01:38:42,385 - [Process 0/1] - INFO - len(per_windows_prompt):1
2024-12-21 01:38:46,467 - [Process 0/1] - INFO - res.shape is :torch.Size([2])
2024-12-21 01:38:46,610 - [Process 0/1] - INFO - len(per_windows_prompt):1
2024-12-21 01:38:50,693 - [Process 0/1] - INFO - res.shape is :torch.Size([2])
2024-12-21 01:38:50,837 - [Process 0/1] - INFO - len(per_windows_prompt):1
2024-12-21 01:38:54,920 - [Process 0/1] - INFO - res.shape is :torch.Size([2])
2024-12-21 01:38:55,072 - [Process 0/1] - INFO - len(per_windows_prompt):1
2024-12-21 01:38:59,156 - [Process 0/1] - INFO - res.shape is :torch.Size([2])
2024-12-21 01:38:59,337 - [Process 0/1] - INFO - len(per_windows_prompt):1
2024-12-21 01:39:03,419 - [Process 0/1] - INFO - res.shape is :torch.Size([2])
2024-12-21 01:39:03,567 - [Process 0/1] - INFO - len(per_windows_prompt):1
2024-12-21 01:39:07,650 - [Process 0/1] - INFO - res.shape is :torch.Size([2])
2024-12-21 01:39:07,850 - [Process 0/1] - INFO - len(per_windows_prompt):1
2024-12-21 01:39:11,932 - [Process 0/1] - INFO - res.shape is :torch.Size([2])
2024-12-21 01:39:12,100 - [Process 0/1] - INFO - len(per_windows_prompt):1
2024-12-21 01:39:16,184 - [Process 0/1] - INFO - res.shape is :torch.Size([2])
2024-12-21 01:39:16,322 - [Process 0/1] - INFO - len(per_windows_prompt):1
2024-12-21 01:39:20,406 - [Process 0/1] - INFO - res.shape is :torch.Size([2])
2024-12-21 01:39:20,556 - [Process 0/1] - INFO - len(per_windows_prompt):1
2024-12-21 01:39:24,640 - [Process 0/1] - INFO - res.shape is :torch.Size([2])
2024-12-21 01:39:24,837 - [Process 0/1] - INFO - len(per_windows_prompt):1
2024-12-21 01:39:28,923 - [Process 0/1] - INFO - res.shape is :torch.Size([2])
2024-12-21 01:39:29,080 - [Process 0/1] - INFO - len(per_windows_prompt):1
2024-12-21 01:39:33,162 - [Process 0/1] - INFO - res.shape is :torch.Size([2])
2024-12-21 01:39:33,353 - [Process 0/1] - INFO - len(per_windows_prompt):1
2024-12-21 01:39:37,437 - [Process 0/1] - INFO - res.shape is :torch.Size([2])
2024-12-21 01:39:37,623 - [Process 0/1] - INFO - len(per_windows_prompt):1
2024-12-21 01:39:41,744 - [Process 0/1] - INFO - res.shape is :torch.Size([3])
2024-12-21 01:39:41,874 - [Process 0/1] - INFO - len(per_windows_prompt):1
2024-12-21 01:39:46,033 - [Process 0/1] - INFO - res.shape is :torch.Size([4])
2024-12-21 01:39:46,235 - [Process 0/1] - INFO - len(per_windows_prompt):1
2024-12-21 01:39:50,321 - [Process 0/1] - INFO - res.shape is :torch.Size([2])
2024-12-21 01:39:50,454 - [Process 0/1] - INFO - len(per_windows_prompt):1
2024-12-21 01:39:54,540 - [Process 0/1] - INFO - res.shape is :torch.Size([2])
