2024-12-21 13:54:18,948 - [Process 2/5] - INFO - loading datasets finished
2024-12-21 13:54:18,948 - [Process 2/5] - INFO - model_max_len: 3950
2024-12-21 13:54:18,948 - [Process 2/5] - INFO - output_max_len: 64
2024-12-21 13:54:18,969 - [Process 2/5] - INFO - Max Length is 10029
2024-12-21 13:54:18,970 - [Process 2/5] - INFO - Finish loading dataset
2024-12-21 13:54:18,970 - [Process 2/5] - INFO - get_predicted begin
2024-12-21 13:54:23,723 - [Process 2/5] - INFO - len(per_windows_prompt):1
2024-12-21 13:54:30,619 - [Process 2/5] - INFO - res.shape is :torch.Size([64])
2024-12-21 13:54:30,685 - [Process 2/5] - INFO - len(per_windows_prompt):1
2024-12-21 13:54:35,193 - [Process 2/5] - INFO - res.shape is :torch.Size([64])
2024-12-21 13:54:35,264 - [Process 2/5] - INFO - len(per_windows_prompt):1
2024-12-21 13:54:40,038 - [Process 2/5] - INFO - res.shape is :torch.Size([64])
2024-12-21 13:54:40,097 - [Process 2/5] - INFO - len(per_windows_prompt):1
2024-12-21 13:54:44,347 - [Process 2/5] - INFO - res.shape is :torch.Size([64])
2024-12-21 13:54:44,398 - [Process 2/5] - INFO - len(per_windows_prompt):1
2024-12-21 13:54:48,200 - [Process 2/5] - INFO - res.shape is :torch.Size([64])
2024-12-21 13:54:48,304 - [Process 2/5] - INFO - len(per_windows_prompt):1
2024-12-21 13:54:54,645 - [Process 2/5] - INFO - res.shape is :torch.Size([64])
2024-12-21 13:54:54,724 - [Process 2/5] - INFO - len(per_windows_prompt):1
2024-12-21 13:55:00,047 - [Process 2/5] - INFO - res.shape is :torch.Size([64])
2024-12-21 13:55:00,117 - [Process 2/5] - INFO - len(per_windows_prompt):1
2024-12-21 13:55:04,940 - [Process 2/5] - INFO - res.shape is :torch.Size([64])
2024-12-21 13:55:05,021 - [Process 2/5] - INFO - len(per_windows_prompt):1
2024-12-21 13:55:10,508 - [Process 2/5] - INFO - res.shape is :torch.Size([64])
2024-12-21 13:55:10,618 - [Process 2/5] - INFO - len(per_windows_prompt):1
2024-12-21 13:55:16,974 - [Process 2/5] - INFO - res.shape is :torch.Size([64])
2024-12-21 13:55:17,063 - [Process 2/5] - INFO - len(per_windows_prompt):1
2024-12-21 13:55:22,625 - [Process 2/5] - INFO - res.shape is :torch.Size([64])
2024-12-21 13:55:22,729 - [Process 2/5] - INFO - len(per_windows_prompt):1
2024-12-21 13:55:29,103 - [Process 2/5] - INFO - res.shape is :torch.Size([64])
2024-12-21 13:55:29,229 - [Process 2/5] - INFO - len(per_windows_prompt):1
2024-12-21 13:55:34,290 - [Process 2/5] - INFO - res.shape is :torch.Size([64])
2024-12-21 13:55:34,407 - [Process 2/5] - INFO - len(per_windows_prompt):1
2024-12-21 13:55:39,132 - [Process 2/5] - INFO - res.shape is :torch.Size([64])
2024-12-21 13:55:39,320 - [Process 2/5] - INFO - len(per_windows_prompt):1
2024-12-21 13:55:45,995 - [Process 2/5] - INFO - res.shape is :torch.Size([64])
2024-12-21 13:55:46,163 - [Process 2/5] - INFO - len(per_windows_prompt):1
2024-12-21 13:55:52,140 - [Process 2/5] - INFO - res.shape is :torch.Size([64])
2024-12-21 13:55:52,227 - [Process 2/5] - INFO - len(per_windows_prompt):1
2024-12-21 13:55:56,322 - [Process 2/5] - INFO - res.shape is :torch.Size([64])
2024-12-21 13:55:56,519 - [Process 2/5] - INFO - len(per_windows_prompt):1
2024-12-21 13:56:03,230 - [Process 2/5] - INFO - res.shape is :torch.Size([64])
2024-12-21 13:56:03,359 - [Process 2/5] - INFO - len(per_windows_prompt):1
2024-12-21 13:56:08,492 - [Process 2/5] - INFO - res.shape is :torch.Size([64])
2024-12-21 13:56:08,573 - [Process 2/5] - INFO - len(per_windows_prompt):1
2024-12-21 13:56:12,434 - [Process 2/5] - INFO - res.shape is :torch.Size([64])
2024-12-21 13:56:12,623 - [Process 2/5] - INFO - len(per_windows_prompt):1
2024-12-21 13:56:19,166 - [Process 2/5] - INFO - res.shape is :torch.Size([64])
2024-12-21 13:56:19,330 - [Process 2/5] - INFO - len(per_windows_prompt):1
2024-12-21 13:56:25,266 - [Process 2/5] - INFO - res.shape is :torch.Size([64])
2024-12-21 13:56:25,443 - [Process 2/5] - INFO - len(per_windows_prompt):1
2024-12-21 13:56:31,909 - [Process 2/5] - INFO - res.shape is :torch.Size([64])
2024-12-21 13:56:32,001 - [Process 2/5] - INFO - len(per_windows_prompt):1
2024-12-21 13:56:36,068 - [Process 2/5] - INFO - res.shape is :torch.Size([64])
2024-12-21 13:56:36,183 - [Process 2/5] - INFO - len(per_windows_prompt):1
2024-12-21 13:56:41,344 - [Process 2/5] - INFO - res.shape is :torch.Size([64])
2024-12-21 13:56:41,441 - [Process 2/5] - INFO - len(per_windows_prompt):1
2024-12-21 13:56:46,287 - [Process 2/5] - INFO - res.shape is :torch.Size([64])
2024-12-21 13:56:46,450 - [Process 2/5] - INFO - len(per_windows_prompt):1
2024-12-21 13:56:52,437 - [Process 2/5] - INFO - res.shape is :torch.Size([64])
2024-12-21 13:56:52,558 - [Process 2/5] - INFO - len(per_windows_prompt):1
2024-12-21 13:56:57,781 - [Process 2/5] - INFO - res.shape is :torch.Size([64])
2024-12-21 13:56:57,894 - [Process 2/5] - INFO - len(per_windows_prompt):1
2024-12-21 13:57:02,802 - [Process 2/5] - INFO - res.shape is :torch.Size([64])
2024-12-21 13:57:02,997 - [Process 2/5] - INFO - len(per_windows_prompt):1
2024-12-21 13:57:09,644 - [Process 2/5] - INFO - res.shape is :torch.Size([64])
2024-12-21 13:57:09,745 - [Process 2/5] - INFO - len(per_windows_prompt):1
2024-12-21 13:57:14,545 - [Process 2/5] - INFO - res.shape is :torch.Size([64])
2024-12-21 13:57:14,665 - [Process 2/5] - INFO - len(per_windows_prompt):1
2024-12-21 13:57:20,097 - [Process 2/5] - INFO - res.shape is :torch.Size([64])
2024-12-21 13:57:20,189 - [Process 2/5] - INFO - len(per_windows_prompt):1
2024-12-21 13:57:25,009 - [Process 2/5] - INFO - res.shape is :torch.Size([64])
2024-12-21 13:57:25,125 - [Process 2/5] - INFO - len(per_windows_prompt):1
2024-12-21 13:57:30,131 - [Process 2/5] - INFO - res.shape is :torch.Size([64])
2024-12-21 13:57:30,261 - [Process 2/5] - INFO - len(per_windows_prompt):1
2024-12-21 13:57:35,281 - [Process 2/5] - INFO - res.shape is :torch.Size([64])
2024-12-21 13:57:35,489 - [Process 2/5] - INFO - len(per_windows_prompt):1
2024-12-21 13:57:42,096 - [Process 2/5] - INFO - res.shape is :torch.Size([64])
2024-12-21 13:57:42,249 - [Process 2/5] - INFO - len(per_windows_prompt):1
2024-12-21 13:57:47,742 - [Process 2/5] - INFO - res.shape is :torch.Size([64])
2024-12-21 13:57:47,859 - [Process 2/5] - INFO - len(per_windows_prompt):1
2024-12-21 13:57:52,891 - [Process 2/5] - INFO - res.shape is :torch.Size([64])
2024-12-21 13:57:52,993 - [Process 2/5] - INFO - len(per_windows_prompt):1
2024-12-21 13:57:57,659 - [Process 2/5] - INFO - res.shape is :torch.Size([64])
2024-12-21 13:57:57,791 - [Process 2/5] - INFO - len(per_windows_prompt):1
2024-12-21 13:58:03,068 - [Process 2/5] - INFO - res.shape is :torch.Size([64])
2024-12-21 13:58:03,258 - [Process 2/5] - INFO - len(per_windows_prompt):1
2024-12-21 13:58:10,011 - [Process 2/5] - INFO - res.shape is :torch.Size([64])
2024-12-21 13:58:10,197 - [Process 2/5] - INFO - len(per_windows_prompt):1
2024-12-21 13:58:16,896 - [Process 2/5] - INFO - res.shape is :torch.Size([64])
2024-12-21 13:58:17,017 - [Process 2/5] - INFO - len(per_windows_prompt):1
2024-12-21 13:58:22,205 - [Process 2/5] - INFO - res.shape is :torch.Size([64])
2024-12-21 13:58:22,407 - [Process 2/5] - INFO - len(per_windows_prompt):1
2024-12-21 13:58:28,946 - [Process 2/5] - INFO - res.shape is :torch.Size([64])
2024-12-21 13:58:29,120 - [Process 2/5] - INFO - len(per_windows_prompt):1
2024-12-21 13:58:35,661 - [Process 2/5] - INFO - res.shape is :torch.Size([64])
2024-12-21 13:58:35,847 - [Process 2/5] - INFO - len(per_windows_prompt):1
2024-12-21 13:58:42,490 - [Process 2/5] - INFO - res.shape is :torch.Size([64])
2024-12-21 13:58:42,611 - [Process 2/5] - INFO - len(per_windows_prompt):1
2024-12-21 13:58:47,318 - [Process 2/5] - INFO - res.shape is :torch.Size([64])
2024-12-21 13:58:47,451 - [Process 2/5] - INFO - len(per_windows_prompt):1
2024-12-21 13:58:52,986 - [Process 2/5] - INFO - res.shape is :torch.Size([64])
2024-12-21 13:58:53,313 - [Process 2/5] - INFO - len(per_windows_prompt):1
2024-12-21 13:58:59,877 - [Process 2/5] - INFO - res.shape is :torch.Size([64])
2024-12-21 13:58:59,991 - [Process 2/5] - INFO - len(per_windows_prompt):1
2024-12-21 13:59:05,021 - [Process 2/5] - INFO - res.shape is :torch.Size([64])
2024-12-21 13:59:05,313 - [Process 2/5] - INFO - len(per_windows_prompt):1
2024-12-21 13:59:12,022 - [Process 2/5] - INFO - res.shape is :torch.Size([64])
2024-12-21 13:59:12,134 - [Process 2/5] - INFO - len(per_windows_prompt):1
2024-12-21 13:59:16,992 - [Process 2/5] - INFO - res.shape is :torch.Size([64])
2024-12-21 13:59:17,120 - [Process 2/5] - INFO - len(per_windows_prompt):1
2024-12-21 13:59:22,244 - [Process 2/5] - INFO - res.shape is :torch.Size([64])
2024-12-21 13:59:22,445 - [Process 2/5] - INFO - len(per_windows_prompt):1
2024-12-21 13:59:29,085 - [Process 2/5] - INFO - res.shape is :torch.Size([64])
2024-12-21 13:59:29,229 - [Process 2/5] - INFO - len(per_windows_prompt):1
2024-12-21 13:59:34,725 - [Process 2/5] - INFO - res.shape is :torch.Size([64])
2024-12-21 13:59:34,896 - [Process 2/5] - INFO - len(per_windows_prompt):1
2024-12-21 13:59:41,382 - [Process 2/5] - INFO - res.shape is :torch.Size([64])
2024-12-21 13:59:41,501 - [Process 2/5] - INFO - len(per_windows_prompt):1
2024-12-21 13:59:46,470 - [Process 2/5] - INFO - res.shape is :torch.Size([64])
2024-12-21 13:59:46,598 - [Process 2/5] - INFO - len(per_windows_prompt):1
2024-12-21 13:59:51,567 - [Process 2/5] - INFO - res.shape is :torch.Size([64])
2024-12-21 13:59:51,660 - [Process 2/5] - INFO - len(per_windows_prompt):1
2024-12-21 13:59:56,254 - [Process 2/5] - INFO - res.shape is :torch.Size([64])
2024-12-21 13:59:56,391 - [Process 2/5] - INFO - len(per_windows_prompt):1
2024-12-21 14:00:02,401 - [Process 2/5] - INFO - res.shape is :torch.Size([64])
2024-12-21 14:00:02,622 - [Process 2/5] - INFO - len(per_windows_prompt):1
2024-12-21 14:00:09,330 - [Process 2/5] - INFO - res.shape is :torch.Size([64])
2024-12-21 14:00:09,473 - [Process 2/5] - INFO - len(per_windows_prompt):1
2024-12-21 14:00:15,340 - [Process 2/5] - INFO - res.shape is :torch.Size([64])
2024-12-21 14:00:15,446 - [Process 2/5] - INFO - len(per_windows_prompt):1
2024-12-21 14:00:20,095 - [Process 2/5] - INFO - res.shape is :torch.Size([64])
2024-12-21 14:00:20,295 - [Process 2/5] - INFO - len(per_windows_prompt):1
2024-12-21 14:00:26,867 - [Process 2/5] - INFO - res.shape is :torch.Size([64])
2024-12-21 14:00:27,141 - [Process 2/5] - INFO - len(per_windows_prompt):1
2024-12-21 14:00:33,707 - [Process 2/5] - INFO - res.shape is :torch.Size([64])
2024-12-21 14:00:33,783 - [Process 2/5] - INFO - len(per_windows_prompt):1
2024-12-21 14:00:38,111 - [Process 2/5] - INFO - res.shape is :torch.Size([64])
2024-12-21 14:00:38,303 - [Process 2/5] - INFO - len(per_windows_prompt):1
2024-12-21 14:00:45,060 - [Process 2/5] - INFO - res.shape is :torch.Size([64])
2024-12-21 14:00:45,277 - [Process 2/5] - INFO - len(per_windows_prompt):1
2024-12-21 14:00:52,026 - [Process 2/5] - INFO - res.shape is :torch.Size([64])
2024-12-21 14:00:52,187 - [Process 2/5] - INFO - len(per_windows_prompt):1
2024-12-21 14:00:58,195 - [Process 2/5] - INFO - res.shape is :torch.Size([64])
2024-12-21 14:00:58,481 - [Process 2/5] - INFO - len(per_windows_prompt):1
2024-12-21 14:01:05,180 - [Process 2/5] - INFO - res.shape is :torch.Size([64])
2024-12-21 14:01:05,306 - [Process 2/5] - INFO - len(per_windows_prompt):1
2024-12-21 14:01:10,667 - [Process 2/5] - INFO - res.shape is :torch.Size([64])
2024-12-21 14:01:10,732 - [Process 2/5] - INFO - len(per_windows_prompt):1
2024-12-21 14:01:14,587 - [Process 2/5] - INFO - res.shape is :torch.Size([63])
2024-12-21 14:01:14,731 - [Process 2/5] - INFO - len(per_windows_prompt):1
2024-12-21 14:01:20,486 - [Process 2/5] - INFO - res.shape is :torch.Size([64])
2024-12-21 14:01:20,630 - [Process 2/5] - INFO - len(per_windows_prompt):1
2024-12-21 14:01:26,080 - [Process 2/5] - INFO - res.shape is :torch.Size([64])
2024-12-21 14:01:26,307 - [Process 2/5] - INFO - len(per_windows_prompt):1
2024-12-21 14:01:33,041 - [Process 2/5] - INFO - res.shape is :torch.Size([64])
2024-12-21 14:01:33,148 - [Process 2/5] - INFO - len(per_windows_prompt):1
2024-12-21 14:01:38,127 - [Process 2/5] - INFO - res.shape is :torch.Size([64])
2024-12-21 14:01:38,281 - [Process 2/5] - INFO - len(per_windows_prompt):1
2024-12-21 14:01:44,385 - [Process 2/5] - INFO - res.shape is :torch.Size([64])
2024-12-21 14:01:44,573 - [Process 2/5] - INFO - len(per_windows_prompt):1
2024-12-21 14:01:51,268 - [Process 2/5] - INFO - res.shape is :torch.Size([64])
2024-12-21 14:01:51,462 - [Process 2/5] - INFO - len(per_windows_prompt):1
2024-12-21 14:01:58,005 - [Process 2/5] - INFO - res.shape is :torch.Size([64])
2024-12-21 14:01:58,191 - [Process 2/5] - INFO - len(per_windows_prompt):1
2024-12-21 14:02:04,735 - [Process 2/5] - INFO - res.shape is :torch.Size([64])
2024-12-21 14:02:04,856 - [Process 2/5] - INFO - len(per_windows_prompt):1
2024-12-21 14:02:10,050 - [Process 2/5] - INFO - res.shape is :torch.Size([64])
2024-12-21 14:02:10,175 - [Process 2/5] - INFO - len(per_windows_prompt):1
2024-12-21 14:02:15,466 - [Process 2/5] - INFO - res.shape is :torch.Size([64])
2024-12-21 14:02:15,579 - [Process 2/5] - INFO - len(per_windows_prompt):1
2024-12-21 14:02:20,690 - [Process 2/5] - INFO - res.shape is :torch.Size([64])
2024-12-21 14:02:20,843 - [Process 2/5] - INFO - len(per_windows_prompt):1
2024-12-21 14:02:26,906 - [Process 2/5] - INFO - res.shape is :torch.Size([64])
2024-12-21 14:02:27,036 - [Process 2/5] - INFO - len(per_windows_prompt):1
2024-12-21 14:02:32,451 - [Process 2/5] - INFO - res.shape is :torch.Size([64])
2024-12-21 14:02:32,565 - [Process 2/5] - INFO - len(per_windows_prompt):1
2024-12-21 14:02:37,191 - [Process 2/5] - INFO - res.shape is :torch.Size([64])
2024-12-21 14:02:37,352 - [Process 2/5] - INFO - len(per_windows_prompt):1
2024-12-21 14:02:43,168 - [Process 2/5] - INFO - res.shape is :torch.Size([64])
2024-12-21 14:02:43,299 - [Process 2/5] - INFO - len(per_windows_prompt):1
2024-12-21 14:02:48,322 - [Process 2/5] - INFO - res.shape is :torch.Size([64])
2024-12-21 14:02:48,414 - [Process 2/5] - INFO - len(per_windows_prompt):1
2024-12-21 14:02:52,584 - [Process 2/5] - INFO - res.shape is :torch.Size([64])
2024-12-21 14:02:52,770 - [Process 2/5] - INFO - len(per_windows_prompt):1
2024-12-21 14:02:59,377 - [Process 2/5] - INFO - res.shape is :torch.Size([64])
2024-12-21 14:02:59,548 - [Process 2/5] - INFO - len(per_windows_prompt):1
2024-12-21 14:03:06,215 - [Process 2/5] - INFO - res.shape is :torch.Size([64])
2024-12-21 14:03:06,406 - [Process 2/5] - INFO - len(per_windows_prompt):1
2024-12-21 14:03:13,086 - [Process 2/5] - INFO - res.shape is :torch.Size([64])
2024-12-21 14:03:13,286 - [Process 2/5] - INFO - len(per_windows_prompt):1
2024-12-21 14:03:19,931 - [Process 2/5] - INFO - res.shape is :torch.Size([64])
2024-12-21 14:03:20,041 - [Process 2/5] - INFO - len(per_windows_prompt):1
2024-12-21 14:03:25,321 - [Process 2/5] - INFO - res.shape is :torch.Size([64])
2024-12-21 14:03:25,476 - [Process 2/5] - INFO - len(per_windows_prompt):1
2024-12-21 14:03:31,504 - [Process 2/5] - INFO - res.shape is :torch.Size([64])
2024-12-21 14:03:31,631 - [Process 2/5] - INFO - len(per_windows_prompt):1
2024-12-21 14:03:36,827 - [Process 2/5] - INFO - res.shape is :torch.Size([64])
2024-12-21 14:03:36,939 - [Process 2/5] - INFO - len(per_windows_prompt):1
2024-12-21 14:03:41,752 - [Process 2/5] - INFO - res.shape is :torch.Size([64])
2024-12-21 14:03:41,938 - [Process 2/5] - INFO - len(per_windows_prompt):1
2024-12-21 14:03:48,488 - [Process 2/5] - INFO - res.shape is :torch.Size([64])
2024-12-21 14:03:48,677 - [Process 2/5] - INFO - len(per_windows_prompt):1
2024-12-21 14:03:55,228 - [Process 2/5] - INFO - res.shape is :torch.Size([64])
2024-12-21 14:03:55,518 - [Process 2/5] - INFO - len(per_windows_prompt):1
2024-12-21 14:04:02,197 - [Process 2/5] - INFO - res.shape is :torch.Size([64])
