2024-12-21 16:28:31,428 - [Process 4/5] - INFO - loading datasets finished
2024-12-21 16:28:31,428 - [Process 4/5] - INFO - model_max_len: 3950
2024-12-21 16:28:31,428 - [Process 4/5] - INFO - output_max_len: 512
2024-12-21 16:28:31,480 - [Process 4/5] - INFO - Max Length is 24585
2024-12-21 16:28:31,480 - [Process 4/5] - INFO - Finish loading dataset
2024-12-21 16:28:31,481 - [Process 4/5] - INFO - get_predicted begin
2024-12-21 16:28:36,290 - [Process 4/5] - INFO - len(per_windows_prompt):1
2024-12-21 16:28:44,687 - [Process 4/5] - INFO - res.shape is :torch.Size([84])
2024-12-21 16:28:44,955 - [Process 4/5] - INFO - len(per_windows_prompt):1
2024-12-21 16:28:50,960 - [Process 4/5] - INFO - res.shape is :torch.Size([48])
2024-12-21 16:28:51,201 - [Process 4/5] - INFO - len(per_windows_prompt):1
2024-12-21 16:28:58,722 - [Process 4/5] - INFO - res.shape is :torch.Size([84])
2024-12-21 16:28:58,917 - [Process 4/5] - INFO - len(per_windows_prompt):1
2024-12-21 16:29:05,838 - [Process 4/5] - INFO - res.shape is :torch.Size([70])
2024-12-21 16:29:06,024 - [Process 4/5] - INFO - len(per_windows_prompt):1
2024-12-21 16:29:14,373 - [Process 4/5] - INFO - res.shape is :torch.Size([101])
2024-12-21 16:29:14,572 - [Process 4/5] - INFO - len(per_windows_prompt):1
2024-12-21 16:29:20,357 - [Process 4/5] - INFO - res.shape is :torch.Size([43])
2024-12-21 16:29:20,747 - [Process 4/5] - INFO - len(per_windows_prompt):1
2024-12-21 16:29:29,032 - [Process 4/5] - INFO - res.shape is :torch.Size([98])
2024-12-21 16:29:29,242 - [Process 4/5] - INFO - len(per_windows_prompt):1
2024-12-21 16:29:35,518 - [Process 4/5] - INFO - res.shape is :torch.Size([54])
2024-12-21 16:29:35,788 - [Process 4/5] - INFO - len(per_windows_prompt):1
2024-12-21 16:29:42,140 - [Process 4/5] - INFO - res.shape is :torch.Size([55])
2024-12-21 16:29:42,424 - [Process 4/5] - INFO - len(per_windows_prompt):1
2024-12-21 16:29:47,893 - [Process 4/5] - INFO - res.shape is :torch.Size([36])
2024-12-21 16:29:48,147 - [Process 4/5] - INFO - len(per_windows_prompt):1
2024-12-21 16:29:55,693 - [Process 4/5] - INFO - res.shape is :torch.Size([82])
2024-12-21 16:29:55,991 - [Process 4/5] - INFO - len(per_windows_prompt):1
2024-12-21 16:30:02,656 - [Process 4/5] - INFO - res.shape is :torch.Size([66])
2024-12-21 16:30:03,028 - [Process 4/5] - INFO - len(per_windows_prompt):1
2024-12-21 16:30:09,839 - [Process 4/5] - INFO - res.shape is :torch.Size([69])
2024-12-21 16:30:10,064 - [Process 4/5] - INFO - len(per_windows_prompt):1
2024-12-21 16:30:17,892 - [Process 4/5] - INFO - res.shape is :torch.Size([91])
2024-12-21 16:30:18,083 - [Process 4/5] - INFO - len(per_windows_prompt):1
2024-12-21 16:30:24,103 - [Process 4/5] - INFO - res.shape is :torch.Size([51])
2024-12-21 16:30:24,358 - [Process 4/5] - INFO - len(per_windows_prompt):1
2024-12-21 16:30:37,840 - [Process 4/5] - INFO - res.shape is :torch.Size([215])
2024-12-21 16:30:38,113 - [Process 4/5] - INFO - len(per_windows_prompt):1
2024-12-21 16:30:43,880 - [Process 4/5] - INFO - res.shape is :torch.Size([45])
2024-12-21 16:30:44,076 - [Process 4/5] - INFO - len(per_windows_prompt):1
2024-12-21 16:30:49,853 - [Process 4/5] - INFO - res.shape is :torch.Size([43])
2024-12-21 16:30:50,130 - [Process 4/5] - INFO - len(per_windows_prompt):1
2024-12-21 16:30:57,606 - [Process 4/5] - INFO - res.shape is :torch.Size([82])
2024-12-21 16:30:57,864 - [Process 4/5] - INFO - len(per_windows_prompt):1
2024-12-21 16:31:03,803 - [Process 4/5] - INFO - res.shape is :torch.Size([49])
2024-12-21 16:31:04,073 - [Process 4/5] - INFO - len(per_windows_prompt):1
2024-12-21 16:31:10,606 - [Process 4/5] - INFO - res.shape is :torch.Size([63])
2024-12-21 16:31:10,823 - [Process 4/5] - INFO - len(per_windows_prompt):1
2024-12-21 16:31:17,193 - [Process 4/5] - INFO - res.shape is :torch.Size([58])
2024-12-21 16:31:17,554 - [Process 4/5] - INFO - len(per_windows_prompt):1
2024-12-21 16:31:25,058 - [Process 4/5] - INFO - res.shape is :torch.Size([79])
2024-12-21 16:31:25,303 - [Process 4/5] - INFO - len(per_windows_prompt):1
2024-12-21 16:31:31,519 - [Process 4/5] - INFO - res.shape is :torch.Size([51])
2024-12-21 16:31:31,781 - [Process 4/5] - INFO - len(per_windows_prompt):1
2024-12-21 16:31:38,758 - [Process 4/5] - INFO - res.shape is :torch.Size([71])
2024-12-21 16:31:39,054 - [Process 4/5] - INFO - len(per_windows_prompt):1
2024-12-21 16:31:47,403 - [Process 4/5] - INFO - res.shape is :torch.Size([102])
2024-12-21 16:31:47,760 - [Process 4/5] - INFO - len(per_windows_prompt):1
2024-12-21 16:31:54,580 - [Process 4/5] - INFO - res.shape is :torch.Size([69])
2024-12-21 16:31:54,795 - [Process 4/5] - INFO - len(per_windows_prompt):1
2024-12-21 16:32:01,642 - [Process 4/5] - INFO - res.shape is :torch.Size([70])
2024-12-21 16:32:01,866 - [Process 4/5] - INFO - len(per_windows_prompt):1
2024-12-21 16:32:07,568 - [Process 4/5] - INFO - res.shape is :torch.Size([43])
2024-12-21 16:32:07,938 - [Process 4/5] - INFO - len(per_windows_prompt):1
2024-12-21 16:32:14,489 - [Process 4/5] - INFO - res.shape is :torch.Size([63])
2024-12-21 16:32:14,677 - [Process 4/5] - INFO - len(per_windows_prompt):1
2024-12-21 16:32:22,730 - [Process 4/5] - INFO - res.shape is :torch.Size([97])
2024-12-21 16:32:22,950 - [Process 4/5] - INFO - len(per_windows_prompt):1
2024-12-21 16:32:30,979 - [Process 4/5] - INFO - res.shape is :torch.Size([96])
2024-12-21 16:32:31,189 - [Process 4/5] - INFO - len(per_windows_prompt):1
2024-12-21 16:32:36,296 - [Process 4/5] - INFO - res.shape is :torch.Size([29])
2024-12-21 16:32:36,557 - [Process 4/5] - INFO - len(per_windows_prompt):1
2024-12-21 16:32:42,008 - [Process 4/5] - INFO - res.shape is :torch.Size([37])
2024-12-21 16:32:42,262 - [Process 4/5] - INFO - len(per_windows_prompt):1
2024-12-21 16:32:48,939 - [Process 4/5] - INFO - res.shape is :torch.Size([65])
2024-12-21 16:32:49,182 - [Process 4/5] - INFO - len(per_windows_prompt):1
2024-12-21 16:32:56,469 - [Process 4/5] - INFO - res.shape is :torch.Size([77])
2024-12-21 16:32:56,770 - [Process 4/5] - INFO - len(per_windows_prompt):1
2024-12-21 16:33:03,950 - [Process 4/5] - INFO - res.shape is :torch.Size([75])
2024-12-21 16:33:04,185 - [Process 4/5] - INFO - len(per_windows_prompt):1
2024-12-21 16:33:12,685 - [Process 4/5] - INFO - res.shape is :torch.Size([103])
2024-12-21 16:33:12,980 - [Process 4/5] - INFO - len(per_windows_prompt):1
2024-12-21 16:33:21,197 - [Process 4/5] - INFO - res.shape is :torch.Size([102])
2024-12-21 16:33:21,405 - [Process 4/5] - INFO - len(per_windows_prompt):1
2024-12-21 16:33:28,844 - [Process 4/5] - INFO - res.shape is :torch.Size([84])
