2024-12-21 15:50:54,514 - [Process 1/5] - INFO - loading datasets finished
2024-12-21 15:50:54,514 - [Process 1/5] - INFO - model_max_len: 3950
2024-12-21 15:50:54,514 - [Process 1/5] - INFO - output_max_len: 32
2024-12-21 15:50:54,591 - [Process 1/5] - INFO - Max Length is 12697
2024-12-21 15:50:54,592 - [Process 1/5] - INFO - Finish loading dataset
2024-12-21 15:50:54,592 - [Process 1/5] - INFO - get_predicted begin
2024-12-21 15:50:59,361 - [Process 1/5] - INFO - len(per_windows_prompt):1
2024-12-21 15:51:04,091 - [Process 1/5] - INFO - res.shape is :torch.Size([3])
2024-12-21 15:51:04,391 - [Process 1/5] - INFO - len(per_windows_prompt):1
2024-12-21 15:51:08,480 - [Process 1/5] - INFO - res.shape is :torch.Size([6])
2024-12-21 15:51:08,730 - [Process 1/5] - INFO - len(per_windows_prompt):1
2024-12-21 15:51:12,700 - [Process 1/5] - INFO - res.shape is :torch.Size([3])
2024-12-21 15:51:13,015 - [Process 1/5] - INFO - len(per_windows_prompt):1
2024-12-21 15:51:16,946 - [Process 1/5] - INFO - res.shape is :torch.Size([2])
2024-12-21 15:51:17,252 - [Process 1/5] - INFO - len(per_windows_prompt):1
2024-12-21 15:51:21,266 - [Process 1/5] - INFO - res.shape is :torch.Size([4])
2024-12-21 15:51:21,541 - [Process 1/5] - INFO - len(per_windows_prompt):1
2024-12-21 15:51:25,476 - [Process 1/5] - INFO - res.shape is :torch.Size([2])
2024-12-21 15:51:25,713 - [Process 1/5] - INFO - len(per_windows_prompt):1
2024-12-21 15:51:29,686 - [Process 1/5] - INFO - res.shape is :torch.Size([3])
2024-12-21 15:51:29,929 - [Process 1/5] - INFO - len(per_windows_prompt):1
2024-12-21 15:51:34,177 - [Process 1/5] - INFO - res.shape is :torch.Size([9])
2024-12-21 15:51:34,422 - [Process 1/5] - INFO - len(per_windows_prompt):1
2024-12-21 15:51:38,591 - [Process 1/5] - INFO - res.shape is :torch.Size([7])
2024-12-21 15:51:38,880 - [Process 1/5] - INFO - len(per_windows_prompt):1
2024-12-21 15:51:42,949 - [Process 1/5] - INFO - res.shape is :torch.Size([5])
2024-12-21 15:51:43,135 - [Process 1/5] - INFO - len(per_windows_prompt):1
2024-12-21 15:51:47,162 - [Process 1/5] - INFO - res.shape is :torch.Size([4])
2024-12-21 15:51:47,437 - [Process 1/5] - INFO - len(per_windows_prompt):1
2024-12-21 15:51:51,553 - [Process 1/5] - INFO - res.shape is :torch.Size([6])
2024-12-21 15:51:51,822 - [Process 1/5] - INFO - len(per_windows_prompt):1
2024-12-21 15:51:55,770 - [Process 1/5] - INFO - res.shape is :torch.Size([2])
2024-12-21 15:51:55,975 - [Process 1/5] - INFO - len(per_windows_prompt):1
2024-12-21 15:52:00,046 - [Process 1/5] - INFO - res.shape is :torch.Size([5])
2024-12-21 15:52:00,265 - [Process 1/5] - INFO - len(per_windows_prompt):1
2024-12-21 15:52:04,297 - [Process 1/5] - INFO - res.shape is :torch.Size([4])
2024-12-21 15:52:04,555 - [Process 1/5] - INFO - len(per_windows_prompt):1
2024-12-21 15:52:08,514 - [Process 1/5] - INFO - res.shape is :torch.Size([2])
2024-12-21 15:52:08,771 - [Process 1/5] - INFO - len(per_windows_prompt):1
2024-12-21 15:52:13,067 - [Process 1/5] - INFO - res.shape is :torch.Size([10])
2024-12-21 15:52:13,342 - [Process 1/5] - INFO - len(per_windows_prompt):1
2024-12-21 15:52:17,426 - [Process 1/5] - INFO - res.shape is :torch.Size([5])
2024-12-21 15:52:17,704 - [Process 1/5] - INFO - len(per_windows_prompt):1
2024-12-21 15:52:21,791 - [Process 1/5] - INFO - res.shape is :torch.Size([5])
2024-12-21 15:52:22,039 - [Process 1/5] - INFO - len(per_windows_prompt):1
2024-12-21 15:52:27,093 - [Process 1/5] - INFO - res.shape is :torch.Size([28])
2024-12-21 15:52:27,379 - [Process 1/5] - INFO - len(per_windows_prompt):1
2024-12-21 15:52:31,467 - [Process 1/5] - INFO - res.shape is :torch.Size([5])
2024-12-21 15:52:31,658 - [Process 1/5] - INFO - len(per_windows_prompt):1
2024-12-21 15:52:35,619 - [Process 1/5] - INFO - res.shape is :torch.Size([2])
2024-12-21 15:52:35,888 - [Process 1/5] - INFO - len(per_windows_prompt):1
2024-12-21 15:52:40,016 - [Process 1/5] - INFO - res.shape is :torch.Size([6])
2024-12-21 15:52:40,271 - [Process 1/5] - INFO - len(per_windows_prompt):1
2024-12-21 15:52:44,274 - [Process 1/5] - INFO - res.shape is :torch.Size([3])
2024-12-21 15:52:44,556 - [Process 1/5] - INFO - len(per_windows_prompt):1
2024-12-21 15:52:48,520 - [Process 1/5] - INFO - res.shape is :torch.Size([2])
2024-12-21 15:52:48,793 - [Process 1/5] - INFO - len(per_windows_prompt):1
2024-12-21 15:52:52,842 - [Process 1/5] - INFO - res.shape is :torch.Size([4])
2024-12-21 15:52:53,095 - [Process 1/5] - INFO - len(per_windows_prompt):1
2024-12-21 15:52:57,101 - [Process 1/5] - INFO - res.shape is :torch.Size([3])
2024-12-21 15:52:57,342 - [Process 1/5] - INFO - len(per_windows_prompt):1
2024-12-21 15:53:01,516 - [Process 1/5] - INFO - res.shape is :torch.Size([7])
2024-12-21 15:53:01,769 - [Process 1/5] - INFO - len(per_windows_prompt):1
2024-12-21 15:53:05,731 - [Process 1/5] - INFO - res.shape is :torch.Size([2])
2024-12-21 15:53:06,010 - [Process 1/5] - INFO - len(per_windows_prompt):1
2024-12-21 15:53:09,978 - [Process 1/5] - INFO - res.shape is :torch.Size([2])
2024-12-21 15:53:10,234 - [Process 1/5] - INFO - len(per_windows_prompt):1
2024-12-21 15:53:14,325 - [Process 1/5] - INFO - res.shape is :torch.Size([5])
2024-12-21 15:53:14,603 - [Process 1/5] - INFO - len(per_windows_prompt):1
2024-12-21 15:53:18,655 - [Process 1/5] - INFO - res.shape is :torch.Size([4])
2024-12-21 15:53:18,873 - [Process 1/5] - INFO - len(per_windows_prompt):1
2024-12-21 15:53:22,967 - [Process 1/5] - INFO - res.shape is :torch.Size([5])
2024-12-21 15:53:23,218 - [Process 1/5] - INFO - len(per_windows_prompt):1
2024-12-21 15:53:27,187 - [Process 1/5] - INFO - res.shape is :torch.Size([2])
2024-12-21 15:53:27,426 - [Process 1/5] - INFO - len(per_windows_prompt):1
2024-12-21 15:53:31,603 - [Process 1/5] - INFO - res.shape is :torch.Size([7])
2024-12-21 15:53:31,798 - [Process 1/5] - INFO - len(per_windows_prompt):1
2024-12-21 15:53:35,846 - [Process 1/5] - INFO - res.shape is :torch.Size([4])
2024-12-21 15:53:36,111 - [Process 1/5] - INFO - len(per_windows_prompt):1
2024-12-21 15:53:40,542 - [Process 1/5] - INFO - res.shape is :torch.Size([13])
2024-12-21 15:53:40,816 - [Process 1/5] - INFO - len(per_windows_prompt):1
2024-12-21 15:53:45,291 - [Process 1/5] - INFO - res.shape is :torch.Size([14])
2024-12-21 15:53:45,486 - [Process 1/5] - INFO - len(per_windows_prompt):1
2024-12-21 15:53:49,500 - [Process 1/5] - INFO - res.shape is :torch.Size([3])
2024-12-21 15:53:49,723 - [Process 1/5] - INFO - len(per_windows_prompt):1
2024-12-21 15:53:54,154 - [Process 1/5] - INFO - res.shape is :torch.Size([13])
