2024-12-21 13:04:15,480 - [Process 1/5] - INFO - loading datasets finished
2024-12-21 13:04:15,481 - [Process 1/5] - INFO - model_max_len: 3950
2024-12-21 13:04:15,481 - [Process 1/5] - INFO - output_max_len: 32
2024-12-21 13:04:15,523 - [Process 1/5] - INFO - Max Length is 11950
2024-12-21 13:04:15,523 - [Process 1/5] - INFO - Finish loading dataset
2024-12-21 13:04:15,523 - [Process 1/5] - INFO - get_predicted begin
2024-12-21 13:04:20,334 - [Process 1/5] - INFO - len(per_windows_prompt):1
2024-12-21 13:04:25,108 - [Process 1/5] - INFO - res.shape is :torch.Size([4])
2024-12-21 13:04:25,302 - [Process 1/5] - INFO - len(per_windows_prompt):1
2024-12-21 13:04:29,729 - [Process 1/5] - INFO - res.shape is :torch.Size([13])
2024-12-21 13:04:30,003 - [Process 1/5] - INFO - len(per_windows_prompt):1
2024-12-21 13:04:34,383 - [Process 1/5] - INFO - res.shape is :torch.Size([12])
2024-12-21 13:04:34,595 - [Process 1/5] - INFO - len(per_windows_prompt):1
2024-12-21 13:04:39,185 - [Process 1/5] - INFO - res.shape is :torch.Size([17])
2024-12-21 13:04:39,381 - [Process 1/5] - INFO - len(per_windows_prompt):1
2024-12-21 13:04:43,454 - [Process 1/5] - INFO - res.shape is :torch.Size([5])
2024-12-21 13:04:43,682 - [Process 1/5] - INFO - len(per_windows_prompt):1
2024-12-21 13:04:48,262 - [Process 1/5] - INFO - res.shape is :torch.Size([17])
2024-12-21 13:04:48,455 - [Process 1/5] - INFO - len(per_windows_prompt):1
2024-12-21 13:04:53,195 - [Process 1/5] - INFO - res.shape is :torch.Size([20])
2024-12-21 13:04:53,387 - [Process 1/5] - INFO - len(per_windows_prompt):1
2024-12-21 13:04:58,133 - [Process 1/5] - INFO - res.shape is :torch.Size([21])
2024-12-21 13:04:58,229 - [Process 1/5] - INFO - len(per_windows_prompt):1
2024-12-21 13:05:00,535 - [Process 1/5] - INFO - res.shape is :torch.Size([6])
2024-12-21 13:05:00,720 - [Process 1/5] - INFO - len(per_windows_prompt):1
2024-12-21 13:05:04,885 - [Process 1/5] - INFO - res.shape is :torch.Size([7])
2024-12-21 13:05:05,149 - [Process 1/5] - INFO - len(per_windows_prompt):1
2024-12-21 13:05:09,315 - [Process 1/5] - INFO - res.shape is :torch.Size([7])
2024-12-21 13:05:09,515 - [Process 1/5] - INFO - len(per_windows_prompt):1
2024-12-21 13:05:13,976 - [Process 1/5] - INFO - res.shape is :torch.Size([14])
2024-12-21 13:05:14,162 - [Process 1/5] - INFO - len(per_windows_prompt):1
2024-12-21 13:05:18,164 - [Process 1/5] - INFO - res.shape is :torch.Size([3])
2024-12-21 13:05:18,359 - [Process 1/5] - INFO - len(per_windows_prompt):1
2024-12-21 13:05:22,529 - [Process 1/5] - INFO - res.shape is :torch.Size([7])
2024-12-21 13:05:22,719 - [Process 1/5] - INFO - len(per_windows_prompt):1
2024-12-21 13:05:26,847 - [Process 1/5] - INFO - res.shape is :torch.Size([6])
2024-12-21 13:05:27,027 - [Process 1/5] - INFO - len(per_windows_prompt):1
2024-12-21 13:05:31,080 - [Process 1/5] - INFO - res.shape is :torch.Size([4])
2024-12-21 13:05:31,276 - [Process 1/5] - INFO - len(per_windows_prompt):1
2024-12-21 13:05:35,431 - [Process 1/5] - INFO - res.shape is :torch.Size([6])
2024-12-21 13:05:35,656 - [Process 1/5] - INFO - len(per_windows_prompt):1
2024-12-21 13:05:39,722 - [Process 1/5] - INFO - res.shape is :torch.Size([4])
2024-12-21 13:05:39,892 - [Process 1/5] - INFO - len(per_windows_prompt):1
2024-12-21 13:05:43,948 - [Process 1/5] - INFO - res.shape is :torch.Size([5])
2024-12-21 13:05:44,132 - [Process 1/5] - INFO - len(per_windows_prompt):1
2024-12-21 13:05:48,373 - [Process 1/5] - INFO - res.shape is :torch.Size([8])
2024-12-21 13:05:48,608 - [Process 1/5] - INFO - len(per_windows_prompt):1
2024-12-21 13:05:53,733 - [Process 1/5] - INFO - res.shape is :torch.Size([29])
2024-12-21 13:05:53,911 - [Process 1/5] - INFO - len(per_windows_prompt):1
2024-12-21 13:05:57,901 - [Process 1/5] - INFO - res.shape is :torch.Size([2])
2024-12-21 13:05:58,067 - [Process 1/5] - INFO - len(per_windows_prompt):1
2024-12-21 13:06:02,390 - [Process 1/5] - INFO - res.shape is :torch.Size([16])
2024-12-21 13:06:02,593 - [Process 1/5] - INFO - len(per_windows_prompt):1
2024-12-21 13:06:07,087 - [Process 1/5] - INFO - res.shape is :torch.Size([14])
2024-12-21 13:06:07,205 - [Process 1/5] - INFO - len(per_windows_prompt):1
2024-12-21 13:06:09,810 - [Process 1/5] - INFO - res.shape is :torch.Size([2])
2024-12-21 13:06:10,016 - [Process 1/5] - INFO - len(per_windows_prompt):1
2024-12-21 13:06:15,195 - [Process 1/5] - INFO - res.shape is :torch.Size([30])
2024-12-21 13:06:15,378 - [Process 1/5] - INFO - len(per_windows_prompt):1
2024-12-21 13:06:19,664 - [Process 1/5] - INFO - res.shape is :torch.Size([9])
2024-12-21 13:06:19,852 - [Process 1/5] - INFO - len(per_windows_prompt):1
2024-12-21 13:06:24,137 - [Process 1/5] - INFO - res.shape is :torch.Size([9])
2024-12-21 13:06:24,332 - [Process 1/5] - INFO - len(per_windows_prompt):1
2024-12-21 13:06:28,449 - [Process 1/5] - INFO - res.shape is :torch.Size([5])
2024-12-21 13:06:28,636 - [Process 1/5] - INFO - len(per_windows_prompt):1
2024-12-21 13:06:32,757 - [Process 1/5] - INFO - res.shape is :torch.Size([5])
2024-12-21 13:06:32,952 - [Process 1/5] - INFO - len(per_windows_prompt):1
2024-12-21 13:06:37,030 - [Process 1/5] - INFO - res.shape is :torch.Size([4])
2024-12-21 13:06:37,234 - [Process 1/5] - INFO - len(per_windows_prompt):1
2024-12-21 13:06:41,627 - [Process 1/5] - INFO - res.shape is :torch.Size([11])
2024-12-21 13:06:41,825 - [Process 1/5] - INFO - len(per_windows_prompt):1
2024-12-21 13:06:46,075 - [Process 1/5] - INFO - res.shape is :torch.Size([8])
2024-12-21 13:06:46,125 - [Process 1/5] - INFO - len(per_windows_prompt):1
2024-12-21 13:06:47,264 - [Process 1/5] - INFO - res.shape is :torch.Size([2])
2024-12-21 13:06:47,455 - [Process 1/5] - INFO - len(per_windows_prompt):1
2024-12-21 13:06:51,786 - [Process 1/5] - INFO - res.shape is :torch.Size([10])
2024-12-21 13:06:51,967 - [Process 1/5] - INFO - len(per_windows_prompt):1
2024-12-21 13:06:56,085 - [Process 1/5] - INFO - res.shape is :torch.Size([5])
2024-12-21 13:06:56,330 - [Process 1/5] - INFO - len(per_windows_prompt):1
2024-12-21 13:07:00,409 - [Process 1/5] - INFO - res.shape is :torch.Size([4])
2024-12-21 13:07:00,599 - [Process 1/5] - INFO - len(per_windows_prompt):1
2024-12-21 13:07:05,014 - [Process 1/5] - INFO - res.shape is :torch.Size([12])
2024-12-21 13:07:05,288 - [Process 1/5] - INFO - len(per_windows_prompt):1
2024-12-21 13:07:09,370 - [Process 1/5] - INFO - res.shape is :torch.Size([4])
2024-12-21 13:07:09,560 - [Process 1/5] - INFO - len(per_windows_prompt):1
2024-12-21 13:07:14,058 - [Process 1/5] - INFO - res.shape is :torch.Size([14])
