2024-12-21 13:37:59,972 - [Process 4/5] - INFO - loading datasets finished
2024-12-21 13:37:59,972 - [Process 4/5] - INFO - model_max_len: 3950
2024-12-21 13:37:59,972 - [Process 4/5] - INFO - output_max_len: 512
2024-12-21 13:38:00,021 - [Process 4/5] - INFO - Max Length is 24585
2024-12-21 13:38:00,021 - [Process 4/5] - INFO - Finish loading dataset
2024-12-21 13:38:00,022 - [Process 4/5] - INFO - get_predicted begin
2024-12-21 13:38:04,841 - [Process 4/5] - INFO - len(per_windows_prompt):1
2024-12-21 13:38:13,722 - [Process 4/5] - INFO - res.shape is :torch.Size([96])
2024-12-21 13:38:14,004 - [Process 4/5] - INFO - len(per_windows_prompt):1
2024-12-21 13:38:21,279 - [Process 4/5] - INFO - res.shape is :torch.Size([78])
2024-12-21 13:38:21,518 - [Process 4/5] - INFO - len(per_windows_prompt):1
2024-12-21 13:38:30,331 - [Process 4/5] - INFO - res.shape is :torch.Size([114])
2024-12-21 13:38:30,547 - [Process 4/5] - INFO - len(per_windows_prompt):1
2024-12-21 13:38:37,480 - [Process 4/5] - INFO - res.shape is :torch.Size([72])
2024-12-21 13:38:37,683 - [Process 4/5] - INFO - len(per_windows_prompt):1
2024-12-21 13:38:47,381 - [Process 4/5] - INFO - res.shape is :torch.Size([137])
2024-12-21 13:38:47,598 - [Process 4/5] - INFO - len(per_windows_prompt):1
2024-12-21 13:38:54,575 - [Process 4/5] - INFO - res.shape is :torch.Size([71])
2024-12-21 13:38:54,926 - [Process 4/5] - INFO - len(per_windows_prompt):1
2024-12-21 13:39:02,979 - [Process 4/5] - INFO - res.shape is :torch.Size([93])
2024-12-21 13:39:03,188 - [Process 4/5] - INFO - len(per_windows_prompt):1
2024-12-21 13:39:11,458 - [Process 4/5] - INFO - res.shape is :torch.Size([102])
2024-12-21 13:39:11,699 - [Process 4/5] - INFO - len(per_windows_prompt):1
2024-12-21 13:39:19,434 - [Process 4/5] - INFO - res.shape is :torch.Size([92])
2024-12-21 13:39:19,693 - [Process 4/5] - INFO - len(per_windows_prompt):1
2024-12-21 13:39:27,317 - [Process 4/5] - INFO - res.shape is :torch.Size([90])
2024-12-21 13:39:27,555 - [Process 4/5] - INFO - len(per_windows_prompt):1
2024-12-21 13:39:34,219 - [Process 4/5] - INFO - res.shape is :torch.Size([67])
2024-12-21 13:39:34,491 - [Process 4/5] - INFO - len(per_windows_prompt):1
2024-12-21 13:39:43,102 - [Process 4/5] - INFO - res.shape is :torch.Size([112])
2024-12-21 13:39:43,489 - [Process 4/5] - INFO - len(per_windows_prompt):1
2024-12-21 13:39:50,242 - [Process 4/5] - INFO - res.shape is :torch.Size([66])
2024-12-21 13:39:50,464 - [Process 4/5] - INFO - len(per_windows_prompt):1
2024-12-21 13:39:59,693 - [Process 4/5] - INFO - res.shape is :torch.Size([125])
2024-12-21 13:39:59,885 - [Process 4/5] - INFO - len(per_windows_prompt):1
2024-12-21 13:40:07,016 - [Process 4/5] - INFO - res.shape is :torch.Size([78])
2024-12-21 13:40:07,286 - [Process 4/5] - INFO - len(per_windows_prompt):1
2024-12-21 13:40:19,647 - [Process 4/5] - INFO - res.shape is :torch.Size([190])
2024-12-21 13:40:19,913 - [Process 4/5] - INFO - len(per_windows_prompt):1
2024-12-21 13:40:25,333 - [Process 4/5] - INFO - res.shape is :torch.Size([37])
2024-12-21 13:40:25,540 - [Process 4/5] - INFO - len(per_windows_prompt):1
2024-12-21 13:40:32,718 - [Process 4/5] - INFO - res.shape is :torch.Size([79])
2024-12-21 13:40:32,989 - [Process 4/5] - INFO - len(per_windows_prompt):1
2024-12-21 13:40:42,820 - [Process 4/5] - INFO - res.shape is :torch.Size([139])
2024-12-21 13:40:43,097 - [Process 4/5] - INFO - len(per_windows_prompt):1
2024-12-21 13:40:50,058 - [Process 4/5] - INFO - res.shape is :torch.Size([73])
2024-12-21 13:40:50,348 - [Process 4/5] - INFO - len(per_windows_prompt):1
2024-12-21 13:41:05,545 - [Process 4/5] - INFO - res.shape is :torch.Size([255])
2024-12-21 13:41:05,767 - [Process 4/5] - INFO - len(per_windows_prompt):1
2024-12-21 13:41:13,540 - [Process 4/5] - INFO - res.shape is :torch.Size([86])
2024-12-21 13:41:13,910 - [Process 4/5] - INFO - len(per_windows_prompt):1
2024-12-21 13:41:22,212 - [Process 4/5] - INFO - res.shape is :torch.Size([102])
2024-12-21 13:41:22,435 - [Process 4/5] - INFO - len(per_windows_prompt):1
2024-12-21 13:41:30,787 - [Process 4/5] - INFO - res.shape is :torch.Size([105])
2024-12-21 13:41:31,029 - [Process 4/5] - INFO - len(per_windows_prompt):1
2024-12-21 13:41:39,562 - [Process 4/5] - INFO - res.shape is :torch.Size([110])
2024-12-21 13:41:39,850 - [Process 4/5] - INFO - len(per_windows_prompt):1
2024-12-21 13:41:47,581 - [Process 4/5] - INFO - res.shape is :torch.Size([92])
2024-12-21 13:41:47,959 - [Process 4/5] - INFO - len(per_windows_prompt):1
2024-12-21 13:41:59,246 - [Process 4/5] - INFO - res.shape is :torch.Size([171])
2024-12-21 13:41:59,472 - [Process 4/5] - INFO - len(per_windows_prompt):1
2024-12-21 13:42:06,657 - [Process 4/5] - INFO - res.shape is :torch.Size([73])
2024-12-21 13:42:06,896 - [Process 4/5] - INFO - len(per_windows_prompt):1
2024-12-21 13:42:13,982 - [Process 4/5] - INFO - res.shape is :torch.Size([71])
2024-12-21 13:42:14,367 - [Process 4/5] - INFO - len(per_windows_prompt):1
2024-12-21 13:42:21,018 - [Process 4/5] - INFO - res.shape is :torch.Size([65])
2024-12-21 13:42:21,221 - [Process 4/5] - INFO - len(per_windows_prompt):1
2024-12-21 13:42:30,959 - [Process 4/5] - INFO - res.shape is :torch.Size([134])
2024-12-21 13:42:31,193 - [Process 4/5] - INFO - len(per_windows_prompt):1
2024-12-21 13:42:40,627 - [Process 4/5] - INFO - res.shape is :torch.Size([129])
2024-12-21 13:42:40,835 - [Process 4/5] - INFO - len(per_windows_prompt):1
2024-12-21 13:42:47,947 - [Process 4/5] - INFO - res.shape is :torch.Size([73])
2024-12-21 13:42:48,209 - [Process 4/5] - INFO - len(per_windows_prompt):1
2024-12-21 13:42:53,769 - [Process 4/5] - INFO - res.shape is :torch.Size([37])
2024-12-21 13:42:54,041 - [Process 4/5] - INFO - len(per_windows_prompt):1
2024-12-21 13:42:59,779 - [Process 4/5] - INFO - res.shape is :torch.Size([44])
2024-12-21 13:43:00,017 - [Process 4/5] - INFO - len(per_windows_prompt):1
2024-12-21 13:43:07,986 - [Process 4/5] - INFO - res.shape is :torch.Size([95])
2024-12-21 13:43:08,259 - [Process 4/5] - INFO - len(per_windows_prompt):1
2024-12-21 13:43:16,927 - [Process 4/5] - INFO - res.shape is :torch.Size([113])
2024-12-21 13:43:17,160 - [Process 4/5] - INFO - len(per_windows_prompt):1
2024-12-21 13:43:26,056 - [Process 4/5] - INFO - res.shape is :torch.Size([117])
2024-12-21 13:43:26,342 - [Process 4/5] - INFO - len(per_windows_prompt):1
2024-12-21 13:43:36,412 - [Process 4/5] - INFO - res.shape is :torch.Size([144])
2024-12-21 13:43:36,641 - [Process 4/5] - INFO - len(per_windows_prompt):1
2024-12-21 13:43:45,250 - [Process 4/5] - INFO - res.shape is :torch.Size([113])
