2024-12-21 12:11:39,338 - [Process 4/5] - INFO - loading datasets finished
2024-12-21 12:11:39,338 - [Process 4/5] - INFO - model_max_len: 3950
2024-12-21 12:11:39,338 - [Process 4/5] - INFO - output_max_len: 64
2024-12-21 12:11:39,354 - [Process 4/5] - INFO - Max Length is 10337
2024-12-21 12:11:39,354 - [Process 4/5] - INFO - Finish loading dataset
2024-12-21 12:11:39,355 - [Process 4/5] - INFO - get_predicted begin
2024-12-21 12:11:44,115 - [Process 4/5] - INFO - len(per_windows_prompt):1
2024-12-21 12:11:48,334 - [Process 4/5] - INFO - res.shape is :torch.Size([11])
2024-12-21 12:11:48,460 - [Process 4/5] - INFO - len(per_windows_prompt):1
2024-12-21 12:11:54,204 - [Process 4/5] - INFO - res.shape is :torch.Size([49])
2024-12-21 12:11:54,302 - [Process 4/5] - INFO - len(per_windows_prompt):1
2024-12-21 12:11:58,401 - [Process 4/5] - INFO - res.shape is :torch.Size([11])
2024-12-21 12:11:58,509 - [Process 4/5] - INFO - len(per_windows_prompt):1
2024-12-21 12:12:02,473 - [Process 4/5] - INFO - res.shape is :torch.Size([4])
2024-12-21 12:12:02,600 - [Process 4/5] - INFO - len(per_windows_prompt):1
2024-12-21 12:12:07,530 - [Process 4/5] - INFO - res.shape is :torch.Size([28])
2024-12-21 12:12:07,659 - [Process 4/5] - INFO - len(per_windows_prompt):1
2024-12-21 12:12:11,874 - [Process 4/5] - INFO - res.shape is :torch.Size([10])
2024-12-21 12:12:11,990 - [Process 4/5] - INFO - len(per_windows_prompt):1
2024-12-21 12:12:16,925 - [Process 4/5] - INFO - res.shape is :torch.Size([28])
2024-12-21 12:12:17,051 - [Process 4/5] - INFO - len(per_windows_prompt):1
2024-12-21 12:12:21,037 - [Process 4/5] - INFO - res.shape is :torch.Size([4])
2024-12-21 12:12:21,149 - [Process 4/5] - INFO - len(per_windows_prompt):1
2024-12-21 12:12:25,052 - [Process 4/5] - INFO - res.shape is :torch.Size([2])
2024-12-21 12:12:25,187 - [Process 4/5] - INFO - len(per_windows_prompt):1
2024-12-21 12:12:30,686 - [Process 4/5] - INFO - res.shape is :torch.Size([42])
2024-12-21 12:12:30,784 - [Process 4/5] - INFO - len(per_windows_prompt):1
2024-12-21 12:12:34,647 - [Process 4/5] - INFO - res.shape is :torch.Size([4])
2024-12-21 12:12:34,742 - [Process 4/5] - INFO - len(per_windows_prompt):1
2024-12-21 12:12:38,646 - [Process 4/5] - INFO - res.shape is :torch.Size([5])
2024-12-21 12:12:38,751 - [Process 4/5] - INFO - len(per_windows_prompt):1
2024-12-21 12:12:44,753 - [Process 4/5] - INFO - res.shape is :torch.Size([54])
2024-12-21 12:12:44,892 - [Process 4/5] - INFO - len(per_windows_prompt):1
2024-12-21 12:12:50,313 - [Process 4/5] - INFO - res.shape is :torch.Size([39])
2024-12-21 12:12:50,450 - [Process 4/5] - INFO - len(per_windows_prompt):1
2024-12-21 12:12:54,550 - [Process 4/5] - INFO - res.shape is :torch.Size([6])
2024-12-21 12:12:54,686 - [Process 4/5] - INFO - len(per_windows_prompt):1
2024-12-21 12:12:58,944 - [Process 4/5] - INFO - res.shape is :torch.Size([10])
2024-12-21 12:12:59,073 - [Process 4/5] - INFO - len(per_windows_prompt):1
2024-12-21 12:13:03,058 - [Process 4/5] - INFO - res.shape is :torch.Size([3])
2024-12-21 12:13:03,191 - [Process 4/5] - INFO - len(per_windows_prompt):1
2024-12-21 12:13:07,261 - [Process 4/5] - INFO - res.shape is :torch.Size([5])
2024-12-21 12:13:07,380 - [Process 4/5] - INFO - len(per_windows_prompt):1
2024-12-21 12:13:11,411 - [Process 4/5] - INFO - res.shape is :torch.Size([4])
2024-12-21 12:13:11,537 - [Process 4/5] - INFO - len(per_windows_prompt):1
2024-12-21 12:13:16,445 - [Process 4/5] - INFO - res.shape is :torch.Size([26])
2024-12-21 12:13:16,561 - [Process 4/5] - INFO - len(per_windows_prompt):1
2024-12-21 12:13:20,675 - [Process 4/5] - INFO - res.shape is :torch.Size([6])
2024-12-21 12:13:20,771 - [Process 4/5] - INFO - len(per_windows_prompt):1
2024-12-21 12:13:24,600 - [Process 4/5] - INFO - res.shape is :torch.Size([7])
2024-12-21 12:13:24,744 - [Process 4/5] - INFO - len(per_windows_prompt):1
2024-12-21 12:13:29,418 - [Process 4/5] - INFO - res.shape is :torch.Size([20])
2024-12-21 12:13:29,514 - [Process 4/5] - INFO - len(per_windows_prompt):1
2024-12-21 12:13:33,927 - [Process 4/5] - INFO - res.shape is :torch.Size([17])
2024-12-21 12:13:33,966 - [Process 4/5] - INFO - len(per_windows_prompt):1
2024-12-21 12:13:37,122 - [Process 4/5] - INFO - res.shape is :torch.Size([55])
2024-12-21 12:13:37,259 - [Process 4/5] - INFO - len(per_windows_prompt):1
2024-12-21 12:13:43,686 - [Process 4/5] - INFO - res.shape is :torch.Size([64])
2024-12-21 12:13:43,765 - [Process 4/5] - INFO - len(per_windows_prompt):1
2024-12-21 12:13:46,935 - [Process 4/5] - INFO - res.shape is :torch.Size([4])
2024-12-21 12:13:47,069 - [Process 4/5] - INFO - len(per_windows_prompt):1
2024-12-21 12:13:51,035 - [Process 4/5] - INFO - res.shape is :torch.Size([2])
2024-12-21 12:13:51,148 - [Process 4/5] - INFO - len(per_windows_prompt):1
2024-12-21 12:13:56,343 - [Process 4/5] - INFO - res.shape is :torch.Size([33])
2024-12-21 12:13:56,482 - [Process 4/5] - INFO - len(per_windows_prompt):1
2024-12-21 12:14:01,443 - [Process 4/5] - INFO - res.shape is :torch.Size([27])
