2024-12-21 12:18:47,114 - [Process 0/5] - INFO - loading datasets finished
2024-12-21 12:18:47,114 - [Process 0/5] - INFO - model_max_len: 3950
2024-12-21 12:18:47,114 - [Process 0/5] - INFO - output_max_len: 64
2024-12-21 12:18:47,141 - [Process 0/5] - INFO - Max Length is 10337
2024-12-21 12:18:47,141 - [Process 0/5] - INFO - Finish loading dataset
2024-12-21 12:18:47,141 - [Process 0/5] - INFO - get_predicted begin
2024-12-21 12:18:51,882 - [Process 0/5] - INFO - len(per_windows_prompt):1
2024-12-21 12:18:54,504 - [Process 0/5] - INFO - res.shape is :torch.Size([6])
2024-12-21 12:18:54,736 - [Process 0/5] - INFO - len(per_windows_prompt):1
2024-12-21 12:18:58,659 - [Process 0/5] - INFO - res.shape is :torch.Size([3])
2024-12-21 12:18:58,863 - [Process 0/5] - INFO - len(per_windows_prompt):1
2024-12-21 12:19:03,755 - [Process 0/5] - INFO - res.shape is :torch.Size([26])
2024-12-21 12:19:04,002 - [Process 0/5] - INFO - len(per_windows_prompt):1
2024-12-21 12:19:08,307 - [Process 0/5] - INFO - res.shape is :torch.Size([12])
2024-12-21 12:19:08,516 - [Process 0/5] - INFO - len(per_windows_prompt):1
2024-12-21 12:19:15,091 - [Process 0/5] - INFO - res.shape is :torch.Size([64])
2024-12-21 12:19:15,310 - [Process 0/5] - INFO - len(per_windows_prompt):1
2024-12-21 12:19:20,885 - [Process 0/5] - INFO - res.shape is :torch.Size([42])
2024-12-21 12:19:21,105 - [Process 0/5] - INFO - len(per_windows_prompt):1
2024-12-21 12:19:27,639 - [Process 0/5] - INFO - res.shape is :torch.Size([64])
2024-12-21 12:19:27,804 - [Process 0/5] - INFO - len(per_windows_prompt):1
2024-12-21 12:19:31,393 - [Process 0/5] - INFO - res.shape is :torch.Size([5])
2024-12-21 12:19:31,499 - [Process 0/5] - INFO - len(per_windows_prompt):1
2024-12-21 12:19:34,337 - [Process 0/5] - INFO - res.shape is :torch.Size([21])
2024-12-21 12:19:34,580 - [Process 0/5] - INFO - len(per_windows_prompt):1
2024-12-21 12:19:40,205 - [Process 0/5] - INFO - res.shape is :torch.Size([43])
2024-12-21 12:19:40,418 - [Process 0/5] - INFO - len(per_windows_prompt):1
2024-12-21 12:19:44,323 - [Process 0/5] - INFO - res.shape is :torch.Size([2])
2024-12-21 12:19:44,549 - [Process 0/5] - INFO - len(per_windows_prompt):1
2024-12-21 12:19:48,501 - [Process 0/5] - INFO - res.shape is :torch.Size([3])
2024-12-21 12:19:48,740 - [Process 0/5] - INFO - len(per_windows_prompt):1
2024-12-21 12:19:55,418 - [Process 0/5] - INFO - res.shape is :torch.Size([64])
2024-12-21 12:19:55,637 - [Process 0/5] - INFO - len(per_windows_prompt):1
2024-12-21 12:19:59,734 - [Process 0/5] - INFO - res.shape is :torch.Size([6])
2024-12-21 12:19:59,978 - [Process 0/5] - INFO - len(per_windows_prompt):1
2024-12-21 12:20:05,365 - [Process 0/5] - INFO - res.shape is :torch.Size([37])
2024-12-21 12:20:05,521 - [Process 0/5] - INFO - len(per_windows_prompt):1
2024-12-21 12:20:08,964 - [Process 0/5] - INFO - res.shape is :torch.Size([7])
2024-12-21 12:20:09,180 - [Process 0/5] - INFO - len(per_windows_prompt):1
2024-12-21 12:20:15,330 - [Process 0/5] - INFO - res.shape is :torch.Size([55])
2024-12-21 12:20:15,544 - [Process 0/5] - INFO - len(per_windows_prompt):1
2024-12-21 12:20:20,516 - [Process 0/5] - INFO - res.shape is :torch.Size([27])
2024-12-21 12:20:20,740 - [Process 0/5] - INFO - len(per_windows_prompt):1
2024-12-21 12:20:24,880 - [Process 0/5] - INFO - res.shape is :torch.Size([7])
2024-12-21 12:20:25,076 - [Process 0/5] - INFO - len(per_windows_prompt):1
2024-12-21 12:20:29,303 - [Process 0/5] - INFO - res.shape is :torch.Size([9])
2024-12-21 12:20:29,440 - [Process 0/5] - INFO - len(per_windows_prompt):1
2024-12-21 12:20:32,942 - [Process 0/5] - INFO - res.shape is :torch.Size([10])
2024-12-21 12:20:33,161 - [Process 0/5] - INFO - len(per_windows_prompt):1
2024-12-21 12:20:37,258 - [Process 0/5] - INFO - res.shape is :torch.Size([6])
2024-12-21 12:20:37,454 - [Process 0/5] - INFO - len(per_windows_prompt):1
2024-12-21 12:20:41,425 - [Process 0/5] - INFO - res.shape is :torch.Size([3])
2024-12-21 12:20:41,613 - [Process 0/5] - INFO - len(per_windows_prompt):1
2024-12-21 12:20:46,050 - [Process 0/5] - INFO - res.shape is :torch.Size([13])
2024-12-21 12:20:46,294 - [Process 0/5] - INFO - len(per_windows_prompt):1
2024-12-21 12:20:52,107 - [Process 0/5] - INFO - res.shape is :torch.Size([46])
2024-12-21 12:20:52,312 - [Process 0/5] - INFO - len(per_windows_prompt):1
2024-12-21 12:20:56,708 - [Process 0/5] - INFO - res.shape is :torch.Size([13])
2024-12-21 12:20:56,925 - [Process 0/5] - INFO - len(per_windows_prompt):1
2024-12-21 12:21:01,450 - [Process 0/5] - INFO - res.shape is :torch.Size([16])
2024-12-21 12:21:01,703 - [Process 0/5] - INFO - len(per_windows_prompt):1
2024-12-21 12:21:05,843 - [Process 0/5] - INFO - res.shape is :torch.Size([7])
2024-12-21 12:21:06,052 - [Process 0/5] - INFO - len(per_windows_prompt):1
2024-12-21 12:21:10,069 - [Process 0/5] - INFO - res.shape is :torch.Size([4])
2024-12-21 12:21:10,286 - [Process 0/5] - INFO - len(per_windows_prompt):1
2024-12-21 12:21:15,014 - [Process 0/5] - INFO - res.shape is :torch.Size([21])
