2024-12-21 12:43:10,141 - [Process 1/5] - INFO - loading datasets finished
2024-12-21 12:43:10,141 - [Process 1/5] - INFO - model_max_len: 3950
2024-12-21 12:43:10,141 - [Process 1/5] - INFO - output_max_len: 128
2024-12-21 12:43:10,240 - [Process 1/5] - INFO - Max Length is 36418
2024-12-21 12:43:10,241 - [Process 1/5] - INFO - Finish loading dataset
2024-12-21 12:43:10,241 - [Process 1/5] - INFO - get_predicted begin
2024-12-21 12:43:14,998 - [Process 1/5] - INFO - len(per_windows_prompt):1
2024-12-21 12:43:19,945 - [Process 1/5] - INFO - res.shape is :torch.Size([8])
2024-12-21 12:43:20,350 - [Process 1/5] - INFO - len(per_windows_prompt):1
2024-12-21 12:43:24,457 - [Process 1/5] - INFO - res.shape is :torch.Size([6])
2024-12-21 12:43:24,690 - [Process 1/5] - INFO - len(per_windows_prompt):1
2024-12-21 12:43:29,005 - [Process 1/5] - INFO - res.shape is :torch.Size([11])
2024-12-21 12:43:29,397 - [Process 1/5] - INFO - len(per_windows_prompt):1
2024-12-21 12:43:33,679 - [Process 1/5] - INFO - res.shape is :torch.Size([10])
2024-12-21 12:43:33,947 - [Process 1/5] - INFO - len(per_windows_prompt):1
2024-12-21 12:43:38,948 - [Process 1/5] - INFO - res.shape is :torch.Size([26])
2024-12-21 12:43:39,239 - [Process 1/5] - INFO - len(per_windows_prompt):1
2024-12-21 12:43:43,223 - [Process 1/5] - INFO - res.shape is :torch.Size([3])
2024-12-21 12:43:43,689 - [Process 1/5] - INFO - len(per_windows_prompt):1
2024-12-21 12:43:48,384 - [Process 1/5] - INFO - res.shape is :torch.Size([19])
2024-12-21 12:43:48,788 - [Process 1/5] - INFO - len(per_windows_prompt):1
2024-12-21 12:43:53,374 - [Process 1/5] - INFO - res.shape is :torch.Size([17])
2024-12-21 12:43:53,678 - [Process 1/5] - INFO - len(per_windows_prompt):1
2024-12-21 12:43:57,712 - [Process 1/5] - INFO - res.shape is :torch.Size([4])
2024-12-21 12:43:58,001 - [Process 1/5] - INFO - len(per_windows_prompt):1
2024-12-21 12:44:02,506 - [Process 1/5] - INFO - res.shape is :torch.Size([15])
2024-12-21 12:44:02,938 - [Process 1/5] - INFO - len(per_windows_prompt):1
2024-12-21 12:44:12,301 - [Process 1/5] - INFO - res.shape is :torch.Size([128])
2024-12-21 12:44:12,674 - [Process 1/5] - INFO - len(per_windows_prompt):1
2024-12-21 12:44:16,754 - [Process 1/5] - INFO - res.shape is :torch.Size([5])
2024-12-21 12:44:17,122 - [Process 1/5] - INFO - len(per_windows_prompt):1
2024-12-21 12:44:21,669 - [Process 1/5] - INFO - res.shape is :torch.Size([16])
2024-12-21 12:44:22,119 - [Process 1/5] - INFO - len(per_windows_prompt):1
2024-12-21 12:44:26,252 - [Process 1/5] - INFO - res.shape is :torch.Size([6])
2024-12-21 12:44:26,807 - [Process 1/5] - INFO - len(per_windows_prompt):1
2024-12-21 12:44:30,853 - [Process 1/5] - INFO - res.shape is :torch.Size([4])
2024-12-21 12:44:31,328 - [Process 1/5] - INFO - len(per_windows_prompt):1
2024-12-21 12:44:35,541 - [Process 1/5] - INFO - res.shape is :torch.Size([8])
2024-12-21 12:44:35,934 - [Process 1/5] - INFO - len(per_windows_prompt):1
2024-12-21 12:44:40,070 - [Process 1/5] - INFO - res.shape is :torch.Size([6])
2024-12-21 12:44:40,479 - [Process 1/5] - INFO - len(per_windows_prompt):1
2024-12-21 12:44:44,527 - [Process 1/5] - INFO - res.shape is :torch.Size([4])
2024-12-21 12:44:44,770 - [Process 1/5] - INFO - len(per_windows_prompt):1
2024-12-21 12:44:48,930 - [Process 1/5] - INFO - res.shape is :torch.Size([6])
2024-12-21 12:44:49,452 - [Process 1/5] - INFO - len(per_windows_prompt):1
2024-12-21 12:44:53,515 - [Process 1/5] - INFO - res.shape is :torch.Size([4])
2024-12-21 12:44:53,745 - [Process 1/5] - INFO - len(per_windows_prompt):1
2024-12-21 12:44:58,623 - [Process 1/5] - INFO - res.shape is :torch.Size([23])
2024-12-21 12:44:58,866 - [Process 1/5] - INFO - len(per_windows_prompt):1
2024-12-21 12:45:02,967 - [Process 1/5] - INFO - res.shape is :torch.Size([5])
2024-12-21 12:45:03,610 - [Process 1/5] - INFO - len(per_windows_prompt):1
2024-12-21 12:45:07,620 - [Process 1/5] - INFO - res.shape is :torch.Size([3])
2024-12-21 12:45:07,925 - [Process 1/5] - INFO - len(per_windows_prompt):1
2024-12-21 12:45:12,019 - [Process 1/5] - INFO - res.shape is :torch.Size([5])
2024-12-21 12:45:12,270 - [Process 1/5] - INFO - len(per_windows_prompt):1
2024-12-21 12:45:16,414 - [Process 1/5] - INFO - res.shape is :torch.Size([6])
2024-12-21 12:45:17,011 - [Process 1/5] - INFO - len(per_windows_prompt):1
2024-12-21 12:45:21,068 - [Process 1/5] - INFO - res.shape is :torch.Size([4])
2024-12-21 12:45:21,311 - [Process 1/5] - INFO - len(per_windows_prompt):1
2024-12-21 12:45:25,371 - [Process 1/5] - INFO - res.shape is :torch.Size([4])
2024-12-21 12:45:25,765 - [Process 1/5] - INFO - len(per_windows_prompt):1
2024-12-21 12:45:30,248 - [Process 1/5] - INFO - res.shape is :torch.Size([14])
2024-12-21 12:45:30,540 - [Process 1/5] - INFO - len(per_windows_prompt):1
2024-12-21 12:45:34,895 - [Process 1/5] - INFO - res.shape is :torch.Size([11])
2024-12-21 12:45:35,265 - [Process 1/5] - INFO - len(per_windows_prompt):1
2024-12-21 12:45:39,279 - [Process 1/5] - INFO - res.shape is :torch.Size([3])
2024-12-21 12:45:39,516 - [Process 1/5] - INFO - len(per_windows_prompt):1
2024-12-21 12:45:43,633 - [Process 1/5] - INFO - res.shape is :torch.Size([5])
2024-12-21 12:45:44,031 - [Process 1/5] - INFO - len(per_windows_prompt):1
2024-12-21 12:45:48,703 - [Process 1/5] - INFO - res.shape is :torch.Size([18])
2024-12-21 12:45:49,063 - [Process 1/5] - INFO - len(per_windows_prompt):1
2024-12-21 12:45:53,541 - [Process 1/5] - INFO - res.shape is :torch.Size([14])
2024-12-21 12:45:53,755 - [Process 1/5] - INFO - len(per_windows_prompt):1
2024-12-21 12:45:58,701 - [Process 1/5] - INFO - res.shape is :torch.Size([25])
2024-12-21 12:45:59,111 - [Process 1/5] - INFO - len(per_windows_prompt):1
2024-12-21 12:46:03,472 - [Process 1/5] - INFO - res.shape is :torch.Size([11])
2024-12-21 12:46:03,842 - [Process 1/5] - INFO - len(per_windows_prompt):1
2024-12-21 12:46:07,909 - [Process 1/5] - INFO - res.shape is :torch.Size([4])
2024-12-21 12:46:08,181 - [Process 1/5] - INFO - len(per_windows_prompt):1
2024-12-21 12:46:12,201 - [Process 1/5] - INFO - res.shape is :torch.Size([3])
2024-12-21 12:46:12,435 - [Process 1/5] - INFO - len(per_windows_prompt):1
2024-12-21 12:46:17,381 - [Process 1/5] - INFO - res.shape is :torch.Size([25])
2024-12-21 12:46:17,818 - [Process 1/5] - INFO - len(per_windows_prompt):1
2024-12-21 12:46:21,967 - [Process 1/5] - INFO - res.shape is :torch.Size([6])
2024-12-21 12:46:22,533 - [Process 1/5] - INFO - len(per_windows_prompt):1
2024-12-21 12:46:26,761 - [Process 1/5] - INFO - res.shape is :torch.Size([8])
