2024-12-21 12:48:25,713 - [Process 0/5] - INFO - loading datasets finished
2024-12-21 12:48:25,713 - [Process 0/5] - INFO - model_max_len: 3950
2024-12-21 12:48:25,713 - [Process 0/5] - INFO - output_max_len: 128
2024-12-21 12:48:25,742 - [Process 0/5] - INFO - Max Length is 14660
2024-12-21 12:48:25,743 - [Process 0/5] - INFO - Finish loading dataset
2024-12-21 12:48:25,743 - [Process 0/5] - INFO - get_predicted begin
2024-12-21 12:48:30,562 - [Process 0/5] - INFO - len(per_windows_prompt):1
2024-12-21 12:48:35,351 - [Process 0/5] - INFO - res.shape is :torch.Size([5])
2024-12-21 12:48:35,538 - [Process 0/5] - INFO - len(per_windows_prompt):1
2024-12-21 12:48:40,781 - [Process 0/5] - INFO - res.shape is :torch.Size([39])
2024-12-21 12:48:40,986 - [Process 0/5] - INFO - len(per_windows_prompt):1
2024-12-21 12:48:47,905 - [Process 0/5] - INFO - res.shape is :torch.Size([73])
2024-12-21 12:48:48,069 - [Process 0/5] - INFO - len(per_windows_prompt):1
2024-12-21 12:48:55,105 - [Process 0/5] - INFO - res.shape is :torch.Size([83])
2024-12-21 12:48:55,313 - [Process 0/5] - INFO - len(per_windows_prompt):1
2024-12-21 12:48:59,341 - [Process 0/5] - INFO - res.shape is :torch.Size([5])
2024-12-21 12:48:59,538 - [Process 0/5] - INFO - len(per_windows_prompt):1
2024-12-21 12:49:04,437 - [Process 0/5] - INFO - res.shape is :torch.Size([25])
2024-12-21 12:49:04,655 - [Process 0/5] - INFO - len(per_windows_prompt):1
2024-12-21 12:49:08,910 - [Process 0/5] - INFO - res.shape is :torch.Size([10])
2024-12-21 12:49:09,126 - [Process 0/5] - INFO - len(per_windows_prompt):1
2024-12-21 12:49:14,164 - [Process 0/5] - INFO - res.shape is :torch.Size([28])
2024-12-21 12:49:14,360 - [Process 0/5] - INFO - len(per_windows_prompt):1
2024-12-21 12:49:19,424 - [Process 0/5] - INFO - res.shape is :torch.Size([28])
2024-12-21 12:49:19,640 - [Process 0/5] - INFO - len(per_windows_prompt):1
2024-12-21 12:49:26,346 - [Process 0/5] - INFO - res.shape is :torch.Size([66])
2024-12-21 12:49:26,539 - [Process 0/5] - INFO - len(per_windows_prompt):1
2024-12-21 12:49:31,480 - [Process 0/5] - INFO - res.shape is :torch.Size([26])
2024-12-21 12:49:31,649 - [Process 0/5] - INFO - len(per_windows_prompt):1
2024-12-21 12:49:35,758 - [Process 0/5] - INFO - res.shape is :torch.Size([10])
2024-12-21 12:49:35,933 - [Process 0/5] - INFO - len(per_windows_prompt):1
2024-12-21 12:49:40,798 - [Process 0/5] - INFO - res.shape is :torch.Size([29])
2024-12-21 12:49:41,014 - [Process 0/5] - INFO - len(per_windows_prompt):1
2024-12-21 12:49:47,684 - [Process 0/5] - INFO - res.shape is :torch.Size([64])
2024-12-21 12:49:47,879 - [Process 0/5] - INFO - len(per_windows_prompt):1
2024-12-21 12:49:51,803 - [Process 0/5] - INFO - res.shape is :torch.Size([2])
2024-12-21 12:49:52,105 - [Process 0/5] - INFO - len(per_windows_prompt):1
2024-12-21 12:49:56,668 - [Process 0/5] - INFO - res.shape is :torch.Size([16])
2024-12-21 12:49:56,950 - [Process 0/5] - INFO - len(per_windows_prompt):1
2024-12-21 12:50:01,788 - [Process 0/5] - INFO - res.shape is :torch.Size([22])
2024-12-21 12:50:02,001 - [Process 0/5] - INFO - len(per_windows_prompt):1
2024-12-21 12:50:06,978 - [Process 0/5] - INFO - res.shape is :torch.Size([25])
2024-12-21 12:50:07,186 - [Process 0/5] - INFO - len(per_windows_prompt):1
2024-12-21 12:50:12,645 - [Process 0/5] - INFO - res.shape is :torch.Size([38])
2024-12-21 12:50:12,849 - [Process 0/5] - INFO - len(per_windows_prompt):1
2024-12-21 12:50:17,158 - [Process 0/5] - INFO - res.shape is :torch.Size([11])
2024-12-21 12:50:17,341 - [Process 0/5] - INFO - len(per_windows_prompt):1
2024-12-21 12:50:22,541 - [Process 0/5] - INFO - res.shape is :torch.Size([31])
2024-12-21 12:50:22,751 - [Process 0/5] - INFO - len(per_windows_prompt):1
2024-12-21 12:50:29,594 - [Process 0/5] - INFO - res.shape is :torch.Size([70])
2024-12-21 12:50:29,792 - [Process 0/5] - INFO - len(per_windows_prompt):1
2024-12-21 12:50:34,434 - [Process 0/5] - INFO - res.shape is :torch.Size([19])
2024-12-21 12:50:34,626 - [Process 0/5] - INFO - len(per_windows_prompt):1
2024-12-21 12:50:39,228 - [Process 0/5] - INFO - res.shape is :torch.Size([18])
2024-12-21 12:50:39,434 - [Process 0/5] - INFO - len(per_windows_prompt):1
2024-12-21 12:50:44,286 - [Process 0/5] - INFO - res.shape is :torch.Size([24])
2024-12-21 12:50:44,479 - [Process 0/5] - INFO - len(per_windows_prompt):1
2024-12-21 12:50:50,756 - [Process 0/5] - INFO - res.shape is :torch.Size([57])
2024-12-21 12:50:50,934 - [Process 0/5] - INFO - len(per_windows_prompt):1
2024-12-21 12:50:55,699 - [Process 0/5] - INFO - res.shape is :torch.Size([31])
2024-12-21 12:50:55,926 - [Process 0/5] - INFO - len(per_windows_prompt):1
2024-12-21 12:50:59,904 - [Process 0/5] - INFO - res.shape is :torch.Size([3])
2024-12-21 12:51:00,052 - [Process 0/5] - INFO - len(per_windows_prompt):1
2024-12-21 12:51:05,505 - [Process 0/5] - INFO - res.shape is :torch.Size([55])
2024-12-21 12:51:05,705 - [Process 0/5] - INFO - len(per_windows_prompt):1
2024-12-21 12:51:09,732 - [Process 0/5] - INFO - res.shape is :torch.Size([4])
2024-12-21 12:51:09,919 - [Process 0/5] - INFO - len(per_windows_prompt):1
2024-12-21 12:51:19,311 - [Process 0/5] - INFO - res.shape is :torch.Size([128])
2024-12-21 12:51:19,509 - [Process 0/5] - INFO - len(per_windows_prompt):1
2024-12-21 12:51:25,350 - [Process 0/5] - INFO - res.shape is :torch.Size([45])
2024-12-21 12:51:25,568 - [Process 0/5] - INFO - len(per_windows_prompt):1
2024-12-21 12:51:30,519 - [Process 0/5] - INFO - res.shape is :torch.Size([26])
2024-12-21 12:51:30,729 - [Process 0/5] - INFO - len(per_windows_prompt):1
2024-12-21 12:51:35,349 - [Process 0/5] - INFO - res.shape is :torch.Size([18])
2024-12-21 12:51:35,556 - [Process 0/5] - INFO - len(per_windows_prompt):1
2024-12-21 12:51:39,584 - [Process 0/5] - INFO - res.shape is :torch.Size([4])
2024-12-21 12:51:39,853 - [Process 0/5] - INFO - len(per_windows_prompt):1
2024-12-21 12:51:45,062 - [Process 0/5] - INFO - res.shape is :torch.Size([32])
2024-12-21 12:51:45,256 - [Process 0/5] - INFO - len(per_windows_prompt):1
2024-12-21 12:51:49,242 - [Process 0/5] - INFO - res.shape is :torch.Size([3])
2024-12-21 12:51:49,391 - [Process 0/5] - INFO - len(per_windows_prompt):1
2024-12-21 12:51:52,351 - [Process 0/5] - INFO - res.shape is :torch.Size([5])
2024-12-21 12:51:52,550 - [Process 0/5] - INFO - len(per_windows_prompt):1
2024-12-21 12:51:57,831 - [Process 0/5] - INFO - res.shape is :torch.Size([34])
2024-12-21 12:51:58,029 - [Process 0/5] - INFO - len(per_windows_prompt):1
2024-12-21 12:52:02,847 - [Process 0/5] - INFO - res.shape is :torch.Size([23])
