2024-12-21 02:56:40,918 - [Process 0/1] - INFO - loading datasets finished
2024-12-21 02:56:40,918 - [Process 0/1] - INFO - model_max_len: 3950
2024-12-21 02:56:40,918 - [Process 0/1] - INFO - output_max_len: 64
2024-12-21 02:56:40,985 - [Process 0/1] - INFO - Max Length is 18754
2024-12-21 02:56:40,986 - [Process 0/1] - INFO - Finish loading dataset
2024-12-21 02:56:40,986 - [Process 0/1] - INFO - get_predicted begin
2024-12-21 02:56:41,137 - [Process 0/1] - INFO - len(per_windows_prompt):2
2024-12-21 02:56:48,485 - [Process 0/1] - INFO - res.shape is :torch.Size([64])
2024-12-21 02:56:48,665 - [Process 0/1] - INFO - len(per_windows_prompt):2
2024-12-21 02:56:56,149 - [Process 0/1] - INFO - res.shape is :torch.Size([64])
2024-12-21 02:56:56,299 - [Process 0/1] - INFO - len(per_windows_prompt):2
2024-12-21 02:57:02,917 - [Process 0/1] - INFO - res.shape is :torch.Size([64])
2024-12-21 02:57:03,095 - [Process 0/1] - INFO - len(per_windows_prompt):2
2024-12-21 02:57:10,681 - [Process 0/1] - INFO - res.shape is :torch.Size([64])
2024-12-21 02:57:10,848 - [Process 0/1] - INFO - len(per_windows_prompt):2
2024-12-21 02:57:19,536 - [Process 0/1] - INFO - res.shape is :torch.Size([64])
2024-12-21 02:57:19,689 - [Process 0/1] - INFO - len(per_windows_prompt):2
2024-12-21 02:57:26,235 - [Process 0/1] - INFO - res.shape is :torch.Size([64])
2024-12-21 02:57:26,339 - [Process 0/1] - INFO - len(per_windows_prompt):2
2024-12-21 02:57:33,391 - [Process 0/1] - INFO - res.shape is :torch.Size([64])
2024-12-21 02:57:33,556 - [Process 0/1] - INFO - len(per_windows_prompt):2
2024-12-21 02:57:41,159 - [Process 0/1] - INFO - res.shape is :torch.Size([64])
2024-12-21 02:57:41,297 - [Process 0/1] - INFO - len(per_windows_prompt):2
2024-12-21 02:57:50,711 - [Process 0/1] - INFO - res.shape is :torch.Size([64])
2024-12-21 02:57:50,883 - [Process 0/1] - INFO - len(per_windows_prompt):2
2024-12-21 02:57:59,851 - [Process 0/1] - INFO - res.shape is :torch.Size([64])
2024-12-21 02:57:59,956 - [Process 0/1] - INFO - len(per_windows_prompt):2
2024-12-21 02:58:06,704 - [Process 0/1] - INFO - res.shape is :torch.Size([64])
2024-12-21 02:58:06,811 - [Process 0/1] - INFO - len(per_windows_prompt):2
2024-12-21 02:58:14,430 - [Process 0/1] - INFO - res.shape is :torch.Size([64])
2024-12-21 02:58:14,565 - [Process 0/1] - INFO - len(per_windows_prompt):2
2024-12-21 02:58:22,129 - [Process 0/1] - INFO - res.shape is :torch.Size([64])
2024-12-21 02:58:22,238 - [Process 0/1] - INFO - len(per_windows_prompt):2
2024-12-21 02:58:30,850 - [Process 0/1] - INFO - res.shape is :torch.Size([64])
2024-12-21 02:58:31,042 - [Process 0/1] - INFO - len(per_windows_prompt):2
2024-12-21 02:58:37,519 - [Process 0/1] - INFO - res.shape is :torch.Size([64])
2024-12-21 02:58:37,631 - [Process 0/1] - INFO - len(per_windows_prompt):2
2024-12-21 02:58:44,479 - [Process 0/1] - INFO - res.shape is :torch.Size([64])
2024-12-21 02:58:44,642 - [Process 0/1] - INFO - len(per_windows_prompt):2
2024-12-21 02:58:52,323 - [Process 0/1] - INFO - res.shape is :torch.Size([64])
2024-12-21 02:58:52,462 - [Process 0/1] - INFO - len(per_windows_prompt):2
2024-12-21 02:59:00,060 - [Process 0/1] - INFO - res.shape is :torch.Size([64])
2024-12-21 02:59:00,179 - [Process 0/1] - INFO - len(per_windows_prompt):2
2024-12-21 02:59:07,311 - [Process 0/1] - INFO - res.shape is :torch.Size([64])
2024-12-21 02:59:07,362 - [Process 0/1] - INFO - len(per_windows_prompt):2
2024-12-21 02:59:14,483 - [Process 0/1] - INFO - res.shape is :torch.Size([64])
2024-12-21 02:59:14,601 - [Process 0/1] - INFO - len(per_windows_prompt):2
2024-12-21 02:59:21,804 - [Process 0/1] - INFO - res.shape is :torch.Size([64])
2024-12-21 02:59:21,966 - [Process 0/1] - INFO - len(per_windows_prompt):2
2024-12-21 02:59:29,187 - [Process 0/1] - INFO - res.shape is :torch.Size([64])
2024-12-21 02:59:29,344 - [Process 0/1] - INFO - len(per_windows_prompt):2
2024-12-21 02:59:38,384 - [Process 0/1] - INFO - res.shape is :torch.Size([64])
2024-12-21 02:59:38,577 - [Process 0/1] - INFO - len(per_windows_prompt):2
2024-12-21 02:59:47,066 - [Process 0/1] - INFO - res.shape is :torch.Size([64])
2024-12-21 02:59:47,186 - [Process 0/1] - INFO - len(per_windows_prompt):2
2024-12-21 02:59:55,204 - [Process 0/1] - INFO - res.shape is :torch.Size([64])
2024-12-21 02:59:55,320 - [Process 0/1] - INFO - len(per_windows_prompt):2
2024-12-21 03:00:02,096 - [Process 0/1] - INFO - res.shape is :torch.Size([64])
2024-12-21 03:00:02,240 - [Process 0/1] - INFO - len(per_windows_prompt):2
2024-12-21 03:00:10,370 - [Process 0/1] - INFO - res.shape is :torch.Size([64])
2024-12-21 03:00:10,493 - [Process 0/1] - INFO - len(per_windows_prompt):2
2024-12-21 03:00:19,051 - [Process 0/1] - INFO - res.shape is :torch.Size([64])
2024-12-21 03:00:19,188 - [Process 0/1] - INFO - len(per_windows_prompt):2
2024-12-21 03:00:27,109 - [Process 0/1] - INFO - res.shape is :torch.Size([64])
2024-12-21 03:00:27,224 - [Process 0/1] - INFO - len(per_windows_prompt):2
2024-12-21 03:00:35,791 - [Process 0/1] - INFO - res.shape is :torch.Size([64])
2024-12-21 03:00:35,925 - [Process 0/1] - INFO - len(per_windows_prompt):2
2024-12-21 03:00:44,963 - [Process 0/1] - INFO - res.shape is :torch.Size([64])
2024-12-21 03:00:45,071 - [Process 0/1] - INFO - len(per_windows_prompt):2
2024-12-21 03:00:51,862 - [Process 0/1] - INFO - res.shape is :torch.Size([64])
2024-12-21 03:00:52,001 - [Process 0/1] - INFO - len(per_windows_prompt):2
2024-12-21 03:01:00,241 - [Process 0/1] - INFO - res.shape is :torch.Size([64])
2024-12-21 03:01:00,408 - [Process 0/1] - INFO - len(per_windows_prompt):2
2024-12-21 03:01:08,787 - [Process 0/1] - INFO - res.shape is :torch.Size([64])
2024-12-21 03:01:08,984 - [Process 0/1] - INFO - len(per_windows_prompt):2
2024-12-21 03:01:15,865 - [Process 0/1] - INFO - res.shape is :torch.Size([64])
2024-12-21 03:01:15,984 - [Process 0/1] - INFO - len(per_windows_prompt):2
2024-12-21 03:01:23,717 - [Process 0/1] - INFO - res.shape is :torch.Size([64])
2024-12-21 03:01:23,825 - [Process 0/1] - INFO - len(per_windows_prompt):2
2024-12-21 03:01:31,108 - [Process 0/1] - INFO - res.shape is :torch.Size([64])
2024-12-21 03:01:31,267 - [Process 0/1] - INFO - len(per_windows_prompt):2
2024-12-21 03:01:39,718 - [Process 0/1] - INFO - res.shape is :torch.Size([64])
2024-12-21 03:01:39,866 - [Process 0/1] - INFO - len(per_windows_prompt):2
2024-12-21 03:01:47,951 - [Process 0/1] - INFO - res.shape is :torch.Size([64])
2024-12-21 03:01:48,062 - [Process 0/1] - INFO - len(per_windows_prompt):2
2024-12-21 03:01:55,372 - [Process 0/1] - INFO - res.shape is :torch.Size([64])
2024-12-21 03:01:55,481 - [Process 0/1] - INFO - len(per_windows_prompt):2
2024-12-21 03:02:04,564 - [Process 0/1] - INFO - res.shape is :torch.Size([64])
2024-12-21 03:02:04,710 - [Process 0/1] - INFO - len(per_windows_prompt):2
2024-12-21 03:02:12,264 - [Process 0/1] - INFO - res.shape is :torch.Size([64])
2024-12-21 03:02:12,374 - [Process 0/1] - INFO - len(per_windows_prompt):2
2024-12-21 03:02:20,576 - [Process 0/1] - INFO - res.shape is :torch.Size([64])
2024-12-21 03:02:20,729 - [Process 0/1] - INFO - len(per_windows_prompt):2
2024-12-21 03:02:28,884 - [Process 0/1] - INFO - res.shape is :torch.Size([64])
2024-12-21 03:02:29,011 - [Process 0/1] - INFO - len(per_windows_prompt):2
2024-12-21 03:02:37,638 - [Process 0/1] - INFO - res.shape is :torch.Size([64])
2024-12-21 03:02:37,773 - [Process 0/1] - INFO - len(per_windows_prompt):2
2024-12-21 03:02:46,741 - [Process 0/1] - INFO - res.shape is :torch.Size([64])
2024-12-21 03:02:46,985 - [Process 0/1] - INFO - len(per_windows_prompt):2
2024-12-21 03:02:54,454 - [Process 0/1] - INFO - res.shape is :torch.Size([64])
2024-12-21 03:02:54,597 - [Process 0/1] - INFO - len(per_windows_prompt):2
2024-12-21 03:03:02,693 - [Process 0/1] - INFO - res.shape is :torch.Size([64])
2024-12-21 03:03:02,841 - [Process 0/1] - INFO - len(per_windows_prompt):2
2024-12-21 03:03:10,552 - [Process 0/1] - INFO - res.shape is :torch.Size([64])
2024-12-21 03:03:10,661 - [Process 0/1] - INFO - len(per_windows_prompt):2
2024-12-21 03:03:18,144 - [Process 0/1] - INFO - res.shape is :torch.Size([64])
2024-12-21 03:03:18,270 - [Process 0/1] - INFO - len(per_windows_prompt):2
2024-12-21 03:03:26,359 - [Process 0/1] - INFO - res.shape is :torch.Size([64])
2024-12-21 03:03:26,465 - [Process 0/1] - INFO - len(per_windows_prompt):2
2024-12-21 03:03:33,349 - [Process 0/1] - INFO - res.shape is :torch.Size([64])
2024-12-21 03:03:33,461 - [Process 0/1] - INFO - len(per_windows_prompt):2
2024-12-21 03:03:40,964 - [Process 0/1] - INFO - res.shape is :torch.Size([64])
2024-12-21 03:03:41,110 - [Process 0/1] - INFO - len(per_windows_prompt):2
2024-12-21 03:03:48,954 - [Process 0/1] - INFO - res.shape is :torch.Size([64])
2024-12-21 03:03:49,124 - [Process 0/1] - INFO - len(per_windows_prompt):2
2024-12-21 03:03:57,554 - [Process 0/1] - INFO - res.shape is :torch.Size([64])
2024-12-21 03:03:57,721 - [Process 0/1] - INFO - len(per_windows_prompt):2
2024-12-21 03:04:04,813 - [Process 0/1] - INFO - res.shape is :torch.Size([64])
2024-12-21 03:04:04,963 - [Process 0/1] - INFO - len(per_windows_prompt):2
2024-12-21 03:04:12,131 - [Process 0/1] - INFO - res.shape is :torch.Size([64])
2024-12-21 03:04:12,235 - [Process 0/1] - INFO - len(per_windows_prompt):2
2024-12-21 03:04:21,587 - [Process 0/1] - INFO - res.shape is :torch.Size([64])
2024-12-21 03:04:21,749 - [Process 0/1] - INFO - len(per_windows_prompt):2
2024-12-21 03:04:29,593 - [Process 0/1] - INFO - res.shape is :torch.Size([64])
2024-12-21 03:04:29,829 - [Process 0/1] - INFO - len(per_windows_prompt):2
2024-12-21 03:04:38,845 - [Process 0/1] - INFO - res.shape is :torch.Size([64])
2024-12-21 03:04:38,976 - [Process 0/1] - INFO - len(per_windows_prompt):2
2024-12-21 03:04:45,321 - [Process 0/1] - INFO - res.shape is :torch.Size([64])
2024-12-21 03:04:45,458 - [Process 0/1] - INFO - len(per_windows_prompt):2
2024-12-21 03:04:54,030 - [Process 0/1] - INFO - res.shape is :torch.Size([64])
2024-12-21 03:04:54,233 - [Process 0/1] - INFO - len(per_windows_prompt):2
2024-12-21 03:05:02,877 - [Process 0/1] - INFO - res.shape is :torch.Size([64])
2024-12-21 03:05:02,957 - [Process 0/1] - INFO - len(per_windows_prompt):2
2024-12-21 03:05:08,924 - [Process 0/1] - INFO - res.shape is :torch.Size([64])
2024-12-21 03:05:08,970 - [Process 0/1] - INFO - len(per_windows_prompt):2
2024-12-21 03:05:15,576 - [Process 0/1] - INFO - res.shape is :torch.Size([64])
2024-12-21 03:05:15,741 - [Process 0/1] - INFO - len(per_windows_prompt):2
2024-12-21 03:05:22,959 - [Process 0/1] - INFO - res.shape is :torch.Size([64])
2024-12-21 03:05:23,077 - [Process 0/1] - INFO - len(per_windows_prompt):2
2024-12-21 03:05:30,901 - [Process 0/1] - INFO - res.shape is :torch.Size([64])
2024-12-21 03:05:31,030 - [Process 0/1] - INFO - len(per_windows_prompt):2
2024-12-21 03:05:37,782 - [Process 0/1] - INFO - res.shape is :torch.Size([64])
2024-12-21 03:05:37,916 - [Process 0/1] - INFO - len(per_windows_prompt):2
2024-12-21 03:05:45,961 - [Process 0/1] - INFO - res.shape is :torch.Size([64])
2024-12-21 03:05:46,036 - [Process 0/1] - INFO - len(per_windows_prompt):2
2024-12-21 03:05:53,085 - [Process 0/1] - INFO - res.shape is :torch.Size([64])
2024-12-21 03:05:53,338 - [Process 0/1] - INFO - len(per_windows_prompt):2
2024-12-21 03:06:00,775 - [Process 0/1] - INFO - res.shape is :torch.Size([64])
2024-12-21 03:06:00,883 - [Process 0/1] - INFO - len(per_windows_prompt):2
2024-12-21 03:06:08,185 - [Process 0/1] - INFO - res.shape is :torch.Size([64])
2024-12-21 03:06:08,297 - [Process 0/1] - INFO - len(per_windows_prompt):2
2024-12-21 03:06:15,561 - [Process 0/1] - INFO - res.shape is :torch.Size([64])
2024-12-21 03:06:15,713 - [Process 0/1] - INFO - len(per_windows_prompt):2
2024-12-21 03:06:24,738 - [Process 0/1] - INFO - res.shape is :torch.Size([64])
2024-12-21 03:06:24,857 - [Process 0/1] - INFO - len(per_windows_prompt):2
2024-12-21 03:06:31,835 - [Process 0/1] - INFO - res.shape is :torch.Size([64])
2024-12-21 03:06:32,063 - [Process 0/1] - INFO - len(per_windows_prompt):2
2024-12-21 03:06:39,376 - [Process 0/1] - INFO - res.shape is :torch.Size([64])
2024-12-21 03:06:39,493 - [Process 0/1] - INFO - len(per_windows_prompt):2
2024-12-21 03:06:51,563 - [Process 0/1] - INFO - res.shape is :torch.Size([64])
2024-12-21 03:06:51,725 - [Process 0/1] - INFO - len(per_windows_prompt):2
2024-12-21 03:06:59,996 - [Process 0/1] - INFO - res.shape is :torch.Size([64])
2024-12-21 03:07:00,113 - [Process 0/1] - INFO - len(per_windows_prompt):2
2024-12-21 03:07:08,276 - [Process 0/1] - INFO - res.shape is :torch.Size([64])
2024-12-21 03:07:08,381 - [Process 0/1] - INFO - len(per_windows_prompt):2
2024-12-21 03:07:15,972 - [Process 0/1] - INFO - res.shape is :torch.Size([64])
2024-12-21 03:07:16,122 - [Process 0/1] - INFO - len(per_windows_prompt):2
2024-12-21 03:07:25,575 - [Process 0/1] - INFO - res.shape is :torch.Size([64])
2024-12-21 03:07:25,714 - [Process 0/1] - INFO - len(per_windows_prompt):2
2024-12-21 03:07:33,657 - [Process 0/1] - INFO - res.shape is :torch.Size([64])
2024-12-21 03:07:33,759 - [Process 0/1] - INFO - len(per_windows_prompt):2
2024-12-21 03:07:41,136 - [Process 0/1] - INFO - res.shape is :torch.Size([64])
2024-12-21 03:07:41,230 - [Process 0/1] - INFO - len(per_windows_prompt):2
2024-12-21 03:07:49,013 - [Process 0/1] - INFO - res.shape is :torch.Size([64])
2024-12-21 03:07:49,152 - [Process 0/1] - INFO - len(per_windows_prompt):2
2024-12-21 03:07:57,253 - [Process 0/1] - INFO - res.shape is :torch.Size([64])
2024-12-21 03:07:57,380 - [Process 0/1] - INFO - len(per_windows_prompt):2
2024-12-21 03:08:03,942 - [Process 0/1] - INFO - res.shape is :torch.Size([64])
2024-12-21 03:08:04,060 - [Process 0/1] - INFO - len(per_windows_prompt):2
2024-12-21 03:08:10,836 - [Process 0/1] - INFO - res.shape is :torch.Size([64])
2024-12-21 03:08:10,999 - [Process 0/1] - INFO - len(per_windows_prompt):2
2024-12-21 03:08:19,892 - [Process 0/1] - INFO - res.shape is :torch.Size([64])
2024-12-21 03:08:20,009 - [Process 0/1] - INFO - len(per_windows_prompt):2
2024-12-21 03:08:27,837 - [Process 0/1] - INFO - res.shape is :torch.Size([64])
2024-12-21 03:08:27,927 - [Process 0/1] - INFO - len(per_windows_prompt):2
2024-12-21 03:08:34,947 - [Process 0/1] - INFO - res.shape is :torch.Size([64])
2024-12-21 03:08:35,164 - [Process 0/1] - INFO - len(per_windows_prompt):2
2024-12-21 03:08:43,652 - [Process 0/1] - INFO - res.shape is :torch.Size([64])
2024-12-21 03:08:43,784 - [Process 0/1] - INFO - len(per_windows_prompt):2
2024-12-21 03:08:51,920 - [Process 0/1] - INFO - res.shape is :torch.Size([64])
2024-12-21 03:08:52,083 - [Process 0/1] - INFO - len(per_windows_prompt):2
2024-12-21 03:09:01,094 - [Process 0/1] - INFO - res.shape is :torch.Size([64])
2024-12-21 03:09:01,202 - [Process 0/1] - INFO - len(per_windows_prompt):2
2024-12-21 03:09:09,071 - [Process 0/1] - INFO - res.shape is :torch.Size([64])
2024-12-21 03:09:09,214 - [Process 0/1] - INFO - len(per_windows_prompt):2
2024-12-21 03:09:19,310 - [Process 0/1] - INFO - res.shape is :torch.Size([64])
2024-12-21 03:09:19,427 - [Process 0/1] - INFO - len(per_windows_prompt):2
2024-12-21 03:09:28,057 - [Process 0/1] - INFO - res.shape is :torch.Size([64])
2024-12-21 03:09:28,147 - [Process 0/1] - INFO - len(per_windows_prompt):2
2024-12-21 03:09:35,901 - [Process 0/1] - INFO - res.shape is :torch.Size([64])
2024-12-21 03:09:36,068 - [Process 0/1] - INFO - len(per_windows_prompt):2
2024-12-21 03:09:46,076 - [Process 0/1] - INFO - res.shape is :torch.Size([64])
2024-12-21 03:09:46,179 - [Process 0/1] - INFO - len(per_windows_prompt):2
2024-12-21 03:09:54,057 - [Process 0/1] - INFO - res.shape is :torch.Size([64])
2024-12-21 03:09:54,189 - [Process 0/1] - INFO - len(per_windows_prompt):2
2024-12-21 03:10:01,044 - [Process 0/1] - INFO - res.shape is :torch.Size([64])
2024-12-21 03:10:01,147 - [Process 0/1] - INFO - len(per_windows_prompt):2
2024-12-21 03:10:07,833 - [Process 0/1] - INFO - res.shape is :torch.Size([64])
2024-12-21 03:10:07,949 - [Process 0/1] - INFO - len(per_windows_prompt):2
2024-12-21 03:10:14,319 - [Process 0/1] - INFO - res.shape is :torch.Size([64])
2024-12-21 03:10:14,443 - [Process 0/1] - INFO - len(per_windows_prompt):2
2024-12-21 03:10:22,303 - [Process 0/1] - INFO - res.shape is :torch.Size([64])
2024-12-21 03:10:22,469 - [Process 0/1] - INFO - len(per_windows_prompt):2
2024-12-21 03:10:30,596 - [Process 0/1] - INFO - res.shape is :torch.Size([64])
2024-12-21 03:10:30,671 - [Process 0/1] - INFO - len(per_windows_prompt):2
2024-12-21 03:10:37,518 - [Process 0/1] - INFO - res.shape is :torch.Size([64])
2024-12-21 03:10:37,650 - [Process 0/1] - INFO - len(per_windows_prompt):2
2024-12-21 03:10:44,522 - [Process 0/1] - INFO - res.shape is :torch.Size([64])
2024-12-21 03:10:44,647 - [Process 0/1] - INFO - len(per_windows_prompt):2
2024-12-21 03:10:52,214 - [Process 0/1] - INFO - res.shape is :torch.Size([64])
2024-12-21 03:10:52,329 - [Process 0/1] - INFO - len(per_windows_prompt):2
2024-12-21 03:11:01,043 - [Process 0/1] - INFO - res.shape is :torch.Size([64])
2024-12-21 03:11:01,156 - [Process 0/1] - INFO - len(per_windows_prompt):2
2024-12-21 03:11:08,741 - [Process 0/1] - INFO - res.shape is :torch.Size([64])
2024-12-21 03:11:08,872 - [Process 0/1] - INFO - len(per_windows_prompt):2
2024-12-21 03:11:16,319 - [Process 0/1] - INFO - res.shape is :torch.Size([64])
2024-12-21 03:11:16,452 - [Process 0/1] - INFO - len(per_windows_prompt):2
2024-12-21 03:11:23,581 - [Process 0/1] - INFO - res.shape is :torch.Size([64])
2024-12-21 03:11:23,686 - [Process 0/1] - INFO - len(per_windows_prompt):2
2024-12-21 03:11:30,183 - [Process 0/1] - INFO - res.shape is :torch.Size([64])
2024-12-21 03:11:30,339 - [Process 0/1] - INFO - len(per_windows_prompt):2
2024-12-21 03:11:38,890 - [Process 0/1] - INFO - res.shape is :torch.Size([64])
2024-12-21 03:11:39,007 - [Process 0/1] - INFO - len(per_windows_prompt):2
2024-12-21 03:11:46,849 - [Process 0/1] - INFO - res.shape is :torch.Size([64])
2024-12-21 03:11:47,010 - [Process 0/1] - INFO - len(per_windows_prompt):2
2024-12-21 03:11:54,557 - [Process 0/1] - INFO - res.shape is :torch.Size([64])
2024-12-21 03:11:54,711 - [Process 0/1] - INFO - len(per_windows_prompt):2
2024-12-21 03:12:03,433 - [Process 0/1] - INFO - res.shape is :torch.Size([64])
2024-12-21 03:12:03,545 - [Process 0/1] - INFO - len(per_windows_prompt):2
2024-12-21 03:12:10,825 - [Process 0/1] - INFO - res.shape is :torch.Size([64])
2024-12-21 03:12:10,930 - [Process 0/1] - INFO - len(per_windows_prompt):2
2024-12-21 03:12:18,084 - [Process 0/1] - INFO - res.shape is :torch.Size([64])
2024-12-21 03:12:18,204 - [Process 0/1] - INFO - len(per_windows_prompt):2
2024-12-21 03:12:25,578 - [Process 0/1] - INFO - res.shape is :torch.Size([64])
2024-12-21 03:12:25,664 - [Process 0/1] - INFO - len(per_windows_prompt):2
2024-12-21 03:12:31,898 - [Process 0/1] - INFO - res.shape is :torch.Size([64])
2024-12-21 03:12:32,058 - [Process 0/1] - INFO - len(per_windows_prompt):2
2024-12-21 03:12:39,127 - [Process 0/1] - INFO - res.shape is :torch.Size([64])
2024-12-21 03:12:39,248 - [Process 0/1] - INFO - len(per_windows_prompt):2
2024-12-21 03:12:48,549 - [Process 0/1] - INFO - res.shape is :torch.Size([64])
2024-12-21 03:12:48,662 - [Process 0/1] - INFO - len(per_windows_prompt):2
2024-12-21 03:12:57,092 - [Process 0/1] - INFO - res.shape is :torch.Size([64])
2024-12-21 03:12:57,260 - [Process 0/1] - INFO - len(per_windows_prompt):2
2024-12-21 03:13:05,371 - [Process 0/1] - INFO - res.shape is :torch.Size([64])
2024-12-21 03:13:05,545 - [Process 0/1] - INFO - len(per_windows_prompt):2
2024-12-21 03:13:14,987 - [Process 0/1] - INFO - res.shape is :torch.Size([64])
2024-12-21 03:13:15,129 - [Process 0/1] - INFO - len(per_windows_prompt):2
2024-12-21 03:13:24,890 - [Process 0/1] - INFO - res.shape is :torch.Size([64])
2024-12-21 03:13:24,998 - [Process 0/1] - INFO - len(per_windows_prompt):2
2024-12-21 03:13:32,633 - [Process 0/1] - INFO - res.shape is :torch.Size([64])
2024-12-21 03:13:32,837 - [Process 0/1] - INFO - len(per_windows_prompt):2
2024-12-21 03:13:40,377 - [Process 0/1] - INFO - res.shape is :torch.Size([64])
2024-12-21 03:13:40,498 - [Process 0/1] - INFO - len(per_windows_prompt):2
2024-12-21 03:13:48,419 - [Process 0/1] - INFO - res.shape is :torch.Size([64])
2024-12-21 03:13:48,534 - [Process 0/1] - INFO - len(per_windows_prompt):2
2024-12-21 03:13:55,307 - [Process 0/1] - INFO - res.shape is :torch.Size([64])
2024-12-21 03:13:55,436 - [Process 0/1] - INFO - len(per_windows_prompt):2
2024-12-21 03:14:03,209 - [Process 0/1] - INFO - res.shape is :torch.Size([64])
2024-12-21 03:14:03,345 - [Process 0/1] - INFO - len(per_windows_prompt):2
2024-12-21 03:14:10,038 - [Process 0/1] - INFO - res.shape is :torch.Size([64])
2024-12-21 03:14:10,198 - [Process 0/1] - INFO - len(per_windows_prompt):2
2024-12-21 03:14:17,559 - [Process 0/1] - INFO - res.shape is :torch.Size([64])
2024-12-21 03:14:17,684 - [Process 0/1] - INFO - len(per_windows_prompt):2
2024-12-21 03:14:24,657 - [Process 0/1] - INFO - res.shape is :torch.Size([64])
2024-12-21 03:14:24,796 - [Process 0/1] - INFO - len(per_windows_prompt):2
2024-12-21 03:14:33,694 - [Process 0/1] - INFO - res.shape is :torch.Size([64])
2024-12-21 03:14:33,860 - [Process 0/1] - INFO - len(per_windows_prompt):2
2024-12-21 03:14:43,579 - [Process 0/1] - INFO - res.shape is :torch.Size([64])
2024-12-21 03:14:43,689 - [Process 0/1] - INFO - len(per_windows_prompt):2
2024-12-21 03:14:51,854 - [Process 0/1] - INFO - res.shape is :torch.Size([64])
2024-12-21 03:14:51,960 - [Process 0/1] - INFO - len(per_windows_prompt):2
2024-12-21 03:14:58,688 - [Process 0/1] - INFO - res.shape is :torch.Size([64])
2024-12-21 03:14:58,870 - [Process 0/1] - INFO - len(per_windows_prompt):2
2024-12-21 03:15:06,844 - [Process 0/1] - INFO - res.shape is :torch.Size([64])
2024-12-21 03:15:06,983 - [Process 0/1] - INFO - len(per_windows_prompt):2
2024-12-21 03:15:13,868 - [Process 0/1] - INFO - res.shape is :torch.Size([64])
2024-12-21 03:15:14,023 - [Process 0/1] - INFO - len(per_windows_prompt):2
2024-12-21 03:15:21,262 - [Process 0/1] - INFO - res.shape is :torch.Size([64])
2024-12-21 03:15:21,376 - [Process 0/1] - INFO - len(per_windows_prompt):2
2024-12-21 03:15:29,173 - [Process 0/1] - INFO - res.shape is :torch.Size([64])
2024-12-21 03:15:29,305 - [Process 0/1] - INFO - len(per_windows_prompt):2
2024-12-21 03:15:38,396 - [Process 0/1] - INFO - res.shape is :torch.Size([64])
2024-12-21 03:15:38,544 - [Process 0/1] - INFO - len(per_windows_prompt):2
2024-12-21 03:15:45,314 - [Process 0/1] - INFO - res.shape is :torch.Size([64])
2024-12-21 03:15:45,363 - [Process 0/1] - INFO - len(per_windows_prompt):2
2024-12-21 03:15:52,629 - [Process 0/1] - INFO - res.shape is :torch.Size([64])
2024-12-21 03:15:52,759 - [Process 0/1] - INFO - len(per_windows_prompt):2
2024-12-21 03:16:00,315 - [Process 0/1] - INFO - res.shape is :torch.Size([64])
2024-12-21 03:16:00,438 - [Process 0/1] - INFO - len(per_windows_prompt):2
2024-12-21 03:16:08,594 - [Process 0/1] - INFO - res.shape is :torch.Size([64])
2024-12-21 03:16:08,727 - [Process 0/1] - INFO - len(per_windows_prompt):2
2024-12-21 03:16:16,334 - [Process 0/1] - INFO - res.shape is :torch.Size([64])
2024-12-21 03:16:16,437 - [Process 0/1] - INFO - len(per_windows_prompt):2
2024-12-21 03:16:23,105 - [Process 0/1] - INFO - res.shape is :torch.Size([64])
2024-12-21 03:16:23,230 - [Process 0/1] - INFO - len(per_windows_prompt):2
2024-12-21 03:16:32,585 - [Process 0/1] - INFO - res.shape is :torch.Size([64])
2024-12-21 03:16:32,694 - [Process 0/1] - INFO - len(per_windows_prompt):2
2024-12-21 03:16:41,735 - [Process 0/1] - INFO - res.shape is :torch.Size([64])
2024-12-21 03:16:41,870 - [Process 0/1] - INFO - len(per_windows_prompt):2
2024-12-21 03:16:48,737 - [Process 0/1] - INFO - res.shape is :torch.Size([64])
2024-12-21 03:16:48,851 - [Process 0/1] - INFO - len(per_windows_prompt):2
2024-12-21 03:16:55,529 - [Process 0/1] - INFO - res.shape is :torch.Size([64])
2024-12-21 03:16:55,632 - [Process 0/1] - INFO - len(per_windows_prompt):2
2024-12-21 03:17:03,658 - [Process 0/1] - INFO - res.shape is :torch.Size([64])
2024-12-21 03:17:03,903 - [Process 0/1] - INFO - len(per_windows_prompt):2
2024-12-21 03:17:10,691 - [Process 0/1] - INFO - res.shape is :torch.Size([64])
2024-12-21 03:17:10,796 - [Process 0/1] - INFO - len(per_windows_prompt):2
2024-12-21 03:17:18,341 - [Process 0/1] - INFO - res.shape is :torch.Size([64])
2024-12-21 03:17:18,476 - [Process 0/1] - INFO - len(per_windows_prompt):2
2024-12-21 03:17:25,118 - [Process 0/1] - INFO - res.shape is :torch.Size([64])
2024-12-21 03:17:25,266 - [Process 0/1] - INFO - len(per_windows_prompt):2
2024-12-21 03:17:34,368 - [Process 0/1] - INFO - res.shape is :torch.Size([64])
2024-12-21 03:17:34,518 - [Process 0/1] - INFO - len(per_windows_prompt):2
2024-12-21 03:17:41,744 - [Process 0/1] - INFO - res.shape is :torch.Size([64])
2024-12-21 03:17:41,855 - [Process 0/1] - INFO - len(per_windows_prompt):2
2024-12-21 03:17:49,301 - [Process 0/1] - INFO - res.shape is :torch.Size([64])
2024-12-21 03:17:49,408 - [Process 0/1] - INFO - len(per_windows_prompt):2
2024-12-21 03:17:57,518 - [Process 0/1] - INFO - res.shape is :torch.Size([64])
2024-12-21 03:17:57,768 - [Process 0/1] - INFO - len(per_windows_prompt):2
2024-12-21 03:18:05,122 - [Process 0/1] - INFO - res.shape is :torch.Size([64])
2024-12-21 03:18:05,234 - [Process 0/1] - INFO - len(per_windows_prompt):2
2024-12-21 03:18:13,331 - [Process 0/1] - INFO - res.shape is :torch.Size([64])
2024-12-21 03:18:13,471 - [Process 0/1] - INFO - len(per_windows_prompt):2
2024-12-21 03:18:21,636 - [Process 0/1] - INFO - res.shape is :torch.Size([64])
2024-12-21 03:18:21,818 - [Process 0/1] - INFO - len(per_windows_prompt):2
2024-12-21 03:18:29,460 - [Process 0/1] - INFO - res.shape is :torch.Size([64])
2024-12-21 03:18:29,600 - [Process 0/1] - INFO - len(per_windows_prompt):2
2024-12-21 03:18:38,047 - [Process 0/1] - INFO - res.shape is :torch.Size([64])
2024-12-21 03:18:38,154 - [Process 0/1] - INFO - len(per_windows_prompt):2
2024-12-21 03:18:45,968 - [Process 0/1] - INFO - res.shape is :torch.Size([64])
2024-12-21 03:18:46,090 - [Process 0/1] - INFO - len(per_windows_prompt):2
2024-12-21 03:18:54,360 - [Process 0/1] - INFO - res.shape is :torch.Size([64])
2024-12-21 03:18:54,511 - [Process 0/1] - INFO - len(per_windows_prompt):2
2024-12-21 03:19:01,290 - [Process 0/1] - INFO - res.shape is :torch.Size([64])
2024-12-21 03:19:01,421 - [Process 0/1] - INFO - len(per_windows_prompt):2
2024-12-21 03:19:09,030 - [Process 0/1] - INFO - res.shape is :torch.Size([64])
2024-12-21 03:19:09,235 - [Process 0/1] - INFO - len(per_windows_prompt):2
2024-12-21 03:19:17,785 - [Process 0/1] - INFO - res.shape is :torch.Size([64])
2024-12-21 03:19:17,889 - [Process 0/1] - INFO - len(per_windows_prompt):2
2024-12-21 03:19:25,500 - [Process 0/1] - INFO - res.shape is :torch.Size([64])
2024-12-21 03:19:25,703 - [Process 0/1] - INFO - len(per_windows_prompt):2
2024-12-21 03:19:32,549 - [Process 0/1] - INFO - res.shape is :torch.Size([64])
2024-12-21 03:19:32,697 - [Process 0/1] - INFO - len(per_windows_prompt):2
2024-12-21 03:19:39,577 - [Process 0/1] - INFO - res.shape is :torch.Size([64])
2024-12-21 03:19:39,685 - [Process 0/1] - INFO - len(per_windows_prompt):2
2024-12-21 03:19:46,972 - [Process 0/1] - INFO - res.shape is :torch.Size([64])
2024-12-21 03:19:47,105 - [Process 0/1] - INFO - len(per_windows_prompt):2
2024-12-21 03:19:54,195 - [Process 0/1] - INFO - res.shape is :torch.Size([64])
2024-12-21 03:19:54,328 - [Process 0/1] - INFO - len(per_windows_prompt):2
2024-12-21 03:20:01,700 - [Process 0/1] - INFO - res.shape is :torch.Size([64])
2024-12-21 03:20:01,825 - [Process 0/1] - INFO - len(per_windows_prompt):2
2024-12-21 03:20:09,676 - [Process 0/1] - INFO - res.shape is :torch.Size([64])
2024-12-21 03:20:09,782 - [Process 0/1] - INFO - len(per_windows_prompt):2
2024-12-21 03:20:16,346 - [Process 0/1] - INFO - res.shape is :torch.Size([64])
2024-12-21 03:20:16,459 - [Process 0/1] - INFO - len(per_windows_prompt):2
2024-12-21 03:20:25,594 - [Process 0/1] - INFO - res.shape is :torch.Size([64])
2024-12-21 03:20:25,779 - [Process 0/1] - INFO - len(per_windows_prompt):2
2024-12-21 03:20:33,471 - [Process 0/1] - INFO - res.shape is :torch.Size([64])
2024-12-21 03:20:33,544 - [Process 0/1] - INFO - len(per_windows_prompt):2
2024-12-21 03:20:40,499 - [Process 0/1] - INFO - res.shape is :torch.Size([64])
2024-12-21 03:20:40,631 - [Process 0/1] - INFO - len(per_windows_prompt):2
2024-12-21 03:20:47,494 - [Process 0/1] - INFO - res.shape is :torch.Size([64])
2024-12-21 03:20:47,632 - [Process 0/1] - INFO - len(per_windows_prompt):2
2024-12-21 03:20:55,236 - [Process 0/1] - INFO - res.shape is :torch.Size([64])
2024-12-21 03:20:55,347 - [Process 0/1] - INFO - len(per_windows_prompt):2
2024-12-21 03:21:02,561 - [Process 0/1] - INFO - res.shape is :torch.Size([64])
2024-12-21 03:21:02,736 - [Process 0/1] - INFO - len(per_windows_prompt):2
2024-12-21 03:21:11,235 - [Process 0/1] - INFO - res.shape is :torch.Size([64])
2024-12-21 03:21:11,373 - [Process 0/1] - INFO - len(per_windows_prompt):2
2024-12-21 03:21:20,423 - [Process 0/1] - INFO - res.shape is :torch.Size([64])
2024-12-21 03:21:20,539 - [Process 0/1] - INFO - len(per_windows_prompt):2
2024-12-21 03:21:28,681 - [Process 0/1] - INFO - res.shape is :torch.Size([64])
2024-12-21 03:21:28,765 - [Process 0/1] - INFO - len(per_windows_prompt):2
2024-12-21 03:21:37,424 - [Process 0/1] - INFO - res.shape is :torch.Size([64])
2024-12-21 03:21:37,597 - [Process 0/1] - INFO - len(per_windows_prompt):2
2024-12-21 03:21:45,460 - [Process 0/1] - INFO - res.shape is :torch.Size([64])
2024-12-21 03:21:45,579 - [Process 0/1] - INFO - len(per_windows_prompt):2
2024-12-21 03:21:53,118 - [Process 0/1] - INFO - res.shape is :torch.Size([64])
2024-12-21 03:21:53,261 - [Process 0/1] - INFO - len(per_windows_prompt):2
2024-12-21 03:22:01,124 - [Process 0/1] - INFO - res.shape is :torch.Size([64])
2024-12-21 03:22:01,275 - [Process 0/1] - INFO - len(per_windows_prompt):2
2024-12-21 03:22:08,830 - [Process 0/1] - INFO - res.shape is :torch.Size([64])
2024-12-21 03:22:08,936 - [Process 0/1] - INFO - len(per_windows_prompt):2
2024-12-21 03:22:16,762 - [Process 0/1] - INFO - res.shape is :torch.Size([64])
2024-12-21 03:22:16,872 - [Process 0/1] - INFO - len(per_windows_prompt):2
2024-12-21 03:22:23,557 - [Process 0/1] - INFO - res.shape is :torch.Size([64])
2024-12-21 03:22:23,692 - [Process 0/1] - INFO - len(per_windows_prompt):2
2024-12-21 03:22:32,039 - [Process 0/1] - INFO - res.shape is :torch.Size([64])
2024-12-21 03:22:32,150 - [Process 0/1] - INFO - len(per_windows_prompt):2
2024-12-21 03:22:39,697 - [Process 0/1] - INFO - res.shape is :torch.Size([64])
2024-12-21 03:22:39,843 - [Process 0/1] - INFO - len(per_windows_prompt):2
2024-12-21 03:22:47,466 - [Process 0/1] - INFO - res.shape is :torch.Size([64])
2024-12-21 03:22:47,607 - [Process 0/1] - INFO - len(per_windows_prompt):2
2024-12-21 03:22:56,032 - [Process 0/1] - INFO - res.shape is :torch.Size([64])
2024-12-21 03:22:56,152 - [Process 0/1] - INFO - len(per_windows_prompt):2
2024-12-21 03:23:04,245 - [Process 0/1] - INFO - res.shape is :torch.Size([64])
2024-12-21 03:23:04,328 - [Process 0/1] - INFO - len(per_windows_prompt):2
2024-12-21 03:23:10,910 - [Process 0/1] - INFO - res.shape is :torch.Size([64])
2024-12-21 03:23:11,035 - [Process 0/1] - INFO - len(per_windows_prompt):2
2024-12-21 03:23:17,446 - [Process 0/1] - INFO - res.shape is :torch.Size([64])
2024-12-21 03:23:17,591 - [Process 0/1] - INFO - len(per_windows_prompt):2
2024-12-21 03:23:25,960 - [Process 0/1] - INFO - res.shape is :torch.Size([64])
2024-12-21 03:23:26,067 - [Process 0/1] - INFO - len(per_windows_prompt):2
2024-12-21 03:23:33,045 - [Process 0/1] - INFO - res.shape is :torch.Size([64])
2024-12-21 03:23:33,176 - [Process 0/1] - INFO - len(per_windows_prompt):2
2024-12-21 03:23:39,870 - [Process 0/1] - INFO - res.shape is :torch.Size([64])
2024-12-21 03:23:39,985 - [Process 0/1] - INFO - len(per_windows_prompt):2
2024-12-21 03:23:46,757 - [Process 0/1] - INFO - res.shape is :torch.Size([64])
2024-12-21 03:23:46,865 - [Process 0/1] - INFO - len(per_windows_prompt):2
2024-12-21 03:23:53,865 - [Process 0/1] - INFO - res.shape is :torch.Size([64])
2024-12-21 03:23:53,952 - [Process 0/1] - INFO - len(per_windows_prompt):2
2024-12-21 03:24:00,898 - [Process 0/1] - INFO - res.shape is :torch.Size([64])
2024-12-21 03:24:01,010 - [Process 0/1] - INFO - len(per_windows_prompt):2
2024-12-21 03:24:07,826 - [Process 0/1] - INFO - res.shape is :torch.Size([64])
2024-12-21 03:24:07,971 - [Process 0/1] - INFO - len(per_windows_prompt):2
2024-12-21 03:24:15,491 - [Process 0/1] - INFO - res.shape is :torch.Size([64])
2024-12-21 03:24:15,650 - [Process 0/1] - INFO - len(per_windows_prompt):2
2024-12-21 03:24:22,332 - [Process 0/1] - INFO - res.shape is :torch.Size([64])
2024-12-21 03:24:22,455 - [Process 0/1] - INFO - len(per_windows_prompt):2
2024-12-21 03:24:30,015 - [Process 0/1] - INFO - res.shape is :torch.Size([64])
2024-12-21 03:24:30,129 - [Process 0/1] - INFO - len(per_windows_prompt):2
2024-12-21 03:24:38,300 - [Process 0/1] - INFO - res.shape is :torch.Size([64])
2024-12-21 03:24:38,393 - [Process 0/1] - INFO - len(per_windows_prompt):2
2024-12-21 03:24:44,473 - [Process 0/1] - INFO - res.shape is :torch.Size([64])
2024-12-21 03:24:44,637 - [Process 0/1] - INFO - len(per_windows_prompt):2
2024-12-21 03:24:54,000 - [Process 0/1] - INFO - res.shape is :torch.Size([64])
2024-12-21 03:24:54,107 - [Process 0/1] - INFO - len(per_windows_prompt):2
2024-12-21 03:25:01,327 - [Process 0/1] - INFO - res.shape is :torch.Size([64])
2024-12-21 03:25:01,437 - [Process 0/1] - INFO - len(per_windows_prompt):2
2024-12-21 03:25:09,851 - [Process 0/1] - INFO - res.shape is :torch.Size([64])
2024-12-21 03:25:09,988 - [Process 0/1] - INFO - len(per_windows_prompt):2
2024-12-21 03:25:19,475 - [Process 0/1] - INFO - res.shape is :torch.Size([64])
2024-12-21 03:25:19,619 - [Process 0/1] - INFO - len(per_windows_prompt):2
2024-12-21 03:25:27,712 - [Process 0/1] - INFO - res.shape is :torch.Size([64])
2024-12-21 03:25:27,870 - [Process 0/1] - INFO - len(per_windows_prompt):2
2024-12-21 03:25:34,834 - [Process 0/1] - INFO - res.shape is :torch.Size([64])
2024-12-21 03:25:34,943 - [Process 0/1] - INFO - len(per_windows_prompt):2
2024-12-21 03:25:41,714 - [Process 0/1] - INFO - res.shape is :torch.Size([64])
2024-12-21 03:25:41,888 - [Process 0/1] - INFO - len(per_windows_prompt):2
2024-12-21 03:25:51,191 - [Process 0/1] - INFO - res.shape is :torch.Size([64])
2024-12-21 03:25:51,310 - [Process 0/1] - INFO - len(per_windows_prompt):2
2024-12-21 03:25:57,810 - [Process 0/1] - INFO - res.shape is :torch.Size([64])
2024-12-21 03:25:57,989 - [Process 0/1] - INFO - len(per_windows_prompt):2
2024-12-21 03:26:05,787 - [Process 0/1] - INFO - res.shape is :torch.Size([64])
2024-12-21 03:26:05,990 - [Process 0/1] - INFO - len(per_windows_prompt):2
2024-12-21 03:26:15,062 - [Process 0/1] - INFO - res.shape is :torch.Size([64])
2024-12-21 03:26:15,171 - [Process 0/1] - INFO - len(per_windows_prompt):2
2024-12-21 03:26:23,583 - [Process 0/1] - INFO - res.shape is :torch.Size([64])
2024-12-21 03:26:23,701 - [Process 0/1] - INFO - len(per_windows_prompt):2
2024-12-21 03:26:33,829 - [Process 0/1] - INFO - res.shape is :torch.Size([64])
2024-12-21 03:26:33,884 - [Process 0/1] - INFO - len(per_windows_prompt):2
2024-12-21 03:26:41,000 - [Process 0/1] - INFO - res.shape is :torch.Size([64])
2024-12-21 03:26:41,109 - [Process 0/1] - INFO - len(per_windows_prompt):2
2024-12-21 03:26:50,051 - [Process 0/1] - INFO - res.shape is :torch.Size([64])
2024-12-21 03:26:50,177 - [Process 0/1] - INFO - len(per_windows_prompt):2
2024-12-21 03:26:58,045 - [Process 0/1] - INFO - res.shape is :torch.Size([64])
2024-12-21 03:26:58,171 - [Process 0/1] - INFO - len(per_windows_prompt):2
2024-12-21 03:27:06,633 - [Process 0/1] - INFO - res.shape is :torch.Size([64])
2024-12-21 03:27:06,789 - [Process 0/1] - INFO - len(per_windows_prompt):2
2024-12-21 03:27:15,485 - [Process 0/1] - INFO - res.shape is :torch.Size([64])
2024-12-21 03:27:15,625 - [Process 0/1] - INFO - len(per_windows_prompt):2
2024-12-21 03:27:24,109 - [Process 0/1] - INFO - res.shape is :torch.Size([64])
2024-12-21 03:27:24,216 - [Process 0/1] - INFO - len(per_windows_prompt):2
2024-12-21 03:27:31,181 - [Process 0/1] - INFO - res.shape is :torch.Size([64])
2024-12-21 03:27:31,250 - [Process 0/1] - INFO - len(per_windows_prompt):2
2024-12-21 03:27:41,297 - [Process 0/1] - INFO - res.shape is :torch.Size([64])
2024-12-21 03:27:41,412 - [Process 0/1] - INFO - len(per_windows_prompt):2
2024-12-21 03:27:48,192 - [Process 0/1] - INFO - res.shape is :torch.Size([64])
2024-12-21 03:27:48,511 - [Process 0/1] - INFO - len(per_windows_prompt):2
2024-12-21 03:27:56,782 - [Process 0/1] - INFO - res.shape is :torch.Size([64])
2024-12-21 03:27:56,924 - [Process 0/1] - INFO - len(per_windows_prompt):2
2024-12-21 03:28:05,718 - [Process 0/1] - INFO - res.shape is :torch.Size([64])
2024-12-21 03:28:05,882 - [Process 0/1] - INFO - len(per_windows_prompt):2
2024-12-21 03:28:12,821 - [Process 0/1] - INFO - res.shape is :torch.Size([64])
2024-12-21 03:28:12,987 - [Process 0/1] - INFO - len(per_windows_prompt):2
2024-12-21 03:28:21,978 - [Process 0/1] - INFO - res.shape is :torch.Size([64])
2024-12-21 03:28:22,090 - [Process 0/1] - INFO - len(per_windows_prompt):2
2024-12-21 03:28:30,232 - [Process 0/1] - INFO - res.shape is :torch.Size([64])
2024-12-21 03:28:30,435 - [Process 0/1] - INFO - len(per_windows_prompt):2
2024-12-21 03:28:38,655 - [Process 0/1] - INFO - res.shape is :torch.Size([64])
2024-12-21 03:28:38,785 - [Process 0/1] - INFO - len(per_windows_prompt):2
2024-12-21 03:28:46,905 - [Process 0/1] - INFO - res.shape is :torch.Size([64])
2024-12-21 03:28:47,012 - [Process 0/1] - INFO - len(per_windows_prompt):2
2024-12-21 03:28:54,860 - [Process 0/1] - INFO - res.shape is :torch.Size([64])
2024-12-21 03:28:55,013 - [Process 0/1] - INFO - len(per_windows_prompt):2
2024-12-21 03:29:04,134 - [Process 0/1] - INFO - res.shape is :torch.Size([64])
2024-12-21 03:29:04,245 - [Process 0/1] - INFO - len(per_windows_prompt):2
2024-12-21 03:29:11,117 - [Process 0/1] - INFO - res.shape is :torch.Size([64])
2024-12-21 03:29:11,228 - [Process 0/1] - INFO - len(per_windows_prompt):2
2024-12-21 03:29:19,674 - [Process 0/1] - INFO - res.shape is :torch.Size([64])
2024-12-21 03:29:19,793 - [Process 0/1] - INFO - len(per_windows_prompt):2
2024-12-21 03:29:26,488 - [Process 0/1] - INFO - res.shape is :torch.Size([64])
2024-12-21 03:29:26,641 - [Process 0/1] - INFO - len(per_windows_prompt):2
2024-12-21 03:29:34,501 - [Process 0/1] - INFO - res.shape is :torch.Size([64])
2024-12-21 03:29:34,633 - [Process 0/1] - INFO - len(per_windows_prompt):2
2024-12-21 03:29:43,766 - [Process 0/1] - INFO - res.shape is :torch.Size([64])
2024-12-21 03:29:43,916 - [Process 0/1] - INFO - len(per_windows_prompt):2
2024-12-21 03:29:50,693 - [Process 0/1] - INFO - res.shape is :torch.Size([64])
2024-12-21 03:29:50,814 - [Process 0/1] - INFO - len(per_windows_prompt):2
2024-12-21 03:29:58,828 - [Process 0/1] - INFO - res.shape is :torch.Size([64])
2024-12-21 03:29:58,990 - [Process 0/1] - INFO - len(per_windows_prompt):2
2024-12-21 03:30:06,949 - [Process 0/1] - INFO - res.shape is :torch.Size([64])
2024-12-21 03:30:07,118 - [Process 0/1] - INFO - len(per_windows_prompt):2
2024-12-21 03:30:16,217 - [Process 0/1] - INFO - res.shape is :torch.Size([64])
2024-12-21 03:30:16,349 - [Process 0/1] - INFO - len(per_windows_prompt):2
2024-12-21 03:30:24,832 - [Process 0/1] - INFO - res.shape is :torch.Size([64])
2024-12-21 03:30:24,941 - [Process 0/1] - INFO - len(per_windows_prompt):2
2024-12-21 03:30:33,937 - [Process 0/1] - INFO - res.shape is :torch.Size([64])
2024-12-21 03:30:34,052 - [Process 0/1] - INFO - len(per_windows_prompt):2
2024-12-21 03:30:40,794 - [Process 0/1] - INFO - res.shape is :torch.Size([64])
2024-12-21 03:30:41,049 - [Process 0/1] - INFO - len(per_windows_prompt):2
2024-12-21 03:30:50,034 - [Process 0/1] - INFO - res.shape is :torch.Size([64])
2024-12-21 03:30:50,157 - [Process 0/1] - INFO - len(per_windows_prompt):2
2024-12-21 03:30:57,415 - [Process 0/1] - INFO - res.shape is :torch.Size([64])
2024-12-21 03:30:57,569 - [Process 0/1] - INFO - len(per_windows_prompt):2
2024-12-21 03:31:05,436 - [Process 0/1] - INFO - res.shape is :torch.Size([64])
2024-12-21 03:31:05,584 - [Process 0/1] - INFO - len(per_windows_prompt):2
2024-12-21 03:31:14,205 - [Process 0/1] - INFO - res.shape is :torch.Size([64])
2024-12-21 03:31:14,313 - [Process 0/1] - INFO - len(per_windows_prompt):2
2024-12-21 03:31:23,042 - [Process 0/1] - INFO - res.shape is :torch.Size([64])
2024-12-21 03:31:23,166 - [Process 0/1] - INFO - len(per_windows_prompt):2
2024-12-21 03:31:30,581 - [Process 0/1] - INFO - res.shape is :torch.Size([64])
2024-12-21 03:31:30,740 - [Process 0/1] - INFO - len(per_windows_prompt):2
2024-12-21 03:31:38,831 - [Process 0/1] - INFO - res.shape is :torch.Size([64])
2024-12-21 03:31:39,036 - [Process 0/1] - INFO - len(per_windows_prompt):2
2024-12-21 03:31:46,678 - [Process 0/1] - INFO - res.shape is :torch.Size([64])
2024-12-21 03:31:46,818 - [Process 0/1] - INFO - len(per_windows_prompt):2
2024-12-21 03:31:53,247 - [Process 0/1] - INFO - res.shape is :torch.Size([64])
2024-12-21 03:31:53,382 - [Process 0/1] - INFO - len(per_windows_prompt):2
2024-12-21 03:32:01,914 - [Process 0/1] - INFO - res.shape is :torch.Size([64])
2024-12-21 03:32:02,038 - [Process 0/1] - INFO - len(per_windows_prompt):2
2024-12-21 03:32:08,916 - [Process 0/1] - INFO - res.shape is :torch.Size([64])
2024-12-21 03:32:09,142 - [Process 0/1] - INFO - len(per_windows_prompt):2
2024-12-21 03:32:18,074 - [Process 0/1] - INFO - res.shape is :torch.Size([64])
2024-12-21 03:32:18,239 - [Process 0/1] - INFO - len(per_windows_prompt):2
2024-12-21 03:32:25,768 - [Process 0/1] - INFO - res.shape is :torch.Size([64])
2024-12-21 03:32:25,900 - [Process 0/1] - INFO - len(per_windows_prompt):2
2024-12-21 03:32:34,036 - [Process 0/1] - INFO - res.shape is :torch.Size([64])
2024-12-21 03:32:34,160 - [Process 0/1] - INFO - len(per_windows_prompt):2
2024-12-21 03:32:41,665 - [Process 0/1] - INFO - res.shape is :torch.Size([64])
2024-12-21 03:32:41,793 - [Process 0/1] - INFO - len(per_windows_prompt):2
2024-12-21 03:32:48,528 - [Process 0/1] - INFO - res.shape is :torch.Size([64])
2024-12-21 03:32:48,671 - [Process 0/1] - INFO - len(per_windows_prompt):2
2024-12-21 03:32:55,642 - [Process 0/1] - INFO - res.shape is :torch.Size([64])
2024-12-21 03:32:55,775 - [Process 0/1] - INFO - len(per_windows_prompt):2
2024-12-21 03:33:03,942 - [Process 0/1] - INFO - res.shape is :torch.Size([64])
2024-12-21 03:33:04,089 - [Process 0/1] - INFO - len(per_windows_prompt):2
2024-12-21 03:33:10,763 - [Process 0/1] - INFO - res.shape is :torch.Size([64])
2024-12-21 03:33:10,942 - [Process 0/1] - INFO - len(per_windows_prompt):2
2024-12-21 03:33:18,868 - [Process 0/1] - INFO - res.shape is :torch.Size([64])
2024-12-21 03:33:18,986 - [Process 0/1] - INFO - len(per_windows_prompt):2
2024-12-21 03:33:27,082 - [Process 0/1] - INFO - res.shape is :torch.Size([64])
2024-12-21 03:33:27,211 - [Process 0/1] - INFO - len(per_windows_prompt):2
2024-12-21 03:33:34,375 - [Process 0/1] - INFO - res.shape is :torch.Size([64])
2024-12-21 03:33:34,533 - [Process 0/1] - INFO - len(per_windows_prompt):2
2024-12-21 03:33:41,901 - [Process 0/1] - INFO - res.shape is :torch.Size([64])
2024-12-21 03:33:42,066 - [Process 0/1] - INFO - len(per_windows_prompt):2
2024-12-21 03:33:51,104 - [Process 0/1] - INFO - res.shape is :torch.Size([64])
2024-12-21 03:33:51,220 - [Process 0/1] - INFO - len(per_windows_prompt):2
2024-12-21 03:33:59,363 - [Process 0/1] - INFO - res.shape is :torch.Size([64])
2024-12-21 03:33:59,480 - [Process 0/1] - INFO - len(per_windows_prompt):2
2024-12-21 03:34:06,328 - [Process 0/1] - INFO - res.shape is :torch.Size([64])
2024-12-21 03:34:06,446 - [Process 0/1] - INFO - len(per_windows_prompt):2
2024-12-21 03:34:14,367 - [Process 0/1] - INFO - res.shape is :torch.Size([64])
2024-12-21 03:34:14,484 - [Process 0/1] - INFO - len(per_windows_prompt):2
2024-12-21 03:34:22,074 - [Process 0/1] - INFO - res.shape is :torch.Size([64])
2024-12-21 03:34:22,201 - [Process 0/1] - INFO - len(per_windows_prompt):2
2024-12-21 03:34:29,210 - [Process 0/1] - INFO - res.shape is :torch.Size([64])
2024-12-21 03:34:29,349 - [Process 0/1] - INFO - len(per_windows_prompt):2
2024-12-21 03:34:37,846 - [Process 0/1] - INFO - res.shape is :torch.Size([64])
2024-12-21 03:34:37,950 - [Process 0/1] - INFO - len(per_windows_prompt):2
2024-12-21 03:34:46,431 - [Process 0/1] - INFO - res.shape is :torch.Size([64])
2024-12-21 03:34:46,559 - [Process 0/1] - INFO - len(per_windows_prompt):2
2024-12-21 03:34:54,730 - [Process 0/1] - INFO - res.shape is :torch.Size([64])
2024-12-21 03:34:54,994 - [Process 0/1] - INFO - len(per_windows_prompt):2
2024-12-21 03:35:04,127 - [Process 0/1] - INFO - res.shape is :torch.Size([64])
2024-12-21 03:35:04,234 - [Process 0/1] - INFO - len(per_windows_prompt):2
2024-12-21 03:35:11,856 - [Process 0/1] - INFO - res.shape is :torch.Size([64])
2024-12-21 03:35:12,002 - [Process 0/1] - INFO - len(per_windows_prompt):2
2024-12-21 03:35:20,451 - [Process 0/1] - INFO - res.shape is :torch.Size([64])
2024-12-21 03:35:20,584 - [Process 0/1] - INFO - len(per_windows_prompt):2
2024-12-21 03:35:27,829 - [Process 0/1] - INFO - res.shape is :torch.Size([64])
2024-12-21 03:35:27,947 - [Process 0/1] - INFO - len(per_windows_prompt):2
2024-12-21 03:35:38,217 - [Process 0/1] - INFO - res.shape is :torch.Size([64])
2024-12-21 03:35:38,322 - [Process 0/1] - INFO - len(per_windows_prompt):2
2024-12-21 03:35:45,970 - [Process 0/1] - INFO - res.shape is :torch.Size([64])
2024-12-21 03:35:46,078 - [Process 0/1] - INFO - len(per_windows_prompt):2
2024-12-21 03:35:53,203 - [Process 0/1] - INFO - res.shape is :torch.Size([64])
2024-12-21 03:35:53,318 - [Process 0/1] - INFO - len(per_windows_prompt):2
2024-12-21 03:36:00,669 - [Process 0/1] - INFO - res.shape is :torch.Size([64])
2024-12-21 03:36:00,790 - [Process 0/1] - INFO - len(per_windows_prompt):2
2024-12-21 03:36:10,806 - [Process 0/1] - INFO - res.shape is :torch.Size([64])
2024-12-21 03:36:10,933 - [Process 0/1] - INFO - len(per_windows_prompt):2
2024-12-21 03:36:17,731 - [Process 0/1] - INFO - res.shape is :torch.Size([64])
2024-12-21 03:36:17,898 - [Process 0/1] - INFO - len(per_windows_prompt):2
2024-12-21 03:36:26,523 - [Process 0/1] - INFO - res.shape is :torch.Size([64])
2024-12-21 03:36:26,698 - [Process 0/1] - INFO - len(per_windows_prompt):2
2024-12-21 03:36:35,224 - [Process 0/1] - INFO - res.shape is :torch.Size([64])
2024-12-21 03:36:35,336 - [Process 0/1] - INFO - len(per_windows_prompt):2
2024-12-21 03:36:43,332 - [Process 0/1] - INFO - res.shape is :torch.Size([64])
2024-12-21 03:36:43,508 - [Process 0/1] - INFO - len(per_windows_prompt):2
2024-12-21 03:36:50,782 - [Process 0/1] - INFO - res.shape is :torch.Size([64])
2024-12-21 03:36:50,914 - [Process 0/1] - INFO - len(per_windows_prompt):2
2024-12-21 03:36:58,215 - [Process 0/1] - INFO - res.shape is :torch.Size([64])
2024-12-21 03:36:58,352 - [Process 0/1] - INFO - len(per_windows_prompt):2
2024-12-21 03:37:05,912 - [Process 0/1] - INFO - res.shape is :torch.Size([64])
2024-12-21 03:37:06,055 - [Process 0/1] - INFO - len(per_windows_prompt):2
2024-12-21 03:37:13,976 - [Process 0/1] - INFO - res.shape is :torch.Size([64])
2024-12-21 03:37:14,136 - [Process 0/1] - INFO - len(per_windows_prompt):2
2024-12-21 03:37:22,255 - [Process 0/1] - INFO - res.shape is :torch.Size([64])
2024-12-21 03:37:22,477 - [Process 0/1] - INFO - len(per_windows_prompt):2
2024-12-21 03:37:31,468 - [Process 0/1] - INFO - res.shape is :torch.Size([64])
2024-12-21 03:37:31,580 - [Process 0/1] - INFO - len(per_windows_prompt):2
2024-12-21 03:37:38,876 - [Process 0/1] - INFO - res.shape is :torch.Size([64])
2024-12-21 03:37:39,069 - [Process 0/1] - INFO - len(per_windows_prompt):2
2024-12-21 03:37:47,294 - [Process 0/1] - INFO - res.shape is :torch.Size([64])
2024-12-21 03:37:47,429 - [Process 0/1] - INFO - len(per_windows_prompt):2
2024-12-21 03:37:54,160 - [Process 0/1] - INFO - res.shape is :torch.Size([64])
2024-12-21 03:37:54,375 - [Process 0/1] - INFO - len(per_windows_prompt):2
2024-12-21 03:38:01,859 - [Process 0/1] - INFO - res.shape is :torch.Size([64])
2024-12-21 03:38:01,991 - [Process 0/1] - INFO - len(per_windows_prompt):2
2024-12-21 03:38:09,784 - [Process 0/1] - INFO - res.shape is :torch.Size([64])
2024-12-21 03:38:09,887 - [Process 0/1] - INFO - len(per_windows_prompt):2
2024-12-21 03:38:16,684 - [Process 0/1] - INFO - res.shape is :torch.Size([64])
2024-12-21 03:38:16,840 - [Process 0/1] - INFO - len(per_windows_prompt):2
2024-12-21 03:38:23,785 - [Process 0/1] - INFO - res.shape is :torch.Size([64])
2024-12-21 03:38:23,907 - [Process 0/1] - INFO - len(per_windows_prompt):2
2024-12-21 03:38:32,106 - [Process 0/1] - INFO - res.shape is :torch.Size([64])
2024-12-21 03:38:32,232 - [Process 0/1] - INFO - len(per_windows_prompt):2
2024-12-21 03:38:39,012 - [Process 0/1] - INFO - res.shape is :torch.Size([64])
2024-12-21 03:38:39,178 - [Process 0/1] - INFO - len(per_windows_prompt):2
2024-12-21 03:38:46,306 - [Process 0/1] - INFO - res.shape is :torch.Size([64])
2024-12-21 03:38:46,482 - [Process 0/1] - INFO - len(per_windows_prompt):2
2024-12-21 03:38:55,374 - [Process 0/1] - INFO - res.shape is :torch.Size([64])
2024-12-21 03:38:55,546 - [Process 0/1] - INFO - len(per_windows_prompt):2
2024-12-21 03:39:03,663 - [Process 0/1] - INFO - res.shape is :torch.Size([64])
2024-12-21 03:39:03,829 - [Process 0/1] - INFO - len(per_windows_prompt):2
2024-12-21 03:39:11,776 - [Process 0/1] - INFO - res.shape is :torch.Size([64])
2024-12-21 03:39:11,961 - [Process 0/1] - INFO - len(per_windows_prompt):2
2024-12-21 03:39:20,465 - [Process 0/1] - INFO - res.shape is :torch.Size([64])
2024-12-21 03:39:20,615 - [Process 0/1] - INFO - len(per_windows_prompt):2
2024-12-21 03:39:28,935 - [Process 0/1] - INFO - res.shape is :torch.Size([64])
2024-12-21 03:39:29,035 - [Process 0/1] - INFO - len(per_windows_prompt):2
2024-12-21 03:39:40,733 - [Process 0/1] - INFO - res.shape is :torch.Size([64])
2024-12-21 03:39:40,842 - [Process 0/1] - INFO - len(per_windows_prompt):2
2024-12-21 03:39:54,666 - [Process 0/1] - INFO - res.shape is :torch.Size([64])
2024-12-21 03:39:54,778 - [Process 0/1] - INFO - len(per_windows_prompt):2
2024-12-21 03:40:01,622 - [Process 0/1] - INFO - res.shape is :torch.Size([64])
2024-12-21 03:40:01,780 - [Process 0/1] - INFO - len(per_windows_prompt):2
2024-12-21 03:40:10,256 - [Process 0/1] - INFO - res.shape is :torch.Size([64])
2024-12-21 03:40:10,386 - [Process 0/1] - INFO - len(per_windows_prompt):2
2024-12-21 03:40:17,804 - [Process 0/1] - INFO - res.shape is :torch.Size([64])
2024-12-21 03:40:17,926 - [Process 0/1] - INFO - len(per_windows_prompt):2
2024-12-21 03:40:25,928 - [Process 0/1] - INFO - res.shape is :torch.Size([64])
2024-12-21 03:40:26,033 - [Process 0/1] - INFO - len(per_windows_prompt):2
2024-12-21 03:40:33,882 - [Process 0/1] - INFO - res.shape is :torch.Size([64])
2024-12-21 03:40:34,005 - [Process 0/1] - INFO - len(per_windows_prompt):2
2024-12-21 03:40:42,341 - [Process 0/1] - INFO - res.shape is :torch.Size([64])
2024-12-21 03:40:42,446 - [Process 0/1] - INFO - len(per_windows_prompt):2
2024-12-21 03:40:50,550 - [Process 0/1] - INFO - res.shape is :torch.Size([64])
2024-12-21 03:40:50,677 - [Process 0/1] - INFO - len(per_windows_prompt):2
2024-12-21 03:40:58,514 - [Process 0/1] - INFO - res.shape is :torch.Size([64])
2024-12-21 03:40:58,635 - [Process 0/1] - INFO - len(per_windows_prompt):2
2024-12-21 03:41:06,786 - [Process 0/1] - INFO - res.shape is :torch.Size([64])
2024-12-21 03:41:06,919 - [Process 0/1] - INFO - len(per_windows_prompt):2
2024-12-21 03:41:13,776 - [Process 0/1] - INFO - res.shape is :torch.Size([64])
2024-12-21 03:41:13,940 - [Process 0/1] - INFO - len(per_windows_prompt):2
2024-12-21 03:41:22,370 - [Process 0/1] - INFO - res.shape is :torch.Size([64])
2024-12-21 03:41:22,448 - [Process 0/1] - INFO - len(per_windows_prompt):2
2024-12-21 03:41:29,906 - [Process 0/1] - INFO - res.shape is :torch.Size([64])
2024-12-21 03:41:30,043 - [Process 0/1] - INFO - len(per_windows_prompt):2
2024-12-21 03:41:38,451 - [Process 0/1] - INFO - res.shape is :torch.Size([64])
2024-12-21 03:41:38,570 - [Process 0/1] - INFO - len(per_windows_prompt):2
2024-12-21 03:41:46,719 - [Process 0/1] - INFO - res.shape is :torch.Size([64])
2024-12-21 03:41:46,859 - [Process 0/1] - INFO - len(per_windows_prompt):2
2024-12-21 03:41:53,698 - [Process 0/1] - INFO - res.shape is :torch.Size([64])
2024-12-21 03:41:53,833 - [Process 0/1] - INFO - len(per_windows_prompt):2
2024-12-21 03:42:01,970 - [Process 0/1] - INFO - res.shape is :torch.Size([64])
2024-12-21 03:42:02,086 - [Process 0/1] - INFO - len(per_windows_prompt):2
2024-12-21 03:42:09,920 - [Process 0/1] - INFO - res.shape is :torch.Size([64])
2024-12-21 03:42:10,028 - [Process 0/1] - INFO - len(per_windows_prompt):2
2024-12-21 03:42:16,633 - [Process 0/1] - INFO - res.shape is :torch.Size([64])
2024-12-21 03:42:16,753 - [Process 0/1] - INFO - len(per_windows_prompt):2
2024-12-21 03:42:24,033 - [Process 0/1] - INFO - res.shape is :torch.Size([64])
2024-12-21 03:42:24,196 - [Process 0/1] - INFO - len(per_windows_prompt):2
2024-12-21 03:42:34,196 - [Process 0/1] - INFO - res.shape is :torch.Size([64])
2024-12-21 03:42:34,330 - [Process 0/1] - INFO - len(per_windows_prompt):2
2024-12-21 03:42:41,658 - [Process 0/1] - INFO - res.shape is :torch.Size([64])
2024-12-21 03:42:41,800 - [Process 0/1] - INFO - len(per_windows_prompt):2
2024-12-21 03:42:49,718 - [Process 0/1] - INFO - res.shape is :torch.Size([64])
2024-12-21 03:42:49,827 - [Process 0/1] - INFO - len(per_windows_prompt):2
2024-12-21 03:42:57,778 - [Process 0/1] - INFO - res.shape is :torch.Size([64])
2024-12-21 03:42:57,947 - [Process 0/1] - INFO - len(per_windows_prompt):2
2024-12-21 03:43:05,486 - [Process 0/1] - INFO - res.shape is :torch.Size([64])
2024-12-21 03:43:05,712 - [Process 0/1] - INFO - len(per_windows_prompt):2
2024-12-21 03:43:15,355 - [Process 0/1] - INFO - res.shape is :torch.Size([64])
2024-12-21 03:43:15,517 - [Process 0/1] - INFO - len(per_windows_prompt):2
2024-12-21 03:43:23,411 - [Process 0/1] - INFO - res.shape is :torch.Size([64])
2024-12-21 03:43:23,646 - [Process 0/1] - INFO - len(per_windows_prompt):2
2024-12-21 03:43:32,793 - [Process 0/1] - INFO - res.shape is :torch.Size([64])
2024-12-21 03:43:32,924 - [Process 0/1] - INFO - len(per_windows_prompt):2
2024-12-21 03:43:40,954 - [Process 0/1] - INFO - res.shape is :torch.Size([64])
2024-12-21 03:43:41,113 - [Process 0/1] - INFO - len(per_windows_prompt):2
2024-12-21 03:43:49,342 - [Process 0/1] - INFO - res.shape is :torch.Size([64])
2024-12-21 03:43:49,547 - [Process 0/1] - INFO - len(per_windows_prompt):2
2024-12-21 03:43:58,325 - [Process 0/1] - INFO - res.shape is :torch.Size([64])
2024-12-21 03:43:58,443 - [Process 0/1] - INFO - len(per_windows_prompt):2
2024-12-21 03:44:06,526 - [Process 0/1] - INFO - res.shape is :torch.Size([64])
2024-12-21 03:44:06,633 - [Process 0/1] - INFO - len(per_windows_prompt):2
2024-12-21 03:44:14,492 - [Process 0/1] - INFO - res.shape is :torch.Size([64])
2024-12-21 03:44:14,615 - [Process 0/1] - INFO - len(per_windows_prompt):2
2024-12-21 03:44:21,776 - [Process 0/1] - INFO - res.shape is :torch.Size([64])
2024-12-21 03:44:21,938 - [Process 0/1] - INFO - len(per_windows_prompt):2
2024-12-21 03:44:30,738 - [Process 0/1] - INFO - res.shape is :torch.Size([64])
2024-12-21 03:44:30,845 - [Process 0/1] - INFO - len(per_windows_prompt):2
2024-12-21 03:44:38,013 - [Process 0/1] - INFO - res.shape is :torch.Size([64])
2024-12-21 03:44:38,129 - [Process 0/1] - INFO - len(per_windows_prompt):2
2024-12-21 03:44:45,070 - [Process 0/1] - INFO - res.shape is :torch.Size([64])
2024-12-21 03:44:45,180 - [Process 0/1] - INFO - len(per_windows_prompt):2
2024-12-21 03:44:53,714 - [Process 0/1] - INFO - res.shape is :torch.Size([64])
2024-12-21 03:44:53,798 - [Process 0/1] - INFO - len(per_windows_prompt):2
2024-12-21 03:45:00,098 - [Process 0/1] - INFO - res.shape is :torch.Size([64])
2024-12-21 03:45:00,205 - [Process 0/1] - INFO - len(per_windows_prompt):2
2024-12-21 03:45:08,121 - [Process 0/1] - INFO - res.shape is :torch.Size([64])
2024-12-21 03:45:08,238 - [Process 0/1] - INFO - len(per_windows_prompt):2
2024-12-21 03:45:19,110 - [Process 0/1] - INFO - res.shape is :torch.Size([64])
2024-12-21 03:45:19,312 - [Process 0/1] - INFO - len(per_windows_prompt):2
2024-12-21 03:45:28,408 - [Process 0/1] - INFO - res.shape is :torch.Size([64])
2024-12-21 03:45:28,573 - [Process 0/1] - INFO - len(per_windows_prompt):2
2024-12-21 03:45:36,324 - [Process 0/1] - INFO - res.shape is :torch.Size([64])
2024-12-21 03:45:36,430 - [Process 0/1] - INFO - len(per_windows_prompt):2
2024-12-21 03:45:44,076 - [Process 0/1] - INFO - res.shape is :torch.Size([64])
2024-12-21 03:45:44,196 - [Process 0/1] - INFO - len(per_windows_prompt):2
2024-12-21 03:45:53,850 - [Process 0/1] - INFO - res.shape is :torch.Size([64])
2024-12-21 03:45:54,015 - [Process 0/1] - INFO - len(per_windows_prompt):2
2024-12-21 03:46:01,522 - [Process 0/1] - INFO - res.shape is :torch.Size([64])
2024-12-21 03:46:01,729 - [Process 0/1] - INFO - len(per_windows_prompt):2
2024-12-21 03:46:10,553 - [Process 0/1] - INFO - res.shape is :torch.Size([64])
2024-12-21 03:46:10,663 - [Process 0/1] - INFO - len(per_windows_prompt):2
2024-12-21 03:46:19,136 - [Process 0/1] - INFO - res.shape is :torch.Size([64])
2024-12-21 03:46:19,332 - [Process 0/1] - INFO - len(per_windows_prompt):2
2024-12-21 03:46:27,904 - [Process 0/1] - INFO - res.shape is :torch.Size([64])
2024-12-21 03:46:28,038 - [Process 0/1] - INFO - len(per_windows_prompt):2
2024-12-21 03:46:36,140 - [Process 0/1] - INFO - res.shape is :torch.Size([64])
2024-12-21 03:46:36,372 - [Process 0/1] - INFO - len(per_windows_prompt):2
2024-12-21 03:46:45,832 - [Process 0/1] - INFO - res.shape is :torch.Size([64])
2024-12-21 03:46:45,940 - [Process 0/1] - INFO - len(per_windows_prompt):2
2024-12-21 03:46:54,749 - [Process 0/1] - INFO - res.shape is :torch.Size([64])
2024-12-21 03:46:54,860 - [Process 0/1] - INFO - len(per_windows_prompt):2
2024-12-21 03:47:02,280 - [Process 0/1] - INFO - res.shape is :torch.Size([64])
2024-12-21 03:47:02,419 - [Process 0/1] - INFO - len(per_windows_prompt):2
2024-12-21 03:47:10,830 - [Process 0/1] - INFO - res.shape is :torch.Size([64])
2024-12-21 03:47:10,914 - [Process 0/1] - INFO - len(per_windows_prompt):2
2024-12-21 03:47:17,079 - [Process 0/1] - INFO - res.shape is :torch.Size([64])
2024-12-21 03:47:17,214 - [Process 0/1] - INFO - len(per_windows_prompt):2
2024-12-21 03:47:26,301 - [Process 0/1] - INFO - res.shape is :torch.Size([64])
2024-12-21 03:47:26,475 - [Process 0/1] - INFO - len(per_windows_prompt):2
2024-12-21 03:47:34,622 - [Process 0/1] - INFO - res.shape is :torch.Size([64])
2024-12-21 03:47:34,784 - [Process 0/1] - INFO - len(per_windows_prompt):2
2024-12-21 03:47:43,197 - [Process 0/1] - INFO - res.shape is :torch.Size([64])
2024-12-21 03:47:43,307 - [Process 0/1] - INFO - len(per_windows_prompt):2
2024-12-21 03:47:50,060 - [Process 0/1] - INFO - res.shape is :torch.Size([64])
2024-12-21 03:47:50,185 - [Process 0/1] - INFO - len(per_windows_prompt):2
2024-12-21 03:47:58,204 - [Process 0/1] - INFO - res.shape is :torch.Size([64])
2024-12-21 03:47:58,340 - [Process 0/1] - INFO - len(per_windows_prompt):2
2024-12-21 03:48:06,745 - [Process 0/1] - INFO - res.shape is :torch.Size([64])
2024-12-21 03:48:06,879 - [Process 0/1] - INFO - len(per_windows_prompt):2
2024-12-21 03:48:14,541 - [Process 0/1] - INFO - res.shape is :torch.Size([64])
2024-12-21 03:48:14,668 - [Process 0/1] - INFO - len(per_windows_prompt):2
2024-12-21 03:48:22,537 - [Process 0/1] - INFO - res.shape is :torch.Size([64])
2024-12-21 03:48:22,683 - [Process 0/1] - INFO - len(per_windows_prompt):2
2024-12-21 03:48:31,273 - [Process 0/1] - INFO - res.shape is :torch.Size([64])
2024-12-21 03:48:31,381 - [Process 0/1] - INFO - len(per_windows_prompt):2
2024-12-21 03:48:40,380 - [Process 0/1] - INFO - res.shape is :torch.Size([64])
2024-12-21 03:48:40,559 - [Process 0/1] - INFO - len(per_windows_prompt):2
2024-12-21 03:48:48,718 - [Process 0/1] - INFO - res.shape is :torch.Size([64])
2024-12-21 03:48:48,865 - [Process 0/1] - INFO - len(per_windows_prompt):2
2024-12-21 03:48:56,893 - [Process 0/1] - INFO - res.shape is :torch.Size([64])
2024-12-21 03:48:57,021 - [Process 0/1] - INFO - len(per_windows_prompt):2
2024-12-21 03:49:04,301 - [Process 0/1] - INFO - res.shape is :torch.Size([64])
2024-12-21 03:49:04,408 - [Process 0/1] - INFO - len(per_windows_prompt):2
2024-12-21 03:49:11,246 - [Process 0/1] - INFO - res.shape is :torch.Size([64])
2024-12-21 03:49:11,383 - [Process 0/1] - INFO - len(per_windows_prompt):2
2024-12-21 03:49:19,227 - [Process 0/1] - INFO - res.shape is :torch.Size([64])
2024-12-21 03:49:19,367 - [Process 0/1] - INFO - len(per_windows_prompt):2
2024-12-21 03:49:27,522 - [Process 0/1] - INFO - res.shape is :torch.Size([64])
2024-12-21 03:49:27,636 - [Process 0/1] - INFO - len(per_windows_prompt):2
2024-12-21 03:49:34,473 - [Process 0/1] - INFO - res.shape is :torch.Size([64])
2024-12-21 03:49:34,597 - [Process 0/1] - INFO - len(per_windows_prompt):2
2024-12-21 03:49:41,816 - [Process 0/1] - INFO - res.shape is :torch.Size([64])
2024-12-21 03:49:41,961 - [Process 0/1] - INFO - len(per_windows_prompt):2
2024-12-21 03:49:48,707 - [Process 0/1] - INFO - res.shape is :torch.Size([64])
2024-12-21 03:49:48,825 - [Process 0/1] - INFO - len(per_windows_prompt):2
2024-12-21 03:49:58,380 - [Process 0/1] - INFO - res.shape is :torch.Size([64])
2024-12-21 03:49:58,493 - [Process 0/1] - INFO - len(per_windows_prompt):2
2024-12-21 03:50:05,087 - [Process 0/1] - INFO - res.shape is :torch.Size([64])
2024-12-21 03:50:05,164 - [Process 0/1] - INFO - len(per_windows_prompt):2
2024-12-21 03:50:11,853 - [Process 0/1] - INFO - res.shape is :torch.Size([64])
2024-12-21 03:50:11,957 - [Process 0/1] - INFO - len(per_windows_prompt):2
2024-12-21 03:50:19,451 - [Process 0/1] - INFO - res.shape is :torch.Size([64])
2024-12-21 03:50:19,603 - [Process 0/1] - INFO - len(per_windows_prompt):2
2024-12-21 03:50:28,229 - [Process 0/1] - INFO - res.shape is :torch.Size([64])
2024-12-21 03:50:28,376 - [Process 0/1] - INFO - len(per_windows_prompt):2
2024-12-21 03:50:34,927 - [Process 0/1] - INFO - res.shape is :torch.Size([64])
2024-12-21 03:50:35,048 - [Process 0/1] - INFO - len(per_windows_prompt):2
2024-12-21 03:50:41,596 - [Process 0/1] - INFO - res.shape is :torch.Size([64])
2024-12-21 03:50:41,748 - [Process 0/1] - INFO - len(per_windows_prompt):2
2024-12-21 03:50:50,511 - [Process 0/1] - INFO - res.shape is :torch.Size([64])
2024-12-21 03:50:50,645 - [Process 0/1] - INFO - len(per_windows_prompt):2
2024-12-21 03:50:58,150 - [Process 0/1] - INFO - res.shape is :torch.Size([64])
2024-12-21 03:50:58,258 - [Process 0/1] - INFO - len(per_windows_prompt):2
2024-12-21 03:51:06,367 - [Process 0/1] - INFO - res.shape is :torch.Size([64])
2024-12-21 03:51:06,495 - [Process 0/1] - INFO - len(per_windows_prompt):2
2024-12-21 03:51:13,489 - [Process 0/1] - INFO - res.shape is :torch.Size([64])
2024-12-21 03:51:13,634 - [Process 0/1] - INFO - len(per_windows_prompt):2
2024-12-21 03:51:20,150 - [Process 0/1] - INFO - res.shape is :torch.Size([64])
2024-12-21 03:51:20,288 - [Process 0/1] - INFO - len(per_windows_prompt):2
2024-12-21 03:51:28,726 - [Process 0/1] - INFO - res.shape is :torch.Size([64])
2024-12-21 03:51:28,950 - [Process 0/1] - INFO - len(per_windows_prompt):2
2024-12-21 03:51:36,631 - [Process 0/1] - INFO - res.shape is :torch.Size([64])
2024-12-21 03:51:36,740 - [Process 0/1] - INFO - len(per_windows_prompt):2
2024-12-21 03:51:43,084 - [Process 0/1] - INFO - res.shape is :torch.Size([64])
2024-12-21 03:51:43,206 - [Process 0/1] - INFO - len(per_windows_prompt):2
2024-12-21 03:51:51,145 - [Process 0/1] - INFO - res.shape is :torch.Size([64])
2024-12-21 03:51:51,301 - [Process 0/1] - INFO - len(per_windows_prompt):2
2024-12-21 03:52:00,313 - [Process 0/1] - INFO - res.shape is :torch.Size([64])
2024-12-21 03:52:00,433 - [Process 0/1] - INFO - len(per_windows_prompt):2
2024-12-21 03:52:10,447 - [Process 0/1] - INFO - res.shape is :torch.Size([64])
2024-12-21 03:52:10,582 - [Process 0/1] - INFO - len(per_windows_prompt):2
2024-12-21 03:52:17,725 - [Process 0/1] - INFO - res.shape is :torch.Size([64])
2024-12-21 03:52:17,835 - [Process 0/1] - INFO - len(per_windows_prompt):2
2024-12-21 03:52:26,771 - [Process 0/1] - INFO - res.shape is :torch.Size([64])
2024-12-21 03:52:26,876 - [Process 0/1] - INFO - len(per_windows_prompt):2
2024-12-21 03:52:34,713 - [Process 0/1] - INFO - res.shape is :torch.Size([64])
2024-12-21 03:52:34,829 - [Process 0/1] - INFO - len(per_windows_prompt):2
2024-12-21 03:52:41,386 - [Process 0/1] - INFO - res.shape is :torch.Size([64])
2024-12-21 03:52:41,561 - [Process 0/1] - INFO - len(per_windows_prompt):2
2024-12-21 03:52:49,991 - [Process 0/1] - INFO - res.shape is :torch.Size([64])
2024-12-21 03:52:50,109 - [Process 0/1] - INFO - len(per_windows_prompt):2
2024-12-21 03:52:58,204 - [Process 0/1] - INFO - res.shape is :torch.Size([64])
2024-12-21 03:52:58,360 - [Process 0/1] - INFO - len(per_windows_prompt):2
2024-12-21 03:53:05,586 - [Process 0/1] - INFO - res.shape is :torch.Size([64])
2024-12-21 03:53:05,717 - [Process 0/1] - INFO - len(per_windows_prompt):2
2024-12-21 03:53:15,566 - [Process 0/1] - INFO - res.shape is :torch.Size([64])
2024-12-21 03:53:15,678 - [Process 0/1] - INFO - len(per_windows_prompt):2
2024-12-21 03:53:24,111 - [Process 0/1] - INFO - res.shape is :torch.Size([64])
2024-12-21 03:53:24,218 - [Process 0/1] - INFO - len(per_windows_prompt):2
2024-12-21 03:53:33,104 - [Process 0/1] - INFO - res.shape is :torch.Size([64])
2024-12-21 03:53:33,224 - [Process 0/1] - INFO - len(per_windows_prompt):2
2024-12-21 03:53:40,059 - [Process 0/1] - INFO - res.shape is :torch.Size([64])
2024-12-21 03:53:40,171 - [Process 0/1] - INFO - len(per_windows_prompt):2
2024-12-21 03:53:47,606 - [Process 0/1] - INFO - res.shape is :torch.Size([64])
2024-12-21 03:53:47,711 - [Process 0/1] - INFO - len(per_windows_prompt):2
2024-12-21 03:53:55,634 - [Process 0/1] - INFO - res.shape is :torch.Size([64])
2024-12-21 03:53:55,760 - [Process 0/1] - INFO - len(per_windows_prompt):2
2024-12-21 03:54:02,247 - [Process 0/1] - INFO - res.shape is :torch.Size([64])
2024-12-21 03:54:02,398 - [Process 0/1] - INFO - len(per_windows_prompt):2
2024-12-21 03:54:10,318 - [Process 0/1] - INFO - res.shape is :torch.Size([64])
2024-12-21 03:54:10,465 - [Process 0/1] - INFO - len(per_windows_prompt):2
2024-12-21 03:54:18,807 - [Process 0/1] - INFO - res.shape is :torch.Size([64])
2024-12-21 03:54:18,945 - [Process 0/1] - INFO - len(per_windows_prompt):2
2024-12-21 03:54:26,837 - [Process 0/1] - INFO - res.shape is :torch.Size([64])
2024-12-21 03:54:26,981 - [Process 0/1] - INFO - len(per_windows_prompt):2
2024-12-21 03:54:34,119 - [Process 0/1] - INFO - res.shape is :torch.Size([64])
2024-12-21 03:54:34,225 - [Process 0/1] - INFO - len(per_windows_prompt):2
2024-12-21 03:54:41,246 - [Process 0/1] - INFO - res.shape is :torch.Size([64])
2024-12-21 03:54:41,450 - [Process 0/1] - INFO - len(per_windows_prompt):2
2024-12-21 03:54:49,806 - [Process 0/1] - INFO - res.shape is :torch.Size([64])
2024-12-21 03:54:49,911 - [Process 0/1] - INFO - len(per_windows_prompt):2
2024-12-21 03:54:57,265 - [Process 0/1] - INFO - res.shape is :torch.Size([64])
2024-12-21 03:54:57,382 - [Process 0/1] - INFO - len(per_windows_prompt):2
2024-12-21 03:55:04,153 - [Process 0/1] - INFO - res.shape is :torch.Size([64])
2024-12-21 03:55:04,285 - [Process 0/1] - INFO - len(per_windows_prompt):2
2024-12-21 03:55:11,556 - [Process 0/1] - INFO - res.shape is :torch.Size([64])
2024-12-21 03:55:11,667 - [Process 0/1] - INFO - len(per_windows_prompt):2
2024-12-21 03:55:19,487 - [Process 0/1] - INFO - res.shape is :torch.Size([64])
2024-12-21 03:55:19,603 - [Process 0/1] - INFO - len(per_windows_prompt):2
2024-12-21 03:55:27,472 - [Process 0/1] - INFO - res.shape is :torch.Size([64])
2024-12-21 03:55:27,616 - [Process 0/1] - INFO - len(per_windows_prompt):2
2024-12-21 03:55:34,892 - [Process 0/1] - INFO - res.shape is :torch.Size([64])
2024-12-21 03:55:35,006 - [Process 0/1] - INFO - len(per_windows_prompt):2
2024-12-21 03:55:41,830 - [Process 0/1] - INFO - res.shape is :torch.Size([64])
2024-12-21 03:55:41,945 - [Process 0/1] - INFO - len(per_windows_prompt):2
2024-12-21 03:55:50,608 - [Process 0/1] - INFO - res.shape is :torch.Size([64])
2024-12-21 03:55:50,722 - [Process 0/1] - INFO - len(per_windows_prompt):2
2024-12-21 03:55:57,290 - [Process 0/1] - INFO - res.shape is :torch.Size([64])
2024-12-21 03:55:57,415 - [Process 0/1] - INFO - len(per_windows_prompt):2
2024-12-21 03:56:03,731 - [Process 0/1] - INFO - res.shape is :torch.Size([64])
2024-12-21 03:56:03,857 - [Process 0/1] - INFO - len(per_windows_prompt):2
2024-12-21 03:56:11,138 - [Process 0/1] - INFO - res.shape is :torch.Size([64])
2024-12-21 03:56:11,292 - [Process 0/1] - INFO - len(per_windows_prompt):2
2024-12-21 03:56:18,183 - [Process 0/1] - INFO - res.shape is :torch.Size([64])
2024-12-21 03:56:18,294 - [Process 0/1] - INFO - len(per_windows_prompt):2
2024-12-21 03:56:28,532 - [Process 0/1] - INFO - res.shape is :torch.Size([64])
2024-12-21 03:56:28,605 - [Process 0/1] - INFO - len(per_windows_prompt):2
2024-12-21 03:56:35,834 - [Process 0/1] - INFO - res.shape is :torch.Size([64])
2024-12-21 03:56:35,994 - [Process 0/1] - INFO - len(per_windows_prompt):2
2024-12-21 03:56:43,169 - [Process 0/1] - INFO - res.shape is :torch.Size([64])
2024-12-21 03:56:43,306 - [Process 0/1] - INFO - len(per_windows_prompt):2
2024-12-21 03:56:50,940 - [Process 0/1] - INFO - res.shape is :torch.Size([64])
2024-12-21 03:56:51,088 - [Process 0/1] - INFO - len(per_windows_prompt):2
2024-12-21 03:56:59,705 - [Process 0/1] - INFO - res.shape is :torch.Size([64])
2024-12-21 03:56:59,856 - [Process 0/1] - INFO - len(per_windows_prompt):2
2024-12-21 03:57:07,681 - [Process 0/1] - INFO - res.shape is :torch.Size([64])
2024-12-21 03:57:07,790 - [Process 0/1] - INFO - len(per_windows_prompt):2
2024-12-21 03:57:15,531 - [Process 0/1] - INFO - res.shape is :torch.Size([64])
2024-12-21 03:57:15,645 - [Process 0/1] - INFO - len(per_windows_prompt):2
2024-12-21 03:57:24,226 - [Process 0/1] - INFO - res.shape is :torch.Size([64])
2024-12-21 03:57:24,431 - [Process 0/1] - INFO - len(per_windows_prompt):2
2024-12-21 03:57:32,451 - [Process 0/1] - INFO - res.shape is :torch.Size([64])
2024-12-21 03:57:32,567 - [Process 0/1] - INFO - len(per_windows_prompt):2
2024-12-21 03:57:40,414 - [Process 0/1] - INFO - res.shape is :torch.Size([64])
2024-12-21 03:57:40,554 - [Process 0/1] - INFO - len(per_windows_prompt):2
2024-12-21 03:57:48,540 - [Process 0/1] - INFO - res.shape is :torch.Size([64])
2024-12-21 03:57:48,681 - [Process 0/1] - INFO - len(per_windows_prompt):2
2024-12-21 03:57:56,838 - [Process 0/1] - INFO - res.shape is :torch.Size([64])
2024-12-21 03:57:56,978 - [Process 0/1] - INFO - len(per_windows_prompt):2
2024-12-21 03:58:05,602 - [Process 0/1] - INFO - res.shape is :torch.Size([64])
2024-12-21 03:58:05,718 - [Process 0/1] - INFO - len(per_windows_prompt):2
2024-12-21 03:58:13,655 - [Process 0/1] - INFO - res.shape is :torch.Size([64])
2024-12-21 03:58:13,851 - [Process 0/1] - INFO - len(per_windows_prompt):2
2024-12-21 03:58:22,797 - [Process 0/1] - INFO - res.shape is :torch.Size([64])
2024-12-21 03:58:22,887 - [Process 0/1] - INFO - len(per_windows_prompt):2
2024-12-21 03:58:30,510 - [Process 0/1] - INFO - res.shape is :torch.Size([64])
2024-12-21 03:58:30,587 - [Process 0/1] - INFO - len(per_windows_prompt):2
2024-12-21 03:58:36,769 - [Process 0/1] - INFO - res.shape is :torch.Size([64])
2024-12-21 03:58:36,884 - [Process 0/1] - INFO - len(per_windows_prompt):2
2024-12-21 03:58:46,145 - [Process 0/1] - INFO - res.shape is :torch.Size([64])
2024-12-21 03:58:46,306 - [Process 0/1] - INFO - len(per_windows_prompt):2
2024-12-21 03:58:54,721 - [Process 0/1] - INFO - res.shape is :torch.Size([64])
2024-12-21 03:58:54,845 - [Process 0/1] - INFO - len(per_windows_prompt):2
2024-12-21 03:59:02,977 - [Process 0/1] - INFO - res.shape is :torch.Size([64])
2024-12-21 03:59:03,158 - [Process 0/1] - INFO - len(per_windows_prompt):2
2024-12-21 03:59:11,001 - [Process 0/1] - INFO - res.shape is :torch.Size([64])
2024-12-21 03:59:11,108 - [Process 0/1] - INFO - len(per_windows_prompt):2
2024-12-21 03:59:17,935 - [Process 0/1] - INFO - res.shape is :torch.Size([64])
2024-12-21 03:59:18,050 - [Process 0/1] - INFO - len(per_windows_prompt):2
2024-12-21 03:59:25,937 - [Process 0/1] - INFO - res.shape is :torch.Size([64])
2024-12-21 03:59:26,080 - [Process 0/1] - INFO - len(per_windows_prompt):2
2024-12-21 03:59:33,892 - [Process 0/1] - INFO - res.shape is :torch.Size([64])
2024-12-21 03:59:33,997 - [Process 0/1] - INFO - len(per_windows_prompt):2
2024-12-21 03:59:41,884 - [Process 0/1] - INFO - res.shape is :torch.Size([64])
2024-12-21 03:59:42,019 - [Process 0/1] - INFO - len(per_windows_prompt):2
2024-12-21 03:59:49,406 - [Process 0/1] - INFO - res.shape is :torch.Size([64])
2024-12-21 03:59:49,657 - [Process 0/1] - INFO - len(per_windows_prompt):2
2024-12-21 03:59:58,023 - [Process 0/1] - INFO - res.shape is :torch.Size([64])
2024-12-21 03:59:58,128 - [Process 0/1] - INFO - len(per_windows_prompt):2
2024-12-21 04:00:04,693 - [Process 0/1] - INFO - res.shape is :torch.Size([64])
2024-12-21 04:00:04,806 - [Process 0/1] - INFO - len(per_windows_prompt):2
2024-12-21 04:00:12,217 - [Process 0/1] - INFO - res.shape is :torch.Size([64])
2024-12-21 04:00:12,328 - [Process 0/1] - INFO - len(per_windows_prompt):2
2024-12-21 04:00:19,842 - [Process 0/1] - INFO - res.shape is :torch.Size([64])
2024-12-21 04:00:19,979 - [Process 0/1] - INFO - len(per_windows_prompt):2
2024-12-21 04:00:26,859 - [Process 0/1] - INFO - res.shape is :torch.Size([64])
2024-12-21 04:00:26,971 - [Process 0/1] - INFO - len(per_windows_prompt):2
2024-12-21 04:00:36,793 - [Process 0/1] - INFO - res.shape is :torch.Size([64])
2024-12-21 04:00:36,921 - [Process 0/1] - INFO - len(per_windows_prompt):2
2024-12-21 04:00:45,408 - [Process 0/1] - INFO - res.shape is :torch.Size([64])
2024-12-21 04:00:45,535 - [Process 0/1] - INFO - len(per_windows_prompt):2
2024-12-21 04:00:55,290 - [Process 0/1] - INFO - res.shape is :torch.Size([64])
2024-12-21 04:00:55,447 - [Process 0/1] - INFO - len(per_windows_prompt):2
2024-12-21 04:01:04,092 - [Process 0/1] - INFO - res.shape is :torch.Size([64])
2024-12-21 04:01:04,259 - [Process 0/1] - INFO - len(per_windows_prompt):2
2024-12-21 04:01:12,717 - [Process 0/1] - INFO - res.shape is :torch.Size([64])
2024-12-21 04:01:12,828 - [Process 0/1] - INFO - len(per_windows_prompt):2
2024-12-21 04:01:20,666 - [Process 0/1] - INFO - res.shape is :torch.Size([64])
2024-12-21 04:01:20,783 - [Process 0/1] - INFO - len(per_windows_prompt):2
2024-12-21 04:01:28,941 - [Process 0/1] - INFO - res.shape is :torch.Size([64])
2024-12-21 04:01:29,076 - [Process 0/1] - INFO - len(per_windows_prompt):2
2024-12-21 04:01:37,454 - [Process 0/1] - INFO - res.shape is :torch.Size([64])
2024-12-21 04:01:37,567 - [Process 0/1] - INFO - len(per_windows_prompt):2
2024-12-21 04:01:45,071 - [Process 0/1] - INFO - res.shape is :torch.Size([64])
2024-12-21 04:01:45,248 - [Process 0/1] - INFO - len(per_windows_prompt):2
2024-12-21 04:01:52,867 - [Process 0/1] - INFO - res.shape is :torch.Size([64])
2024-12-21 04:01:53,029 - [Process 0/1] - INFO - len(per_windows_prompt):2
2024-12-21 04:02:01,442 - [Process 0/1] - INFO - res.shape is :torch.Size([64])
2024-12-21 04:02:01,572 - [Process 0/1] - INFO - len(per_windows_prompt):2
2024-12-21 04:02:08,788 - [Process 0/1] - INFO - res.shape is :torch.Size([64])
2024-12-21 04:02:08,949 - [Process 0/1] - INFO - len(per_windows_prompt):2
2024-12-21 04:02:15,928 - [Process 0/1] - INFO - res.shape is :torch.Size([64])
2024-12-21 04:02:16,038 - [Process 0/1] - INFO - len(per_windows_prompt):2
2024-12-21 04:02:22,938 - [Process 0/1] - INFO - res.shape is :torch.Size([64])
2024-12-21 04:02:23,074 - [Process 0/1] - INFO - len(per_windows_prompt):2
2024-12-21 04:02:30,630 - [Process 0/1] - INFO - res.shape is :torch.Size([64])
2024-12-21 04:02:30,770 - [Process 0/1] - INFO - len(per_windows_prompt):2
2024-12-21 04:02:40,792 - [Process 0/1] - INFO - res.shape is :torch.Size([64])
2024-12-21 04:02:40,910 - [Process 0/1] - INFO - len(per_windows_prompt):2
2024-12-21 04:02:49,396 - [Process 0/1] - INFO - res.shape is :torch.Size([64])
2024-12-21 04:02:49,566 - [Process 0/1] - INFO - len(per_windows_prompt):2
2024-12-21 04:02:57,686 - [Process 0/1] - INFO - res.shape is :torch.Size([64])
2024-12-21 04:02:57,803 - [Process 0/1] - INFO - len(per_windows_prompt):2
2024-12-21 04:03:05,897 - [Process 0/1] - INFO - res.shape is :torch.Size([64])
2024-12-21 04:03:06,005 - [Process 0/1] - INFO - len(per_windows_prompt):2
2024-12-21 04:03:13,627 - [Process 0/1] - INFO - res.shape is :torch.Size([64])
2024-12-21 04:03:13,735 - [Process 0/1] - INFO - len(per_windows_prompt):2
2024-12-21 04:03:22,349 - [Process 0/1] - INFO - res.shape is :torch.Size([64])
