2024-12-21 15:50:54,513 - [Process 2/5] - INFO - loading datasets finished
2024-12-21 15:50:54,513 - [Process 2/5] - INFO - model_max_len: 3950
2024-12-21 15:50:54,514 - [Process 2/5] - INFO - output_max_len: 32
2024-12-21 15:50:54,590 - [Process 2/5] - INFO - Max Length is 12697
2024-12-21 15:50:54,591 - [Process 2/5] - INFO - Finish loading dataset
2024-12-21 15:50:54,591 - [Process 2/5] - INFO - get_predicted begin
2024-12-21 15:50:59,278 - [Process 2/5] - INFO - len(per_windows_prompt):1
2024-12-21 15:51:03,876 - [Process 2/5] - INFO - res.shape is :torch.Size([5])
2024-12-21 15:51:04,053 - [Process 2/5] - INFO - len(per_windows_prompt):1
2024-12-21 15:51:07,971 - [Process 2/5] - INFO - res.shape is :torch.Size([3])
2024-12-21 15:51:08,141 - [Process 2/5] - INFO - len(per_windows_prompt):1
2024-12-21 15:51:12,024 - [Process 2/5] - INFO - res.shape is :torch.Size([2])
2024-12-21 15:51:12,154 - [Process 2/5] - INFO - len(per_windows_prompt):1
2024-12-21 15:51:16,197 - [Process 2/5] - INFO - res.shape is :torch.Size([6])
2024-12-21 15:51:16,367 - [Process 2/5] - INFO - len(per_windows_prompt):1
2024-12-21 15:51:21,442 - [Process 2/5] - INFO - res.shape is :torch.Size([32])
2024-12-21 15:51:21,557 - [Process 2/5] - INFO - len(per_windows_prompt):1
2024-12-21 15:51:25,444 - [Process 2/5] - INFO - res.shape is :torch.Size([2])
2024-12-21 15:51:25,615 - [Process 2/5] - INFO - len(per_windows_prompt):1
2024-12-21 15:51:29,623 - [Process 2/5] - INFO - res.shape is :torch.Size([5])
2024-12-21 15:51:29,793 - [Process 2/5] - INFO - len(per_windows_prompt):1
2024-12-21 15:51:33,728 - [Process 2/5] - INFO - res.shape is :torch.Size([3])
2024-12-21 15:51:33,892 - [Process 2/5] - INFO - len(per_windows_prompt):1
2024-12-21 15:51:38,065 - [Process 2/5] - INFO - res.shape is :torch.Size([9])
2024-12-21 15:51:38,206 - [Process 2/5] - INFO - len(per_windows_prompt):1
2024-12-21 15:51:42,225 - [Process 2/5] - INFO - res.shape is :torch.Size([5])
2024-12-21 15:51:42,364 - [Process 2/5] - INFO - len(per_windows_prompt):1
2024-12-21 15:51:47,098 - [Process 2/5] - INFO - res.shape is :torch.Size([23])
2024-12-21 15:51:47,269 - [Process 2/5] - INFO - len(per_windows_prompt):1
2024-12-21 15:51:51,530 - [Process 2/5] - INFO - res.shape is :torch.Size([11])
2024-12-21 15:51:51,700 - [Process 2/5] - INFO - len(per_windows_prompt):1
2024-12-21 15:51:55,607 - [Process 2/5] - INFO - res.shape is :torch.Size([2])
2024-12-21 15:51:55,779 - [Process 2/5] - INFO - len(per_windows_prompt):1
2024-12-21 15:51:59,741 - [Process 2/5] - INFO - res.shape is :torch.Size([3])
2024-12-21 15:51:59,886 - [Process 2/5] - INFO - len(per_windows_prompt):1
2024-12-21 15:52:04,880 - [Process 2/5] - INFO - res.shape is :torch.Size([29])
2024-12-21 15:52:05,050 - [Process 2/5] - INFO - len(per_windows_prompt):1
2024-12-21 15:52:09,171 - [Process 2/5] - INFO - res.shape is :torch.Size([7])
2024-12-21 15:52:09,344 - [Process 2/5] - INFO - len(per_windows_prompt):1
2024-12-21 15:52:13,428 - [Process 2/5] - INFO - res.shape is :torch.Size([6])
2024-12-21 15:52:13,584 - [Process 2/5] - INFO - len(per_windows_prompt):1
2024-12-21 15:52:17,631 - [Process 2/5] - INFO - res.shape is :torch.Size([5])
2024-12-21 15:52:17,765 - [Process 2/5] - INFO - len(per_windows_prompt):1
2024-12-21 15:52:21,812 - [Process 2/5] - INFO - res.shape is :torch.Size([5])
2024-12-21 15:52:21,986 - [Process 2/5] - INFO - len(per_windows_prompt):1
2024-12-21 15:52:26,115 - [Process 2/5] - INFO - res.shape is :torch.Size([7])
2024-12-21 15:52:26,279 - [Process 2/5] - INFO - len(per_windows_prompt):1
2024-12-21 15:52:30,329 - [Process 2/5] - INFO - res.shape is :torch.Size([5])
2024-12-21 15:52:30,493 - [Process 2/5] - INFO - len(per_windows_prompt):1
2024-12-21 15:52:34,503 - [Process 2/5] - INFO - res.shape is :torch.Size([4])
2024-12-21 15:52:34,647 - [Process 2/5] - INFO - len(per_windows_prompt):1
2024-12-21 15:52:38,897 - [Process 2/5] - INFO - res.shape is :torch.Size([10])
2024-12-21 15:52:39,027 - [Process 2/5] - INFO - len(per_windows_prompt):1
2024-12-21 15:52:43,079 - [Process 2/5] - INFO - res.shape is :torch.Size([5])
2024-12-21 15:52:43,250 - [Process 2/5] - INFO - len(per_windows_prompt):1
2024-12-21 15:52:47,264 - [Process 2/5] - INFO - res.shape is :torch.Size([4])
2024-12-21 15:52:47,433 - [Process 2/5] - INFO - len(per_windows_prompt):1
2024-12-21 15:52:51,372 - [Process 2/5] - INFO - res.shape is :torch.Size([2])
2024-12-21 15:52:51,549 - [Process 2/5] - INFO - len(per_windows_prompt):1
2024-12-21 15:52:55,488 - [Process 2/5] - INFO - res.shape is :torch.Size([2])
2024-12-21 15:52:55,649 - [Process 2/5] - INFO - len(per_windows_prompt):1
2024-12-21 15:52:59,705 - [Process 2/5] - INFO - res.shape is :torch.Size([5])
2024-12-21 15:52:59,875 - [Process 2/5] - INFO - len(per_windows_prompt):1
2024-12-21 15:53:03,932 - [Process 2/5] - INFO - res.shape is :torch.Size([5])
2024-12-21 15:53:04,073 - [Process 2/5] - INFO - len(per_windows_prompt):1
2024-12-21 15:53:08,129 - [Process 2/5] - INFO - res.shape is :torch.Size([5])
2024-12-21 15:53:08,303 - [Process 2/5] - INFO - len(per_windows_prompt):1
2024-12-21 15:53:12,241 - [Process 2/5] - INFO - res.shape is :torch.Size([2])
2024-12-21 15:53:12,410 - [Process 2/5] - INFO - len(per_windows_prompt):1
2024-12-21 15:53:16,548 - [Process 2/5] - INFO - res.shape is :torch.Size([7])
2024-12-21 15:53:16,711 - [Process 2/5] - INFO - len(per_windows_prompt):1
2024-12-21 15:53:20,691 - [Process 2/5] - INFO - res.shape is :torch.Size([3])
2024-12-21 15:53:20,854 - [Process 2/5] - INFO - len(per_windows_prompt):1
2024-12-21 15:53:24,794 - [Process 2/5] - INFO - res.shape is :torch.Size([2])
2024-12-21 15:53:24,904 - [Process 2/5] - INFO - len(per_windows_prompt):1
2024-12-21 15:53:28,845 - [Process 2/5] - INFO - res.shape is :torch.Size([2])
2024-12-21 15:53:28,991 - [Process 2/5] - INFO - len(per_windows_prompt):1
2024-12-21 15:53:33,802 - [Process 2/5] - INFO - res.shape is :torch.Size([24])
2024-12-21 15:53:33,949 - [Process 2/5] - INFO - len(per_windows_prompt):1
2024-12-21 15:53:37,966 - [Process 2/5] - INFO - res.shape is :torch.Size([4])
2024-12-21 15:53:38,136 - [Process 2/5] - INFO - len(per_windows_prompt):1
2024-12-21 15:53:42,159 - [Process 2/5] - INFO - res.shape is :torch.Size([4])
2024-12-21 15:53:42,308 - [Process 2/5] - INFO - len(per_windows_prompt):1
2024-12-21 15:53:46,289 - [Process 2/5] - INFO - res.shape is :torch.Size([3])
2024-12-21 15:53:46,454 - [Process 2/5] - INFO - len(per_windows_prompt):1
2024-12-21 15:53:50,433 - [Process 2/5] - INFO - res.shape is :torch.Size([3])
