2024-12-21 13:54:18,957 - [Process 4/5] - INFO - loading datasets finished
2024-12-21 13:54:18,957 - [Process 4/5] - INFO - model_max_len: 3950
2024-12-21 13:54:18,957 - [Process 4/5] - INFO - output_max_len: 64
2024-12-21 13:54:18,990 - [Process 4/5] - INFO - Max Length is 10029
2024-12-21 13:54:18,991 - [Process 4/5] - INFO - Finish loading dataset
2024-12-21 13:54:18,992 - [Process 4/5] - INFO - get_predicted begin
2024-12-21 13:54:23,810 - [Process 4/5] - INFO - len(per_windows_prompt):1
2024-12-21 13:54:31,256 - [Process 4/5] - INFO - res.shape is :torch.Size([64])
2024-12-21 13:54:31,402 - [Process 4/5] - INFO - len(per_windows_prompt):1
2024-12-21 13:54:36,752 - [Process 4/5] - INFO - res.shape is :torch.Size([64])
2024-12-21 13:54:36,894 - [Process 4/5] - INFO - len(per_windows_prompt):1
2024-12-21 13:54:42,337 - [Process 4/5] - INFO - res.shape is :torch.Size([64])
2024-12-21 13:54:42,461 - [Process 4/5] - INFO - len(per_windows_prompt):1
2024-12-21 13:54:47,711 - [Process 4/5] - INFO - res.shape is :torch.Size([64])
2024-12-21 13:54:47,897 - [Process 4/5] - INFO - len(per_windows_prompt):1
2024-12-21 13:54:54,606 - [Process 4/5] - INFO - res.shape is :torch.Size([64])
2024-12-21 13:54:54,791 - [Process 4/5] - INFO - len(per_windows_prompt):1
2024-12-21 13:55:01,503 - [Process 4/5] - INFO - res.shape is :torch.Size([64])
2024-12-21 13:55:01,675 - [Process 4/5] - INFO - len(per_windows_prompt):1
2024-12-21 13:55:08,340 - [Process 4/5] - INFO - res.shape is :torch.Size([64])
2024-12-21 13:55:08,421 - [Process 4/5] - INFO - len(per_windows_prompt):1
2024-12-21 13:55:12,634 - [Process 4/5] - INFO - res.shape is :torch.Size([64])
2024-12-21 13:55:12,820 - [Process 4/5] - INFO - len(per_windows_prompt):1
2024-12-21 13:55:19,270 - [Process 4/5] - INFO - res.shape is :torch.Size([64])
2024-12-21 13:55:19,399 - [Process 4/5] - INFO - len(per_windows_prompt):1
2024-12-21 13:55:24,669 - [Process 4/5] - INFO - res.shape is :torch.Size([64])
2024-12-21 13:55:24,903 - [Process 4/5] - INFO - len(per_windows_prompt):1
2024-12-21 13:55:31,604 - [Process 4/5] - INFO - res.shape is :torch.Size([64])
2024-12-21 13:55:31,708 - [Process 4/5] - INFO - len(per_windows_prompt):1
2024-12-21 13:55:36,376 - [Process 4/5] - INFO - res.shape is :torch.Size([64])
2024-12-21 13:55:36,528 - [Process 4/5] - INFO - len(per_windows_prompt):1
2024-12-21 13:55:42,040 - [Process 4/5] - INFO - res.shape is :torch.Size([64])
2024-12-21 13:55:42,239 - [Process 4/5] - INFO - len(per_windows_prompt):1
2024-12-21 13:55:48,903 - [Process 4/5] - INFO - res.shape is :torch.Size([64])
2024-12-21 13:55:49,034 - [Process 4/5] - INFO - len(per_windows_prompt):1
2024-12-21 13:55:54,195 - [Process 4/5] - INFO - res.shape is :torch.Size([64])
2024-12-21 13:55:54,321 - [Process 4/5] - INFO - len(per_windows_prompt):1
2024-12-21 13:55:59,525 - [Process 4/5] - INFO - res.shape is :torch.Size([64])
2024-12-21 13:55:59,649 - [Process 4/5] - INFO - len(per_windows_prompt):1
2024-12-21 13:56:04,662 - [Process 4/5] - INFO - res.shape is :torch.Size([64])
2024-12-21 13:56:04,795 - [Process 4/5] - INFO - len(per_windows_prompt):1
2024-12-21 13:56:10,316 - [Process 4/5] - INFO - res.shape is :torch.Size([64])
2024-12-21 13:56:10,415 - [Process 4/5] - INFO - len(per_windows_prompt):1
2024-12-21 13:56:15,119 - [Process 4/5] - INFO - res.shape is :torch.Size([64])
2024-12-21 13:56:15,287 - [Process 4/5] - INFO - len(per_windows_prompt):1
2024-12-21 13:56:21,929 - [Process 4/5] - INFO - res.shape is :torch.Size([64])
2024-12-21 13:56:22,052 - [Process 4/5] - INFO - len(per_windows_prompt):1
2024-12-21 13:56:27,215 - [Process 4/5] - INFO - res.shape is :torch.Size([64])
2024-12-21 13:56:27,333 - [Process 4/5] - INFO - len(per_windows_prompt):1
2024-12-21 13:56:32,640 - [Process 4/5] - INFO - res.shape is :torch.Size([64])
2024-12-21 13:56:32,828 - [Process 4/5] - INFO - len(per_windows_prompt):1
2024-12-21 13:56:39,379 - [Process 4/5] - INFO - res.shape is :torch.Size([64])
2024-12-21 13:56:39,522 - [Process 4/5] - INFO - len(per_windows_prompt):1
2024-12-21 13:56:45,314 - [Process 4/5] - INFO - res.shape is :torch.Size([64])
2024-12-21 13:56:45,420 - [Process 4/5] - INFO - len(per_windows_prompt):1
2024-12-21 13:56:50,338 - [Process 4/5] - INFO - res.shape is :torch.Size([64])
2024-12-21 13:56:50,433 - [Process 4/5] - INFO - len(per_windows_prompt):1
2024-12-21 13:56:55,137 - [Process 4/5] - INFO - res.shape is :torch.Size([64])
2024-12-21 13:56:55,307 - [Process 4/5] - INFO - len(per_windows_prompt):1
2024-12-21 13:57:01,595 - [Process 4/5] - INFO - res.shape is :torch.Size([64])
2024-12-21 13:57:01,793 - [Process 4/5] - INFO - len(per_windows_prompt):1
2024-12-21 13:57:08,535 - [Process 4/5] - INFO - res.shape is :torch.Size([64])
2024-12-21 13:57:08,653 - [Process 4/5] - INFO - len(per_windows_prompt):1
2024-12-21 13:57:13,883 - [Process 4/5] - INFO - res.shape is :torch.Size([64])
2024-12-21 13:57:14,025 - [Process 4/5] - INFO - len(per_windows_prompt):1
2024-12-21 13:57:19,585 - [Process 4/5] - INFO - res.shape is :torch.Size([64])
2024-12-21 13:57:19,693 - [Process 4/5] - INFO - len(per_windows_prompt):1
2024-12-21 13:57:24,212 - [Process 4/5] - INFO - res.shape is :torch.Size([64])
2024-12-21 13:57:24,286 - [Process 4/5] - INFO - len(per_windows_prompt):1
2024-12-21 13:57:28,357 - [Process 4/5] - INFO - res.shape is :torch.Size([64])
2024-12-21 13:57:28,451 - [Process 4/5] - INFO - len(per_windows_prompt):1
2024-12-21 13:57:33,171 - [Process 4/5] - INFO - res.shape is :torch.Size([64])
2024-12-21 13:57:33,371 - [Process 4/5] - INFO - len(per_windows_prompt):1
2024-12-21 13:57:40,119 - [Process 4/5] - INFO - res.shape is :torch.Size([64])
2024-12-21 13:57:40,309 - [Process 4/5] - INFO - len(per_windows_prompt):1
2024-12-21 13:57:47,042 - [Process 4/5] - INFO - res.shape is :torch.Size([64])
2024-12-21 13:57:47,181 - [Process 4/5] - INFO - len(per_windows_prompt):1
2024-12-21 13:57:53,028 - [Process 4/5] - INFO - res.shape is :torch.Size([64])
2024-12-21 13:57:53,122 - [Process 4/5] - INFO - len(per_windows_prompt):1
2024-12-21 13:57:57,573 - [Process 4/5] - INFO - res.shape is :torch.Size([64])
2024-12-21 13:57:57,678 - [Process 4/5] - INFO - len(per_windows_prompt):1
2024-12-21 13:58:02,389 - [Process 4/5] - INFO - res.shape is :torch.Size([64])
2024-12-21 13:58:02,524 - [Process 4/5] - INFO - len(per_windows_prompt):1
2024-12-21 13:58:07,927 - [Process 4/5] - INFO - res.shape is :torch.Size([64])
2024-12-21 13:58:08,087 - [Process 4/5] - INFO - len(per_windows_prompt):1
2024-12-21 13:58:14,380 - [Process 4/5] - INFO - res.shape is :torch.Size([64])
2024-12-21 13:58:14,504 - [Process 4/5] - INFO - len(per_windows_prompt):1
2024-12-21 13:58:19,696 - [Process 4/5] - INFO - res.shape is :torch.Size([64])
2024-12-21 13:58:19,798 - [Process 4/5] - INFO - len(per_windows_prompt):1
2024-12-21 13:58:24,462 - [Process 4/5] - INFO - res.shape is :torch.Size([64])
2024-12-21 13:58:24,577 - [Process 4/5] - INFO - len(per_windows_prompt):1
2024-12-21 13:58:29,165 - [Process 4/5] - INFO - res.shape is :torch.Size([64])
2024-12-21 13:58:29,402 - [Process 4/5] - INFO - len(per_windows_prompt):1
2024-12-21 13:58:36,021 - [Process 4/5] - INFO - res.shape is :torch.Size([64])
2024-12-21 13:58:36,172 - [Process 4/5] - INFO - len(per_windows_prompt):1
2024-12-21 13:58:41,693 - [Process 4/5] - INFO - res.shape is :torch.Size([64])
2024-12-21 13:58:41,799 - [Process 4/5] - INFO - len(per_windows_prompt):1
2024-12-21 13:58:46,694 - [Process 4/5] - INFO - res.shape is :torch.Size([64])
2024-12-21 13:58:46,794 - [Process 4/5] - INFO - len(per_windows_prompt):1
2024-12-21 13:58:51,198 - [Process 4/5] - INFO - res.shape is :torch.Size([64])
2024-12-21 13:58:51,298 - [Process 4/5] - INFO - len(per_windows_prompt):1
2024-12-21 13:58:55,910 - [Process 4/5] - INFO - res.shape is :torch.Size([64])
2024-12-21 13:58:55,983 - [Process 4/5] - INFO - len(per_windows_prompt):1
2024-12-21 13:59:00,192 - [Process 4/5] - INFO - res.shape is :torch.Size([64])
2024-12-21 13:59:00,334 - [Process 4/5] - INFO - len(per_windows_prompt):1
2024-12-21 13:59:06,204 - [Process 4/5] - INFO - res.shape is :torch.Size([64])
2024-12-21 13:59:06,329 - [Process 4/5] - INFO - len(per_windows_prompt):1
2024-12-21 13:59:11,377 - [Process 4/5] - INFO - res.shape is :torch.Size([64])
2024-12-21 13:59:11,476 - [Process 4/5] - INFO - len(per_windows_prompt):1
2024-12-21 13:59:16,133 - [Process 4/5] - INFO - res.shape is :torch.Size([64])
2024-12-21 13:59:16,268 - [Process 4/5] - INFO - len(per_windows_prompt):1
2024-12-21 13:59:22,052 - [Process 4/5] - INFO - res.shape is :torch.Size([64])
2024-12-21 13:59:22,227 - [Process 4/5] - INFO - len(per_windows_prompt):1
2024-12-21 13:59:28,862 - [Process 4/5] - INFO - res.shape is :torch.Size([64])
2024-12-21 13:59:28,969 - [Process 4/5] - INFO - len(per_windows_prompt):1
2024-12-21 13:59:33,878 - [Process 4/5] - INFO - res.shape is :torch.Size([64])
2024-12-21 13:59:34,080 - [Process 4/5] - INFO - len(per_windows_prompt):1
2024-12-21 13:59:40,794 - [Process 4/5] - INFO - res.shape is :torch.Size([64])
2024-12-21 13:59:40,942 - [Process 4/5] - INFO - len(per_windows_prompt):1
2024-12-21 13:59:46,766 - [Process 4/5] - INFO - res.shape is :torch.Size([64])
2024-12-21 13:59:46,947 - [Process 4/5] - INFO - len(per_windows_prompt):1
2024-12-21 13:59:53,630 - [Process 4/5] - INFO - res.shape is :torch.Size([64])
2024-12-21 13:59:53,851 - [Process 4/5] - INFO - len(per_windows_prompt):1
2024-12-21 14:00:00,610 - [Process 4/5] - INFO - res.shape is :torch.Size([64])
2024-12-21 14:00:00,737 - [Process 4/5] - INFO - len(per_windows_prompt):1
2024-12-21 14:00:05,891 - [Process 4/5] - INFO - res.shape is :torch.Size([64])
2024-12-21 14:00:06,004 - [Process 4/5] - INFO - len(per_windows_prompt):1
2024-12-21 14:00:10,668 - [Process 4/5] - INFO - res.shape is :torch.Size([64])
2024-12-21 14:00:10,864 - [Process 4/5] - INFO - len(per_windows_prompt):1
2024-12-21 14:00:17,568 - [Process 4/5] - INFO - res.shape is :torch.Size([64])
2024-12-21 14:00:17,716 - [Process 4/5] - INFO - len(per_windows_prompt):1
2024-12-21 14:00:23,610 - [Process 4/5] - INFO - res.shape is :torch.Size([64])
2024-12-21 14:00:23,817 - [Process 4/5] - INFO - len(per_windows_prompt):1
2024-12-21 14:00:30,583 - [Process 4/5] - INFO - res.shape is :torch.Size([64])
2024-12-21 14:00:30,769 - [Process 4/5] - INFO - len(per_windows_prompt):1
2024-12-21 14:00:37,401 - [Process 4/5] - INFO - res.shape is :torch.Size([64])
2024-12-21 14:00:37,546 - [Process 4/5] - INFO - len(per_windows_prompt):1
2024-12-21 14:00:43,421 - [Process 4/5] - INFO - res.shape is :torch.Size([64])
2024-12-21 14:00:43,581 - [Process 4/5] - INFO - len(per_windows_prompt):1
2024-12-21 14:00:49,987 - [Process 4/5] - INFO - res.shape is :torch.Size([64])
2024-12-21 14:00:50,188 - [Process 4/5] - INFO - len(per_windows_prompt):1
2024-12-21 14:00:56,810 - [Process 4/5] - INFO - res.shape is :torch.Size([64])
2024-12-21 14:00:57,014 - [Process 4/5] - INFO - len(per_windows_prompt):1
2024-12-21 14:01:03,627 - [Process 4/5] - INFO - res.shape is :torch.Size([64])
2024-12-21 14:01:03,744 - [Process 4/5] - INFO - len(per_windows_prompt):1
2024-12-21 14:01:08,569 - [Process 4/5] - INFO - res.shape is :torch.Size([64])
2024-12-21 14:01:08,698 - [Process 4/5] - INFO - len(per_windows_prompt):1
2024-12-21 14:01:14,003 - [Process 4/5] - INFO - res.shape is :torch.Size([64])
2024-12-21 14:01:14,187 - [Process 4/5] - INFO - len(per_windows_prompt):1
2024-12-21 14:01:20,821 - [Process 4/5] - INFO - res.shape is :torch.Size([64])
2024-12-21 14:01:20,925 - [Process 4/5] - INFO - len(per_windows_prompt):1
2024-12-21 14:01:25,640 - [Process 4/5] - INFO - res.shape is :torch.Size([64])
2024-12-21 14:01:25,828 - [Process 4/5] - INFO - len(per_windows_prompt):1
2024-12-21 14:01:32,499 - [Process 4/5] - INFO - res.shape is :torch.Size([64])
2024-12-21 14:01:32,604 - [Process 4/5] - INFO - len(per_windows_prompt):1
2024-12-21 14:01:37,435 - [Process 4/5] - INFO - res.shape is :torch.Size([64])
2024-12-21 14:01:37,636 - [Process 4/5] - INFO - len(per_windows_prompt):1
2024-12-21 14:01:44,371 - [Process 4/5] - INFO - res.shape is :torch.Size([64])
2024-12-21 14:01:44,483 - [Process 4/5] - INFO - len(per_windows_prompt):1
2024-12-21 14:01:49,383 - [Process 4/5] - INFO - res.shape is :torch.Size([64])
2024-12-21 14:01:49,507 - [Process 4/5] - INFO - len(per_windows_prompt):1
2024-12-21 14:01:54,600 - [Process 4/5] - INFO - res.shape is :torch.Size([64])
2024-12-21 14:01:54,714 - [Process 4/5] - INFO - len(per_windows_prompt):1
2024-12-21 14:01:59,741 - [Process 4/5] - INFO - res.shape is :torch.Size([64])
2024-12-21 14:01:59,886 - [Process 4/5] - INFO - len(per_windows_prompt):1
2024-12-21 14:02:05,474 - [Process 4/5] - INFO - res.shape is :torch.Size([64])
2024-12-21 14:02:05,602 - [Process 4/5] - INFO - len(per_windows_prompt):1
2024-12-21 14:02:10,660 - [Process 4/5] - INFO - res.shape is :torch.Size([64])
2024-12-21 14:02:10,833 - [Process 4/5] - INFO - len(per_windows_prompt):1
2024-12-21 14:02:17,410 - [Process 4/5] - INFO - res.shape is :torch.Size([64])
2024-12-21 14:02:17,579 - [Process 4/5] - INFO - len(per_windows_prompt):1
2024-12-21 14:02:24,150 - [Process 4/5] - INFO - res.shape is :torch.Size([64])
2024-12-21 14:02:24,325 - [Process 4/5] - INFO - len(per_windows_prompt):1
2024-12-21 14:02:30,992 - [Process 4/5] - INFO - res.shape is :torch.Size([64])
2024-12-21 14:02:31,202 - [Process 4/5] - INFO - len(per_windows_prompt):1
2024-12-21 14:02:37,963 - [Process 4/5] - INFO - res.shape is :torch.Size([64])
2024-12-21 14:02:38,046 - [Process 4/5] - INFO - len(per_windows_prompt):1
2024-12-21 14:02:42,245 - [Process 4/5] - INFO - res.shape is :torch.Size([64])
2024-12-21 14:02:42,435 - [Process 4/5] - INFO - len(per_windows_prompt):1
2024-12-21 14:02:49,176 - [Process 4/5] - INFO - res.shape is :torch.Size([64])
2024-12-21 14:02:49,369 - [Process 4/5] - INFO - len(per_windows_prompt):1
2024-12-21 14:02:56,104 - [Process 4/5] - INFO - res.shape is :torch.Size([64])
2024-12-21 14:02:56,224 - [Process 4/5] - INFO - len(per_windows_prompt):1
2024-12-21 14:03:01,205 - [Process 4/5] - INFO - res.shape is :torch.Size([64])
2024-12-21 14:03:01,331 - [Process 4/5] - INFO - len(per_windows_prompt):1
2024-12-21 14:03:06,661 - [Process 4/5] - INFO - res.shape is :torch.Size([64])
2024-12-21 14:03:06,885 - [Process 4/5] - INFO - len(per_windows_prompt):1
2024-12-21 14:03:13,557 - [Process 4/5] - INFO - res.shape is :torch.Size([64])
2024-12-21 14:03:13,686 - [Process 4/5] - INFO - len(per_windows_prompt):1
2024-12-21 14:03:19,108 - [Process 4/5] - INFO - res.shape is :torch.Size([64])
2024-12-21 14:03:19,281 - [Process 4/5] - INFO - len(per_windows_prompt):1
2024-12-21 14:03:25,852 - [Process 4/5] - INFO - res.shape is :torch.Size([64])
2024-12-21 14:03:25,934 - [Process 4/5] - INFO - len(per_windows_prompt):1
2024-12-21 14:03:30,175 - [Process 4/5] - INFO - res.shape is :torch.Size([64])
2024-12-21 14:03:30,328 - [Process 4/5] - INFO - len(per_windows_prompt):1
2024-12-21 14:03:36,612 - [Process 4/5] - INFO - res.shape is :torch.Size([64])
2024-12-21 14:03:36,736 - [Process 4/5] - INFO - len(per_windows_prompt):1
2024-12-21 14:03:42,094 - [Process 4/5] - INFO - res.shape is :torch.Size([64])
2024-12-21 14:03:42,276 - [Process 4/5] - INFO - len(per_windows_prompt):1
2024-12-21 14:03:48,950 - [Process 4/5] - INFO - res.shape is :torch.Size([64])
2024-12-21 14:03:49,093 - [Process 4/5] - INFO - len(per_windows_prompt):1
2024-12-21 14:03:55,127 - [Process 4/5] - INFO - res.shape is :torch.Size([64])
2024-12-21 14:03:55,263 - [Process 4/5] - INFO - len(per_windows_prompt):1
2024-12-21 14:04:00,520 - [Process 4/5] - INFO - res.shape is :torch.Size([64])
2024-12-21 14:04:00,623 - [Process 4/5] - INFO - len(per_windows_prompt):1
2024-12-21 14:04:05,391 - [Process 4/5] - INFO - res.shape is :torch.Size([64])
