2024-12-21 15:56:02,772 - [Process 4/5] - INFO - loading datasets finished
2024-12-21 15:56:02,773 - [Process 4/5] - INFO - model_max_len: 3950
2024-12-21 15:56:02,773 - [Process 4/5] - INFO - output_max_len: 32
2024-12-21 15:56:02,815 - [Process 4/5] - INFO - Max Length is 11950
2024-12-21 15:56:02,815 - [Process 4/5] - INFO - Finish loading dataset
2024-12-21 15:56:02,816 - [Process 4/5] - INFO - get_predicted begin
2024-12-21 15:56:07,645 - [Process 4/5] - INFO - len(per_windows_prompt):1
2024-12-21 15:56:12,530 - [Process 4/5] - INFO - res.shape is :torch.Size([7])
2024-12-21 15:56:12,721 - [Process 4/5] - INFO - len(per_windows_prompt):1
2024-12-21 15:56:16,749 - [Process 4/5] - INFO - res.shape is :torch.Size([5])
2024-12-21 15:56:16,996 - [Process 4/5] - INFO - len(per_windows_prompt):1
2024-12-21 15:56:21,129 - [Process 4/5] - INFO - res.shape is :torch.Size([7])
2024-12-21 15:56:21,327 - [Process 4/5] - INFO - len(per_windows_prompt):1
2024-12-21 15:56:25,234 - [Process 4/5] - INFO - res.shape is :torch.Size([2])
2024-12-21 15:56:25,432 - [Process 4/5] - INFO - len(per_windows_prompt):1
2024-12-21 15:56:29,696 - [Process 4/5] - INFO - res.shape is :torch.Size([10])
2024-12-21 15:56:29,890 - [Process 4/5] - INFO - len(per_windows_prompt):1
2024-12-21 15:56:34,319 - [Process 4/5] - INFO - res.shape is :torch.Size([14])
2024-12-21 15:56:34,499 - [Process 4/5] - INFO - len(per_windows_prompt):1
2024-12-21 15:56:38,875 - [Process 4/5] - INFO - res.shape is :torch.Size([13])
2024-12-21 15:56:39,058 - [Process 4/5] - INFO - len(per_windows_prompt):1
2024-12-21 15:56:43,095 - [Process 4/5] - INFO - res.shape is :torch.Size([5])
2024-12-21 15:56:43,325 - [Process 4/5] - INFO - len(per_windows_prompt):1
2024-12-21 15:56:47,409 - [Process 4/5] - INFO - res.shape is :torch.Size([6])
2024-12-21 15:56:47,595 - [Process 4/5] - INFO - len(per_windows_prompt):1
2024-12-21 15:56:51,621 - [Process 4/5] - INFO - res.shape is :torch.Size([4])
2024-12-21 15:56:51,824 - [Process 4/5] - INFO - len(per_windows_prompt):1
2024-12-21 15:56:57,050 - [Process 4/5] - INFO - res.shape is :torch.Size([32])
2024-12-21 15:56:57,254 - [Process 4/5] - INFO - len(per_windows_prompt):1
2024-12-21 15:57:01,199 - [Process 4/5] - INFO - res.shape is :torch.Size([2])
2024-12-21 15:57:01,474 - [Process 4/5] - INFO - len(per_windows_prompt):1
2024-12-21 15:57:05,518 - [Process 4/5] - INFO - res.shape is :torch.Size([4])
2024-12-21 15:57:05,735 - [Process 4/5] - INFO - len(per_windows_prompt):1
2024-12-21 15:57:10,035 - [Process 4/5] - INFO - res.shape is :torch.Size([10])
2024-12-21 15:57:10,282 - [Process 4/5] - INFO - len(per_windows_prompt):1
2024-12-21 15:57:14,989 - [Process 4/5] - INFO - res.shape is :torch.Size([20])
2024-12-21 15:57:15,202 - [Process 4/5] - INFO - len(per_windows_prompt):1
2024-12-21 15:57:19,276 - [Process 4/5] - INFO - res.shape is :torch.Size([5])
2024-12-21 15:57:19,524 - [Process 4/5] - INFO - len(per_windows_prompt):1
2024-12-21 15:57:23,812 - [Process 4/5] - INFO - res.shape is :torch.Size([10])
2024-12-21 15:57:24,047 - [Process 4/5] - INFO - len(per_windows_prompt):1
2024-12-21 15:57:28,169 - [Process 4/5] - INFO - res.shape is :torch.Size([6])
2024-12-21 15:57:28,360 - [Process 4/5] - INFO - len(per_windows_prompt):1
2024-12-21 15:57:32,355 - [Process 4/5] - INFO - res.shape is :torch.Size([3])
2024-12-21 15:57:32,544 - [Process 4/5] - INFO - len(per_windows_prompt):1
2024-12-21 15:57:36,504 - [Process 4/5] - INFO - res.shape is :torch.Size([2])
2024-12-21 15:57:36,696 - [Process 4/5] - INFO - len(per_windows_prompt):1
2024-12-21 15:57:40,655 - [Process 4/5] - INFO - res.shape is :torch.Size([2])
2024-12-21 15:57:40,857 - [Process 4/5] - INFO - len(per_windows_prompt):1
2024-12-21 15:57:45,406 - [Process 4/5] - INFO - res.shape is :torch.Size([16])
2024-12-21 15:57:45,595 - [Process 4/5] - INFO - len(per_windows_prompt):1
2024-12-21 15:57:49,939 - [Process 4/5] - INFO - res.shape is :torch.Size([11])
2024-12-21 15:57:50,135 - [Process 4/5] - INFO - len(per_windows_prompt):1
2024-12-21 15:57:54,172 - [Process 4/5] - INFO - res.shape is :torch.Size([4])
2024-12-21 15:57:54,298 - [Process 4/5] - INFO - len(per_windows_prompt):1
2024-12-21 15:57:58,245 - [Process 4/5] - INFO - res.shape is :torch.Size([2])
2024-12-21 15:57:58,358 - [Process 4/5] - INFO - len(per_windows_prompt):1
2024-12-21 15:58:02,469 - [Process 4/5] - INFO - res.shape is :torch.Size([6])
2024-12-21 15:58:02,566 - [Process 4/5] - INFO - len(per_windows_prompt):1
2024-12-21 15:58:06,305 - [Process 4/5] - INFO - res.shape is :torch.Size([7])
2024-12-21 15:58:06,422 - [Process 4/5] - INFO - len(per_windows_prompt):1
2024-12-21 15:58:10,573 - [Process 4/5] - INFO - res.shape is :torch.Size([7])
2024-12-21 15:58:10,617 - [Process 4/5] - INFO - len(per_windows_prompt):1
2024-12-21 15:58:12,110 - [Process 4/5] - INFO - res.shape is :torch.Size([2])
2024-12-21 15:58:12,277 - [Process 4/5] - INFO - len(per_windows_prompt):1
2024-12-21 15:58:16,389 - [Process 4/5] - INFO - res.shape is :torch.Size([6])
2024-12-21 15:58:16,519 - [Process 4/5] - INFO - len(per_windows_prompt):1
2024-12-21 15:58:20,510 - [Process 4/5] - INFO - res.shape is :torch.Size([3])
2024-12-21 15:58:20,546 - [Process 4/5] - INFO - len(per_windows_prompt):1
2024-12-21 15:58:21,869 - [Process 4/5] - INFO - res.shape is :torch.Size([2])
2024-12-21 15:58:22,040 - [Process 4/5] - INFO - len(per_windows_prompt):1
2024-12-21 15:58:25,994 - [Process 4/5] - INFO - res.shape is :torch.Size([2])
2024-12-21 15:58:26,113 - [Process 4/5] - INFO - len(per_windows_prompt):1
2024-12-21 15:58:31,066 - [Process 4/5] - INFO - res.shape is :torch.Size([27])
2024-12-21 15:58:31,182 - [Process 4/5] - INFO - len(per_windows_prompt):1
2024-12-21 15:58:35,652 - [Process 4/5] - INFO - res.shape is :torch.Size([15])
2024-12-21 15:58:35,772 - [Process 4/5] - INFO - len(per_windows_prompt):1
2024-12-21 15:58:39,888 - [Process 4/5] - INFO - res.shape is :torch.Size([6])
2024-12-21 15:58:40,036 - [Process 4/5] - INFO - len(per_windows_prompt):1
2024-12-21 15:58:44,114 - [Process 4/5] - INFO - res.shape is :torch.Size([5])
2024-12-21 15:58:44,225 - [Process 4/5] - INFO - len(per_windows_prompt):1
2024-12-21 15:58:48,304 - [Process 4/5] - INFO - res.shape is :torch.Size([5])
2024-12-21 15:58:48,417 - [Process 4/5] - INFO - len(per_windows_prompt):1
2024-12-21 15:58:52,377 - [Process 4/5] - INFO - res.shape is :torch.Size([2])
2024-12-21 15:58:52,493 - [Process 4/5] - INFO - len(per_windows_prompt):1
2024-12-21 15:58:56,495 - [Process 4/5] - INFO - res.shape is :torch.Size([3])
