2024-12-21 16:54:00,196 - [Process 2/5] - INFO - loading datasets finished
2024-12-21 16:54:00,197 - [Process 2/5] - INFO - model_max_len: 3950
2024-12-21 16:54:00,197 - [Process 2/5] - INFO - output_max_len: 64
2024-12-21 16:54:00,315 - [Process 2/5] - INFO - Max Length is 18754
2024-12-21 16:54:00,316 - [Process 2/5] - INFO - Finish loading dataset
2024-12-21 16:54:00,316 - [Process 2/5] - INFO - get_predicted begin
2024-12-21 16:54:05,043 - [Process 2/5] - INFO - len(per_windows_prompt):1
2024-12-21 16:54:12,542 - [Process 2/5] - INFO - res.shape is :torch.Size([64])
2024-12-21 16:54:12,776 - [Process 2/5] - INFO - len(per_windows_prompt):1
2024-12-21 16:54:19,509 - [Process 2/5] - INFO - res.shape is :torch.Size([64])
2024-12-21 16:54:19,787 - [Process 2/5] - INFO - len(per_windows_prompt):1
2024-12-21 16:54:26,528 - [Process 2/5] - INFO - res.shape is :torch.Size([64])
2024-12-21 16:54:26,728 - [Process 2/5] - INFO - len(per_windows_prompt):1
2024-12-21 16:54:33,472 - [Process 2/5] - INFO - res.shape is :torch.Size([64])
2024-12-21 16:54:33,716 - [Process 2/5] - INFO - len(per_windows_prompt):1
2024-12-21 16:54:40,465 - [Process 2/5] - INFO - res.shape is :torch.Size([64])
2024-12-21 16:54:40,673 - [Process 2/5] - INFO - len(per_windows_prompt):1
2024-12-21 16:54:47,421 - [Process 2/5] - INFO - res.shape is :torch.Size([64])
2024-12-21 16:54:47,614 - [Process 2/5] - INFO - len(per_windows_prompt):1
2024-12-21 16:54:54,365 - [Process 2/5] - INFO - res.shape is :torch.Size([64])
2024-12-21 16:54:54,560 - [Process 2/5] - INFO - len(per_windows_prompt):1
2024-12-21 16:55:01,313 - [Process 2/5] - INFO - res.shape is :torch.Size([64])
2024-12-21 16:55:01,519 - [Process 2/5] - INFO - len(per_windows_prompt):1
2024-12-21 16:55:08,267 - [Process 2/5] - INFO - res.shape is :torch.Size([64])
2024-12-21 16:55:08,531 - [Process 2/5] - INFO - len(per_windows_prompt):1
2024-12-21 16:55:15,275 - [Process 2/5] - INFO - res.shape is :torch.Size([64])
2024-12-21 16:55:15,558 - [Process 2/5] - INFO - len(per_windows_prompt):1
2024-12-21 16:55:22,302 - [Process 2/5] - INFO - res.shape is :torch.Size([64])
2024-12-21 16:55:22,530 - [Process 2/5] - INFO - len(per_windows_prompt):1
2024-12-21 16:55:29,269 - [Process 2/5] - INFO - res.shape is :torch.Size([64])
2024-12-21 16:55:29,483 - [Process 2/5] - INFO - len(per_windows_prompt):1
2024-12-21 16:55:36,223 - [Process 2/5] - INFO - res.shape is :torch.Size([64])
2024-12-21 16:55:36,404 - [Process 2/5] - INFO - len(per_windows_prompt):1
2024-12-21 16:55:43,221 - [Process 2/5] - INFO - res.shape is :torch.Size([64])
2024-12-21 16:55:43,527 - [Process 2/5] - INFO - len(per_windows_prompt):1
2024-12-21 16:55:50,278 - [Process 2/5] - INFO - res.shape is :torch.Size([64])
2024-12-21 16:55:50,478 - [Process 2/5] - INFO - len(per_windows_prompt):1
2024-12-21 16:55:57,217 - [Process 2/5] - INFO - res.shape is :torch.Size([64])
2024-12-21 16:55:57,421 - [Process 2/5] - INFO - len(per_windows_prompt):1
2024-12-21 16:56:04,167 - [Process 2/5] - INFO - res.shape is :torch.Size([64])
2024-12-21 16:56:04,424 - [Process 2/5] - INFO - len(per_windows_prompt):1
2024-12-21 16:56:11,171 - [Process 2/5] - INFO - res.shape is :torch.Size([64])
2024-12-21 16:56:11,436 - [Process 2/5] - INFO - len(per_windows_prompt):1
2024-12-21 16:56:18,197 - [Process 2/5] - INFO - res.shape is :torch.Size([64])
2024-12-21 16:56:18,479 - [Process 2/5] - INFO - len(per_windows_prompt):1
2024-12-21 16:56:25,249 - [Process 2/5] - INFO - res.shape is :torch.Size([64])
2024-12-21 16:56:25,444 - [Process 2/5] - INFO - len(per_windows_prompt):1
2024-12-21 16:56:32,198 - [Process 2/5] - INFO - res.shape is :torch.Size([64])
2024-12-21 16:56:32,515 - [Process 2/5] - INFO - len(per_windows_prompt):1
2024-12-21 16:56:37,035 - [Process 2/5] - INFO - res.shape is :torch.Size([15])
2024-12-21 16:56:37,245 - [Process 2/5] - INFO - len(per_windows_prompt):1
2024-12-21 16:56:43,827 - [Process 2/5] - INFO - res.shape is :torch.Size([64])
2024-12-21 16:56:44,152 - [Process 2/5] - INFO - len(per_windows_prompt):1
2024-12-21 16:56:50,742 - [Process 2/5] - INFO - res.shape is :torch.Size([64])
2024-12-21 16:56:51,121 - [Process 2/5] - INFO - len(per_windows_prompt):1
2024-12-21 16:56:57,719 - [Process 2/5] - INFO - res.shape is :torch.Size([64])
2024-12-21 16:56:57,926 - [Process 2/5] - INFO - len(per_windows_prompt):1
2024-12-21 16:57:04,520 - [Process 2/5] - INFO - res.shape is :torch.Size([64])
2024-12-21 16:57:04,749 - [Process 2/5] - INFO - len(per_windows_prompt):1
2024-12-21 16:57:11,343 - [Process 2/5] - INFO - res.shape is :torch.Size([64])
2024-12-21 16:57:11,531 - [Process 2/5] - INFO - len(per_windows_prompt):1
2024-12-21 16:57:18,121 - [Process 2/5] - INFO - res.shape is :torch.Size([64])
2024-12-21 16:57:18,327 - [Process 2/5] - INFO - len(per_windows_prompt):1
2024-12-21 16:57:24,921 - [Process 2/5] - INFO - res.shape is :torch.Size([64])
2024-12-21 16:57:25,152 - [Process 2/5] - INFO - len(per_windows_prompt):1
2024-12-21 16:57:31,743 - [Process 2/5] - INFO - res.shape is :torch.Size([64])
2024-12-21 16:57:31,976 - [Process 2/5] - INFO - len(per_windows_prompt):1
2024-12-21 16:57:38,566 - [Process 2/5] - INFO - res.shape is :torch.Size([64])
2024-12-21 16:57:38,856 - [Process 2/5] - INFO - len(per_windows_prompt):1
2024-12-21 16:57:45,437 - [Process 2/5] - INFO - res.shape is :torch.Size([64])
2024-12-21 16:57:45,701 - [Process 2/5] - INFO - len(per_windows_prompt):1
2024-12-21 16:57:52,287 - [Process 2/5] - INFO - res.shape is :torch.Size([64])
2024-12-21 16:57:52,482 - [Process 2/5] - INFO - len(per_windows_prompt):1
2024-12-21 16:57:59,060 - [Process 2/5] - INFO - res.shape is :torch.Size([64])
2024-12-21 16:57:59,255 - [Process 2/5] - INFO - len(per_windows_prompt):1
2024-12-21 16:58:05,823 - [Process 2/5] - INFO - res.shape is :torch.Size([64])
2024-12-21 16:58:06,030 - [Process 2/5] - INFO - len(per_windows_prompt):1
2024-12-21 16:58:12,585 - [Process 2/5] - INFO - res.shape is :torch.Size([64])
2024-12-21 16:58:13,146 - [Process 2/5] - INFO - len(per_windows_prompt):1
2024-12-21 16:58:19,725 - [Process 2/5] - INFO - res.shape is :torch.Size([64])
2024-12-21 16:58:19,991 - [Process 2/5] - INFO - len(per_windows_prompt):1
2024-12-21 16:58:26,577 - [Process 2/5] - INFO - res.shape is :torch.Size([64])
2024-12-21 16:58:26,872 - [Process 2/5] - INFO - len(per_windows_prompt):1
2024-12-21 16:58:33,463 - [Process 2/5] - INFO - res.shape is :torch.Size([64])
2024-12-21 16:58:33,773 - [Process 2/5] - INFO - len(per_windows_prompt):1
2024-12-21 16:58:40,372 - [Process 2/5] - INFO - res.shape is :torch.Size([64])
2024-12-21 16:58:40,577 - [Process 2/5] - INFO - len(per_windows_prompt):1
2024-12-21 16:58:47,171 - [Process 2/5] - INFO - res.shape is :torch.Size([64])
2024-12-21 16:58:47,537 - [Process 2/5] - INFO - len(per_windows_prompt):1
2024-12-21 16:58:54,138 - [Process 2/5] - INFO - res.shape is :torch.Size([64])
2024-12-21 16:58:54,376 - [Process 2/5] - INFO - len(per_windows_prompt):1
2024-12-21 16:59:00,976 - [Process 2/5] - INFO - res.shape is :torch.Size([64])
2024-12-21 16:59:01,175 - [Process 2/5] - INFO - len(per_windows_prompt):1
2024-12-21 16:59:07,776 - [Process 2/5] - INFO - res.shape is :torch.Size([64])
2024-12-21 16:59:08,063 - [Process 2/5] - INFO - len(per_windows_prompt):1
2024-12-21 16:59:14,666 - [Process 2/5] - INFO - res.shape is :torch.Size([64])
2024-12-21 16:59:14,864 - [Process 2/5] - INFO - len(per_windows_prompt):1
2024-12-21 16:59:21,468 - [Process 2/5] - INFO - res.shape is :torch.Size([64])
2024-12-21 16:59:21,677 - [Process 2/5] - INFO - len(per_windows_prompt):1
2024-12-21 16:59:28,277 - [Process 2/5] - INFO - res.shape is :torch.Size([64])
2024-12-21 16:59:28,489 - [Process 2/5] - INFO - len(per_windows_prompt):1
2024-12-21 16:59:35,078 - [Process 2/5] - INFO - res.shape is :torch.Size([64])
2024-12-21 16:59:35,359 - [Process 2/5] - INFO - len(per_windows_prompt):1
2024-12-21 16:59:41,952 - [Process 2/5] - INFO - res.shape is :torch.Size([64])
2024-12-21 16:59:42,199 - [Process 2/5] - INFO - len(per_windows_prompt):1
2024-12-21 16:59:48,786 - [Process 2/5] - INFO - res.shape is :torch.Size([64])
2024-12-21 16:59:49,055 - [Process 2/5] - INFO - len(per_windows_prompt):1
2024-12-21 16:59:55,646 - [Process 2/5] - INFO - res.shape is :torch.Size([64])
2024-12-21 16:59:55,869 - [Process 2/5] - INFO - len(per_windows_prompt):1
2024-12-21 17:00:02,462 - [Process 2/5] - INFO - res.shape is :torch.Size([64])
2024-12-21 17:00:02,760 - [Process 2/5] - INFO - len(per_windows_prompt):1
2024-12-21 17:00:09,350 - [Process 2/5] - INFO - res.shape is :torch.Size([64])
2024-12-21 17:00:09,661 - [Process 2/5] - INFO - len(per_windows_prompt):1
2024-12-21 17:00:16,252 - [Process 2/5] - INFO - res.shape is :torch.Size([64])
2024-12-21 17:00:16,495 - [Process 2/5] - INFO - len(per_windows_prompt):1
2024-12-21 17:00:23,086 - [Process 2/5] - INFO - res.shape is :torch.Size([64])
2024-12-21 17:00:23,292 - [Process 2/5] - INFO - len(per_windows_prompt):1
2024-12-21 17:00:29,877 - [Process 2/5] - INFO - res.shape is :torch.Size([64])
2024-12-21 17:00:30,084 - [Process 2/5] - INFO - len(per_windows_prompt):1
2024-12-21 17:00:36,653 - [Process 2/5] - INFO - res.shape is :torch.Size([64])
2024-12-21 17:00:37,120 - [Process 2/5] - INFO - len(per_windows_prompt):1
2024-12-21 17:00:43,705 - [Process 2/5] - INFO - res.shape is :torch.Size([64])
2024-12-21 17:00:43,929 - [Process 2/5] - INFO - len(per_windows_prompt):1
2024-12-21 17:00:50,507 - [Process 2/5] - INFO - res.shape is :torch.Size([64])
2024-12-21 17:00:50,793 - [Process 2/5] - INFO - len(per_windows_prompt):1
2024-12-21 17:00:57,365 - [Process 2/5] - INFO - res.shape is :torch.Size([64])
2024-12-21 17:00:57,636 - [Process 2/5] - INFO - len(per_windows_prompt):1
2024-12-21 17:01:04,203 - [Process 2/5] - INFO - res.shape is :torch.Size([64])
2024-12-21 17:01:04,410 - [Process 2/5] - INFO - len(per_windows_prompt):1
2024-12-21 17:01:10,975 - [Process 2/5] - INFO - res.shape is :torch.Size([64])
2024-12-21 17:01:11,207 - [Process 2/5] - INFO - len(per_windows_prompt):1
2024-12-21 17:01:17,764 - [Process 2/5] - INFO - res.shape is :torch.Size([64])
2024-12-21 17:01:18,058 - [Process 2/5] - INFO - len(per_windows_prompt):1
2024-12-21 17:01:24,617 - [Process 2/5] - INFO - res.shape is :torch.Size([64])
2024-12-21 17:01:24,988 - [Process 2/5] - INFO - len(per_windows_prompt):1
2024-12-21 17:01:31,563 - [Process 2/5] - INFO - res.shape is :torch.Size([64])
2024-12-21 17:01:31,817 - [Process 2/5] - INFO - len(per_windows_prompt):1
2024-12-21 17:01:38,387 - [Process 2/5] - INFO - res.shape is :torch.Size([64])
2024-12-21 17:01:38,638 - [Process 2/5] - INFO - len(per_windows_prompt):1
2024-12-21 17:01:45,208 - [Process 2/5] - INFO - res.shape is :torch.Size([64])
2024-12-21 17:01:45,431 - [Process 2/5] - INFO - len(per_windows_prompt):1
2024-12-21 17:01:51,996 - [Process 2/5] - INFO - res.shape is :torch.Size([64])
2024-12-21 17:01:52,406 - [Process 2/5] - INFO - len(per_windows_prompt):1
2024-12-21 17:01:58,980 - [Process 2/5] - INFO - res.shape is :torch.Size([64])
2024-12-21 17:01:59,281 - [Process 2/5] - INFO - len(per_windows_prompt):1
2024-12-21 17:02:05,860 - [Process 2/5] - INFO - res.shape is :torch.Size([64])
2024-12-21 17:02:06,105 - [Process 2/5] - INFO - len(per_windows_prompt):1
2024-12-21 17:02:12,692 - [Process 2/5] - INFO - res.shape is :torch.Size([64])
2024-12-21 17:02:12,923 - [Process 2/5] - INFO - len(per_windows_prompt):1
2024-12-21 17:02:19,500 - [Process 2/5] - INFO - res.shape is :torch.Size([64])
2024-12-21 17:02:19,732 - [Process 2/5] - INFO - len(per_windows_prompt):1
2024-12-21 17:02:26,311 - [Process 2/5] - INFO - res.shape is :torch.Size([64])
2024-12-21 17:02:26,570 - [Process 2/5] - INFO - len(per_windows_prompt):1
2024-12-21 17:02:33,147 - [Process 2/5] - INFO - res.shape is :torch.Size([64])
2024-12-21 17:02:33,391 - [Process 2/5] - INFO - len(per_windows_prompt):1
2024-12-21 17:02:39,952 - [Process 2/5] - INFO - res.shape is :torch.Size([64])
2024-12-21 17:02:40,213 - [Process 2/5] - INFO - len(per_windows_prompt):1
2024-12-21 17:02:46,776 - [Process 2/5] - INFO - res.shape is :torch.Size([64])
2024-12-21 17:02:47,105 - [Process 2/5] - INFO - len(per_windows_prompt):1
2024-12-21 17:02:53,678 - [Process 2/5] - INFO - res.shape is :torch.Size([64])
2024-12-21 17:02:53,895 - [Process 2/5] - INFO - len(per_windows_prompt):1
2024-12-21 17:03:00,469 - [Process 2/5] - INFO - res.shape is :torch.Size([64])
2024-12-21 17:03:00,704 - [Process 2/5] - INFO - len(per_windows_prompt):1
2024-12-21 17:03:07,280 - [Process 2/5] - INFO - res.shape is :torch.Size([64])
2024-12-21 17:03:07,568 - [Process 2/5] - INFO - len(per_windows_prompt):1
2024-12-21 17:03:14,146 - [Process 2/5] - INFO - res.shape is :torch.Size([64])
2024-12-21 17:03:14,446 - [Process 2/5] - INFO - len(per_windows_prompt):1
2024-12-21 17:03:21,022 - [Process 2/5] - INFO - res.shape is :torch.Size([64])
2024-12-21 17:03:21,240 - [Process 2/5] - INFO - len(per_windows_prompt):1
2024-12-21 17:03:27,811 - [Process 2/5] - INFO - res.shape is :torch.Size([64])
2024-12-21 17:03:28,022 - [Process 2/5] - INFO - len(per_windows_prompt):1
2024-12-21 17:03:34,586 - [Process 2/5] - INFO - res.shape is :torch.Size([64])
2024-12-21 17:03:34,806 - [Process 2/5] - INFO - len(per_windows_prompt):1
2024-12-21 17:03:41,364 - [Process 2/5] - INFO - res.shape is :torch.Size([64])
2024-12-21 17:03:41,570 - [Process 2/5] - INFO - len(per_windows_prompt):1
2024-12-21 17:03:48,129 - [Process 2/5] - INFO - res.shape is :torch.Size([64])
2024-12-21 17:03:48,347 - [Process 2/5] - INFO - len(per_windows_prompt):1
2024-12-21 17:03:54,903 - [Process 2/5] - INFO - res.shape is :torch.Size([64])
2024-12-21 17:03:55,147 - [Process 2/5] - INFO - len(per_windows_prompt):1
2024-12-21 17:04:01,701 - [Process 2/5] - INFO - res.shape is :torch.Size([64])
2024-12-21 17:04:01,883 - [Process 2/5] - INFO - len(per_windows_prompt):1
2024-12-21 17:04:08,431 - [Process 2/5] - INFO - res.shape is :torch.Size([64])
2024-12-21 17:04:08,651 - [Process 2/5] - INFO - len(per_windows_prompt):1
2024-12-21 17:04:15,203 - [Process 2/5] - INFO - res.shape is :torch.Size([64])
2024-12-21 17:04:15,657 - [Process 2/5] - INFO - len(per_windows_prompt):1
2024-12-21 17:04:22,202 - [Process 2/5] - INFO - res.shape is :torch.Size([64])
2024-12-21 17:04:22,386 - [Process 2/5] - INFO - len(per_windows_prompt):1
2024-12-21 17:04:28,939 - [Process 2/5] - INFO - res.shape is :torch.Size([64])
2024-12-21 17:04:29,189 - [Process 2/5] - INFO - len(per_windows_prompt):1
2024-12-21 17:04:35,744 - [Process 2/5] - INFO - res.shape is :torch.Size([64])
2024-12-21 17:04:35,970 - [Process 2/5] - INFO - len(per_windows_prompt):1
2024-12-21 17:04:42,527 - [Process 2/5] - INFO - res.shape is :torch.Size([64])
2024-12-21 17:04:42,739 - [Process 2/5] - INFO - len(per_windows_prompt):1
2024-12-21 17:04:49,296 - [Process 2/5] - INFO - res.shape is :torch.Size([64])
2024-12-21 17:04:49,475 - [Process 2/5] - INFO - len(per_windows_prompt):1
2024-12-21 17:04:56,036 - [Process 2/5] - INFO - res.shape is :torch.Size([64])
2024-12-21 17:04:56,217 - [Process 2/5] - INFO - len(per_windows_prompt):1
2024-12-21 17:05:02,773 - [Process 2/5] - INFO - res.shape is :torch.Size([64])
2024-12-21 17:05:02,967 - [Process 2/5] - INFO - len(per_windows_prompt):1
2024-12-21 17:05:09,526 - [Process 2/5] - INFO - res.shape is :torch.Size([64])
2024-12-21 17:05:09,741 - [Process 2/5] - INFO - len(per_windows_prompt):1
2024-12-21 17:05:16,298 - [Process 2/5] - INFO - res.shape is :torch.Size([64])
2024-12-21 17:05:16,510 - [Process 2/5] - INFO - len(per_windows_prompt):1
2024-12-21 17:05:23,069 - [Process 2/5] - INFO - res.shape is :torch.Size([64])
2024-12-21 17:05:23,357 - [Process 2/5] - INFO - len(per_windows_prompt):1
2024-12-21 17:05:29,914 - [Process 2/5] - INFO - res.shape is :torch.Size([64])
