2024-12-21 18:16:59,788 - [Process 4/5] - INFO - loading datasets finished
2024-12-21 18:16:59,789 - [Process 4/5] - INFO - model_max_len: 3950
2024-12-21 18:16:59,789 - [Process 4/5] - INFO - output_max_len: 32
2024-12-21 18:16:59,866 - [Process 4/5] - INFO - Max Length is 12697
2024-12-21 18:16:59,867 - [Process 4/5] - INFO - Finish loading dataset
2024-12-21 18:16:59,867 - [Process 4/5] - INFO - get_predicted begin
2024-12-21 18:17:04,655 - [Process 4/5] - INFO - len(per_windows_prompt):2
2024-12-21 18:17:09,336 - [Process 4/5] - INFO - res.shape is :torch.Size([3])
2024-12-21 18:17:09,593 - [Process 4/5] - INFO - len(per_windows_prompt):2
2024-12-21 18:17:13,515 - [Process 4/5] - INFO - res.shape is :torch.Size([6])
2024-12-21 18:17:13,769 - [Process 4/5] - INFO - len(per_windows_prompt):2
2024-12-21 18:17:17,740 - [Process 4/5] - INFO - res.shape is :torch.Size([4])
2024-12-21 18:17:18,011 - [Process 4/5] - INFO - len(per_windows_prompt):2
2024-12-21 18:17:22,021 - [Process 4/5] - INFO - res.shape is :torch.Size([5])
2024-12-21 18:17:22,302 - [Process 4/5] - INFO - len(per_windows_prompt):2
2024-12-21 18:17:26,318 - [Process 4/5] - INFO - res.shape is :torch.Size([7])
2024-12-21 18:17:26,510 - [Process 4/5] - INFO - len(per_windows_prompt):2
2024-12-21 18:17:30,361 - [Process 4/5] - INFO - res.shape is :torch.Size([4])
2024-12-21 18:17:30,640 - [Process 4/5] - INFO - len(per_windows_prompt):2
2024-12-21 18:17:35,157 - [Process 4/5] - INFO - res.shape is :torch.Size([16])
2024-12-21 18:17:35,360 - [Process 4/5] - INFO - len(per_windows_prompt):2
2024-12-21 18:17:39,325 - [Process 4/5] - INFO - res.shape is :torch.Size([2])
2024-12-21 18:17:39,624 - [Process 4/5] - INFO - len(per_windows_prompt):2
2024-12-21 18:17:43,555 - [Process 4/5] - INFO - res.shape is :torch.Size([5])
2024-12-21 18:17:43,839 - [Process 4/5] - INFO - len(per_windows_prompt):2
2024-12-21 18:17:47,899 - [Process 4/5] - INFO - res.shape is :torch.Size([4])
2024-12-21 18:17:48,190 - [Process 4/5] - INFO - len(per_windows_prompt):2
2024-12-21 18:17:52,797 - [Process 4/5] - INFO - res.shape is :torch.Size([18])
2024-12-21 18:17:53,067 - [Process 4/5] - INFO - len(per_windows_prompt):2
2024-12-21 18:17:57,062 - [Process 4/5] - INFO - res.shape is :torch.Size([4])
2024-12-21 18:17:57,323 - [Process 4/5] - INFO - len(per_windows_prompt):2
2024-12-21 18:18:01,221 - [Process 4/5] - INFO - res.shape is :torch.Size([4])
2024-12-21 18:18:01,499 - [Process 4/5] - INFO - len(per_windows_prompt):2
2024-12-21 18:18:05,437 - [Process 4/5] - INFO - res.shape is :torch.Size([6])
2024-12-21 18:18:05,693 - [Process 4/5] - INFO - len(per_windows_prompt):2
2024-12-21 18:18:09,603 - [Process 4/5] - INFO - res.shape is :torch.Size([5])
2024-12-21 18:18:09,802 - [Process 4/5] - INFO - len(per_windows_prompt):2
2024-12-21 18:18:13,927 - [Process 4/5] - INFO - res.shape is :torch.Size([9])
2024-12-21 18:18:14,203 - [Process 4/5] - INFO - len(per_windows_prompt):2
2024-12-21 18:18:18,298 - [Process 4/5] - INFO - res.shape is :torch.Size([8])
2024-12-21 18:18:18,552 - [Process 4/5] - INFO - len(per_windows_prompt):2
2024-12-21 18:18:22,743 - [Process 4/5] - INFO - res.shape is :torch.Size([8])
2024-12-21 18:18:22,954 - [Process 4/5] - INFO - len(per_windows_prompt):2
2024-12-21 18:18:27,003 - [Process 4/5] - INFO - res.shape is :torch.Size([5])
2024-12-21 18:18:27,279 - [Process 4/5] - INFO - len(per_windows_prompt):2
2024-12-21 18:18:31,208 - [Process 4/5] - INFO - res.shape is :torch.Size([4])
2024-12-21 18:18:31,482 - [Process 4/5] - INFO - len(per_windows_prompt):2
2024-12-21 18:18:35,577 - [Process 4/5] - INFO - res.shape is :torch.Size([4])
2024-12-21 18:18:35,779 - [Process 4/5] - INFO - len(per_windows_prompt):2
2024-12-21 18:18:39,778 - [Process 4/5] - INFO - res.shape is :torch.Size([6])
2024-12-21 18:18:40,015 - [Process 4/5] - INFO - len(per_windows_prompt):2
2024-12-21 18:18:44,053 - [Process 4/5] - INFO - res.shape is :torch.Size([7])
2024-12-21 18:18:44,296 - [Process 4/5] - INFO - len(per_windows_prompt):2
2024-12-21 18:18:48,160 - [Process 4/5] - INFO - res.shape is :torch.Size([2])
2024-12-21 18:18:48,400 - [Process 4/5] - INFO - len(per_windows_prompt):2
2024-12-21 18:18:52,507 - [Process 4/5] - INFO - res.shape is :torch.Size([6])
2024-12-21 18:18:52,783 - [Process 4/5] - INFO - len(per_windows_prompt):2
2024-12-21 18:18:56,742 - [Process 4/5] - INFO - res.shape is :torch.Size([2])
2024-12-21 18:18:57,006 - [Process 4/5] - INFO - len(per_windows_prompt):2
2024-12-21 18:19:01,090 - [Process 4/5] - INFO - res.shape is :torch.Size([5])
2024-12-21 18:19:01,310 - [Process 4/5] - INFO - len(per_windows_prompt):2
2024-12-21 18:19:05,358 - [Process 4/5] - INFO - res.shape is :torch.Size([7])
2024-12-21 18:19:05,600 - [Process 4/5] - INFO - len(per_windows_prompt):2
2024-12-21 18:19:10,086 - [Process 4/5] - INFO - res.shape is :torch.Size([17])
2024-12-21 18:19:10,354 - [Process 4/5] - INFO - len(per_windows_prompt):2
2024-12-21 18:19:14,465 - [Process 4/5] - INFO - res.shape is :torch.Size([6])
2024-12-21 18:19:14,737 - [Process 4/5] - INFO - len(per_windows_prompt):2
2024-12-21 18:19:18,598 - [Process 4/5] - INFO - res.shape is :torch.Size([3])
2024-12-21 18:19:18,790 - [Process 4/5] - INFO - len(per_windows_prompt):2
2024-12-21 18:19:22,797 - [Process 4/5] - INFO - res.shape is :torch.Size([3])
2024-12-21 18:19:23,036 - [Process 4/5] - INFO - len(per_windows_prompt):2
2024-12-21 18:19:26,994 - [Process 4/5] - INFO - res.shape is :torch.Size([5])
2024-12-21 18:19:27,203 - [Process 4/5] - INFO - len(per_windows_prompt):2
2024-12-21 18:19:31,075 - [Process 4/5] - INFO - res.shape is :torch.Size([3])
2024-12-21 18:19:31,347 - [Process 4/5] - INFO - len(per_windows_prompt):2
2024-12-21 18:19:35,616 - [Process 4/5] - INFO - res.shape is :torch.Size([8])
2024-12-21 18:19:35,846 - [Process 4/5] - INFO - len(per_windows_prompt):2
2024-12-21 18:19:39,817 - [Process 4/5] - INFO - res.shape is :torch.Size([5])
2024-12-21 18:19:40,076 - [Process 4/5] - INFO - len(per_windows_prompt):2
2024-12-21 18:19:44,217 - [Process 4/5] - INFO - res.shape is :torch.Size([5])
2024-12-21 18:19:44,395 - [Process 4/5] - INFO - len(per_windows_prompt):2
2024-12-21 18:19:48,553 - [Process 4/5] - INFO - res.shape is :torch.Size([5])
2024-12-21 18:19:48,834 - [Process 4/5] - INFO - len(per_windows_prompt):2
2024-12-21 18:19:52,856 - [Process 4/5] - INFO - res.shape is :torch.Size([7])
2024-12-21 18:19:53,051 - [Process 4/5] - INFO - len(per_windows_prompt):2
2024-12-21 18:19:56,902 - [Process 4/5] - INFO - res.shape is :torch.Size([2])
