2024-12-21 16:00:59,344 - [Process 4/5] - INFO - loading datasets finished
2024-12-21 16:00:59,344 - [Process 4/5] - INFO - model_max_len: 3950
2024-12-21 16:00:59,344 - [Process 4/5] - INFO - output_max_len: 32
2024-12-21 16:00:59,432 - [Process 4/5] - INFO - Max Length is 17355
2024-12-21 16:00:59,432 - [Process 4/5] - INFO - Finish loading dataset
2024-12-21 16:00:59,433 - [Process 4/5] - INFO - get_predicted begin
2024-12-21 16:01:04,211 - [Process 4/5] - INFO - len(per_windows_prompt):1
2024-12-21 16:01:08,995 - [Process 4/5] - INFO - res.shape is :torch.Size([5])
2024-12-21 16:01:09,310 - [Process 4/5] - INFO - len(per_windows_prompt):1
2024-12-21 16:01:13,201 - [Process 4/5] - INFO - res.shape is :torch.Size([2])
2024-12-21 16:01:13,506 - [Process 4/5] - INFO - len(per_windows_prompt):1
2024-12-21 16:01:17,453 - [Process 4/5] - INFO - res.shape is :torch.Size([3])
2024-12-21 16:01:17,738 - [Process 4/5] - INFO - len(per_windows_prompt):1
2024-12-21 16:01:21,818 - [Process 4/5] - INFO - res.shape is :torch.Size([6])
2024-12-21 16:01:22,129 - [Process 4/5] - INFO - len(per_windows_prompt):1
2024-12-21 16:01:26,082 - [Process 4/5] - INFO - res.shape is :torch.Size([3])
2024-12-21 16:01:26,373 - [Process 4/5] - INFO - len(per_windows_prompt):1
2024-12-21 16:01:30,280 - [Process 4/5] - INFO - res.shape is :torch.Size([2])
2024-12-21 16:01:30,539 - [Process 4/5] - INFO - len(per_windows_prompt):1
2024-12-21 16:01:34,702 - [Process 4/5] - INFO - res.shape is :torch.Size([8])
2024-12-21 16:01:34,989 - [Process 4/5] - INFO - len(per_windows_prompt):1
2024-12-21 16:01:38,989 - [Process 4/5] - INFO - res.shape is :torch.Size([4])
2024-12-21 16:01:39,281 - [Process 4/5] - INFO - len(per_windows_prompt):1
2024-12-21 16:01:43,283 - [Process 4/5] - INFO - res.shape is :torch.Size([4])
2024-12-21 16:01:43,594 - [Process 4/5] - INFO - len(per_windows_prompt):1
2024-12-21 16:01:48,263 - [Process 4/5] - INFO - res.shape is :torch.Size([19])
2024-12-21 16:01:48,526 - [Process 4/5] - INFO - len(per_windows_prompt):1
2024-12-21 16:01:52,496 - [Process 4/5] - INFO - res.shape is :torch.Size([3])
2024-12-21 16:01:52,780 - [Process 4/5] - INFO - len(per_windows_prompt):1
2024-12-21 16:01:56,818 - [Process 4/5] - INFO - res.shape is :torch.Size([4])
2024-12-21 16:01:57,122 - [Process 4/5] - INFO - len(per_windows_prompt):1
2024-12-21 16:02:01,109 - [Process 4/5] - INFO - res.shape is :torch.Size([3])
2024-12-21 16:02:01,397 - [Process 4/5] - INFO - len(per_windows_prompt):1
2024-12-21 16:02:05,342 - [Process 4/5] - INFO - res.shape is :torch.Size([2])
2024-12-21 16:02:05,632 - [Process 4/5] - INFO - len(per_windows_prompt):1
2024-12-21 16:02:09,708 - [Process 4/5] - INFO - res.shape is :torch.Size([5])
2024-12-21 16:02:10,015 - [Process 4/5] - INFO - len(per_windows_prompt):1
2024-12-21 16:02:14,064 - [Process 4/5] - INFO - res.shape is :torch.Size([4])
2024-12-21 16:02:14,375 - [Process 4/5] - INFO - len(per_windows_prompt):1
2024-12-21 16:02:18,421 - [Process 4/5] - INFO - res.shape is :torch.Size([4])
2024-12-21 16:02:18,729 - [Process 4/5] - INFO - len(per_windows_prompt):1
2024-12-21 16:02:22,862 - [Process 4/5] - INFO - res.shape is :torch.Size([6])
2024-12-21 16:02:23,164 - [Process 4/5] - INFO - len(per_windows_prompt):1
2024-12-21 16:02:28,394 - [Process 4/5] - INFO - res.shape is :torch.Size([32])
2024-12-21 16:02:28,684 - [Process 4/5] - INFO - len(per_windows_prompt):1
2024-12-21 16:02:32,807 - [Process 4/5] - INFO - res.shape is :torch.Size([6])
2024-12-21 16:02:33,083 - [Process 4/5] - INFO - len(per_windows_prompt):1
2024-12-21 16:02:37,296 - [Process 4/5] - INFO - res.shape is :torch.Size([8])
2024-12-21 16:02:37,573 - [Process 4/5] - INFO - len(per_windows_prompt):1
2024-12-21 16:02:42,206 - [Process 4/5] - INFO - res.shape is :torch.Size([18])
2024-12-21 16:02:42,499 - [Process 4/5] - INFO - len(per_windows_prompt):1
2024-12-21 16:02:47,723 - [Process 4/5] - INFO - res.shape is :torch.Size([32])
2024-12-21 16:02:48,008 - [Process 4/5] - INFO - len(per_windows_prompt):1
2024-12-21 16:02:52,012 - [Process 4/5] - INFO - res.shape is :torch.Size([3])
2024-12-21 16:02:52,297 - [Process 4/5] - INFO - len(per_windows_prompt):1
2024-12-21 16:02:56,428 - [Process 4/5] - INFO - res.shape is :torch.Size([6])
2024-12-21 16:02:56,708 - [Process 4/5] - INFO - len(per_windows_prompt):1
2024-12-21 16:03:00,759 - [Process 4/5] - INFO - res.shape is :torch.Size([4])
2024-12-21 16:03:01,042 - [Process 4/5] - INFO - len(per_windows_prompt):1
2024-12-21 16:03:05,220 - [Process 4/5] - INFO - res.shape is :torch.Size([7])
2024-12-21 16:03:05,496 - [Process 4/5] - INFO - len(per_windows_prompt):1
2024-12-21 16:03:09,632 - [Process 4/5] - INFO - res.shape is :torch.Size([6])
2024-12-21 16:03:09,923 - [Process 4/5] - INFO - len(per_windows_prompt):1
2024-12-21 16:03:14,017 - [Process 4/5] - INFO - res.shape is :torch.Size([5])
2024-12-21 16:03:14,297 - [Process 4/5] - INFO - len(per_windows_prompt):1
2024-12-21 16:03:18,478 - [Process 4/5] - INFO - res.shape is :torch.Size([7])
2024-12-21 16:03:18,734 - [Process 4/5] - INFO - len(per_windows_prompt):1
2024-12-21 16:03:22,787 - [Process 4/5] - INFO - res.shape is :torch.Size([4])
2024-12-21 16:03:22,992 - [Process 4/5] - INFO - len(per_windows_prompt):1
2024-12-21 16:03:27,004 - [Process 4/5] - INFO - res.shape is :torch.Size([3])
2024-12-21 16:03:27,286 - [Process 4/5] - INFO - len(per_windows_prompt):1
2024-12-21 16:03:31,298 - [Process 4/5] - INFO - res.shape is :torch.Size([3])
2024-12-21 16:03:31,573 - [Process 4/5] - INFO - len(per_windows_prompt):1
2024-12-21 16:03:35,669 - [Process 4/5] - INFO - res.shape is :torch.Size([5])
2024-12-21 16:03:35,952 - [Process 4/5] - INFO - len(per_windows_prompt):1
2024-12-21 16:03:40,054 - [Process 4/5] - INFO - res.shape is :torch.Size([5])
2024-12-21 16:03:40,333 - [Process 4/5] - INFO - len(per_windows_prompt):1
2024-12-21 16:03:44,307 - [Process 4/5] - INFO - res.shape is :torch.Size([2])
2024-12-21 16:03:44,593 - [Process 4/5] - INFO - len(per_windows_prompt):1
2024-12-21 16:03:48,692 - [Process 4/5] - INFO - res.shape is :torch.Size([5])
2024-12-21 16:03:48,966 - [Process 4/5] - INFO - len(per_windows_prompt):1
2024-12-21 16:03:53,025 - [Process 4/5] - INFO - res.shape is :torch.Size([4])
2024-12-21 16:03:53,309 - [Process 4/5] - INFO - len(per_windows_prompt):1
2024-12-21 16:03:57,495 - [Process 4/5] - INFO - res.shape is :torch.Size([7])
2024-12-21 16:03:57,777 - [Process 4/5] - INFO - len(per_windows_prompt):1
2024-12-21 16:04:02,634 - [Process 4/5] - INFO - res.shape is :torch.Size([23])
