2024-12-21 13:21:33,230 - [Process 3/5] - INFO - loading datasets finished
2024-12-21 13:21:33,230 - [Process 3/5] - INFO - model_max_len: 3950
2024-12-21 13:21:33,230 - [Process 3/5] - INFO - output_max_len: 32
2024-12-21 13:21:33,302 - [Process 3/5] - INFO - Max Length is 16633
2024-12-21 13:21:33,302 - [Process 3/5] - INFO - Finish loading dataset
2024-12-21 13:21:33,303 - [Process 3/5] - INFO - get_predicted begin
2024-12-21 13:21:38,076 - [Process 3/5] - INFO - len(per_windows_prompt):1
2024-12-21 13:21:43,707 - [Process 3/5] - INFO - res.shape is :torch.Size([24])
2024-12-21 13:21:43,879 - [Process 3/5] - INFO - len(per_windows_prompt):1
2024-12-21 13:21:48,980 - [Process 3/5] - INFO - res.shape is :torch.Size([32])
2024-12-21 13:21:49,115 - [Process 3/5] - INFO - len(per_windows_prompt):1
2024-12-21 13:21:53,982 - [Process 3/5] - INFO - res.shape is :torch.Size([26])
2024-12-21 13:21:54,105 - [Process 3/5] - INFO - len(per_windows_prompt):1
2024-12-21 13:21:58,584 - [Process 3/5] - INFO - res.shape is :torch.Size([16])
2024-12-21 13:21:58,737 - [Process 3/5] - INFO - len(per_windows_prompt):1
2024-12-21 13:22:03,851 - [Process 3/5] - INFO - res.shape is :torch.Size([32])
2024-12-21 13:22:03,933 - [Process 3/5] - INFO - len(per_windows_prompt):1
2024-12-21 13:22:08,250 - [Process 3/5] - INFO - res.shape is :torch.Size([32])
2024-12-21 13:22:08,420 - [Process 3/5] - INFO - len(per_windows_prompt):1
2024-12-21 13:22:13,543 - [Process 3/5] - INFO - res.shape is :torch.Size([32])
2024-12-21 13:22:13,733 - [Process 3/5] - INFO - len(per_windows_prompt):1
2024-12-21 13:22:18,867 - [Process 3/5] - INFO - res.shape is :torch.Size([32])
2024-12-21 13:22:18,997 - [Process 3/5] - INFO - len(per_windows_prompt):1
2024-12-21 13:22:23,307 - [Process 3/5] - INFO - res.shape is :torch.Size([11])
2024-12-21 13:22:23,496 - [Process 3/5] - INFO - len(per_windows_prompt):1
2024-12-21 13:22:27,809 - [Process 3/5] - INFO - res.shape is :torch.Size([11])
2024-12-21 13:22:27,915 - [Process 3/5] - INFO - len(per_windows_prompt):1
2024-12-21 13:22:33,057 - [Process 3/5] - INFO - res.shape is :torch.Size([32])
2024-12-21 13:22:33,138 - [Process 3/5] - INFO - len(per_windows_prompt):1
2024-12-21 13:22:36,098 - [Process 3/5] - INFO - res.shape is :torch.Size([5])
2024-12-21 13:22:36,210 - [Process 3/5] - INFO - len(per_windows_prompt):1
2024-12-21 13:22:40,370 - [Process 3/5] - INFO - res.shape is :torch.Size([7])
2024-12-21 13:22:40,489 - [Process 3/5] - INFO - len(per_windows_prompt):1
2024-12-21 13:22:44,533 - [Process 3/5] - INFO - res.shape is :torch.Size([4])
2024-12-21 13:22:44,662 - [Process 3/5] - INFO - len(per_windows_prompt):1
2024-12-21 13:22:48,784 - [Process 3/5] - INFO - res.shape is :torch.Size([6])
2024-12-21 13:22:48,985 - [Process 3/5] - INFO - len(per_windows_prompt):1
2024-12-21 13:22:54,136 - [Process 3/5] - INFO - res.shape is :torch.Size([32])
2024-12-21 13:22:54,312 - [Process 3/5] - INFO - len(per_windows_prompt):1
2024-12-21 13:22:59,464 - [Process 3/5] - INFO - res.shape is :torch.Size([32])
2024-12-21 13:22:59,645 - [Process 3/5] - INFO - len(per_windows_prompt):1
2024-12-21 13:23:03,848 - [Process 3/5] - INFO - res.shape is :torch.Size([8])
2024-12-21 13:23:03,949 - [Process 3/5] - INFO - len(per_windows_prompt):1
2024-12-21 13:23:07,888 - [Process 3/5] - INFO - res.shape is :torch.Size([7])
2024-12-21 13:23:08,041 - [Process 3/5] - INFO - len(per_windows_prompt):1
2024-12-21 13:23:13,192 - [Process 3/5] - INFO - res.shape is :torch.Size([32])
2024-12-21 13:23:13,380 - [Process 3/5] - INFO - len(per_windows_prompt):1
2024-12-21 13:23:18,530 - [Process 3/5] - INFO - res.shape is :torch.Size([32])
2024-12-21 13:23:18,675 - [Process 3/5] - INFO - len(per_windows_prompt):1
2024-12-21 13:23:22,724 - [Process 3/5] - INFO - res.shape is :torch.Size([4])
2024-12-21 13:23:22,871 - [Process 3/5] - INFO - len(per_windows_prompt):1
2024-12-21 13:23:27,040 - [Process 3/5] - INFO - res.shape is :torch.Size([7])
2024-12-21 13:23:27,168 - [Process 3/5] - INFO - len(per_windows_prompt):1
2024-12-21 13:23:32,328 - [Process 3/5] - INFO - res.shape is :torch.Size([32])
2024-12-21 13:23:32,455 - [Process 3/5] - INFO - len(per_windows_prompt):1
2024-12-21 13:23:37,337 - [Process 3/5] - INFO - res.shape is :torch.Size([25])
2024-12-21 13:23:37,485 - [Process 3/5] - INFO - len(per_windows_prompt):1
2024-12-21 13:23:41,616 - [Process 3/5] - INFO - res.shape is :torch.Size([6])
2024-12-21 13:23:41,746 - [Process 3/5] - INFO - len(per_windows_prompt):1
2024-12-21 13:23:46,906 - [Process 3/5] - INFO - res.shape is :torch.Size([32])
2024-12-21 13:23:47,075 - [Process 3/5] - INFO - len(per_windows_prompt):1
2024-12-21 13:23:51,442 - [Process 3/5] - INFO - res.shape is :torch.Size([12])
2024-12-21 13:23:51,602 - [Process 3/5] - INFO - len(per_windows_prompt):1
2024-12-21 13:23:55,773 - [Process 3/5] - INFO - res.shape is :torch.Size([7])
2024-12-21 13:23:55,926 - [Process 3/5] - INFO - len(per_windows_prompt):1
2024-12-21 13:24:00,254 - [Process 3/5] - INFO - res.shape is :torch.Size([11])
2024-12-21 13:24:00,370 - [Process 3/5] - INFO - len(per_windows_prompt):1
2024-12-21 13:24:05,410 - [Process 3/5] - INFO - res.shape is :torch.Size([29])
2024-12-21 13:24:05,616 - [Process 3/5] - INFO - len(per_windows_prompt):1
2024-12-21 13:24:09,950 - [Process 3/5] - INFO - res.shape is :torch.Size([11])
2024-12-21 13:24:10,072 - [Process 3/5] - INFO - len(per_windows_prompt):1
2024-12-21 13:24:15,232 - [Process 3/5] - INFO - res.shape is :torch.Size([32])
2024-12-21 13:24:15,419 - [Process 3/5] - INFO - len(per_windows_prompt):1
2024-12-21 13:24:19,552 - [Process 3/5] - INFO - res.shape is :torch.Size([6])
2024-12-21 13:24:19,685 - [Process 3/5] - INFO - len(per_windows_prompt):1
2024-12-21 13:24:24,845 - [Process 3/5] - INFO - res.shape is :torch.Size([32])
2024-12-21 13:24:25,029 - [Process 3/5] - INFO - len(per_windows_prompt):1
2024-12-21 13:24:29,443 - [Process 3/5] - INFO - res.shape is :torch.Size([13])
2024-12-21 13:24:29,527 - [Process 3/5] - INFO - len(per_windows_prompt):1
2024-12-21 13:24:32,653 - [Process 3/5] - INFO - res.shape is :torch.Size([4])
2024-12-21 13:24:32,801 - [Process 3/5] - INFO - len(per_windows_prompt):1
2024-12-21 13:24:37,013 - [Process 3/5] - INFO - res.shape is :torch.Size([8])
2024-12-21 13:24:37,158 - [Process 3/5] - INFO - len(per_windows_prompt):1
2024-12-21 13:24:42,320 - [Process 3/5] - INFO - res.shape is :torch.Size([32])
2024-12-21 13:24:42,504 - [Process 3/5] - INFO - len(per_windows_prompt):1
2024-12-21 13:24:46,601 - [Process 3/5] - INFO - res.shape is :torch.Size([5])
