2024-12-21 12:54:30,134 - [Process 3/5] - INFO - loading datasets finished
2024-12-21 12:54:30,134 - [Process 3/5] - INFO - model_max_len: 3950
2024-12-21 12:54:30,134 - [Process 3/5] - INFO - output_max_len: 64
2024-12-21 12:54:30,160 - [Process 3/5] - INFO - Max Length is 10337
2024-12-21 12:54:30,161 - [Process 3/5] - INFO - Finish loading dataset
2024-12-21 12:54:30,161 - [Process 3/5] - INFO - get_predicted begin
2024-12-21 12:54:34,980 - [Process 3/5] - INFO - len(per_windows_prompt):1
2024-12-21 12:54:41,447 - [Process 3/5] - INFO - res.shape is :torch.Size([44])
2024-12-21 12:54:41,701 - [Process 3/5] - INFO - len(per_windows_prompt):1
2024-12-21 12:54:45,805 - [Process 3/5] - INFO - res.shape is :torch.Size([6])
2024-12-21 12:54:46,037 - [Process 3/5] - INFO - len(per_windows_prompt):1
2024-12-21 12:54:51,502 - [Process 3/5] - INFO - res.shape is :torch.Size([38])
2024-12-21 12:54:51,664 - [Process 3/5] - INFO - len(per_windows_prompt):1
2024-12-21 12:54:56,045 - [Process 3/5] - INFO - res.shape is :torch.Size([18])
2024-12-21 12:54:56,339 - [Process 3/5] - INFO - len(per_windows_prompt):1
2024-12-21 12:55:02,960 - [Process 3/5] - INFO - res.shape is :torch.Size([64])
2024-12-21 12:55:03,156 - [Process 3/5] - INFO - len(per_windows_prompt):1
2024-12-21 12:55:08,666 - [Process 3/5] - INFO - res.shape is :torch.Size([39])
2024-12-21 12:55:08,849 - [Process 3/5] - INFO - len(per_windows_prompt):1
2024-12-21 12:55:12,983 - [Process 3/5] - INFO - res.shape is :torch.Size([6])
2024-12-21 12:55:13,209 - [Process 3/5] - INFO - len(per_windows_prompt):1
2024-12-21 12:55:17,726 - [Process 3/5] - INFO - res.shape is :torch.Size([15])
2024-12-21 12:55:17,907 - [Process 3/5] - INFO - len(per_windows_prompt):1
2024-12-21 12:55:21,924 - [Process 3/5] - INFO - res.shape is :torch.Size([3])
2024-12-21 12:55:22,199 - [Process 3/5] - INFO - len(per_windows_prompt):1
2024-12-21 12:55:26,388 - [Process 3/5] - INFO - res.shape is :torch.Size([7])
2024-12-21 12:55:26,597 - [Process 3/5] - INFO - len(per_windows_prompt):1
2024-12-21 12:55:32,134 - [Process 3/5] - INFO - res.shape is :torch.Size([39])
2024-12-21 12:55:32,311 - [Process 3/5] - INFO - len(per_windows_prompt):1
2024-12-21 12:55:36,972 - [Process 3/5] - INFO - res.shape is :torch.Size([18])
2024-12-21 12:55:37,197 - [Process 3/5] - INFO - len(per_windows_prompt):1
2024-12-21 12:55:41,724 - [Process 3/5] - INFO - res.shape is :torch.Size([15])
2024-12-21 12:55:41,918 - [Process 3/5] - INFO - len(per_windows_prompt):1
2024-12-21 12:55:46,321 - [Process 3/5] - INFO - res.shape is :torch.Size([12])
2024-12-21 12:55:46,549 - [Process 3/5] - INFO - len(per_windows_prompt):1
2024-12-21 12:55:52,512 - [Process 3/5] - INFO - res.shape is :torch.Size([49])
2024-12-21 12:55:52,741 - [Process 3/5] - INFO - len(per_windows_prompt):1
2024-12-21 12:55:57,150 - [Process 3/5] - INFO - res.shape is :torch.Size([12])
2024-12-21 12:55:57,374 - [Process 3/5] - INFO - len(per_windows_prompt):1
2024-12-21 12:56:01,401 - [Process 3/5] - INFO - res.shape is :torch.Size([3])
2024-12-21 12:56:01,586 - [Process 3/5] - INFO - len(per_windows_prompt):1
2024-12-21 12:56:08,224 - [Process 3/5] - INFO - res.shape is :torch.Size([64])
2024-12-21 12:56:08,465 - [Process 3/5] - INFO - len(per_windows_prompt):1
2024-12-21 12:56:12,552 - [Process 3/5] - INFO - res.shape is :torch.Size([4])
2024-12-21 12:56:12,791 - [Process 3/5] - INFO - len(per_windows_prompt):1
2024-12-21 12:56:19,507 - [Process 3/5] - INFO - res.shape is :torch.Size([64])
2024-12-21 12:56:19,752 - [Process 3/5] - INFO - len(per_windows_prompt):1
2024-12-21 12:56:23,995 - [Process 3/5] - INFO - res.shape is :torch.Size([8])
2024-12-21 12:56:24,144 - [Process 3/5] - INFO - len(per_windows_prompt):1
2024-12-21 12:56:27,561 - [Process 3/5] - INFO - res.shape is :torch.Size([5])
2024-12-21 12:56:27,771 - [Process 3/5] - INFO - len(per_windows_prompt):1
2024-12-21 12:56:31,811 - [Process 3/5] - INFO - res.shape is :torch.Size([3])
2024-12-21 12:56:32,013 - [Process 3/5] - INFO - len(per_windows_prompt):1
2024-12-21 12:56:36,263 - [Process 3/5] - INFO - res.shape is :torch.Size([8])
2024-12-21 12:56:36,492 - [Process 3/5] - INFO - len(per_windows_prompt):1
2024-12-21 12:56:40,906 - [Process 3/5] - INFO - res.shape is :torch.Size([12])
2024-12-21 12:56:41,130 - [Process 3/5] - INFO - len(per_windows_prompt):1
2024-12-21 12:56:47,737 - [Process 3/5] - INFO - res.shape is :torch.Size([64])
2024-12-21 12:56:47,997 - [Process 3/5] - INFO - len(per_windows_prompt):1
2024-12-21 12:56:52,111 - [Process 3/5] - INFO - res.shape is :torch.Size([5])
2024-12-21 12:56:52,341 - [Process 3/5] - INFO - len(per_windows_prompt):1
2024-12-21 12:56:57,296 - [Process 3/5] - INFO - res.shape is :torch.Size([25])
2024-12-21 12:56:57,522 - [Process 3/5] - INFO - len(per_windows_prompt):1
2024-12-21 12:57:01,597 - [Process 3/5] - INFO - res.shape is :torch.Size([4])
2024-12-21 12:57:01,772 - [Process 3/5] - INFO - len(per_windows_prompt):1
2024-12-21 12:57:07,430 - [Process 3/5] - INFO - res.shape is :torch.Size([42])
