2024-12-21 16:18:03,383 - [Process 1/5] - INFO - loading datasets finished
2024-12-21 16:18:03,383 - [Process 1/5] - INFO - model_max_len: 3950
2024-12-21 16:18:03,383 - [Process 1/5] - INFO - output_max_len: 32
2024-12-21 16:18:03,469 - [Process 1/5] - INFO - Max Length is 22099
2024-12-21 16:18:03,469 - [Process 1/5] - INFO - Finish loading dataset
2024-12-21 16:18:03,470 - [Process 1/5] - INFO - get_predicted begin
2024-12-21 16:18:08,244 - [Process 1/5] - INFO - len(per_windows_prompt):1
2024-12-21 16:18:13,504 - [Process 1/5] - INFO - res.shape is :torch.Size([15])
2024-12-21 16:18:13,815 - [Process 1/5] - INFO - len(per_windows_prompt):1
2024-12-21 16:18:17,728 - [Process 1/5] - INFO - res.shape is :torch.Size([2])
2024-12-21 16:18:18,007 - [Process 1/5] - INFO - len(per_windows_prompt):1
2024-12-21 16:18:22,494 - [Process 1/5] - INFO - res.shape is :torch.Size([15])
2024-12-21 16:18:22,763 - [Process 1/5] - INFO - len(per_windows_prompt):1
2024-12-21 16:18:27,231 - [Process 1/5] - INFO - res.shape is :torch.Size([15])
2024-12-21 16:18:27,534 - [Process 1/5] - INFO - len(per_windows_prompt):1
2024-12-21 16:18:31,587 - [Process 1/5] - INFO - res.shape is :torch.Size([5])
2024-12-21 16:18:31,857 - [Process 1/5] - INFO - len(per_windows_prompt):1
2024-12-21 16:18:35,789 - [Process 1/5] - INFO - res.shape is :torch.Size([2])
2024-12-21 16:18:36,017 - [Process 1/5] - INFO - len(per_windows_prompt):1
2024-12-21 16:18:39,954 - [Process 1/5] - INFO - res.shape is :torch.Size([2])
2024-12-21 16:18:40,225 - [Process 1/5] - INFO - len(per_windows_prompt):1
2024-12-21 16:18:44,738 - [Process 1/5] - INFO - res.shape is :torch.Size([15])
2024-12-21 16:18:44,956 - [Process 1/5] - INFO - len(per_windows_prompt):1
2024-12-21 16:18:49,448 - [Process 1/5] - INFO - res.shape is :torch.Size([15])
2024-12-21 16:18:49,694 - [Process 1/5] - INFO - len(per_windows_prompt):1
2024-12-21 16:18:54,902 - [Process 1/5] - INFO - res.shape is :torch.Size([32])
2024-12-21 16:18:55,142 - [Process 1/5] - INFO - len(per_windows_prompt):1
2024-12-21 16:18:59,635 - [Process 1/5] - INFO - res.shape is :torch.Size([15])
2024-12-21 16:18:59,837 - [Process 1/5] - INFO - len(per_windows_prompt):1
2024-12-21 16:19:04,329 - [Process 1/5] - INFO - res.shape is :torch.Size([15])
2024-12-21 16:19:04,595 - [Process 1/5] - INFO - len(per_windows_prompt):1
2024-12-21 16:19:09,089 - [Process 1/5] - INFO - res.shape is :torch.Size([15])
2024-12-21 16:19:09,362 - [Process 1/5] - INFO - len(per_windows_prompt):1
2024-12-21 16:19:13,312 - [Process 1/5] - INFO - res.shape is :torch.Size([2])
2024-12-21 16:19:13,563 - [Process 1/5] - INFO - len(per_windows_prompt):1
2024-12-21 16:19:17,514 - [Process 1/5] - INFO - res.shape is :torch.Size([2])
2024-12-21 16:19:17,741 - [Process 1/5] - INFO - len(per_windows_prompt):1
2024-12-21 16:19:22,959 - [Process 1/5] - INFO - res.shape is :torch.Size([32])
2024-12-21 16:19:23,176 - [Process 1/5] - INFO - len(per_windows_prompt):1
2024-12-21 16:19:27,262 - [Process 1/5] - INFO - res.shape is :torch.Size([5])
2024-12-21 16:19:27,558 - [Process 1/5] - INFO - len(per_windows_prompt):1
2024-12-21 16:19:31,526 - [Process 1/5] - INFO - res.shape is :torch.Size([2])
2024-12-21 16:19:31,856 - [Process 1/5] - INFO - len(per_windows_prompt):1
2024-12-21 16:19:36,364 - [Process 1/5] - INFO - res.shape is :torch.Size([15])
2024-12-21 16:19:36,676 - [Process 1/5] - INFO - len(per_windows_prompt):1
2024-12-21 16:19:40,647 - [Process 1/5] - INFO - res.shape is :torch.Size([2])
2024-12-21 16:19:40,929 - [Process 1/5] - INFO - len(per_windows_prompt):1
2024-12-21 16:19:44,906 - [Process 1/5] - INFO - res.shape is :torch.Size([2])
2024-12-21 16:19:45,178 - [Process 1/5] - INFO - len(per_windows_prompt):1
2024-12-21 16:19:49,154 - [Process 1/5] - INFO - res.shape is :torch.Size([2])
2024-12-21 16:19:49,440 - [Process 1/5] - INFO - len(per_windows_prompt):1
2024-12-21 16:19:53,418 - [Process 1/5] - INFO - res.shape is :torch.Size([2])
2024-12-21 16:19:53,706 - [Process 1/5] - INFO - len(per_windows_prompt):1
2024-12-21 16:19:58,231 - [Process 1/5] - INFO - res.shape is :torch.Size([15])
2024-12-21 16:19:58,452 - [Process 1/5] - INFO - len(per_windows_prompt):1
2024-12-21 16:20:03,061 - [Process 1/5] - INFO - res.shape is :torch.Size([17])
2024-12-21 16:20:03,376 - [Process 1/5] - INFO - len(per_windows_prompt):1
2024-12-21 16:20:07,353 - [Process 1/5] - INFO - res.shape is :torch.Size([2])
2024-12-21 16:20:07,606 - [Process 1/5] - INFO - len(per_windows_prompt):1
2024-12-21 16:20:11,583 - [Process 1/5] - INFO - res.shape is :torch.Size([2])
2024-12-21 16:20:11,799 - [Process 1/5] - INFO - len(per_windows_prompt):1
2024-12-21 16:20:16,325 - [Process 1/5] - INFO - res.shape is :torch.Size([15])
2024-12-21 16:20:16,559 - [Process 1/5] - INFO - len(per_windows_prompt):1
2024-12-21 16:20:20,537 - [Process 1/5] - INFO - res.shape is :torch.Size([2])
2024-12-21 16:20:20,789 - [Process 1/5] - INFO - len(per_windows_prompt):1
2024-12-21 16:20:25,316 - [Process 1/5] - INFO - res.shape is :torch.Size([15])
2024-12-21 16:20:25,568 - [Process 1/5] - INFO - len(per_windows_prompt):1
2024-12-21 16:20:29,549 - [Process 1/5] - INFO - res.shape is :torch.Size([2])
2024-12-21 16:20:29,804 - [Process 1/5] - INFO - len(per_windows_prompt):1
2024-12-21 16:20:34,333 - [Process 1/5] - INFO - res.shape is :torch.Size([15])
2024-12-21 16:20:34,591 - [Process 1/5] - INFO - len(per_windows_prompt):1
2024-12-21 16:20:38,572 - [Process 1/5] - INFO - res.shape is :torch.Size([2])
2024-12-21 16:20:38,803 - [Process 1/5] - INFO - len(per_windows_prompt):1
2024-12-21 16:20:43,334 - [Process 1/5] - INFO - res.shape is :torch.Size([15])
2024-12-21 16:20:43,558 - [Process 1/5] - INFO - len(per_windows_prompt):1
2024-12-21 16:20:48,085 - [Process 1/5] - INFO - res.shape is :torch.Size([15])
2024-12-21 16:20:48,388 - [Process 1/5] - INFO - len(per_windows_prompt):1
2024-12-21 16:20:52,494 - [Process 1/5] - INFO - res.shape is :torch.Size([5])
2024-12-21 16:20:52,836 - [Process 1/5] - INFO - len(per_windows_prompt):1
2024-12-21 16:20:56,819 - [Process 1/5] - INFO - res.shape is :torch.Size([2])
2024-12-21 16:20:57,023 - [Process 1/5] - INFO - len(per_windows_prompt):1
2024-12-21 16:21:01,553 - [Process 1/5] - INFO - res.shape is :torch.Size([15])
2024-12-21 16:21:01,756 - [Process 1/5] - INFO - len(per_windows_prompt):1
2024-12-21 16:21:06,286 - [Process 1/5] - INFO - res.shape is :torch.Size([15])
2024-12-21 16:21:06,560 - [Process 1/5] - INFO - len(per_windows_prompt):1
2024-12-21 16:21:11,088 - [Process 1/5] - INFO - res.shape is :torch.Size([15])
