2024-12-21 16:28:31,440 - [Process 1/5] - INFO - loading datasets finished
2024-12-21 16:28:31,440 - [Process 1/5] - INFO - model_max_len: 3950
2024-12-21 16:28:31,440 - [Process 1/5] - INFO - output_max_len: 512
2024-12-21 16:28:31,490 - [Process 1/5] - INFO - Max Length is 24585
2024-12-21 16:28:31,491 - [Process 1/5] - INFO - Finish loading dataset
2024-12-21 16:28:31,491 - [Process 1/5] - INFO - get_predicted begin
2024-12-21 16:28:36,290 - [Process 1/5] - INFO - len(per_windows_prompt):1
2024-12-21 16:28:44,255 - [Process 1/5] - INFO - res.shape is :torch.Size([74])
2024-12-21 16:28:44,534 - [Process 1/5] - INFO - len(per_windows_prompt):1
2024-12-21 16:28:51,595 - [Process 1/5] - INFO - res.shape is :torch.Size([72])
2024-12-21 16:28:51,736 - [Process 1/5] - INFO - len(per_windows_prompt):1
2024-12-21 16:28:56,798 - [Process 1/5] - INFO - res.shape is :torch.Size([48])
2024-12-21 16:28:57,082 - [Process 1/5] - INFO - len(per_windows_prompt):1
2024-12-21 16:29:04,385 - [Process 1/5] - INFO - res.shape is :torch.Size([79])
2024-12-21 16:29:04,587 - [Process 1/5] - INFO - len(per_windows_prompt):1
2024-12-21 16:29:13,146 - [Process 1/5] - INFO - res.shape is :torch.Size([106])
2024-12-21 16:29:13,468 - [Process 1/5] - INFO - len(per_windows_prompt):1
2024-12-21 16:29:20,897 - [Process 1/5] - INFO - res.shape is :torch.Size([81])
2024-12-21 16:29:21,140 - [Process 1/5] - INFO - len(per_windows_prompt):1
2024-12-21 16:29:29,283 - [Process 1/5] - INFO - res.shape is :torch.Size([94])
2024-12-21 16:29:29,517 - [Process 1/5] - INFO - len(per_windows_prompt):1
2024-12-21 16:29:35,518 - [Process 1/5] - INFO - res.shape is :torch.Size([47])
2024-12-21 16:29:35,759 - [Process 1/5] - INFO - len(per_windows_prompt):1
2024-12-21 16:29:42,394 - [Process 1/5] - INFO - res.shape is :torch.Size([61])
2024-12-21 16:29:42,621 - [Process 1/5] - INFO - len(per_windows_prompt):1
2024-12-21 16:29:48,619 - [Process 1/5] - INFO - res.shape is :torch.Size([48])
2024-12-21 16:29:48,895 - [Process 1/5] - INFO - len(per_windows_prompt):1
2024-12-21 16:29:59,813 - [Process 1/5] - INFO - res.shape is :torch.Size([160])
2024-12-21 16:30:00,095 - [Process 1/5] - INFO - len(per_windows_prompt):1
2024-12-21 16:30:07,093 - [Process 1/5] - INFO - res.shape is :torch.Size([74])
2024-12-21 16:30:07,327 - [Process 1/5] - INFO - len(per_windows_prompt):1
2024-12-21 16:30:15,217 - [Process 1/5] - INFO - res.shape is :torch.Size([93])
2024-12-21 16:30:15,452 - [Process 1/5] - INFO - len(per_windows_prompt):1
2024-12-21 16:30:21,589 - [Process 1/5] - INFO - res.shape is :torch.Size([54])
2024-12-21 16:30:21,848 - [Process 1/5] - INFO - len(per_windows_prompt):1
2024-12-21 16:30:27,145 - [Process 1/5] - INFO - res.shape is :torch.Size([34])
2024-12-21 16:30:27,400 - [Process 1/5] - INFO - len(per_windows_prompt):1
2024-12-21 16:30:33,693 - [Process 1/5] - INFO - res.shape is :torch.Size([53])
2024-12-21 16:30:33,899 - [Process 1/5] - INFO - len(per_windows_prompt):1
2024-12-21 16:30:41,074 - [Process 1/5] - INFO - res.shape is :torch.Size([78])
2024-12-21 16:30:41,335 - [Process 1/5] - INFO - len(per_windows_prompt):1
2024-12-21 16:30:48,962 - [Process 1/5] - INFO - res.shape is :torch.Size([87])
2024-12-21 16:30:49,202 - [Process 1/5] - INFO - len(per_windows_prompt):1
2024-12-21 16:30:55,594 - [Process 1/5] - INFO - res.shape is :torch.Size([57])
2024-12-21 16:30:55,813 - [Process 1/5] - INFO - len(per_windows_prompt):1
2024-12-21 16:31:01,495 - [Process 1/5] - INFO - res.shape is :torch.Size([43])
2024-12-21 16:31:01,718 - [Process 1/5] - INFO - len(per_windows_prompt):1
2024-12-21 16:31:06,894 - [Process 1/5] - INFO - res.shape is :torch.Size([31])
2024-12-21 16:31:07,124 - [Process 1/5] - INFO - len(per_windows_prompt):1
2024-12-21 16:31:15,072 - [Process 1/5] - INFO - res.shape is :torch.Size([96])
2024-12-21 16:31:15,391 - [Process 1/5] - INFO - len(per_windows_prompt):1
2024-12-21 16:31:25,080 - [Process 1/5] - INFO - res.shape is :torch.Size([131])
2024-12-21 16:31:25,363 - [Process 1/5] - INFO - len(per_windows_prompt):1
2024-12-21 16:31:33,233 - [Process 1/5] - INFO - res.shape is :torch.Size([90])
2024-12-21 16:31:33,649 - [Process 1/5] - INFO - len(per_windows_prompt):1
2024-12-21 16:31:38,713 - [Process 1/5] - INFO - res.shape is :torch.Size([26])
2024-12-21 16:31:38,939 - [Process 1/5] - INFO - len(per_windows_prompt):1
2024-12-21 16:31:44,637 - [Process 1/5] - INFO - res.shape is :torch.Size([40])
2024-12-21 16:31:44,878 - [Process 1/5] - INFO - len(per_windows_prompt):1
2024-12-21 16:31:50,103 - [Process 1/5] - INFO - res.shape is :torch.Size([32])
2024-12-21 16:31:50,313 - [Process 1/5] - INFO - len(per_windows_prompt):1
2024-12-21 16:31:58,023 - [Process 1/5] - INFO - res.shape is :torch.Size([90])
2024-12-21 16:31:58,267 - [Process 1/5] - INFO - len(per_windows_prompt):1
2024-12-21 16:32:04,204 - [Process 1/5] - INFO - res.shape is :torch.Size([49])
2024-12-21 16:32:04,496 - [Process 1/5] - INFO - len(per_windows_prompt):1
2024-12-21 16:32:11,412 - [Process 1/5] - INFO - res.shape is :torch.Size([72])
2024-12-21 16:32:11,831 - [Process 1/5] - INFO - len(per_windows_prompt):1
2024-12-21 16:32:17,093 - [Process 1/5] - INFO - res.shape is :torch.Size([33])
2024-12-21 16:32:17,370 - [Process 1/5] - INFO - len(per_windows_prompt):1
2024-12-21 16:32:22,069 - [Process 1/5] - INFO - res.shape is :torch.Size([18])
2024-12-21 16:32:22,328 - [Process 1/5] - INFO - len(per_windows_prompt):1
2024-12-21 16:32:27,653 - [Process 1/5] - INFO - res.shape is :torch.Size([33])
2024-12-21 16:32:27,930 - [Process 1/5] - INFO - len(per_windows_prompt):1
2024-12-21 16:32:32,692 - [Process 1/5] - INFO - res.shape is :torch.Size([21])
2024-12-21 16:32:32,900 - [Process 1/5] - INFO - len(per_windows_prompt):1
2024-12-21 16:32:38,923 - [Process 1/5] - INFO - res.shape is :torch.Size([51])
2024-12-21 16:32:39,131 - [Process 1/5] - INFO - len(per_windows_prompt):1
2024-12-21 16:32:44,317 - [Process 1/5] - INFO - res.shape is :torch.Size([31])
2024-12-21 16:32:44,554 - [Process 1/5] - INFO - len(per_windows_prompt):1
2024-12-21 16:32:50,392 - [Process 1/5] - INFO - res.shape is :torch.Size([45])
2024-12-21 16:32:50,717 - [Process 1/5] - INFO - len(per_windows_prompt):1
2024-12-21 16:32:58,220 - [Process 1/5] - INFO - res.shape is :torch.Size([82])
2024-12-21 16:32:58,476 - [Process 1/5] - INFO - len(per_windows_prompt):1
2024-12-21 16:33:05,023 - [Process 1/5] - INFO - res.shape is :torch.Size([60])
2024-12-21 16:33:05,303 - [Process 1/5] - INFO - len(per_windows_prompt):1
2024-12-21 16:33:12,446 - [Process 1/5] - INFO - res.shape is :torch.Size([71])
