2024-12-21 17:07:42,604 - [Process 3/5] - INFO - loading datasets finished
2024-12-21 17:07:42,604 - [Process 3/5] - INFO - model_max_len: 3950
2024-12-21 17:07:42,604 - [Process 3/5] - INFO - output_max_len: 512
2024-12-21 17:07:42,669 - [Process 3/5] - INFO - Max Length is 40508
2024-12-21 17:07:42,670 - [Process 3/5] - INFO - Finish loading dataset
2024-12-21 17:07:42,670 - [Process 3/5] - INFO - get_predicted begin
2024-12-21 17:07:47,453 - [Process 3/5] - INFO - len(per_windows_prompt):1
2024-12-21 17:08:04,852 - [Process 3/5] - INFO - res.shape is :torch.Size([272])
2024-12-21 17:08:05,176 - [Process 3/5] - INFO - len(per_windows_prompt):1
2024-12-21 17:08:33,445 - [Process 3/5] - INFO - res.shape is :torch.Size([512])
2024-12-21 17:08:33,689 - [Process 3/5] - INFO - len(per_windows_prompt):1
2024-12-21 17:08:47,884 - [Process 3/5] - INFO - res.shape is :torch.Size([225])
2024-12-21 17:08:48,206 - [Process 3/5] - INFO - len(per_windows_prompt):1
2024-12-21 17:09:04,736 - [Process 3/5] - INFO - res.shape is :torch.Size([278])
2024-12-21 17:09:05,149 - [Process 3/5] - INFO - len(per_windows_prompt):1
2024-12-21 17:09:17,447 - [Process 3/5] - INFO - res.shape is :torch.Size([189])
2024-12-21 17:09:17,684 - [Process 3/5] - INFO - len(per_windows_prompt):1
2024-12-21 17:09:45,086 - [Process 3/5] - INFO - res.shape is :torch.Size([512])
2024-12-21 17:09:45,358 - [Process 3/5] - INFO - len(per_windows_prompt):1
2024-12-21 17:10:02,579 - [Process 3/5] - INFO - res.shape is :torch.Size([297])
2024-12-21 17:10:02,928 - [Process 3/5] - INFO - len(per_windows_prompt):1
2024-12-21 17:10:14,003 - [Process 3/5] - INFO - res.shape is :torch.Size([157])
2024-12-21 17:10:14,301 - [Process 3/5] - INFO - len(per_windows_prompt):1
2024-12-21 17:10:26,613 - [Process 3/5] - INFO - res.shape is :torch.Size([190])
2024-12-21 17:10:26,836 - [Process 3/5] - INFO - len(per_windows_prompt):1
2024-12-21 17:10:40,060 - [Process 3/5] - INFO - res.shape is :torch.Size([211])
2024-12-21 17:10:40,275 - [Process 3/5] - INFO - len(per_windows_prompt):1
2024-12-21 17:10:52,473 - [Process 3/5] - INFO - res.shape is :torch.Size([181])
2024-12-21 17:10:52,693 - [Process 3/5] - INFO - len(per_windows_prompt):1
2024-12-21 17:11:04,708 - [Process 3/5] - INFO - res.shape is :torch.Size([180])
2024-12-21 17:11:04,923 - [Process 3/5] - INFO - len(per_windows_prompt):1
2024-12-21 17:11:15,996 - [Process 3/5] - INFO - res.shape is :torch.Size([161])
2024-12-21 17:11:16,244 - [Process 3/5] - INFO - len(per_windows_prompt):1
2024-12-21 17:11:27,285 - [Process 3/5] - INFO - res.shape is :torch.Size([159])
2024-12-21 17:11:27,576 - [Process 3/5] - INFO - len(per_windows_prompt):1
2024-12-21 17:11:54,464 - [Process 3/5] - INFO - res.shape is :torch.Size([512])
2024-12-21 17:11:54,719 - [Process 3/5] - INFO - len(per_windows_prompt):1
2024-12-21 17:12:08,529 - [Process 3/5] - INFO - res.shape is :torch.Size([224])
2024-12-21 17:12:08,681 - [Process 3/5] - INFO - len(per_windows_prompt):1
2024-12-21 17:12:22,409 - [Process 3/5] - INFO - res.shape is :torch.Size([242])
2024-12-21 17:12:22,679 - [Process 3/5] - INFO - len(per_windows_prompt):1
2024-12-21 17:12:34,610 - [Process 3/5] - INFO - res.shape is :torch.Size([183])
2024-12-21 17:12:34,829 - [Process 3/5] - INFO - len(per_windows_prompt):1
2024-12-21 17:12:47,939 - [Process 3/5] - INFO - res.shape is :torch.Size([207])
2024-12-21 17:12:48,209 - [Process 3/5] - INFO - len(per_windows_prompt):1
2024-12-21 17:13:02,038 - [Process 3/5] - INFO - res.shape is :torch.Size([220])
2024-12-21 17:13:02,259 - [Process 3/5] - INFO - len(per_windows_prompt):1
2024-12-21 17:13:14,801 - [Process 3/5] - INFO - res.shape is :torch.Size([191])
2024-12-21 17:13:14,995 - [Process 3/5] - INFO - len(per_windows_prompt):1
2024-12-21 17:13:26,813 - [Process 3/5] - INFO - res.shape is :torch.Size([173])
2024-12-21 17:13:27,110 - [Process 3/5] - INFO - len(per_windows_prompt):1
2024-12-21 17:13:40,789 - [Process 3/5] - INFO - res.shape is :torch.Size([216])
2024-12-21 17:13:40,951 - [Process 3/5] - INFO - len(per_windows_prompt):1
2024-12-21 17:13:55,494 - [Process 3/5] - INFO - res.shape is :torch.Size([247])
2024-12-21 17:13:55,738 - [Process 3/5] - INFO - len(per_windows_prompt):1
2024-12-21 17:14:06,910 - [Process 3/5] - INFO - res.shape is :torch.Size([161])
2024-12-21 17:14:07,095 - [Process 3/5] - INFO - len(per_windows_prompt):1
2024-12-21 17:14:19,605 - [Process 3/5] - INFO - res.shape is :torch.Size([197])
2024-12-21 17:14:19,883 - [Process 3/5] - INFO - len(per_windows_prompt):1
2024-12-21 17:14:35,372 - [Process 3/5] - INFO - res.shape is :torch.Size([260])
2024-12-21 17:14:35,613 - [Process 3/5] - INFO - len(per_windows_prompt):1
2024-12-21 17:15:02,631 - [Process 3/5] - INFO - res.shape is :torch.Size([512])
2024-12-21 17:15:02,910 - [Process 3/5] - INFO - len(per_windows_prompt):1
2024-12-21 17:15:15,424 - [Process 3/5] - INFO - res.shape is :torch.Size([188])
2024-12-21 17:15:15,629 - [Process 3/5] - INFO - len(per_windows_prompt):1
2024-12-21 17:15:29,289 - [Process 3/5] - INFO - res.shape is :torch.Size([216])
2024-12-21 17:15:29,498 - [Process 3/5] - INFO - len(per_windows_prompt):1
2024-12-21 17:15:43,125 - [Process 3/5] - INFO - res.shape is :torch.Size([212])
2024-12-21 17:15:43,477 - [Process 3/5] - INFO - len(per_windows_prompt):1
2024-12-21 17:15:57,324 - [Process 3/5] - INFO - res.shape is :torch.Size([220])
2024-12-21 17:15:57,548 - [Process 3/5] - INFO - len(per_windows_prompt):1
2024-12-21 17:16:16,810 - [Process 3/5] - INFO - res.shape is :torch.Size([341])
2024-12-21 17:16:17,082 - [Process 3/5] - INFO - len(per_windows_prompt):1
2024-12-21 17:16:27,336 - [Process 3/5] - INFO - res.shape is :torch.Size([139])
2024-12-21 17:16:27,612 - [Process 3/5] - INFO - len(per_windows_prompt):1
2024-12-21 17:16:41,780 - [Process 3/5] - INFO - res.shape is :torch.Size([231])
2024-12-21 17:16:42,014 - [Process 3/5] - INFO - len(per_windows_prompt):1
2024-12-21 17:16:58,066 - [Process 3/5] - INFO - res.shape is :torch.Size([272])
2024-12-21 17:16:58,387 - [Process 3/5] - INFO - len(per_windows_prompt):1
2024-12-21 17:17:14,205 - [Process 3/5] - INFO - res.shape is :torch.Size([267])
2024-12-21 17:17:14,472 - [Process 3/5] - INFO - len(per_windows_prompt):1
2024-12-21 17:17:42,053 - [Process 3/5] - INFO - res.shape is :torch.Size([512])
2024-12-21 17:17:42,293 - [Process 3/5] - INFO - len(per_windows_prompt):1
2024-12-21 17:17:56,532 - [Process 3/5] - INFO - res.shape is :torch.Size([227])
2024-12-21 17:17:56,785 - [Process 3/5] - INFO - len(per_windows_prompt):1
2024-12-21 17:18:10,240 - [Process 3/5] - INFO - res.shape is :torch.Size([210])
