2024-12-21 12:59:03,869 - [Process 0/5] - INFO - loading datasets finished
2024-12-21 12:59:03,869 - [Process 0/5] - INFO - model_max_len: 3950
2024-12-21 12:59:03,869 - [Process 0/5] - INFO - output_max_len: 32
2024-12-21 12:59:03,946 - [Process 0/5] - INFO - Max Length is 12697
2024-12-21 12:59:03,947 - [Process 0/5] - INFO - Finish loading dataset
2024-12-21 12:59:03,947 - [Process 0/5] - INFO - get_predicted begin
2024-12-21 12:59:08,719 - [Process 0/5] - INFO - len(per_windows_prompt):1
2024-12-21 12:59:13,703 - [Process 0/5] - INFO - res.shape is :torch.Size([9])
2024-12-21 12:59:13,990 - [Process 0/5] - INFO - len(per_windows_prompt):1
2024-12-21 12:59:19,109 - [Process 0/5] - INFO - res.shape is :torch.Size([31])
2024-12-21 12:59:19,396 - [Process 0/5] - INFO - len(per_windows_prompt):1
2024-12-21 12:59:23,405 - [Process 0/5] - INFO - res.shape is :torch.Size([5])
2024-12-21 12:59:23,697 - [Process 0/5] - INFO - len(per_windows_prompt):1
2024-12-21 12:59:27,668 - [Process 0/5] - INFO - res.shape is :torch.Size([4])
2024-12-21 12:59:27,930 - [Process 0/5] - INFO - len(per_windows_prompt):1
2024-12-21 12:59:31,918 - [Process 0/5] - INFO - res.shape is :torch.Size([4])
2024-12-21 12:59:32,204 - [Process 0/5] - INFO - len(per_windows_prompt):1
2024-12-21 12:59:36,185 - [Process 0/5] - INFO - res.shape is :torch.Size([4])
2024-12-21 12:59:36,463 - [Process 0/5] - INFO - len(per_windows_prompt):1
2024-12-21 12:59:41,220 - [Process 0/5] - INFO - res.shape is :torch.Size([21])
2024-12-21 12:59:41,342 - [Process 0/5] - INFO - len(per_windows_prompt):1
2024-12-21 12:59:43,850 - [Process 0/5] - INFO - res.shape is :torch.Size([7])
2024-12-21 12:59:44,096 - [Process 0/5] - INFO - len(per_windows_prompt):1
2024-12-21 12:59:48,134 - [Process 0/5] - INFO - res.shape is :torch.Size([5])
2024-12-21 12:59:48,351 - [Process 0/5] - INFO - len(per_windows_prompt):1
2024-12-21 12:59:52,433 - [Process 0/5] - INFO - res.shape is :torch.Size([6])
2024-12-21 12:59:52,711 - [Process 0/5] - INFO - len(per_windows_prompt):1
2024-12-21 12:59:57,886 - [Process 0/5] - INFO - res.shape is :torch.Size([32])
2024-12-21 12:59:58,164 - [Process 0/5] - INFO - len(per_windows_prompt):1
2024-12-21 13:00:02,249 - [Process 0/5] - INFO - res.shape is :torch.Size([6])
2024-12-21 13:00:02,523 - [Process 0/5] - INFO - len(per_windows_prompt):1
2024-12-21 13:00:06,566 - [Process 0/5] - INFO - res.shape is :torch.Size([5])
2024-12-21 13:00:06,792 - [Process 0/5] - INFO - len(per_windows_prompt):1
2024-12-21 13:00:11,422 - [Process 0/5] - INFO - res.shape is :torch.Size([19])
2024-12-21 13:00:11,703 - [Process 0/5] - INFO - len(per_windows_prompt):1
2024-12-21 13:00:15,663 - [Process 0/5] - INFO - res.shape is :torch.Size([3])
2024-12-21 13:00:15,907 - [Process 0/5] - INFO - len(per_windows_prompt):1
2024-12-21 13:00:20,157 - [Process 0/5] - INFO - res.shape is :torch.Size([10])
2024-12-21 13:00:20,353 - [Process 0/5] - INFO - len(per_windows_prompt):1
2024-12-21 13:00:24,396 - [Process 0/5] - INFO - res.shape is :torch.Size([5])
2024-12-21 13:00:24,689 - [Process 0/5] - INFO - len(per_windows_prompt):1
2024-12-21 13:00:28,738 - [Process 0/5] - INFO - res.shape is :torch.Size([5])
2024-12-21 13:00:28,994 - [Process 0/5] - INFO - len(per_windows_prompt):1
2024-12-21 13:00:34,177 - [Process 0/5] - INFO - res.shape is :torch.Size([32])
2024-12-21 13:00:34,452 - [Process 0/5] - INFO - len(per_windows_prompt):1
2024-12-21 13:00:38,627 - [Process 0/5] - INFO - res.shape is :torch.Size([8])
2024-12-21 13:00:38,865 - [Process 0/5] - INFO - len(per_windows_prompt):1
2024-12-21 13:00:42,876 - [Process 0/5] - INFO - res.shape is :torch.Size([4])
2024-12-21 13:00:43,138 - [Process 0/5] - INFO - len(per_windows_prompt):1
2024-12-21 13:00:47,737 - [Process 0/5] - INFO - res.shape is :torch.Size([18])
2024-12-21 13:00:47,927 - [Process 0/5] - INFO - len(per_windows_prompt):1
2024-12-21 13:00:52,525 - [Process 0/5] - INFO - res.shape is :torch.Size([18])
2024-12-21 13:00:52,766 - [Process 0/5] - INFO - len(per_windows_prompt):1
2024-12-21 13:00:56,865 - [Process 0/5] - INFO - res.shape is :torch.Size([6])
2024-12-21 13:00:57,126 - [Process 0/5] - INFO - len(per_windows_prompt):1
2024-12-21 13:01:01,182 - [Process 0/5] - INFO - res.shape is :torch.Size([5])
2024-12-21 13:01:01,404 - [Process 0/5] - INFO - len(per_windows_prompt):1
2024-12-21 13:01:05,716 - [Process 0/5] - INFO - res.shape is :torch.Size([11])
2024-12-21 13:01:05,998 - [Process 0/5] - INFO - len(per_windows_prompt):1
2024-12-21 13:01:11,188 - [Process 0/5] - INFO - res.shape is :torch.Size([32])
2024-12-21 13:01:11,422 - [Process 0/5] - INFO - len(per_windows_prompt):1
2024-12-21 13:01:15,437 - [Process 0/5] - INFO - res.shape is :torch.Size([4])
2024-12-21 13:01:15,609 - [Process 0/5] - INFO - len(per_windows_prompt):1
2024-12-21 13:01:19,741 - [Process 0/5] - INFO - res.shape is :torch.Size([7])
2024-12-21 13:01:20,018 - [Process 0/5] - INFO - len(per_windows_prompt):1
2024-12-21 13:01:23,992 - [Process 0/5] - INFO - res.shape is :torch.Size([3])
2024-12-21 13:01:24,279 - [Process 0/5] - INFO - len(per_windows_prompt):1
2024-12-21 13:01:28,588 - [Process 0/5] - INFO - res.shape is :torch.Size([11])
2024-12-21 13:01:28,858 - [Process 0/5] - INFO - len(per_windows_prompt):1
2024-12-21 13:01:33,590 - [Process 0/5] - INFO - res.shape is :torch.Size([21])
2024-12-21 13:01:33,852 - [Process 0/5] - INFO - len(per_windows_prompt):1
2024-12-21 13:01:38,863 - [Process 0/5] - INFO - res.shape is :torch.Size([27])
2024-12-21 13:01:39,159 - [Process 0/5] - INFO - len(per_windows_prompt):1
2024-12-21 13:01:43,220 - [Process 0/5] - INFO - res.shape is :torch.Size([5])
2024-12-21 13:01:43,479 - [Process 0/5] - INFO - len(per_windows_prompt):1
2024-12-21 13:01:47,455 - [Process 0/5] - INFO - res.shape is :torch.Size([3])
2024-12-21 13:01:47,747 - [Process 0/5] - INFO - len(per_windows_prompt):1
2024-12-21 13:01:51,853 - [Process 0/5] - INFO - res.shape is :torch.Size([6])
2024-12-21 13:01:52,149 - [Process 0/5] - INFO - len(per_windows_prompt):1
2024-12-21 13:01:56,659 - [Process 0/5] - INFO - res.shape is :torch.Size([15])
2024-12-21 13:01:56,914 - [Process 0/5] - INFO - len(per_windows_prompt):1
2024-12-21 13:02:00,992 - [Process 0/5] - INFO - res.shape is :torch.Size([5])
2024-12-21 13:02:01,302 - [Process 0/5] - INFO - len(per_windows_prompt):1
2024-12-21 13:02:05,367 - [Process 0/5] - INFO - res.shape is :torch.Size([5])
2024-12-21 13:02:05,639 - [Process 0/5] - INFO - len(per_windows_prompt):1
2024-12-21 13:02:09,912 - [Process 0/5] - INFO - res.shape is :torch.Size([10])
