2024-12-21 13:21:33,210 - [Process 1/5] - INFO - loading datasets finished
2024-12-21 13:21:33,211 - [Process 1/5] - INFO - model_max_len: 3950
2024-12-21 13:21:33,211 - [Process 1/5] - INFO - output_max_len: 32
2024-12-21 13:21:33,254 - [Process 1/5] - INFO - Max Length is 16633
2024-12-21 13:21:33,255 - [Process 1/5] - INFO - Finish loading dataset
2024-12-21 13:21:33,255 - [Process 1/5] - INFO - get_predicted begin
2024-12-21 13:21:37,987 - [Process 1/5] - INFO - len(per_windows_prompt):1
2024-12-21 13:21:42,799 - [Process 1/5] - INFO - res.shape is :torch.Size([11])
2024-12-21 13:21:42,930 - [Process 1/5] - INFO - len(per_windows_prompt):1
2024-12-21 13:21:47,256 - [Process 1/5] - INFO - res.shape is :torch.Size([12])
2024-12-21 13:21:47,430 - [Process 1/5] - INFO - len(per_windows_prompt):1
2024-12-21 13:21:52,610 - [Process 1/5] - INFO - res.shape is :torch.Size([32])
2024-12-21 13:21:52,811 - [Process 1/5] - INFO - len(per_windows_prompt):1
2024-12-21 13:21:57,991 - [Process 1/5] - INFO - res.shape is :torch.Size([32])
2024-12-21 13:21:58,243 - [Process 1/5] - INFO - len(per_windows_prompt):1
2024-12-21 13:22:02,344 - [Process 1/5] - INFO - res.shape is :torch.Size([6])
2024-12-21 13:22:02,575 - [Process 1/5] - INFO - len(per_windows_prompt):1
2024-12-21 13:22:07,765 - [Process 1/5] - INFO - res.shape is :torch.Size([32])
2024-12-21 13:22:07,984 - [Process 1/5] - INFO - len(per_windows_prompt):1
2024-12-21 13:22:12,093 - [Process 1/5] - INFO - res.shape is :torch.Size([6])
2024-12-21 13:22:12,358 - [Process 1/5] - INFO - len(per_windows_prompt):1
2024-12-21 13:22:16,768 - [Process 1/5] - INFO - res.shape is :torch.Size([13])
2024-12-21 13:22:17,024 - [Process 1/5] - INFO - len(per_windows_prompt):1
2024-12-21 13:22:22,015 - [Process 1/5] - INFO - res.shape is :torch.Size([27])
2024-12-21 13:22:22,251 - [Process 1/5] - INFO - len(per_windows_prompt):1
2024-12-21 13:22:26,330 - [Process 1/5] - INFO - res.shape is :torch.Size([5])
2024-12-21 13:22:26,556 - [Process 1/5] - INFO - len(per_windows_prompt):1
2024-12-21 13:22:31,452 - [Process 1/5] - INFO - res.shape is :torch.Size([24])
2024-12-21 13:22:31,686 - [Process 1/5] - INFO - len(per_windows_prompt):1
2024-12-21 13:22:36,601 - [Process 1/5] - INFO - res.shape is :torch.Size([25])
2024-12-21 13:22:36,804 - [Process 1/5] - INFO - len(per_windows_prompt):1
2024-12-21 13:22:41,639 - [Process 1/5] - INFO - res.shape is :torch.Size([23])
2024-12-21 13:22:41,910 - [Process 1/5] - INFO - len(per_windows_prompt):1
2024-12-21 13:22:46,116 - [Process 1/5] - INFO - res.shape is :torch.Size([8])
2024-12-21 13:22:46,253 - [Process 1/5] - INFO - len(per_windows_prompt):1
2024-12-21 13:22:49,845 - [Process 1/5] - INFO - res.shape is :torch.Size([11])
2024-12-21 13:22:50,146 - [Process 1/5] - INFO - len(per_windows_prompt):1
2024-12-21 13:22:54,517 - [Process 1/5] - INFO - res.shape is :torch.Size([11])
2024-12-21 13:22:54,774 - [Process 1/5] - INFO - len(per_windows_prompt):1
2024-12-21 13:22:59,103 - [Process 1/5] - INFO - res.shape is :torch.Size([10])
2024-12-21 13:22:59,393 - [Process 1/5] - INFO - len(per_windows_prompt):1
2024-12-21 13:23:03,593 - [Process 1/5] - INFO - res.shape is :torch.Size([7])
2024-12-21 13:23:03,902 - [Process 1/5] - INFO - len(per_windows_prompt):1
2024-12-21 13:23:09,157 - [Process 1/5] - INFO - res.shape is :torch.Size([32])
2024-12-21 13:23:09,431 - [Process 1/5] - INFO - len(per_windows_prompt):1
2024-12-21 13:23:14,751 - [Process 1/5] - INFO - res.shape is :torch.Size([32])
2024-12-21 13:23:14,996 - [Process 1/5] - INFO - len(per_windows_prompt):1
2024-12-21 13:23:19,489 - [Process 1/5] - INFO - res.shape is :torch.Size([14])
2024-12-21 13:23:19,700 - [Process 1/5] - INFO - len(per_windows_prompt):1
2024-12-21 13:23:23,893 - [Process 1/5] - INFO - res.shape is :torch.Size([7])
2024-12-21 13:23:24,188 - [Process 1/5] - INFO - len(per_windows_prompt):1
2024-12-21 13:23:29,254 - [Process 1/5] - INFO - res.shape is :torch.Size([28])
2024-12-21 13:23:29,565 - [Process 1/5] - INFO - len(per_windows_prompt):1
2024-12-21 13:23:34,784 - [Process 1/5] - INFO - res.shape is :torch.Size([32])
2024-12-21 13:23:35,020 - [Process 1/5] - INFO - len(per_windows_prompt):1
2024-12-21 13:23:39,615 - [Process 1/5] - INFO - res.shape is :torch.Size([17])
2024-12-21 13:23:39,721 - [Process 1/5] - INFO - len(per_windows_prompt):1
2024-12-21 13:23:42,227 - [Process 1/5] - INFO - res.shape is :torch.Size([3])
2024-12-21 13:23:42,431 - [Process 1/5] - INFO - len(per_windows_prompt):1
2024-12-21 13:23:47,498 - [Process 1/5] - INFO - res.shape is :torch.Size([28])
2024-12-21 13:23:47,708 - [Process 1/5] - INFO - len(per_windows_prompt):1
2024-12-21 13:23:52,053 - [Process 1/5] - INFO - res.shape is :torch.Size([11])
2024-12-21 13:23:52,278 - [Process 1/5] - INFO - len(per_windows_prompt):1
2024-12-21 13:23:56,775 - [Process 1/5] - INFO - res.shape is :torch.Size([14])
2024-12-21 13:23:57,038 - [Process 1/5] - INFO - len(per_windows_prompt):1
2024-12-21 13:24:02,345 - [Process 1/5] - INFO - res.shape is :torch.Size([32])
2024-12-21 13:24:02,577 - [Process 1/5] - INFO - len(per_windows_prompt):1
2024-12-21 13:24:07,262 - [Process 1/5] - INFO - res.shape is :torch.Size([19])
2024-12-21 13:24:07,364 - [Process 1/5] - INFO - len(per_windows_prompt):1
2024-12-21 13:24:09,965 - [Process 1/5] - INFO - res.shape is :torch.Size([14])
2024-12-21 13:24:10,143 - [Process 1/5] - INFO - len(per_windows_prompt):1
2024-12-21 13:24:15,192 - [Process 1/5] - INFO - res.shape is :torch.Size([27])
2024-12-21 13:24:15,467 - [Process 1/5] - INFO - len(per_windows_prompt):1
2024-12-21 13:24:20,760 - [Process 1/5] - INFO - res.shape is :torch.Size([32])
2024-12-21 13:24:21,083 - [Process 1/5] - INFO - len(per_windows_prompt):1
2024-12-21 13:24:25,975 - [Process 1/5] - INFO - res.shape is :torch.Size([23])
2024-12-21 13:24:26,251 - [Process 1/5] - INFO - len(per_windows_prompt):1
2024-12-21 13:24:31,086 - [Process 1/5] - INFO - res.shape is :torch.Size([21])
2024-12-21 13:24:31,327 - [Process 1/5] - INFO - len(per_windows_prompt):1
2024-12-21 13:24:35,480 - [Process 1/5] - INFO - res.shape is :torch.Size([6])
2024-12-21 13:24:35,811 - [Process 1/5] - INFO - len(per_windows_prompt):1
2024-12-21 13:24:41,054 - [Process 1/5] - INFO - res.shape is :torch.Size([32])
2024-12-21 13:24:41,276 - [Process 1/5] - INFO - len(per_windows_prompt):1
2024-12-21 13:24:46,513 - [Process 1/5] - INFO - res.shape is :torch.Size([32])
2024-12-21 13:24:46,797 - [Process 1/5] - INFO - len(per_windows_prompt):1
2024-12-21 13:24:51,856 - [Process 1/5] - INFO - res.shape is :torch.Size([26])
