2024-12-21 17:07:42,594 - [Process 4/5] - INFO - loading datasets finished
2024-12-21 17:07:42,594 - [Process 4/5] - INFO - model_max_len: 3950
2024-12-21 17:07:42,594 - [Process 4/5] - INFO - output_max_len: 512
2024-12-21 17:07:42,666 - [Process 4/5] - INFO - Max Length is 40508
2024-12-21 17:07:42,667 - [Process 4/5] - INFO - Finish loading dataset
2024-12-21 17:07:42,667 - [Process 4/5] - INFO - get_predicted begin
2024-12-21 17:07:47,454 - [Process 4/5] - INFO - len(per_windows_prompt):1
2024-12-21 17:08:00,237 - [Process 4/5] - INFO - res.shape is :torch.Size([176])
2024-12-21 17:08:00,440 - [Process 4/5] - INFO - len(per_windows_prompt):1
2024-12-21 17:08:15,965 - [Process 4/5] - INFO - res.shape is :torch.Size([254])
2024-12-21 17:08:16,173 - [Process 4/5] - INFO - len(per_windows_prompt):1
2024-12-21 17:08:32,146 - [Process 4/5] - INFO - res.shape is :torch.Size([263])
2024-12-21 17:08:32,357 - [Process 4/5] - INFO - len(per_windows_prompt):1
2024-12-21 17:08:48,033 - [Process 4/5] - INFO - res.shape is :torch.Size([260])
2024-12-21 17:08:48,266 - [Process 4/5] - INFO - len(per_windows_prompt):1
2024-12-21 17:09:03,097 - [Process 4/5] - INFO - res.shape is :torch.Size([239])
2024-12-21 17:09:03,316 - [Process 4/5] - INFO - len(per_windows_prompt):1
2024-12-21 17:09:14,251 - [Process 4/5] - INFO - res.shape is :torch.Size([158])
2024-12-21 17:09:14,516 - [Process 4/5] - INFO - len(per_windows_prompt):1
2024-12-21 17:09:43,064 - [Process 4/5] - INFO - res.shape is :torch.Size([512])
2024-12-21 17:09:43,305 - [Process 4/5] - INFO - len(per_windows_prompt):1
2024-12-21 17:09:56,176 - [Process 4/5] - INFO - res.shape is :torch.Size([200])
2024-12-21 17:09:56,417 - [Process 4/5] - INFO - len(per_windows_prompt):1
2024-12-21 17:10:23,302 - [Process 4/5] - INFO - res.shape is :torch.Size([512])
2024-12-21 17:10:23,584 - [Process 4/5] - INFO - len(per_windows_prompt):1
2024-12-21 17:10:35,775 - [Process 4/5] - INFO - res.shape is :torch.Size([188])
2024-12-21 17:10:36,127 - [Process 4/5] - INFO - len(per_windows_prompt):1
2024-12-21 17:11:02,997 - [Process 4/5] - INFO - res.shape is :torch.Size([512])
2024-12-21 17:11:03,367 - [Process 4/5] - INFO - len(per_windows_prompt):1
2024-12-21 17:11:13,413 - [Process 4/5] - INFO - res.shape is :torch.Size([138])
2024-12-21 17:11:13,811 - [Process 4/5] - INFO - len(per_windows_prompt):1
2024-12-21 17:11:25,629 - [Process 4/5] - INFO - res.shape is :torch.Size([178])
2024-12-21 17:11:25,878 - [Process 4/5] - INFO - len(per_windows_prompt):1
2024-12-21 17:11:37,499 - [Process 4/5] - INFO - res.shape is :torch.Size([172])
2024-12-21 17:11:37,728 - [Process 4/5] - INFO - len(per_windows_prompt):1
2024-12-21 17:11:47,676 - [Process 4/5] - INFO - res.shape is :torch.Size([132])
2024-12-21 17:11:47,970 - [Process 4/5] - INFO - len(per_windows_prompt):1
2024-12-21 17:11:59,836 - [Process 4/5] - INFO - res.shape is :torch.Size([181])
2024-12-21 17:12:00,194 - [Process 4/5] - INFO - len(per_windows_prompt):1
2024-12-21 17:12:27,235 - [Process 4/5] - INFO - res.shape is :torch.Size([512])
2024-12-21 17:12:27,573 - [Process 4/5] - INFO - len(per_windows_prompt):1
2024-12-21 17:12:37,765 - [Process 4/5] - INFO - res.shape is :torch.Size([143])
2024-12-21 17:12:37,975 - [Process 4/5] - INFO - len(per_windows_prompt):1
2024-12-21 17:12:49,829 - [Process 4/5] - INFO - res.shape is :torch.Size([177])
2024-12-21 17:12:50,053 - [Process 4/5] - INFO - len(per_windows_prompt):1
2024-12-21 17:13:02,703 - [Process 4/5] - INFO - res.shape is :torch.Size([192])
2024-12-21 17:13:02,899 - [Process 4/5] - INFO - len(per_windows_prompt):1
2024-12-21 17:13:14,064 - [Process 4/5] - INFO - res.shape is :torch.Size([159])
2024-12-21 17:13:14,330 - [Process 4/5] - INFO - len(per_windows_prompt):1
2024-12-21 17:13:27,132 - [Process 4/5] - INFO - res.shape is :torch.Size([196])
2024-12-21 17:13:27,349 - [Process 4/5] - INFO - len(per_windows_prompt):1
2024-12-21 17:13:39,317 - [Process 4/5] - INFO - res.shape is :torch.Size([176])
2024-12-21 17:13:39,578 - [Process 4/5] - INFO - len(per_windows_prompt):1
2024-12-21 17:13:56,725 - [Process 4/5] - INFO - res.shape is :torch.Size([291])
2024-12-21 17:13:56,919 - [Process 4/5] - INFO - len(per_windows_prompt):1
2024-12-21 17:14:09,299 - [Process 4/5] - INFO - res.shape is :torch.Size([189])
2024-12-21 17:14:09,559 - [Process 4/5] - INFO - len(per_windows_prompt):1
2024-12-21 17:14:20,599 - [Process 4/5] - INFO - res.shape is :torch.Size([157])
2024-12-21 17:14:20,852 - [Process 4/5] - INFO - len(per_windows_prompt):1
2024-12-21 17:14:31,851 - [Process 4/5] - INFO - res.shape is :torch.Size([155])
2024-12-21 17:14:32,083 - [Process 4/5] - INFO - len(per_windows_prompt):1
2024-12-21 17:14:47,841 - [Process 4/5] - INFO - res.shape is :torch.Size([265])
2024-12-21 17:14:48,142 - [Process 4/5] - INFO - len(per_windows_prompt):1
2024-12-21 17:15:00,123 - [Process 4/5] - INFO - res.shape is :torch.Size([176])
2024-12-21 17:15:00,419 - [Process 4/5] - INFO - len(per_windows_prompt):1
2024-12-21 17:15:27,457 - [Process 4/5] - INFO - res.shape is :torch.Size([512])
2024-12-21 17:15:27,645 - [Process 4/5] - INFO - len(per_windows_prompt):1
2024-12-21 17:15:43,857 - [Process 4/5] - INFO - res.shape is :torch.Size([290])
2024-12-21 17:15:44,056 - [Process 4/5] - INFO - len(per_windows_prompt):1
2024-12-21 17:15:55,886 - [Process 4/5] - INFO - res.shape is :torch.Size([173])
2024-12-21 17:15:56,134 - [Process 4/5] - INFO - len(per_windows_prompt):1
2024-12-21 17:16:09,873 - [Process 4/5] - INFO - res.shape is :torch.Size([217])
2024-12-21 17:16:10,138 - [Process 4/5] - INFO - len(per_windows_prompt):1
2024-12-21 17:16:37,042 - [Process 4/5] - INFO - res.shape is :torch.Size([512])
2024-12-21 17:16:37,268 - [Process 4/5] - INFO - len(per_windows_prompt):1
2024-12-21 17:16:47,360 - [Process 4/5] - INFO - res.shape is :torch.Size([143])
2024-12-21 17:16:47,681 - [Process 4/5] - INFO - len(per_windows_prompt):1
2024-12-21 17:17:01,684 - [Process 4/5] - INFO - res.shape is :torch.Size([226])
2024-12-21 17:17:01,946 - [Process 4/5] - INFO - len(per_windows_prompt):1
2024-12-21 17:17:13,298 - [Process 4/5] - INFO - res.shape is :torch.Size([162])
2024-12-21 17:17:13,502 - [Process 4/5] - INFO - len(per_windows_prompt):1
2024-12-21 17:17:41,070 - [Process 4/5] - INFO - res.shape is :torch.Size([512])
2024-12-21 17:17:41,383 - [Process 4/5] - INFO - len(per_windows_prompt):1
2024-12-21 17:17:55,207 - [Process 4/5] - INFO - res.shape is :torch.Size([217])
2024-12-21 17:17:55,441 - [Process 4/5] - INFO - len(per_windows_prompt):1
2024-12-21 17:18:09,030 - [Process 4/5] - INFO - res.shape is :torch.Size([213])
