2024-12-21 17:07:42,605 - [Process 0/5] - INFO - loading datasets finished
2024-12-21 17:07:42,606 - [Process 0/5] - INFO - model_max_len: 3950
2024-12-21 17:07:42,606 - [Process 0/5] - INFO - output_max_len: 512
2024-12-21 17:07:42,676 - [Process 0/5] - INFO - Max Length is 40508
2024-12-21 17:07:42,677 - [Process 0/5] - INFO - Finish loading dataset
2024-12-21 17:07:42,677 - [Process 0/5] - INFO - get_predicted begin
2024-12-21 17:07:47,451 - [Process 0/5] - INFO - len(per_windows_prompt):1
2024-12-21 17:07:58,584 - [Process 0/5] - INFO - res.shape is :torch.Size([162])
2024-12-21 17:07:58,766 - [Process 0/5] - INFO - len(per_windows_prompt):1
2024-12-21 17:08:13,009 - [Process 0/5] - INFO - res.shape is :torch.Size([254])
2024-12-21 17:08:13,281 - [Process 0/5] - INFO - len(per_windows_prompt):1
2024-12-21 17:08:29,940 - [Process 0/5] - INFO - res.shape is :torch.Size([285])
2024-12-21 17:08:30,206 - [Process 0/5] - INFO - len(per_windows_prompt):1
2024-12-21 17:08:44,312 - [Process 0/5] - INFO - res.shape is :torch.Size([225])
2024-12-21 17:08:44,603 - [Process 0/5] - INFO - len(per_windows_prompt):1
2024-12-21 17:08:55,819 - [Process 0/5] - INFO - res.shape is :torch.Size([162])
2024-12-21 17:08:56,064 - [Process 0/5] - INFO - len(per_windows_prompt):1
2024-12-21 17:09:11,346 - [Process 0/5] - INFO - res.shape is :torch.Size([251])
2024-12-21 17:09:11,561 - [Process 0/5] - INFO - len(per_windows_prompt):1
2024-12-21 17:09:28,601 - [Process 0/5] - INFO - res.shape is :torch.Size([296])
2024-12-21 17:09:28,941 - [Process 0/5] - INFO - len(per_windows_prompt):1
2024-12-21 17:09:43,343 - [Process 0/5] - INFO - res.shape is :torch.Size([239])
2024-12-21 17:09:43,554 - [Process 0/5] - INFO - len(per_windows_prompt):1
2024-12-21 17:10:01,809 - [Process 0/5] - INFO - res.shape is :torch.Size([322])
2024-12-21 17:10:02,129 - [Process 0/5] - INFO - len(per_windows_prompt):1
2024-12-21 17:10:14,246 - [Process 0/5] - INFO - res.shape is :torch.Size([186])
2024-12-21 17:10:14,569 - [Process 0/5] - INFO - len(per_windows_prompt):1
2024-12-21 17:10:42,587 - [Process 0/5] - INFO - res.shape is :torch.Size([512])
2024-12-21 17:10:42,873 - [Process 0/5] - INFO - len(per_windows_prompt):1
2024-12-21 17:11:01,081 - [Process 0/5] - INFO - res.shape is :torch.Size([317])
2024-12-21 17:11:01,363 - [Process 0/5] - INFO - len(per_windows_prompt):1
2024-12-21 17:11:13,408 - [Process 0/5] - INFO - res.shape is :torch.Size([182])
2024-12-21 17:11:13,645 - [Process 0/5] - INFO - len(per_windows_prompt):1
2024-12-21 17:11:29,233 - [Process 0/5] - INFO - res.shape is :torch.Size([258])
2024-12-21 17:11:29,578 - [Process 0/5] - INFO - len(per_windows_prompt):1
2024-12-21 17:11:40,449 - [Process 0/5] - INFO - res.shape is :torch.Size([154])
2024-12-21 17:11:40,697 - [Process 0/5] - INFO - len(per_windows_prompt):1
2024-12-21 17:11:56,165 - [Process 0/5] - INFO - res.shape is :torch.Size([261])
2024-12-21 17:11:56,393 - [Process 0/5] - INFO - len(per_windows_prompt):1
2024-12-21 17:12:10,495 - [Process 0/5] - INFO - res.shape is :torch.Size([231])
2024-12-21 17:12:10,775 - [Process 0/5] - INFO - len(per_windows_prompt):1
2024-12-21 17:12:22,302 - [Process 0/5] - INFO - res.shape is :torch.Size([176])
2024-12-21 17:12:22,536 - [Process 0/5] - INFO - len(per_windows_prompt):1
2024-12-21 17:12:33,025 - [Process 0/5] - INFO - res.shape is :torch.Size([146])
2024-12-21 17:12:33,233 - [Process 0/5] - INFO - len(per_windows_prompt):1
2024-12-21 17:12:43,967 - [Process 0/5] - INFO - res.shape is :torch.Size([153])
2024-12-21 17:12:44,211 - [Process 0/5] - INFO - len(per_windows_prompt):1
2024-12-21 17:12:56,620 - [Process 0/5] - INFO - res.shape is :torch.Size([195])
2024-12-21 17:12:56,949 - [Process 0/5] - INFO - len(per_windows_prompt):1
2024-12-21 17:13:11,163 - [Process 0/5] - INFO - res.shape is :torch.Size([234])
2024-12-21 17:13:11,456 - [Process 0/5] - INFO - len(per_windows_prompt):1
2024-12-21 17:13:30,061 - [Process 0/5] - INFO - res.shape is :torch.Size([330])
2024-12-21 17:13:30,405 - [Process 0/5] - INFO - len(per_windows_prompt):1
2024-12-21 17:13:42,951 - [Process 0/5] - INFO - res.shape is :torch.Size([191])
2024-12-21 17:13:43,249 - [Process 0/5] - INFO - len(per_windows_prompt):1
2024-12-21 17:13:53,090 - [Process 0/5] - INFO - res.shape is :torch.Size([135])
2024-12-21 17:13:53,390 - [Process 0/5] - INFO - len(per_windows_prompt):1
2024-12-21 17:14:04,697 - [Process 0/5] - INFO - res.shape is :torch.Size([169])
2024-12-21 17:14:04,926 - [Process 0/5] - INFO - len(per_windows_prompt):1
2024-12-21 17:14:17,491 - [Process 0/5] - INFO - res.shape is :torch.Size([191])
2024-12-21 17:14:17,776 - [Process 0/5] - INFO - len(per_windows_prompt):1
2024-12-21 17:14:29,559 - [Process 0/5] - INFO - res.shape is :torch.Size([174])
2024-12-21 17:14:29,833 - [Process 0/5] - INFO - len(per_windows_prompt):1
2024-12-21 17:14:44,260 - [Process 0/5] - INFO - res.shape is :torch.Size([232])
2024-12-21 17:14:44,608 - [Process 0/5] - INFO - len(per_windows_prompt):1
2024-12-21 17:14:59,341 - [Process 0/5] - INFO - res.shape is :torch.Size([239])
2024-12-21 17:14:59,510 - [Process 0/5] - INFO - len(per_windows_prompt):1
2024-12-21 17:15:11,297 - [Process 0/5] - INFO - res.shape is :torch.Size([205])
2024-12-21 17:15:11,555 - [Process 0/5] - INFO - len(per_windows_prompt):1
2024-12-21 17:15:27,570 - [Process 0/5] - INFO - res.shape is :torch.Size([274])
2024-12-21 17:15:27,796 - [Process 0/5] - INFO - len(per_windows_prompt):1
2024-12-21 17:15:54,776 - [Process 0/5] - INFO - res.shape is :torch.Size([512])
2024-12-21 17:15:55,041 - [Process 0/5] - INFO - len(per_windows_prompt):1
2024-12-21 17:16:04,438 - [Process 0/5] - INFO - res.shape is :torch.Size([127])
2024-12-21 17:16:04,669 - [Process 0/5] - INFO - len(per_windows_prompt):1
2024-12-21 17:16:14,258 - [Process 0/5] - INFO - res.shape is :torch.Size([130])
2024-12-21 17:16:14,377 - [Process 0/5] - INFO - len(per_windows_prompt):1
2024-12-21 17:16:32,786 - [Process 0/5] - INFO - res.shape is :torch.Size([354])
2024-12-21 17:16:33,113 - [Process 0/5] - INFO - len(per_windows_prompt):1
2024-12-21 17:16:47,520 - [Process 0/5] - INFO - res.shape is :torch.Size([239])
2024-12-21 17:16:47,718 - [Process 0/5] - INFO - len(per_windows_prompt):1
2024-12-21 17:17:07,593 - [Process 0/5] - INFO - res.shape is :torch.Size([362])
2024-12-21 17:17:07,906 - [Process 0/5] - INFO - len(per_windows_prompt):1
2024-12-21 17:17:21,697 - [Process 0/5] - INFO - res.shape is :torch.Size([224])
2024-12-21 17:17:22,033 - [Process 0/5] - INFO - len(per_windows_prompt):1
2024-12-21 17:17:37,752 - [Process 0/5] - INFO - res.shape is :torch.Size([267])
