2024-12-21 12:54:30,134 - [Process 1/5] - INFO - loading datasets finished
2024-12-21 12:54:30,134 - [Process 1/5] - INFO - model_max_len: 3950
2024-12-21 12:54:30,134 - [Process 1/5] - INFO - output_max_len: 64
2024-12-21 12:54:30,160 - [Process 1/5] - INFO - Max Length is 10337
2024-12-21 12:54:30,161 - [Process 1/5] - INFO - Finish loading dataset
2024-12-21 12:54:30,161 - [Process 1/5] - INFO - get_predicted begin
2024-12-21 12:54:34,973 - [Process 1/5] - INFO - len(per_windows_prompt):1
2024-12-21 12:54:40,886 - [Process 1/5] - INFO - res.shape is :torch.Size([31])
2024-12-21 12:54:41,075 - [Process 1/5] - INFO - len(per_windows_prompt):1
2024-12-21 12:54:45,328 - [Process 1/5] - INFO - res.shape is :torch.Size([10])
2024-12-21 12:54:45,539 - [Process 1/5] - INFO - len(per_windows_prompt):1
2024-12-21 12:54:50,485 - [Process 1/5] - INFO - res.shape is :torch.Size([26])
2024-12-21 12:54:50,686 - [Process 1/5] - INFO - len(per_windows_prompt):1
2024-12-21 12:54:56,112 - [Process 1/5] - INFO - res.shape is :torch.Size([36])
2024-12-21 12:54:56,338 - [Process 1/5] - INFO - len(per_windows_prompt):1
2024-12-21 12:55:01,548 - [Process 1/5] - INFO - res.shape is :torch.Size([32])
2024-12-21 12:55:01,736 - [Process 1/5] - INFO - len(per_windows_prompt):1
2024-12-21 12:55:06,847 - [Process 1/5] - INFO - res.shape is :torch.Size([30])
2024-12-21 12:55:06,947 - [Process 1/5] - INFO - len(per_windows_prompt):1
2024-12-21 12:55:09,140 - [Process 1/5] - INFO - res.shape is :torch.Size([3])
2024-12-21 12:55:09,349 - [Process 1/5] - INFO - len(per_windows_prompt):1
2024-12-21 12:55:15,502 - [Process 1/5] - INFO - res.shape is :torch.Size([54])
2024-12-21 12:55:15,683 - [Process 1/5] - INFO - len(per_windows_prompt):1
2024-12-21 12:55:19,716 - [Process 1/5] - INFO - res.shape is :torch.Size([4])
2024-12-21 12:55:19,898 - [Process 1/5] - INFO - len(per_windows_prompt):1
2024-12-21 12:55:23,979 - [Process 1/5] - INFO - res.shape is :torch.Size([5])
2024-12-21 12:55:24,157 - [Process 1/5] - INFO - len(per_windows_prompt):1
2024-12-21 12:55:28,278 - [Process 1/5] - INFO - res.shape is :torch.Size([6])
2024-12-21 12:55:28,381 - [Process 1/5] - INFO - len(per_windows_prompt):1
2024-12-21 12:55:30,685 - [Process 1/5] - INFO - res.shape is :torch.Size([5])
2024-12-21 12:55:30,871 - [Process 1/5] - INFO - len(per_windows_prompt):1
2024-12-21 12:55:37,587 - [Process 1/5] - INFO - res.shape is :torch.Size([64])
2024-12-21 12:55:37,846 - [Process 1/5] - INFO - len(per_windows_prompt):1
2024-12-21 12:55:44,445 - [Process 1/5] - INFO - res.shape is :torch.Size([64])
2024-12-21 12:55:44,672 - [Process 1/5] - INFO - len(per_windows_prompt):1
2024-12-21 12:55:48,851 - [Process 1/5] - INFO - res.shape is :torch.Size([7])
2024-12-21 12:55:49,064 - [Process 1/5] - INFO - len(per_windows_prompt):1
2024-12-21 12:55:55,504 - [Process 1/5] - INFO - res.shape is :torch.Size([61])
2024-12-21 12:55:55,711 - [Process 1/5] - INFO - len(per_windows_prompt):1
2024-12-21 12:56:00,009 - [Process 1/5] - INFO - res.shape is :torch.Size([10])
2024-12-21 12:56:00,218 - [Process 1/5] - INFO - len(per_windows_prompt):1
2024-12-21 12:56:04,264 - [Process 1/5] - INFO - res.shape is :torch.Size([4])
2024-12-21 12:56:04,423 - [Process 1/5] - INFO - len(per_windows_prompt):1
2024-12-21 12:56:08,372 - [Process 1/5] - INFO - res.shape is :torch.Size([12])
2024-12-21 12:56:08,540 - [Process 1/5] - INFO - len(per_windows_prompt):1
2024-12-21 12:56:12,593 - [Process 1/5] - INFO - res.shape is :torch.Size([4])
2024-12-21 12:56:12,748 - [Process 1/5] - INFO - len(per_windows_prompt):1
2024-12-21 12:56:16,432 - [Process 1/5] - INFO - res.shape is :torch.Size([11])
2024-12-21 12:56:16,675 - [Process 1/5] - INFO - len(per_windows_prompt):1
2024-12-21 12:56:23,259 - [Process 1/5] - INFO - res.shape is :torch.Size([64])
2024-12-21 12:56:23,478 - [Process 1/5] - INFO - len(per_windows_prompt):1
2024-12-21 12:56:29,312 - [Process 1/5] - INFO - res.shape is :torch.Size([45])
2024-12-21 12:56:29,525 - [Process 1/5] - INFO - len(per_windows_prompt):1
2024-12-21 12:56:33,789 - [Process 1/5] - INFO - res.shape is :torch.Size([8])
2024-12-21 12:56:33,962 - [Process 1/5] - INFO - len(per_windows_prompt):1
2024-12-21 12:56:37,850 - [Process 1/5] - INFO - res.shape is :torch.Size([7])
2024-12-21 12:56:37,982 - [Process 1/5] - INFO - len(per_windows_prompt):1
2024-12-21 12:56:41,576 - [Process 1/5] - INFO - res.shape is :torch.Size([11])
2024-12-21 12:56:41,764 - [Process 1/5] - INFO - len(per_windows_prompt):1
2024-12-21 12:56:46,215 - [Process 1/5] - INFO - res.shape is :torch.Size([13])
2024-12-21 12:56:46,367 - [Process 1/5] - INFO - len(per_windows_prompt):1
2024-12-21 12:56:49,706 - [Process 1/5] - INFO - res.shape is :torch.Size([3])
2024-12-21 12:56:49,770 - [Process 1/5] - INFO - len(per_windows_prompt):1
2024-12-21 12:56:52,077 - [Process 1/5] - INFO - res.shape is :torch.Size([27])
2024-12-21 12:56:52,261 - [Process 1/5] - INFO - len(per_windows_prompt):1
2024-12-21 12:56:56,537 - [Process 1/5] - INFO - res.shape is :torch.Size([9])
