2024-12-21 18:12:04,746 - [Process 2/5] - INFO - loading datasets finished
2024-12-21 18:12:04,746 - [Process 2/5] - INFO - model_max_len: 3950
2024-12-21 18:12:04,746 - [Process 2/5] - INFO - output_max_len: 32
2024-12-21 18:12:04,792 - [Process 2/5] - INFO - Max Length is 12697
2024-12-21 18:12:04,793 - [Process 2/5] - INFO - Finish loading dataset
2024-12-21 18:12:04,793 - [Process 2/5] - INFO - get_predicted begin
2024-12-21 18:12:09,536 - [Process 2/5] - INFO - len(per_windows_prompt):2
2024-12-21 18:12:14,033 - [Process 2/5] - INFO - res.shape is :torch.Size([7])
2024-12-21 18:12:14,211 - [Process 2/5] - INFO - len(per_windows_prompt):2
2024-12-21 18:12:18,283 - [Process 2/5] - INFO - res.shape is :torch.Size([7])
2024-12-21 18:12:18,454 - [Process 2/5] - INFO - len(per_windows_prompt):2
2024-12-21 18:12:22,617 - [Process 2/5] - INFO - res.shape is :torch.Size([8])
2024-12-21 18:12:22,748 - [Process 2/5] - INFO - len(per_windows_prompt):2
2024-12-21 18:12:26,610 - [Process 2/5] - INFO - res.shape is :torch.Size([5])
2024-12-21 18:12:26,781 - [Process 2/5] - INFO - len(per_windows_prompt):2
2024-12-21 18:12:30,611 - [Process 2/5] - INFO - res.shape is :torch.Size([4])
2024-12-21 18:12:30,725 - [Process 2/5] - INFO - len(per_windows_prompt):2
2024-12-21 18:12:34,603 - [Process 2/5] - INFO - res.shape is :torch.Size([2])
2024-12-21 18:12:34,774 - [Process 2/5] - INFO - len(per_windows_prompt):2
2024-12-21 18:12:38,861 - [Process 2/5] - INFO - res.shape is :torch.Size([6])
2024-12-21 18:12:39,029 - [Process 2/5] - INFO - len(per_windows_prompt):2
2024-12-21 18:12:42,936 - [Process 2/5] - INFO - res.shape is :torch.Size([5])
2024-12-21 18:12:43,097 - [Process 2/5] - INFO - len(per_windows_prompt):2
2024-12-21 18:12:47,013 - [Process 2/5] - INFO - res.shape is :torch.Size([6])
2024-12-21 18:12:47,154 - [Process 2/5] - INFO - len(per_windows_prompt):2
2024-12-21 18:12:51,131 - [Process 2/5] - INFO - res.shape is :torch.Size([7])
2024-12-21 18:12:51,273 - [Process 2/5] - INFO - len(per_windows_prompt):2
2024-12-21 18:12:55,299 - [Process 2/5] - INFO - res.shape is :torch.Size([4])
2024-12-21 18:12:55,471 - [Process 2/5] - INFO - len(per_windows_prompt):2
2024-12-21 18:12:59,317 - [Process 2/5] - INFO - res.shape is :torch.Size([4])
2024-12-21 18:12:59,486 - [Process 2/5] - INFO - len(per_windows_prompt):2
2024-12-21 18:13:03,237 - [Process 2/5] - INFO - res.shape is :torch.Size([2])
2024-12-21 18:13:03,408 - [Process 2/5] - INFO - len(per_windows_prompt):2
2024-12-21 18:13:07,631 - [Process 2/5] - INFO - res.shape is :torch.Size([12])
2024-12-21 18:13:07,777 - [Process 2/5] - INFO - len(per_windows_prompt):2
2024-12-21 18:13:11,548 - [Process 2/5] - INFO - res.shape is :torch.Size([2])
2024-12-21 18:13:11,719 - [Process 2/5] - INFO - len(per_windows_prompt):2
2024-12-21 18:13:15,742 - [Process 2/5] - INFO - res.shape is :torch.Size([8])
2024-12-21 18:13:15,918 - [Process 2/5] - INFO - len(per_windows_prompt):2
2024-12-21 18:13:19,780 - [Process 2/5] - INFO - res.shape is :torch.Size([3])
2024-12-21 18:13:19,940 - [Process 2/5] - INFO - len(per_windows_prompt):2
2024-12-21 18:13:23,979 - [Process 2/5] - INFO - res.shape is :torch.Size([5])
2024-12-21 18:13:24,113 - [Process 2/5] - INFO - len(per_windows_prompt):2
2024-12-21 18:13:28,141 - [Process 2/5] - INFO - res.shape is :torch.Size([5])
2024-12-21 18:13:28,312 - [Process 2/5] - INFO - len(per_windows_prompt):2
2024-12-21 18:13:32,848 - [Process 2/5] - INFO - res.shape is :torch.Size([16])
2024-12-21 18:13:33,014 - [Process 2/5] - INFO - len(per_windows_prompt):2
2024-12-21 18:13:36,884 - [Process 2/5] - INFO - res.shape is :torch.Size([4])
2024-12-21 18:13:37,049 - [Process 2/5] - INFO - len(per_windows_prompt):2
2024-12-21 18:13:40,939 - [Process 2/5] - INFO - res.shape is :torch.Size([4])
2024-12-21 18:13:41,083 - [Process 2/5] - INFO - len(per_windows_prompt):2
2024-12-21 18:13:45,153 - [Process 2/5] - INFO - res.shape is :torch.Size([7])
2024-12-21 18:13:45,285 - [Process 2/5] - INFO - len(per_windows_prompt):2
2024-12-21 18:13:49,312 - [Process 2/5] - INFO - res.shape is :torch.Size([6])
2024-12-21 18:13:49,486 - [Process 2/5] - INFO - len(per_windows_prompt):2
2024-12-21 18:13:53,357 - [Process 2/5] - INFO - res.shape is :torch.Size([4])
2024-12-21 18:13:53,527 - [Process 2/5] - INFO - len(per_windows_prompt):2
2024-12-21 18:13:57,328 - [Process 2/5] - INFO - res.shape is :torch.Size([2])
2024-12-21 18:13:57,507 - [Process 2/5] - INFO - len(per_windows_prompt):2
2024-12-21 18:14:02,052 - [Process 2/5] - INFO - res.shape is :torch.Size([17])
2024-12-21 18:14:02,216 - [Process 2/5] - INFO - len(per_windows_prompt):2
2024-12-21 18:14:06,191 - [Process 2/5] - INFO - res.shape is :torch.Size([6])
2024-12-21 18:14:06,361 - [Process 2/5] - INFO - len(per_windows_prompt):2
2024-12-21 18:14:10,346 - [Process 2/5] - INFO - res.shape is :torch.Size([6])
2024-12-21 18:14:10,489 - [Process 2/5] - INFO - len(per_windows_prompt):2
2024-12-21 18:14:14,530 - [Process 2/5] - INFO - res.shape is :torch.Size([5])
2024-12-21 18:14:14,705 - [Process 2/5] - INFO - len(per_windows_prompt):2
2024-12-21 18:14:18,653 - [Process 2/5] - INFO - res.shape is :torch.Size([4])
2024-12-21 18:14:18,823 - [Process 2/5] - INFO - len(per_windows_prompt):2
2024-12-21 18:14:22,971 - [Process 2/5] - INFO - res.shape is :torch.Size([6])
2024-12-21 18:14:23,135 - [Process 2/5] - INFO - len(per_windows_prompt):2
2024-12-21 18:14:27,039 - [Process 2/5] - INFO - res.shape is :torch.Size([4])
2024-12-21 18:14:27,202 - [Process 2/5] - INFO - len(per_windows_prompt):2
2024-12-21 18:14:30,990 - [Process 2/5] - INFO - res.shape is :torch.Size([2])
2024-12-21 18:14:31,102 - [Process 2/5] - INFO - len(per_windows_prompt):2
2024-12-21 18:14:34,980 - [Process 2/5] - INFO - res.shape is :torch.Size([4])
2024-12-21 18:14:35,128 - [Process 2/5] - INFO - len(per_windows_prompt):2
2024-12-21 18:14:38,965 - [Process 2/5] - INFO - res.shape is :torch.Size([3])
2024-12-21 18:14:39,112 - [Process 2/5] - INFO - len(per_windows_prompt):2
2024-12-21 18:14:43,061 - [Process 2/5] - INFO - res.shape is :torch.Size([5])
2024-12-21 18:14:43,232 - [Process 2/5] - INFO - len(per_windows_prompt):2
2024-12-21 18:14:47,465 - [Process 2/5] - INFO - res.shape is :torch.Size([10])
2024-12-21 18:14:47,617 - [Process 2/5] - INFO - len(per_windows_prompt):2
2024-12-21 18:14:51,678 - [Process 2/5] - INFO - res.shape is :torch.Size([4])
2024-12-21 18:14:51,844 - [Process 2/5] - INFO - len(per_windows_prompt):2
2024-12-21 18:14:56,005 - [Process 2/5] - INFO - res.shape is :torch.Size([8])
