2024-12-21 11:46:36,852 - [Process 0/1] - INFO - loading datasets finished
2024-12-21 11:46:36,853 - [Process 0/1] - INFO - model_max_len: 3950
2024-12-21 11:46:36,853 - [Process 0/1] - INFO - output_max_len: 64
2024-12-21 11:46:36,868 - [Process 0/1] - INFO - Max Length is 10337
2024-12-21 11:46:36,868 - [Process 0/1] - INFO - Finish loading dataset
2024-12-21 11:46:36,869 - [Process 0/1] - INFO - get_predicted begin
2024-12-21 11:46:36,918 - [Process 0/1] - INFO - len(per_windows_prompt):1
2024-12-21 11:46:39,303 - [Process 0/1] - INFO - res.shape is :torch.Size([6])
2024-12-21 11:46:39,445 - [Process 0/1] - INFO - len(per_windows_prompt):1
2024-12-21 11:46:43,843 - [Process 0/1] - INFO - res.shape is :torch.Size([13])
2024-12-21 11:46:43,965 - [Process 0/1] - INFO - len(per_windows_prompt):1
2024-12-21 11:46:48,807 - [Process 0/1] - INFO - res.shape is :torch.Size([24])
2024-12-21 11:46:48,960 - [Process 0/1] - INFO - len(per_windows_prompt):1
2024-12-21 11:46:53,371 - [Process 0/1] - INFO - res.shape is :torch.Size([13])
2024-12-21 11:46:53,498 - [Process 0/1] - INFO - len(per_windows_prompt):1
2024-12-21 11:46:57,994 - [Process 0/1] - INFO - res.shape is :torch.Size([15])
2024-12-21 11:46:58,125 - [Process 0/1] - INFO - len(per_windows_prompt):1
2024-12-21 11:47:03,061 - [Process 0/1] - INFO - res.shape is :torch.Size([26])
2024-12-21 11:47:03,193 - [Process 0/1] - INFO - len(per_windows_prompt):1
2024-12-21 11:47:07,653 - [Process 0/1] - INFO - res.shape is :torch.Size([14])
2024-12-21 11:47:07,748 - [Process 0/1] - INFO - len(per_windows_prompt):1
2024-12-21 11:47:11,335 - [Process 0/1] - INFO - res.shape is :torch.Size([5])
2024-12-21 11:47:11,391 - [Process 0/1] - INFO - len(per_windows_prompt):1
2024-12-21 11:47:13,997 - [Process 0/1] - INFO - res.shape is :torch.Size([16])
2024-12-21 11:47:14,142 - [Process 0/1] - INFO - len(per_windows_prompt):1
2024-12-21 11:47:18,410 - [Process 0/1] - INFO - res.shape is :torch.Size([9])
2024-12-21 11:47:18,537 - [Process 0/1] - INFO - len(per_windows_prompt):1
2024-12-21 11:47:22,534 - [Process 0/1] - INFO - res.shape is :torch.Size([2])
2024-12-21 11:47:22,673 - [Process 0/1] - INFO - len(per_windows_prompt):1
2024-12-21 11:47:26,949 - [Process 0/1] - INFO - res.shape is :torch.Size([9])
2024-12-21 11:47:27,094 - [Process 0/1] - INFO - len(per_windows_prompt):1
2024-12-21 11:47:31,494 - [Process 0/1] - INFO - res.shape is :torch.Size([12])
2024-12-21 11:47:31,626 - [Process 0/1] - INFO - len(per_windows_prompt):1
