2024-12-21 13:32:40,372 - [Process 3/5] - INFO - loading datasets finished
2024-12-21 13:32:40,373 - [Process 3/5] - INFO - model_max_len: 3950
2024-12-21 13:32:40,373 - [Process 3/5] - INFO - output_max_len: 32
2024-12-21 13:32:40,445 - [Process 3/5] - INFO - Max Length is 11516
2024-12-21 13:32:40,446 - [Process 3/5] - INFO - Finish loading dataset
2024-12-21 13:32:40,446 - [Process 3/5] - INFO - get_predicted begin
2024-12-21 13:32:45,222 - [Process 3/5] - INFO - len(per_windows_prompt):1
2024-12-21 13:32:51,183 - [Process 3/5] - INFO - res.shape is :torch.Size([32])
2024-12-21 13:32:51,451 - [Process 3/5] - INFO - len(per_windows_prompt):1
2024-12-21 13:32:56,666 - [Process 3/5] - INFO - res.shape is :torch.Size([32])
2024-12-21 13:32:56,917 - [Process 3/5] - INFO - len(per_windows_prompt):1
2024-12-21 13:33:01,022 - [Process 3/5] - INFO - res.shape is :torch.Size([6])
2024-12-21 13:33:01,266 - [Process 3/5] - INFO - len(per_windows_prompt):1
2024-12-21 13:33:05,376 - [Process 3/5] - INFO - res.shape is :torch.Size([6])
2024-12-21 13:33:05,610 - [Process 3/5] - INFO - len(per_windows_prompt):1
2024-12-21 13:33:10,832 - [Process 3/5] - INFO - res.shape is :torch.Size([32])
2024-12-21 13:33:11,064 - [Process 3/5] - INFO - len(per_windows_prompt):1
2024-12-21 13:33:15,179 - [Process 3/5] - INFO - res.shape is :torch.Size([6])
2024-12-21 13:33:15,424 - [Process 3/5] - INFO - len(per_windows_prompt):1
2024-12-21 13:33:19,510 - [Process 3/5] - INFO - res.shape is :torch.Size([5])
2024-12-21 13:33:19,739 - [Process 3/5] - INFO - len(per_windows_prompt):1
2024-12-21 13:33:24,960 - [Process 3/5] - INFO - res.shape is :torch.Size([32])
2024-12-21 13:33:25,218 - [Process 3/5] - INFO - len(per_windows_prompt):1
2024-12-21 13:33:30,441 - [Process 3/5] - INFO - res.shape is :torch.Size([32])
2024-12-21 13:33:30,679 - [Process 3/5] - INFO - len(per_windows_prompt):1
2024-12-21 13:33:34,815 - [Process 3/5] - INFO - res.shape is :torch.Size([6])
2024-12-21 13:33:35,049 - [Process 3/5] - INFO - len(per_windows_prompt):1
2024-12-21 13:33:40,277 - [Process 3/5] - INFO - res.shape is :torch.Size([32])
2024-12-21 13:33:40,520 - [Process 3/5] - INFO - len(per_windows_prompt):1
2024-12-21 13:33:44,661 - [Process 3/5] - INFO - res.shape is :torch.Size([6])
2024-12-21 13:33:44,905 - [Process 3/5] - INFO - len(per_windows_prompt):1
2024-12-21 13:33:49,050 - [Process 3/5] - INFO - res.shape is :torch.Size([6])
2024-12-21 13:33:49,291 - [Process 3/5] - INFO - len(per_windows_prompt):1
2024-12-21 13:33:53,435 - [Process 3/5] - INFO - res.shape is :torch.Size([6])
2024-12-21 13:33:53,678 - [Process 3/5] - INFO - len(per_windows_prompt):1
2024-12-21 13:33:57,824 - [Process 3/5] - INFO - res.shape is :torch.Size([6])
2024-12-21 13:33:58,070 - [Process 3/5] - INFO - len(per_windows_prompt):1
2024-12-21 13:34:02,211 - [Process 3/5] - INFO - res.shape is :torch.Size([6])
2024-12-21 13:34:02,463 - [Process 3/5] - INFO - len(per_windows_prompt):1
2024-12-21 13:34:06,631 - [Process 3/5] - INFO - res.shape is :torch.Size([6])
2024-12-21 13:34:06,894 - [Process 3/5] - INFO - len(per_windows_prompt):1
2024-12-21 13:34:11,050 - [Process 3/5] - INFO - res.shape is :torch.Size([6])
2024-12-21 13:34:11,314 - [Process 3/5] - INFO - len(per_windows_prompt):1
2024-12-21 13:34:15,468 - [Process 3/5] - INFO - res.shape is :torch.Size([6])
2024-12-21 13:34:15,743 - [Process 3/5] - INFO - len(per_windows_prompt):1
2024-12-21 13:34:19,901 - [Process 3/5] - INFO - res.shape is :torch.Size([6])
2024-12-21 13:34:20,180 - [Process 3/5] - INFO - len(per_windows_prompt):1
2024-12-21 13:34:24,334 - [Process 3/5] - INFO - res.shape is :torch.Size([6])
2024-12-21 13:34:24,571 - [Process 3/5] - INFO - len(per_windows_prompt):1
2024-12-21 13:34:28,725 - [Process 3/5] - INFO - res.shape is :torch.Size([6])
2024-12-21 13:34:28,977 - [Process 3/5] - INFO - len(per_windows_prompt):1
2024-12-21 13:34:33,129 - [Process 3/5] - INFO - res.shape is :torch.Size([6])
2024-12-21 13:34:33,368 - [Process 3/5] - INFO - len(per_windows_prompt):1
2024-12-21 13:34:37,523 - [Process 3/5] - INFO - res.shape is :torch.Size([6])
2024-12-21 13:34:37,777 - [Process 3/5] - INFO - len(per_windows_prompt):1
2024-12-21 13:34:41,933 - [Process 3/5] - INFO - res.shape is :torch.Size([6])
2024-12-21 13:34:42,179 - [Process 3/5] - INFO - len(per_windows_prompt):1
2024-12-21 13:34:46,337 - [Process 3/5] - INFO - res.shape is :torch.Size([6])
2024-12-21 13:34:46,577 - [Process 3/5] - INFO - len(per_windows_prompt):1
2024-12-21 13:34:50,732 - [Process 3/5] - INFO - res.shape is :torch.Size([6])
2024-12-21 13:34:50,975 - [Process 3/5] - INFO - len(per_windows_prompt):1
2024-12-21 13:34:56,217 - [Process 3/5] - INFO - res.shape is :torch.Size([32])
2024-12-21 13:34:56,466 - [Process 3/5] - INFO - len(per_windows_prompt):1
2024-12-21 13:35:00,622 - [Process 3/5] - INFO - res.shape is :torch.Size([6])
2024-12-21 13:35:00,862 - [Process 3/5] - INFO - len(per_windows_prompt):1
2024-12-21 13:35:06,118 - [Process 3/5] - INFO - res.shape is :torch.Size([32])
2024-12-21 13:35:06,376 - [Process 3/5] - INFO - len(per_windows_prompt):1
2024-12-21 13:35:10,549 - [Process 3/5] - INFO - res.shape is :torch.Size([6])
2024-12-21 13:35:10,824 - [Process 3/5] - INFO - len(per_windows_prompt):1
2024-12-21 13:35:15,000 - [Process 3/5] - INFO - res.shape is :torch.Size([6])
2024-12-21 13:35:15,247 - [Process 3/5] - INFO - len(per_windows_prompt):1
2024-12-21 13:35:19,422 - [Process 3/5] - INFO - res.shape is :torch.Size([6])
2024-12-21 13:35:19,686 - [Process 3/5] - INFO - len(per_windows_prompt):1
2024-12-21 13:35:23,847 - [Process 3/5] - INFO - res.shape is :torch.Size([6])
2024-12-21 13:35:24,098 - [Process 3/5] - INFO - len(per_windows_prompt):1
2024-12-21 13:35:28,258 - [Process 3/5] - INFO - res.shape is :torch.Size([6])
2024-12-21 13:35:28,490 - [Process 3/5] - INFO - len(per_windows_prompt):1
2024-12-21 13:35:32,649 - [Process 3/5] - INFO - res.shape is :torch.Size([6])
2024-12-21 13:35:32,902 - [Process 3/5] - INFO - len(per_windows_prompt):1
2024-12-21 13:35:37,060 - [Process 3/5] - INFO - res.shape is :torch.Size([6])
2024-12-21 13:35:37,301 - [Process 3/5] - INFO - len(per_windows_prompt):1
2024-12-21 13:35:42,546 - [Process 3/5] - INFO - res.shape is :torch.Size([32])
2024-12-21 13:35:42,810 - [Process 3/5] - INFO - len(per_windows_prompt):1
2024-12-21 13:35:48,053 - [Process 3/5] - INFO - res.shape is :torch.Size([32])
2024-12-21 13:35:48,305 - [Process 3/5] - INFO - len(per_windows_prompt):1
2024-12-21 13:35:53,549 - [Process 3/5] - INFO - res.shape is :torch.Size([32])
