2024-12-21 16:23:21,776 - [Process 0/5] - INFO - loading datasets finished
2024-12-21 16:23:21,777 - [Process 0/5] - INFO - model_max_len: 3950
2024-12-21 16:23:21,777 - [Process 0/5] - INFO - output_max_len: 32
2024-12-21 16:23:21,851 - [Process 0/5] - INFO - Max Length is 11516
2024-12-21 16:23:21,851 - [Process 0/5] - INFO - Finish loading dataset
2024-12-21 16:23:21,852 - [Process 0/5] - INFO - get_predicted begin
2024-12-21 16:23:26,619 - [Process 0/5] - INFO - len(per_windows_prompt):1
2024-12-21 16:23:31,427 - [Process 0/5] - INFO - res.shape is :torch.Size([5])
2024-12-21 16:23:31,700 - [Process 0/5] - INFO - len(per_windows_prompt):1
2024-12-21 16:23:35,716 - [Process 0/5] - INFO - res.shape is :torch.Size([5])
2024-12-21 16:23:35,995 - [Process 0/5] - INFO - len(per_windows_prompt):1
2024-12-21 16:23:40,008 - [Process 0/5] - INFO - res.shape is :torch.Size([5])
2024-12-21 16:23:40,276 - [Process 0/5] - INFO - len(per_windows_prompt):1
2024-12-21 16:23:44,291 - [Process 0/5] - INFO - res.shape is :torch.Size([5])
2024-12-21 16:23:44,556 - [Process 0/5] - INFO - len(per_windows_prompt):1
2024-12-21 16:23:48,583 - [Process 0/5] - INFO - res.shape is :torch.Size([5])
2024-12-21 16:23:48,861 - [Process 0/5] - INFO - len(per_windows_prompt):1
2024-12-21 16:23:52,889 - [Process 0/5] - INFO - res.shape is :torch.Size([5])
2024-12-21 16:23:53,151 - [Process 0/5] - INFO - len(per_windows_prompt):1
2024-12-21 16:23:57,174 - [Process 0/5] - INFO - res.shape is :torch.Size([5])
2024-12-21 16:23:57,439 - [Process 0/5] - INFO - len(per_windows_prompt):1
2024-12-21 16:24:01,510 - [Process 0/5] - INFO - res.shape is :torch.Size([6])
2024-12-21 16:24:01,760 - [Process 0/5] - INFO - len(per_windows_prompt):1
2024-12-21 16:24:05,793 - [Process 0/5] - INFO - res.shape is :torch.Size([5])
2024-12-21 16:24:06,072 - [Process 0/5] - INFO - len(per_windows_prompt):1
2024-12-21 16:24:09,985 - [Process 0/5] - INFO - res.shape is :torch.Size([2])
2024-12-21 16:24:10,241 - [Process 0/5] - INFO - len(per_windows_prompt):1
2024-12-21 16:24:14,233 - [Process 0/5] - INFO - res.shape is :torch.Size([4])
2024-12-21 16:24:14,489 - [Process 0/5] - INFO - len(per_windows_prompt):1
2024-12-21 16:24:18,522 - [Process 0/5] - INFO - res.shape is :torch.Size([5])
2024-12-21 16:24:18,772 - [Process 0/5] - INFO - len(per_windows_prompt):1
2024-12-21 16:24:22,807 - [Process 0/5] - INFO - res.shape is :torch.Size([5])
2024-12-21 16:24:23,062 - [Process 0/5] - INFO - len(per_windows_prompt):1
2024-12-21 16:24:27,094 - [Process 0/5] - INFO - res.shape is :torch.Size([5])
2024-12-21 16:24:27,365 - [Process 0/5] - INFO - len(per_windows_prompt):1
2024-12-21 16:24:31,273 - [Process 0/5] - INFO - res.shape is :torch.Size([2])
2024-12-21 16:24:31,527 - [Process 0/5] - INFO - len(per_windows_prompt):1
2024-12-21 16:24:35,561 - [Process 0/5] - INFO - res.shape is :torch.Size([5])
2024-12-21 16:24:35,804 - [Process 0/5] - INFO - len(per_windows_prompt):1
2024-12-21 16:24:39,841 - [Process 0/5] - INFO - res.shape is :torch.Size([5])
2024-12-21 16:24:40,085 - [Process 0/5] - INFO - len(per_windows_prompt):1
2024-12-21 16:24:44,164 - [Process 0/5] - INFO - res.shape is :torch.Size([6])
2024-12-21 16:24:44,411 - [Process 0/5] - INFO - len(per_windows_prompt):1
2024-12-21 16:24:48,413 - [Process 0/5] - INFO - res.shape is :torch.Size([4])
2024-12-21 16:24:48,679 - [Process 0/5] - INFO - len(per_windows_prompt):1
2024-12-21 16:24:52,598 - [Process 0/5] - INFO - res.shape is :torch.Size([2])
2024-12-21 16:24:52,851 - [Process 0/5] - INFO - len(per_windows_prompt):1
2024-12-21 16:24:56,855 - [Process 0/5] - INFO - res.shape is :torch.Size([4])
2024-12-21 16:24:57,108 - [Process 0/5] - INFO - len(per_windows_prompt):1
2024-12-21 16:25:01,112 - [Process 0/5] - INFO - res.shape is :torch.Size([4])
2024-12-21 16:25:01,354 - [Process 0/5] - INFO - len(per_windows_prompt):1
2024-12-21 16:25:05,358 - [Process 0/5] - INFO - res.shape is :torch.Size([4])
2024-12-21 16:25:05,605 - [Process 0/5] - INFO - len(per_windows_prompt):1
2024-12-21 16:25:09,652 - [Process 0/5] - INFO - res.shape is :torch.Size([5])
2024-12-21 16:25:09,892 - [Process 0/5] - INFO - len(per_windows_prompt):1
2024-12-21 16:25:13,943 - [Process 0/5] - INFO - res.shape is :torch.Size([5])
2024-12-21 16:25:14,178 - [Process 0/5] - INFO - len(per_windows_prompt):1
2024-12-21 16:25:18,226 - [Process 0/5] - INFO - res.shape is :torch.Size([5])
2024-12-21 16:25:18,486 - [Process 0/5] - INFO - len(per_windows_prompt):1
2024-12-21 16:25:22,494 - [Process 0/5] - INFO - res.shape is :torch.Size([4])
2024-12-21 16:25:22,742 - [Process 0/5] - INFO - len(per_windows_prompt):1
2024-12-21 16:25:26,793 - [Process 0/5] - INFO - res.shape is :torch.Size([5])
2024-12-21 16:25:27,048 - [Process 0/5] - INFO - len(per_windows_prompt):1
2024-12-21 16:25:31,140 - [Process 0/5] - INFO - res.shape is :torch.Size([6])
2024-12-21 16:25:31,367 - [Process 0/5] - INFO - len(per_windows_prompt):1
2024-12-21 16:25:35,420 - [Process 0/5] - INFO - res.shape is :torch.Size([5])
2024-12-21 16:25:35,677 - [Process 0/5] - INFO - len(per_windows_prompt):1
2024-12-21 16:25:39,731 - [Process 0/5] - INFO - res.shape is :torch.Size([5])
2024-12-21 16:25:39,971 - [Process 0/5] - INFO - len(per_windows_prompt):1
2024-12-21 16:25:44,066 - [Process 0/5] - INFO - res.shape is :torch.Size([6])
2024-12-21 16:25:44,324 - [Process 0/5] - INFO - len(per_windows_prompt):1
2024-12-21 16:25:48,250 - [Process 0/5] - INFO - res.shape is :torch.Size([2])
2024-12-21 16:25:48,484 - [Process 0/5] - INFO - len(per_windows_prompt):1
2024-12-21 16:25:52,536 - [Process 0/5] - INFO - res.shape is :torch.Size([5])
2024-12-21 16:25:52,788 - [Process 0/5] - INFO - len(per_windows_prompt):1
2024-12-21 16:25:56,839 - [Process 0/5] - INFO - res.shape is :torch.Size([5])
2024-12-21 16:25:57,092 - [Process 0/5] - INFO - len(per_windows_prompt):1
2024-12-21 16:26:01,146 - [Process 0/5] - INFO - res.shape is :torch.Size([5])
2024-12-21 16:26:01,403 - [Process 0/5] - INFO - len(per_windows_prompt):1
2024-12-21 16:26:05,331 - [Process 0/5] - INFO - res.shape is :torch.Size([2])
2024-12-21 16:26:05,576 - [Process 0/5] - INFO - len(per_windows_prompt):1
2024-12-21 16:26:09,672 - [Process 0/5] - INFO - res.shape is :torch.Size([6])
2024-12-21 16:26:09,928 - [Process 0/5] - INFO - len(per_windows_prompt):1
2024-12-21 16:26:13,980 - [Process 0/5] - INFO - res.shape is :torch.Size([5])
2024-12-21 16:26:14,212 - [Process 0/5] - INFO - len(per_windows_prompt):1
2024-12-21 16:26:18,224 - [Process 0/5] - INFO - res.shape is :torch.Size([4])
