2024-12-21 15:46:16,097 - [Process 2/5] - INFO - loading datasets finished
2024-12-21 15:46:16,098 - [Process 2/5] - INFO - model_max_len: 3950
2024-12-21 15:46:16,098 - [Process 2/5] - INFO - output_max_len: 64
2024-12-21 15:46:16,124 - [Process 2/5] - INFO - Max Length is 10337
2024-12-21 15:46:16,125 - [Process 2/5] - INFO - Finish loading dataset
2024-12-21 15:46:16,125 - [Process 2/5] - INFO - get_predicted begin
2024-12-21 15:46:20,944 - [Process 2/5] - INFO - len(per_windows_prompt):1
2024-12-21 15:46:25,592 - [Process 2/5] - INFO - res.shape is :torch.Size([2])
2024-12-21 15:46:25,836 - [Process 2/5] - INFO - len(per_windows_prompt):1
2024-12-21 15:46:30,241 - [Process 2/5] - INFO - res.shape is :torch.Size([14])
2024-12-21 15:46:30,390 - [Process 2/5] - INFO - len(per_windows_prompt):1
2024-12-21 15:46:33,747 - [Process 2/5] - INFO - res.shape is :torch.Size([5])
2024-12-21 15:46:33,928 - [Process 2/5] - INFO - len(per_windows_prompt):1
2024-12-21 15:46:37,600 - [Process 2/5] - INFO - res.shape is :torch.Size([4])
2024-12-21 15:46:37,694 - [Process 2/5] - INFO - len(per_windows_prompt):1
2024-12-21 15:46:39,809 - [Process 2/5] - INFO - res.shape is :torch.Size([7])
2024-12-21 15:46:40,026 - [Process 2/5] - INFO - len(per_windows_prompt):1
2024-12-21 15:46:44,271 - [Process 2/5] - INFO - res.shape is :torch.Size([10])
2024-12-21 15:46:44,510 - [Process 2/5] - INFO - len(per_windows_prompt):1
2024-12-21 15:46:48,418 - [Process 2/5] - INFO - res.shape is :torch.Size([2])
2024-12-21 15:46:48,622 - [Process 2/5] - INFO - len(per_windows_prompt):1
2024-12-21 15:46:53,795 - [Process 2/5] - INFO - res.shape is :torch.Size([32])
2024-12-21 15:46:53,981 - [Process 2/5] - INFO - len(per_windows_prompt):1
2024-12-21 15:46:58,147 - [Process 2/5] - INFO - res.shape is :torch.Size([8])
2024-12-21 15:46:58,329 - [Process 2/5] - INFO - len(per_windows_prompt):1
2024-12-21 15:47:02,529 - [Process 2/5] - INFO - res.shape is :torch.Size([9])
2024-12-21 15:47:02,634 - [Process 2/5] - INFO - len(per_windows_prompt):1
2024-12-21 15:47:05,416 - [Process 2/5] - INFO - res.shape is :torch.Size([17])
2024-12-21 15:47:05,497 - [Process 2/5] - INFO - len(per_windows_prompt):1
2024-12-21 15:47:07,232 - [Process 2/5] - INFO - res.shape is :torch.Size([3])
2024-12-21 15:47:07,435 - [Process 2/5] - INFO - len(per_windows_prompt):1
2024-12-21 15:47:12,449 - [Process 2/5] - INFO - res.shape is :torch.Size([28])
2024-12-21 15:47:12,673 - [Process 2/5] - INFO - len(per_windows_prompt):1
2024-12-21 15:47:17,658 - [Process 2/5] - INFO - res.shape is :torch.Size([26])
2024-12-21 15:47:17,915 - [Process 2/5] - INFO - len(per_windows_prompt):1
2024-12-21 15:47:22,637 - [Process 2/5] - INFO - res.shape is :torch.Size([21])
2024-12-21 15:47:22,878 - [Process 2/5] - INFO - len(per_windows_prompt):1
2024-12-21 15:47:27,007 - [Process 2/5] - INFO - res.shape is :torch.Size([7])
2024-12-21 15:47:27,167 - [Process 2/5] - INFO - len(per_windows_prompt):1
2024-12-21 15:47:30,922 - [Process 2/5] - INFO - res.shape is :torch.Size([9])
2024-12-21 15:47:31,124 - [Process 2/5] - INFO - len(per_windows_prompt):1
2024-12-21 15:47:35,897 - [Process 2/5] - INFO - res.shape is :torch.Size([22])
2024-12-21 15:47:36,086 - [Process 2/5] - INFO - len(per_windows_prompt):1
2024-12-21 15:47:41,154 - [Process 2/5] - INFO - res.shape is :torch.Size([29])
2024-12-21 15:47:41,359 - [Process 2/5] - INFO - len(per_windows_prompt):1
2024-12-21 15:47:45,299 - [Process 2/5] - INFO - res.shape is :torch.Size([2])
2024-12-21 15:47:45,511 - [Process 2/5] - INFO - len(per_windows_prompt):1
2024-12-21 15:47:49,834 - [Process 2/5] - INFO - res.shape is :torch.Size([11])
2024-12-21 15:47:50,045 - [Process 2/5] - INFO - len(per_windows_prompt):1
2024-12-21 15:47:54,902 - [Process 2/5] - INFO - res.shape is :torch.Size([23])
2024-12-21 15:47:55,080 - [Process 2/5] - INFO - len(per_windows_prompt):1
2024-12-21 15:48:00,071 - [Process 2/5] - INFO - res.shape is :torch.Size([27])
2024-12-21 15:48:00,155 - [Process 2/5] - INFO - len(per_windows_prompt):1
2024-12-21 15:48:01,918 - [Process 2/5] - INFO - res.shape is :torch.Size([3])
2024-12-21 15:48:02,108 - [Process 2/5] - INFO - len(per_windows_prompt):1
2024-12-21 15:48:06,182 - [Process 2/5] - INFO - res.shape is :torch.Size([5])
2024-12-21 15:48:06,433 - [Process 2/5] - INFO - len(per_windows_prompt):1
2024-12-21 15:48:12,831 - [Process 2/5] - INFO - res.shape is :torch.Size([60])
2024-12-21 15:48:12,917 - [Process 2/5] - INFO - len(per_windows_prompt):1
2024-12-21 15:48:14,949 - [Process 2/5] - INFO - res.shape is :torch.Size([10])
2024-12-21 15:48:15,082 - [Process 2/5] - INFO - len(per_windows_prompt):1
2024-12-21 15:48:18,243 - [Process 2/5] - INFO - res.shape is :torch.Size([4])
2024-12-21 15:48:18,431 - [Process 2/5] - INFO - len(per_windows_prompt):1
2024-12-21 15:48:22,884 - [Process 2/5] - INFO - res.shape is :torch.Size([14])
2024-12-21 15:48:23,078 - [Process 2/5] - INFO - len(per_windows_prompt):1
2024-12-21 15:48:27,028 - [Process 2/5] - INFO - res.shape is :torch.Size([2])
