2024-12-21 17:07:42,583 - [Process 1/5] - INFO - loading datasets finished
2024-12-21 17:07:42,584 - [Process 1/5] - INFO - model_max_len: 3950
2024-12-21 17:07:42,584 - [Process 1/5] - INFO - output_max_len: 512
2024-12-21 17:07:42,627 - [Process 1/5] - INFO - Max Length is 40508
2024-12-21 17:07:42,627 - [Process 1/5] - INFO - Finish loading dataset
2024-12-21 17:07:42,628 - [Process 1/5] - INFO - get_predicted begin
2024-12-21 17:07:47,369 - [Process 1/5] - INFO - len(per_windows_prompt):1
2024-12-21 17:07:57,540 - [Process 1/5] - INFO - res.shape is :torch.Size([131])
2024-12-21 17:07:57,753 - [Process 1/5] - INFO - len(per_windows_prompt):1
2024-12-21 17:08:13,514 - [Process 1/5] - INFO - res.shape is :torch.Size([260])
2024-12-21 17:08:13,696 - [Process 1/5] - INFO - len(per_windows_prompt):1
2024-12-21 17:08:23,166 - [Process 1/5] - INFO - res.shape is :torch.Size([142])
2024-12-21 17:08:23,326 - [Process 1/5] - INFO - len(per_windows_prompt):1
2024-12-21 17:08:36,744 - [Process 1/5] - INFO - res.shape is :torch.Size([240])
2024-12-21 17:08:36,974 - [Process 1/5] - INFO - len(per_windows_prompt):1
2024-12-21 17:08:48,958 - [Process 1/5] - INFO - res.shape is :torch.Size([204])
2024-12-21 17:08:49,163 - [Process 1/5] - INFO - len(per_windows_prompt):1
2024-12-21 17:09:03,295 - [Process 1/5] - INFO - res.shape is :torch.Size([258])
2024-12-21 17:09:03,522 - [Process 1/5] - INFO - len(per_windows_prompt):1
2024-12-21 17:09:14,329 - [Process 1/5] - INFO - res.shape is :torch.Size([175])
2024-12-21 17:09:14,480 - [Process 1/5] - INFO - len(per_windows_prompt):1
2024-12-21 17:09:26,815 - [Process 1/5] - INFO - res.shape is :torch.Size([213])
2024-12-21 17:09:26,972 - [Process 1/5] - INFO - len(per_windows_prompt):1
2024-12-21 17:09:36,980 - [Process 1/5] - INFO - res.shape is :torch.Size([155])
2024-12-21 17:09:37,132 - [Process 1/5] - INFO - len(per_windows_prompt):1
2024-12-21 17:09:48,342 - [Process 1/5] - INFO - res.shape is :torch.Size([185])
2024-12-21 17:09:48,482 - [Process 1/5] - INFO - len(per_windows_prompt):1
2024-12-21 17:10:01,215 - [Process 1/5] - INFO - res.shape is :torch.Size([223])
2024-12-21 17:10:01,353 - [Process 1/5] - INFO - len(per_windows_prompt):1
2024-12-21 17:10:19,382 - [Process 1/5] - INFO - res.shape is :torch.Size([347])
2024-12-21 17:10:19,560 - [Process 1/5] - INFO - len(per_windows_prompt):1
2024-12-21 17:10:33,341 - [Process 1/5] - INFO - res.shape is :torch.Size([249])
2024-12-21 17:10:33,527 - [Process 1/5] - INFO - len(per_windows_prompt):1
2024-12-21 17:10:46,506 - [Process 1/5] - INFO - res.shape is :torch.Size([229])
2024-12-21 17:10:46,646 - [Process 1/5] - INFO - len(per_windows_prompt):1
2024-12-21 17:11:00,065 - [Process 1/5] - INFO - res.shape is :torch.Size([240])
2024-12-21 17:11:00,194 - [Process 1/5] - INFO - len(per_windows_prompt):1
2024-12-21 17:11:15,653 - [Process 1/5] - INFO - res.shape is :torch.Size([290])
2024-12-21 17:11:15,997 - [Process 1/5] - INFO - len(per_windows_prompt):1
2024-12-21 17:11:30,837 - [Process 1/5] - INFO - res.shape is :torch.Size([275])
2024-12-21 17:11:30,974 - [Process 1/5] - INFO - len(per_windows_prompt):1
2024-12-21 17:11:42,103 - [Process 1/5] - INFO - res.shape is :torch.Size([183])
2024-12-21 17:11:42,232 - [Process 1/5] - INFO - len(per_windows_prompt):1
2024-12-21 17:11:54,407 - [Process 1/5] - INFO - res.shape is :torch.Size([209])
2024-12-21 17:11:54,751 - [Process 1/5] - INFO - len(per_windows_prompt):1
2024-12-21 17:12:12,050 - [Process 1/5] - INFO - res.shape is :torch.Size([336])
2024-12-21 17:12:12,196 - [Process 1/5] - INFO - len(per_windows_prompt):1
2024-12-21 17:12:24,899 - [Process 1/5] - INFO - res.shape is :torch.Size([222])
2024-12-21 17:12:25,023 - [Process 1/5] - INFO - len(per_windows_prompt):1
2024-12-21 17:12:38,621 - [Process 1/5] - INFO - res.shape is :torch.Size([244])
2024-12-21 17:12:38,763 - [Process 1/5] - INFO - len(per_windows_prompt):1
2024-12-21 17:12:50,027 - [Process 1/5] - INFO - res.shape is :torch.Size([186])
2024-12-21 17:12:50,191 - [Process 1/5] - INFO - len(per_windows_prompt):1
2024-12-21 17:13:03,703 - [Process 1/5] - INFO - res.shape is :torch.Size([242])
2024-12-21 17:13:03,847 - [Process 1/5] - INFO - len(per_windows_prompt):1
2024-12-21 17:13:28,833 - [Process 1/5] - INFO - res.shape is :torch.Size([512])
2024-12-21 17:13:28,958 - [Process 1/5] - INFO - len(per_windows_prompt):1
2024-12-21 17:13:53,447 - [Process 1/5] - INFO - res.shape is :torch.Size([512])
2024-12-21 17:13:53,593 - [Process 1/5] - INFO - len(per_windows_prompt):1
2024-12-21 17:14:09,533 - [Process 1/5] - INFO - res.shape is :torch.Size([302])
2024-12-21 17:14:09,736 - [Process 1/5] - INFO - len(per_windows_prompt):1
2024-12-21 17:14:21,724 - [Process 1/5] - INFO - res.shape is :torch.Size([204])
2024-12-21 17:14:21,924 - [Process 1/5] - INFO - len(per_windows_prompt):1
2024-12-21 17:14:32,420 - [Process 1/5] - INFO - res.shape is :torch.Size([167])
2024-12-21 17:14:32,631 - [Process 1/5] - INFO - len(per_windows_prompt):1
2024-12-21 17:14:47,964 - [Process 1/5] - INFO - res.shape is :torch.Size([287])
2024-12-21 17:14:48,098 - [Process 1/5] - INFO - len(per_windows_prompt):1
2024-12-21 17:15:00,434 - [Process 1/5] - INFO - res.shape is :torch.Size([213])
2024-12-21 17:15:00,570 - [Process 1/5] - INFO - len(per_windows_prompt):1
2024-12-21 17:15:14,156 - [Process 1/5] - INFO - res.shape is :torch.Size([244])
2024-12-21 17:15:14,309 - [Process 1/5] - INFO - len(per_windows_prompt):1
2024-12-21 17:15:26,927 - [Process 1/5] - INFO - res.shape is :torch.Size([220])
2024-12-21 17:15:27,089 - [Process 1/5] - INFO - len(per_windows_prompt):1
2024-12-21 17:15:38,557 - [Process 1/5] - INFO - res.shape is :torch.Size([191])
2024-12-21 17:15:38,671 - [Process 1/5] - INFO - len(per_windows_prompt):1
2024-12-21 17:15:49,105 - [Process 1/5] - INFO - res.shape is :torch.Size([165])
2024-12-21 17:15:49,295 - [Process 1/5] - INFO - len(per_windows_prompt):1
2024-12-21 17:15:57,921 - [Process 1/5] - INFO - res.shape is :torch.Size([120])
2024-12-21 17:15:58,144 - [Process 1/5] - INFO - len(per_windows_prompt):1
2024-12-21 17:16:12,209 - [Process 1/5] - INFO - res.shape is :torch.Size([256])
2024-12-21 17:16:12,333 - [Process 1/5] - INFO - len(per_windows_prompt):1
2024-12-21 17:16:36,814 - [Process 1/5] - INFO - res.shape is :torch.Size([512])
2024-12-21 17:16:36,925 - [Process 1/5] - INFO - len(per_windows_prompt):1
2024-12-21 17:16:47,256 - [Process 1/5] - INFO - res.shape is :torch.Size([175])
2024-12-21 17:16:47,418 - [Process 1/5] - INFO - len(per_windows_prompt):1
2024-12-21 17:17:00,040 - [Process 1/5] - INFO - res.shape is :torch.Size([220])
