2024-12-21 01:53:29,438 - [Process 0/1] - INFO - loading datasets finished
2024-12-21 01:53:29,439 - [Process 0/1] - INFO - model_max_len: 3950
2024-12-21 01:53:29,439 - [Process 0/1] - INFO - output_max_len: 128
2024-12-21 01:53:29,475 - [Process 0/1] - INFO - Max Length is 12252
2024-12-21 01:53:29,475 - [Process 0/1] - INFO - Finish loading dataset
2024-12-21 01:53:29,476 - [Process 0/1] - INFO - get_predicted begin
2024-12-21 01:53:29,606 - [Process 0/1] - INFO - len(per_windows_prompt):2
2024-12-21 01:53:33,991 - [Process 0/1] - INFO - res.shape is :torch.Size([7])
2024-12-21 01:53:34,068 - [Process 0/1] - INFO - len(per_windows_prompt):2
2024-12-21 01:53:38,424 - [Process 0/1] - INFO - res.shape is :torch.Size([36])
2024-12-21 01:53:38,574 - [Process 0/1] - INFO - len(per_windows_prompt):2
2024-12-21 01:53:43,061 - [Process 0/1] - INFO - res.shape is :torch.Size([20])
2024-12-21 01:53:43,184 - [Process 0/1] - INFO - len(per_windows_prompt):2
2024-12-21 01:53:49,336 - [Process 0/1] - INFO - res.shape is :torch.Size([57])
2024-12-21 01:53:49,467 - [Process 0/1] - INFO - len(per_windows_prompt):2
2024-12-21 01:53:56,090 - [Process 0/1] - INFO - res.shape is :torch.Size([60])
2024-12-21 01:53:56,240 - [Process 0/1] - INFO - len(per_windows_prompt):2
2024-12-21 01:54:02,709 - [Process 0/1] - INFO - res.shape is :torch.Size([66])
2024-12-21 01:54:02,871 - [Process 0/1] - INFO - len(per_windows_prompt):2
2024-12-21 01:54:09,914 - [Process 0/1] - INFO - res.shape is :torch.Size([78])
2024-12-21 01:54:10,074 - [Process 0/1] - INFO - len(per_windows_prompt):2
2024-12-21 01:54:15,531 - [Process 0/1] - INFO - res.shape is :torch.Size([42])
2024-12-21 01:54:15,670 - [Process 0/1] - INFO - len(per_windows_prompt):2
2024-12-21 01:54:20,158 - [Process 0/1] - INFO - res.shape is :torch.Size([18])
2024-12-21 01:54:20,249 - [Process 0/1] - INFO - len(per_windows_prompt):2
2024-12-21 01:54:25,855 - [Process 0/1] - INFO - res.shape is :torch.Size([57])
2024-12-21 01:54:25,985 - [Process 0/1] - INFO - len(per_windows_prompt):2
2024-12-21 01:54:30,339 - [Process 0/1] - INFO - res.shape is :torch.Size([16])
2024-12-21 01:54:30,467 - [Process 0/1] - INFO - len(per_windows_prompt):2
2024-12-21 01:54:35,920 - [Process 0/1] - INFO - res.shape is :torch.Size([39])
2024-12-21 01:54:36,032 - [Process 0/1] - INFO - len(per_windows_prompt):2
2024-12-21 01:54:41,698 - [Process 0/1] - INFO - res.shape is :torch.Size([46])
2024-12-21 01:54:41,843 - [Process 0/1] - INFO - len(per_windows_prompt):2
2024-12-21 01:54:46,999 - [Process 0/1] - INFO - res.shape is :torch.Size([36])
2024-12-21 01:54:47,134 - [Process 0/1] - INFO - len(per_windows_prompt):2
2024-12-21 01:54:52,062 - [Process 0/1] - INFO - res.shape is :torch.Size([28])
2024-12-21 01:54:52,192 - [Process 0/1] - INFO - len(per_windows_prompt):2
2024-12-21 01:54:56,875 - [Process 0/1] - INFO - res.shape is :torch.Size([24])
2024-12-21 01:54:56,982 - [Process 0/1] - INFO - len(per_windows_prompt):2
2024-12-21 01:55:01,675 - [Process 0/1] - INFO - res.shape is :torch.Size([22])
2024-12-21 01:55:01,772 - [Process 0/1] - INFO - len(per_windows_prompt):2
2024-12-21 01:55:05,871 - [Process 0/1] - INFO - res.shape is :torch.Size([19])
2024-12-21 01:55:06,022 - [Process 0/1] - INFO - len(per_windows_prompt):2
2024-12-21 01:55:10,740 - [Process 0/1] - INFO - res.shape is :torch.Size([25])
2024-12-21 01:55:10,850 - [Process 0/1] - INFO - len(per_windows_prompt):2
2024-12-21 01:55:15,145 - [Process 0/1] - INFO - res.shape is :torch.Size([18])
2024-12-21 01:55:15,303 - [Process 0/1] - INFO - len(per_windows_prompt):2
2024-12-21 01:55:19,735 - [Process 0/1] - INFO - res.shape is :torch.Size([19])
2024-12-21 01:55:19,890 - [Process 0/1] - INFO - len(per_windows_prompt):2
2024-12-21 01:55:24,447 - [Process 0/1] - INFO - res.shape is :torch.Size([21])
2024-12-21 01:55:24,545 - [Process 0/1] - INFO - len(per_windows_prompt):2
2024-12-21 01:55:29,884 - [Process 0/1] - INFO - res.shape is :torch.Size([41])
2024-12-21 01:55:30,002 - [Process 0/1] - INFO - len(per_windows_prompt):2
2024-12-21 01:55:35,027 - [Process 0/1] - INFO - res.shape is :torch.Size([26])
2024-12-21 01:55:35,178 - [Process 0/1] - INFO - len(per_windows_prompt):2
2024-12-21 01:55:40,562 - [Process 0/1] - INFO - res.shape is :torch.Size([38])
2024-12-21 01:55:40,671 - [Process 0/1] - INFO - len(per_windows_prompt):2
2024-12-21 01:55:46,906 - [Process 0/1] - INFO - res.shape is :torch.Size([56])
2024-12-21 01:55:47,038 - [Process 0/1] - INFO - len(per_windows_prompt):2
2024-12-21 01:55:51,247 - [Process 0/1] - INFO - res.shape is :torch.Size([13])
2024-12-21 01:55:51,392 - [Process 0/1] - INFO - len(per_windows_prompt):2
2024-12-21 01:55:56,338 - [Process 0/1] - INFO - res.shape is :torch.Size([32])
2024-12-21 01:55:56,465 - [Process 0/1] - INFO - len(per_windows_prompt):2
2024-12-21 01:56:02,016 - [Process 0/1] - INFO - res.shape is :torch.Size([39])
2024-12-21 01:56:02,182 - [Process 0/1] - INFO - len(per_windows_prompt):2
2024-12-21 01:56:06,898 - [Process 0/1] - INFO - res.shape is :torch.Size([24])
2024-12-21 01:56:07,009 - [Process 0/1] - INFO - len(per_windows_prompt):2
2024-12-21 01:56:13,234 - [Process 0/1] - INFO - res.shape is :torch.Size([57])
2024-12-21 01:56:13,353 - [Process 0/1] - INFO - len(per_windows_prompt):2
2024-12-21 01:56:17,625 - [Process 0/1] - INFO - res.shape is :torch.Size([15])
2024-12-21 01:56:17,740 - [Process 0/1] - INFO - len(per_windows_prompt):2
2024-12-21 01:56:24,245 - [Process 0/1] - INFO - res.shape is :torch.Size([59])
2024-12-21 01:56:24,394 - [Process 0/1] - INFO - len(per_windows_prompt):2
2024-12-21 01:56:29,058 - [Process 0/1] - INFO - res.shape is :torch.Size([25])
2024-12-21 01:56:29,121 - [Process 0/1] - INFO - len(per_windows_prompt):2
2024-12-21 01:56:32,468 - [Process 0/1] - INFO - res.shape is :torch.Size([32])
2024-12-21 01:56:32,619 - [Process 0/1] - INFO - len(per_windows_prompt):2
2024-12-21 01:56:36,889 - [Process 0/1] - INFO - res.shape is :torch.Size([15])
2024-12-21 01:56:37,031 - [Process 0/1] - INFO - len(per_windows_prompt):2
2024-12-21 01:56:42,494 - [Process 0/1] - INFO - res.shape is :torch.Size([37])
2024-12-21 01:56:42,644 - [Process 0/1] - INFO - len(per_windows_prompt):2
2024-12-21 01:56:48,587 - [Process 0/1] - INFO - res.shape is :torch.Size([52])
2024-12-21 01:56:48,726 - [Process 0/1] - INFO - len(per_windows_prompt):2
2024-12-21 01:56:53,798 - [Process 0/1] - INFO - res.shape is :torch.Size([25])
2024-12-21 01:56:53,903 - [Process 0/1] - INFO - len(per_windows_prompt):2
2024-12-21 01:57:00,981 - [Process 0/1] - INFO - res.shape is :torch.Size([77])
2024-12-21 01:57:01,091 - [Process 0/1] - INFO - len(per_windows_prompt):2
2024-12-21 01:57:05,795 - [Process 0/1] - INFO - res.shape is :torch.Size([24])
2024-12-21 01:57:05,843 - [Process 0/1] - INFO - len(per_windows_prompt):2
2024-12-21 01:57:09,215 - [Process 0/1] - INFO - res.shape is :torch.Size([42])
2024-12-21 01:57:09,333 - [Process 0/1] - INFO - len(per_windows_prompt):2
2024-12-21 01:57:16,153 - [Process 0/1] - INFO - res.shape is :torch.Size([63])
2024-12-21 01:57:16,307 - [Process 0/1] - INFO - len(per_windows_prompt):2
2024-12-21 01:57:21,057 - [Process 0/1] - INFO - res.shape is :torch.Size([24])
2024-12-21 01:57:21,198 - [Process 0/1] - INFO - len(per_windows_prompt):2
2024-12-21 01:57:26,021 - [Process 0/1] - INFO - res.shape is :torch.Size([27])
2024-12-21 01:57:26,157 - [Process 0/1] - INFO - len(per_windows_prompt):2
2024-12-21 01:57:32,810 - [Process 0/1] - INFO - res.shape is :torch.Size([60])
2024-12-21 01:57:32,885 - [Process 0/1] - INFO - len(per_windows_prompt):2
2024-12-21 01:57:36,630 - [Process 0/1] - INFO - res.shape is :torch.Size([28])
2024-12-21 01:57:36,750 - [Process 0/1] - INFO - len(per_windows_prompt):2
2024-12-21 01:57:41,372 - [Process 0/1] - INFO - res.shape is :torch.Size([26])
2024-12-21 01:57:41,425 - [Process 0/1] - INFO - len(per_windows_prompt):2
2024-12-21 01:57:44,308 - [Process 0/1] - INFO - res.shape is :torch.Size([29])
2024-12-21 01:57:44,446 - [Process 0/1] - INFO - len(per_windows_prompt):2
2024-12-21 01:57:49,260 - [Process 0/1] - INFO - res.shape is :torch.Size([25])
2024-12-21 01:57:49,366 - [Process 0/1] - INFO - len(per_windows_prompt):2
2024-12-21 01:57:53,945 - [Process 0/1] - INFO - res.shape is :torch.Size([19])
2024-12-21 01:57:54,099 - [Process 0/1] - INFO - len(per_windows_prompt):2
2024-12-21 01:57:59,069 - [Process 0/1] - INFO - res.shape is :torch.Size([32])
2024-12-21 01:57:59,216 - [Process 0/1] - INFO - len(per_windows_prompt):2
2024-12-21 01:58:03,859 - [Process 0/1] - INFO - res.shape is :torch.Size([20])
2024-12-21 01:58:04,001 - [Process 0/1] - INFO - len(per_windows_prompt):2
2024-12-21 01:58:10,203 - [Process 0/1] - INFO - res.shape is :torch.Size([52])
2024-12-21 01:58:10,309 - [Process 0/1] - INFO - len(per_windows_prompt):2
2024-12-21 01:58:14,731 - [Process 0/1] - INFO - res.shape is :torch.Size([21])
2024-12-21 01:58:14,864 - [Process 0/1] - INFO - len(per_windows_prompt):2
2024-12-21 01:58:19,321 - [Process 0/1] - INFO - res.shape is :torch.Size([18])
2024-12-21 01:58:19,479 - [Process 0/1] - INFO - len(per_windows_prompt):2
2024-12-21 01:58:25,436 - [Process 0/1] - INFO - res.shape is :torch.Size([41])
2024-12-21 01:58:25,503 - [Process 0/1] - INFO - len(per_windows_prompt):2
2024-12-21 01:58:28,608 - [Process 0/1] - INFO - res.shape is :torch.Size([22])
2024-12-21 01:58:28,716 - [Process 0/1] - INFO - len(per_windows_prompt):2
2024-12-21 01:58:33,344 - [Process 0/1] - INFO - res.shape is :torch.Size([21])
2024-12-21 01:58:33,503 - [Process 0/1] - INFO - len(per_windows_prompt):2
2024-12-21 01:58:41,007 - [Process 0/1] - INFO - res.shape is :torch.Size([85])
2024-12-21 01:58:41,113 - [Process 0/1] - INFO - len(per_windows_prompt):2
2024-12-21 01:58:45,306 - [Process 0/1] - INFO - res.shape is :torch.Size([13])
2024-12-21 01:58:45,457 - [Process 0/1] - INFO - len(per_windows_prompt):2
2024-12-21 01:58:50,330 - [Process 0/1] - INFO - res.shape is :torch.Size([27])
2024-12-21 01:58:50,444 - [Process 0/1] - INFO - len(per_windows_prompt):2
2024-12-21 01:58:55,486 - [Process 0/1] - INFO - res.shape is :torch.Size([30])
2024-12-21 01:58:55,614 - [Process 0/1] - INFO - len(per_windows_prompt):2
2024-12-21 01:58:59,998 - [Process 0/1] - INFO - res.shape is :torch.Size([18])
2024-12-21 01:59:00,143 - [Process 0/1] - INFO - len(per_windows_prompt):2
2024-12-21 01:59:04,555 - [Process 0/1] - INFO - res.shape is :torch.Size([18])
2024-12-21 01:59:04,702 - [Process 0/1] - INFO - len(per_windows_prompt):2
2024-12-21 01:59:09,804 - [Process 0/1] - INFO - res.shape is :torch.Size([35])
2024-12-21 01:59:09,871 - [Process 0/1] - INFO - len(per_windows_prompt):2
2024-12-21 01:59:13,456 - [Process 0/1] - INFO - res.shape is :torch.Size([28])
2024-12-21 01:59:13,586 - [Process 0/1] - INFO - len(per_windows_prompt):2
2024-12-21 01:59:18,052 - [Process 0/1] - INFO - res.shape is :torch.Size([19])
2024-12-21 01:59:18,179 - [Process 0/1] - INFO - len(per_windows_prompt):2
2024-12-21 01:59:23,559 - [Process 0/1] - INFO - res.shape is :torch.Size([35])
2024-12-21 01:59:23,602 - [Process 0/1] - INFO - len(per_windows_prompt):2
2024-12-21 01:59:26,215 - [Process 0/1] - INFO - res.shape is :torch.Size([31])
2024-12-21 01:59:26,349 - [Process 0/1] - INFO - len(per_windows_prompt):2
2024-12-21 01:59:31,329 - [Process 0/1] - INFO - res.shape is :torch.Size([29])
2024-12-21 01:59:31,455 - [Process 0/1] - INFO - len(per_windows_prompt):2
2024-12-21 01:59:36,465 - [Process 0/1] - INFO - res.shape is :torch.Size([33])
2024-12-21 01:59:36,559 - [Process 0/1] - INFO - len(per_windows_prompt):2
2024-12-21 01:59:40,718 - [Process 0/1] - INFO - res.shape is :torch.Size([21])
2024-12-21 01:59:40,841 - [Process 0/1] - INFO - len(per_windows_prompt):2
2024-12-21 01:59:46,038 - [Process 0/1] - INFO - res.shape is :torch.Size([36])
2024-12-21 01:59:46,168 - [Process 0/1] - INFO - len(per_windows_prompt):2
2024-12-21 01:59:51,064 - [Process 0/1] - INFO - res.shape is :torch.Size([28])
2024-12-21 01:59:51,172 - [Process 0/1] - INFO - len(per_windows_prompt):2
2024-12-21 01:59:57,615 - [Process 0/1] - INFO - res.shape is :torch.Size([64])
2024-12-21 01:59:57,766 - [Process 0/1] - INFO - len(per_windows_prompt):2
2024-12-21 02:00:02,572 - [Process 0/1] - INFO - res.shape is :torch.Size([26])
2024-12-21 02:00:02,718 - [Process 0/1] - INFO - len(per_windows_prompt):2
2024-12-21 02:00:08,644 - [Process 0/1] - INFO - res.shape is :torch.Size([54])
2024-12-21 02:00:08,767 - [Process 0/1] - INFO - len(per_windows_prompt):2
2024-12-21 02:00:13,471 - [Process 0/1] - INFO - res.shape is :torch.Size([24])
2024-12-21 02:00:13,627 - [Process 0/1] - INFO - len(per_windows_prompt):2
2024-12-21 02:00:19,104 - [Process 0/1] - INFO - res.shape is :torch.Size([31])
2024-12-21 02:00:19,224 - [Process 0/1] - INFO - len(per_windows_prompt):2
2024-12-21 02:00:24,196 - [Process 0/1] - INFO - res.shape is :torch.Size([30])
2024-12-21 02:00:24,354 - [Process 0/1] - INFO - len(per_windows_prompt):2
2024-12-21 02:00:30,513 - [Process 0/1] - INFO - res.shape is :torch.Size([48])
2024-12-21 02:00:30,629 - [Process 0/1] - INFO - len(per_windows_prompt):2
2024-12-21 02:00:35,379 - [Process 0/1] - INFO - res.shape is :torch.Size([25])
2024-12-21 02:00:35,495 - [Process 0/1] - INFO - len(per_windows_prompt):2
2024-12-21 02:00:39,881 - [Process 0/1] - INFO - res.shape is :torch.Size([18])
2024-12-21 02:00:40,024 - [Process 0/1] - INFO - len(per_windows_prompt):2
2024-12-21 02:00:45,196 - [Process 0/1] - INFO - res.shape is :torch.Size([33])
2024-12-21 02:00:45,302 - [Process 0/1] - INFO - len(per_windows_prompt):2
2024-12-21 02:00:50,320 - [Process 0/1] - INFO - res.shape is :torch.Size([27])
2024-12-21 02:00:50,421 - [Process 0/1] - INFO - len(per_windows_prompt):2
2024-12-21 02:00:54,955 - [Process 0/1] - INFO - res.shape is :torch.Size([24])
2024-12-21 02:00:55,052 - [Process 0/1] - INFO - len(per_windows_prompt):2
2024-12-21 02:00:59,690 - [Process 0/1] - INFO - res.shape is :torch.Size([30])
2024-12-21 02:00:59,823 - [Process 0/1] - INFO - len(per_windows_prompt):2
2024-12-21 02:01:04,221 - [Process 0/1] - INFO - res.shape is :torch.Size([19])
2024-12-21 02:01:04,360 - [Process 0/1] - INFO - len(per_windows_prompt):2
2024-12-21 02:01:10,359 - [Process 0/1] - INFO - res.shape is :torch.Size([51])
2024-12-21 02:01:10,436 - [Process 0/1] - INFO - len(per_windows_prompt):2
2024-12-21 02:01:16,469 - [Process 0/1] - INFO - res.shape is :torch.Size([87])
2024-12-21 02:01:16,599 - [Process 0/1] - INFO - len(per_windows_prompt):2
2024-12-21 02:01:22,075 - [Process 0/1] - INFO - res.shape is :torch.Size([45])
2024-12-21 02:01:22,223 - [Process 0/1] - INFO - len(per_windows_prompt):2
2024-12-21 02:01:27,085 - [Process 0/1] - INFO - res.shape is :torch.Size([28])
2024-12-21 02:01:27,213 - [Process 0/1] - INFO - len(per_windows_prompt):2
2024-12-21 02:01:31,483 - [Process 0/1] - INFO - res.shape is :torch.Size([15])
2024-12-21 02:01:31,620 - [Process 0/1] - INFO - len(per_windows_prompt):2
2024-12-21 02:01:36,120 - [Process 0/1] - INFO - res.shape is :torch.Size([20])
2024-12-21 02:01:36,286 - [Process 0/1] - INFO - len(per_windows_prompt):2
2024-12-21 02:01:40,660 - [Process 0/1] - INFO - res.shape is :torch.Size([19])
2024-12-21 02:01:40,773 - [Process 0/1] - INFO - len(per_windows_prompt):2
2024-12-21 02:01:45,398 - [Process 0/1] - INFO - res.shape is :torch.Size([24])
2024-12-21 02:01:45,553 - [Process 0/1] - INFO - len(per_windows_prompt):2
2024-12-21 02:01:50,615 - [Process 0/1] - INFO - res.shape is :torch.Size([34])
2024-12-21 02:01:50,687 - [Process 0/1] - INFO - len(per_windows_prompt):2
2024-12-21 02:01:55,243 - [Process 0/1] - INFO - res.shape is :torch.Size([52])
2024-12-21 02:01:55,376 - [Process 0/1] - INFO - len(per_windows_prompt):2
2024-12-21 02:02:00,121 - [Process 0/1] - INFO - res.shape is :torch.Size([25])
2024-12-21 02:02:00,263 - [Process 0/1] - INFO - len(per_windows_prompt):2
2024-12-21 02:02:06,032 - [Process 0/1] - INFO - res.shape is :torch.Size([46])
2024-12-21 02:02:06,170 - [Process 0/1] - INFO - len(per_windows_prompt):2
2024-12-21 02:02:13,690 - [Process 0/1] - INFO - res.shape is :torch.Size([83])
2024-12-21 02:02:13,823 - [Process 0/1] - INFO - len(per_windows_prompt):2
2024-12-21 02:02:18,356 - [Process 0/1] - INFO - res.shape is :torch.Size([17])
2024-12-21 02:02:18,453 - [Process 0/1] - INFO - len(per_windows_prompt):2
2024-12-21 02:02:23,558 - [Process 0/1] - INFO - res.shape is :torch.Size([42])
2024-12-21 02:02:23,647 - [Process 0/1] - INFO - len(per_windows_prompt):2
2024-12-21 02:02:28,858 - [Process 0/1] - INFO - res.shape is :torch.Size([54])
2024-12-21 02:02:28,987 - [Process 0/1] - INFO - len(per_windows_prompt):2
2024-12-21 02:02:34,911 - [Process 0/1] - INFO - res.shape is :torch.Size([54])
2024-12-21 02:02:35,023 - [Process 0/1] - INFO - len(per_windows_prompt):2
2024-12-21 02:02:39,788 - [Process 0/1] - INFO - res.shape is :torch.Size([26])
2024-12-21 02:02:39,913 - [Process 0/1] - INFO - len(per_windows_prompt):2
2024-12-21 02:02:44,806 - [Process 0/1] - INFO - res.shape is :torch.Size([30])
2024-12-21 02:02:44,927 - [Process 0/1] - INFO - len(per_windows_prompt):2
2024-12-21 02:02:50,590 - [Process 0/1] - INFO - res.shape is :torch.Size([42])
2024-12-21 02:02:50,708 - [Process 0/1] - INFO - len(per_windows_prompt):2
2024-12-21 02:02:55,445 - [Process 0/1] - INFO - res.shape is :torch.Size([23])
2024-12-21 02:02:55,556 - [Process 0/1] - INFO - len(per_windows_prompt):2
2024-12-21 02:03:01,245 - [Process 0/1] - INFO - res.shape is :torch.Size([38])
2024-12-21 02:03:01,388 - [Process 0/1] - INFO - len(per_windows_prompt):2
2024-12-21 02:03:06,147 - [Process 0/1] - INFO - res.shape is :torch.Size([26])
2024-12-21 02:03:06,271 - [Process 0/1] - INFO - len(per_windows_prompt):2
2024-12-21 02:03:11,570 - [Process 0/1] - INFO - res.shape is :torch.Size([38])
2024-12-21 02:03:11,683 - [Process 0/1] - INFO - len(per_windows_prompt):2
2024-12-21 02:03:17,155 - [Process 0/1] - INFO - res.shape is :torch.Size([33])
2024-12-21 02:03:17,270 - [Process 0/1] - INFO - len(per_windows_prompt):2
2024-12-21 02:03:21,778 - [Process 0/1] - INFO - res.shape is :torch.Size([19])
2024-12-21 02:03:21,877 - [Process 0/1] - INFO - len(per_windows_prompt):2
2024-12-21 02:03:26,561 - [Process 0/1] - INFO - res.shape is :torch.Size([25])
2024-12-21 02:03:26,648 - [Process 0/1] - INFO - len(per_windows_prompt):2
2024-12-21 02:03:31,577 - [Process 0/1] - INFO - res.shape is :torch.Size([35])
2024-12-21 02:03:31,742 - [Process 0/1] - INFO - len(per_windows_prompt):2
2024-12-21 02:03:37,368 - [Process 0/1] - INFO - res.shape is :torch.Size([41])
2024-12-21 02:03:37,488 - [Process 0/1] - INFO - len(per_windows_prompt):2
2024-12-21 02:03:45,017 - [Process 0/1] - INFO - res.shape is :torch.Size([83])
2024-12-21 02:03:45,135 - [Process 0/1] - INFO - len(per_windows_prompt):2
2024-12-21 02:03:50,526 - [Process 0/1] - INFO - res.shape is :torch.Size([38])
2024-12-21 02:03:50,645 - [Process 0/1] - INFO - len(per_windows_prompt):2
2024-12-21 02:03:55,062 - [Process 0/1] - INFO - res.shape is :torch.Size([17])
2024-12-21 02:03:55,171 - [Process 0/1] - INFO - len(per_windows_prompt):2
2024-12-21 02:04:02,109 - [Process 0/1] - INFO - res.shape is :torch.Size([66])
2024-12-21 02:04:02,242 - [Process 0/1] - INFO - len(per_windows_prompt):2
2024-12-21 02:04:09,066 - [Process 0/1] - INFO - res.shape is :torch.Size([76])
2024-12-21 02:04:09,224 - [Process 0/1] - INFO - len(per_windows_prompt):2
2024-12-21 02:04:15,874 - [Process 0/1] - INFO - res.shape is :torch.Size([67])
2024-12-21 02:04:15,985 - [Process 0/1] - INFO - len(per_windows_prompt):2
2024-12-21 02:04:21,403 - [Process 0/1] - INFO - res.shape is :torch.Size([39])
2024-12-21 02:04:21,517 - [Process 0/1] - INFO - len(per_windows_prompt):2
2024-12-21 02:04:28,617 - [Process 0/1] - INFO - res.shape is :torch.Size([81])
2024-12-21 02:04:28,775 - [Process 0/1] - INFO - len(per_windows_prompt):2
2024-12-21 02:04:33,501 - [Process 0/1] - INFO - res.shape is :torch.Size([24])
2024-12-21 02:04:33,652 - [Process 0/1] - INFO - len(per_windows_prompt):2
2024-12-21 02:04:39,499 - [Process 0/1] - INFO - res.shape is :torch.Size([45])
2024-12-21 02:04:39,607 - [Process 0/1] - INFO - len(per_windows_prompt):2
2024-12-21 02:04:45,021 - [Process 0/1] - INFO - res.shape is :torch.Size([39])
2024-12-21 02:04:45,079 - [Process 0/1] - INFO - len(per_windows_prompt):2
2024-12-21 02:04:48,106 - [Process 0/1] - INFO - res.shape is :torch.Size([23])
2024-12-21 02:04:48,208 - [Process 0/1] - INFO - len(per_windows_prompt):2
2024-12-21 02:04:54,549 - [Process 0/1] - INFO - res.shape is :torch.Size([64])
2024-12-21 02:04:54,677 - [Process 0/1] - INFO - len(per_windows_prompt):2
2024-12-21 02:05:00,174 - [Process 0/1] - INFO - res.shape is :torch.Size([38])
2024-12-21 02:05:00,320 - [Process 0/1] - INFO - len(per_windows_prompt):2
2024-12-21 02:05:05,045 - [Process 0/1] - INFO - res.shape is :torch.Size([26])
2024-12-21 02:05:05,187 - [Process 0/1] - INFO - len(per_windows_prompt):2
2024-12-21 02:05:09,671 - [Process 0/1] - INFO - res.shape is :torch.Size([19])
2024-12-21 02:05:09,799 - [Process 0/1] - INFO - len(per_windows_prompt):2
2024-12-21 02:05:15,087 - [Process 0/1] - INFO - res.shape is :torch.Size([34])
2024-12-21 02:05:15,236 - [Process 0/1] - INFO - len(per_windows_prompt):2
2024-12-21 02:05:20,042 - [Process 0/1] - INFO - res.shape is :torch.Size([27])
2024-12-21 02:05:20,127 - [Process 0/1] - INFO - len(per_windows_prompt):2
2024-12-21 02:05:24,913 - [Process 0/1] - INFO - res.shape is :torch.Size([43])
2024-12-21 02:05:24,988 - [Process 0/1] - INFO - len(per_windows_prompt):2
2024-12-21 02:05:28,882 - [Process 0/1] - INFO - res.shape is :torch.Size([31])
2024-12-21 02:05:28,992 - [Process 0/1] - INFO - len(per_windows_prompt):2
2024-12-21 02:05:33,589 - [Process 0/1] - INFO - res.shape is :torch.Size([22])
2024-12-21 02:05:33,699 - [Process 0/1] - INFO - len(per_windows_prompt):2
2024-12-21 02:05:39,102 - [Process 0/1] - INFO - res.shape is :torch.Size([39])
2024-12-21 02:05:39,262 - [Process 0/1] - INFO - len(per_windows_prompt):2
2024-12-21 02:05:44,085 - [Process 0/1] - INFO - res.shape is :torch.Size([27])
2024-12-21 02:05:44,237 - [Process 0/1] - INFO - len(per_windows_prompt):2
2024-12-21 02:05:49,185 - [Process 0/1] - INFO - res.shape is :torch.Size([29])
2024-12-21 02:05:49,294 - [Process 0/1] - INFO - len(per_windows_prompt):2
2024-12-21 02:05:54,140 - [Process 0/1] - INFO - res.shape is :torch.Size([27])
2024-12-21 02:05:54,252 - [Process 0/1] - INFO - len(per_windows_prompt):2
2024-12-21 02:05:58,844 - [Process 0/1] - INFO - res.shape is :torch.Size([23])
2024-12-21 02:05:58,976 - [Process 0/1] - INFO - len(per_windows_prompt):2
2024-12-21 02:06:04,987 - [Process 0/1] - INFO - res.shape is :torch.Size([48])
2024-12-21 02:06:05,120 - [Process 0/1] - INFO - len(per_windows_prompt):2
2024-12-21 02:06:10,888 - [Process 0/1] - INFO - res.shape is :torch.Size([48])
2024-12-21 02:06:11,019 - [Process 0/1] - INFO - len(per_windows_prompt):2
2024-12-21 02:06:15,312 - [Process 0/1] - INFO - res.shape is :torch.Size([14])
2024-12-21 02:06:15,444 - [Process 0/1] - INFO - len(per_windows_prompt):2
2024-12-21 02:06:20,604 - [Process 0/1] - INFO - res.shape is :torch.Size([34])
2024-12-21 02:06:20,768 - [Process 0/1] - INFO - len(per_windows_prompt):2
2024-12-21 02:06:25,864 - [Process 0/1] - INFO - res.shape is :torch.Size([35])
2024-12-21 02:06:26,010 - [Process 0/1] - INFO - len(per_windows_prompt):2
2024-12-21 02:06:31,054 - [Process 0/1] - INFO - res.shape is :torch.Size([33])
2024-12-21 02:06:31,136 - [Process 0/1] - INFO - len(per_windows_prompt):2
2024-12-21 02:06:35,704 - [Process 0/1] - INFO - res.shape is :torch.Size([43])
2024-12-21 02:06:35,837 - [Process 0/1] - INFO - len(per_windows_prompt):2
2024-12-21 02:06:41,432 - [Process 0/1] - INFO - res.shape is :torch.Size([45])
2024-12-21 02:06:41,580 - [Process 0/1] - INFO - len(per_windows_prompt):2
2024-12-21 02:06:46,433 - [Process 0/1] - INFO - res.shape is :torch.Size([27])
2024-12-21 02:06:46,560 - [Process 0/1] - INFO - len(per_windows_prompt):2
2024-12-21 02:06:51,860 - [Process 0/1] - INFO - res.shape is :torch.Size([34])
2024-12-21 02:06:51,994 - [Process 0/1] - INFO - len(per_windows_prompt):2
2024-12-21 02:06:56,400 - [Process 0/1] - INFO - res.shape is :torch.Size([18])
2024-12-21 02:06:56,488 - [Process 0/1] - INFO - len(per_windows_prompt):2
2024-12-21 02:07:00,894 - [Process 0/1] - INFO - res.shape is :torch.Size([32])
2024-12-21 02:07:01,039 - [Process 0/1] - INFO - len(per_windows_prompt):2
2024-12-21 02:07:06,299 - [Process 0/1] - INFO - res.shape is :torch.Size([39])
2024-12-21 02:07:06,440 - [Process 0/1] - INFO - len(per_windows_prompt):2
2024-12-21 02:07:11,457 - [Process 0/1] - INFO - res.shape is :torch.Size([32])
2024-12-21 02:07:11,578 - [Process 0/1] - INFO - len(per_windows_prompt):2
2024-12-21 02:07:15,534 - [Process 0/1] - INFO - res.shape is :torch.Size([7])
2024-12-21 02:07:15,641 - [Process 0/1] - INFO - len(per_windows_prompt):2
2024-12-21 02:07:20,728 - [Process 0/1] - INFO - res.shape is :torch.Size([34])
2024-12-21 02:07:20,886 - [Process 0/1] - INFO - len(per_windows_prompt):2
2024-12-21 02:07:26,345 - [Process 0/1] - INFO - res.shape is :torch.Size([37])
2024-12-21 02:07:26,455 - [Process 0/1] - INFO - len(per_windows_prompt):2
2024-12-21 02:07:32,721 - [Process 0/1] - INFO - res.shape is :torch.Size([52])
2024-12-21 02:07:32,858 - [Process 0/1] - INFO - len(per_windows_prompt):2
2024-12-21 02:07:39,769 - [Process 0/1] - INFO - res.shape is :torch.Size([70])
2024-12-21 02:07:39,891 - [Process 0/1] - INFO - len(per_windows_prompt):2
2024-12-21 02:07:44,090 - [Process 0/1] - INFO - res.shape is :torch.Size([12])
2024-12-21 02:07:44,237 - [Process 0/1] - INFO - len(per_windows_prompt):2
2024-12-21 02:07:49,775 - [Process 0/1] - INFO - res.shape is :torch.Size([45])
2024-12-21 02:07:49,864 - [Process 0/1] - INFO - len(per_windows_prompt):2
2024-12-21 02:07:54,242 - [Process 0/1] - INFO - res.shape is :torch.Size([29])
2024-12-21 02:07:54,395 - [Process 0/1] - INFO - len(per_windows_prompt):2
2024-12-21 02:07:59,119 - [Process 0/1] - INFO - res.shape is :torch.Size([25])
2024-12-21 02:07:59,254 - [Process 0/1] - INFO - len(per_windows_prompt):2
2024-12-21 02:08:03,531 - [Process 0/1] - INFO - res.shape is :torch.Size([15])
2024-12-21 02:08:03,643 - [Process 0/1] - INFO - len(per_windows_prompt):2
2024-12-21 02:08:08,021 - [Process 0/1] - INFO - res.shape is :torch.Size([17])
2024-12-21 02:08:08,150 - [Process 0/1] - INFO - len(per_windows_prompt):2
2024-12-21 02:08:14,511 - [Process 0/1] - INFO - res.shape is :torch.Size([58])
2024-12-21 02:08:14,661 - [Process 0/1] - INFO - len(per_windows_prompt):2
2024-12-21 02:08:21,414 - [Process 0/1] - INFO - res.shape is :torch.Size([65])
2024-12-21 02:08:21,502 - [Process 0/1] - INFO - len(per_windows_prompt):2
2024-12-21 02:08:26,220 - [Process 0/1] - INFO - res.shape is :torch.Size([43])
2024-12-21 02:08:26,358 - [Process 0/1] - INFO - len(per_windows_prompt):2
2024-12-21 02:08:30,642 - [Process 0/1] - INFO - res.shape is :torch.Size([14])
2024-12-21 02:08:30,793 - [Process 0/1] - INFO - len(per_windows_prompt):2
2024-12-21 02:08:35,626 - [Process 0/1] - INFO - res.shape is :torch.Size([24])
2024-12-21 02:08:35,740 - [Process 0/1] - INFO - len(per_windows_prompt):2
2024-12-21 02:08:41,784 - [Process 0/1] - INFO - res.shape is :torch.Size([53])
2024-12-21 02:08:41,890 - [Process 0/1] - INFO - len(per_windows_prompt):2
2024-12-21 02:08:48,001 - [Process 0/1] - INFO - res.shape is :torch.Size([49])
2024-12-21 02:08:48,144 - [Process 0/1] - INFO - len(per_windows_prompt):2
2024-12-21 02:08:53,090 - [Process 0/1] - INFO - res.shape is :torch.Size([27])
2024-12-21 02:08:53,203 - [Process 0/1] - INFO - len(per_windows_prompt):2
2024-12-21 02:08:58,177 - [Process 0/1] - INFO - res.shape is :torch.Size([32])
2024-12-21 02:08:58,334 - [Process 0/1] - INFO - len(per_windows_prompt):2
2024-12-21 02:09:05,228 - [Process 0/1] - INFO - res.shape is :torch.Size([67])
2024-12-21 02:09:05,336 - [Process 0/1] - INFO - len(per_windows_prompt):2
2024-12-21 02:09:10,393 - [Process 0/1] - INFO - res.shape is :torch.Size([27])
2024-12-21 02:09:10,544 - [Process 0/1] - INFO - len(per_windows_prompt):2
2024-12-21 02:09:15,347 - [Process 0/1] - INFO - res.shape is :torch.Size([25])
2024-12-21 02:09:15,454 - [Process 0/1] - INFO - len(per_windows_prompt):2
2024-12-21 02:09:19,787 - [Process 0/1] - INFO - res.shape is :torch.Size([18])
2024-12-21 02:09:19,924 - [Process 0/1] - INFO - len(per_windows_prompt):2
2024-12-21 02:09:25,706 - [Process 0/1] - INFO - res.shape is :torch.Size([48])
2024-12-21 02:09:25,821 - [Process 0/1] - INFO - len(per_windows_prompt):2
2024-12-21 02:09:31,369 - [Process 0/1] - INFO - res.shape is :torch.Size([45])
2024-12-21 02:09:31,475 - [Process 0/1] - INFO - len(per_windows_prompt):2
2024-12-21 02:09:36,913 - [Process 0/1] - INFO - res.shape is :torch.Size([41])
2024-12-21 02:09:37,052 - [Process 0/1] - INFO - len(per_windows_prompt):2
2024-12-21 02:09:41,910 - [Process 0/1] - INFO - res.shape is :torch.Size([25])
2024-12-21 02:09:42,063 - [Process 0/1] - INFO - len(per_windows_prompt):2
2024-12-21 02:09:47,400 - [Process 0/1] - INFO - res.shape is :torch.Size([40])
2024-12-21 02:09:47,525 - [Process 0/1] - INFO - len(per_windows_prompt):2
2024-12-21 02:09:53,113 - [Process 0/1] - INFO - res.shape is :torch.Size([41])
2024-12-21 02:09:53,224 - [Process 0/1] - INFO - len(per_windows_prompt):2
2024-12-21 02:09:58,452 - [Process 0/1] - INFO - res.shape is :torch.Size([31])
2024-12-21 02:09:58,594 - [Process 0/1] - INFO - len(per_windows_prompt):2
2024-12-21 02:10:02,635 - [Process 0/1] - INFO - res.shape is :torch.Size([9])
2024-12-21 02:10:02,747 - [Process 0/1] - INFO - len(per_windows_prompt):2
2024-12-21 02:10:08,128 - [Process 0/1] - INFO - res.shape is :torch.Size([39])
2024-12-21 02:10:08,279 - [Process 0/1] - INFO - len(per_windows_prompt):2
2024-12-21 02:10:13,827 - [Process 0/1] - INFO - res.shape is :torch.Size([47])
2024-12-21 02:10:13,950 - [Process 0/1] - INFO - len(per_windows_prompt):2
2024-12-21 02:10:18,192 - [Process 0/1] - INFO - res.shape is :torch.Size([14])
2024-12-21 02:10:18,317 - [Process 0/1] - INFO - len(per_windows_prompt):2
2024-12-21 02:10:23,668 - [Process 0/1] - INFO - res.shape is :torch.Size([36])
2024-12-21 02:10:23,722 - [Process 0/1] - INFO - len(per_windows_prompt):2
2024-12-21 02:10:26,209 - [Process 0/1] - INFO - res.shape is :torch.Size([17])
2024-12-21 02:10:26,356 - [Process 0/1] - INFO - len(per_windows_prompt):2
2024-12-21 02:10:31,007 - [Process 0/1] - INFO - res.shape is :torch.Size([24])
2024-12-21 02:10:31,145 - [Process 0/1] - INFO - len(per_windows_prompt):2
2024-12-21 02:10:35,219 - [Process 0/1] - INFO - res.shape is :torch.Size([10])
2024-12-21 02:10:35,379 - [Process 0/1] - INFO - len(per_windows_prompt):2
2024-12-21 02:10:39,939 - [Process 0/1] - INFO - res.shape is :torch.Size([21])
2024-12-21 02:10:40,062 - [Process 0/1] - INFO - len(per_windows_prompt):2
2024-12-21 02:10:45,402 - [Process 0/1] - INFO - res.shape is :torch.Size([35])
2024-12-21 02:10:45,562 - [Process 0/1] - INFO - len(per_windows_prompt):2
2024-12-21 02:10:50,107 - [Process 0/1] - INFO - res.shape is :torch.Size([22])
