2024-12-21 16:28:31,417 - [Process 2/5] - INFO - loading datasets finished
2024-12-21 16:28:31,417 - [Process 2/5] - INFO - model_max_len: 3950
2024-12-21 16:28:31,417 - [Process 2/5] - INFO - output_max_len: 512
2024-12-21 16:28:31,467 - [Process 2/5] - INFO - Max Length is 24585
2024-12-21 16:28:31,468 - [Process 2/5] - INFO - Finish loading dataset
2024-12-21 16:28:31,468 - [Process 2/5] - INFO - get_predicted begin
2024-12-21 16:28:36,289 - [Process 2/5] - INFO - len(per_windows_prompt):1
2024-12-21 16:28:45,904 - [Process 2/5] - INFO - res.shape is :torch.Size([113])
2024-12-21 16:28:46,277 - [Process 2/5] - INFO - len(per_windows_prompt):1
2024-12-21 16:28:54,766 - [Process 2/5] - INFO - res.shape is :torch.Size([107])
2024-12-21 16:28:55,023 - [Process 2/5] - INFO - len(per_windows_prompt):1
2024-12-21 16:29:00,427 - [Process 2/5] - INFO - res.shape is :torch.Size([35])
2024-12-21 16:29:00,661 - [Process 2/5] - INFO - len(per_windows_prompt):1
2024-12-21 16:29:07,769 - [Process 2/5] - INFO - res.shape is :torch.Size([73])
2024-12-21 16:29:08,049 - [Process 2/5] - INFO - len(per_windows_prompt):1
2024-12-21 16:29:18,173 - [Process 2/5] - INFO - res.shape is :torch.Size([146])
2024-12-21 16:29:18,415 - [Process 2/5] - INFO - len(per_windows_prompt):1
2024-12-21 16:29:24,294 - [Process 2/5] - INFO - res.shape is :torch.Size([49])
2024-12-21 16:29:24,488 - [Process 2/5] - INFO - len(per_windows_prompt):1
2024-12-21 16:29:30,749 - [Process 2/5] - INFO - res.shape is :torch.Size([58])
2024-12-21 16:29:31,117 - [Process 2/5] - INFO - len(per_windows_prompt):1
2024-12-21 16:29:37,848 - [Process 2/5] - INFO - res.shape is :torch.Size([68])
2024-12-21 16:29:38,160 - [Process 2/5] - INFO - len(per_windows_prompt):1
2024-12-21 16:29:45,390 - [Process 2/5] - INFO - res.shape is :torch.Size([78])
2024-12-21 16:29:45,789 - [Process 2/5] - INFO - len(per_windows_prompt):1
2024-12-21 16:29:58,166 - [Process 2/5] - INFO - res.shape is :torch.Size([190])
2024-12-21 16:29:58,451 - [Process 2/5] - INFO - len(per_windows_prompt):1
2024-12-21 16:30:07,181 - [Process 2/5] - INFO - res.shape is :torch.Size([112])
2024-12-21 16:30:07,375 - [Process 2/5] - INFO - len(per_windows_prompt):1
2024-12-21 16:30:15,006 - [Process 2/5] - INFO - res.shape is :torch.Size([90])
2024-12-21 16:30:15,263 - [Process 2/5] - INFO - len(per_windows_prompt):1
2024-12-21 16:30:21,121 - [Process 2/5] - INFO - res.shape is :torch.Size([45])
2024-12-21 16:30:21,378 - [Process 2/5] - INFO - len(per_windows_prompt):1
2024-12-21 16:30:30,511 - [Process 2/5] - INFO - res.shape is :torch.Size([117])
2024-12-21 16:30:30,773 - [Process 2/5] - INFO - len(per_windows_prompt):1
2024-12-21 16:30:38,034 - [Process 2/5] - INFO - res.shape is :torch.Size([75])
2024-12-21 16:30:38,350 - [Process 2/5] - INFO - len(per_windows_prompt):1
2024-12-21 16:30:46,228 - [Process 2/5] - INFO - res.shape is :torch.Size([92])
2024-12-21 16:30:46,452 - [Process 2/5] - INFO - len(per_windows_prompt):1
2024-12-21 16:30:54,662 - [Process 2/5] - INFO - res.shape is :torch.Size([100])
2024-12-21 16:30:54,933 - [Process 2/5] - INFO - len(per_windows_prompt):1
2024-12-21 16:31:02,352 - [Process 2/5] - INFO - res.shape is :torch.Size([79])
2024-12-21 16:31:02,630 - [Process 2/5] - INFO - len(per_windows_prompt):1
2024-12-21 16:31:08,525 - [Process 2/5] - INFO - res.shape is :torch.Size([46])
2024-12-21 16:31:08,805 - [Process 2/5] - INFO - len(per_windows_prompt):1
2024-12-21 16:31:15,508 - [Process 2/5] - INFO - res.shape is :torch.Size([66])
2024-12-21 16:31:15,750 - [Process 2/5] - INFO - len(per_windows_prompt):1
2024-12-21 16:31:22,744 - [Process 2/5] - INFO - res.shape is :torch.Size([74])
2024-12-21 16:31:22,971 - [Process 2/5] - INFO - len(per_windows_prompt):1
2024-12-21 16:31:28,757 - [Process 2/5] - INFO - res.shape is :torch.Size([45])
2024-12-21 16:31:28,966 - [Process 2/5] - INFO - len(per_windows_prompt):1
2024-12-21 16:31:36,490 - [Process 2/5] - INFO - res.shape is :torch.Size([87])
2024-12-21 16:31:36,750 - [Process 2/5] - INFO - len(per_windows_prompt):1
2024-12-21 16:31:42,631 - [Process 2/5] - INFO - res.shape is :torch.Size([48])
2024-12-21 16:31:42,891 - [Process 2/5] - INFO - len(per_windows_prompt):1
2024-12-21 16:31:48,685 - [Process 2/5] - INFO - res.shape is :torch.Size([46])
2024-12-21 16:31:48,914 - [Process 2/5] - INFO - len(per_windows_prompt):1
2024-12-21 16:31:54,960 - [Process 2/5] - INFO - res.shape is :torch.Size([50])
2024-12-21 16:31:55,220 - [Process 2/5] - INFO - len(per_windows_prompt):1
2024-12-21 16:32:06,499 - [Process 2/5] - INFO - res.shape is :torch.Size([172])
2024-12-21 16:32:06,765 - [Process 2/5] - INFO - len(per_windows_prompt):1
2024-12-21 16:32:14,780 - [Process 2/5] - INFO - res.shape is :torch.Size([94])
2024-12-21 16:32:14,974 - [Process 2/5] - INFO - len(per_windows_prompt):1
2024-12-21 16:32:21,729 - [Process 2/5] - INFO - res.shape is :torch.Size([65])
2024-12-21 16:32:21,999 - [Process 2/5] - INFO - len(per_windows_prompt):1
2024-12-21 16:32:27,857 - [Process 2/5] - INFO - res.shape is :torch.Size([44])
2024-12-21 16:32:28,102 - [Process 2/5] - INFO - len(per_windows_prompt):1
2024-12-21 16:32:36,193 - [Process 2/5] - INFO - res.shape is :torch.Size([97])
2024-12-21 16:32:36,437 - [Process 2/5] - INFO - len(per_windows_prompt):1
2024-12-21 16:32:44,095 - [Process 2/5] - INFO - res.shape is :torch.Size([90])
2024-12-21 16:32:44,388 - [Process 2/5] - INFO - len(per_windows_prompt):1
2024-12-21 16:32:49,259 - [Process 2/5] - INFO - res.shape is :torch.Size([24])
2024-12-21 16:32:49,516 - [Process 2/5] - INFO - len(per_windows_prompt):1
2024-12-21 16:32:58,004 - [Process 2/5] - INFO - res.shape is :torch.Size([105])
2024-12-21 16:32:58,230 - [Process 2/5] - INFO - len(per_windows_prompt):1
2024-12-21 16:33:07,927 - [Process 2/5] - INFO - res.shape is :torch.Size([134])
2024-12-21 16:33:08,186 - [Process 2/5] - INFO - len(per_windows_prompt):1
2024-12-21 16:33:14,180 - [Process 2/5] - INFO - res.shape is :torch.Size([51])
2024-12-21 16:33:14,419 - [Process 2/5] - INFO - len(per_windows_prompt):1
2024-12-21 16:33:21,766 - [Process 2/5] - INFO - res.shape is :torch.Size([82])
2024-12-21 16:33:22,003 - [Process 2/5] - INFO - len(per_windows_prompt):1
2024-12-21 16:33:27,834 - [Process 2/5] - INFO - res.shape is :torch.Size([46])
2024-12-21 16:33:28,090 - [Process 2/5] - INFO - len(per_windows_prompt):1
2024-12-21 16:33:34,452 - [Process 2/5] - INFO - res.shape is :torch.Size([60])
2024-12-21 16:33:34,865 - [Process 2/5] - INFO - len(per_windows_prompt):1
2024-12-21 16:33:39,395 - [Process 2/5] - INFO - res.shape is :torch.Size([16])
