2024-12-21 01:04:00,428 - [Process 0/1] - INFO - loading datasets finished
2024-12-21 01:04:00,428 - [Process 0/1] - INFO - model_max_len: 3950
2024-12-21 01:04:00,428 - [Process 0/1] - INFO - output_max_len: 32
2024-12-21 01:04:00,469 - [Process 0/1] - INFO - Max Length is 16633
2024-12-21 01:04:00,469 - [Process 0/1] - INFO - Finish loading dataset
2024-12-21 01:04:00,470 - [Process 0/1] - INFO - get_predicted begin
2024-12-21 01:04:00,588 - [Process 0/1] - INFO - len(per_windows_prompt):1
2024-12-21 01:04:06,796 - [Process 0/1] - INFO - res.shape is :torch.Size([32])
2024-12-21 01:04:06,968 - [Process 0/1] - INFO - len(per_windows_prompt):1
2024-12-21 01:04:14,102 - [Process 0/1] - INFO - res.shape is :torch.Size([32])
2024-12-21 01:04:14,255 - [Process 0/1] - INFO - len(per_windows_prompt):1
2024-12-21 01:04:19,954 - [Process 0/1] - INFO - res.shape is :torch.Size([32])
2024-12-21 01:04:20,150 - [Process 0/1] - INFO - len(per_windows_prompt):1
2024-12-21 01:04:26,040 - [Process 0/1] - INFO - res.shape is :torch.Size([32])
2024-12-21 01:04:26,184 - [Process 0/1] - INFO - len(per_windows_prompt):1
2024-12-21 01:04:32,526 - [Process 0/1] - INFO - res.shape is :torch.Size([32])
2024-12-21 01:04:32,663 - [Process 0/1] - INFO - len(per_windows_prompt):1
2024-12-21 01:04:40,954 - [Process 0/1] - INFO - res.shape is :torch.Size([32])
2024-12-21 01:04:41,079 - [Process 0/1] - INFO - len(per_windows_prompt):1
2024-12-21 01:04:48,471 - [Process 0/1] - INFO - res.shape is :torch.Size([32])
2024-12-21 01:04:48,566 - [Process 0/1] - INFO - len(per_windows_prompt):1
2024-12-21 01:04:54,258 - [Process 0/1] - INFO - res.shape is :torch.Size([32])
2024-12-21 01:04:54,369 - [Process 0/1] - INFO - len(per_windows_prompt):1
2024-12-21 01:05:00,440 - [Process 0/1] - INFO - res.shape is :torch.Size([32])
2024-12-21 01:05:00,573 - [Process 0/1] - INFO - len(per_windows_prompt):1
2024-12-21 01:05:07,432 - [Process 0/1] - INFO - res.shape is :torch.Size([32])
2024-12-21 01:05:07,620 - [Process 0/1] - INFO - len(per_windows_prompt):1
2024-12-21 01:05:14,470 - [Process 0/1] - INFO - res.shape is :torch.Size([32])
2024-12-21 01:05:14,608 - [Process 0/1] - INFO - len(per_windows_prompt):1
2024-12-21 01:05:20,268 - [Process 0/1] - INFO - res.shape is :torch.Size([32])
2024-12-21 01:05:20,380 - [Process 0/1] - INFO - len(per_windows_prompt):1
2024-12-21 01:05:26,100 - [Process 0/1] - INFO - res.shape is :torch.Size([32])
2024-12-21 01:05:26,253 - [Process 0/1] - INFO - len(per_windows_prompt):1
2024-12-21 01:05:31,960 - [Process 0/1] - INFO - res.shape is :torch.Size([32])
2024-12-21 01:05:32,071 - [Process 0/1] - INFO - len(per_windows_prompt):1
2024-12-21 01:05:38,584 - [Process 0/1] - INFO - res.shape is :torch.Size([32])
2024-12-21 01:05:38,698 - [Process 0/1] - INFO - len(per_windows_prompt):1
2024-12-21 01:05:44,739 - [Process 0/1] - INFO - res.shape is :torch.Size([32])
2024-12-21 01:05:44,917 - [Process 0/1] - INFO - len(per_windows_prompt):1
2024-12-21 01:05:50,969 - [Process 0/1] - INFO - res.shape is :torch.Size([32])
2024-12-21 01:05:51,045 - [Process 0/1] - INFO - len(per_windows_prompt):1
2024-12-21 01:05:55,269 - [Process 0/1] - INFO - res.shape is :torch.Size([32])
2024-12-21 01:05:55,442 - [Process 0/1] - INFO - len(per_windows_prompt):1
2024-12-21 01:05:59,980 - [Process 0/1] - INFO - res.shape is :torch.Size([7])
2024-12-21 01:06:00,153 - [Process 0/1] - INFO - len(per_windows_prompt):1
2024-12-21 01:06:06,116 - [Process 0/1] - INFO - res.shape is :torch.Size([32])
2024-12-21 01:06:06,265 - [Process 0/1] - INFO - len(per_windows_prompt):1
2024-12-21 01:06:13,254 - [Process 0/1] - INFO - res.shape is :torch.Size([32])
2024-12-21 01:06:13,364 - [Process 0/1] - INFO - len(per_windows_prompt):1
2024-12-21 01:06:20,475 - [Process 0/1] - INFO - res.shape is :torch.Size([32])
2024-12-21 01:06:20,608 - [Process 0/1] - INFO - len(per_windows_prompt):1
2024-12-21 01:06:26,919 - [Process 0/1] - INFO - res.shape is :torch.Size([32])
2024-12-21 01:06:27,062 - [Process 0/1] - INFO - len(per_windows_prompt):1
2024-12-21 01:06:34,550 - [Process 0/1] - INFO - res.shape is :torch.Size([32])
2024-12-21 01:06:34,729 - [Process 0/1] - INFO - len(per_windows_prompt):1
2024-12-21 01:06:41,329 - [Process 0/1] - INFO - res.shape is :torch.Size([32])
2024-12-21 01:06:41,486 - [Process 0/1] - INFO - len(per_windows_prompt):1
2024-12-21 01:06:48,353 - [Process 0/1] - INFO - res.shape is :torch.Size([32])
2024-12-21 01:06:48,537 - [Process 0/1] - INFO - len(per_windows_prompt):1
2024-12-21 01:06:54,641 - [Process 0/1] - INFO - res.shape is :torch.Size([32])
2024-12-21 01:06:54,753 - [Process 0/1] - INFO - len(per_windows_prompt):1
2024-12-21 01:07:02,048 - [Process 0/1] - INFO - res.shape is :torch.Size([32])
2024-12-21 01:07:02,148 - [Process 0/1] - INFO - len(per_windows_prompt):1
2024-12-21 01:07:06,258 - [Process 0/1] - INFO - res.shape is :torch.Size([3])
2024-12-21 01:07:06,407 - [Process 0/1] - INFO - len(per_windows_prompt):1
2024-12-21 01:07:12,433 - [Process 0/1] - INFO - res.shape is :torch.Size([32])
2024-12-21 01:07:12,577 - [Process 0/1] - INFO - len(per_windows_prompt):1
2024-12-21 01:07:18,122 - [Process 0/1] - INFO - res.shape is :torch.Size([32])
2024-12-21 01:07:18,204 - [Process 0/1] - INFO - len(per_windows_prompt):1
2024-12-21 01:07:23,357 - [Process 0/1] - INFO - res.shape is :torch.Size([32])
2024-12-21 01:07:23,525 - [Process 0/1] - INFO - len(per_windows_prompt):1
2024-12-21 01:07:29,922 - [Process 0/1] - INFO - res.shape is :torch.Size([32])
2024-12-21 01:07:30,042 - [Process 0/1] - INFO - len(per_windows_prompt):1
2024-12-21 01:07:37,360 - [Process 0/1] - INFO - res.shape is :torch.Size([32])
2024-12-21 01:07:37,512 - [Process 0/1] - INFO - len(per_windows_prompt):1
2024-12-21 01:07:45,265 - [Process 0/1] - INFO - res.shape is :torch.Size([32])
2024-12-21 01:07:45,460 - [Process 0/1] - INFO - len(per_windows_prompt):1
2024-12-21 01:07:52,613 - [Process 0/1] - INFO - res.shape is :torch.Size([32])
2024-12-21 01:07:52,655 - [Process 0/1] - INFO - len(per_windows_prompt):1
2024-12-21 01:07:54,319 - [Process 0/1] - INFO - res.shape is :torch.Size([5])
2024-12-21 01:07:54,510 - [Process 0/1] - INFO - len(per_windows_prompt):1
2024-12-21 01:08:01,635 - [Process 0/1] - INFO - res.shape is :torch.Size([32])
2024-12-21 01:08:01,820 - [Process 0/1] - INFO - len(per_windows_prompt):1
2024-12-21 01:08:08,775 - [Process 0/1] - INFO - res.shape is :torch.Size([32])
2024-12-21 01:08:08,916 - [Process 0/1] - INFO - len(per_windows_prompt):1
2024-12-21 01:08:16,353 - [Process 0/1] - INFO - res.shape is :torch.Size([32])
2024-12-21 01:08:16,481 - [Process 0/1] - INFO - len(per_windows_prompt):1
2024-12-21 01:08:23,348 - [Process 0/1] - INFO - res.shape is :torch.Size([32])
2024-12-21 01:08:23,475 - [Process 0/1] - INFO - len(per_windows_prompt):1
2024-12-21 01:08:29,397 - [Process 0/1] - INFO - res.shape is :torch.Size([32])
2024-12-21 01:08:29,504 - [Process 0/1] - INFO - len(per_windows_prompt):1
2024-12-21 01:08:33,751 - [Process 0/1] - INFO - res.shape is :torch.Size([6])
2024-12-21 01:08:33,870 - [Process 0/1] - INFO - len(per_windows_prompt):1
2024-12-21 01:08:39,929 - [Process 0/1] - INFO - res.shape is :torch.Size([32])
2024-12-21 01:08:40,081 - [Process 0/1] - INFO - len(per_windows_prompt):1
2024-12-21 01:08:47,198 - [Process 0/1] - INFO - res.shape is :torch.Size([32])
2024-12-21 01:08:47,345 - [Process 0/1] - INFO - len(per_windows_prompt):1
2024-12-21 01:08:53,001 - [Process 0/1] - INFO - res.shape is :torch.Size([32])
2024-12-21 01:08:53,134 - [Process 0/1] - INFO - len(per_windows_prompt):1
2024-12-21 01:08:58,866 - [Process 0/1] - INFO - res.shape is :torch.Size([32])
2024-12-21 01:08:59,026 - [Process 0/1] - INFO - len(per_windows_prompt):1
2024-12-21 01:09:06,166 - [Process 0/1] - INFO - res.shape is :torch.Size([32])
2024-12-21 01:09:06,323 - [Process 0/1] - INFO - len(per_windows_prompt):1
2024-12-21 01:09:12,590 - [Process 0/1] - INFO - res.shape is :torch.Size([32])
2024-12-21 01:09:12,734 - [Process 0/1] - INFO - len(per_windows_prompt):1
2024-12-21 01:09:18,805 - [Process 0/1] - INFO - res.shape is :torch.Size([32])
2024-12-21 01:09:18,944 - [Process 0/1] - INFO - len(per_windows_prompt):1
2024-12-21 01:09:25,024 - [Process 0/1] - INFO - res.shape is :torch.Size([32])
2024-12-21 01:09:25,172 - [Process 0/1] - INFO - len(per_windows_prompt):1
2024-12-21 01:09:30,775 - [Process 0/1] - INFO - res.shape is :torch.Size([32])
2024-12-21 01:09:30,898 - [Process 0/1] - INFO - len(per_windows_prompt):1
2024-12-21 01:09:36,680 - [Process 0/1] - INFO - res.shape is :torch.Size([32])
2024-12-21 01:09:36,849 - [Process 0/1] - INFO - len(per_windows_prompt):1
2024-12-21 01:09:42,784 - [Process 0/1] - INFO - res.shape is :torch.Size([32])
2024-12-21 01:09:42,837 - [Process 0/1] - INFO - len(per_windows_prompt):1
2024-12-21 01:09:47,080 - [Process 0/1] - INFO - res.shape is :torch.Size([32])
2024-12-21 01:09:47,272 - [Process 0/1] - INFO - len(per_windows_prompt):1
2024-12-21 01:09:52,934 - [Process 0/1] - INFO - res.shape is :torch.Size([32])
2024-12-21 01:09:53,081 - [Process 0/1] - INFO - len(per_windows_prompt):1
2024-12-21 01:09:59,192 - [Process 0/1] - INFO - res.shape is :torch.Size([32])
2024-12-21 01:09:59,351 - [Process 0/1] - INFO - len(per_windows_prompt):1
2024-12-21 01:10:03,768 - [Process 0/1] - INFO - res.shape is :torch.Size([6])
2024-12-21 01:10:03,946 - [Process 0/1] - INFO - len(per_windows_prompt):1
2024-12-21 01:10:09,482 - [Process 0/1] - INFO - res.shape is :torch.Size([32])
2024-12-21 01:10:09,636 - [Process 0/1] - INFO - len(per_windows_prompt):1
2024-12-21 01:10:16,495 - [Process 0/1] - INFO - res.shape is :torch.Size([32])
2024-12-21 01:10:16,627 - [Process 0/1] - INFO - len(per_windows_prompt):1
2024-12-21 01:10:23,932 - [Process 0/1] - INFO - res.shape is :torch.Size([32])
2024-12-21 01:10:24,055 - [Process 0/1] - INFO - len(per_windows_prompt):1
2024-12-21 01:10:29,608 - [Process 0/1] - INFO - res.shape is :torch.Size([32])
2024-12-21 01:10:29,788 - [Process 0/1] - INFO - len(per_windows_prompt):1
2024-12-21 01:10:35,834 - [Process 0/1] - INFO - res.shape is :torch.Size([32])
2024-12-21 01:10:36,026 - [Process 0/1] - INFO - len(per_windows_prompt):1
2024-12-21 01:10:43,162 - [Process 0/1] - INFO - res.shape is :torch.Size([32])
2024-12-21 01:10:43,304 - [Process 0/1] - INFO - len(per_windows_prompt):1
2024-12-21 01:10:50,266 - [Process 0/1] - INFO - res.shape is :torch.Size([32])
2024-12-21 01:10:50,313 - [Process 0/1] - INFO - len(per_windows_prompt):1
2024-12-21 01:10:52,804 - [Process 0/1] - INFO - res.shape is :torch.Size([3])
2024-12-21 01:10:52,926 - [Process 0/1] - INFO - len(per_windows_prompt):1
2024-12-21 01:10:59,257 - [Process 0/1] - INFO - res.shape is :torch.Size([32])
2024-12-21 01:10:59,385 - [Process 0/1] - INFO - len(per_windows_prompt):1
2024-12-21 01:11:05,185 - [Process 0/1] - INFO - res.shape is :torch.Size([32])
2024-12-21 01:11:05,320 - [Process 0/1] - INFO - len(per_windows_prompt):1
2024-12-21 01:11:12,850 - [Process 0/1] - INFO - res.shape is :torch.Size([32])
2024-12-21 01:11:13,012 - [Process 0/1] - INFO - len(per_windows_prompt):1
2024-12-21 01:11:19,293 - [Process 0/1] - INFO - res.shape is :torch.Size([32])
2024-12-21 01:11:19,433 - [Process 0/1] - INFO - len(per_windows_prompt):1
2024-12-21 01:11:26,391 - [Process 0/1] - INFO - res.shape is :torch.Size([32])
2024-12-21 01:11:26,447 - [Process 0/1] - INFO - len(per_windows_prompt):1
2024-12-21 01:11:28,724 - [Process 0/1] - INFO - res.shape is :torch.Size([6])
2024-12-21 01:11:28,812 - [Process 0/1] - INFO - len(per_windows_prompt):1
2024-12-21 01:11:34,603 - [Process 0/1] - INFO - res.shape is :torch.Size([32])
2024-12-21 01:11:34,755 - [Process 0/1] - INFO - len(per_windows_prompt):1
2024-12-21 01:11:41,326 - [Process 0/1] - INFO - res.shape is :torch.Size([32])
2024-12-21 01:11:41,512 - [Process 0/1] - INFO - len(per_windows_prompt):1
2024-12-21 01:11:47,357 - [Process 0/1] - INFO - res.shape is :torch.Size([32])
2024-12-21 01:11:47,515 - [Process 0/1] - INFO - len(per_windows_prompt):1
2024-12-21 01:11:53,203 - [Process 0/1] - INFO - res.shape is :torch.Size([32])
2024-12-21 01:11:53,337 - [Process 0/1] - INFO - len(per_windows_prompt):1
2024-12-21 01:11:59,027 - [Process 0/1] - INFO - res.shape is :torch.Size([32])
2024-12-21 01:11:59,220 - [Process 0/1] - INFO - len(per_windows_prompt):1
2024-12-21 01:12:05,747 - [Process 0/1] - INFO - res.shape is :torch.Size([32])
2024-12-21 01:12:05,868 - [Process 0/1] - INFO - len(per_windows_prompt):1
2024-12-21 01:12:13,026 - [Process 0/1] - INFO - res.shape is :torch.Size([32])
2024-12-21 01:12:13,185 - [Process 0/1] - INFO - len(per_windows_prompt):1
2024-12-21 01:12:19,228 - [Process 0/1] - INFO - res.shape is :torch.Size([32])
2024-12-21 01:12:19,352 - [Process 0/1] - INFO - len(per_windows_prompt):1
2024-12-21 01:12:25,401 - [Process 0/1] - INFO - res.shape is :torch.Size([32])
2024-12-21 01:12:25,565 - [Process 0/1] - INFO - len(per_windows_prompt):1
2024-12-21 01:12:31,315 - [Process 0/1] - INFO - res.shape is :torch.Size([32])
2024-12-21 01:12:31,472 - [Process 0/1] - INFO - len(per_windows_prompt):1
2024-12-21 01:12:38,214 - [Process 0/1] - INFO - res.shape is :torch.Size([32])
2024-12-21 01:12:38,302 - [Process 0/1] - INFO - len(per_windows_prompt):1
2024-12-21 01:12:42,413 - [Process 0/1] - INFO - res.shape is :torch.Size([5])
2024-12-21 01:12:42,521 - [Process 0/1] - INFO - len(per_windows_prompt):1
2024-12-21 01:12:48,190 - [Process 0/1] - INFO - res.shape is :torch.Size([32])
2024-12-21 01:12:48,368 - [Process 0/1] - INFO - len(per_windows_prompt):1
2024-12-21 01:12:54,149 - [Process 0/1] - INFO - res.shape is :torch.Size([32])
2024-12-21 01:12:54,263 - [Process 0/1] - INFO - len(per_windows_prompt):1
2024-12-21 01:12:59,848 - [Process 0/1] - INFO - res.shape is :torch.Size([32])
2024-12-21 01:12:59,976 - [Process 0/1] - INFO - len(per_windows_prompt):1
2024-12-21 01:13:06,301 - [Process 0/1] - INFO - res.shape is :torch.Size([32])
2024-12-21 01:13:06,447 - [Process 0/1] - INFO - len(per_windows_prompt):1
2024-12-21 01:13:12,201 - [Process 0/1] - INFO - res.shape is :torch.Size([32])
2024-12-21 01:13:12,352 - [Process 0/1] - INFO - len(per_windows_prompt):1
2024-12-21 01:13:18,445 - [Process 0/1] - INFO - res.shape is :torch.Size([32])
2024-12-21 01:13:18,550 - [Process 0/1] - INFO - len(per_windows_prompt):1
2024-12-21 01:13:25,655 - [Process 0/1] - INFO - res.shape is :torch.Size([32])
2024-12-21 01:13:25,789 - [Process 0/1] - INFO - len(per_windows_prompt):1
2024-12-21 01:13:33,246 - [Process 0/1] - INFO - res.shape is :torch.Size([32])
2024-12-21 01:13:33,413 - [Process 0/1] - INFO - len(per_windows_prompt):1
2024-12-21 01:13:40,170 - [Process 0/1] - INFO - res.shape is :torch.Size([32])
2024-12-21 01:13:40,300 - [Process 0/1] - INFO - len(per_windows_prompt):1
2024-12-21 01:13:47,424 - [Process 0/1] - INFO - res.shape is :torch.Size([32])
2024-12-21 01:13:47,588 - [Process 0/1] - INFO - len(per_windows_prompt):1
2024-12-21 01:13:53,627 - [Process 0/1] - INFO - res.shape is :torch.Size([32])
2024-12-21 01:13:53,811 - [Process 0/1] - INFO - len(per_windows_prompt):1
2024-12-21 01:14:00,133 - [Process 0/1] - INFO - res.shape is :torch.Size([32])
2024-12-21 01:14:00,306 - [Process 0/1] - INFO - len(per_windows_prompt):1
2024-12-21 01:14:07,310 - [Process 0/1] - INFO - res.shape is :torch.Size([32])
2024-12-21 01:14:07,435 - [Process 0/1] - INFO - len(per_windows_prompt):1
2024-12-21 01:14:14,398 - [Process 0/1] - INFO - res.shape is :torch.Size([32])
2024-12-21 01:14:14,559 - [Process 0/1] - INFO - len(per_windows_prompt):1
2024-12-21 01:14:22,004 - [Process 0/1] - INFO - res.shape is :torch.Size([32])
2024-12-21 01:14:22,155 - [Process 0/1] - INFO - len(per_windows_prompt):1
2024-12-21 01:14:27,881 - [Process 0/1] - INFO - res.shape is :torch.Size([32])
2024-12-21 01:14:28,058 - [Process 0/1] - INFO - len(per_windows_prompt):1
2024-12-21 01:14:34,013 - [Process 0/1] - INFO - res.shape is :torch.Size([32])
2024-12-21 01:14:34,186 - [Process 0/1] - INFO - len(per_windows_prompt):1
2024-12-21 01:14:41,638 - [Process 0/1] - INFO - res.shape is :torch.Size([32])
2024-12-21 01:14:41,819 - [Process 0/1] - INFO - len(per_windows_prompt):1
2024-12-21 01:14:49,346 - [Process 0/1] - INFO - res.shape is :torch.Size([32])
2024-12-21 01:14:49,519 - [Process 0/1] - INFO - len(per_windows_prompt):1
2024-12-21 01:14:55,073 - [Process 0/1] - INFO - res.shape is :torch.Size([32])
2024-12-21 01:14:55,272 - [Process 0/1] - INFO - len(per_windows_prompt):1
2024-12-21 01:15:00,828 - [Process 0/1] - INFO - res.shape is :torch.Size([32])
2024-12-21 01:15:01,012 - [Process 0/1] - INFO - len(per_windows_prompt):1
2024-12-21 01:15:06,802 - [Process 0/1] - INFO - res.shape is :torch.Size([32])
2024-12-21 01:15:07,001 - [Process 0/1] - INFO - len(per_windows_prompt):1
2024-12-21 01:15:13,740 - [Process 0/1] - INFO - res.shape is :torch.Size([32])
2024-12-21 01:15:13,883 - [Process 0/1] - INFO - len(per_windows_prompt):1
2024-12-21 01:15:19,854 - [Process 0/1] - INFO - res.shape is :torch.Size([32])
2024-12-21 01:15:19,978 - [Process 0/1] - INFO - len(per_windows_prompt):1
2024-12-21 01:15:26,232 - [Process 0/1] - INFO - res.shape is :torch.Size([32])
2024-12-21 01:15:26,405 - [Process 0/1] - INFO - len(per_windows_prompt):1
2024-12-21 01:15:32,454 - [Process 0/1] - INFO - res.shape is :torch.Size([32])
2024-12-21 01:15:32,601 - [Process 0/1] - INFO - len(per_windows_prompt):1
2024-12-21 01:15:38,902 - [Process 0/1] - INFO - res.shape is :torch.Size([32])
2024-12-21 01:15:38,991 - [Process 0/1] - INFO - len(per_windows_prompt):1
2024-12-21 01:15:43,084 - [Process 0/1] - INFO - res.shape is :torch.Size([5])
2024-12-21 01:15:43,251 - [Process 0/1] - INFO - len(per_windows_prompt):1
2024-12-21 01:15:49,985 - [Process 0/1] - INFO - res.shape is :torch.Size([32])
2024-12-21 01:15:50,100 - [Process 0/1] - INFO - len(per_windows_prompt):1
2024-12-21 01:15:55,877 - [Process 0/1] - INFO - res.shape is :torch.Size([32])
2024-12-21 01:15:56,015 - [Process 0/1] - INFO - len(per_windows_prompt):1
2024-12-21 01:16:03,115 - [Process 0/1] - INFO - res.shape is :torch.Size([32])
2024-12-21 01:16:03,261 - [Process 0/1] - INFO - len(per_windows_prompt):1
2024-12-21 01:16:10,006 - [Process 0/1] - INFO - res.shape is :torch.Size([32])
2024-12-21 01:16:10,171 - [Process 0/1] - INFO - len(per_windows_prompt):1
2024-12-21 01:16:17,104 - [Process 0/1] - INFO - res.shape is :torch.Size([32])
2024-12-21 01:16:17,277 - [Process 0/1] - INFO - len(per_windows_prompt):1
2024-12-21 01:16:22,867 - [Process 0/1] - INFO - res.shape is :torch.Size([32])
2024-12-21 01:16:22,971 - [Process 0/1] - INFO - len(per_windows_prompt):1
2024-12-21 01:16:29,937 - [Process 0/1] - INFO - res.shape is :torch.Size([32])
2024-12-21 01:16:29,994 - [Process 0/1] - INFO - len(per_windows_prompt):1
2024-12-21 01:16:32,273 - [Process 0/1] - INFO - res.shape is :torch.Size([4])
2024-12-21 01:16:32,458 - [Process 0/1] - INFO - len(per_windows_prompt):1
2024-12-21 01:16:39,033 - [Process 0/1] - INFO - res.shape is :torch.Size([32])
2024-12-21 01:16:39,207 - [Process 0/1] - INFO - len(per_windows_prompt):1
2024-12-21 01:16:43,723 - [Process 0/1] - INFO - res.shape is :torch.Size([5])
2024-12-21 01:16:43,854 - [Process 0/1] - INFO - len(per_windows_prompt):1
2024-12-21 01:16:50,422 - [Process 0/1] - INFO - res.shape is :torch.Size([32])
2024-12-21 01:16:50,542 - [Process 0/1] - INFO - len(per_windows_prompt):1
2024-12-21 01:16:56,610 - [Process 0/1] - INFO - res.shape is :torch.Size([32])
2024-12-21 01:16:56,762 - [Process 0/1] - INFO - len(per_windows_prompt):1
2024-12-21 01:17:03,149 - [Process 0/1] - INFO - res.shape is :torch.Size([32])
2024-12-21 01:17:03,214 - [Process 0/1] - INFO - len(per_windows_prompt):1
2024-12-21 01:17:06,704 - [Process 0/1] - INFO - res.shape is :torch.Size([12])
2024-12-21 01:17:06,872 - [Process 0/1] - INFO - len(per_windows_prompt):1
2024-12-21 01:17:12,615 - [Process 0/1] - INFO - res.shape is :torch.Size([32])
2024-12-21 01:17:12,807 - [Process 0/1] - INFO - len(per_windows_prompt):1
2024-12-21 01:17:18,475 - [Process 0/1] - INFO - res.shape is :torch.Size([32])
2024-12-21 01:17:18,600 - [Process 0/1] - INFO - len(per_windows_prompt):1
2024-12-21 01:17:25,764 - [Process 0/1] - INFO - res.shape is :torch.Size([32])
2024-12-21 01:17:25,955 - [Process 0/1] - INFO - len(per_windows_prompt):1
2024-12-21 01:17:32,697 - [Process 0/1] - INFO - res.shape is :torch.Size([32])
2024-12-21 01:17:32,770 - [Process 0/1] - INFO - len(per_windows_prompt):1
2024-12-21 01:17:36,864 - [Process 0/1] - INFO - res.shape is :torch.Size([5])
2024-12-21 01:17:36,926 - [Process 0/1] - INFO - len(per_windows_prompt):1
2024-12-21 01:17:39,934 - [Process 0/1] - INFO - res.shape is :torch.Size([6])
2024-12-21 01:17:40,046 - [Process 0/1] - INFO - len(per_windows_prompt):1
2024-12-21 01:17:45,973 - [Process 0/1] - INFO - res.shape is :torch.Size([32])
2024-12-21 01:17:46,089 - [Process 0/1] - INFO - len(per_windows_prompt):1
2024-12-21 01:17:53,594 - [Process 0/1] - INFO - res.shape is :torch.Size([32])
2024-12-21 01:17:53,725 - [Process 0/1] - INFO - len(per_windows_prompt):1
2024-12-21 01:17:59,496 - [Process 0/1] - INFO - res.shape is :torch.Size([32])
2024-12-21 01:17:59,699 - [Process 0/1] - INFO - len(per_windows_prompt):1
2024-12-21 01:18:06,422 - [Process 0/1] - INFO - res.shape is :torch.Size([32])
2024-12-21 01:18:06,600 - [Process 0/1] - INFO - len(per_windows_prompt):1
2024-12-21 01:18:12,145 - [Process 0/1] - INFO - res.shape is :torch.Size([32])
2024-12-21 01:18:12,329 - [Process 0/1] - INFO - len(per_windows_prompt):1
2024-12-21 01:18:17,779 - [Process 0/1] - INFO - res.shape is :torch.Size([32])
2024-12-21 01:18:17,862 - [Process 0/1] - INFO - len(per_windows_prompt):1
2024-12-21 01:18:21,759 - [Process 0/1] - INFO - res.shape is :torch.Size([6])
2024-12-21 01:18:21,914 - [Process 0/1] - INFO - len(per_windows_prompt):1
2024-12-21 01:18:29,029 - [Process 0/1] - INFO - res.shape is :torch.Size([32])
2024-12-21 01:18:29,217 - [Process 0/1] - INFO - len(per_windows_prompt):1
2024-12-21 01:18:36,723 - [Process 0/1] - INFO - res.shape is :torch.Size([32])
2024-12-21 01:18:36,869 - [Process 0/1] - INFO - len(per_windows_prompt):1
2024-12-21 01:18:42,942 - [Process 0/1] - INFO - res.shape is :torch.Size([32])
2024-12-21 01:18:43,089 - [Process 0/1] - INFO - len(per_windows_prompt):1
2024-12-21 01:18:49,588 - [Process 0/1] - INFO - res.shape is :torch.Size([32])
2024-12-21 01:18:49,717 - [Process 0/1] - INFO - len(per_windows_prompt):1
2024-12-21 01:18:55,360 - [Process 0/1] - INFO - res.shape is :torch.Size([32])
2024-12-21 01:18:55,482 - [Process 0/1] - INFO - len(per_windows_prompt):1
2024-12-21 01:19:02,639 - [Process 0/1] - INFO - res.shape is :torch.Size([32])
2024-12-21 01:19:02,787 - [Process 0/1] - INFO - len(per_windows_prompt):1
2024-12-21 01:19:09,892 - [Process 0/1] - INFO - res.shape is :torch.Size([32])
2024-12-21 01:19:10,025 - [Process 0/1] - INFO - len(per_windows_prompt):1
2024-12-21 01:19:15,798 - [Process 0/1] - INFO - res.shape is :torch.Size([32])
2024-12-21 01:19:15,972 - [Process 0/1] - INFO - len(per_windows_prompt):1
2024-12-21 01:19:22,358 - [Process 0/1] - INFO - res.shape is :torch.Size([32])
2024-12-21 01:19:22,522 - [Process 0/1] - INFO - len(per_windows_prompt):1
2024-12-21 01:19:29,037 - [Process 0/1] - INFO - res.shape is :torch.Size([32])
2024-12-21 01:19:29,190 - [Process 0/1] - INFO - len(per_windows_prompt):1
2024-12-21 01:19:35,227 - [Process 0/1] - INFO - res.shape is :torch.Size([32])
2024-12-21 01:19:35,340 - [Process 0/1] - INFO - len(per_windows_prompt):1
2024-12-21 01:19:41,418 - [Process 0/1] - INFO - res.shape is :torch.Size([32])
2024-12-21 01:19:41,629 - [Process 0/1] - INFO - len(per_windows_prompt):1
2024-12-21 01:19:47,456 - [Process 0/1] - INFO - res.shape is :torch.Size([32])
2024-12-21 01:19:47,580 - [Process 0/1] - INFO - len(per_windows_prompt):1
2024-12-21 01:19:51,949 - [Process 0/1] - INFO - res.shape is :torch.Size([3])
2024-12-21 01:19:52,136 - [Process 0/1] - INFO - len(per_windows_prompt):1
2024-12-21 01:19:56,266 - [Process 0/1] - INFO - res.shape is :torch.Size([3])
2024-12-21 01:19:56,395 - [Process 0/1] - INFO - len(per_windows_prompt):1
2024-12-21 01:20:03,415 - [Process 0/1] - INFO - res.shape is :torch.Size([32])
2024-12-21 01:20:03,604 - [Process 0/1] - INFO - len(per_windows_prompt):1
2024-12-21 01:20:10,478 - [Process 0/1] - INFO - res.shape is :torch.Size([32])
2024-12-21 01:20:10,548 - [Process 0/1] - INFO - len(per_windows_prompt):1
2024-12-21 01:20:13,680 - [Process 0/1] - INFO - res.shape is :torch.Size([4])
2024-12-21 01:20:13,825 - [Process 0/1] - INFO - len(per_windows_prompt):1
2024-12-21 01:20:21,393 - [Process 0/1] - INFO - res.shape is :torch.Size([32])
2024-12-21 01:20:21,537 - [Process 0/1] - INFO - len(per_windows_prompt):1
2024-12-21 01:20:28,698 - [Process 0/1] - INFO - res.shape is :torch.Size([32])
2024-12-21 01:20:28,888 - [Process 0/1] - INFO - len(per_windows_prompt):1
2024-12-21 01:20:34,668 - [Process 0/1] - INFO - res.shape is :torch.Size([32])
2024-12-21 01:20:34,803 - [Process 0/1] - INFO - len(per_windows_prompt):1
2024-12-21 01:20:41,117 - [Process 0/1] - INFO - res.shape is :torch.Size([32])
2024-12-21 01:20:41,275 - [Process 0/1] - INFO - len(per_windows_prompt):1
2024-12-21 01:20:47,307 - [Process 0/1] - INFO - res.shape is :torch.Size([32])
2024-12-21 01:20:47,442 - [Process 0/1] - INFO - len(per_windows_prompt):1
2024-12-21 01:20:53,217 - [Process 0/1] - INFO - res.shape is :torch.Size([32])
2024-12-21 01:20:53,359 - [Process 0/1] - INFO - len(per_windows_prompt):1
2024-12-21 01:20:59,289 - [Process 0/1] - INFO - res.shape is :torch.Size([32])
2024-12-21 01:20:59,337 - [Process 0/1] - INFO - len(per_windows_prompt):1
2024-12-21 01:21:01,880 - [Process 0/1] - INFO - res.shape is :torch.Size([4])
2024-12-21 01:21:01,989 - [Process 0/1] - INFO - len(per_windows_prompt):1
2024-12-21 01:21:08,029 - [Process 0/1] - INFO - res.shape is :torch.Size([32])
2024-12-21 01:21:08,115 - [Process 0/1] - INFO - len(per_windows_prompt):1
2024-12-21 01:21:12,564 - [Process 0/1] - INFO - res.shape is :torch.Size([32])
2024-12-21 01:21:12,740 - [Process 0/1] - INFO - len(per_windows_prompt):1
2024-12-21 01:21:19,901 - [Process 0/1] - INFO - res.shape is :torch.Size([32])
2024-12-21 01:21:20,095 - [Process 0/1] - INFO - len(per_windows_prompt):1
2024-12-21 01:21:26,124 - [Process 0/1] - INFO - res.shape is :torch.Size([32])
2024-12-21 01:21:26,195 - [Process 0/1] - INFO - len(per_windows_prompt):1
2024-12-21 01:21:29,820 - [Process 0/1] - INFO - res.shape is :torch.Size([3])
2024-12-21 01:21:29,970 - [Process 0/1] - INFO - len(per_windows_prompt):1
2024-12-21 01:21:36,300 - [Process 0/1] - INFO - res.shape is :torch.Size([32])
2024-12-21 01:21:36,481 - [Process 0/1] - INFO - len(per_windows_prompt):1
2024-12-21 01:21:42,582 - [Process 0/1] - INFO - res.shape is :torch.Size([32])
2024-12-21 01:21:42,750 - [Process 0/1] - INFO - len(per_windows_prompt):1
2024-12-21 01:21:51,206 - [Process 0/1] - INFO - res.shape is :torch.Size([32])
2024-12-21 01:21:51,352 - [Process 0/1] - INFO - len(per_windows_prompt):1
2024-12-21 01:21:57,625 - [Process 0/1] - INFO - res.shape is :torch.Size([32])
2024-12-21 01:21:57,753 - [Process 0/1] - INFO - len(per_windows_prompt):1
2024-12-21 01:22:05,182 - [Process 0/1] - INFO - res.shape is :torch.Size([32])
2024-12-21 01:22:05,366 - [Process 0/1] - INFO - len(per_windows_prompt):1
2024-12-21 01:22:11,424 - [Process 0/1] - INFO - res.shape is :torch.Size([32])
2024-12-21 01:22:11,569 - [Process 0/1] - INFO - len(per_windows_prompt):1
2024-12-21 01:22:17,675 - [Process 0/1] - INFO - res.shape is :torch.Size([32])
2024-12-21 01:22:17,825 - [Process 0/1] - INFO - len(per_windows_prompt):1
2024-12-21 01:22:23,886 - [Process 0/1] - INFO - res.shape is :torch.Size([32])
2024-12-21 01:22:23,947 - [Process 0/1] - INFO - len(per_windows_prompt):1
2024-12-21 01:22:27,781 - [Process 0/1] - INFO - res.shape is :torch.Size([7])
2024-12-21 01:22:27,927 - [Process 0/1] - INFO - len(per_windows_prompt):1
2024-12-21 01:22:33,519 - [Process 0/1] - INFO - res.shape is :torch.Size([32])
2024-12-21 01:22:33,679 - [Process 0/1] - INFO - len(per_windows_prompt):1
2024-12-21 01:22:39,275 - [Process 0/1] - INFO - res.shape is :torch.Size([32])
2024-12-21 01:22:39,407 - [Process 0/1] - INFO - len(per_windows_prompt):1
2024-12-21 01:22:46,530 - [Process 0/1] - INFO - res.shape is :torch.Size([32])
2024-12-21 01:22:46,656 - [Process 0/1] - INFO - len(per_windows_prompt):1
2024-12-21 01:22:53,613 - [Process 0/1] - INFO - res.shape is :torch.Size([32])
2024-12-21 01:22:53,734 - [Process 0/1] - INFO - len(per_windows_prompt):1
2024-12-21 01:22:59,758 - [Process 0/1] - INFO - res.shape is :torch.Size([32])
2024-12-21 01:22:59,890 - [Process 0/1] - INFO - len(per_windows_prompt):1
2024-12-21 01:23:05,645 - [Process 0/1] - INFO - res.shape is :torch.Size([32])
2024-12-21 01:23:05,794 - [Process 0/1] - INFO - len(per_windows_prompt):1
2024-12-21 01:23:11,650 - [Process 0/1] - INFO - res.shape is :torch.Size([32])
2024-12-21 01:23:11,744 - [Process 0/1] - INFO - len(per_windows_prompt):1
2024-12-21 01:23:17,477 - [Process 0/1] - INFO - res.shape is :torch.Size([32])
2024-12-21 01:23:17,667 - [Process 0/1] - INFO - len(per_windows_prompt):1
2024-12-21 01:23:25,446 - [Process 0/1] - INFO - res.shape is :torch.Size([32])
2024-12-21 01:23:25,563 - [Process 0/1] - INFO - len(per_windows_prompt):1
2024-12-21 01:23:32,571 - [Process 0/1] - INFO - res.shape is :torch.Size([32])
2024-12-21 01:23:32,751 - [Process 0/1] - INFO - len(per_windows_prompt):1
2024-12-21 01:23:38,441 - [Process 0/1] - INFO - res.shape is :torch.Size([32])
2024-12-21 01:23:38,568 - [Process 0/1] - INFO - len(per_windows_prompt):1
2024-12-21 01:23:45,095 - [Process 0/1] - INFO - res.shape is :torch.Size([32])
2024-12-21 01:23:45,225 - [Process 0/1] - INFO - len(per_windows_prompt):1
2024-12-21 01:23:52,227 - [Process 0/1] - INFO - res.shape is :torch.Size([32])
2024-12-21 01:23:52,381 - [Process 0/1] - INFO - len(per_windows_prompt):1
2024-12-21 01:23:59,399 - [Process 0/1] - INFO - res.shape is :torch.Size([32])
2024-12-21 01:23:59,476 - [Process 0/1] - INFO - len(per_windows_prompt):1
2024-12-21 01:24:03,238 - [Process 0/1] - INFO - res.shape is :torch.Size([13])
2024-12-21 01:24:03,403 - [Process 0/1] - INFO - len(per_windows_prompt):1
2024-12-21 01:24:09,435 - [Process 0/1] - INFO - res.shape is :torch.Size([32])
2024-12-21 01:24:09,587 - [Process 0/1] - INFO - len(per_windows_prompt):1
2024-12-21 01:24:15,191 - [Process 0/1] - INFO - res.shape is :torch.Size([32])
2024-12-21 01:24:15,347 - [Process 0/1] - INFO - len(per_windows_prompt):1
2024-12-21 01:24:22,680 - [Process 0/1] - INFO - res.shape is :torch.Size([32])
2024-12-21 01:24:22,815 - [Process 0/1] - INFO - len(per_windows_prompt):1
2024-12-21 01:24:29,233 - [Process 0/1] - INFO - res.shape is :torch.Size([32])
2024-12-21 01:24:29,406 - [Process 0/1] - INFO - len(per_windows_prompt):1
2024-12-21 01:24:34,964 - [Process 0/1] - INFO - res.shape is :torch.Size([32])
2024-12-21 01:24:35,051 - [Process 0/1] - INFO - len(per_windows_prompt):1
2024-12-21 01:24:38,809 - [Process 0/1] - INFO - res.shape is :torch.Size([4])
