2024-12-21 16:54:00,185 - [Process 4/5] - INFO - loading datasets finished
2024-12-21 16:54:00,186 - [Process 4/5] - INFO - model_max_len: 3950
2024-12-21 16:54:00,186 - [Process 4/5] - INFO - output_max_len: 64
2024-12-21 16:54:00,306 - [Process 4/5] - INFO - Max Length is 18754
2024-12-21 16:54:00,307 - [Process 4/5] - INFO - Finish loading dataset
2024-12-21 16:54:00,308 - [Process 4/5] - INFO - get_predicted begin
2024-12-21 16:54:05,046 - [Process 4/5] - INFO - len(per_windows_prompt):1
2024-12-21 16:54:12,542 - [Process 4/5] - INFO - res.shape is :torch.Size([64])
2024-12-21 16:54:12,752 - [Process 4/5] - INFO - len(per_windows_prompt):1
2024-12-21 16:54:19,479 - [Process 4/5] - INFO - res.shape is :torch.Size([64])
2024-12-21 16:54:19,769 - [Process 4/5] - INFO - len(per_windows_prompt):1
2024-12-21 16:54:26,507 - [Process 4/5] - INFO - res.shape is :torch.Size([64])
2024-12-21 16:54:26,780 - [Process 4/5] - INFO - len(per_windows_prompt):1
2024-12-21 16:54:33,525 - [Process 4/5] - INFO - res.shape is :torch.Size([64])
2024-12-21 16:54:33,752 - [Process 4/5] - INFO - len(per_windows_prompt):1
2024-12-21 16:54:40,498 - [Process 4/5] - INFO - res.shape is :torch.Size([64])
2024-12-21 16:54:40,785 - [Process 4/5] - INFO - len(per_windows_prompt):1
2024-12-21 16:54:47,535 - [Process 4/5] - INFO - res.shape is :torch.Size([64])
2024-12-21 16:54:47,774 - [Process 4/5] - INFO - len(per_windows_prompt):1
2024-12-21 16:54:54,532 - [Process 4/5] - INFO - res.shape is :torch.Size([64])
2024-12-21 16:54:54,725 - [Process 4/5] - INFO - len(per_windows_prompt):1
2024-12-21 16:55:01,483 - [Process 4/5] - INFO - res.shape is :torch.Size([64])
2024-12-21 16:55:01,708 - [Process 4/5] - INFO - len(per_windows_prompt):1
2024-12-21 16:55:08,466 - [Process 4/5] - INFO - res.shape is :torch.Size([64])
2024-12-21 16:55:08,719 - [Process 4/5] - INFO - len(per_windows_prompt):1
2024-12-21 16:55:15,482 - [Process 4/5] - INFO - res.shape is :torch.Size([64])
2024-12-21 16:55:15,732 - [Process 4/5] - INFO - len(per_windows_prompt):1
2024-12-21 16:55:22,504 - [Process 4/5] - INFO - res.shape is :torch.Size([64])
2024-12-21 16:55:22,891 - [Process 4/5] - INFO - len(per_windows_prompt):1
2024-12-21 16:55:29,650 - [Process 4/5] - INFO - res.shape is :torch.Size([64])
2024-12-21 16:55:29,833 - [Process 4/5] - INFO - len(per_windows_prompt):1
2024-12-21 16:55:36,589 - [Process 4/5] - INFO - res.shape is :torch.Size([64])
2024-12-21 16:55:36,799 - [Process 4/5] - INFO - len(per_windows_prompt):1
2024-12-21 16:55:43,566 - [Process 4/5] - INFO - res.shape is :torch.Size([64])
2024-12-21 16:55:43,836 - [Process 4/5] - INFO - len(per_windows_prompt):1
2024-12-21 16:55:50,605 - [Process 4/5] - INFO - res.shape is :torch.Size([64])
2024-12-21 16:55:50,824 - [Process 4/5] - INFO - len(per_windows_prompt):1
2024-12-21 16:55:57,590 - [Process 4/5] - INFO - res.shape is :torch.Size([64])
2024-12-21 16:55:57,819 - [Process 4/5] - INFO - len(per_windows_prompt):1
2024-12-21 16:56:04,594 - [Process 4/5] - INFO - res.shape is :torch.Size([64])
2024-12-21 16:56:04,784 - [Process 4/5] - INFO - len(per_windows_prompt):1
2024-12-21 16:56:11,554 - [Process 4/5] - INFO - res.shape is :torch.Size([64])
2024-12-21 16:56:11,739 - [Process 4/5] - INFO - len(per_windows_prompt):1
2024-12-21 16:56:18,527 - [Process 4/5] - INFO - res.shape is :torch.Size([64])
2024-12-21 16:56:18,722 - [Process 4/5] - INFO - len(per_windows_prompt):1
2024-12-21 16:56:25,517 - [Process 4/5] - INFO - res.shape is :torch.Size([64])
2024-12-21 16:56:25,820 - [Process 4/5] - INFO - len(per_windows_prompt):1
2024-12-21 16:56:32,600 - [Process 4/5] - INFO - res.shape is :torch.Size([64])
2024-12-21 16:56:32,804 - [Process 4/5] - INFO - len(per_windows_prompt):1
2024-12-21 16:56:39,427 - [Process 4/5] - INFO - res.shape is :torch.Size([64])
2024-12-21 16:56:39,694 - [Process 4/5] - INFO - len(per_windows_prompt):1
2024-12-21 16:56:46,317 - [Process 4/5] - INFO - res.shape is :torch.Size([64])
2024-12-21 16:56:46,549 - [Process 4/5] - INFO - len(per_windows_prompt):1
2024-12-21 16:56:53,171 - [Process 4/5] - INFO - res.shape is :torch.Size([64])
2024-12-21 16:56:53,367 - [Process 4/5] - INFO - len(per_windows_prompt):1
2024-12-21 16:57:00,001 - [Process 4/5] - INFO - res.shape is :torch.Size([64])
2024-12-21 16:57:00,192 - [Process 4/5] - INFO - len(per_windows_prompt):1
2024-12-21 16:57:06,823 - [Process 4/5] - INFO - res.shape is :torch.Size([64])
2024-12-21 16:57:07,022 - [Process 4/5] - INFO - len(per_windows_prompt):1
2024-12-21 16:57:13,649 - [Process 4/5] - INFO - res.shape is :torch.Size([64])
2024-12-21 16:57:13,839 - [Process 4/5] - INFO - len(per_windows_prompt):1
2024-12-21 16:57:20,461 - [Process 4/5] - INFO - res.shape is :torch.Size([64])
2024-12-21 16:57:20,642 - [Process 4/5] - INFO - len(per_windows_prompt):1
2024-12-21 16:57:27,263 - [Process 4/5] - INFO - res.shape is :torch.Size([64])
2024-12-21 16:57:27,474 - [Process 4/5] - INFO - len(per_windows_prompt):1
2024-12-21 16:57:34,097 - [Process 4/5] - INFO - res.shape is :torch.Size([64])
2024-12-21 16:57:34,356 - [Process 4/5] - INFO - len(per_windows_prompt):1
2024-12-21 16:57:40,978 - [Process 4/5] - INFO - res.shape is :torch.Size([64])
2024-12-21 16:57:41,235 - [Process 4/5] - INFO - len(per_windows_prompt):1
2024-12-21 16:57:47,856 - [Process 4/5] - INFO - res.shape is :torch.Size([64])
2024-12-21 16:57:48,093 - [Process 4/5] - INFO - len(per_windows_prompt):1
2024-12-21 16:57:54,712 - [Process 4/5] - INFO - res.shape is :torch.Size([64])
2024-12-21 16:57:54,957 - [Process 4/5] - INFO - len(per_windows_prompt):1
2024-12-21 16:58:01,568 - [Process 4/5] - INFO - res.shape is :torch.Size([64])
2024-12-21 16:58:01,749 - [Process 4/5] - INFO - len(per_windows_prompt):1
2024-12-21 16:58:08,363 - [Process 4/5] - INFO - res.shape is :torch.Size([64])
2024-12-21 16:58:08,713 - [Process 4/5] - INFO - len(per_windows_prompt):1
2024-12-21 16:58:15,323 - [Process 4/5] - INFO - res.shape is :torch.Size([64])
2024-12-21 16:58:15,504 - [Process 4/5] - INFO - len(per_windows_prompt):1
2024-12-21 16:58:22,134 - [Process 4/5] - INFO - res.shape is :torch.Size([64])
2024-12-21 16:58:22,334 - [Process 4/5] - INFO - len(per_windows_prompt):1
2024-12-21 16:58:28,964 - [Process 4/5] - INFO - res.shape is :torch.Size([64])
2024-12-21 16:58:29,190 - [Process 4/5] - INFO - len(per_windows_prompt):1
2024-12-21 16:58:35,832 - [Process 4/5] - INFO - res.shape is :torch.Size([64])
2024-12-21 16:58:36,026 - [Process 4/5] - INFO - len(per_windows_prompt):1
2024-12-21 16:58:42,669 - [Process 4/5] - INFO - res.shape is :torch.Size([64])
2024-12-21 16:58:42,868 - [Process 4/5] - INFO - len(per_windows_prompt):1
2024-12-21 16:58:49,514 - [Process 4/5] - INFO - res.shape is :torch.Size([64])
2024-12-21 16:58:49,760 - [Process 4/5] - INFO - len(per_windows_prompt):1
2024-12-21 16:58:56,405 - [Process 4/5] - INFO - res.shape is :torch.Size([64])
2024-12-21 16:58:56,599 - [Process 4/5] - INFO - len(per_windows_prompt):1
2024-12-21 16:59:03,241 - [Process 4/5] - INFO - res.shape is :torch.Size([64])
2024-12-21 16:59:03,444 - [Process 4/5] - INFO - len(per_windows_prompt):1
2024-12-21 16:59:10,089 - [Process 4/5] - INFO - res.shape is :torch.Size([64])
2024-12-21 16:59:10,282 - [Process 4/5] - INFO - len(per_windows_prompt):1
2024-12-21 16:59:16,925 - [Process 4/5] - INFO - res.shape is :torch.Size([64])
2024-12-21 16:59:17,134 - [Process 4/5] - INFO - len(per_windows_prompt):1
2024-12-21 16:59:23,773 - [Process 4/5] - INFO - res.shape is :torch.Size([64])
2024-12-21 16:59:23,987 - [Process 4/5] - INFO - len(per_windows_prompt):1
2024-12-21 16:59:30,626 - [Process 4/5] - INFO - res.shape is :torch.Size([64])
2024-12-21 16:59:30,891 - [Process 4/5] - INFO - len(per_windows_prompt):1
2024-12-21 16:59:37,516 - [Process 4/5] - INFO - res.shape is :torch.Size([64])
2024-12-21 16:59:37,717 - [Process 4/5] - INFO - len(per_windows_prompt):1
2024-12-21 16:59:44,348 - [Process 4/5] - INFO - res.shape is :torch.Size([64])
2024-12-21 16:59:44,529 - [Process 4/5] - INFO - len(per_windows_prompt):1
2024-12-21 16:59:51,164 - [Process 4/5] - INFO - res.shape is :torch.Size([64])
2024-12-21 16:59:51,435 - [Process 4/5] - INFO - len(per_windows_prompt):1
2024-12-21 16:59:58,061 - [Process 4/5] - INFO - res.shape is :torch.Size([64])
2024-12-21 16:59:58,295 - [Process 4/5] - INFO - len(per_windows_prompt):1
2024-12-21 17:00:04,923 - [Process 4/5] - INFO - res.shape is :torch.Size([64])
2024-12-21 17:00:05,178 - [Process 4/5] - INFO - len(per_windows_prompt):1
2024-12-21 17:00:11,802 - [Process 4/5] - INFO - res.shape is :torch.Size([64])
2024-12-21 17:00:12,061 - [Process 4/5] - INFO - len(per_windows_prompt):1
2024-12-21 17:00:18,689 - [Process 4/5] - INFO - res.shape is :torch.Size([64])
2024-12-21 17:00:18,875 - [Process 4/5] - INFO - len(per_windows_prompt):1
2024-12-21 17:00:25,505 - [Process 4/5] - INFO - res.shape is :torch.Size([64])
2024-12-21 17:00:25,701 - [Process 4/5] - INFO - len(per_windows_prompt):1
2024-12-21 17:00:32,328 - [Process 4/5] - INFO - res.shape is :torch.Size([64])
2024-12-21 17:00:32,677 - [Process 4/5] - INFO - len(per_windows_prompt):1
2024-12-21 17:00:39,300 - [Process 4/5] - INFO - res.shape is :torch.Size([64])
2024-12-21 17:00:39,500 - [Process 4/5] - INFO - len(per_windows_prompt):1
2024-12-21 17:00:46,134 - [Process 4/5] - INFO - res.shape is :torch.Size([64])
2024-12-21 17:00:46,377 - [Process 4/5] - INFO - len(per_windows_prompt):1
2024-12-21 17:00:53,011 - [Process 4/5] - INFO - res.shape is :torch.Size([64])
2024-12-21 17:00:53,254 - [Process 4/5] - INFO - len(per_windows_prompt):1
2024-12-21 17:00:59,882 - [Process 4/5] - INFO - res.shape is :torch.Size([64])
2024-12-21 17:01:00,128 - [Process 4/5] - INFO - len(per_windows_prompt):1
2024-12-21 17:01:06,752 - [Process 4/5] - INFO - res.shape is :torch.Size([64])
2024-12-21 17:01:06,950 - [Process 4/5] - INFO - len(per_windows_prompt):1
2024-12-21 17:01:13,572 - [Process 4/5] - INFO - res.shape is :torch.Size([64])
2024-12-21 17:01:13,905 - [Process 4/5] - INFO - len(per_windows_prompt):1
2024-12-21 17:01:20,521 - [Process 4/5] - INFO - res.shape is :torch.Size([64])
2024-12-21 17:01:20,702 - [Process 4/5] - INFO - len(per_windows_prompt):1
2024-12-21 17:01:27,320 - [Process 4/5] - INFO - res.shape is :torch.Size([64])
2024-12-21 17:01:27,494 - [Process 4/5] - INFO - len(per_windows_prompt):1
2024-12-21 17:01:34,064 - [Process 4/5] - INFO - res.shape is :torch.Size([64])
2024-12-21 17:01:34,271 - [Process 4/5] - INFO - len(per_windows_prompt):1
2024-12-21 17:01:40,898 - [Process 4/5] - INFO - res.shape is :torch.Size([64])
2024-12-21 17:01:41,181 - [Process 4/5] - INFO - len(per_windows_prompt):1
2024-12-21 17:01:47,800 - [Process 4/5] - INFO - res.shape is :torch.Size([64])
2024-12-21 17:01:48,015 - [Process 4/5] - INFO - len(per_windows_prompt):1
2024-12-21 17:01:54,634 - [Process 4/5] - INFO - res.shape is :torch.Size([64])
2024-12-21 17:01:54,940 - [Process 4/5] - INFO - len(per_windows_prompt):1
2024-12-21 17:02:01,560 - [Process 4/5] - INFO - res.shape is :torch.Size([64])
2024-12-21 17:02:01,741 - [Process 4/5] - INFO - len(per_windows_prompt):1
2024-12-21 17:02:08,364 - [Process 4/5] - INFO - res.shape is :torch.Size([64])
2024-12-21 17:02:08,564 - [Process 4/5] - INFO - len(per_windows_prompt):1
2024-12-21 17:02:15,188 - [Process 4/5] - INFO - res.shape is :torch.Size([64])
2024-12-21 17:02:15,434 - [Process 4/5] - INFO - len(per_windows_prompt):1
2024-12-21 17:02:22,048 - [Process 4/5] - INFO - res.shape is :torch.Size([64])
2024-12-21 17:02:22,233 - [Process 4/5] - INFO - len(per_windows_prompt):1
2024-12-21 17:02:28,848 - [Process 4/5] - INFO - res.shape is :torch.Size([64])
2024-12-21 17:02:29,078 - [Process 4/5] - INFO - len(per_windows_prompt):1
2024-12-21 17:02:35,689 - [Process 4/5] - INFO - res.shape is :torch.Size([64])
2024-12-21 17:02:36,112 - [Process 4/5] - INFO - len(per_windows_prompt):1
2024-12-21 17:02:42,710 - [Process 4/5] - INFO - res.shape is :torch.Size([64])
2024-12-21 17:02:42,885 - [Process 4/5] - INFO - len(per_windows_prompt):1
2024-12-21 17:02:49,488 - [Process 4/5] - INFO - res.shape is :torch.Size([64])
2024-12-21 17:02:49,680 - [Process 4/5] - INFO - len(per_windows_prompt):1
2024-12-21 17:02:56,286 - [Process 4/5] - INFO - res.shape is :torch.Size([64])
2024-12-21 17:02:56,478 - [Process 4/5] - INFO - len(per_windows_prompt):1
2024-12-21 17:03:03,088 - [Process 4/5] - INFO - res.shape is :torch.Size([64])
2024-12-21 17:03:03,320 - [Process 4/5] - INFO - len(per_windows_prompt):1
2024-12-21 17:03:09,936 - [Process 4/5] - INFO - res.shape is :torch.Size([64])
2024-12-21 17:03:10,138 - [Process 4/5] - INFO - len(per_windows_prompt):1
2024-12-21 17:03:16,758 - [Process 4/5] - INFO - res.shape is :torch.Size([64])
2024-12-21 17:03:16,983 - [Process 4/5] - INFO - len(per_windows_prompt):1
2024-12-21 17:03:23,606 - [Process 4/5] - INFO - res.shape is :torch.Size([64])
2024-12-21 17:03:23,830 - [Process 4/5] - INFO - len(per_windows_prompt):1
2024-12-21 17:03:30,443 - [Process 4/5] - INFO - res.shape is :torch.Size([64])
2024-12-21 17:03:30,712 - [Process 4/5] - INFO - len(per_windows_prompt):1
2024-12-21 17:03:37,315 - [Process 4/5] - INFO - res.shape is :torch.Size([64])
2024-12-21 17:03:37,604 - [Process 4/5] - INFO - len(per_windows_prompt):1
2024-12-21 17:03:44,203 - [Process 4/5] - INFO - res.shape is :torch.Size([64])
2024-12-21 17:03:44,398 - [Process 4/5] - INFO - len(per_windows_prompt):1
2024-12-21 17:03:50,998 - [Process 4/5] - INFO - res.shape is :torch.Size([64])
2024-12-21 17:03:51,203 - [Process 4/5] - INFO - len(per_windows_prompt):1
2024-12-21 17:03:57,802 - [Process 4/5] - INFO - res.shape is :torch.Size([64])
2024-12-21 17:03:58,035 - [Process 4/5] - INFO - len(per_windows_prompt):1
2024-12-21 17:04:04,628 - [Process 4/5] - INFO - res.shape is :torch.Size([64])
2024-12-21 17:04:04,823 - [Process 4/5] - INFO - len(per_windows_prompt):1
2024-12-21 17:04:11,420 - [Process 4/5] - INFO - res.shape is :torch.Size([64])
2024-12-21 17:04:11,723 - [Process 4/5] - INFO - len(per_windows_prompt):1
2024-12-21 17:04:18,319 - [Process 4/5] - INFO - res.shape is :torch.Size([64])
2024-12-21 17:04:18,599 - [Process 4/5] - INFO - len(per_windows_prompt):1
2024-12-21 17:04:25,189 - [Process 4/5] - INFO - res.shape is :torch.Size([64])
2024-12-21 17:04:25,413 - [Process 4/5] - INFO - len(per_windows_prompt):1
2024-12-21 17:04:32,002 - [Process 4/5] - INFO - res.shape is :torch.Size([64])
2024-12-21 17:04:32,276 - [Process 4/5] - INFO - len(per_windows_prompt):1
2024-12-21 17:04:38,866 - [Process 4/5] - INFO - res.shape is :torch.Size([64])
2024-12-21 17:04:39,051 - [Process 4/5] - INFO - len(per_windows_prompt):1
2024-12-21 17:04:45,640 - [Process 4/5] - INFO - res.shape is :torch.Size([64])
2024-12-21 17:04:45,873 - [Process 4/5] - INFO - len(per_windows_prompt):1
2024-12-21 17:04:52,463 - [Process 4/5] - INFO - res.shape is :torch.Size([64])
2024-12-21 17:04:52,716 - [Process 4/5] - INFO - len(per_windows_prompt):1
2024-12-21 17:04:59,316 - [Process 4/5] - INFO - res.shape is :torch.Size([64])
2024-12-21 17:04:59,520 - [Process 4/5] - INFO - len(per_windows_prompt):1
2024-12-21 17:05:06,111 - [Process 4/5] - INFO - res.shape is :torch.Size([64])
2024-12-21 17:05:06,406 - [Process 4/5] - INFO - len(per_windows_prompt):1
2024-12-21 17:05:12,994 - [Process 4/5] - INFO - res.shape is :torch.Size([64])
2024-12-21 17:05:13,199 - [Process 4/5] - INFO - len(per_windows_prompt):1
2024-12-21 17:05:19,784 - [Process 4/5] - INFO - res.shape is :torch.Size([64])
2024-12-21 17:05:19,973 - [Process 4/5] - INFO - len(per_windows_prompt):1
2024-12-21 17:05:26,558 - [Process 4/5] - INFO - res.shape is :torch.Size([64])
2024-12-21 17:05:26,747 - [Process 4/5] - INFO - len(per_windows_prompt):1
2024-12-21 17:05:33,329 - [Process 4/5] - INFO - res.shape is :torch.Size([64])
