2024-12-21 16:23:21,773 - [Process 2/5] - INFO - loading datasets finished
2024-12-21 16:23:21,773 - [Process 2/5] - INFO - model_max_len: 3950
2024-12-21 16:23:21,773 - [Process 2/5] - INFO - output_max_len: 32
2024-12-21 16:23:21,848 - [Process 2/5] - INFO - Max Length is 11516
2024-12-21 16:23:21,849 - [Process 2/5] - INFO - Finish loading dataset
2024-12-21 16:23:21,849 - [Process 2/5] - INFO - get_predicted begin
2024-12-21 16:23:26,623 - [Process 2/5] - INFO - len(per_windows_prompt):1
2024-12-21 16:23:31,255 - [Process 2/5] - INFO - res.shape is :torch.Size([5])
2024-12-21 16:23:31,422 - [Process 2/5] - INFO - len(per_windows_prompt):1
2024-12-21 16:23:35,316 - [Process 2/5] - INFO - res.shape is :torch.Size([2])
2024-12-21 16:23:35,467 - [Process 2/5] - INFO - len(per_windows_prompt):1
2024-12-21 16:23:39,432 - [Process 2/5] - INFO - res.shape is :torch.Size([4])
2024-12-21 16:23:39,580 - [Process 2/5] - INFO - len(per_windows_prompt):1
2024-12-21 16:23:43,583 - [Process 2/5] - INFO - res.shape is :torch.Size([5])
2024-12-21 16:23:43,740 - [Process 2/5] - INFO - len(per_windows_prompt):1
2024-12-21 16:23:47,745 - [Process 2/5] - INFO - res.shape is :torch.Size([5])
2024-12-21 16:23:47,890 - [Process 2/5] - INFO - len(per_windows_prompt):1
2024-12-21 16:23:51,937 - [Process 2/5] - INFO - res.shape is :torch.Size([6])
2024-12-21 16:23:52,082 - [Process 2/5] - INFO - len(per_windows_prompt):1
2024-12-21 16:23:56,092 - [Process 2/5] - INFO - res.shape is :torch.Size([5])
2024-12-21 16:23:56,244 - [Process 2/5] - INFO - len(per_windows_prompt):1
2024-12-21 16:24:00,257 - [Process 2/5] - INFO - res.shape is :torch.Size([5])
2024-12-21 16:24:00,413 - [Process 2/5] - INFO - len(per_windows_prompt):1
2024-12-21 16:24:04,389 - [Process 2/5] - INFO - res.shape is :torch.Size([4])
2024-12-21 16:24:04,531 - [Process 2/5] - INFO - len(per_windows_prompt):1
2024-12-21 16:24:08,509 - [Process 2/5] - INFO - res.shape is :torch.Size([4])
2024-12-21 16:24:08,661 - [Process 2/5] - INFO - len(per_windows_prompt):1
2024-12-21 16:24:12,725 - [Process 2/5] - INFO - res.shape is :torch.Size([6])
2024-12-21 16:24:12,866 - [Process 2/5] - INFO - len(per_windows_prompt):1
2024-12-21 16:24:16,903 - [Process 2/5] - INFO - res.shape is :torch.Size([5])
2024-12-21 16:24:17,043 - [Process 2/5] - INFO - len(per_windows_prompt):1
2024-12-21 16:24:21,084 - [Process 2/5] - INFO - res.shape is :torch.Size([5])
2024-12-21 16:24:21,235 - [Process 2/5] - INFO - len(per_windows_prompt):1
2024-12-21 16:24:25,277 - [Process 2/5] - INFO - res.shape is :torch.Size([5])
2024-12-21 16:24:25,427 - [Process 2/5] - INFO - len(per_windows_prompt):1
2024-12-21 16:24:29,432 - [Process 2/5] - INFO - res.shape is :torch.Size([4])
2024-12-21 16:24:29,589 - [Process 2/5] - INFO - len(per_windows_prompt):1
2024-12-21 16:24:33,595 - [Process 2/5] - INFO - res.shape is :torch.Size([4])
2024-12-21 16:24:33,744 - [Process 2/5] - INFO - len(per_windows_prompt):1
2024-12-21 16:24:37,665 - [Process 2/5] - INFO - res.shape is :torch.Size([2])
2024-12-21 16:24:37,830 - [Process 2/5] - INFO - len(per_windows_prompt):1
2024-12-21 16:24:41,839 - [Process 2/5] - INFO - res.shape is :torch.Size([4])
2024-12-21 16:24:41,992 - [Process 2/5] - INFO - len(per_windows_prompt):1
2024-12-21 16:24:46,040 - [Process 2/5] - INFO - res.shape is :torch.Size([5])
2024-12-21 16:24:46,199 - [Process 2/5] - INFO - len(per_windows_prompt):1
2024-12-21 16:24:50,211 - [Process 2/5] - INFO - res.shape is :torch.Size([4])
2024-12-21 16:24:50,362 - [Process 2/5] - INFO - len(per_windows_prompt):1
2024-12-21 16:24:54,292 - [Process 2/5] - INFO - res.shape is :torch.Size([2])
2024-12-21 16:24:54,447 - [Process 2/5] - INFO - len(per_windows_prompt):1
2024-12-21 16:24:58,498 - [Process 2/5] - INFO - res.shape is :torch.Size([5])
2024-12-21 16:24:58,648 - [Process 2/5] - INFO - len(per_windows_prompt):1
2024-12-21 16:25:02,661 - [Process 2/5] - INFO - res.shape is :torch.Size([4])
2024-12-21 16:25:02,809 - [Process 2/5] - INFO - len(per_windows_prompt):1
2024-12-21 16:25:06,862 - [Process 2/5] - INFO - res.shape is :torch.Size([5])
2024-12-21 16:25:07,018 - [Process 2/5] - INFO - len(per_windows_prompt):1
2024-12-21 16:25:11,032 - [Process 2/5] - INFO - res.shape is :torch.Size([4])
2024-12-21 16:25:11,183 - [Process 2/5] - INFO - len(per_windows_prompt):1
2024-12-21 16:25:15,118 - [Process 2/5] - INFO - res.shape is :torch.Size([2])
2024-12-21 16:25:15,275 - [Process 2/5] - INFO - len(per_windows_prompt):1
2024-12-21 16:25:19,331 - [Process 2/5] - INFO - res.shape is :torch.Size([5])
2024-12-21 16:25:19,476 - [Process 2/5] - INFO - len(per_windows_prompt):1
2024-12-21 16:25:23,531 - [Process 2/5] - INFO - res.shape is :torch.Size([5])
2024-12-21 16:25:23,684 - [Process 2/5] - INFO - len(per_windows_prompt):1
2024-12-21 16:25:27,741 - [Process 2/5] - INFO - res.shape is :torch.Size([5])
2024-12-21 16:25:27,889 - [Process 2/5] - INFO - len(per_windows_prompt):1
2024-12-21 16:25:31,945 - [Process 2/5] - INFO - res.shape is :torch.Size([5])
2024-12-21 16:25:32,094 - [Process 2/5] - INFO - len(per_windows_prompt):1
2024-12-21 16:25:36,151 - [Process 2/5] - INFO - res.shape is :torch.Size([5])
2024-12-21 16:25:36,308 - [Process 2/5] - INFO - len(per_windows_prompt):1
2024-12-21 16:25:40,325 - [Process 2/5] - INFO - res.shape is :torch.Size([4])
2024-12-21 16:25:40,472 - [Process 2/5] - INFO - len(per_windows_prompt):1
2024-12-21 16:25:44,570 - [Process 2/5] - INFO - res.shape is :torch.Size([6])
2024-12-21 16:25:44,718 - [Process 2/5] - INFO - len(per_windows_prompt):1
2024-12-21 16:25:48,778 - [Process 2/5] - INFO - res.shape is :torch.Size([5])
2024-12-21 16:25:48,929 - [Process 2/5] - INFO - len(per_windows_prompt):1
2024-12-21 16:25:52,990 - [Process 2/5] - INFO - res.shape is :torch.Size([5])
2024-12-21 16:25:53,149 - [Process 2/5] - INFO - len(per_windows_prompt):1
2024-12-21 16:25:57,090 - [Process 2/5] - INFO - res.shape is :torch.Size([2])
2024-12-21 16:25:57,233 - [Process 2/5] - INFO - len(per_windows_prompt):1
2024-12-21 16:26:01,332 - [Process 2/5] - INFO - res.shape is :torch.Size([6])
2024-12-21 16:26:01,482 - [Process 2/5] - INFO - len(per_windows_prompt):1
2024-12-21 16:26:05,543 - [Process 2/5] - INFO - res.shape is :torch.Size([5])
2024-12-21 16:26:05,691 - [Process 2/5] - INFO - len(per_windows_prompt):1
2024-12-21 16:26:09,714 - [Process 2/5] - INFO - res.shape is :torch.Size([4])
2024-12-21 16:26:09,869 - [Process 2/5] - INFO - len(per_windows_prompt):1
2024-12-21 16:26:13,891 - [Process 2/5] - INFO - res.shape is :torch.Size([4])
