2024-12-21 15:35:18,513 - [Process 4/5] - INFO - loading datasets finished
2024-12-21 15:35:18,513 - [Process 4/5] - INFO - model_max_len: 3950
2024-12-21 15:35:18,513 - [Process 4/5] - INFO - output_max_len: 128
2024-12-21 15:35:18,588 - [Process 4/5] - INFO - Max Length is 36418
2024-12-21 15:35:18,588 - [Process 4/5] - INFO - Finish loading dataset
2024-12-21 15:35:18,589 - [Process 4/5] - INFO - get_predicted begin
2024-12-21 15:35:23,307 - [Process 4/5] - INFO - len(per_windows_prompt):1
2024-12-21 15:35:28,583 - [Process 4/5] - INFO - res.shape is :torch.Size([23])
2024-12-21 15:35:28,879 - [Process 4/5] - INFO - len(per_windows_prompt):1
2024-12-21 15:35:32,859 - [Process 4/5] - INFO - res.shape is :torch.Size([5])
2024-12-21 15:35:33,000 - [Process 4/5] - INFO - len(per_windows_prompt):1
2024-12-21 15:35:38,237 - [Process 4/5] - INFO - res.shape is :torch.Size([36])
2024-12-21 15:35:38,489 - [Process 4/5] - INFO - len(per_windows_prompt):1
2024-12-21 15:35:42,375 - [Process 4/5] - INFO - res.shape is :torch.Size([2])
2024-12-21 15:35:42,515 - [Process 4/5] - INFO - len(per_windows_prompt):1
2024-12-21 15:35:46,640 - [Process 4/5] - INFO - res.shape is :torch.Size([8])
2024-12-21 15:35:46,930 - [Process 4/5] - INFO - len(per_windows_prompt):1
2024-12-21 15:35:51,014 - [Process 4/5] - INFO - res.shape is :torch.Size([7])
2024-12-21 15:35:51,156 - [Process 4/5] - INFO - len(per_windows_prompt):1
2024-12-21 15:35:55,207 - [Process 4/5] - INFO - res.shape is :torch.Size([6])
2024-12-21 15:35:55,392 - [Process 4/5] - INFO - len(per_windows_prompt):1
2024-12-21 15:35:59,761 - [Process 4/5] - INFO - res.shape is :torch.Size([14])
2024-12-21 15:36:00,132 - [Process 4/5] - INFO - len(per_windows_prompt):1
2024-12-21 15:36:04,108 - [Process 4/5] - INFO - res.shape is :torch.Size([4])
2024-12-21 15:36:04,375 - [Process 4/5] - INFO - len(per_windows_prompt):1
2024-12-21 15:36:08,754 - [Process 4/5] - INFO - res.shape is :torch.Size([14])
2024-12-21 15:36:08,882 - [Process 4/5] - INFO - len(per_windows_prompt):1
2024-12-21 15:36:13,227 - [Process 4/5] - INFO - res.shape is :torch.Size([13])
2024-12-21 15:36:13,371 - [Process 4/5] - INFO - len(per_windows_prompt):1
2024-12-21 15:36:17,279 - [Process 4/5] - INFO - res.shape is :torch.Size([2])
2024-12-21 15:36:17,547 - [Process 4/5] - INFO - len(per_windows_prompt):1
2024-12-21 15:36:21,658 - [Process 4/5] - INFO - res.shape is :torch.Size([7])
2024-12-21 15:36:21,997 - [Process 4/5] - INFO - len(per_windows_prompt):1
2024-12-21 15:36:26,664 - [Process 4/5] - INFO - res.shape is :torch.Size([21])
2024-12-21 15:36:26,848 - [Process 4/5] - INFO - len(per_windows_prompt):1
2024-12-21 15:36:30,880 - [Process 4/5] - INFO - res.shape is :torch.Size([5])
2024-12-21 15:36:31,040 - [Process 4/5] - INFO - len(per_windows_prompt):1
2024-12-21 15:36:36,204 - [Process 4/5] - INFO - res.shape is :torch.Size([33])
2024-12-21 15:36:36,548 - [Process 4/5] - INFO - len(per_windows_prompt):1
2024-12-21 15:36:40,477 - [Process 4/5] - INFO - res.shape is :torch.Size([2])
2024-12-21 15:36:40,768 - [Process 4/5] - INFO - len(per_windows_prompt):1
2024-12-21 15:36:45,138 - [Process 4/5] - INFO - res.shape is :torch.Size([13])
2024-12-21 15:36:45,300 - [Process 4/5] - INFO - len(per_windows_prompt):1
2024-12-21 15:36:51,065 - [Process 4/5] - INFO - res.shape is :torch.Size([48])
2024-12-21 15:36:51,430 - [Process 4/5] - INFO - len(per_windows_prompt):1
2024-12-21 15:36:55,525 - [Process 4/5] - INFO - res.shape is :torch.Size([6])
2024-12-21 15:36:55,772 - [Process 4/5] - INFO - len(per_windows_prompt):1
2024-12-21 15:36:59,791 - [Process 4/5] - INFO - res.shape is :torch.Size([4])
2024-12-21 15:37:00,131 - [Process 4/5] - INFO - len(per_windows_prompt):1
2024-12-21 15:37:04,149 - [Process 4/5] - INFO - res.shape is :torch.Size([4])
2024-12-21 15:37:04,522 - [Process 4/5] - INFO - len(per_windows_prompt):1
2024-12-21 15:37:08,742 - [Process 4/5] - INFO - res.shape is :torch.Size([9])
2024-12-21 15:37:08,881 - [Process 4/5] - INFO - len(per_windows_prompt):1
2024-12-21 15:37:13,463 - [Process 4/5] - INFO - res.shape is :torch.Size([18])
2024-12-21 15:37:13,593 - [Process 4/5] - INFO - len(per_windows_prompt):1
2024-12-21 15:37:17,660 - [Process 4/5] - INFO - res.shape is :torch.Size([5])
2024-12-21 15:37:17,925 - [Process 4/5] - INFO - len(per_windows_prompt):1
2024-12-21 15:37:22,072 - [Process 4/5] - INFO - res.shape is :torch.Size([7])
2024-12-21 15:37:22,201 - [Process 4/5] - INFO - len(per_windows_prompt):1
2024-12-21 15:37:26,352 - [Process 4/5] - INFO - res.shape is :torch.Size([7])
2024-12-21 15:37:26,528 - [Process 4/5] - INFO - len(per_windows_prompt):1
2024-12-21 15:37:30,956 - [Process 4/5] - INFO - res.shape is :torch.Size([14])
2024-12-21 15:37:31,084 - [Process 4/5] - INFO - len(per_windows_prompt):1
2024-12-21 15:37:35,435 - [Process 4/5] - INFO - res.shape is :torch.Size([12])
2024-12-21 15:37:35,775 - [Process 4/5] - INFO - len(per_windows_prompt):1
2024-12-21 15:37:39,805 - [Process 4/5] - INFO - res.shape is :torch.Size([4])
2024-12-21 15:37:39,980 - [Process 4/5] - INFO - len(per_windows_prompt):1
2024-12-21 15:37:44,052 - [Process 4/5] - INFO - res.shape is :torch.Size([5])
2024-12-21 15:37:44,302 - [Process 4/5] - INFO - len(per_windows_prompt):1
2024-12-21 15:37:48,455 - [Process 4/5] - INFO - res.shape is :torch.Size([7])
2024-12-21 15:37:48,609 - [Process 4/5] - INFO - len(per_windows_prompt):1
2024-12-21 15:37:53,042 - [Process 4/5] - INFO - res.shape is :torch.Size([14])
2024-12-21 15:37:53,267 - [Process 4/5] - INFO - len(per_windows_prompt):1
2024-12-21 15:37:57,262 - [Process 4/5] - INFO - res.shape is :torch.Size([3])
2024-12-21 15:37:57,447 - [Process 4/5] - INFO - len(per_windows_prompt):1
2024-12-21 15:38:01,444 - [Process 4/5] - INFO - res.shape is :torch.Size([3])
2024-12-21 15:38:01,595 - [Process 4/5] - INFO - len(per_windows_prompt):1
2024-12-21 15:38:05,672 - [Process 4/5] - INFO - res.shape is :torch.Size([5])
2024-12-21 15:38:05,823 - [Process 4/5] - INFO - len(per_windows_prompt):1
2024-12-21 15:38:10,139 - [Process 4/5] - INFO - res.shape is :torch.Size([11])
2024-12-21 15:38:10,418 - [Process 4/5] - INFO - len(per_windows_prompt):1
2024-12-21 15:38:14,538 - [Process 4/5] - INFO - res.shape is :torch.Size([6])
2024-12-21 15:38:14,752 - [Process 4/5] - INFO - len(per_windows_prompt):1
2024-12-21 15:38:18,750 - [Process 4/5] - INFO - res.shape is :torch.Size([3])
2024-12-21 15:38:18,971 - [Process 4/5] - INFO - len(per_windows_prompt):1
2024-12-21 15:38:23,485 - [Process 4/5] - INFO - res.shape is :torch.Size([16])
