2024-12-21 12:25:54,836 - [Process 1/5] - INFO - loading datasets finished
2024-12-21 12:25:54,837 - [Process 1/5] - INFO - model_max_len: 3950
2024-12-21 12:25:54,837 - [Process 1/5] - INFO - output_max_len: 64
2024-12-21 12:25:54,863 - [Process 1/5] - INFO - Max Length is 10337
2024-12-21 12:25:54,864 - [Process 1/5] - INFO - Finish loading dataset
2024-12-21 12:25:54,864 - [Process 1/5] - INFO - get_predicted begin
2024-12-21 12:25:59,680 - [Process 1/5] - INFO - len(per_windows_prompt):1
2024-12-21 12:26:05,559 - [Process 1/5] - INFO - res.shape is :torch.Size([31])
2024-12-21 12:26:05,749 - [Process 1/5] - INFO - len(per_windows_prompt):1
2024-12-21 12:26:10,003 - [Process 1/5] - INFO - res.shape is :torch.Size([10])
2024-12-21 12:26:10,214 - [Process 1/5] - INFO - len(per_windows_prompt):1
2024-12-21 12:26:15,156 - [Process 1/5] - INFO - res.shape is :torch.Size([26])
2024-12-21 12:26:15,355 - [Process 1/5] - INFO - len(per_windows_prompt):1
2024-12-21 12:26:20,781 - [Process 1/5] - INFO - res.shape is :torch.Size([36])
2024-12-21 12:26:21,006 - [Process 1/5] - INFO - len(per_windows_prompt):1
2024-12-21 12:26:26,216 - [Process 1/5] - INFO - res.shape is :torch.Size([32])
2024-12-21 12:26:26,406 - [Process 1/5] - INFO - len(per_windows_prompt):1
2024-12-21 12:26:31,522 - [Process 1/5] - INFO - res.shape is :torch.Size([30])
2024-12-21 12:26:31,628 - [Process 1/5] - INFO - len(per_windows_prompt):1
2024-12-21 12:26:33,831 - [Process 1/5] - INFO - res.shape is :torch.Size([3])
2024-12-21 12:26:34,041 - [Process 1/5] - INFO - len(per_windows_prompt):1
2024-12-21 12:26:40,038 - [Process 1/5] - INFO - res.shape is :torch.Size([54])
2024-12-21 12:26:40,149 - [Process 1/5] - INFO - len(per_windows_prompt):1
2024-12-21 12:26:44,164 - [Process 1/5] - INFO - res.shape is :torch.Size([4])
2024-12-21 12:26:44,274 - [Process 1/5] - INFO - len(per_windows_prompt):1
2024-12-21 12:26:48,332 - [Process 1/5] - INFO - res.shape is :torch.Size([5])
2024-12-21 12:26:48,438 - [Process 1/5] - INFO - len(per_windows_prompt):1
2024-12-21 12:26:52,535 - [Process 1/5] - INFO - res.shape is :torch.Size([6])
2024-12-21 12:26:52,598 - [Process 1/5] - INFO - len(per_windows_prompt):1
2024-12-21 12:26:54,882 - [Process 1/5] - INFO - res.shape is :torch.Size([5])
2024-12-21 12:26:54,994 - [Process 1/5] - INFO - len(per_windows_prompt):1
2024-12-21 12:27:01,391 - [Process 1/5] - INFO - res.shape is :torch.Size([64])
2024-12-21 12:27:01,538 - [Process 1/5] - INFO - len(per_windows_prompt):1
2024-12-21 12:27:07,943 - [Process 1/5] - INFO - res.shape is :torch.Size([64])
2024-12-21 12:27:08,081 - [Process 1/5] - INFO - len(per_windows_prompt):1
2024-12-21 12:27:12,230 - [Process 1/5] - INFO - res.shape is :torch.Size([7])
2024-12-21 12:27:12,359 - [Process 1/5] - INFO - len(per_windows_prompt):1
2024-12-21 12:27:18,649 - [Process 1/5] - INFO - res.shape is :torch.Size([61])
2024-12-21 12:27:18,775 - [Process 1/5] - INFO - len(per_windows_prompt):1
2024-12-21 12:27:23,047 - [Process 1/5] - INFO - res.shape is :torch.Size([10])
2024-12-21 12:27:23,172 - [Process 1/5] - INFO - len(per_windows_prompt):1
2024-12-21 12:27:27,209 - [Process 1/5] - INFO - res.shape is :torch.Size([4])
2024-12-21 12:27:27,305 - [Process 1/5] - INFO - len(per_windows_prompt):1
2024-12-21 12:27:31,190 - [Process 1/5] - INFO - res.shape is :torch.Size([12])
2024-12-21 12:27:31,290 - [Process 1/5] - INFO - len(per_windows_prompt):1
2024-12-21 12:27:35,316 - [Process 1/5] - INFO - res.shape is :torch.Size([4])
2024-12-21 12:27:35,407 - [Process 1/5] - INFO - len(per_windows_prompt):1
2024-12-21 12:27:39,026 - [Process 1/5] - INFO - res.shape is :torch.Size([11])
2024-12-21 12:27:39,172 - [Process 1/5] - INFO - len(per_windows_prompt):1
2024-12-21 12:27:45,593 - [Process 1/5] - INFO - res.shape is :torch.Size([64])
2024-12-21 12:27:45,726 - [Process 1/5] - INFO - len(per_windows_prompt):1
2024-12-21 12:27:51,387 - [Process 1/5] - INFO - res.shape is :torch.Size([45])
2024-12-21 12:27:51,503 - [Process 1/5] - INFO - len(per_windows_prompt):1
2024-12-21 12:27:55,702 - [Process 1/5] - INFO - res.shape is :torch.Size([8])
2024-12-21 12:27:55,800 - [Process 1/5] - INFO - len(per_windows_prompt):1
2024-12-21 12:27:59,655 - [Process 1/5] - INFO - res.shape is :torch.Size([7])
2024-12-21 12:27:59,735 - [Process 1/5] - INFO - len(per_windows_prompt):1
2024-12-21 12:28:03,302 - [Process 1/5] - INFO - res.shape is :torch.Size([11])
2024-12-21 12:28:03,415 - [Process 1/5] - INFO - len(per_windows_prompt):1
2024-12-21 12:28:07,812 - [Process 1/5] - INFO - res.shape is :torch.Size([13])
2024-12-21 12:28:07,904 - [Process 1/5] - INFO - len(per_windows_prompt):1
2024-12-21 12:28:11,219 - [Process 1/5] - INFO - res.shape is :torch.Size([3])
2024-12-21 12:28:11,258 - [Process 1/5] - INFO - len(per_windows_prompt):1
2024-12-21 12:28:13,432 - [Process 1/5] - INFO - res.shape is :torch.Size([27])
2024-12-21 12:28:13,543 - [Process 1/5] - INFO - len(per_windows_prompt):1
2024-12-21 12:28:17,779 - [Process 1/5] - INFO - res.shape is :torch.Size([9])
