2024-12-21 15:50:54,514 - [Process 0/5] - INFO - loading datasets finished
2024-12-21 15:50:54,514 - [Process 0/5] - INFO - model_max_len: 3950
2024-12-21 15:50:54,514 - [Process 0/5] - INFO - output_max_len: 32
2024-12-21 15:50:54,590 - [Process 0/5] - INFO - Max Length is 12697
2024-12-21 15:50:54,591 - [Process 0/5] - INFO - Finish loading dataset
2024-12-21 15:50:54,591 - [Process 0/5] - INFO - get_predicted begin
2024-12-21 15:50:59,365 - [Process 0/5] - INFO - len(per_windows_prompt):1
2024-12-21 15:51:04,123 - [Process 0/5] - INFO - res.shape is :torch.Size([4])
2024-12-21 15:51:04,420 - [Process 0/5] - INFO - len(per_windows_prompt):1
2024-12-21 15:51:08,475 - [Process 0/5] - INFO - res.shape is :torch.Size([6])
2024-12-21 15:51:08,772 - [Process 0/5] - INFO - len(per_windows_prompt):1
2024-12-21 15:51:12,691 - [Process 0/5] - INFO - res.shape is :torch.Size([3])
2024-12-21 15:51:13,007 - [Process 0/5] - INFO - len(per_windows_prompt):1
2024-12-21 15:51:16,885 - [Process 0/5] - INFO - res.shape is :torch.Size([2])
2024-12-21 15:51:17,170 - [Process 0/5] - INFO - len(per_windows_prompt):1
2024-12-21 15:51:21,056 - [Process 0/5] - INFO - res.shape is :torch.Size([2])
2024-12-21 15:51:21,346 - [Process 0/5] - INFO - len(per_windows_prompt):1
2024-12-21 15:51:25,319 - [Process 0/5] - INFO - res.shape is :torch.Size([4])
2024-12-21 15:51:25,603 - [Process 0/5] - INFO - len(per_windows_prompt):1
2024-12-21 15:51:30,264 - [Process 0/5] - INFO - res.shape is :torch.Size([20])
2024-12-21 15:51:30,378 - [Process 0/5] - INFO - len(per_windows_prompt):1
2024-12-21 15:51:32,798 - [Process 0/5] - INFO - res.shape is :torch.Size([5])
2024-12-21 15:51:33,045 - [Process 0/5] - INFO - len(per_windows_prompt):1
2024-12-21 15:51:37,064 - [Process 0/5] - INFO - res.shape is :torch.Size([5])
2024-12-21 15:51:37,280 - [Process 0/5] - INFO - len(per_windows_prompt):1
2024-12-21 15:51:41,296 - [Process 0/5] - INFO - res.shape is :torch.Size([5])
2024-12-21 15:51:41,578 - [Process 0/5] - INFO - len(per_windows_prompt):1
2024-12-21 15:51:45,476 - [Process 0/5] - INFO - res.shape is :torch.Size([2])
2024-12-21 15:51:45,756 - [Process 0/5] - INFO - len(per_windows_prompt):1
2024-12-21 15:51:49,738 - [Process 0/5] - INFO - res.shape is :torch.Size([4])
2024-12-21 15:51:50,015 - [Process 0/5] - INFO - len(per_windows_prompt):1
2024-12-21 15:51:54,002 - [Process 0/5] - INFO - res.shape is :torch.Size([4])
2024-12-21 15:51:54,231 - [Process 0/5] - INFO - len(per_windows_prompt):1
2024-12-21 15:51:58,173 - [Process 0/5] - INFO - res.shape is :torch.Size([3])
2024-12-21 15:51:58,455 - [Process 0/5] - INFO - len(per_windows_prompt):1
2024-12-21 15:52:02,402 - [Process 0/5] - INFO - res.shape is :torch.Size([3])
2024-12-21 15:52:02,651 - [Process 0/5] - INFO - len(per_windows_prompt):1
2024-12-21 15:52:06,685 - [Process 0/5] - INFO - res.shape is :torch.Size([5])
2024-12-21 15:52:06,883 - [Process 0/5] - INFO - len(per_windows_prompt):1
2024-12-21 15:52:10,839 - [Process 0/5] - INFO - res.shape is :torch.Size([3])
2024-12-21 15:52:11,136 - [Process 0/5] - INFO - len(per_windows_prompt):1
2024-12-21 15:52:15,137 - [Process 0/5] - INFO - res.shape is :torch.Size([4])
2024-12-21 15:52:15,396 - [Process 0/5] - INFO - len(per_windows_prompt):1
2024-12-21 15:52:19,353 - [Process 0/5] - INFO - res.shape is :torch.Size([3])
2024-12-21 15:52:19,627 - [Process 0/5] - INFO - len(per_windows_prompt):1
2024-12-21 15:52:23,753 - [Process 0/5] - INFO - res.shape is :torch.Size([7])
2024-12-21 15:52:23,990 - [Process 0/5] - INFO - len(per_windows_prompt):1
2024-12-21 15:52:27,990 - [Process 0/5] - INFO - res.shape is :torch.Size([4])
2024-12-21 15:52:28,254 - [Process 0/5] - INFO - len(per_windows_prompt):1
2024-12-21 15:52:32,803 - [Process 0/5] - INFO - res.shape is :torch.Size([17])
2024-12-21 15:52:32,995 - [Process 0/5] - INFO - len(per_windows_prompt):1
2024-12-21 15:52:36,955 - [Process 0/5] - INFO - res.shape is :torch.Size([3])
2024-12-21 15:52:37,198 - [Process 0/5] - INFO - len(per_windows_prompt):1
2024-12-21 15:52:41,203 - [Process 0/5] - INFO - res.shape is :torch.Size([4])
2024-12-21 15:52:41,467 - [Process 0/5] - INFO - len(per_windows_prompt):1
2024-12-21 15:52:45,643 - [Process 0/5] - INFO - res.shape is :torch.Size([8])
2024-12-21 15:52:45,867 - [Process 0/5] - INFO - len(per_windows_prompt):1
2024-12-21 15:52:50,333 - [Process 0/5] - INFO - res.shape is :torch.Size([15])
2024-12-21 15:52:50,617 - [Process 0/5] - INFO - len(per_windows_prompt):1
2024-12-21 15:52:54,958 - [Process 0/5] - INFO - res.shape is :torch.Size([12])
2024-12-21 15:52:55,179 - [Process 0/5] - INFO - len(per_windows_prompt):1
2024-12-21 15:52:59,140 - [Process 0/5] - INFO - res.shape is :torch.Size([3])
2024-12-21 15:52:59,313 - [Process 0/5] - INFO - len(per_windows_prompt):1
2024-12-21 15:53:03,345 - [Process 0/5] - INFO - res.shape is :torch.Size([5])
2024-12-21 15:53:03,625 - [Process 0/5] - INFO - len(per_windows_prompt):1
2024-12-21 15:53:07,549 - [Process 0/5] - INFO - res.shape is :torch.Size([2])
2024-12-21 15:53:07,839 - [Process 0/5] - INFO - len(per_windows_prompt):1
2024-12-21 15:53:11,805 - [Process 0/5] - INFO - res.shape is :torch.Size([3])
2024-12-21 15:53:12,078 - [Process 0/5] - INFO - len(per_windows_prompt):1
2024-12-21 15:53:16,130 - [Process 0/5] - INFO - res.shape is :torch.Size([5])
2024-12-21 15:53:16,392 - [Process 0/5] - INFO - len(per_windows_prompt):1
2024-12-21 15:53:20,525 - [Process 0/5] - INFO - res.shape is :torch.Size([7])
2024-12-21 15:53:20,802 - [Process 0/5] - INFO - len(per_windows_prompt):1
2024-12-21 15:53:24,812 - [Process 0/5] - INFO - res.shape is :torch.Size([4])
2024-12-21 15:53:25,068 - [Process 0/5] - INFO - len(per_windows_prompt):1
2024-12-21 15:53:28,993 - [Process 0/5] - INFO - res.shape is :torch.Size([2])
2024-12-21 15:53:29,270 - [Process 0/5] - INFO - len(per_windows_prompt):1
2024-12-21 15:53:33,321 - [Process 0/5] - INFO - res.shape is :torch.Size([5])
2024-12-21 15:53:33,594 - [Process 0/5] - INFO - len(per_windows_prompt):1
2024-12-21 15:53:38,613 - [Process 0/5] - INFO - res.shape is :torch.Size([28])
2024-12-21 15:53:38,868 - [Process 0/5] - INFO - len(per_windows_prompt):1
2024-12-21 15:53:42,834 - [Process 0/5] - INFO - res.shape is :torch.Size([3])
2024-12-21 15:53:43,121 - [Process 0/5] - INFO - len(per_windows_prompt):1
2024-12-21 15:53:47,050 - [Process 0/5] - INFO - res.shape is :torch.Size([2])
2024-12-21 15:53:47,322 - [Process 0/5] - INFO - len(per_windows_prompt):1
2024-12-21 15:53:51,290 - [Process 0/5] - INFO - res.shape is :torch.Size([3])
