2024-12-21 13:09:32,595 - [Process 1/5] - INFO - loading datasets finished
2024-12-21 13:09:32,595 - [Process 1/5] - INFO - model_max_len: 3950
2024-12-21 13:09:32,595 - [Process 1/5] - INFO - output_max_len: 32
2024-12-21 13:09:32,691 - [Process 1/5] - INFO - Max Length is 17355
2024-12-21 13:09:32,692 - [Process 1/5] - INFO - Finish loading dataset
2024-12-21 13:09:32,692 - [Process 1/5] - INFO - get_predicted begin
2024-12-21 13:09:37,447 - [Process 1/5] - INFO - len(per_windows_prompt):1
2024-12-21 13:09:42,400 - [Process 1/5] - INFO - res.shape is :torch.Size([8])
2024-12-21 13:09:42,727 - [Process 1/5] - INFO - len(per_windows_prompt):1
2024-12-21 13:09:47,109 - [Process 1/5] - INFO - res.shape is :torch.Size([12])
2024-12-21 13:09:47,397 - [Process 1/5] - INFO - len(per_windows_prompt):1
2024-12-21 13:09:52,648 - [Process 1/5] - INFO - res.shape is :torch.Size([32])
2024-12-21 13:09:52,959 - [Process 1/5] - INFO - len(per_windows_prompt):1
2024-12-21 13:09:58,188 - [Process 1/5] - INFO - res.shape is :torch.Size([32])
2024-12-21 13:09:58,473 - [Process 1/5] - INFO - len(per_windows_prompt):1
2024-12-21 13:10:02,534 - [Process 1/5] - INFO - res.shape is :torch.Size([5])
2024-12-21 13:10:02,818 - [Process 1/5] - INFO - len(per_windows_prompt):1
2024-12-21 13:10:06,969 - [Process 1/5] - INFO - res.shape is :torch.Size([7])
2024-12-21 13:10:07,254 - [Process 1/5] - INFO - len(per_windows_prompt):1
2024-12-21 13:10:12,458 - [Process 1/5] - INFO - res.shape is :torch.Size([32])
2024-12-21 13:10:12,748 - [Process 1/5] - INFO - len(per_windows_prompt):1
2024-12-21 13:10:17,746 - [Process 1/5] - INFO - res.shape is :torch.Size([27])
2024-12-21 13:10:18,028 - [Process 1/5] - INFO - len(per_windows_prompt):1
2024-12-21 13:10:22,148 - [Process 1/5] - INFO - res.shape is :torch.Size([6])
2024-12-21 13:10:22,425 - [Process 1/5] - INFO - len(per_windows_prompt):1
2024-12-21 13:10:27,643 - [Process 1/5] - INFO - res.shape is :torch.Size([32])
2024-12-21 13:10:27,926 - [Process 1/5] - INFO - len(per_windows_prompt):1
2024-12-21 13:10:32,852 - [Process 1/5] - INFO - res.shape is :torch.Size([25])
2024-12-21 13:10:33,114 - [Process 1/5] - INFO - len(per_windows_prompt):1
2024-12-21 13:10:37,321 - [Process 1/5] - INFO - res.shape is :torch.Size([8])
2024-12-21 13:10:37,539 - [Process 1/5] - INFO - len(per_windows_prompt):1
2024-12-21 13:10:42,251 - [Process 1/5] - INFO - res.shape is :torch.Size([20])
2024-12-21 13:10:42,524 - [Process 1/5] - INFO - len(per_windows_prompt):1
2024-12-21 13:10:46,818 - [Process 1/5] - INFO - res.shape is :torch.Size([10])
2024-12-21 13:10:47,098 - [Process 1/5] - INFO - len(per_windows_prompt):1
2024-12-21 13:10:51,311 - [Process 1/5] - INFO - res.shape is :torch.Size([8])
2024-12-21 13:10:51,583 - [Process 1/5] - INFO - len(per_windows_prompt):1
2024-12-21 13:10:55,756 - [Process 1/5] - INFO - res.shape is :torch.Size([7])
2024-12-21 13:10:56,018 - [Process 1/5] - INFO - len(per_windows_prompt):1
2024-12-21 13:11:00,149 - [Process 1/5] - INFO - res.shape is :torch.Size([6])
2024-12-21 13:11:00,425 - [Process 1/5] - INFO - len(per_windows_prompt):1
2024-12-21 13:11:05,689 - [Process 1/5] - INFO - res.shape is :torch.Size([32])
2024-12-21 13:11:05,997 - [Process 1/5] - INFO - len(per_windows_prompt):1
2024-12-21 13:11:10,106 - [Process 1/5] - INFO - res.shape is :torch.Size([5])
2024-12-21 13:11:10,415 - [Process 1/5] - INFO - len(per_windows_prompt):1
2024-12-21 13:11:14,443 - [Process 1/5] - INFO - res.shape is :torch.Size([3])
2024-12-21 13:11:14,672 - [Process 1/5] - INFO - len(per_windows_prompt):1
2024-12-21 13:11:18,867 - [Process 1/5] - INFO - res.shape is :torch.Size([7])
2024-12-21 13:11:19,131 - [Process 1/5] - INFO - len(per_windows_prompt):1
2024-12-21 13:11:23,241 - [Process 1/5] - INFO - res.shape is :torch.Size([5])
2024-12-21 13:11:23,519 - [Process 1/5] - INFO - len(per_windows_prompt):1
2024-12-21 13:11:27,715 - [Process 1/5] - INFO - res.shape is :torch.Size([7])
2024-12-21 13:11:27,991 - [Process 1/5] - INFO - len(per_windows_prompt):1
2024-12-21 13:11:33,254 - [Process 1/5] - INFO - res.shape is :torch.Size([32])
2024-12-21 13:11:33,577 - [Process 1/5] - INFO - len(per_windows_prompt):1
2024-12-21 13:11:37,694 - [Process 1/5] - INFO - res.shape is :torch.Size([5])
2024-12-21 13:11:37,968 - [Process 1/5] - INFO - len(per_windows_prompt):1
2024-12-21 13:11:43,011 - [Process 1/5] - INFO - res.shape is :torch.Size([27])
2024-12-21 13:11:43,296 - [Process 1/5] - INFO - len(per_windows_prompt):1
2024-12-21 13:11:48,544 - [Process 1/5] - INFO - res.shape is :torch.Size([32])
2024-12-21 13:11:48,824 - [Process 1/5] - INFO - len(per_windows_prompt):1
2024-12-21 13:11:53,319 - [Process 1/5] - INFO - res.shape is :torch.Size([14])
2024-12-21 13:11:53,512 - [Process 1/5] - INFO - len(per_windows_prompt):1
2024-12-21 13:11:57,625 - [Process 1/5] - INFO - res.shape is :torch.Size([5])
2024-12-21 13:11:57,912 - [Process 1/5] - INFO - len(per_windows_prompt):1
2024-12-21 13:12:01,943 - [Process 1/5] - INFO - res.shape is :torch.Size([3])
2024-12-21 13:12:02,212 - [Process 1/5] - INFO - len(per_windows_prompt):1
2024-12-21 13:12:06,703 - [Process 1/5] - INFO - res.shape is :torch.Size([14])
2024-12-21 13:12:06,984 - [Process 1/5] - INFO - len(per_windows_prompt):1
2024-12-21 13:12:11,608 - [Process 1/5] - INFO - res.shape is :torch.Size([17])
2024-12-21 13:12:11,885 - [Process 1/5] - INFO - len(per_windows_prompt):1
2024-12-21 13:12:15,960 - [Process 1/5] - INFO - res.shape is :torch.Size([4])
2024-12-21 13:12:16,243 - [Process 1/5] - INFO - len(per_windows_prompt):1
2024-12-21 13:12:20,403 - [Process 1/5] - INFO - res.shape is :torch.Size([6])
2024-12-21 13:12:20,679 - [Process 1/5] - INFO - len(per_windows_prompt):1
2024-12-21 13:12:24,714 - [Process 1/5] - INFO - res.shape is :torch.Size([3])
2024-12-21 13:12:24,991 - [Process 1/5] - INFO - len(per_windows_prompt):1
2024-12-21 13:12:30,159 - [Process 1/5] - INFO - res.shape is :torch.Size([30])
2024-12-21 13:12:30,412 - [Process 1/5] - INFO - len(per_windows_prompt):1
2024-12-21 13:12:34,991 - [Process 1/5] - INFO - res.shape is :torch.Size([16])
2024-12-21 13:12:35,280 - [Process 1/5] - INFO - len(per_windows_prompt):1
2024-12-21 13:12:40,111 - [Process 1/5] - INFO - res.shape is :torch.Size([22])
2024-12-21 13:12:40,390 - [Process 1/5] - INFO - len(per_windows_prompt):1
2024-12-21 13:12:44,546 - [Process 1/5] - INFO - res.shape is :torch.Size([6])
2024-12-21 13:12:44,815 - [Process 1/5] - INFO - len(per_windows_prompt):1
2024-12-21 13:12:48,843 - [Process 1/5] - INFO - res.shape is :torch.Size([3])
