2024-12-21 14:34:03,769 - [Process 0/5] - INFO - loading datasets finished
2024-12-21 14:34:03,769 - [Process 0/5] - INFO - model_max_len: 3950
2024-12-21 14:34:03,769 - [Process 0/5] - INFO - output_max_len: 32
2024-12-21 14:34:03,844 - [Process 0/5] - INFO - Max Length is 12697
2024-12-21 14:34:03,845 - [Process 0/5] - INFO - Finish loading dataset
2024-12-21 14:34:03,845 - [Process 0/5] - INFO - get_predicted begin
2024-12-21 14:34:08,612 - [Process 0/5] - INFO - len(per_windows_prompt):1
2024-12-21 14:34:13,696 - [Process 0/5] - INFO - res.shape is :torch.Size([12])
2024-12-21 14:34:13,979 - [Process 0/5] - INFO - len(per_windows_prompt):1
2024-12-21 14:34:18,166 - [Process 0/5] - INFO - res.shape is :torch.Size([8])
2024-12-21 14:34:18,469 - [Process 0/5] - INFO - len(per_windows_prompt):1
2024-12-21 14:34:22,487 - [Process 0/5] - INFO - res.shape is :torch.Size([5])
2024-12-21 14:34:22,782 - [Process 0/5] - INFO - len(per_windows_prompt):1
2024-12-21 14:34:26,752 - [Process 0/5] - INFO - res.shape is :torch.Size([4])
2024-12-21 14:34:27,019 - [Process 0/5] - INFO - len(per_windows_prompt):1
2024-12-21 14:34:30,993 - [Process 0/5] - INFO - res.shape is :torch.Size([4])
2024-12-21 14:34:31,257 - [Process 0/5] - INFO - len(per_windows_prompt):1
2024-12-21 14:34:35,233 - [Process 0/5] - INFO - res.shape is :torch.Size([4])
2024-12-21 14:34:35,494 - [Process 0/5] - INFO - len(per_windows_prompt):1
2024-12-21 14:34:40,192 - [Process 0/5] - INFO - res.shape is :torch.Size([21])
2024-12-21 14:34:40,313 - [Process 0/5] - INFO - len(per_windows_prompt):1
2024-12-21 14:34:42,821 - [Process 0/5] - INFO - res.shape is :torch.Size([7])
2024-12-21 14:34:43,065 - [Process 0/5] - INFO - len(per_windows_prompt):1
2024-12-21 14:34:47,093 - [Process 0/5] - INFO - res.shape is :torch.Size([5])
2024-12-21 14:34:47,308 - [Process 0/5] - INFO - len(per_windows_prompt):1
2024-12-21 14:34:51,380 - [Process 0/5] - INFO - res.shape is :torch.Size([6])
2024-12-21 14:34:51,658 - [Process 0/5] - INFO - len(per_windows_prompt):1
2024-12-21 14:34:55,781 - [Process 0/5] - INFO - res.shape is :torch.Size([7])
2024-12-21 14:34:56,061 - [Process 0/5] - INFO - len(per_windows_prompt):1
2024-12-21 14:35:00,142 - [Process 0/5] - INFO - res.shape is :torch.Size([6])
2024-12-21 14:35:00,417 - [Process 0/5] - INFO - len(per_windows_prompt):1
2024-12-21 14:35:04,542 - [Process 0/5] - INFO - res.shape is :torch.Size([7])
2024-12-21 14:35:04,770 - [Process 0/5] - INFO - len(per_windows_prompt):1
2024-12-21 14:35:08,729 - [Process 0/5] - INFO - res.shape is :torch.Size([3])
2024-12-21 14:35:09,006 - [Process 0/5] - INFO - len(per_windows_prompt):1
2024-12-21 14:35:13,221 - [Process 0/5] - INFO - res.shape is :torch.Size([9])
2024-12-21 14:35:13,467 - [Process 0/5] - INFO - len(per_windows_prompt):1
2024-12-21 14:35:17,513 - [Process 0/5] - INFO - res.shape is :torch.Size([5])
2024-12-21 14:35:17,707 - [Process 0/5] - INFO - len(per_windows_prompt):1
2024-12-21 14:35:21,756 - [Process 0/5] - INFO - res.shape is :torch.Size([5])
2024-12-21 14:35:22,051 - [Process 0/5] - INFO - len(per_windows_prompt):1
2024-12-21 14:35:26,231 - [Process 0/5] - INFO - res.shape is :torch.Size([8])
2024-12-21 14:35:26,487 - [Process 0/5] - INFO - len(per_windows_prompt):1
2024-12-21 14:35:30,497 - [Process 0/5] - INFO - res.shape is :torch.Size([4])
2024-12-21 14:35:30,768 - [Process 0/5] - INFO - len(per_windows_prompt):1
2024-12-21 14:35:34,989 - [Process 0/5] - INFO - res.shape is :torch.Size([9])
2024-12-21 14:35:35,224 - [Process 0/5] - INFO - len(per_windows_prompt):1
2024-12-21 14:35:39,238 - [Process 0/5] - INFO - res.shape is :torch.Size([4])
2024-12-21 14:35:39,500 - [Process 0/5] - INFO - len(per_windows_prompt):1
2024-12-21 14:35:43,596 - [Process 0/5] - INFO - res.shape is :torch.Size([6])
2024-12-21 14:35:43,787 - [Process 0/5] - INFO - len(per_windows_prompt):1
2024-12-21 14:35:47,842 - [Process 0/5] - INFO - res.shape is :torch.Size([5])
2024-12-21 14:35:48,083 - [Process 0/5] - INFO - len(per_windows_prompt):1
2024-12-21 14:35:52,186 - [Process 0/5] - INFO - res.shape is :torch.Size([6])
2024-12-21 14:35:52,451 - [Process 0/5] - INFO - len(per_windows_prompt):1
2024-12-21 14:35:56,557 - [Process 0/5] - INFO - res.shape is :torch.Size([6])
2024-12-21 14:35:56,780 - [Process 0/5] - INFO - len(per_windows_prompt):1
2024-12-21 14:36:00,968 - [Process 0/5] - INFO - res.shape is :torch.Size([8])
2024-12-21 14:36:01,250 - [Process 0/5] - INFO - len(per_windows_prompt):1
2024-12-21 14:36:05,354 - [Process 0/5] - INFO - res.shape is :torch.Size([6])
2024-12-21 14:36:05,574 - [Process 0/5] - INFO - len(per_windows_prompt):1
2024-12-21 14:36:09,587 - [Process 0/5] - INFO - res.shape is :torch.Size([4])
2024-12-21 14:36:09,758 - [Process 0/5] - INFO - len(per_windows_prompt):1
2024-12-21 14:36:13,891 - [Process 0/5] - INFO - res.shape is :torch.Size([7])
2024-12-21 14:36:14,168 - [Process 0/5] - INFO - len(per_windows_prompt):1
2024-12-21 14:36:18,144 - [Process 0/5] - INFO - res.shape is :torch.Size([3])
2024-12-21 14:36:18,433 - [Process 0/5] - INFO - len(per_windows_prompt):1
2024-12-21 14:36:22,577 - [Process 0/5] - INFO - res.shape is :torch.Size([7])
2024-12-21 14:36:22,847 - [Process 0/5] - INFO - len(per_windows_prompt):1
2024-12-21 14:36:26,952 - [Process 0/5] - INFO - res.shape is :torch.Size([6])
2024-12-21 14:36:27,213 - [Process 0/5] - INFO - len(per_windows_prompt):1
2024-12-21 14:36:31,359 - [Process 0/5] - INFO - res.shape is :torch.Size([7])
2024-12-21 14:36:31,634 - [Process 0/5] - INFO - len(per_windows_prompt):1
2024-12-21 14:36:35,696 - [Process 0/5] - INFO - res.shape is :torch.Size([5])
2024-12-21 14:36:35,952 - [Process 0/5] - INFO - len(per_windows_prompt):1
2024-12-21 14:36:39,929 - [Process 0/5] - INFO - res.shape is :torch.Size([3])
2024-12-21 14:36:40,209 - [Process 0/5] - INFO - len(per_windows_prompt):1
2024-12-21 14:36:44,315 - [Process 0/5] - INFO - res.shape is :torch.Size([6])
2024-12-21 14:36:44,589 - [Process 0/5] - INFO - len(per_windows_prompt):1
2024-12-21 14:36:48,824 - [Process 0/5] - INFO - res.shape is :torch.Size([9])
2024-12-21 14:36:49,079 - [Process 0/5] - INFO - len(per_windows_prompt):1
2024-12-21 14:36:53,140 - [Process 0/5] - INFO - res.shape is :torch.Size([5])
2024-12-21 14:36:53,426 - [Process 0/5] - INFO - len(per_windows_prompt):1
2024-12-21 14:36:57,500 - [Process 0/5] - INFO - res.shape is :torch.Size([5])
2024-12-21 14:36:57,779 - [Process 0/5] - INFO - len(per_windows_prompt):1
2024-12-21 14:37:01,813 - [Process 0/5] - INFO - res.shape is :torch.Size([4])
