2024-12-21 14:28:29,139 - [Process 4/5] - INFO - loading datasets finished
2024-12-21 14:28:29,140 - [Process 4/5] - INFO - model_max_len: 3950
2024-12-21 14:28:29,140 - [Process 4/5] - INFO - output_max_len: 32
2024-12-21 14:28:29,217 - [Process 4/5] - INFO - Max Length is 12697
2024-12-21 14:28:29,218 - [Process 4/5] - INFO - Finish loading dataset
2024-12-21 14:28:29,218 - [Process 4/5] - INFO - get_predicted begin
2024-12-21 14:28:33,998 - [Process 4/5] - INFO - len(per_windows_prompt):2
2024-12-21 14:28:38,509 - [Process 4/5] - INFO - res.shape is :torch.Size([5])
2024-12-21 14:28:38,772 - [Process 4/5] - INFO - len(per_windows_prompt):2
2024-12-21 14:28:42,643 - [Process 4/5] - INFO - res.shape is :torch.Size([6])
2024-12-21 14:28:42,896 - [Process 4/5] - INFO - len(per_windows_prompt):2
2024-12-21 14:28:46,794 - [Process 4/5] - INFO - res.shape is :torch.Size([4])
2024-12-21 14:28:47,084 - [Process 4/5] - INFO - len(per_windows_prompt):2
2024-12-21 14:28:50,949 - [Process 4/5] - INFO - res.shape is :torch.Size([5])
2024-12-21 14:28:51,242 - [Process 4/5] - INFO - len(per_windows_prompt):2
2024-12-21 14:28:55,339 - [Process 4/5] - INFO - res.shape is :torch.Size([8])
2024-12-21 14:28:55,536 - [Process 4/5] - INFO - len(per_windows_prompt):2
2024-12-21 14:28:59,335 - [Process 4/5] - INFO - res.shape is :torch.Size([3])
2024-12-21 14:28:59,618 - [Process 4/5] - INFO - len(per_windows_prompt):2
2024-12-21 14:29:03,422 - [Process 4/5] - INFO - res.shape is :torch.Size([3])
2024-12-21 14:29:03,606 - [Process 4/5] - INFO - len(per_windows_prompt):2
2024-12-21 14:29:07,390 - [Process 4/5] - INFO - res.shape is :torch.Size([2])
2024-12-21 14:29:07,670 - [Process 4/5] - INFO - len(per_windows_prompt):2
2024-12-21 14:29:11,578 - [Process 4/5] - INFO - res.shape is :torch.Size([5])
2024-12-21 14:29:11,842 - [Process 4/5] - INFO - len(per_windows_prompt):2
2024-12-21 14:29:15,695 - [Process 4/5] - INFO - res.shape is :torch.Size([4])
2024-12-21 14:29:15,975 - [Process 4/5] - INFO - len(per_windows_prompt):2
2024-12-21 14:29:20,075 - [Process 4/5] - INFO - res.shape is :torch.Size([10])
2024-12-21 14:29:20,345 - [Process 4/5] - INFO - len(per_windows_prompt):2
2024-12-21 14:29:24,953 - [Process 4/5] - INFO - res.shape is :torch.Size([19])
2024-12-21 14:29:25,231 - [Process 4/5] - INFO - len(per_windows_prompt):2
2024-12-21 14:29:29,081 - [Process 4/5] - INFO - res.shape is :torch.Size([3])
2024-12-21 14:29:29,367 - [Process 4/5] - INFO - len(per_windows_prompt):2
2024-12-21 14:29:33,369 - [Process 4/5] - INFO - res.shape is :torch.Size([5])
2024-12-21 14:29:33,629 - [Process 4/5] - INFO - len(per_windows_prompt):2
2024-12-21 14:29:37,584 - [Process 4/5] - INFO - res.shape is :torch.Size([4])
2024-12-21 14:29:37,784 - [Process 4/5] - INFO - len(per_windows_prompt):2
2024-12-21 14:29:41,697 - [Process 4/5] - INFO - res.shape is :torch.Size([4])
2024-12-21 14:29:41,974 - [Process 4/5] - INFO - len(per_windows_prompt):2
2024-12-21 14:29:46,094 - [Process 4/5] - INFO - res.shape is :torch.Size([8])
2024-12-21 14:29:46,349 - [Process 4/5] - INFO - len(per_windows_prompt):2
2024-12-21 14:29:50,214 - [Process 4/5] - INFO - res.shape is :torch.Size([6])
2024-12-21 14:29:50,426 - [Process 4/5] - INFO - len(per_windows_prompt):2
2024-12-21 14:29:54,343 - [Process 4/5] - INFO - res.shape is :torch.Size([3])
2024-12-21 14:29:54,621 - [Process 4/5] - INFO - len(per_windows_prompt):2
2024-12-21 14:29:58,543 - [Process 4/5] - INFO - res.shape is :torch.Size([3])
2024-12-21 14:29:58,818 - [Process 4/5] - INFO - len(per_windows_prompt):2
2024-12-21 14:30:02,720 - [Process 4/5] - INFO - res.shape is :torch.Size([4])
2024-12-21 14:30:02,920 - [Process 4/5] - INFO - len(per_windows_prompt):2
2024-12-21 14:30:06,802 - [Process 4/5] - INFO - res.shape is :torch.Size([3])
2024-12-21 14:30:07,040 - [Process 4/5] - INFO - len(per_windows_prompt):2
2024-12-21 14:30:10,995 - [Process 4/5] - INFO - res.shape is :torch.Size([6])
2024-12-21 14:30:11,242 - [Process 4/5] - INFO - len(per_windows_prompt):2
2024-12-21 14:30:15,081 - [Process 4/5] - INFO - res.shape is :torch.Size([2])
2024-12-21 14:30:15,343 - [Process 4/5] - INFO - len(per_windows_prompt):2
2024-12-21 14:30:19,138 - [Process 4/5] - INFO - res.shape is :torch.Size([4])
2024-12-21 14:30:19,434 - [Process 4/5] - INFO - len(per_windows_prompt):2
2024-12-21 14:30:23,328 - [Process 4/5] - INFO - res.shape is :torch.Size([2])
2024-12-21 14:30:23,615 - [Process 4/5] - INFO - len(per_windows_prompt):2
2024-12-21 14:30:27,554 - [Process 4/5] - INFO - res.shape is :torch.Size([5])
2024-12-21 14:30:27,780 - [Process 4/5] - INFO - len(per_windows_prompt):2
2024-12-21 14:30:31,709 - [Process 4/5] - INFO - res.shape is :torch.Size([5])
2024-12-21 14:30:31,932 - [Process 4/5] - INFO - len(per_windows_prompt):2
2024-12-21 14:30:36,341 - [Process 4/5] - INFO - res.shape is :torch.Size([16])
2024-12-21 14:30:36,630 - [Process 4/5] - INFO - len(per_windows_prompt):2
2024-12-21 14:30:40,573 - [Process 4/5] - INFO - res.shape is :torch.Size([3])
2024-12-21 14:30:40,864 - [Process 4/5] - INFO - len(per_windows_prompt):2
2024-12-21 14:30:44,712 - [Process 4/5] - INFO - res.shape is :torch.Size([3])
2024-12-21 14:30:44,907 - [Process 4/5] - INFO - len(per_windows_prompt):2
2024-12-21 14:30:48,848 - [Process 4/5] - INFO - res.shape is :torch.Size([3])
2024-12-21 14:30:49,092 - [Process 4/5] - INFO - len(per_windows_prompt):2
2024-12-21 14:30:53,034 - [Process 4/5] - INFO - res.shape is :torch.Size([5])
2024-12-21 14:30:53,239 - [Process 4/5] - INFO - len(per_windows_prompt):2
2024-12-21 14:30:57,125 - [Process 4/5] - INFO - res.shape is :torch.Size([4])
2024-12-21 14:30:57,399 - [Process 4/5] - INFO - len(per_windows_prompt):2
2024-12-21 14:31:01,477 - [Process 4/5] - INFO - res.shape is :torch.Size([8])
2024-12-21 14:31:01,729 - [Process 4/5] - INFO - len(per_windows_prompt):2
2024-12-21 14:31:05,811 - [Process 4/5] - INFO - res.shape is :torch.Size([7])
2024-12-21 14:31:06,079 - [Process 4/5] - INFO - len(per_windows_prompt):2
2024-12-21 14:31:10,081 - [Process 4/5] - INFO - res.shape is :torch.Size([6])
2024-12-21 14:31:10,264 - [Process 4/5] - INFO - len(per_windows_prompt):2
2024-12-21 14:31:14,229 - [Process 4/5] - INFO - res.shape is :torch.Size([5])
2024-12-21 14:31:14,519 - [Process 4/5] - INFO - len(per_windows_prompt):2
2024-12-21 14:31:18,515 - [Process 4/5] - INFO - res.shape is :torch.Size([4])
2024-12-21 14:31:18,709 - [Process 4/5] - INFO - len(per_windows_prompt):2
2024-12-21 14:31:22,554 - [Process 4/5] - INFO - res.shape is :torch.Size([2])
