2024-12-21 16:54:00,198 - [Process 0/5] - INFO - loading datasets finished
2024-12-21 16:54:00,199 - [Process 0/5] - INFO - model_max_len: 3950
2024-12-21 16:54:00,199 - [Process 0/5] - INFO - output_max_len: 64
2024-12-21 16:54:00,316 - [Process 0/5] - INFO - Max Length is 18754
2024-12-21 16:54:00,317 - [Process 0/5] - INFO - Finish loading dataset
2024-12-21 16:54:00,318 - [Process 0/5] - INFO - get_predicted begin
2024-12-21 16:54:05,044 - [Process 0/5] - INFO - len(per_windows_prompt):1
2024-12-21 16:54:12,512 - [Process 0/5] - INFO - res.shape is :torch.Size([64])
2024-12-21 16:54:12,836 - [Process 0/5] - INFO - len(per_windows_prompt):1
2024-12-21 16:54:19,530 - [Process 0/5] - INFO - res.shape is :torch.Size([64])
2024-12-21 16:54:19,815 - [Process 0/5] - INFO - len(per_windows_prompt):1
2024-12-21 16:54:26,500 - [Process 0/5] - INFO - res.shape is :torch.Size([64])
2024-12-21 16:54:26,832 - [Process 0/5] - INFO - len(per_windows_prompt):1
2024-12-21 16:54:33,525 - [Process 0/5] - INFO - res.shape is :torch.Size([64])
2024-12-21 16:54:33,834 - [Process 0/5] - INFO - len(per_windows_prompt):1
2024-12-21 16:54:40,538 - [Process 0/5] - INFO - res.shape is :torch.Size([64])
2024-12-21 16:54:40,822 - [Process 0/5] - INFO - len(per_windows_prompt):1
2024-12-21 16:54:47,526 - [Process 0/5] - INFO - res.shape is :torch.Size([64])
2024-12-21 16:54:47,719 - [Process 0/5] - INFO - len(per_windows_prompt):1
2024-12-21 16:54:54,421 - [Process 0/5] - INFO - res.shape is :torch.Size([64])
2024-12-21 16:54:54,724 - [Process 0/5] - INFO - len(per_windows_prompt):1
2024-12-21 16:55:01,422 - [Process 0/5] - INFO - res.shape is :torch.Size([64])
2024-12-21 16:55:01,686 - [Process 0/5] - INFO - len(per_windows_prompt):1
2024-12-21 16:55:08,380 - [Process 0/5] - INFO - res.shape is :torch.Size([64])
2024-12-21 16:55:08,698 - [Process 0/5] - INFO - len(per_windows_prompt):1
2024-12-21 16:55:15,384 - [Process 0/5] - INFO - res.shape is :torch.Size([64])
2024-12-21 16:55:15,574 - [Process 0/5] - INFO - len(per_windows_prompt):1
2024-12-21 16:55:22,250 - [Process 0/5] - INFO - res.shape is :torch.Size([64])
2024-12-21 16:55:22,450 - [Process 0/5] - INFO - len(per_windows_prompt):1
2024-12-21 16:55:29,107 - [Process 0/5] - INFO - res.shape is :torch.Size([64])
2024-12-21 16:55:29,348 - [Process 0/5] - INFO - len(per_windows_prompt):1
2024-12-21 16:55:36,000 - [Process 0/5] - INFO - res.shape is :torch.Size([64])
2024-12-21 16:55:36,208 - [Process 0/5] - INFO - len(per_windows_prompt):1
2024-12-21 16:55:42,863 - [Process 0/5] - INFO - res.shape is :torch.Size([64])
2024-12-21 16:55:43,209 - [Process 0/5] - INFO - len(per_windows_prompt):1
2024-12-21 16:55:49,859 - [Process 0/5] - INFO - res.shape is :torch.Size([64])
2024-12-21 16:55:50,061 - [Process 0/5] - INFO - len(per_windows_prompt):1
2024-12-21 16:55:56,713 - [Process 0/5] - INFO - res.shape is :torch.Size([64])
2024-12-21 16:55:57,008 - [Process 0/5] - INFO - len(per_windows_prompt):1
2024-12-21 16:56:03,662 - [Process 0/5] - INFO - res.shape is :torch.Size([64])
2024-12-21 16:56:03,918 - [Process 0/5] - INFO - len(per_windows_prompt):1
2024-12-21 16:56:10,561 - [Process 0/5] - INFO - res.shape is :torch.Size([64])
2024-12-21 16:56:10,778 - [Process 0/5] - INFO - len(per_windows_prompt):1
2024-12-21 16:56:17,411 - [Process 0/5] - INFO - res.shape is :torch.Size([64])
2024-12-21 16:56:17,602 - [Process 0/5] - INFO - len(per_windows_prompt):1
2024-12-21 16:56:24,226 - [Process 0/5] - INFO - res.shape is :torch.Size([64])
2024-12-21 16:56:24,441 - [Process 0/5] - INFO - len(per_windows_prompt):1
2024-12-21 16:56:31,055 - [Process 0/5] - INFO - res.shape is :torch.Size([64])
2024-12-21 16:56:31,349 - [Process 0/5] - INFO - len(per_windows_prompt):1
2024-12-21 16:56:37,959 - [Process 0/5] - INFO - res.shape is :torch.Size([64])
2024-12-21 16:56:38,253 - [Process 0/5] - INFO - len(per_windows_prompt):1
2024-12-21 16:56:44,858 - [Process 0/5] - INFO - res.shape is :torch.Size([64])
2024-12-21 16:56:45,213 - [Process 0/5] - INFO - len(per_windows_prompt):1
2024-12-21 16:56:51,828 - [Process 0/5] - INFO - res.shape is :torch.Size([64])
2024-12-21 16:56:52,053 - [Process 0/5] - INFO - len(per_windows_prompt):1
2024-12-21 16:56:58,667 - [Process 0/5] - INFO - res.shape is :torch.Size([64])
2024-12-21 16:56:58,880 - [Process 0/5] - INFO - len(per_windows_prompt):1
2024-12-21 16:57:05,492 - [Process 0/5] - INFO - res.shape is :torch.Size([64])
2024-12-21 16:57:05,757 - [Process 0/5] - INFO - len(per_windows_prompt):1
2024-12-21 16:57:12,357 - [Process 0/5] - INFO - res.shape is :torch.Size([64])
2024-12-21 16:57:12,588 - [Process 0/5] - INFO - len(per_windows_prompt):1
2024-12-21 16:57:19,196 - [Process 0/5] - INFO - res.shape is :torch.Size([64])
2024-12-21 16:57:19,449 - [Process 0/5] - INFO - len(per_windows_prompt):1
2024-12-21 16:57:26,047 - [Process 0/5] - INFO - res.shape is :torch.Size([64])
2024-12-21 16:57:26,265 - [Process 0/5] - INFO - len(per_windows_prompt):1
2024-12-21 16:57:32,869 - [Process 0/5] - INFO - res.shape is :torch.Size([64])
2024-12-21 16:57:33,119 - [Process 0/5] - INFO - len(per_windows_prompt):1
2024-12-21 16:57:39,715 - [Process 0/5] - INFO - res.shape is :torch.Size([64])
2024-12-21 16:57:39,913 - [Process 0/5] - INFO - len(per_windows_prompt):1
2024-12-21 16:57:46,507 - [Process 0/5] - INFO - res.shape is :torch.Size([64])
2024-12-21 16:57:46,770 - [Process 0/5] - INFO - len(per_windows_prompt):1
2024-12-21 16:57:53,360 - [Process 0/5] - INFO - res.shape is :torch.Size([64])
2024-12-21 16:57:53,666 - [Process 0/5] - INFO - len(per_windows_prompt):1
2024-12-21 16:58:00,254 - [Process 0/5] - INFO - res.shape is :torch.Size([64])
2024-12-21 16:58:00,610 - [Process 0/5] - INFO - len(per_windows_prompt):1
2024-12-21 16:58:07,196 - [Process 0/5] - INFO - res.shape is :torch.Size([64])
2024-12-21 16:58:07,415 - [Process 0/5] - INFO - len(per_windows_prompt):1
2024-12-21 16:58:13,994 - [Process 0/5] - INFO - res.shape is :torch.Size([64])
2024-12-21 16:58:14,189 - [Process 0/5] - INFO - len(per_windows_prompt):1
2024-12-21 16:58:20,765 - [Process 0/5] - INFO - res.shape is :torch.Size([64])
2024-12-21 16:58:21,058 - [Process 0/5] - INFO - len(per_windows_prompt):1
2024-12-21 16:58:27,633 - [Process 0/5] - INFO - res.shape is :torch.Size([64])
2024-12-21 16:58:27,910 - [Process 0/5] - INFO - len(per_windows_prompt):1
2024-12-21 16:58:34,479 - [Process 0/5] - INFO - res.shape is :torch.Size([64])
2024-12-21 16:58:34,684 - [Process 0/5] - INFO - len(per_windows_prompt):1
2024-12-21 16:58:41,252 - [Process 0/5] - INFO - res.shape is :torch.Size([64])
2024-12-21 16:58:41,463 - [Process 0/5] - INFO - len(per_windows_prompt):1
2024-12-21 16:58:48,021 - [Process 0/5] - INFO - res.shape is :torch.Size([64])
2024-12-21 16:58:48,287 - [Process 0/5] - INFO - len(per_windows_prompt):1
2024-12-21 16:58:54,847 - [Process 0/5] - INFO - res.shape is :torch.Size([64])
2024-12-21 16:58:55,052 - [Process 0/5] - INFO - len(per_windows_prompt):1
2024-12-21 16:59:01,606 - [Process 0/5] - INFO - res.shape is :torch.Size([64])
2024-12-21 16:59:01,887 - [Process 0/5] - INFO - len(per_windows_prompt):1
2024-12-21 16:59:08,449 - [Process 0/5] - INFO - res.shape is :torch.Size([64])
2024-12-21 16:59:08,690 - [Process 0/5] - INFO - len(per_windows_prompt):1
2024-12-21 16:59:15,247 - [Process 0/5] - INFO - res.shape is :torch.Size([64])
2024-12-21 16:59:15,497 - [Process 0/5] - INFO - len(per_windows_prompt):1
2024-12-21 16:59:22,051 - [Process 0/5] - INFO - res.shape is :torch.Size([64])
2024-12-21 16:59:22,488 - [Process 0/5] - INFO - len(per_windows_prompt):1
2024-12-21 16:59:29,053 - [Process 0/5] - INFO - res.shape is :torch.Size([64])
2024-12-21 16:59:29,320 - [Process 0/5] - INFO - len(per_windows_prompt):1
2024-12-21 16:59:35,884 - [Process 0/5] - INFO - res.shape is :torch.Size([64])
2024-12-21 16:59:36,156 - [Process 0/5] - INFO - len(per_windows_prompt):1
2024-12-21 16:59:42,720 - [Process 0/5] - INFO - res.shape is :torch.Size([64])
2024-12-21 16:59:42,917 - [Process 0/5] - INFO - len(per_windows_prompt):1
2024-12-21 16:59:49,459 - [Process 0/5] - INFO - res.shape is :torch.Size([64])
2024-12-21 16:59:49,693 - [Process 0/5] - INFO - len(per_windows_prompt):1
2024-12-21 16:59:56,225 - [Process 0/5] - INFO - res.shape is :torch.Size([64])
2024-12-21 16:59:56,418 - [Process 0/5] - INFO - len(per_windows_prompt):1
2024-12-21 17:00:02,952 - [Process 0/5] - INFO - res.shape is :torch.Size([64])
2024-12-21 17:00:03,143 - [Process 0/5] - INFO - len(per_windows_prompt):1
2024-12-21 17:00:09,674 - [Process 0/5] - INFO - res.shape is :torch.Size([64])
2024-12-21 17:00:09,924 - [Process 0/5] - INFO - len(per_windows_prompt):1
2024-12-21 17:00:16,460 - [Process 0/5] - INFO - res.shape is :torch.Size([64])
2024-12-21 17:00:16,750 - [Process 0/5] - INFO - len(per_windows_prompt):1
2024-12-21 17:00:23,282 - [Process 0/5] - INFO - res.shape is :torch.Size([64])
2024-12-21 17:00:23,558 - [Process 0/5] - INFO - len(per_windows_prompt):1
2024-12-21 17:00:30,088 - [Process 0/5] - INFO - res.shape is :torch.Size([64])
2024-12-21 17:00:30,338 - [Process 0/5] - INFO - len(per_windows_prompt):1
2024-12-21 17:00:36,866 - [Process 0/5] - INFO - res.shape is :torch.Size([64])
2024-12-21 17:00:37,050 - [Process 0/5] - INFO - len(per_windows_prompt):1
2024-12-21 17:00:43,572 - [Process 0/5] - INFO - res.shape is :torch.Size([64])
2024-12-21 17:00:43,850 - [Process 0/5] - INFO - len(per_windows_prompt):1
2024-12-21 17:00:50,375 - [Process 0/5] - INFO - res.shape is :torch.Size([64])
2024-12-21 17:00:50,772 - [Process 0/5] - INFO - len(per_windows_prompt):1
2024-12-21 17:00:57,296 - [Process 0/5] - INFO - res.shape is :torch.Size([64])
2024-12-21 17:00:57,516 - [Process 0/5] - INFO - len(per_windows_prompt):1
2024-12-21 17:01:04,033 - [Process 0/5] - INFO - res.shape is :torch.Size([64])
2024-12-21 17:01:04,273 - [Process 0/5] - INFO - len(per_windows_prompt):1
2024-12-21 17:01:10,792 - [Process 0/5] - INFO - res.shape is :torch.Size([64])
2024-12-21 17:01:11,131 - [Process 0/5] - INFO - len(per_windows_prompt):1
2024-12-21 17:01:17,655 - [Process 0/5] - INFO - res.shape is :torch.Size([64])
2024-12-21 17:01:17,818 - [Process 0/5] - INFO - len(per_windows_prompt):1
2024-12-21 17:01:24,072 - [Process 0/5] - INFO - res.shape is :torch.Size([64])
2024-12-21 17:01:24,248 - [Process 0/5] - INFO - len(per_windows_prompt):1
2024-12-21 17:01:30,770 - [Process 0/5] - INFO - res.shape is :torch.Size([64])
2024-12-21 17:01:31,047 - [Process 0/5] - INFO - len(per_windows_prompt):1
2024-12-21 17:01:37,577 - [Process 0/5] - INFO - res.shape is :torch.Size([64])
2024-12-21 17:01:37,782 - [Process 0/5] - INFO - len(per_windows_prompt):1
2024-12-21 17:01:44,313 - [Process 0/5] - INFO - res.shape is :torch.Size([64])
2024-12-21 17:01:44,529 - [Process 0/5] - INFO - len(per_windows_prompt):1
2024-12-21 17:01:51,060 - [Process 0/5] - INFO - res.shape is :torch.Size([64])
2024-12-21 17:01:51,293 - [Process 0/5] - INFO - len(per_windows_prompt):1
2024-12-21 17:01:57,829 - [Process 0/5] - INFO - res.shape is :torch.Size([64])
2024-12-21 17:01:58,006 - [Process 0/5] - INFO - len(per_windows_prompt):1
2024-12-21 17:02:04,549 - [Process 0/5] - INFO - res.shape is :torch.Size([64])
2024-12-21 17:02:04,971 - [Process 0/5] - INFO - len(per_windows_prompt):1
2024-12-21 17:02:11,511 - [Process 0/5] - INFO - res.shape is :torch.Size([64])
2024-12-21 17:02:11,696 - [Process 0/5] - INFO - len(per_windows_prompt):1
2024-12-21 17:02:18,240 - [Process 0/5] - INFO - res.shape is :torch.Size([64])
2024-12-21 17:02:18,430 - [Process 0/5] - INFO - len(per_windows_prompt):1
2024-12-21 17:02:24,980 - [Process 0/5] - INFO - res.shape is :torch.Size([64])
2024-12-21 17:02:25,247 - [Process 0/5] - INFO - len(per_windows_prompt):1
2024-12-21 17:02:31,804 - [Process 0/5] - INFO - res.shape is :torch.Size([64])
2024-12-21 17:02:32,006 - [Process 0/5] - INFO - len(per_windows_prompt):1
2024-12-21 17:02:38,574 - [Process 0/5] - INFO - res.shape is :torch.Size([64])
2024-12-21 17:02:38,957 - [Process 0/5] - INFO - len(per_windows_prompt):1
2024-12-21 17:02:45,524 - [Process 0/5] - INFO - res.shape is :torch.Size([64])
2024-12-21 17:02:45,738 - [Process 0/5] - INFO - len(per_windows_prompt):1
2024-12-21 17:02:52,308 - [Process 0/5] - INFO - res.shape is :torch.Size([64])
2024-12-21 17:02:52,583 - [Process 0/5] - INFO - len(per_windows_prompt):1
2024-12-21 17:02:59,159 - [Process 0/5] - INFO - res.shape is :torch.Size([64])
2024-12-21 17:02:59,363 - [Process 0/5] - INFO - len(per_windows_prompt):1
2024-12-21 17:03:05,939 - [Process 0/5] - INFO - res.shape is :torch.Size([64])
2024-12-21 17:03:06,119 - [Process 0/5] - INFO - len(per_windows_prompt):1
2024-12-21 17:03:12,700 - [Process 0/5] - INFO - res.shape is :torch.Size([64])
2024-12-21 17:03:12,965 - [Process 0/5] - INFO - len(per_windows_prompt):1
2024-12-21 17:03:19,544 - [Process 0/5] - INFO - res.shape is :torch.Size([64])
2024-12-21 17:03:19,784 - [Process 0/5] - INFO - len(per_windows_prompt):1
2024-12-21 17:03:26,376 - [Process 0/5] - INFO - res.shape is :torch.Size([64])
2024-12-21 17:03:26,558 - [Process 0/5] - INFO - len(per_windows_prompt):1
2024-12-21 17:03:33,164 - [Process 0/5] - INFO - res.shape is :torch.Size([64])
2024-12-21 17:03:33,343 - [Process 0/5] - INFO - len(per_windows_prompt):1
2024-12-21 17:03:39,950 - [Process 0/5] - INFO - res.shape is :torch.Size([64])
2024-12-21 17:03:40,186 - [Process 0/5] - INFO - len(per_windows_prompt):1
2024-12-21 17:03:46,796 - [Process 0/5] - INFO - res.shape is :torch.Size([64])
2024-12-21 17:03:47,006 - [Process 0/5] - INFO - len(per_windows_prompt):1
2024-12-21 17:03:53,631 - [Process 0/5] - INFO - res.shape is :torch.Size([64])
2024-12-21 17:03:53,830 - [Process 0/5] - INFO - len(per_windows_prompt):1
2024-12-21 17:04:00,460 - [Process 0/5] - INFO - res.shape is :torch.Size([64])
2024-12-21 17:04:00,741 - [Process 0/5] - INFO - len(per_windows_prompt):1
2024-12-21 17:04:07,368 - [Process 0/5] - INFO - res.shape is :torch.Size([64])
2024-12-21 17:04:07,573 - [Process 0/5] - INFO - len(per_windows_prompt):1
2024-12-21 17:04:14,219 - [Process 0/5] - INFO - res.shape is :torch.Size([64])
2024-12-21 17:04:14,397 - [Process 0/5] - INFO - len(per_windows_prompt):1
2024-12-21 17:04:21,050 - [Process 0/5] - INFO - res.shape is :torch.Size([64])
2024-12-21 17:04:21,415 - [Process 0/5] - INFO - len(per_windows_prompt):1
2024-12-21 17:04:28,070 - [Process 0/5] - INFO - res.shape is :torch.Size([64])
2024-12-21 17:04:28,299 - [Process 0/5] - INFO - len(per_windows_prompt):1
2024-12-21 17:04:34,957 - [Process 0/5] - INFO - res.shape is :torch.Size([64])
2024-12-21 17:04:35,242 - [Process 0/5] - INFO - len(per_windows_prompt):1
2024-12-21 17:04:41,900 - [Process 0/5] - INFO - res.shape is :torch.Size([64])
2024-12-21 17:04:42,087 - [Process 0/5] - INFO - len(per_windows_prompt):1
2024-12-21 17:04:48,758 - [Process 0/5] - INFO - res.shape is :torch.Size([64])
2024-12-21 17:04:49,003 - [Process 0/5] - INFO - len(per_windows_prompt):1
2024-12-21 17:04:55,669 - [Process 0/5] - INFO - res.shape is :torch.Size([64])
2024-12-21 17:04:55,874 - [Process 0/5] - INFO - len(per_windows_prompt):1
2024-12-21 17:05:02,553 - [Process 0/5] - INFO - res.shape is :torch.Size([64])
2024-12-21 17:05:02,734 - [Process 0/5] - INFO - len(per_windows_prompt):1
2024-12-21 17:05:09,420 - [Process 0/5] - INFO - res.shape is :torch.Size([64])
2024-12-21 17:05:09,713 - [Process 0/5] - INFO - len(per_windows_prompt):1
2024-12-21 17:05:16,397 - [Process 0/5] - INFO - res.shape is :torch.Size([64])
2024-12-21 17:05:16,580 - [Process 0/5] - INFO - len(per_windows_prompt):1
2024-12-21 17:05:23,271 - [Process 0/5] - INFO - res.shape is :torch.Size([64])
2024-12-21 17:05:23,495 - [Process 0/5] - INFO - len(per_windows_prompt):1
2024-12-21 17:05:30,193 - [Process 0/5] - INFO - res.shape is :torch.Size([64])
