2024-12-21 12:43:10,121 - [Process 2/5] - INFO - loading datasets finished
2024-12-21 12:43:10,121 - [Process 2/5] - INFO - model_max_len: 3950
2024-12-21 12:43:10,121 - [Process 2/5] - INFO - output_max_len: 128
2024-12-21 12:43:10,184 - [Process 2/5] - INFO - Max Length is 36418
2024-12-21 12:43:10,184 - [Process 2/5] - INFO - Finish loading dataset
2024-12-21 12:43:10,184 - [Process 2/5] - INFO - get_predicted begin
2024-12-21 12:43:14,913 - [Process 2/5] - INFO - len(per_windows_prompt):1
2024-12-21 12:43:19,520 - [Process 2/5] - INFO - res.shape is :torch.Size([6])
2024-12-21 12:43:19,747 - [Process 2/5] - INFO - len(per_windows_prompt):1
2024-12-21 12:43:23,691 - [Process 2/5] - INFO - res.shape is :torch.Size([4])
2024-12-21 12:43:24,042 - [Process 2/5] - INFO - len(per_windows_prompt):1
2024-12-21 12:43:28,202 - [Process 2/5] - INFO - res.shape is :torch.Size([9])
2024-12-21 12:43:28,366 - [Process 2/5] - INFO - len(per_windows_prompt):1
2024-12-21 12:43:32,380 - [Process 2/5] - INFO - res.shape is :torch.Size([5])
2024-12-21 12:43:32,533 - [Process 2/5] - INFO - len(per_windows_prompt):1
2024-12-21 12:43:36,747 - [Process 2/5] - INFO - res.shape is :torch.Size([10])
2024-12-21 12:43:36,876 - [Process 2/5] - INFO - len(per_windows_prompt):1
2024-12-21 12:43:40,854 - [Process 2/5] - INFO - res.shape is :torch.Size([4])
2024-12-21 12:43:41,106 - [Process 2/5] - INFO - len(per_windows_prompt):1
2024-12-21 12:43:45,043 - [Process 2/5] - INFO - res.shape is :torch.Size([3])
2024-12-21 12:43:45,333 - [Process 2/5] - INFO - len(per_windows_prompt):1
2024-12-21 12:43:49,352 - [Process 2/5] - INFO - res.shape is :torch.Size([5])
2024-12-21 12:43:49,516 - [Process 2/5] - INFO - len(per_windows_prompt):1
2024-12-21 12:43:54,057 - [Process 2/5] - INFO - res.shape is :torch.Size([18])
2024-12-21 12:43:54,309 - [Process 2/5] - INFO - len(per_windows_prompt):1
2024-12-21 12:43:58,259 - [Process 2/5] - INFO - res.shape is :torch.Size([3])
2024-12-21 12:43:58,543 - [Process 2/5] - INFO - len(per_windows_prompt):1
2024-12-21 12:44:02,616 - [Process 2/5] - INFO - res.shape is :torch.Size([6])
2024-12-21 12:44:02,968 - [Process 2/5] - INFO - len(per_windows_prompt):1
2024-12-21 12:44:06,880 - [Process 2/5] - INFO - res.shape is :torch.Size([2])
2024-12-21 12:44:07,173 - [Process 2/5] - INFO - len(per_windows_prompt):1
2024-12-21 12:44:11,416 - [Process 2/5] - INFO - res.shape is :torch.Size([10])
2024-12-21 12:44:11,546 - [Process 2/5] - INFO - len(per_windows_prompt):1
2024-12-21 12:44:16,592 - [Process 2/5] - INFO - res.shape is :torch.Size([30])
2024-12-21 12:44:16,734 - [Process 2/5] - INFO - len(per_windows_prompt):1
2024-12-21 12:44:21,185 - [Process 2/5] - INFO - res.shape is :torch.Size([15])
2024-12-21 12:44:21,334 - [Process 2/5] - INFO - len(per_windows_prompt):1
2024-12-21 12:44:25,431 - [Process 2/5] - INFO - res.shape is :torch.Size([6])
2024-12-21 12:44:25,575 - [Process 2/5] - INFO - len(per_windows_prompt):1
2024-12-21 12:44:29,750 - [Process 2/5] - INFO - res.shape is :torch.Size([8])
2024-12-21 12:44:29,893 - [Process 2/5] - INFO - len(per_windows_prompt):1
2024-12-21 12:44:34,985 - [Process 2/5] - INFO - res.shape is :torch.Size([31])
2024-12-21 12:44:35,336 - [Process 2/5] - INFO - len(per_windows_prompt):1
2024-12-21 12:44:39,826 - [Process 2/5] - INFO - res.shape is :torch.Size([16])
2024-12-21 12:44:40,081 - [Process 2/5] - INFO - len(per_windows_prompt):1
2024-12-21 12:44:44,417 - [Process 2/5] - INFO - res.shape is :torch.Size([12])
2024-12-21 12:44:44,670 - [Process 2/5] - INFO - len(per_windows_prompt):1
2024-12-21 12:44:48,767 - [Process 2/5] - INFO - res.shape is :torch.Size([6])
2024-12-21 12:44:49,115 - [Process 2/5] - INFO - len(per_windows_prompt):1
2024-12-21 12:44:53,213 - [Process 2/5] - INFO - res.shape is :torch.Size([6])
2024-12-21 12:44:53,467 - [Process 2/5] - INFO - len(per_windows_prompt):1
2024-12-21 12:44:57,727 - [Process 2/5] - INFO - res.shape is :torch.Size([10])
2024-12-21 12:44:57,944 - [Process 2/5] - INFO - len(per_windows_prompt):1
2024-12-21 12:45:02,997 - [Process 2/5] - INFO - res.shape is :torch.Size([30])
2024-12-21 12:45:03,148 - [Process 2/5] - INFO - len(per_windows_prompt):1
2024-12-21 12:45:07,251 - [Process 2/5] - INFO - res.shape is :torch.Size([6])
2024-12-21 12:45:07,501 - [Process 2/5] - INFO - len(per_windows_prompt):1
2024-12-21 12:45:11,801 - [Process 2/5] - INFO - res.shape is :torch.Size([11])
2024-12-21 12:45:12,020 - [Process 2/5] - INFO - len(per_windows_prompt):1
2024-12-21 12:45:16,439 - [Process 2/5] - INFO - res.shape is :torch.Size([14])
2024-12-21 12:45:16,691 - [Process 2/5] - INFO - len(per_windows_prompt):1
2024-12-21 12:45:20,955 - [Process 2/5] - INFO - res.shape is :torch.Size([10])
2024-12-21 12:45:21,108 - [Process 2/5] - INFO - len(per_windows_prompt):1
2024-12-21 12:45:25,693 - [Process 2/5] - INFO - res.shape is :torch.Size([18])
2024-12-21 12:45:26,066 - [Process 2/5] - INFO - len(per_windows_prompt):1
2024-12-21 12:45:30,846 - [Process 2/5] - INFO - res.shape is :torch.Size([23])
2024-12-21 12:45:31,089 - [Process 2/5] - INFO - len(per_windows_prompt):1
2024-12-21 12:45:35,035 - [Process 2/5] - INFO - res.shape is :torch.Size([2])
2024-12-21 12:45:35,316 - [Process 2/5] - INFO - len(per_windows_prompt):1
2024-12-21 12:45:39,622 - [Process 2/5] - INFO - res.shape is :torch.Size([11])
2024-12-21 12:45:39,849 - [Process 2/5] - INFO - len(per_windows_prompt):1
2024-12-21 12:45:44,390 - [Process 2/5] - INFO - res.shape is :torch.Size([17])
2024-12-21 12:45:44,633 - [Process 2/5] - INFO - len(per_windows_prompt):1
2024-12-21 12:45:48,702 - [Process 2/5] - INFO - res.shape is :torch.Size([5])
2024-12-21 12:45:48,890 - [Process 2/5] - INFO - len(per_windows_prompt):1
2024-12-21 12:45:53,038 - [Process 2/5] - INFO - res.shape is :torch.Size([7])
2024-12-21 12:45:53,305 - [Process 2/5] - INFO - len(per_windows_prompt):1
2024-12-21 12:45:58,205 - [Process 2/5] - INFO - res.shape is :torch.Size([26])
2024-12-21 12:45:58,432 - [Process 2/5] - INFO - len(per_windows_prompt):1
2024-12-21 12:46:02,459 - [Process 2/5] - INFO - res.shape is :torch.Size([4])
2024-12-21 12:46:02,713 - [Process 2/5] - INFO - len(per_windows_prompt):1
2024-12-21 12:46:06,977 - [Process 2/5] - INFO - res.shape is :torch.Size([10])
2024-12-21 12:46:07,220 - [Process 2/5] - INFO - len(per_windows_prompt):1
2024-12-21 12:46:11,368 - [Process 2/5] - INFO - res.shape is :torch.Size([7])
2024-12-21 12:46:11,509 - [Process 2/5] - INFO - len(per_windows_prompt):1
2024-12-21 12:46:15,578 - [Process 2/5] - INFO - res.shape is :torch.Size([5])
