2024-12-21 16:18:03,373 - [Process 2/5] - INFO - loading datasets finished
2024-12-21 16:18:03,373 - [Process 2/5] - INFO - model_max_len: 3950
2024-12-21 16:18:03,373 - [Process 2/5] - INFO - output_max_len: 32
2024-12-21 16:18:03,458 - [Process 2/5] - INFO - Max Length is 22099
2024-12-21 16:18:03,459 - [Process 2/5] - INFO - Finish loading dataset
2024-12-21 16:18:03,459 - [Process 2/5] - INFO - get_predicted begin
2024-12-21 16:18:08,245 - [Process 2/5] - INFO - len(per_windows_prompt):1
2024-12-21 16:18:12,913 - [Process 2/5] - INFO - res.shape is :torch.Size([2])
2024-12-21 16:18:13,223 - [Process 2/5] - INFO - len(per_windows_prompt):1
2024-12-21 16:18:17,124 - [Process 2/5] - INFO - res.shape is :torch.Size([2])
2024-12-21 16:18:17,348 - [Process 2/5] - INFO - len(per_windows_prompt):1
2024-12-21 16:18:21,794 - [Process 2/5] - INFO - res.shape is :torch.Size([15])
2024-12-21 16:18:22,028 - [Process 2/5] - INFO - len(per_windows_prompt):1
2024-12-21 16:18:26,479 - [Process 2/5] - INFO - res.shape is :torch.Size([15])
2024-12-21 16:18:26,724 - [Process 2/5] - INFO - len(per_windows_prompt):1
2024-12-21 16:18:30,756 - [Process 2/5] - INFO - res.shape is :torch.Size([5])
2024-12-21 16:18:31,027 - [Process 2/5] - INFO - len(per_windows_prompt):1
2024-12-21 16:18:34,933 - [Process 2/5] - INFO - res.shape is :torch.Size([2])
2024-12-21 16:18:35,174 - [Process 2/5] - INFO - len(per_windows_prompt):1
2024-12-21 16:18:39,629 - [Process 2/5] - INFO - res.shape is :torch.Size([15])
2024-12-21 16:18:39,849 - [Process 2/5] - INFO - len(per_windows_prompt):1
2024-12-21 16:18:44,309 - [Process 2/5] - INFO - res.shape is :torch.Size([15])
2024-12-21 16:18:44,516 - [Process 2/5] - INFO - len(per_windows_prompt):1
2024-12-21 16:18:49,708 - [Process 2/5] - INFO - res.shape is :torch.Size([32])
2024-12-21 16:18:49,992 - [Process 2/5] - INFO - len(per_windows_prompt):1
2024-12-21 16:18:54,479 - [Process 2/5] - INFO - res.shape is :torch.Size([15])
2024-12-21 16:18:54,718 - [Process 2/5] - INFO - len(per_windows_prompt):1
2024-12-21 16:18:59,212 - [Process 2/5] - INFO - res.shape is :torch.Size([15])
2024-12-21 16:18:59,476 - [Process 2/5] - INFO - len(per_windows_prompt):1
2024-12-21 16:19:03,927 - [Process 2/5] - INFO - res.shape is :torch.Size([14])
2024-12-21 16:19:04,186 - [Process 2/5] - INFO - len(per_windows_prompt):1
2024-12-21 16:19:08,122 - [Process 2/5] - INFO - res.shape is :torch.Size([2])
2024-12-21 16:19:08,424 - [Process 2/5] - INFO - len(per_windows_prompt):1
2024-12-21 16:19:12,924 - [Process 2/5] - INFO - res.shape is :torch.Size([15])
2024-12-21 16:19:13,229 - [Process 2/5] - INFO - len(per_windows_prompt):1
2024-12-21 16:19:17,162 - [Process 2/5] - INFO - res.shape is :torch.Size([2])
2024-12-21 16:19:17,446 - [Process 2/5] - INFO - len(per_windows_prompt):1
2024-12-21 16:19:21,939 - [Process 2/5] - INFO - res.shape is :torch.Size([15])
2024-12-21 16:19:22,206 - [Process 2/5] - INFO - len(per_windows_prompt):1
2024-12-21 16:19:26,697 - [Process 2/5] - INFO - res.shape is :torch.Size([15])
2024-12-21 16:19:26,943 - [Process 2/5] - INFO - len(per_windows_prompt):1
2024-12-21 16:19:30,887 - [Process 2/5] - INFO - res.shape is :torch.Size([2])
2024-12-21 16:19:31,120 - [Process 2/5] - INFO - len(per_windows_prompt):1
2024-12-21 16:19:35,071 - [Process 2/5] - INFO - res.shape is :torch.Size([2])
2024-12-21 16:19:35,272 - [Process 2/5] - INFO - len(per_windows_prompt):1
2024-12-21 16:19:39,786 - [Process 2/5] - INFO - res.shape is :torch.Size([15])
2024-12-21 16:19:40,103 - [Process 2/5] - INFO - len(per_windows_prompt):1
2024-12-21 16:19:44,051 - [Process 2/5] - INFO - res.shape is :torch.Size([2])
2024-12-21 16:19:44,274 - [Process 2/5] - INFO - len(per_windows_prompt):1
2024-12-21 16:19:48,781 - [Process 2/5] - INFO - res.shape is :torch.Size([15])
2024-12-21 16:19:49,093 - [Process 2/5] - INFO - len(per_windows_prompt):1
2024-12-21 16:19:53,049 - [Process 2/5] - INFO - res.shape is :torch.Size([2])
2024-12-21 16:19:53,280 - [Process 2/5] - INFO - len(per_windows_prompt):1
2024-12-21 16:19:57,807 - [Process 2/5] - INFO - res.shape is :torch.Size([15])
2024-12-21 16:19:58,082 - [Process 2/5] - INFO - len(per_windows_prompt):1
2024-12-21 16:20:02,611 - [Process 2/5] - INFO - res.shape is :torch.Size([15])
2024-12-21 16:20:02,974 - [Process 2/5] - INFO - len(per_windows_prompt):1
2024-12-21 16:20:07,499 - [Process 2/5] - INFO - res.shape is :torch.Size([15])
2024-12-21 16:20:07,786 - [Process 2/5] - INFO - len(per_windows_prompt):1
2024-12-21 16:20:11,743 - [Process 2/5] - INFO - res.shape is :torch.Size([2])
2024-12-21 16:20:12,087 - [Process 2/5] - INFO - len(per_windows_prompt):1
2024-12-21 16:20:16,040 - [Process 2/5] - INFO - res.shape is :torch.Size([2])
2024-12-21 16:20:16,372 - [Process 2/5] - INFO - len(per_windows_prompt):1
2024-12-21 16:20:20,324 - [Process 2/5] - INFO - res.shape is :torch.Size([2])
2024-12-21 16:20:20,572 - [Process 2/5] - INFO - len(per_windows_prompt):1
2024-12-21 16:20:24,652 - [Process 2/5] - INFO - res.shape is :torch.Size([5])
2024-12-21 16:20:24,902 - [Process 2/5] - INFO - len(per_windows_prompt):1
2024-12-21 16:20:28,856 - [Process 2/5] - INFO - res.shape is :torch.Size([2])
2024-12-21 16:20:29,158 - [Process 2/5] - INFO - len(per_windows_prompt):1
2024-12-21 16:20:33,656 - [Process 2/5] - INFO - res.shape is :torch.Size([15])
2024-12-21 16:20:33,949 - [Process 2/5] - INFO - len(per_windows_prompt):1
2024-12-21 16:20:37,902 - [Process 2/5] - INFO - res.shape is :torch.Size([2])
2024-12-21 16:20:38,158 - [Process 2/5] - INFO - len(per_windows_prompt):1
2024-12-21 16:20:42,238 - [Process 2/5] - INFO - res.shape is :torch.Size([5])
2024-12-21 16:20:42,443 - [Process 2/5] - INFO - len(per_windows_prompt):1
2024-12-21 16:20:46,941 - [Process 2/5] - INFO - res.shape is :torch.Size([15])
2024-12-21 16:20:47,212 - [Process 2/5] - INFO - len(per_windows_prompt):1
2024-12-21 16:20:51,710 - [Process 2/5] - INFO - res.shape is :torch.Size([15])
2024-12-21 16:20:51,902 - [Process 2/5] - INFO - len(per_windows_prompt):1
2024-12-21 16:20:56,412 - [Process 2/5] - INFO - res.shape is :torch.Size([15])
2024-12-21 16:20:56,668 - [Process 2/5] - INFO - len(per_windows_prompt):1
2024-12-21 16:21:01,187 - [Process 2/5] - INFO - res.shape is :torch.Size([15])
2024-12-21 16:21:01,471 - [Process 2/5] - INFO - len(per_windows_prompt):1
2024-12-21 16:21:05,972 - [Process 2/5] - INFO - res.shape is :torch.Size([15])
2024-12-21 16:21:06,258 - [Process 2/5] - INFO - len(per_windows_prompt):1
2024-12-21 16:21:10,758 - [Process 2/5] - INFO - res.shape is :torch.Size([15])
