2024-12-21 16:42:03,299 - [Process 4/5] - INFO - loading datasets finished
2024-12-21 16:42:03,299 - [Process 4/5] - INFO - model_max_len: 3950
2024-12-21 16:42:03,299 - [Process 4/5] - INFO - output_max_len: 64
2024-12-21 16:42:03,333 - [Process 4/5] - INFO - Max Length is 10029
2024-12-21 16:42:03,333 - [Process 4/5] - INFO - Finish loading dataset
2024-12-21 16:42:03,334 - [Process 4/5] - INFO - get_predicted begin
2024-12-21 16:42:08,154 - [Process 4/5] - INFO - len(per_windows_prompt):1
2024-12-21 16:42:15,521 - [Process 4/5] - INFO - res.shape is :torch.Size([64])
2024-12-21 16:42:15,650 - [Process 4/5] - INFO - len(per_windows_prompt):1
2024-12-21 16:42:21,065 - [Process 4/5] - INFO - res.shape is :torch.Size([64])
2024-12-21 16:42:21,197 - [Process 4/5] - INFO - len(per_windows_prompt):1
2024-12-21 16:42:26,633 - [Process 4/5] - INFO - res.shape is :torch.Size([64])
2024-12-21 16:42:26,748 - [Process 4/5] - INFO - len(per_windows_prompt):1
2024-12-21 16:42:30,218 - [Process 4/5] - INFO - res.shape is :torch.Size([21])
2024-12-21 16:42:30,404 - [Process 4/5] - INFO - len(per_windows_prompt):1
2024-12-21 16:42:36,762 - [Process 4/5] - INFO - res.shape is :torch.Size([64])
2024-12-21 16:42:36,870 - [Process 4/5] - INFO - len(per_windows_prompt):1
2024-12-21 16:42:43,225 - [Process 4/5] - INFO - res.shape is :torch.Size([64])
2024-12-21 16:42:43,329 - [Process 4/5] - INFO - len(per_windows_prompt):1
2024-12-21 16:42:49,685 - [Process 4/5] - INFO - res.shape is :torch.Size([64])
2024-12-21 16:42:49,733 - [Process 4/5] - INFO - len(per_windows_prompt):1
2024-12-21 16:42:52,457 - [Process 4/5] - INFO - res.shape is :torch.Size([33])
2024-12-21 16:42:52,558 - [Process 4/5] - INFO - len(per_windows_prompt):1
2024-12-21 16:42:58,685 - [Process 4/5] - INFO - res.shape is :torch.Size([64])
2024-12-21 16:42:58,756 - [Process 4/5] - INFO - len(per_windows_prompt):1
2024-12-21 16:43:03,569 - [Process 4/5] - INFO - res.shape is :torch.Size([64])
2024-12-21 16:43:03,701 - [Process 4/5] - INFO - len(per_windows_prompt):1
2024-12-21 16:43:10,074 - [Process 4/5] - INFO - res.shape is :torch.Size([64])
2024-12-21 16:43:10,133 - [Process 4/5] - INFO - len(per_windows_prompt):1
2024-12-21 16:43:14,695 - [Process 4/5] - INFO - res.shape is :torch.Size([64])
2024-12-21 16:43:14,845 - [Process 4/5] - INFO - len(per_windows_prompt):1
2024-12-21 16:43:20,591 - [Process 4/5] - INFO - res.shape is :torch.Size([64])
2024-12-21 16:43:20,797 - [Process 4/5] - INFO - len(per_windows_prompt):1
2024-12-21 16:43:27,536 - [Process 4/5] - INFO - res.shape is :torch.Size([64])
2024-12-21 16:43:27,657 - [Process 4/5] - INFO - len(per_windows_prompt):1
2024-12-21 16:43:32,922 - [Process 4/5] - INFO - res.shape is :torch.Size([64])
2024-12-21 16:43:33,039 - [Process 4/5] - INFO - len(per_windows_prompt):1
2024-12-21 16:43:38,455 - [Process 4/5] - INFO - res.shape is :torch.Size([64])
2024-12-21 16:43:38,571 - [Process 4/5] - INFO - len(per_windows_prompt):1
2024-12-21 16:43:43,950 - [Process 4/5] - INFO - res.shape is :torch.Size([64])
2024-12-21 16:43:44,096 - [Process 4/5] - INFO - len(per_windows_prompt):1
2024-12-21 16:43:49,701 - [Process 4/5] - INFO - res.shape is :torch.Size([64])
2024-12-21 16:43:49,799 - [Process 4/5] - INFO - len(per_windows_prompt):1
2024-12-21 16:43:54,561 - [Process 4/5] - INFO - res.shape is :torch.Size([64])
2024-12-21 16:43:54,743 - [Process 4/5] - INFO - len(per_windows_prompt):1
2024-12-21 16:44:01,500 - [Process 4/5] - INFO - res.shape is :torch.Size([64])
2024-12-21 16:44:01,622 - [Process 4/5] - INFO - len(per_windows_prompt):1
2024-12-21 16:44:06,857 - [Process 4/5] - INFO - res.shape is :torch.Size([60])
2024-12-21 16:44:06,986 - [Process 4/5] - INFO - len(per_windows_prompt):1
2024-12-21 16:44:12,437 - [Process 4/5] - INFO - res.shape is :torch.Size([64])
2024-12-21 16:44:12,633 - [Process 4/5] - INFO - len(per_windows_prompt):1
2024-12-21 16:44:19,404 - [Process 4/5] - INFO - res.shape is :torch.Size([64])
2024-12-21 16:44:19,556 - [Process 4/5] - INFO - len(per_windows_prompt):1
2024-12-21 16:44:25,552 - [Process 4/5] - INFO - res.shape is :torch.Size([64])
2024-12-21 16:44:25,665 - [Process 4/5] - INFO - len(per_windows_prompt):1
2024-12-21 16:44:30,231 - [Process 4/5] - INFO - res.shape is :torch.Size([64])
2024-12-21 16:44:30,325 - [Process 4/5] - INFO - len(per_windows_prompt):1
2024-12-21 16:44:34,974 - [Process 4/5] - INFO - res.shape is :torch.Size([64])
2024-12-21 16:44:35,129 - [Process 4/5] - INFO - len(per_windows_prompt):1
2024-12-21 16:44:41,286 - [Process 4/5] - INFO - res.shape is :torch.Size([64])
2024-12-21 16:44:41,477 - [Process 4/5] - INFO - len(per_windows_prompt):1
2024-12-21 16:44:48,197 - [Process 4/5] - INFO - res.shape is :torch.Size([64])
2024-12-21 16:44:48,315 - [Process 4/5] - INFO - len(per_windows_prompt):1
2024-12-21 16:44:53,626 - [Process 4/5] - INFO - res.shape is :torch.Size([64])
2024-12-21 16:44:53,769 - [Process 4/5] - INFO - len(per_windows_prompt):1
2024-12-21 16:44:59,429 - [Process 4/5] - INFO - res.shape is :torch.Size([64])
2024-12-21 16:44:59,541 - [Process 4/5] - INFO - len(per_windows_prompt):1
2024-12-21 16:45:04,415 - [Process 4/5] - INFO - res.shape is :torch.Size([64])
2024-12-21 16:45:04,490 - [Process 4/5] - INFO - len(per_windows_prompt):1
2024-12-21 16:45:08,385 - [Process 4/5] - INFO - res.shape is :torch.Size([64])
2024-12-21 16:45:08,478 - [Process 4/5] - INFO - len(per_windows_prompt):1
2024-12-21 16:45:13,028 - [Process 4/5] - INFO - res.shape is :torch.Size([64])
2024-12-21 16:45:13,229 - [Process 4/5] - INFO - len(per_windows_prompt):1
2024-12-21 16:45:19,795 - [Process 4/5] - INFO - res.shape is :torch.Size([64])
2024-12-21 16:45:19,984 - [Process 4/5] - INFO - len(per_windows_prompt):1
2024-12-21 16:45:26,560 - [Process 4/5] - INFO - res.shape is :torch.Size([64])
2024-12-21 16:45:26,698 - [Process 4/5] - INFO - len(per_windows_prompt):1
2024-12-21 16:45:32,230 - [Process 4/5] - INFO - res.shape is :torch.Size([64])
2024-12-21 16:45:32,315 - [Process 4/5] - INFO - len(per_windows_prompt):1
2024-12-21 16:45:36,795 - [Process 4/5] - INFO - res.shape is :torch.Size([64])
2024-12-21 16:45:36,891 - [Process 4/5] - INFO - len(per_windows_prompt):1
2024-12-21 16:45:41,604 - [Process 4/5] - INFO - res.shape is :torch.Size([64])
2024-12-21 16:45:41,739 - [Process 4/5] - INFO - len(per_windows_prompt):1
2024-12-21 16:45:47,178 - [Process 4/5] - INFO - res.shape is :torch.Size([64])
2024-12-21 16:45:47,339 - [Process 4/5] - INFO - len(per_windows_prompt):1
2024-12-21 16:45:53,709 - [Process 4/5] - INFO - res.shape is :torch.Size([64])
2024-12-21 16:45:53,833 - [Process 4/5] - INFO - len(per_windows_prompt):1
2024-12-21 16:45:57,533 - [Process 4/5] - INFO - res.shape is :torch.Size([24])
2024-12-21 16:45:57,637 - [Process 4/5] - INFO - len(per_windows_prompt):1
2024-12-21 16:46:02,275 - [Process 4/5] - INFO - res.shape is :torch.Size([64])
2024-12-21 16:46:02,389 - [Process 4/5] - INFO - len(per_windows_prompt):1
2024-12-21 16:46:06,766 - [Process 4/5] - INFO - res.shape is :torch.Size([64])
2024-12-21 16:46:06,900 - [Process 4/5] - INFO - len(per_windows_prompt):1
2024-12-21 16:46:13,309 - [Process 4/5] - INFO - res.shape is :torch.Size([64])
2024-12-21 16:46:13,393 - [Process 4/5] - INFO - len(per_windows_prompt):1
2024-12-21 16:46:18,749 - [Process 4/5] - INFO - res.shape is :torch.Size([64])
2024-12-21 16:46:18,813 - [Process 4/5] - INFO - len(per_windows_prompt):1
2024-12-21 16:46:23,397 - [Process 4/5] - INFO - res.shape is :torch.Size([64])
2024-12-21 16:46:23,452 - [Process 4/5] - INFO - len(per_windows_prompt):1
2024-12-21 16:46:27,536 - [Process 4/5] - INFO - res.shape is :torch.Size([64])
2024-12-21 16:46:27,595 - [Process 4/5] - INFO - len(per_windows_prompt):1
2024-12-21 16:46:31,898 - [Process 4/5] - INFO - res.shape is :torch.Size([64])
2024-12-21 16:46:31,942 - [Process 4/5] - INFO - len(per_windows_prompt):1
2024-12-21 16:46:35,508 - [Process 4/5] - INFO - res.shape is :torch.Size([64])
2024-12-21 16:46:35,586 - [Process 4/5] - INFO - len(per_windows_prompt):1
2024-12-21 16:46:40,992 - [Process 4/5] - INFO - res.shape is :torch.Size([64])
2024-12-21 16:46:41,061 - [Process 4/5] - INFO - len(per_windows_prompt):1
2024-12-21 16:46:45,951 - [Process 4/5] - INFO - res.shape is :torch.Size([64])
2024-12-21 16:46:46,011 - [Process 4/5] - INFO - len(per_windows_prompt):1
2024-12-21 16:46:49,581 - [Process 4/5] - INFO - res.shape is :torch.Size([42])
2024-12-21 16:46:49,661 - [Process 4/5] - INFO - len(per_windows_prompt):1
2024-12-21 16:46:55,192 - [Process 4/5] - INFO - res.shape is :torch.Size([64])
2024-12-21 16:46:55,297 - [Process 4/5] - INFO - len(per_windows_prompt):1
2024-12-21 16:47:01,701 - [Process 4/5] - INFO - res.shape is :torch.Size([64])
2024-12-21 16:47:01,764 - [Process 4/5] - INFO - len(per_windows_prompt):1
2024-12-21 16:47:06,390 - [Process 4/5] - INFO - res.shape is :torch.Size([64])
2024-12-21 16:47:06,502 - [Process 4/5] - INFO - len(per_windows_prompt):1
2024-12-21 16:47:12,909 - [Process 4/5] - INFO - res.shape is :torch.Size([64])
2024-12-21 16:47:12,989 - [Process 4/5] - INFO - len(per_windows_prompt):1
2024-12-21 16:47:18,390 - [Process 4/5] - INFO - res.shape is :torch.Size([64])
2024-12-21 16:47:18,491 - [Process 4/5] - INFO - len(per_windows_prompt):1
2024-12-21 16:47:24,900 - [Process 4/5] - INFO - res.shape is :torch.Size([64])
2024-12-21 16:47:25,024 - [Process 4/5] - INFO - len(per_windows_prompt):1
2024-12-21 16:47:31,432 - [Process 4/5] - INFO - res.shape is :torch.Size([64])
2024-12-21 16:47:31,500 - [Process 4/5] - INFO - len(per_windows_prompt):1
2024-12-21 16:47:36,338 - [Process 4/5] - INFO - res.shape is :torch.Size([64])
2024-12-21 16:47:36,400 - [Process 4/5] - INFO - len(per_windows_prompt):1
2024-12-21 16:47:40,768 - [Process 4/5] - INFO - res.shape is :torch.Size([64])
2024-12-21 16:47:40,876 - [Process 4/5] - INFO - len(per_windows_prompt):1
2024-12-21 16:47:47,290 - [Process 4/5] - INFO - res.shape is :torch.Size([64])
2024-12-21 16:47:47,373 - [Process 4/5] - INFO - len(per_windows_prompt):1
2024-12-21 16:47:52,910 - [Process 4/5] - INFO - res.shape is :torch.Size([64])
2024-12-21 16:47:53,025 - [Process 4/5] - INFO - len(per_windows_prompt):1
2024-12-21 16:47:59,431 - [Process 4/5] - INFO - res.shape is :torch.Size([64])
2024-12-21 16:47:59,542 - [Process 4/5] - INFO - len(per_windows_prompt):1
2024-12-21 16:48:05,952 - [Process 4/5] - INFO - res.shape is :torch.Size([64])
2024-12-21 16:48:06,038 - [Process 4/5] - INFO - len(per_windows_prompt):1
2024-12-21 16:48:11,753 - [Process 4/5] - INFO - res.shape is :torch.Size([64])
2024-12-21 16:48:11,847 - [Process 4/5] - INFO - len(per_windows_prompt):1
2024-12-21 16:48:18,053 - [Process 4/5] - INFO - res.shape is :torch.Size([64])
2024-12-21 16:48:18,174 - [Process 4/5] - INFO - len(per_windows_prompt):1
2024-12-21 16:48:24,585 - [Process 4/5] - INFO - res.shape is :torch.Size([64])
2024-12-21 16:48:24,697 - [Process 4/5] - INFO - len(per_windows_prompt):1
2024-12-21 16:48:31,115 - [Process 4/5] - INFO - res.shape is :torch.Size([64])
2024-12-21 16:48:31,181 - [Process 4/5] - INFO - len(per_windows_prompt):1
2024-12-21 16:48:35,251 - [Process 4/5] - INFO - res.shape is :torch.Size([48])
2024-12-21 16:48:35,327 - [Process 4/5] - INFO - len(per_windows_prompt):1
2024-12-21 16:48:40,376 - [Process 4/5] - INFO - res.shape is :torch.Size([64])
2024-12-21 16:48:40,478 - [Process 4/5] - INFO - len(per_windows_prompt):1
2024-12-21 16:48:47,048 - [Process 4/5] - INFO - res.shape is :torch.Size([64])
2024-12-21 16:48:47,144 - [Process 4/5] - INFO - len(per_windows_prompt):1
2024-12-21 16:48:51,967 - [Process 4/5] - INFO - res.shape is :torch.Size([64])
2024-12-21 16:48:52,140 - [Process 4/5] - INFO - len(per_windows_prompt):1
2024-12-21 16:48:58,721 - [Process 4/5] - INFO - res.shape is :torch.Size([64])
2024-12-21 16:48:58,815 - [Process 4/5] - INFO - len(per_windows_prompt):1
2024-12-21 16:49:03,526 - [Process 4/5] - INFO - res.shape is :torch.Size([62])
2024-12-21 16:49:03,712 - [Process 4/5] - INFO - len(per_windows_prompt):1
2024-12-21 16:49:10,293 - [Process 4/5] - INFO - res.shape is :torch.Size([64])
2024-12-21 16:49:10,397 - [Process 4/5] - INFO - len(per_windows_prompt):1
2024-12-21 16:49:14,993 - [Process 4/5] - INFO - res.shape is :torch.Size([64])
2024-12-21 16:49:15,061 - [Process 4/5] - INFO - len(per_windows_prompt):1
2024-12-21 16:49:19,900 - [Process 4/5] - INFO - res.shape is :torch.Size([64])
2024-12-21 16:49:19,964 - [Process 4/5] - INFO - len(per_windows_prompt):1
2024-12-21 16:49:24,558 - [Process 4/5] - INFO - res.shape is :torch.Size([64])
2024-12-21 16:49:24,639 - [Process 4/5] - INFO - len(per_windows_prompt):1
2024-12-21 16:49:30,041 - [Process 4/5] - INFO - res.shape is :torch.Size([64])
2024-12-21 16:49:30,111 - [Process 4/5] - INFO - len(per_windows_prompt):1
2024-12-21 16:49:33,442 - [Process 4/5] - INFO - res.shape is :torch.Size([21])
2024-12-21 16:49:33,547 - [Process 4/5] - INFO - len(per_windows_prompt):1
2024-12-21 16:49:39,961 - [Process 4/5] - INFO - res.shape is :torch.Size([64])
2024-12-21 16:49:40,061 - [Process 4/5] - INFO - len(per_windows_prompt):1
2024-12-21 16:49:46,471 - [Process 4/5] - INFO - res.shape is :torch.Size([64])
2024-12-21 16:49:46,574 - [Process 4/5] - INFO - len(per_windows_prompt):1
2024-12-21 16:49:52,900 - [Process 4/5] - INFO - res.shape is :torch.Size([62])
2024-12-21 16:49:53,018 - [Process 4/5] - INFO - len(per_windows_prompt):1
2024-12-21 16:49:59,431 - [Process 4/5] - INFO - res.shape is :torch.Size([64])
2024-12-21 16:49:59,476 - [Process 4/5] - INFO - len(per_windows_prompt):1
2024-12-21 16:50:03,082 - [Process 4/5] - INFO - res.shape is :torch.Size([64])
2024-12-21 16:50:03,188 - [Process 4/5] - INFO - len(per_windows_prompt):1
2024-12-21 16:50:09,605 - [Process 4/5] - INFO - res.shape is :torch.Size([64])
2024-12-21 16:50:09,713 - [Process 4/5] - INFO - len(per_windows_prompt):1
2024-12-21 16:50:16,126 - [Process 4/5] - INFO - res.shape is :torch.Size([64])
2024-12-21 16:50:16,192 - [Process 4/5] - INFO - len(per_windows_prompt):1
2024-12-21 16:50:20,737 - [Process 4/5] - INFO - res.shape is :torch.Size([64])
2024-12-21 16:50:20,808 - [Process 4/5] - INFO - len(per_windows_prompt):1
2024-12-21 16:50:25,653 - [Process 4/5] - INFO - res.shape is :torch.Size([64])
2024-12-21 16:50:25,779 - [Process 4/5] - INFO - len(per_windows_prompt):1
2024-12-21 16:50:32,199 - [Process 4/5] - INFO - res.shape is :torch.Size([64])
2024-12-21 16:50:32,277 - [Process 4/5] - INFO - len(per_windows_prompt):1
2024-12-21 16:50:36,682 - [Process 4/5] - INFO - res.shape is :torch.Size([44])
2024-12-21 16:50:36,784 - [Process 4/5] - INFO - len(per_windows_prompt):1
2024-12-21 16:50:43,193 - [Process 4/5] - INFO - res.shape is :torch.Size([64])
2024-12-21 16:50:43,240 - [Process 4/5] - INFO - len(per_windows_prompt):1
2024-12-21 16:50:46,896 - [Process 4/5] - INFO - res.shape is :torch.Size([64])
2024-12-21 16:50:46,988 - [Process 4/5] - INFO - len(per_windows_prompt):1
2024-12-21 16:50:52,968 - [Process 4/5] - INFO - res.shape is :torch.Size([64])
2024-12-21 16:50:53,042 - [Process 4/5] - INFO - len(per_windows_prompt):1
2024-12-21 16:50:58,071 - [Process 4/5] - INFO - res.shape is :torch.Size([64])
2024-12-21 16:50:58,180 - [Process 4/5] - INFO - len(per_windows_prompt):1
2024-12-21 16:51:04,596 - [Process 4/5] - INFO - res.shape is :torch.Size([64])
2024-12-21 16:51:04,680 - [Process 4/5] - INFO - len(per_windows_prompt):1
2024-12-21 16:51:10,378 - [Process 4/5] - INFO - res.shape is :torch.Size([64])
2024-12-21 16:51:10,453 - [Process 4/5] - INFO - len(per_windows_prompt):1
2024-12-21 16:51:15,448 - [Process 4/5] - INFO - res.shape is :torch.Size([64])
2024-12-21 16:51:15,505 - [Process 4/5] - INFO - len(per_windows_prompt):1
2024-12-21 16:51:19,814 - [Process 4/5] - INFO - res.shape is :torch.Size([64])
