2024-12-21 02:56:24,966 - [Process 0/1] - INFO - loading datasets finished
2024-12-21 02:56:24,966 - [Process 0/1] - INFO - model_max_len: 3950
2024-12-21 02:56:24,966 - [Process 0/1] - INFO - output_max_len: 64
2024-12-21 02:56:24,985 - [Process 0/1] - INFO - Max Length is 10029
2024-12-21 02:56:24,986 - [Process 0/1] - INFO - Finish loading dataset
2024-12-21 02:56:24,986 - [Process 0/1] - INFO - get_predicted begin
2024-12-21 02:56:25,124 - [Process 0/1] - INFO - len(per_windows_prompt):1
2024-12-21 02:56:32,039 - [Process 0/1] - INFO - res.shape is :torch.Size([64])
2024-12-21 02:56:32,142 - [Process 0/1] - INFO - len(per_windows_prompt):1
2024-12-21 02:56:38,535 - [Process 0/1] - INFO - res.shape is :torch.Size([64])
2024-12-21 02:56:38,611 - [Process 0/1] - INFO - len(per_windows_prompt):1
2024-12-21 02:56:43,592 - [Process 0/1] - INFO - res.shape is :torch.Size([64])
2024-12-21 02:56:43,658 - [Process 0/1] - INFO - len(per_windows_prompt):1
2024-12-21 02:56:48,197 - [Process 0/1] - INFO - res.shape is :torch.Size([64])
2024-12-21 02:56:48,280 - [Process 0/1] - INFO - len(per_windows_prompt):1
2024-12-21 02:56:53,643 - [Process 0/1] - INFO - res.shape is :torch.Size([64])
2024-12-21 02:56:53,754 - [Process 0/1] - INFO - len(per_windows_prompt):1
2024-12-21 02:57:00,161 - [Process 0/1] - INFO - res.shape is :torch.Size([64])
2024-12-21 02:57:00,245 - [Process 0/1] - INFO - len(per_windows_prompt):1
2024-12-21 02:57:05,936 - [Process 0/1] - INFO - res.shape is :torch.Size([64])
2024-12-21 02:57:06,044 - [Process 0/1] - INFO - len(per_windows_prompt):1
2024-12-21 02:57:12,035 - [Process 0/1] - INFO - res.shape is :torch.Size([53])
2024-12-21 02:57:12,115 - [Process 0/1] - INFO - len(per_windows_prompt):1
2024-12-21 02:57:17,266 - [Process 0/1] - INFO - res.shape is :torch.Size([64])
2024-12-21 02:57:17,335 - [Process 0/1] - INFO - len(per_windows_prompt):1
2024-12-21 02:57:22,167 - [Process 0/1] - INFO - res.shape is :torch.Size([64])
2024-12-21 02:57:22,278 - [Process 0/1] - INFO - len(per_windows_prompt):1
2024-12-21 02:57:28,699 - [Process 0/1] - INFO - res.shape is :torch.Size([64])
2024-12-21 02:57:28,786 - [Process 0/1] - INFO - len(per_windows_prompt):1
2024-12-21 02:57:34,426 - [Process 0/1] - INFO - res.shape is :torch.Size([64])
2024-12-21 02:57:34,533 - [Process 0/1] - INFO - len(per_windows_prompt):1
2024-12-21 02:57:40,971 - [Process 0/1] - INFO - res.shape is :torch.Size([64])
2024-12-21 02:57:41,042 - [Process 0/1] - INFO - len(per_windows_prompt):1
2024-12-21 02:57:45,876 - [Process 0/1] - INFO - res.shape is :torch.Size([64])
2024-12-21 02:57:45,949 - [Process 0/1] - INFO - len(per_windows_prompt):1
2024-12-21 02:57:51,066 - [Process 0/1] - INFO - res.shape is :torch.Size([64])
2024-12-21 02:57:51,137 - [Process 0/1] - INFO - len(per_windows_prompt):1
2024-12-21 02:57:55,995 - [Process 0/1] - INFO - res.shape is :torch.Size([64])
2024-12-21 02:57:56,103 - [Process 0/1] - INFO - len(per_windows_prompt):1
2024-12-21 02:58:02,530 - [Process 0/1] - INFO - res.shape is :torch.Size([64])
2024-12-21 02:58:02,620 - [Process 0/1] - INFO - len(per_windows_prompt):1
2024-12-21 02:58:08,298 - [Process 0/1] - INFO - res.shape is :torch.Size([64])
2024-12-21 02:58:08,404 - [Process 0/1] - INFO - len(per_windows_prompt):1
2024-12-21 02:58:14,845 - [Process 0/1] - INFO - res.shape is :torch.Size([64])
2024-12-21 02:58:14,901 - [Process 0/1] - INFO - len(per_windows_prompt):1
2024-12-21 02:58:19,217 - [Process 0/1] - INFO - res.shape is :torch.Size([64])
2024-12-21 02:58:19,319 - [Process 0/1] - INFO - len(per_windows_prompt):1
2024-12-21 02:58:25,742 - [Process 0/1] - INFO - res.shape is :torch.Size([64])
2024-12-21 02:58:25,794 - [Process 0/1] - INFO - len(per_windows_prompt):1
2024-12-21 02:58:28,953 - [Process 0/1] - INFO - res.shape is :torch.Size([40])
2024-12-21 02:58:29,092 - [Process 0/1] - INFO - len(per_windows_prompt):1
2024-12-21 02:58:35,533 - [Process 0/1] - INFO - res.shape is :torch.Size([64])
2024-12-21 02:58:35,643 - [Process 0/1] - INFO - len(per_windows_prompt):1
2024-12-21 02:58:42,076 - [Process 0/1] - INFO - res.shape is :torch.Size([64])
2024-12-21 02:58:42,240 - [Process 0/1] - INFO - len(per_windows_prompt):1
2024-12-21 02:58:48,674 - [Process 0/1] - INFO - res.shape is :torch.Size([64])
2024-12-21 02:58:48,737 - [Process 0/1] - INFO - len(per_windows_prompt):1
2024-12-21 02:58:51,608 - [Process 0/1] - INFO - res.shape is :torch.Size([21])
2024-12-21 02:58:51,703 - [Process 0/1] - INFO - len(per_windows_prompt):1
2024-12-21 02:58:57,669 - [Process 0/1] - INFO - res.shape is :torch.Size([64])
2024-12-21 02:58:57,782 - [Process 0/1] - INFO - len(per_windows_prompt):1
2024-12-21 02:59:04,213 - [Process 0/1] - INFO - res.shape is :torch.Size([64])
2024-12-21 02:59:04,279 - [Process 0/1] - INFO - len(per_windows_prompt):1
2024-12-21 02:59:08,997 - [Process 0/1] - INFO - res.shape is :torch.Size([64])
2024-12-21 02:59:09,097 - [Process 0/1] - INFO - len(per_windows_prompt):1
2024-12-21 02:59:15,480 - [Process 0/1] - INFO - res.shape is :torch.Size([64])
2024-12-21 02:59:15,562 - [Process 0/1] - INFO - len(per_windows_prompt):1
2024-12-21 02:59:20,979 - [Process 0/1] - INFO - res.shape is :torch.Size([64])
2024-12-21 02:59:21,109 - [Process 0/1] - INFO - len(per_windows_prompt):1
2024-12-21 02:59:27,547 - [Process 0/1] - INFO - res.shape is :torch.Size([64])
2024-12-21 02:59:27,647 - [Process 0/1] - INFO - len(per_windows_prompt):1
2024-12-21 02:59:33,788 - [Process 0/1] - INFO - res.shape is :torch.Size([64])
2024-12-21 02:59:33,885 - [Process 0/1] - INFO - len(per_windows_prompt):1
2024-12-21 02:59:40,055 - [Process 0/1] - INFO - res.shape is :torch.Size([64])
2024-12-21 02:59:40,115 - [Process 0/1] - INFO - len(per_windows_prompt):1
2024-12-21 02:59:44,420 - [Process 0/1] - INFO - res.shape is :torch.Size([64])
2024-12-21 02:59:44,502 - [Process 0/1] - INFO - len(per_windows_prompt):1
2024-12-21 02:59:49,915 - [Process 0/1] - INFO - res.shape is :torch.Size([64])
2024-12-21 02:59:49,969 - [Process 0/1] - INFO - len(per_windows_prompt):1
2024-12-21 02:59:54,025 - [Process 0/1] - INFO - res.shape is :torch.Size([64])
2024-12-21 02:59:54,086 - [Process 0/1] - INFO - len(per_windows_prompt):1
2024-12-21 02:59:58,403 - [Process 0/1] - INFO - res.shape is :torch.Size([64])
2024-12-21 02:59:58,453 - [Process 0/1] - INFO - len(per_windows_prompt):1
2024-12-21 03:00:02,296 - [Process 0/1] - INFO - res.shape is :torch.Size([64])
2024-12-21 03:00:02,358 - [Process 0/1] - INFO - len(per_windows_prompt):1
2024-12-21 03:00:06,744 - [Process 0/1] - INFO - res.shape is :torch.Size([64])
2024-12-21 03:00:06,792 - [Process 0/1] - INFO - len(per_windows_prompt):1
2024-12-21 03:00:10,206 - [Process 0/1] - INFO - res.shape is :torch.Size([52])
2024-12-21 03:00:10,275 - [Process 0/1] - INFO - len(per_windows_prompt):1
2024-12-21 03:00:15,164 - [Process 0/1] - INFO - res.shape is :torch.Size([64])
2024-12-21 03:00:15,260 - [Process 0/1] - INFO - len(per_windows_prompt):1
2024-12-21 03:00:21,352 - [Process 0/1] - INFO - res.shape is :torch.Size([64])
2024-12-21 03:00:21,461 - [Process 0/1] - INFO - len(per_windows_prompt):1
2024-12-21 03:00:27,900 - [Process 0/1] - INFO - res.shape is :torch.Size([64])
2024-12-21 03:00:27,954 - [Process 0/1] - INFO - len(per_windows_prompt):1
2024-12-21 03:00:31,922 - [Process 0/1] - INFO - res.shape is :torch.Size([64])
2024-12-21 03:00:31,980 - [Process 0/1] - INFO - len(per_windows_prompt):1
2024-12-21 03:00:36,328 - [Process 0/1] - INFO - res.shape is :torch.Size([64])
2024-12-21 03:00:36,442 - [Process 0/1] - INFO - len(per_windows_prompt):1
2024-12-21 03:00:42,880 - [Process 0/1] - INFO - res.shape is :torch.Size([64])
2024-12-21 03:00:42,982 - [Process 0/1] - INFO - len(per_windows_prompt):1
2024-12-21 03:00:49,415 - [Process 0/1] - INFO - res.shape is :torch.Size([64])
2024-12-21 03:00:49,526 - [Process 0/1] - INFO - len(per_windows_prompt):1
2024-12-21 03:00:55,960 - [Process 0/1] - INFO - res.shape is :torch.Size([64])
2024-12-21 03:00:56,040 - [Process 0/1] - INFO - len(per_windows_prompt):1
2024-12-21 03:01:01,611 - [Process 0/1] - INFO - res.shape is :torch.Size([64])
2024-12-21 03:01:01,732 - [Process 0/1] - INFO - len(per_windows_prompt):1
2024-12-21 03:01:08,181 - [Process 0/1] - INFO - res.shape is :torch.Size([64])
2024-12-21 03:01:08,245 - [Process 0/1] - INFO - len(per_windows_prompt):1
2024-12-21 03:01:12,631 - [Process 0/1] - INFO - res.shape is :torch.Size([64])
2024-12-21 03:01:12,688 - [Process 0/1] - INFO - len(per_windows_prompt):1
2024-12-21 03:01:16,800 - [Process 0/1] - INFO - res.shape is :torch.Size([64])
2024-12-21 03:01:16,878 - [Process 0/1] - INFO - len(per_windows_prompt):1
2024-12-21 03:01:21,118 - [Process 0/1] - INFO - res.shape is :torch.Size([43])
2024-12-21 03:01:21,270 - [Process 0/1] - INFO - len(per_windows_prompt):1
2024-12-21 03:01:27,704 - [Process 0/1] - INFO - res.shape is :torch.Size([64])
2024-12-21 03:01:27,796 - [Process 0/1] - INFO - len(per_windows_prompt):1
2024-12-21 03:01:33,522 - [Process 0/1] - INFO - res.shape is :torch.Size([57])
2024-12-21 03:01:33,601 - [Process 0/1] - INFO - len(per_windows_prompt):1
2024-12-21 03:01:39,026 - [Process 0/1] - INFO - res.shape is :torch.Size([64])
2024-12-21 03:01:39,121 - [Process 0/1] - INFO - len(per_windows_prompt):1
2024-12-21 03:01:45,029 - [Process 0/1] - INFO - res.shape is :torch.Size([55])
2024-12-21 03:01:45,096 - [Process 0/1] - INFO - len(per_windows_prompt):1
2024-12-21 03:01:49,682 - [Process 0/1] - INFO - res.shape is :torch.Size([64])
2024-12-21 03:01:49,766 - [Process 0/1] - INFO - len(per_windows_prompt):1
2024-12-21 03:01:55,178 - [Process 0/1] - INFO - res.shape is :torch.Size([64])
2024-12-21 03:01:55,265 - [Process 0/1] - INFO - len(per_windows_prompt):1
2024-12-21 03:02:00,976 - [Process 0/1] - INFO - res.shape is :torch.Size([64])
2024-12-21 03:02:01,050 - [Process 0/1] - INFO - len(per_windows_prompt):1
2024-12-21 03:02:06,170 - [Process 0/1] - INFO - res.shape is :torch.Size([64])
2024-12-21 03:02:06,235 - [Process 0/1] - INFO - len(per_windows_prompt):1
2024-12-21 03:02:10,899 - [Process 0/1] - INFO - res.shape is :torch.Size([64])
2024-12-21 03:02:10,991 - [Process 0/1] - INFO - len(per_windows_prompt):1
2024-12-21 03:02:16,970 - [Process 0/1] - INFO - res.shape is :torch.Size([64])
2024-12-21 03:02:17,058 - [Process 0/1] - INFO - len(per_windows_prompt):1
2024-12-21 03:02:22,731 - [Process 0/1] - INFO - res.shape is :torch.Size([64])
2024-12-21 03:02:22,835 - [Process 0/1] - INFO - len(per_windows_prompt):1
2024-12-21 03:02:29,280 - [Process 0/1] - INFO - res.shape is :torch.Size([64])
2024-12-21 03:02:29,340 - [Process 0/1] - INFO - len(per_windows_prompt):1
2024-12-21 03:02:33,702 - [Process 0/1] - INFO - res.shape is :torch.Size([64])
2024-12-21 03:02:33,807 - [Process 0/1] - INFO - len(per_windows_prompt):1
2024-12-21 03:02:40,236 - [Process 0/1] - INFO - res.shape is :torch.Size([64])
2024-12-21 03:02:40,324 - [Process 0/1] - INFO - len(per_windows_prompt):1
2024-12-21 03:02:45,986 - [Process 0/1] - INFO - res.shape is :torch.Size([64])
2024-12-21 03:02:46,042 - [Process 0/1] - INFO - len(per_windows_prompt):1
2024-12-21 03:02:48,345 - [Process 0/1] - INFO - res.shape is :torch.Size([13])
2024-12-21 03:02:48,438 - [Process 0/1] - INFO - len(per_windows_prompt):1
2024-12-21 03:02:54,441 - [Process 0/1] - INFO - res.shape is :torch.Size([64])
2024-12-21 03:02:54,489 - [Process 0/1] - INFO - len(per_windows_prompt):1
2024-12-21 03:02:58,298 - [Process 0/1] - INFO - res.shape is :torch.Size([64])
2024-12-21 03:02:58,404 - [Process 0/1] - INFO - len(per_windows_prompt):1
2024-12-21 03:03:04,838 - [Process 0/1] - INFO - res.shape is :torch.Size([64])
2024-12-21 03:03:04,886 - [Process 0/1] - INFO - len(per_windows_prompt):1
2024-12-21 03:03:06,654 - [Process 0/1] - INFO - res.shape is :torch.Size([8])
2024-12-21 03:03:06,764 - [Process 0/1] - INFO - len(per_windows_prompt):1
2024-12-21 03:03:13,196 - [Process 0/1] - INFO - res.shape is :torch.Size([64])
2024-12-21 03:03:13,257 - [Process 0/1] - INFO - len(per_windows_prompt):1
2024-12-21 03:03:17,578 - [Process 0/1] - INFO - res.shape is :torch.Size([64])
2024-12-21 03:03:17,686 - [Process 0/1] - INFO - len(per_windows_prompt):1
2024-12-21 03:03:24,130 - [Process 0/1] - INFO - res.shape is :torch.Size([64])
2024-12-21 03:03:24,186 - [Process 0/1] - INFO - len(per_windows_prompt):1
2024-12-21 03:03:28,286 - [Process 0/1] - INFO - res.shape is :torch.Size([64])
2024-12-21 03:03:28,391 - [Process 0/1] - INFO - len(per_windows_prompt):1
2024-12-21 03:03:34,830 - [Process 0/1] - INFO - res.shape is :torch.Size([64])
2024-12-21 03:03:34,929 - [Process 0/1] - INFO - len(per_windows_prompt):1
2024-12-21 03:03:39,258 - [Process 0/1] - INFO - res.shape is :torch.Size([15])
2024-12-21 03:03:39,368 - [Process 0/1] - INFO - len(per_windows_prompt):1
2024-12-21 03:03:45,805 - [Process 0/1] - INFO - res.shape is :torch.Size([64])
2024-12-21 03:03:45,904 - [Process 0/1] - INFO - len(per_windows_prompt):1
2024-12-21 03:03:52,131 - [Process 0/1] - INFO - res.shape is :torch.Size([64])
2024-12-21 03:03:52,195 - [Process 0/1] - INFO - len(per_windows_prompt):1
2024-12-21 03:03:56,531 - [Process 0/1] - INFO - res.shape is :torch.Size([64])
2024-12-21 03:03:56,609 - [Process 0/1] - INFO - len(per_windows_prompt):1
2024-12-21 03:04:02,016 - [Process 0/1] - INFO - res.shape is :torch.Size([64])
2024-12-21 03:04:02,069 - [Process 0/1] - INFO - len(per_windows_prompt):1
2024-12-21 03:04:06,051 - [Process 0/1] - INFO - res.shape is :torch.Size([64])
2024-12-21 03:04:06,163 - [Process 0/1] - INFO - len(per_windows_prompt):1
2024-12-21 03:04:12,613 - [Process 0/1] - INFO - res.shape is :torch.Size([64])
2024-12-21 03:04:12,746 - [Process 0/1] - INFO - len(per_windows_prompt):1
2024-12-21 03:04:19,182 - [Process 0/1] - INFO - res.shape is :torch.Size([64])
2024-12-21 03:04:19,256 - [Process 0/1] - INFO - len(per_windows_prompt):1
2024-12-21 03:04:24,369 - [Process 0/1] - INFO - res.shape is :torch.Size([64])
2024-12-21 03:04:24,427 - [Process 0/1] - INFO - len(per_windows_prompt):1
2024-12-21 03:04:28,751 - [Process 0/1] - INFO - res.shape is :torch.Size([64])
2024-12-21 03:04:28,810 - [Process 0/1] - INFO - len(per_windows_prompt):1
2024-12-21 03:04:33,164 - [Process 0/1] - INFO - res.shape is :torch.Size([64])
2024-12-21 03:04:33,238 - [Process 0/1] - INFO - len(per_windows_prompt):1
2024-12-21 03:04:38,385 - [Process 0/1] - INFO - res.shape is :torch.Size([64])
2024-12-21 03:04:38,443 - [Process 0/1] - INFO - len(per_windows_prompt):1
2024-12-21 03:04:42,815 - [Process 0/1] - INFO - res.shape is :torch.Size([64])
2024-12-21 03:04:42,926 - [Process 0/1] - INFO - len(per_windows_prompt):1
2024-12-21 03:04:49,355 - [Process 0/1] - INFO - res.shape is :torch.Size([64])
2024-12-21 03:04:49,448 - [Process 0/1] - INFO - len(per_windows_prompt):1
2024-12-21 03:04:55,700 - [Process 0/1] - INFO - res.shape is :torch.Size([64])
2024-12-21 03:04:55,769 - [Process 0/1] - INFO - len(per_windows_prompt):1
2024-12-21 03:05:00,672 - [Process 0/1] - INFO - res.shape is :torch.Size([64])
2024-12-21 03:05:00,821 - [Process 0/1] - INFO - len(per_windows_prompt):1
2024-12-21 03:05:07,265 - [Process 0/1] - INFO - res.shape is :torch.Size([64])
2024-12-21 03:05:07,314 - [Process 0/1] - INFO - len(per_windows_prompt):1
2024-12-21 03:05:11,140 - [Process 0/1] - INFO - res.shape is :torch.Size([64])
2024-12-21 03:05:11,194 - [Process 0/1] - INFO - len(per_windows_prompt):1
2024-12-21 03:05:13,909 - [Process 0/1] - INFO - res.shape is :torch.Size([27])
2024-12-21 03:05:14,002 - [Process 0/1] - INFO - len(per_windows_prompt):1
2024-12-21 03:05:20,010 - [Process 0/1] - INFO - res.shape is :torch.Size([64])
2024-12-21 03:05:20,046 - [Process 0/1] - INFO - len(per_windows_prompt):1
2024-12-21 03:05:22,502 - [Process 0/1] - INFO - res.shape is :torch.Size([36])
2024-12-21 03:05:22,575 - [Process 0/1] - INFO - len(per_windows_prompt):1
2024-12-21 03:05:27,621 - [Process 0/1] - INFO - res.shape is :torch.Size([64])
2024-12-21 03:05:27,731 - [Process 0/1] - INFO - len(per_windows_prompt):1
2024-12-21 03:05:34,164 - [Process 0/1] - INFO - res.shape is :torch.Size([64])
2024-12-21 03:05:34,273 - [Process 0/1] - INFO - len(per_windows_prompt):1
2024-12-21 03:05:40,703 - [Process 0/1] - INFO - res.shape is :torch.Size([64])
2024-12-21 03:05:40,789 - [Process 0/1] - INFO - len(per_windows_prompt):1
2024-12-21 03:05:46,189 - [Process 0/1] - INFO - res.shape is :torch.Size([64])
2024-12-21 03:05:46,321 - [Process 0/1] - INFO - len(per_windows_prompt):1
2024-12-21 03:05:52,770 - [Process 0/1] - INFO - res.shape is :torch.Size([64])
2024-12-21 03:05:52,861 - [Process 0/1] - INFO - len(per_windows_prompt):1
2024-12-21 03:05:58,518 - [Process 0/1] - INFO - res.shape is :torch.Size([64])
2024-12-21 03:05:58,593 - [Process 0/1] - INFO - len(per_windows_prompt):1
2024-12-21 03:06:03,642 - [Process 0/1] - INFO - res.shape is :torch.Size([64])
2024-12-21 03:06:03,752 - [Process 0/1] - INFO - len(per_windows_prompt):1
2024-12-21 03:06:10,189 - [Process 0/1] - INFO - res.shape is :torch.Size([64])
2024-12-21 03:06:10,246 - [Process 0/1] - INFO - len(per_windows_prompt):1
2024-12-21 03:06:14,291 - [Process 0/1] - INFO - res.shape is :torch.Size([56])
2024-12-21 03:06:14,375 - [Process 0/1] - INFO - len(per_windows_prompt):1
2024-12-21 03:06:20,090 - [Process 0/1] - INFO - res.shape is :torch.Size([64])
2024-12-21 03:06:20,179 - [Process 0/1] - INFO - len(per_windows_prompt):1
2024-12-21 03:06:26,078 - [Process 0/1] - INFO - res.shape is :torch.Size([64])
2024-12-21 03:06:26,178 - [Process 0/1] - INFO - len(per_windows_prompt):1
2024-12-21 03:06:32,339 - [Process 0/1] - INFO - res.shape is :torch.Size([64])
2024-12-21 03:06:32,443 - [Process 0/1] - INFO - len(per_windows_prompt):1
2024-12-21 03:06:38,888 - [Process 0/1] - INFO - res.shape is :torch.Size([64])
2024-12-21 03:06:38,987 - [Process 0/1] - INFO - len(per_windows_prompt):1
2024-12-21 03:06:45,244 - [Process 0/1] - INFO - res.shape is :torch.Size([64])
2024-12-21 03:06:45,333 - [Process 0/1] - INFO - len(per_windows_prompt):1
2024-12-21 03:06:51,007 - [Process 0/1] - INFO - res.shape is :torch.Size([64])
2024-12-21 03:06:51,053 - [Process 0/1] - INFO - len(per_windows_prompt):1
2024-12-21 03:06:54,712 - [Process 0/1] - INFO - res.shape is :torch.Size([64])
2024-12-21 03:06:54,778 - [Process 0/1] - INFO - len(per_windows_prompt):1
2024-12-21 03:06:59,598 - [Process 0/1] - INFO - res.shape is :torch.Size([64])
2024-12-21 03:06:59,702 - [Process 0/1] - INFO - len(per_windows_prompt):1
2024-12-21 03:07:06,139 - [Process 0/1] - INFO - res.shape is :torch.Size([64])
2024-12-21 03:07:06,184 - [Process 0/1] - INFO - len(per_windows_prompt):1
2024-12-21 03:07:09,798 - [Process 0/1] - INFO - res.shape is :torch.Size([64])
2024-12-21 03:07:09,934 - [Process 0/1] - INFO - len(per_windows_prompt):1
2024-12-21 03:07:16,378 - [Process 0/1] - INFO - res.shape is :torch.Size([64])
2024-12-21 03:07:16,433 - [Process 0/1] - INFO - len(per_windows_prompt):1
2024-12-21 03:07:20,485 - [Process 0/1] - INFO - res.shape is :torch.Size([64])
2024-12-21 03:07:20,578 - [Process 0/1] - INFO - len(per_windows_prompt):1
2024-12-21 03:07:26,491 - [Process 0/1] - INFO - res.shape is :torch.Size([64])
2024-12-21 03:07:26,581 - [Process 0/1] - INFO - len(per_windows_prompt):1
2024-12-21 03:07:32,584 - [Process 0/1] - INFO - res.shape is :torch.Size([64])
2024-12-21 03:07:32,693 - [Process 0/1] - INFO - len(per_windows_prompt):1
2024-12-21 03:07:39,135 - [Process 0/1] - INFO - res.shape is :torch.Size([64])
2024-12-21 03:07:39,214 - [Process 0/1] - INFO - len(per_windows_prompt):1
2024-12-21 03:07:44,374 - [Process 0/1] - INFO - res.shape is :torch.Size([64])
2024-12-21 03:07:44,492 - [Process 0/1] - INFO - len(per_windows_prompt):1
2024-12-21 03:07:50,933 - [Process 0/1] - INFO - res.shape is :torch.Size([64])
2024-12-21 03:07:51,001 - [Process 0/1] - INFO - len(per_windows_prompt):1
2024-12-21 03:07:55,583 - [Process 0/1] - INFO - res.shape is :torch.Size([64])
2024-12-21 03:07:55,694 - [Process 0/1] - INFO - len(per_windows_prompt):1
2024-12-21 03:08:02,135 - [Process 0/1] - INFO - res.shape is :torch.Size([64])
2024-12-21 03:08:02,200 - [Process 0/1] - INFO - len(per_windows_prompt):1
2024-12-21 03:08:06,753 - [Process 0/1] - INFO - res.shape is :torch.Size([64])
2024-12-21 03:08:06,814 - [Process 0/1] - INFO - len(per_windows_prompt):1
2024-12-21 03:08:11,151 - [Process 0/1] - INFO - res.shape is :torch.Size([64])
2024-12-21 03:08:11,226 - [Process 0/1] - INFO - len(per_windows_prompt):1
2024-12-21 03:08:16,351 - [Process 0/1] - INFO - res.shape is :torch.Size([64])
2024-12-21 03:08:16,413 - [Process 0/1] - INFO - len(per_windows_prompt):1
2024-12-21 03:08:20,783 - [Process 0/1] - INFO - res.shape is :torch.Size([64])
2024-12-21 03:08:20,897 - [Process 0/1] - INFO - len(per_windows_prompt):1
2024-12-21 03:08:27,341 - [Process 0/1] - INFO - res.shape is :torch.Size([64])
2024-12-21 03:08:27,390 - [Process 0/1] - INFO - len(per_windows_prompt):1
2024-12-21 03:08:31,200 - [Process 0/1] - INFO - res.shape is :torch.Size([64])
2024-12-21 03:08:31,257 - [Process 0/1] - INFO - len(per_windows_prompt):1
2024-12-21 03:08:35,368 - [Process 0/1] - INFO - res.shape is :torch.Size([64])
2024-12-21 03:08:35,472 - [Process 0/1] - INFO - len(per_windows_prompt):1
2024-12-21 03:08:41,914 - [Process 0/1] - INFO - res.shape is :torch.Size([64])
2024-12-21 03:08:41,972 - [Process 0/1] - INFO - len(per_windows_prompt):1
2024-12-21 03:08:46,296 - [Process 0/1] - INFO - res.shape is :torch.Size([64])
2024-12-21 03:08:46,350 - [Process 0/1] - INFO - len(per_windows_prompt):1
2024-12-21 03:08:50,340 - [Process 0/1] - INFO - res.shape is :torch.Size([64])
2024-12-21 03:08:50,446 - [Process 0/1] - INFO - len(per_windows_prompt):1
2024-12-21 03:08:54,498 - [Process 0/1] - INFO - res.shape is :torch.Size([4])
2024-12-21 03:08:54,602 - [Process 0/1] - INFO - len(per_windows_prompt):1
2024-12-21 03:09:01,052 - [Process 0/1] - INFO - res.shape is :torch.Size([64])
2024-12-21 03:09:01,100 - [Process 0/1] - INFO - len(per_windows_prompt):1
2024-12-21 03:09:04,921 - [Process 0/1] - INFO - res.shape is :torch.Size([64])
2024-12-21 03:09:04,991 - [Process 0/1] - INFO - len(per_windows_prompt):1
2024-12-21 03:09:09,865 - [Process 0/1] - INFO - res.shape is :torch.Size([64])
2024-12-21 03:09:09,933 - [Process 0/1] - INFO - len(per_windows_prompt):1
2024-12-21 03:09:14,729 - [Process 0/1] - INFO - res.shape is :torch.Size([64])
2024-12-21 03:09:14,849 - [Process 0/1] - INFO - len(per_windows_prompt):1
2024-12-21 03:09:21,281 - [Process 0/1] - INFO - res.shape is :torch.Size([64])
2024-12-21 03:09:21,399 - [Process 0/1] - INFO - len(per_windows_prompt):1
2024-12-21 03:09:27,850 - [Process 0/1] - INFO - res.shape is :torch.Size([64])
2024-12-21 03:09:27,915 - [Process 0/1] - INFO - len(per_windows_prompt):1
2024-12-21 03:09:32,567 - [Process 0/1] - INFO - res.shape is :torch.Size([64])
2024-12-21 03:09:32,625 - [Process 0/1] - INFO - len(per_windows_prompt):1
2024-12-21 03:09:36,967 - [Process 0/1] - INFO - res.shape is :torch.Size([64])
2024-12-21 03:09:37,044 - [Process 0/1] - INFO - len(per_windows_prompt):1
2024-12-21 03:09:42,193 - [Process 0/1] - INFO - res.shape is :torch.Size([64])
2024-12-21 03:09:42,254 - [Process 0/1] - INFO - len(per_windows_prompt):1
2024-12-21 03:09:46,637 - [Process 0/1] - INFO - res.shape is :torch.Size([64])
2024-12-21 03:09:46,699 - [Process 0/1] - INFO - len(per_windows_prompt):1
2024-12-21 03:09:51,415 - [Process 0/1] - INFO - res.shape is :torch.Size([64])
2024-12-21 03:09:51,533 - [Process 0/1] - INFO - len(per_windows_prompt):1
2024-12-21 03:09:57,970 - [Process 0/1] - INFO - res.shape is :torch.Size([64])
2024-12-21 03:09:58,075 - [Process 0/1] - INFO - len(per_windows_prompt):1
2024-12-21 03:10:04,510 - [Process 0/1] - INFO - res.shape is :torch.Size([64])
2024-12-21 03:10:04,584 - [Process 0/1] - INFO - len(per_windows_prompt):1
2024-12-21 03:10:09,442 - [Process 0/1] - INFO - res.shape is :torch.Size([64])
2024-12-21 03:10:09,501 - [Process 0/1] - INFO - len(per_windows_prompt):1
2024-12-21 03:10:13,716 - [Process 0/1] - INFO - res.shape is :torch.Size([61])
2024-12-21 03:10:13,799 - [Process 0/1] - INFO - len(per_windows_prompt):1
2024-12-21 03:10:19,189 - [Process 0/1] - INFO - res.shape is :torch.Size([64])
2024-12-21 03:10:19,246 - [Process 0/1] - INFO - len(per_windows_prompt):1
2024-12-21 03:10:23,566 - [Process 0/1] - INFO - res.shape is :torch.Size([64])
2024-12-21 03:10:23,625 - [Process 0/1] - INFO - len(per_windows_prompt):1
2024-12-21 03:10:27,989 - [Process 0/1] - INFO - res.shape is :torch.Size([64])
2024-12-21 03:10:28,102 - [Process 0/1] - INFO - len(per_windows_prompt):1
2024-12-21 03:10:34,535 - [Process 0/1] - INFO - res.shape is :torch.Size([64])
2024-12-21 03:10:34,601 - [Process 0/1] - INFO - len(per_windows_prompt):1
2024-12-21 03:10:39,320 - [Process 0/1] - INFO - res.shape is :torch.Size([64])
2024-12-21 03:10:39,426 - [Process 0/1] - INFO - len(per_windows_prompt):1
2024-12-21 03:10:45,866 - [Process 0/1] - INFO - res.shape is :torch.Size([64])
2024-12-21 03:10:45,969 - [Process 0/1] - INFO - len(per_windows_prompt):1
2024-12-21 03:10:52,389 - [Process 0/1] - INFO - res.shape is :torch.Size([64])
2024-12-21 03:10:52,471 - [Process 0/1] - INFO - len(per_windows_prompt):1
2024-12-21 03:10:57,841 - [Process 0/1] - INFO - res.shape is :torch.Size([64])
2024-12-21 03:10:57,960 - [Process 0/1] - INFO - len(per_windows_prompt):1
2024-12-21 03:11:04,398 - [Process 0/1] - INFO - res.shape is :torch.Size([64])
2024-12-21 03:11:04,517 - [Process 0/1] - INFO - len(per_windows_prompt):1
2024-12-21 03:11:10,946 - [Process 0/1] - INFO - res.shape is :torch.Size([64])
2024-12-21 03:11:11,057 - [Process 0/1] - INFO - len(per_windows_prompt):1
2024-12-21 03:11:17,495 - [Process 0/1] - INFO - res.shape is :torch.Size([64])
2024-12-21 03:11:17,554 - [Process 0/1] - INFO - len(per_windows_prompt):1
2024-12-21 03:11:21,877 - [Process 0/1] - INFO - res.shape is :torch.Size([64])
2024-12-21 03:11:21,975 - [Process 0/1] - INFO - len(per_windows_prompt):1
2024-12-21 03:11:28,075 - [Process 0/1] - INFO - res.shape is :torch.Size([64])
2024-12-21 03:11:28,147 - [Process 0/1] - INFO - len(per_windows_prompt):1
2024-12-21 03:11:32,503 - [Process 0/1] - INFO - res.shape is :torch.Size([43])
2024-12-21 03:11:32,584 - [Process 0/1] - INFO - len(per_windows_prompt):1
2024-12-21 03:11:38,021 - [Process 0/1] - INFO - res.shape is :torch.Size([64])
2024-12-21 03:11:38,125 - [Process 0/1] - INFO - len(per_windows_prompt):1
2024-12-21 03:11:44,528 - [Process 0/1] - INFO - res.shape is :torch.Size([64])
2024-12-21 03:11:44,619 - [Process 0/1] - INFO - len(per_windows_prompt):1
2024-12-21 03:11:50,630 - [Process 0/1] - INFO - res.shape is :torch.Size([64])
2024-12-21 03:11:50,721 - [Process 0/1] - INFO - len(per_windows_prompt):1
2024-12-21 03:11:56,720 - [Process 0/1] - INFO - res.shape is :torch.Size([64])
2024-12-21 03:11:56,828 - [Process 0/1] - INFO - len(per_windows_prompt):1
2024-12-21 03:12:00,841 - [Process 0/1] - INFO - res.shape is :torch.Size([3])
2024-12-21 03:12:00,954 - [Process 0/1] - INFO - len(per_windows_prompt):1
2024-12-21 03:12:07,384 - [Process 0/1] - INFO - res.shape is :torch.Size([64])
2024-12-21 03:12:07,455 - [Process 0/1] - INFO - len(per_windows_prompt):1
2024-12-21 03:12:11,731 - [Process 0/1] - INFO - res.shape is :torch.Size([48])
2024-12-21 03:12:11,795 - [Process 0/1] - INFO - len(per_windows_prompt):1
2024-12-21 03:12:16,187 - [Process 0/1] - INFO - res.shape is :torch.Size([64])
2024-12-21 03:12:16,278 - [Process 0/1] - INFO - len(per_windows_prompt):1
2024-12-21 03:12:21,957 - [Process 0/1] - INFO - res.shape is :torch.Size([64])
2024-12-21 03:12:22,017 - [Process 0/1] - INFO - len(per_windows_prompt):1
2024-12-21 03:12:26,390 - [Process 0/1] - INFO - res.shape is :torch.Size([64])
2024-12-21 03:12:26,524 - [Process 0/1] - INFO - len(per_windows_prompt):1
2024-12-21 03:12:32,966 - [Process 0/1] - INFO - res.shape is :torch.Size([64])
2024-12-21 03:12:33,067 - [Process 0/1] - INFO - len(per_windows_prompt):1
2024-12-21 03:12:39,455 - [Process 0/1] - INFO - res.shape is :torch.Size([64])
2024-12-21 03:12:39,547 - [Process 0/1] - INFO - len(per_windows_prompt):1
2024-12-21 03:12:45,541 - [Process 0/1] - INFO - res.shape is :torch.Size([64])
2024-12-21 03:12:45,612 - [Process 0/1] - INFO - len(per_windows_prompt):1
2024-12-21 03:12:50,515 - [Process 0/1] - INFO - res.shape is :torch.Size([64])
2024-12-21 03:12:50,578 - [Process 0/1] - INFO - len(per_windows_prompt):1
2024-12-21 03:12:54,957 - [Process 0/1] - INFO - res.shape is :torch.Size([64])
2024-12-21 03:12:55,026 - [Process 0/1] - INFO - len(per_windows_prompt):1
2024-12-21 03:12:59,871 - [Process 0/1] - INFO - res.shape is :torch.Size([64])
2024-12-21 03:12:59,950 - [Process 0/1] - INFO - len(per_windows_prompt):1
2024-12-21 03:13:05,110 - [Process 0/1] - INFO - res.shape is :torch.Size([64])
2024-12-21 03:13:05,156 - [Process 0/1] - INFO - len(per_windows_prompt):1
2024-12-21 03:13:08,379 - [Process 0/1] - INFO - res.shape is :torch.Size([51])
2024-12-21 03:13:08,493 - [Process 0/1] - INFO - len(per_windows_prompt):1
2024-12-21 03:13:14,938 - [Process 0/1] - INFO - res.shape is :torch.Size([64])
2024-12-21 03:13:15,021 - [Process 0/1] - INFO - len(per_windows_prompt):1
2024-12-21 03:13:20,373 - [Process 0/1] - INFO - res.shape is :torch.Size([64])
2024-12-21 03:13:20,488 - [Process 0/1] - INFO - len(per_windows_prompt):1
2024-12-21 03:13:26,919 - [Process 0/1] - INFO - res.shape is :torch.Size([64])
2024-12-21 03:13:27,023 - [Process 0/1] - INFO - len(per_windows_prompt):1
2024-12-21 03:13:33,460 - [Process 0/1] - INFO - res.shape is :torch.Size([64])
2024-12-21 03:13:33,514 - [Process 0/1] - INFO - len(per_windows_prompt):1
2024-12-21 03:13:37,608 - [Process 0/1] - INFO - res.shape is :torch.Size([64])
2024-12-21 03:13:37,668 - [Process 0/1] - INFO - len(per_windows_prompt):1
2024-12-21 03:13:41,994 - [Process 0/1] - INFO - res.shape is :torch.Size([64])
2024-12-21 03:13:42,113 - [Process 0/1] - INFO - len(per_windows_prompt):1
2024-12-21 03:13:48,558 - [Process 0/1] - INFO - res.shape is :torch.Size([64])
2024-12-21 03:13:48,615 - [Process 0/1] - INFO - len(per_windows_prompt):1
2024-12-21 03:13:52,927 - [Process 0/1] - INFO - res.shape is :torch.Size([64])
2024-12-21 03:13:52,989 - [Process 0/1] - INFO - len(per_windows_prompt):1
2024-12-21 03:13:57,372 - [Process 0/1] - INFO - res.shape is :torch.Size([64])
2024-12-21 03:13:57,427 - [Process 0/1] - INFO - len(per_windows_prompt):1
2024-12-21 03:14:01,591 - [Process 0/1] - INFO - res.shape is :torch.Size([64])
2024-12-21 03:14:01,659 - [Process 0/1] - INFO - len(per_windows_prompt):1
2024-12-21 03:14:06,223 - [Process 0/1] - INFO - res.shape is :torch.Size([64])
2024-12-21 03:14:06,289 - [Process 0/1] - INFO - len(per_windows_prompt):1
2024-12-21 03:14:11,020 - [Process 0/1] - INFO - res.shape is :torch.Size([64])
2024-12-21 03:14:11,120 - [Process 0/1] - INFO - len(per_windows_prompt):1
2024-12-21 03:14:17,561 - [Process 0/1] - INFO - res.shape is :torch.Size([64])
2024-12-21 03:14:17,657 - [Process 0/1] - INFO - len(per_windows_prompt):1
2024-12-21 03:14:23,924 - [Process 0/1] - INFO - res.shape is :torch.Size([64])
2024-12-21 03:14:24,088 - [Process 0/1] - INFO - len(per_windows_prompt):1
2024-12-21 03:14:30,519 - [Process 0/1] - INFO - res.shape is :torch.Size([64])
2024-12-21 03:14:30,586 - [Process 0/1] - INFO - len(per_windows_prompt):1
2024-12-21 03:14:33,073 - [Process 0/1] - INFO - res.shape is :torch.Size([6])
2024-12-21 03:14:33,142 - [Process 0/1] - INFO - len(per_windows_prompt):1
2024-12-21 03:14:37,976 - [Process 0/1] - INFO - res.shape is :torch.Size([64])
2024-12-21 03:14:38,037 - [Process 0/1] - INFO - len(per_windows_prompt):1
2024-12-21 03:14:42,354 - [Process 0/1] - INFO - res.shape is :torch.Size([64])
2024-12-21 03:14:42,406 - [Process 0/1] - INFO - len(per_windows_prompt):1
2024-12-21 03:14:44,345 - [Process 0/1] - INFO - res.shape is :torch.Size([8])
2024-12-21 03:14:44,448 - [Process 0/1] - INFO - len(per_windows_prompt):1
2024-12-21 03:14:50,888 - [Process 0/1] - INFO - res.shape is :torch.Size([64])
2024-12-21 03:14:50,968 - [Process 0/1] - INFO - len(per_windows_prompt):1
2024-12-21 03:14:56,364 - [Process 0/1] - INFO - res.shape is :torch.Size([64])
2024-12-21 03:14:56,433 - [Process 0/1] - INFO - len(per_windows_prompt):1
2024-12-21 03:15:01,323 - [Process 0/1] - INFO - res.shape is :torch.Size([64])
2024-12-21 03:15:01,403 - [Process 0/1] - INFO - len(per_windows_prompt):1
2024-12-21 03:15:06,973 - [Process 0/1] - INFO - res.shape is :torch.Size([64])
2024-12-21 03:15:07,086 - [Process 0/1] - INFO - len(per_windows_prompt):1
2024-12-21 03:15:13,529 - [Process 0/1] - INFO - res.shape is :torch.Size([64])
2024-12-21 03:15:13,618 - [Process 0/1] - INFO - len(per_windows_prompt):1
2024-12-21 03:15:19,368 - [Process 0/1] - INFO - res.shape is :torch.Size([64])
2024-12-21 03:15:19,474 - [Process 0/1] - INFO - len(per_windows_prompt):1
2024-12-21 03:15:25,908 - [Process 0/1] - INFO - res.shape is :torch.Size([64])
2024-12-21 03:15:25,978 - [Process 0/1] - INFO - len(per_windows_prompt):1
2024-12-21 03:15:30,888 - [Process 0/1] - INFO - res.shape is :torch.Size([64])
2024-12-21 03:15:30,953 - [Process 0/1] - INFO - len(per_windows_prompt):1
2024-12-21 03:15:35,610 - [Process 0/1] - INFO - res.shape is :torch.Size([64])
2024-12-21 03:15:35,716 - [Process 0/1] - INFO - len(per_windows_prompt):1
2024-12-21 03:15:39,727 - [Process 0/1] - INFO - res.shape is :torch.Size([3])
2024-12-21 03:15:39,816 - [Process 0/1] - INFO - len(per_windows_prompt):1
2024-12-21 03:15:45,499 - [Process 0/1] - INFO - res.shape is :torch.Size([64])
2024-12-21 03:15:45,548 - [Process 0/1] - INFO - len(per_windows_prompt):1
2024-12-21 03:15:49,360 - [Process 0/1] - INFO - res.shape is :torch.Size([64])
2024-12-21 03:15:49,470 - [Process 0/1] - INFO - len(per_windows_prompt):1
2024-12-21 03:15:55,898 - [Process 0/1] - INFO - res.shape is :torch.Size([64])
2024-12-21 03:15:55,969 - [Process 0/1] - INFO - len(per_windows_prompt):1
2024-12-21 03:16:00,827 - [Process 0/1] - INFO - res.shape is :torch.Size([64])
2024-12-21 03:16:00,870 - [Process 0/1] - INFO - len(per_windows_prompt):1
2024-12-21 03:16:04,472 - [Process 0/1] - INFO - res.shape is :torch.Size([64])
2024-12-21 03:16:04,588 - [Process 0/1] - INFO - len(per_windows_prompt):1
2024-12-21 03:16:11,016 - [Process 0/1] - INFO - res.shape is :torch.Size([64])
2024-12-21 03:16:11,105 - [Process 0/1] - INFO - len(per_windows_prompt):1
2024-12-21 03:16:16,763 - [Process 0/1] - INFO - res.shape is :torch.Size([64])
2024-12-21 03:16:16,859 - [Process 0/1] - INFO - len(per_windows_prompt):1
2024-12-21 03:16:22,967 - [Process 0/1] - INFO - res.shape is :torch.Size([64])
2024-12-21 03:16:23,019 - [Process 0/1] - INFO - len(per_windows_prompt):1
2024-12-21 03:16:26,868 - [Process 0/1] - INFO - res.shape is :torch.Size([64])
2024-12-21 03:16:26,938 - [Process 0/1] - INFO - len(per_windows_prompt):1
2024-12-21 03:16:31,805 - [Process 0/1] - INFO - res.shape is :torch.Size([64])
2024-12-21 03:16:31,863 - [Process 0/1] - INFO - len(per_windows_prompt):1
2024-12-21 03:16:36,181 - [Process 0/1] - INFO - res.shape is :torch.Size([64])
2024-12-21 03:16:36,272 - [Process 0/1] - INFO - len(per_windows_prompt):1
2024-12-21 03:16:41,932 - [Process 0/1] - INFO - res.shape is :torch.Size([64])
2024-12-21 03:16:42,005 - [Process 0/1] - INFO - len(per_windows_prompt):1
2024-12-21 03:16:46,860 - [Process 0/1] - INFO - res.shape is :torch.Size([64])
2024-12-21 03:16:46,926 - [Process 0/1] - INFO - len(per_windows_prompt):1
2024-12-21 03:16:51,501 - [Process 0/1] - INFO - res.shape is :torch.Size([64])
2024-12-21 03:16:51,621 - [Process 0/1] - INFO - len(per_windows_prompt):1
2024-12-21 03:16:58,049 - [Process 0/1] - INFO - res.shape is :torch.Size([64])
2024-12-21 03:16:58,109 - [Process 0/1] - INFO - len(per_windows_prompt):1
2024-12-21 03:17:02,477 - [Process 0/1] - INFO - res.shape is :torch.Size([64])
2024-12-21 03:17:02,549 - [Process 0/1] - INFO - len(per_windows_prompt):1
2024-12-21 03:17:07,673 - [Process 0/1] - INFO - res.shape is :torch.Size([64])
2024-12-21 03:17:07,728 - [Process 0/1] - INFO - len(per_windows_prompt):1
2024-12-21 03:17:10,492 - [Process 0/1] - INFO - res.shape is :torch.Size([25])
2024-12-21 03:17:10,555 - [Process 0/1] - INFO - len(per_windows_prompt):1
2024-12-21 03:17:15,153 - [Process 0/1] - INFO - res.shape is :torch.Size([64])
2024-12-21 03:17:15,224 - [Process 0/1] - INFO - len(per_windows_prompt):1
2024-12-21 03:17:20,138 - [Process 0/1] - INFO - res.shape is :torch.Size([64])
2024-12-21 03:17:20,257 - [Process 0/1] - INFO - len(per_windows_prompt):1
2024-12-21 03:17:26,691 - [Process 0/1] - INFO - res.shape is :torch.Size([64])
2024-12-21 03:17:26,775 - [Process 0/1] - INFO - len(per_windows_prompt):1
2024-12-21 03:17:32,145 - [Process 0/1] - INFO - res.shape is :torch.Size([64])
2024-12-21 03:17:32,213 - [Process 0/1] - INFO - len(per_windows_prompt):1
2024-12-21 03:17:37,071 - [Process 0/1] - INFO - res.shape is :torch.Size([64])
2024-12-21 03:17:37,132 - [Process 0/1] - INFO - len(per_windows_prompt):1
2024-12-21 03:17:41,460 - [Process 0/1] - INFO - res.shape is :torch.Size([64])
2024-12-21 03:17:41,532 - [Process 0/1] - INFO - len(per_windows_prompt):1
2024-12-21 03:17:44,554 - [Process 0/1] - INFO - res.shape is :torch.Size([11])
2024-12-21 03:17:44,657 - [Process 0/1] - INFO - len(per_windows_prompt):1
2024-12-21 03:17:51,092 - [Process 0/1] - INFO - res.shape is :torch.Size([64])
2024-12-21 03:17:51,196 - [Process 0/1] - INFO - len(per_windows_prompt):1
2024-12-21 03:17:57,643 - [Process 0/1] - INFO - res.shape is :torch.Size([64])
2024-12-21 03:17:57,715 - [Process 0/1] - INFO - len(per_windows_prompt):1
2024-12-21 03:18:02,634 - [Process 0/1] - INFO - res.shape is :torch.Size([64])
2024-12-21 03:18:02,755 - [Process 0/1] - INFO - len(per_windows_prompt):1
2024-12-21 03:18:09,188 - [Process 0/1] - INFO - res.shape is :torch.Size([64])
2024-12-21 03:18:09,294 - [Process 0/1] - INFO - len(per_windows_prompt):1
2024-12-21 03:18:15,725 - [Process 0/1] - INFO - res.shape is :torch.Size([64])
2024-12-21 03:18:15,839 - [Process 0/1] - INFO - len(per_windows_prompt):1
2024-12-21 03:18:22,282 - [Process 0/1] - INFO - res.shape is :torch.Size([64])
2024-12-21 03:18:22,350 - [Process 0/1] - INFO - len(per_windows_prompt):1
2024-12-21 03:18:26,927 - [Process 0/1] - INFO - res.shape is :torch.Size([64])
2024-12-21 03:18:27,006 - [Process 0/1] - INFO - len(per_windows_prompt):1
2024-12-21 03:18:32,399 - [Process 0/1] - INFO - res.shape is :torch.Size([64])
2024-12-21 03:18:32,606 - [Process 0/1] - INFO - len(per_windows_prompt):1
2024-12-21 03:18:39,050 - [Process 0/1] - INFO - res.shape is :torch.Size([64])
2024-12-21 03:18:39,117 - [Process 0/1] - INFO - len(per_windows_prompt):1
2024-12-21 03:18:43,692 - [Process 0/1] - INFO - res.shape is :torch.Size([64])
2024-12-21 03:18:43,875 - [Process 0/1] - INFO - len(per_windows_prompt):1
2024-12-21 03:18:50,307 - [Process 0/1] - INFO - res.shape is :torch.Size([64])
2024-12-21 03:18:50,374 - [Process 0/1] - INFO - len(per_windows_prompt):1
2024-12-21 03:18:54,958 - [Process 0/1] - INFO - res.shape is :torch.Size([64])
2024-12-21 03:18:55,032 - [Process 0/1] - INFO - len(per_windows_prompt):1
2024-12-21 03:19:00,035 - [Process 0/1] - INFO - res.shape is :torch.Size([64])
2024-12-21 03:19:00,156 - [Process 0/1] - INFO - len(per_windows_prompt):1
2024-12-21 03:19:06,592 - [Process 0/1] - INFO - res.shape is :torch.Size([64])
2024-12-21 03:19:06,674 - [Process 0/1] - INFO - len(per_windows_prompt):1
2024-12-21 03:19:12,242 - [Process 0/1] - INFO - res.shape is :torch.Size([64])
2024-12-21 03:19:12,337 - [Process 0/1] - INFO - len(per_windows_prompt):1
2024-12-21 03:19:18,337 - [Process 0/1] - INFO - res.shape is :torch.Size([64])
2024-12-21 03:19:18,402 - [Process 0/1] - INFO - len(per_windows_prompt):1
2024-12-21 03:19:23,125 - [Process 0/1] - INFO - res.shape is :torch.Size([64])
2024-12-21 03:19:23,195 - [Process 0/1] - INFO - len(per_windows_prompt):1
2024-12-21 03:19:28,039 - [Process 0/1] - INFO - res.shape is :torch.Size([64])
2024-12-21 03:19:28,094 - [Process 0/1] - INFO - len(per_windows_prompt):1
2024-12-21 03:19:32,201 - [Process 0/1] - INFO - res.shape is :torch.Size([64])
2024-12-21 03:19:32,284 - [Process 0/1] - INFO - len(per_windows_prompt):1
2024-12-21 03:19:37,851 - [Process 0/1] - INFO - res.shape is :torch.Size([64])
2024-12-21 03:19:37,983 - [Process 0/1] - INFO - len(per_windows_prompt):1
2024-12-21 03:19:44,416 - [Process 0/1] - INFO - res.shape is :torch.Size([64])
2024-12-21 03:19:44,502 - [Process 0/1] - INFO - len(per_windows_prompt):1
2024-12-21 03:19:50,184 - [Process 0/1] - INFO - res.shape is :torch.Size([64])
2024-12-21 03:19:50,246 - [Process 0/1] - INFO - len(per_windows_prompt):1
2024-12-21 03:19:54,649 - [Process 0/1] - INFO - res.shape is :torch.Size([64])
2024-12-21 03:19:54,774 - [Process 0/1] - INFO - len(per_windows_prompt):1
2024-12-21 03:20:01,223 - [Process 0/1] - INFO - res.shape is :torch.Size([64])
2024-12-21 03:20:01,394 - [Process 0/1] - INFO - len(per_windows_prompt):1
2024-12-21 03:20:07,830 - [Process 0/1] - INFO - res.shape is :torch.Size([64])
2024-12-21 03:20:07,877 - [Process 0/1] - INFO - len(per_windows_prompt):1
2024-12-21 03:20:11,532 - [Process 0/1] - INFO - res.shape is :torch.Size([64])
2024-12-21 03:20:11,638 - [Process 0/1] - INFO - len(per_windows_prompt):1
2024-12-21 03:20:18,077 - [Process 0/1] - INFO - res.shape is :torch.Size([64])
2024-12-21 03:20:18,199 - [Process 0/1] - INFO - len(per_windows_prompt):1
2024-12-21 03:20:24,645 - [Process 0/1] - INFO - res.shape is :torch.Size([64])
2024-12-21 03:20:24,734 - [Process 0/1] - INFO - len(per_windows_prompt):1
2024-12-21 03:20:30,405 - [Process 0/1] - INFO - res.shape is :torch.Size([64])
2024-12-21 03:20:30,577 - [Process 0/1] - INFO - len(per_windows_prompt):1
2024-12-21 03:20:37,012 - [Process 0/1] - INFO - res.shape is :torch.Size([64])
2024-12-21 03:20:37,089 - [Process 0/1] - INFO - len(per_windows_prompt):1
2024-12-21 03:20:42,138 - [Process 0/1] - INFO - res.shape is :torch.Size([64])
2024-12-21 03:20:42,179 - [Process 0/1] - INFO - len(per_windows_prompt):1
2024-12-21 03:20:44,596 - [Process 0/1] - INFO - res.shape is :torch.Size([33])
2024-12-21 03:20:44,676 - [Process 0/1] - INFO - len(per_windows_prompt):1
2024-12-21 03:20:50,040 - [Process 0/1] - INFO - res.shape is :torch.Size([64])
2024-12-21 03:20:50,120 - [Process 0/1] - INFO - len(per_windows_prompt):1
2024-12-21 03:20:55,292 - [Process 0/1] - INFO - res.shape is :torch.Size([64])
2024-12-21 03:20:55,423 - [Process 0/1] - INFO - len(per_windows_prompt):1
2024-12-21 03:21:01,870 - [Process 0/1] - INFO - res.shape is :torch.Size([64])
2024-12-21 03:21:01,936 - [Process 0/1] - INFO - len(per_windows_prompt):1
2024-12-21 03:21:06,598 - [Process 0/1] - INFO - res.shape is :torch.Size([64])
2024-12-21 03:21:06,683 - [Process 0/1] - INFO - len(per_windows_prompt):1
2024-12-21 03:21:12,407 - [Process 0/1] - INFO - res.shape is :torch.Size([64])
2024-12-21 03:21:12,511 - [Process 0/1] - INFO - len(per_windows_prompt):1
2024-12-21 03:21:18,951 - [Process 0/1] - INFO - res.shape is :torch.Size([64])
2024-12-21 03:21:19,069 - [Process 0/1] - INFO - len(per_windows_prompt):1
2024-12-21 03:21:25,502 - [Process 0/1] - INFO - res.shape is :torch.Size([64])
2024-12-21 03:21:25,615 - [Process 0/1] - INFO - len(per_windows_prompt):1
2024-12-21 03:21:32,048 - [Process 0/1] - INFO - res.shape is :torch.Size([64])
2024-12-21 03:21:32,121 - [Process 0/1] - INFO - len(per_windows_prompt):1
2024-12-21 03:21:36,988 - [Process 0/1] - INFO - res.shape is :torch.Size([64])
2024-12-21 03:21:37,064 - [Process 0/1] - INFO - len(per_windows_prompt):1
2024-12-21 03:21:42,065 - [Process 0/1] - INFO - res.shape is :torch.Size([64])
2024-12-21 03:21:42,132 - [Process 0/1] - INFO - len(per_windows_prompt):1
2024-12-21 03:21:45,789 - [Process 0/1] - INFO - res.shape is :torch.Size([38])
2024-12-21 03:21:45,873 - [Process 0/1] - INFO - len(per_windows_prompt):1
2024-12-21 03:21:51,501 - [Process 0/1] - INFO - res.shape is :torch.Size([64])
2024-12-21 03:21:51,572 - [Process 0/1] - INFO - len(per_windows_prompt):1
2024-12-21 03:21:56,457 - [Process 0/1] - INFO - res.shape is :torch.Size([64])
2024-12-21 03:21:56,521 - [Process 0/1] - INFO - len(per_windows_prompt):1
2024-12-21 03:22:00,923 - [Process 0/1] - INFO - res.shape is :torch.Size([64])
2024-12-21 03:22:01,012 - [Process 0/1] - INFO - len(per_windows_prompt):1
2024-12-21 03:22:06,668 - [Process 0/1] - INFO - res.shape is :torch.Size([64])
2024-12-21 03:22:06,740 - [Process 0/1] - INFO - len(per_windows_prompt):1
2024-12-21 03:22:11,582 - [Process 0/1] - INFO - res.shape is :torch.Size([64])
2024-12-21 03:22:11,633 - [Process 0/1] - INFO - len(per_windows_prompt):1
2024-12-21 03:22:15,077 - [Process 0/1] - INFO - res.shape is :torch.Size([52])
2024-12-21 03:22:15,190 - [Process 0/1] - INFO - len(per_windows_prompt):1
2024-12-21 03:22:19,242 - [Process 0/1] - INFO - res.shape is :torch.Size([4])
2024-12-21 03:22:19,343 - [Process 0/1] - INFO - len(per_windows_prompt):1
2024-12-21 03:22:25,775 - [Process 0/1] - INFO - res.shape is :torch.Size([64])
2024-12-21 03:22:25,881 - [Process 0/1] - INFO - len(per_windows_prompt):1
2024-12-21 03:22:32,326 - [Process 0/1] - INFO - res.shape is :torch.Size([64])
2024-12-21 03:22:32,438 - [Process 0/1] - INFO - len(per_windows_prompt):1
2024-12-21 03:22:38,886 - [Process 0/1] - INFO - res.shape is :torch.Size([64])
2024-12-21 03:22:38,952 - [Process 0/1] - INFO - len(per_windows_prompt):1
2024-12-21 03:22:43,555 - [Process 0/1] - INFO - res.shape is :torch.Size([64])
2024-12-21 03:22:43,640 - [Process 0/1] - INFO - len(per_windows_prompt):1
2024-12-21 03:22:49,317 - [Process 0/1] - INFO - res.shape is :torch.Size([64])
2024-12-21 03:22:49,389 - [Process 0/1] - INFO - len(per_windows_prompt):1
2024-12-21 03:22:54,259 - [Process 0/1] - INFO - res.shape is :torch.Size([64])
2024-12-21 03:22:54,321 - [Process 0/1] - INFO - len(per_windows_prompt):1
2024-12-21 03:22:58,966 - [Process 0/1] - INFO - res.shape is :torch.Size([64])
2024-12-21 03:22:59,070 - [Process 0/1] - INFO - len(per_windows_prompt):1
2024-12-21 03:23:05,506 - [Process 0/1] - INFO - res.shape is :torch.Size([64])
2024-12-21 03:23:05,612 - [Process 0/1] - INFO - len(per_windows_prompt):1
2024-12-21 03:23:12,053 - [Process 0/1] - INFO - res.shape is :torch.Size([64])
2024-12-21 03:23:12,221 - [Process 0/1] - INFO - len(per_windows_prompt):1
2024-12-21 03:23:18,660 - [Process 0/1] - INFO - res.shape is :torch.Size([64])
2024-12-21 03:23:18,729 - [Process 0/1] - INFO - len(per_windows_prompt):1
2024-12-21 03:23:23,587 - [Process 0/1] - INFO - res.shape is :torch.Size([64])
2024-12-21 03:23:23,673 - [Process 0/1] - INFO - len(per_windows_prompt):1
2024-12-21 03:23:29,412 - [Process 0/1] - INFO - res.shape is :torch.Size([64])
2024-12-21 03:23:29,490 - [Process 0/1] - INFO - len(per_windows_prompt):1
2024-12-21 03:23:34,500 - [Process 0/1] - INFO - res.shape is :torch.Size([64])
2024-12-21 03:23:34,561 - [Process 0/1] - INFO - len(per_windows_prompt):1
2024-12-21 03:23:38,941 - [Process 0/1] - INFO - res.shape is :torch.Size([64])
2024-12-21 03:23:39,017 - [Process 0/1] - INFO - len(per_windows_prompt):1
2024-12-21 03:23:44,136 - [Process 0/1] - INFO - res.shape is :torch.Size([64])
2024-12-21 03:23:44,192 - [Process 0/1] - INFO - len(per_windows_prompt):1
2024-12-21 03:23:48,259 - [Process 0/1] - INFO - res.shape is :torch.Size([64])
2024-12-21 03:23:48,330 - [Process 0/1] - INFO - len(per_windows_prompt):1
2024-12-21 03:23:53,232 - [Process 0/1] - INFO - res.shape is :torch.Size([64])
2024-12-21 03:23:53,293 - [Process 0/1] - INFO - len(per_windows_prompt):1
2024-12-21 03:23:57,591 - [Process 0/1] - INFO - res.shape is :torch.Size([64])
2024-12-21 03:23:57,655 - [Process 0/1] - INFO - len(per_windows_prompt):1
2024-12-21 03:24:02,044 - [Process 0/1] - INFO - res.shape is :torch.Size([64])
2024-12-21 03:24:02,201 - [Process 0/1] - INFO - len(per_windows_prompt):1
2024-12-21 03:24:08,646 - [Process 0/1] - INFO - res.shape is :torch.Size([64])
2024-12-21 03:24:08,749 - [Process 0/1] - INFO - len(per_windows_prompt):1
2024-12-21 03:24:15,194 - [Process 0/1] - INFO - res.shape is :torch.Size([64])
2024-12-21 03:24:15,312 - [Process 0/1] - INFO - len(per_windows_prompt):1
2024-12-21 03:24:21,757 - [Process 0/1] - INFO - res.shape is :torch.Size([64])
2024-12-21 03:24:21,825 - [Process 0/1] - INFO - len(per_windows_prompt):1
2024-12-21 03:24:26,392 - [Process 0/1] - INFO - res.shape is :torch.Size([64])
2024-12-21 03:24:26,464 - [Process 0/1] - INFO - len(per_windows_prompt):1
2024-12-21 03:24:31,372 - [Process 0/1] - INFO - res.shape is :torch.Size([64])
2024-12-21 03:24:31,435 - [Process 0/1] - INFO - len(per_windows_prompt):1
2024-12-21 03:24:35,814 - [Process 0/1] - INFO - res.shape is :torch.Size([64])
2024-12-21 03:24:35,901 - [Process 0/1] - INFO - len(per_windows_prompt):1
2024-12-21 03:24:41,633 - [Process 0/1] - INFO - res.shape is :torch.Size([64])
2024-12-21 03:24:41,717 - [Process 0/1] - INFO - len(per_windows_prompt):1
2024-12-21 03:24:47,076 - [Process 0/1] - INFO - res.shape is :torch.Size([64])
2024-12-21 03:24:47,136 - [Process 0/1] - INFO - len(per_windows_prompt):1
2024-12-21 03:24:51,474 - [Process 0/1] - INFO - res.shape is :torch.Size([64])
2024-12-21 03:24:51,567 - [Process 0/1] - INFO - len(per_windows_prompt):1
2024-12-21 03:24:57,571 - [Process 0/1] - INFO - res.shape is :torch.Size([64])
2024-12-21 03:24:57,645 - [Process 0/1] - INFO - len(per_windows_prompt):1
2024-12-21 03:25:02,620 - [Process 0/1] - INFO - res.shape is :torch.Size([64])
2024-12-21 03:25:02,710 - [Process 0/1] - INFO - len(per_windows_prompt):1
2024-12-21 03:25:08,395 - [Process 0/1] - INFO - res.shape is :torch.Size([64])
2024-12-21 03:25:08,448 - [Process 0/1] - INFO - len(per_windows_prompt):1
2024-12-21 03:25:12,409 - [Process 0/1] - INFO - res.shape is :torch.Size([64])
2024-12-21 03:25:12,515 - [Process 0/1] - INFO - len(per_windows_prompt):1
2024-12-21 03:25:18,962 - [Process 0/1] - INFO - res.shape is :torch.Size([64])
2024-12-21 03:25:19,074 - [Process 0/1] - INFO - len(per_windows_prompt):1
2024-12-21 03:25:25,511 - [Process 0/1] - INFO - res.shape is :torch.Size([64])
2024-12-21 03:25:25,674 - [Process 0/1] - INFO - len(per_windows_prompt):1
2024-12-21 03:25:32,108 - [Process 0/1] - INFO - res.shape is :torch.Size([64])
2024-12-21 03:25:32,169 - [Process 0/1] - INFO - len(per_windows_prompt):1
2024-12-21 03:25:36,484 - [Process 0/1] - INFO - res.shape is :torch.Size([64])
2024-12-21 03:25:36,546 - [Process 0/1] - INFO - len(per_windows_prompt):1
2024-12-21 03:25:40,941 - [Process 0/1] - INFO - res.shape is :torch.Size([64])
2024-12-21 03:25:40,995 - [Process 0/1] - INFO - len(per_windows_prompt):1
2024-12-21 03:25:45,058 - [Process 0/1] - INFO - res.shape is :torch.Size([64])
2024-12-21 03:25:45,162 - [Process 0/1] - INFO - len(per_windows_prompt):1
2024-12-21 03:25:51,606 - [Process 0/1] - INFO - res.shape is :torch.Size([64])
2024-12-21 03:25:51,675 - [Process 0/1] - INFO - len(per_windows_prompt):1
2024-12-21 03:25:56,274 - [Process 0/1] - INFO - res.shape is :torch.Size([64])
2024-12-21 03:25:56,338 - [Process 0/1] - INFO - len(per_windows_prompt):1
2024-12-21 03:26:00,978 - [Process 0/1] - INFO - res.shape is :torch.Size([64])
2024-12-21 03:26:01,082 - [Process 0/1] - INFO - len(per_windows_prompt):1
2024-12-21 03:26:07,517 - [Process 0/1] - INFO - res.shape is :torch.Size([64])
2024-12-21 03:26:07,587 - [Process 0/1] - INFO - len(per_windows_prompt):1
2024-12-21 03:26:12,479 - [Process 0/1] - INFO - res.shape is :torch.Size([64])
2024-12-21 03:26:12,639 - [Process 0/1] - INFO - len(per_windows_prompt):1
2024-12-21 03:26:19,076 - [Process 0/1] - INFO - res.shape is :torch.Size([64])
2024-12-21 03:26:19,159 - [Process 0/1] - INFO - len(per_windows_prompt):1
2024-12-21 03:26:24,554 - [Process 0/1] - INFO - res.shape is :torch.Size([64])
2024-12-21 03:26:24,663 - [Process 0/1] - INFO - len(per_windows_prompt):1
2024-12-21 03:26:31,093 - [Process 0/1] - INFO - res.shape is :torch.Size([64])
2024-12-21 03:26:31,202 - [Process 0/1] - INFO - len(per_windows_prompt):1
2024-12-21 03:26:37,636 - [Process 0/1] - INFO - res.shape is :torch.Size([64])
2024-12-21 03:26:37,688 - [Process 0/1] - INFO - len(per_windows_prompt):1
2024-12-21 03:26:41,544 - [Process 0/1] - INFO - res.shape is :torch.Size([64])
2024-12-21 03:26:41,614 - [Process 0/1] - INFO - len(per_windows_prompt):1
2024-12-21 03:26:46,528 - [Process 0/1] - INFO - res.shape is :torch.Size([64])
2024-12-21 03:26:46,594 - [Process 0/1] - INFO - len(per_windows_prompt):1
2024-12-21 03:26:51,216 - [Process 0/1] - INFO - res.shape is :torch.Size([64])
2024-12-21 03:26:51,303 - [Process 0/1] - INFO - len(per_windows_prompt):1
2024-12-21 03:26:56,943 - [Process 0/1] - INFO - res.shape is :torch.Size([64])
2024-12-21 03:26:57,006 - [Process 0/1] - INFO - len(per_windows_prompt):1
2024-12-21 03:27:01,385 - [Process 0/1] - INFO - res.shape is :torch.Size([64])
2024-12-21 03:27:01,455 - [Process 0/1] - INFO - len(per_windows_prompt):1
2024-12-21 03:27:06,326 - [Process 0/1] - INFO - res.shape is :torch.Size([64])
2024-12-21 03:27:06,439 - [Process 0/1] - INFO - len(per_windows_prompt):1
2024-12-21 03:27:12,876 - [Process 0/1] - INFO - res.shape is :torch.Size([64])
2024-12-21 03:27:12,981 - [Process 0/1] - INFO - len(per_windows_prompt):1
2024-12-21 03:27:19,412 - [Process 0/1] - INFO - res.shape is :torch.Size([64])
2024-12-21 03:27:19,458 - [Process 0/1] - INFO - len(per_windows_prompt):1
2024-12-21 03:27:22,325 - [Process 0/1] - INFO - res.shape is :torch.Size([42])
2024-12-21 03:27:22,429 - [Process 0/1] - INFO - len(per_windows_prompt):1
2024-12-21 03:27:28,837 - [Process 0/1] - INFO - res.shape is :torch.Size([64])
2024-12-21 03:27:28,944 - [Process 0/1] - INFO - len(per_windows_prompt):1
2024-12-21 03:27:35,369 - [Process 0/1] - INFO - res.shape is :torch.Size([64])
2024-12-21 03:27:35,479 - [Process 0/1] - INFO - len(per_windows_prompt):1
2024-12-21 03:27:41,923 - [Process 0/1] - INFO - res.shape is :torch.Size([64])
2024-12-21 03:27:42,028 - [Process 0/1] - INFO - len(per_windows_prompt):1
2024-12-21 03:27:48,470 - [Process 0/1] - INFO - res.shape is :torch.Size([64])
2024-12-21 03:27:48,516 - [Process 0/1] - INFO - len(per_windows_prompt):1
2024-12-21 03:27:52,119 - [Process 0/1] - INFO - res.shape is :torch.Size([64])
2024-12-21 03:27:52,170 - [Process 0/1] - INFO - len(per_windows_prompt):1
2024-12-21 03:27:56,029 - [Process 0/1] - INFO - res.shape is :torch.Size([64])
2024-12-21 03:27:56,122 - [Process 0/1] - INFO - len(per_windows_prompt):1
2024-12-21 03:28:02,077 - [Process 0/1] - INFO - res.shape is :torch.Size([64])
2024-12-21 03:28:02,135 - [Process 0/1] - INFO - len(per_windows_prompt):1
2024-12-21 03:28:06,259 - [Process 0/1] - INFO - res.shape is :torch.Size([64])
2024-12-21 03:28:06,370 - [Process 0/1] - INFO - len(per_windows_prompt):1
2024-12-21 03:28:12,813 - [Process 0/1] - INFO - res.shape is :torch.Size([64])
2024-12-21 03:28:12,883 - [Process 0/1] - INFO - len(per_windows_prompt):1
2024-12-21 03:28:17,770 - [Process 0/1] - INFO - res.shape is :torch.Size([64])
2024-12-21 03:28:17,854 - [Process 0/1] - INFO - len(per_windows_prompt):1
2024-12-21 03:28:23,236 - [Process 0/1] - INFO - res.shape is :torch.Size([64])
2024-12-21 03:28:23,341 - [Process 0/1] - INFO - len(per_windows_prompt):1
2024-12-21 03:28:29,793 - [Process 0/1] - INFO - res.shape is :torch.Size([64])
2024-12-21 03:28:29,905 - [Process 0/1] - INFO - len(per_windows_prompt):1
2024-12-21 03:28:36,336 - [Process 0/1] - INFO - res.shape is :torch.Size([64])
2024-12-21 03:28:36,429 - [Process 0/1] - INFO - len(per_windows_prompt):1
2024-12-21 03:28:42,470 - [Process 0/1] - INFO - res.shape is :torch.Size([64])
2024-12-21 03:28:42,525 - [Process 0/1] - INFO - len(per_windows_prompt):1
2024-12-21 03:28:46,702 - [Process 0/1] - INFO - res.shape is :torch.Size([64])
2024-12-21 03:28:46,764 - [Process 0/1] - INFO - len(per_windows_prompt):1
2024-12-21 03:28:51,093 - [Process 0/1] - INFO - res.shape is :torch.Size([64])
2024-12-21 03:28:51,186 - [Process 0/1] - INFO - len(per_windows_prompt):1
2024-12-21 03:28:57,159 - [Process 0/1] - INFO - res.shape is :torch.Size([64])
2024-12-21 03:28:57,269 - [Process 0/1] - INFO - len(per_windows_prompt):1
2024-12-21 03:29:03,720 - [Process 0/1] - INFO - res.shape is :torch.Size([64])
2024-12-21 03:29:03,829 - [Process 0/1] - INFO - len(per_windows_prompt):1
2024-12-21 03:29:10,279 - [Process 0/1] - INFO - res.shape is :torch.Size([64])
2024-12-21 03:29:10,394 - [Process 0/1] - INFO - len(per_windows_prompt):1
2024-12-21 03:29:16,829 - [Process 0/1] - INFO - res.shape is :torch.Size([64])
2024-12-21 03:29:16,946 - [Process 0/1] - INFO - len(per_windows_prompt):1
2024-12-21 03:29:23,381 - [Process 0/1] - INFO - res.shape is :torch.Size([64])
2024-12-21 03:29:23,446 - [Process 0/1] - INFO - len(per_windows_prompt):1
2024-12-21 03:29:28,105 - [Process 0/1] - INFO - res.shape is :torch.Size([64])
2024-12-21 03:29:28,222 - [Process 0/1] - INFO - len(per_windows_prompt):1
2024-12-21 03:29:34,670 - [Process 0/1] - INFO - res.shape is :torch.Size([64])
2024-12-21 03:29:34,733 - [Process 0/1] - INFO - len(per_windows_prompt):1
2024-12-21 03:29:39,105 - [Process 0/1] - INFO - res.shape is :torch.Size([64])
2024-12-21 03:29:39,211 - [Process 0/1] - INFO - len(per_windows_prompt):1
2024-12-21 03:29:45,648 - [Process 0/1] - INFO - res.shape is :torch.Size([64])
2024-12-21 03:29:45,709 - [Process 0/1] - INFO - len(per_windows_prompt):1
2024-12-21 03:29:49,847 - [Process 0/1] - INFO - res.shape is :torch.Size([64])
2024-12-21 03:29:49,939 - [Process 0/1] - INFO - len(per_windows_prompt):1
2024-12-21 03:29:55,989 - [Process 0/1] - INFO - res.shape is :torch.Size([64])
2024-12-21 03:29:56,052 - [Process 0/1] - INFO - len(per_windows_prompt):1
2024-12-21 03:30:00,386 - [Process 0/1] - INFO - res.shape is :torch.Size([64])
2024-12-21 03:30:00,494 - [Process 0/1] - INFO - len(per_windows_prompt):1
2024-12-21 03:30:06,946 - [Process 0/1] - INFO - res.shape is :torch.Size([64])
2024-12-21 03:30:07,012 - [Process 0/1] - INFO - len(per_windows_prompt):1
2024-12-21 03:30:11,599 - [Process 0/1] - INFO - res.shape is :torch.Size([64])
2024-12-21 03:30:11,669 - [Process 0/1] - INFO - len(per_windows_prompt):1
2024-12-21 03:30:16,542 - [Process 0/1] - INFO - res.shape is :torch.Size([64])
2024-12-21 03:30:16,607 - [Process 0/1] - INFO - len(per_windows_prompt):1
2024-12-21 03:30:21,257 - [Process 0/1] - INFO - res.shape is :torch.Size([64])
2024-12-21 03:30:21,363 - [Process 0/1] - INFO - len(per_windows_prompt):1
2024-12-21 03:30:27,798 - [Process 0/1] - INFO - res.shape is :torch.Size([64])
2024-12-21 03:30:27,915 - [Process 0/1] - INFO - len(per_windows_prompt):1
2024-12-21 03:30:34,361 - [Process 0/1] - INFO - res.shape is :torch.Size([64])
2024-12-21 03:30:34,425 - [Process 0/1] - INFO - len(per_windows_prompt):1
2024-12-21 03:30:39,090 - [Process 0/1] - INFO - res.shape is :torch.Size([64])
2024-12-21 03:30:39,208 - [Process 0/1] - INFO - len(per_windows_prompt):1
2024-12-21 03:30:45,647 - [Process 0/1] - INFO - res.shape is :torch.Size([64])
2024-12-21 03:30:45,726 - [Process 0/1] - INFO - len(per_windows_prompt):1
2024-12-21 03:30:50,122 - [Process 0/1] - INFO - res.shape is :torch.Size([43])
2024-12-21 03:30:50,199 - [Process 0/1] - INFO - len(per_windows_prompt):1
2024-12-21 03:30:55,216 - [Process 0/1] - INFO - res.shape is :torch.Size([64])
2024-12-21 03:30:55,317 - [Process 0/1] - INFO - len(per_windows_prompt):1
2024-12-21 03:30:59,448 - [Process 0/1] - INFO - res.shape is :torch.Size([6])
2024-12-21 03:30:59,527 - [Process 0/1] - INFO - len(per_windows_prompt):1
2024-12-21 03:31:05,098 - [Process 0/1] - INFO - res.shape is :torch.Size([64])
2024-12-21 03:31:05,170 - [Process 0/1] - INFO - len(per_windows_prompt):1
2024-12-21 03:31:10,089 - [Process 0/1] - INFO - res.shape is :torch.Size([64])
2024-12-21 03:31:10,199 - [Process 0/1] - INFO - len(per_windows_prompt):1
2024-12-21 03:31:16,637 - [Process 0/1] - INFO - res.shape is :torch.Size([64])
2024-12-21 03:31:16,709 - [Process 0/1] - INFO - len(per_windows_prompt):1
2024-12-21 03:31:21,579 - [Process 0/1] - INFO - res.shape is :torch.Size([64])
2024-12-21 03:31:21,627 - [Process 0/1] - INFO - len(per_windows_prompt):1
2024-12-21 03:31:25,447 - [Process 0/1] - INFO - res.shape is :torch.Size([64])
2024-12-21 03:31:25,558 - [Process 0/1] - INFO - len(per_windows_prompt):1
2024-12-21 03:31:31,995 - [Process 0/1] - INFO - res.shape is :torch.Size([64])
2024-12-21 03:31:32,043 - [Process 0/1] - INFO - len(per_windows_prompt):1
2024-12-21 03:31:35,711 - [Process 0/1] - INFO - res.shape is :torch.Size([64])
2024-12-21 03:31:35,824 - [Process 0/1] - INFO - len(per_windows_prompt):1
2024-12-21 03:31:42,260 - [Process 0/1] - INFO - res.shape is :torch.Size([64])
2024-12-21 03:31:42,357 - [Process 0/1] - INFO - len(per_windows_prompt):1
2024-12-21 03:31:48,456 - [Process 0/1] - INFO - res.shape is :torch.Size([64])
2024-12-21 03:31:48,545 - [Process 0/1] - INFO - len(per_windows_prompt):1
2024-12-21 03:31:54,271 - [Process 0/1] - INFO - res.shape is :torch.Size([64])
2024-12-21 03:31:54,360 - [Process 0/1] - INFO - len(per_windows_prompt):1
2024-12-21 03:31:59,990 - [Process 0/1] - INFO - res.shape is :torch.Size([64])
2024-12-21 03:32:00,108 - [Process 0/1] - INFO - len(per_windows_prompt):1
2024-12-21 03:32:06,544 - [Process 0/1] - INFO - res.shape is :torch.Size([64])
2024-12-21 03:32:06,651 - [Process 0/1] - INFO - len(per_windows_prompt):1
2024-12-21 03:32:13,087 - [Process 0/1] - INFO - res.shape is :torch.Size([64])
2024-12-21 03:32:13,155 - [Process 0/1] - INFO - len(per_windows_prompt):1
2024-12-21 03:32:17,966 - [Process 0/1] - INFO - res.shape is :torch.Size([64])
2024-12-21 03:32:18,024 - [Process 0/1] - INFO - len(per_windows_prompt):1
2024-12-21 03:32:22,091 - [Process 0/1] - INFO - res.shape is :torch.Size([64])
2024-12-21 03:32:22,203 - [Process 0/1] - INFO - len(per_windows_prompt):1
2024-12-21 03:32:28,635 - [Process 0/1] - INFO - res.shape is :torch.Size([64])
2024-12-21 03:32:28,713 - [Process 0/1] - INFO - len(per_windows_prompt):1
2024-12-21 03:32:33,802 - [Process 0/1] - INFO - res.shape is :torch.Size([64])
2024-12-21 03:32:33,882 - [Process 0/1] - INFO - len(per_windows_prompt):1
2024-12-21 03:32:38,956 - [Process 0/1] - INFO - res.shape is :torch.Size([64])
2024-12-21 03:32:39,027 - [Process 0/1] - INFO - len(per_windows_prompt):1
2024-12-21 03:32:43,930 - [Process 0/1] - INFO - res.shape is :torch.Size([64])
2024-12-21 03:32:44,033 - [Process 0/1] - INFO - len(per_windows_prompt):1
2024-12-21 03:32:50,462 - [Process 0/1] - INFO - res.shape is :torch.Size([64])
2024-12-21 03:32:50,571 - [Process 0/1] - INFO - len(per_windows_prompt):1
2024-12-21 03:32:57,010 - [Process 0/1] - INFO - res.shape is :torch.Size([64])
2024-12-21 03:32:57,115 - [Process 0/1] - INFO - len(per_windows_prompt):1
2024-12-21 03:33:03,562 - [Process 0/1] - INFO - res.shape is :torch.Size([64])
2024-12-21 03:33:03,611 - [Process 0/1] - INFO - len(per_windows_prompt):1
2024-12-21 03:33:07,421 - [Process 0/1] - INFO - res.shape is :torch.Size([64])
2024-12-21 03:33:07,523 - [Process 0/1] - INFO - len(per_windows_prompt):1
2024-12-21 03:33:13,711 - [Process 0/1] - INFO - res.shape is :torch.Size([64])
2024-12-21 03:33:13,784 - [Process 0/1] - INFO - len(per_windows_prompt):1
2024-12-21 03:33:18,656 - [Process 0/1] - INFO - res.shape is :torch.Size([64])
2024-12-21 03:33:18,787 - [Process 0/1] - INFO - len(per_windows_prompt):1
2024-12-21 03:33:25,227 - [Process 0/1] - INFO - res.shape is :torch.Size([64])
2024-12-21 03:33:25,284 - [Process 0/1] - INFO - len(per_windows_prompt):1
2024-12-21 03:33:29,609 - [Process 0/1] - INFO - res.shape is :torch.Size([64])
2024-12-21 03:33:29,694 - [Process 0/1] - INFO - len(per_windows_prompt):1
2024-12-21 03:33:35,094 - [Process 0/1] - INFO - res.shape is :torch.Size([64])
2024-12-21 03:33:35,209 - [Process 0/1] - INFO - len(per_windows_prompt):1
2024-12-21 03:33:41,659 - [Process 0/1] - INFO - res.shape is :torch.Size([64])
2024-12-21 03:33:41,733 - [Process 0/1] - INFO - len(per_windows_prompt):1
2024-12-21 03:33:46,590 - [Process 0/1] - INFO - res.shape is :torch.Size([64])
2024-12-21 03:33:46,660 - [Process 0/1] - INFO - len(per_windows_prompt):1
2024-12-21 03:33:51,557 - [Process 0/1] - INFO - res.shape is :torch.Size([64])
2024-12-21 03:33:51,627 - [Process 0/1] - INFO - len(per_windows_prompt):1
2024-12-21 03:33:56,510 - [Process 0/1] - INFO - res.shape is :torch.Size([64])
2024-12-21 03:33:56,591 - [Process 0/1] - INFO - len(per_windows_prompt):1
2024-12-21 03:34:01,755 - [Process 0/1] - INFO - res.shape is :torch.Size([64])
2024-12-21 03:34:01,814 - [Process 0/1] - INFO - len(per_windows_prompt):1
2024-12-21 03:34:06,143 - [Process 0/1] - INFO - res.shape is :torch.Size([64])
2024-12-21 03:34:06,246 - [Process 0/1] - INFO - len(per_windows_prompt):1
2024-12-21 03:34:12,681 - [Process 0/1] - INFO - res.shape is :torch.Size([64])
2024-12-21 03:34:12,755 - [Process 0/1] - INFO - len(per_windows_prompt):1
2024-12-21 03:34:17,606 - [Process 0/1] - INFO - res.shape is :torch.Size([61])
2024-12-21 03:34:17,677 - [Process 0/1] - INFO - len(per_windows_prompt):1
2024-12-21 03:34:22,596 - [Process 0/1] - INFO - res.shape is :torch.Size([64])
2024-12-21 03:34:22,710 - [Process 0/1] - INFO - len(per_windows_prompt):1
2024-12-21 03:34:29,152 - [Process 0/1] - INFO - res.shape is :torch.Size([64])
2024-12-21 03:34:29,239 - [Process 0/1] - INFO - len(per_windows_prompt):1
2024-12-21 03:34:34,867 - [Process 0/1] - INFO - res.shape is :torch.Size([64])
2024-12-21 03:34:34,930 - [Process 0/1] - INFO - len(per_windows_prompt):1
2024-12-21 03:34:39,315 - [Process 0/1] - INFO - res.shape is :torch.Size([64])
2024-12-21 03:34:39,372 - [Process 0/1] - INFO - len(per_windows_prompt):1
2024-12-21 03:34:43,687 - [Process 0/1] - INFO - res.shape is :torch.Size([64])
2024-12-21 03:34:43,781 - [Process 0/1] - INFO - len(per_windows_prompt):1
2024-12-21 03:34:49,675 - [Process 0/1] - INFO - res.shape is :torch.Size([64])
2024-12-21 03:34:49,782 - [Process 0/1] - INFO - len(per_windows_prompt):1
2024-12-21 03:34:56,216 - [Process 0/1] - INFO - res.shape is :torch.Size([64])
2024-12-21 03:34:56,287 - [Process 0/1] - INFO - len(per_windows_prompt):1
2024-12-21 03:35:01,135 - [Process 0/1] - INFO - res.shape is :torch.Size([64])
2024-12-21 03:35:01,213 - [Process 0/1] - INFO - len(per_windows_prompt):1
2024-12-21 03:35:06,366 - [Process 0/1] - INFO - res.shape is :torch.Size([64])
2024-12-21 03:35:06,428 - [Process 0/1] - INFO - len(per_windows_prompt):1
2024-12-21 03:35:10,764 - [Process 0/1] - INFO - res.shape is :torch.Size([64])
2024-12-21 03:35:10,806 - [Process 0/1] - INFO - len(per_windows_prompt):1
2024-12-21 03:35:14,425 - [Process 0/1] - INFO - res.shape is :torch.Size([64])
2024-12-21 03:35:14,483 - [Process 0/1] - INFO - len(per_windows_prompt):1
2024-12-21 03:35:18,600 - [Process 0/1] - INFO - res.shape is :torch.Size([64])
2024-12-21 03:35:18,723 - [Process 0/1] - INFO - len(per_windows_prompt):1
2024-12-21 03:35:25,149 - [Process 0/1] - INFO - res.shape is :torch.Size([64])
2024-12-21 03:35:25,268 - [Process 0/1] - INFO - len(per_windows_prompt):1
2024-12-21 03:35:31,700 - [Process 0/1] - INFO - res.shape is :torch.Size([64])
2024-12-21 03:35:31,785 - [Process 0/1] - INFO - len(per_windows_prompt):1
2024-12-21 03:35:37,175 - [Process 0/1] - INFO - res.shape is :torch.Size([64])
2024-12-21 03:35:37,227 - [Process 0/1] - INFO - len(per_windows_prompt):1
2024-12-21 03:35:41,065 - [Process 0/1] - INFO - res.shape is :torch.Size([64])
2024-12-21 03:35:41,123 - [Process 0/1] - INFO - len(per_windows_prompt):1
2024-12-21 03:35:45,449 - [Process 0/1] - INFO - res.shape is :torch.Size([64])
2024-12-21 03:35:45,524 - [Process 0/1] - INFO - len(per_windows_prompt):1
2024-12-21 03:35:50,490 - [Process 0/1] - INFO - res.shape is :torch.Size([64])
2024-12-21 03:35:50,579 - [Process 0/1] - INFO - len(per_windows_prompt):1
2024-12-21 03:35:56,568 - [Process 0/1] - INFO - res.shape is :torch.Size([64])
2024-12-21 03:35:56,643 - [Process 0/1] - INFO - len(per_windows_prompt):1
2024-12-21 03:36:00,187 - [Process 0/1] - INFO - res.shape is :torch.Size([25])
2024-12-21 03:36:00,244 - [Process 0/1] - INFO - len(per_windows_prompt):1
2024-12-21 03:36:04,551 - [Process 0/1] - INFO - res.shape is :torch.Size([64])
2024-12-21 03:36:04,615 - [Process 0/1] - INFO - len(per_windows_prompt):1
2024-12-21 03:36:09,011 - [Process 0/1] - INFO - res.shape is :torch.Size([64])
2024-12-21 03:36:09,145 - [Process 0/1] - INFO - len(per_windows_prompt):1
2024-12-21 03:36:15,579 - [Process 0/1] - INFO - res.shape is :torch.Size([64])
2024-12-21 03:36:15,665 - [Process 0/1] - INFO - len(per_windows_prompt):1
2024-12-21 03:36:21,034 - [Process 0/1] - INFO - res.shape is :torch.Size([64])
2024-12-21 03:36:21,099 - [Process 0/1] - INFO - len(per_windows_prompt):1
2024-12-21 03:36:25,714 - [Process 0/1] - INFO - res.shape is :torch.Size([64])
2024-12-21 03:36:25,770 - [Process 0/1] - INFO - len(per_windows_prompt):1
2024-12-21 03:36:29,864 - [Process 0/1] - INFO - res.shape is :torch.Size([64])
2024-12-21 03:36:29,924 - [Process 0/1] - INFO - len(per_windows_prompt):1
2024-12-21 03:36:34,261 - [Process 0/1] - INFO - res.shape is :torch.Size([64])
2024-12-21 03:36:34,306 - [Process 0/1] - INFO - len(per_windows_prompt):1
2024-12-21 03:36:37,878 - [Process 0/1] - INFO - res.shape is :torch.Size([64])
2024-12-21 03:36:37,957 - [Process 0/1] - INFO - len(per_windows_prompt):1
2024-12-21 03:36:43,393 - [Process 0/1] - INFO - res.shape is :torch.Size([64])
2024-12-21 03:36:43,463 - [Process 0/1] - INFO - len(per_windows_prompt):1
2024-12-21 03:36:48,375 - [Process 0/1] - INFO - res.shape is :torch.Size([64])
2024-12-21 03:36:48,435 - [Process 0/1] - INFO - len(per_windows_prompt):1
2024-12-21 03:36:52,056 - [Process 0/1] - INFO - res.shape is :torch.Size([43])
2024-12-21 03:36:52,136 - [Process 0/1] - INFO - len(per_windows_prompt):1
2024-12-21 03:36:57,704 - [Process 0/1] - INFO - res.shape is :torch.Size([64])
2024-12-21 03:36:57,811 - [Process 0/1] - INFO - len(per_windows_prompt):1
2024-12-21 03:37:04,247 - [Process 0/1] - INFO - res.shape is :torch.Size([64])
2024-12-21 03:37:04,313 - [Process 0/1] - INFO - len(per_windows_prompt):1
2024-12-21 03:37:08,963 - [Process 0/1] - INFO - res.shape is :torch.Size([64])
2024-12-21 03:37:09,076 - [Process 0/1] - INFO - len(per_windows_prompt):1
2024-12-21 03:37:15,508 - [Process 0/1] - INFO - res.shape is :torch.Size([64])
2024-12-21 03:37:15,589 - [Process 0/1] - INFO - len(per_windows_prompt):1
2024-12-21 03:37:21,024 - [Process 0/1] - INFO - res.shape is :torch.Size([64])
2024-12-21 03:37:21,125 - [Process 0/1] - INFO - len(per_windows_prompt):1
2024-12-21 03:37:27,549 - [Process 0/1] - INFO - res.shape is :torch.Size([64])
2024-12-21 03:37:27,673 - [Process 0/1] - INFO - len(per_windows_prompt):1
2024-12-21 03:37:34,098 - [Process 0/1] - INFO - res.shape is :torch.Size([64])
2024-12-21 03:37:34,166 - [Process 0/1] - INFO - len(per_windows_prompt):1
2024-12-21 03:37:39,019 - [Process 0/1] - INFO - res.shape is :torch.Size([64])
2024-12-21 03:37:39,082 - [Process 0/1] - INFO - len(per_windows_prompt):1
2024-12-21 03:37:43,453 - [Process 0/1] - INFO - res.shape is :torch.Size([64])
2024-12-21 03:37:43,564 - [Process 0/1] - INFO - len(per_windows_prompt):1
2024-12-21 03:37:49,992 - [Process 0/1] - INFO - res.shape is :torch.Size([64])
2024-12-21 03:37:50,075 - [Process 0/1] - INFO - len(per_windows_prompt):1
2024-12-21 03:37:53,916 - [Process 0/1] - INFO - res.shape is :torch.Size([18])
2024-12-21 03:37:54,030 - [Process 0/1] - INFO - len(per_windows_prompt):1
2024-12-21 03:38:00,471 - [Process 0/1] - INFO - res.shape is :torch.Size([64])
2024-12-21 03:38:00,585 - [Process 0/1] - INFO - len(per_windows_prompt):1
2024-12-21 03:38:07,019 - [Process 0/1] - INFO - res.shape is :torch.Size([64])
2024-12-21 03:38:07,106 - [Process 0/1] - INFO - len(per_windows_prompt):1
2024-12-21 03:38:12,846 - [Process 0/1] - INFO - res.shape is :torch.Size([64])
2024-12-21 03:38:12,942 - [Process 0/1] - INFO - len(per_windows_prompt):1
2024-12-21 03:38:19,163 - [Process 0/1] - INFO - res.shape is :torch.Size([64])
2024-12-21 03:38:19,289 - [Process 0/1] - INFO - len(per_windows_prompt):1
2024-12-21 03:38:25,723 - [Process 0/1] - INFO - res.shape is :torch.Size([64])
2024-12-21 03:38:25,838 - [Process 0/1] - INFO - len(per_windows_prompt):1
2024-12-21 03:38:32,283 - [Process 0/1] - INFO - res.shape is :torch.Size([64])
2024-12-21 03:38:32,348 - [Process 0/1] - INFO - len(per_windows_prompt):1
2024-12-21 03:38:37,007 - [Process 0/1] - INFO - res.shape is :torch.Size([64])
2024-12-21 03:38:37,084 - [Process 0/1] - INFO - len(per_windows_prompt):1
2024-12-21 03:38:42,141 - [Process 0/1] - INFO - res.shape is :torch.Size([64])
2024-12-21 03:38:42,242 - [Process 0/1] - INFO - len(per_windows_prompt):1
2024-12-21 03:38:48,670 - [Process 0/1] - INFO - res.shape is :torch.Size([64])
2024-12-21 03:38:48,727 - [Process 0/1] - INFO - len(per_windows_prompt):1
2024-12-21 03:38:53,046 - [Process 0/1] - INFO - res.shape is :torch.Size([64])
2024-12-21 03:38:53,152 - [Process 0/1] - INFO - len(per_windows_prompt):1
2024-12-21 03:38:59,583 - [Process 0/1] - INFO - res.shape is :torch.Size([64])
2024-12-21 03:38:59,641 - [Process 0/1] - INFO - len(per_windows_prompt):1
2024-12-21 03:39:03,964 - [Process 0/1] - INFO - res.shape is :torch.Size([64])
2024-12-21 03:39:04,076 - [Process 0/1] - INFO - len(per_windows_prompt):1
2024-12-21 03:39:10,517 - [Process 0/1] - INFO - res.shape is :torch.Size([64])
2024-12-21 03:39:10,579 - [Process 0/1] - INFO - len(per_windows_prompt):1
2024-12-21 03:39:14,955 - [Process 0/1] - INFO - res.shape is :torch.Size([64])
2024-12-21 03:39:15,024 - [Process 0/1] - INFO - len(per_windows_prompt):1
2024-12-21 03:39:19,893 - [Process 0/1] - INFO - res.shape is :torch.Size([64])
2024-12-21 03:39:19,957 - [Process 0/1] - INFO - len(per_windows_prompt):1
2024-12-21 03:39:24,572 - [Process 0/1] - INFO - res.shape is :torch.Size([64])
2024-12-21 03:39:24,653 - [Process 0/1] - INFO - len(per_windows_prompt):1
2024-12-21 03:39:30,084 - [Process 0/1] - INFO - res.shape is :torch.Size([64])
2024-12-21 03:39:30,155 - [Process 0/1] - INFO - len(per_windows_prompt):1
2024-12-21 03:39:34,774 - [Process 0/1] - INFO - res.shape is :torch.Size([56])
2024-12-21 03:39:34,880 - [Process 0/1] - INFO - len(per_windows_prompt):1
2024-12-21 03:39:41,327 - [Process 0/1] - INFO - res.shape is :torch.Size([64])
2024-12-21 03:39:41,429 - [Process 0/1] - INFO - len(per_windows_prompt):1
2024-12-21 03:39:47,861 - [Process 0/1] - INFO - res.shape is :torch.Size([64])
2024-12-21 03:39:47,965 - [Process 0/1] - INFO - len(per_windows_prompt):1
2024-12-21 03:39:54,362 - [Process 0/1] - INFO - res.shape is :torch.Size([63])
2024-12-21 03:39:54,481 - [Process 0/1] - INFO - len(per_windows_prompt):1
2024-12-21 03:40:00,931 - [Process 0/1] - INFO - res.shape is :torch.Size([64])
2024-12-21 03:40:00,977 - [Process 0/1] - INFO - len(per_windows_prompt):1
2024-12-21 03:40:04,582 - [Process 0/1] - INFO - res.shape is :torch.Size([64])
2024-12-21 03:40:04,690 - [Process 0/1] - INFO - len(per_windows_prompt):1
2024-12-21 03:40:11,136 - [Process 0/1] - INFO - res.shape is :torch.Size([64])
2024-12-21 03:40:11,246 - [Process 0/1] - INFO - len(per_windows_prompt):1
2024-12-21 03:40:17,701 - [Process 0/1] - INFO - res.shape is :torch.Size([64])
2024-12-21 03:40:17,768 - [Process 0/1] - INFO - len(per_windows_prompt):1
2024-12-21 03:40:22,322 - [Process 0/1] - INFO - res.shape is :torch.Size([64])
2024-12-21 03:40:22,393 - [Process 0/1] - INFO - len(per_windows_prompt):1
2024-12-21 03:40:27,268 - [Process 0/1] - INFO - res.shape is :torch.Size([64])
2024-12-21 03:40:27,397 - [Process 0/1] - INFO - len(per_windows_prompt):1
2024-12-21 03:40:33,851 - [Process 0/1] - INFO - res.shape is :torch.Size([64])
2024-12-21 03:40:33,929 - [Process 0/1] - INFO - len(per_windows_prompt):1
2024-12-21 03:40:39,090 - [Process 0/1] - INFO - res.shape is :torch.Size([64])
2024-12-21 03:40:39,195 - [Process 0/1] - INFO - len(per_windows_prompt):1
2024-12-21 03:40:45,631 - [Process 0/1] - INFO - res.shape is :torch.Size([64])
2024-12-21 03:40:45,680 - [Process 0/1] - INFO - len(per_windows_prompt):1
2024-12-21 03:40:49,365 - [Process 0/1] - INFO - res.shape is :torch.Size([64])
2024-12-21 03:40:49,459 - [Process 0/1] - INFO - len(per_windows_prompt):1
2024-12-21 03:40:55,457 - [Process 0/1] - INFO - res.shape is :torch.Size([64])
2024-12-21 03:40:55,532 - [Process 0/1] - INFO - len(per_windows_prompt):1
2024-12-21 03:41:00,578 - [Process 0/1] - INFO - res.shape is :torch.Size([64])
2024-12-21 03:41:00,690 - [Process 0/1] - INFO - len(per_windows_prompt):1
2024-12-21 03:41:07,138 - [Process 0/1] - INFO - res.shape is :torch.Size([64])
2024-12-21 03:41:07,224 - [Process 0/1] - INFO - len(per_windows_prompt):1
2024-12-21 03:41:12,956 - [Process 0/1] - INFO - res.shape is :torch.Size([64])
2024-12-21 03:41:13,034 - [Process 0/1] - INFO - len(per_windows_prompt):1
2024-12-21 03:41:18,040 - [Process 0/1] - INFO - res.shape is :torch.Size([64])
2024-12-21 03:41:18,096 - [Process 0/1] - INFO - len(per_windows_prompt):1
2024-12-21 03:41:22,427 - [Process 0/1] - INFO - res.shape is :torch.Size([64])
