2024-12-21 14:19:53,063 - [Process 3/5] - INFO - loading datasets finished
2024-12-21 14:19:53,063 - [Process 3/5] - INFO - model_max_len: 3950
2024-12-21 14:19:53,063 - [Process 3/5] - INFO - output_max_len: 512
2024-12-21 14:19:53,133 - [Process 3/5] - INFO - Max Length is 40508
2024-12-21 14:19:53,134 - [Process 3/5] - INFO - Finish loading dataset
2024-12-21 14:19:53,134 - [Process 3/5] - INFO - get_predicted begin
2024-12-21 14:19:57,824 - [Process 3/5] - INFO - len(per_windows_prompt):1
2024-12-21 14:20:12,175 - [Process 3/5] - INFO - res.shape is :torch.Size([243])
2024-12-21 14:20:12,352 - [Process 3/5] - INFO - len(per_windows_prompt):1
2024-12-21 14:20:37,564 - [Process 3/5] - INFO - res.shape is :torch.Size([512])
2024-12-21 14:20:37,711 - [Process 3/5] - INFO - len(per_windows_prompt):1
2024-12-21 14:20:54,611 - [Process 3/5] - INFO - res.shape is :torch.Size([327])
2024-12-21 14:20:54,793 - [Process 3/5] - INFO - len(per_windows_prompt):1
2024-12-21 14:21:10,767 - [Process 3/5] - INFO - res.shape is :torch.Size([304])
2024-12-21 14:21:11,014 - [Process 3/5] - INFO - len(per_windows_prompt):1
2024-12-21 14:21:20,797 - [Process 3/5] - INFO - res.shape is :torch.Size([149])
2024-12-21 14:21:20,941 - [Process 3/5] - INFO - len(per_windows_prompt):1
2024-12-21 14:21:32,874 - [Process 3/5] - INFO - res.shape is :torch.Size([203])
2024-12-21 14:21:33,029 - [Process 3/5] - INFO - len(per_windows_prompt):1
2024-12-21 14:21:50,799 - [Process 3/5] - INFO - res.shape is :torch.Size([348])
2024-12-21 14:21:50,997 - [Process 3/5] - INFO - len(per_windows_prompt):1
2024-12-21 14:22:02,212 - [Process 3/5] - INFO - res.shape is :torch.Size([185])
2024-12-21 14:22:02,377 - [Process 3/5] - INFO - len(per_windows_prompt):1
2024-12-21 14:22:26,803 - [Process 3/5] - INFO - res.shape is :torch.Size([512])
2024-12-21 14:22:26,946 - [Process 3/5] - INFO - len(per_windows_prompt):1
2024-12-21 14:22:41,738 - [Process 3/5] - INFO - res.shape is :torch.Size([274])
2024-12-21 14:22:41,860 - [Process 3/5] - INFO - len(per_windows_prompt):1
2024-12-21 14:22:54,679 - [Process 3/5] - INFO - res.shape is :torch.Size([225])
2024-12-21 14:22:54,801 - [Process 3/5] - INFO - len(per_windows_prompt):1
2024-12-21 14:23:19,253 - [Process 3/5] - INFO - res.shape is :torch.Size([512])
2024-12-21 14:23:19,389 - [Process 3/5] - INFO - len(per_windows_prompt):1
2024-12-21 14:23:30,419 - [Process 3/5] - INFO - res.shape is :torch.Size([180])
2024-12-21 14:23:30,569 - [Process 3/5] - INFO - len(per_windows_prompt):1
2024-12-21 14:23:44,846 - [Process 3/5] - INFO - res.shape is :torch.Size([261])
2024-12-21 14:23:45,024 - [Process 3/5] - INFO - len(per_windows_prompt):1
2024-12-21 14:24:09,459 - [Process 3/5] - INFO - res.shape is :torch.Size([512])
2024-12-21 14:24:09,598 - [Process 3/5] - INFO - len(per_windows_prompt):1
2024-12-21 14:24:24,841 - [Process 3/5] - INFO - res.shape is :torch.Size([285])
2024-12-21 14:24:24,929 - [Process 3/5] - INFO - len(per_windows_prompt):1
2024-12-21 14:24:37,316 - [Process 3/5] - INFO - res.shape is :torch.Size([262])
2024-12-21 14:24:37,467 - [Process 3/5] - INFO - len(per_windows_prompt):1
2024-12-21 14:24:49,717 - [Process 3/5] - INFO - res.shape is :torch.Size([211])
2024-12-21 14:24:49,837 - [Process 3/5] - INFO - len(per_windows_prompt):1
2024-12-21 14:25:04,169 - [Process 3/5] - INFO - res.shape is :torch.Size([263])
2024-12-21 14:25:04,320 - [Process 3/5] - INFO - len(per_windows_prompt):1
2024-12-21 14:25:20,467 - [Process 3/5] - INFO - res.shape is :torch.Size([308])
2024-12-21 14:25:20,594 - [Process 3/5] - INFO - len(per_windows_prompt):1
