2024-12-21 16:05:59,956 - [Process 1/5] - INFO - loading datasets finished
2024-12-21 16:05:59,957 - [Process 1/5] - INFO - model_max_len: 3950
2024-12-21 16:05:59,957 - [Process 1/5] - INFO - output_max_len: 64
2024-12-21 16:05:59,974 - [Process 1/5] - INFO - Max Length is 8714
2024-12-21 16:05:59,974 - [Process 1/5] - INFO - Finish loading dataset
2024-12-21 16:05:59,975 - [Process 1/5] - INFO - get_predicted begin
2024-12-21 16:06:04,740 - [Process 1/5] - INFO - len(per_windows_prompt):1
2024-12-21 16:06:11,653 - [Process 1/5] - INFO - res.shape is :torch.Size([64])
2024-12-21 16:06:11,800 - [Process 1/5] - INFO - len(per_windows_prompt):1
2024-12-21 16:06:18,154 - [Process 1/5] - INFO - res.shape is :torch.Size([64])
2024-12-21 16:06:18,289 - [Process 1/5] - INFO - len(per_windows_prompt):1
2024-12-21 16:06:24,652 - [Process 1/5] - INFO - res.shape is :torch.Size([64])
2024-12-21 16:06:24,761 - [Process 1/5] - INFO - len(per_windows_prompt):1
2024-12-21 16:06:31,129 - [Process 1/5] - INFO - res.shape is :torch.Size([64])
2024-12-21 16:06:31,260 - [Process 1/5] - INFO - len(per_windows_prompt):1
2024-12-21 16:06:37,630 - [Process 1/5] - INFO - res.shape is :torch.Size([64])
2024-12-21 16:06:37,741 - [Process 1/5] - INFO - len(per_windows_prompt):1
2024-12-21 16:06:44,123 - [Process 1/5] - INFO - res.shape is :torch.Size([64])
2024-12-21 16:06:44,258 - [Process 1/5] - INFO - len(per_windows_prompt):1
2024-12-21 16:06:50,642 - [Process 1/5] - INFO - res.shape is :torch.Size([64])
2024-12-21 16:06:50,777 - [Process 1/5] - INFO - len(per_windows_prompt):1
2024-12-21 16:06:57,165 - [Process 1/5] - INFO - res.shape is :torch.Size([64])
2024-12-21 16:06:57,276 - [Process 1/5] - INFO - len(per_windows_prompt):1
2024-12-21 16:07:03,667 - [Process 1/5] - INFO - res.shape is :torch.Size([64])
2024-12-21 16:07:03,754 - [Process 1/5] - INFO - len(per_windows_prompt):1
2024-12-21 16:07:09,283 - [Process 1/5] - INFO - res.shape is :torch.Size([64])
2024-12-21 16:07:09,396 - [Process 1/5] - INFO - len(per_windows_prompt):1
2024-12-21 16:07:15,788 - [Process 1/5] - INFO - res.shape is :torch.Size([64])
2024-12-21 16:07:15,920 - [Process 1/5] - INFO - len(per_windows_prompt):1
2024-12-21 16:07:22,309 - [Process 1/5] - INFO - res.shape is :torch.Size([64])
2024-12-21 16:07:22,430 - [Process 1/5] - INFO - len(per_windows_prompt):1
2024-12-21 16:07:28,817 - [Process 1/5] - INFO - res.shape is :torch.Size([64])
2024-12-21 16:07:28,954 - [Process 1/5] - INFO - len(per_windows_prompt):1
2024-12-21 16:07:35,350 - [Process 1/5] - INFO - res.shape is :torch.Size([64])
2024-12-21 16:07:35,468 - [Process 1/5] - INFO - len(per_windows_prompt):1
2024-12-21 16:07:41,876 - [Process 1/5] - INFO - res.shape is :torch.Size([64])
2024-12-21 16:07:41,940 - [Process 1/5] - INFO - len(per_windows_prompt):1
2024-12-21 16:07:46,281 - [Process 1/5] - INFO - res.shape is :torch.Size([64])
2024-12-21 16:07:46,403 - [Process 1/5] - INFO - len(per_windows_prompt):1
2024-12-21 16:07:52,815 - [Process 1/5] - INFO - res.shape is :torch.Size([64])
2024-12-21 16:07:52,924 - [Process 1/5] - INFO - len(per_windows_prompt):1
2024-12-21 16:07:59,341 - [Process 1/5] - INFO - res.shape is :torch.Size([64])
2024-12-21 16:07:59,402 - [Process 1/5] - INFO - len(per_windows_prompt):1
2024-12-21 16:08:03,693 - [Process 1/5] - INFO - res.shape is :torch.Size([64])
2024-12-21 16:08:03,832 - [Process 1/5] - INFO - len(per_windows_prompt):1
2024-12-21 16:08:10,249 - [Process 1/5] - INFO - res.shape is :torch.Size([64])
2024-12-21 16:08:10,339 - [Process 1/5] - INFO - len(per_windows_prompt):1
2024-12-21 16:08:16,000 - [Process 1/5] - INFO - res.shape is :torch.Size([64])
2024-12-21 16:08:16,088 - [Process 1/5] - INFO - len(per_windows_prompt):1
2024-12-21 16:08:21,460 - [Process 1/5] - INFO - res.shape is :torch.Size([64])
2024-12-21 16:08:21,604 - [Process 1/5] - INFO - len(per_windows_prompt):1
2024-12-21 16:08:28,021 - [Process 1/5] - INFO - res.shape is :torch.Size([64])
2024-12-21 16:08:28,106 - [Process 1/5] - INFO - len(per_windows_prompt):1
2024-12-21 16:08:33,634 - [Process 1/5] - INFO - res.shape is :torch.Size([64])
2024-12-21 16:08:33,777 - [Process 1/5] - INFO - len(per_windows_prompt):1
2024-12-21 16:08:40,186 - [Process 1/5] - INFO - res.shape is :torch.Size([64])
2024-12-21 16:08:40,250 - [Process 1/5] - INFO - len(per_windows_prompt):1
2024-12-21 16:08:44,607 - [Process 1/5] - INFO - res.shape is :torch.Size([64])
2024-12-21 16:08:44,720 - [Process 1/5] - INFO - len(per_windows_prompt):1
2024-12-21 16:08:51,135 - [Process 1/5] - INFO - res.shape is :torch.Size([64])
2024-12-21 16:08:51,265 - [Process 1/5] - INFO - len(per_windows_prompt):1
2024-12-21 16:08:57,688 - [Process 1/5] - INFO - res.shape is :torch.Size([64])
2024-12-21 16:08:57,798 - [Process 1/5] - INFO - len(per_windows_prompt):1
2024-12-21 16:09:04,218 - [Process 1/5] - INFO - res.shape is :torch.Size([64])
2024-12-21 16:09:04,337 - [Process 1/5] - INFO - len(per_windows_prompt):1
2024-12-21 16:09:10,756 - [Process 1/5] - INFO - res.shape is :torch.Size([64])
2024-12-21 16:09:10,892 - [Process 1/5] - INFO - len(per_windows_prompt):1
2024-12-21 16:09:17,306 - [Process 1/5] - INFO - res.shape is :torch.Size([64])
2024-12-21 16:09:17,447 - [Process 1/5] - INFO - len(per_windows_prompt):1
2024-12-21 16:09:23,864 - [Process 1/5] - INFO - res.shape is :torch.Size([64])
2024-12-21 16:09:23,986 - [Process 1/5] - INFO - len(per_windows_prompt):1
2024-12-21 16:09:30,406 - [Process 1/5] - INFO - res.shape is :torch.Size([64])
2024-12-21 16:09:30,545 - [Process 1/5] - INFO - len(per_windows_prompt):1
2024-12-21 16:09:36,965 - [Process 1/5] - INFO - res.shape is :torch.Size([64])
2024-12-21 16:09:37,059 - [Process 1/5] - INFO - len(per_windows_prompt):1
2024-12-21 16:09:43,039 - [Process 1/5] - INFO - res.shape is :torch.Size([64])
2024-12-21 16:09:43,149 - [Process 1/5] - INFO - len(per_windows_prompt):1
2024-12-21 16:09:49,569 - [Process 1/5] - INFO - res.shape is :torch.Size([64])
2024-12-21 16:09:49,712 - [Process 1/5] - INFO - len(per_windows_prompt):1
2024-12-21 16:09:56,130 - [Process 1/5] - INFO - res.shape is :torch.Size([64])
2024-12-21 16:09:56,274 - [Process 1/5] - INFO - len(per_windows_prompt):1
2024-12-21 16:10:02,693 - [Process 1/5] - INFO - res.shape is :torch.Size([64])
2024-12-21 16:10:02,806 - [Process 1/5] - INFO - len(per_windows_prompt):1
2024-12-21 16:10:09,222 - [Process 1/5] - INFO - res.shape is :torch.Size([64])
2024-12-21 16:10:09,347 - [Process 1/5] - INFO - len(per_windows_prompt):1
2024-12-21 16:10:15,763 - [Process 1/5] - INFO - res.shape is :torch.Size([64])
