2024-12-21 16:28:31,435 - [Process 0/5] - INFO - loading datasets finished
2024-12-21 16:28:31,435 - [Process 0/5] - INFO - model_max_len: 3950
2024-12-21 16:28:31,435 - [Process 0/5] - INFO - output_max_len: 512
2024-12-21 16:28:31,466 - [Process 0/5] - INFO - Max Length is 24585
2024-12-21 16:28:31,466 - [Process 0/5] - INFO - Finish loading dataset
2024-12-21 16:28:31,466 - [Process 0/5] - INFO - get_predicted begin
2024-12-21 16:28:36,203 - [Process 0/5] - INFO - len(per_windows_prompt):1
2024-12-21 16:28:43,515 - [Process 0/5] - INFO - res.shape is :torch.Size([74])
2024-12-21 16:28:43,655 - [Process 0/5] - INFO - len(per_windows_prompt):1
2024-12-21 16:28:49,750 - [Process 0/5] - INFO - res.shape is :torch.Size([58])
2024-12-21 16:28:49,910 - [Process 0/5] - INFO - len(per_windows_prompt):1
2024-12-21 16:28:57,357 - [Process 0/5] - INFO - res.shape is :torch.Size([92])
2024-12-21 16:28:57,514 - [Process 0/5] - INFO - len(per_windows_prompt):1
2024-12-21 16:29:03,936 - [Process 0/5] - INFO - res.shape is :torch.Size([66])
2024-12-21 16:29:04,093 - [Process 0/5] - INFO - len(per_windows_prompt):1
2024-12-21 16:29:10,276 - [Process 0/5] - INFO - res.shape is :torch.Size([60])
2024-12-21 16:29:10,398 - [Process 0/5] - INFO - len(per_windows_prompt):1
2024-12-21 16:29:15,266 - [Process 0/5] - INFO - res.shape is :torch.Size([27])
2024-12-21 16:29:15,436 - [Process 0/5] - INFO - len(per_windows_prompt):1
2024-12-21 16:29:20,790 - [Process 0/5] - INFO - res.shape is :torch.Size([39])
2024-12-21 16:29:20,955 - [Process 0/5] - INFO - len(per_windows_prompt):1
2024-12-21 16:29:25,318 - [Process 0/5] - INFO - res.shape is :torch.Size([14])
2024-12-21 16:29:25,433 - [Process 0/5] - INFO - len(per_windows_prompt):1
2024-12-21 16:29:31,718 - [Process 0/5] - INFO - res.shape is :torch.Size([62])
2024-12-21 16:29:31,855 - [Process 0/5] - INFO - len(per_windows_prompt):1
2024-12-21 16:29:36,263 - [Process 0/5] - INFO - res.shape is :torch.Size([15])
2024-12-21 16:29:36,416 - [Process 0/5] - INFO - len(per_windows_prompt):1
2024-12-21 16:29:42,176 - [Process 0/5] - INFO - res.shape is :torch.Size([49])
2024-12-21 16:29:42,313 - [Process 0/5] - INFO - len(per_windows_prompt):1
2024-12-21 16:29:48,718 - [Process 0/5] - INFO - res.shape is :torch.Size([65])
2024-12-21 16:29:48,889 - [Process 0/5] - INFO - len(per_windows_prompt):1
2024-12-21 16:29:54,850 - [Process 0/5] - INFO - res.shape is :torch.Size([54])
2024-12-21 16:29:55,008 - [Process 0/5] - INFO - len(per_windows_prompt):1
2024-12-21 16:30:00,374 - [Process 0/5] - INFO - res.shape is :torch.Size([39])
2024-12-21 16:30:00,509 - [Process 0/5] - INFO - len(per_windows_prompt):1
2024-12-21 16:30:08,392 - [Process 0/5] - INFO - res.shape is :torch.Size([102])
2024-12-21 16:30:08,548 - [Process 0/5] - INFO - len(per_windows_prompt):1
2024-12-21 16:30:13,116 - [Process 0/5] - INFO - res.shape is :torch.Size([19])
2024-12-21 16:30:13,239 - [Process 0/5] - INFO - len(per_windows_prompt):1
2024-12-21 16:30:19,010 - [Process 0/5] - INFO - res.shape is :torch.Size([49])
2024-12-21 16:30:19,169 - [Process 0/5] - INFO - len(per_windows_prompt):1
2024-12-21 16:30:23,945 - [Process 0/5] - INFO - res.shape is :torch.Size([24])
2024-12-21 16:30:24,125 - [Process 0/5] - INFO - len(per_windows_prompt):1
2024-12-21 16:30:31,109 - [Process 0/5] - INFO - res.shape is :torch.Size([79])
2024-12-21 16:30:31,310 - [Process 0/5] - INFO - len(per_windows_prompt):1
2024-12-21 16:30:38,193 - [Process 0/5] - INFO - res.shape is :torch.Size([77])
2024-12-21 16:30:38,352 - [Process 0/5] - INFO - len(per_windows_prompt):1
2024-12-21 16:30:44,761 - [Process 0/5] - INFO - res.shape is :torch.Size([65])
2024-12-21 16:30:44,907 - [Process 0/5] - INFO - len(per_windows_prompt):1
2024-12-21 16:30:50,639 - [Process 0/5] - INFO - res.shape is :torch.Size([48])
2024-12-21 16:30:50,787 - [Process 0/5] - INFO - len(per_windows_prompt):1
2024-12-21 16:30:57,088 - [Process 0/5] - INFO - res.shape is :torch.Size([62])
2024-12-21 16:30:57,228 - [Process 0/5] - INFO - len(per_windows_prompt):1
2024-12-21 16:31:02,920 - [Process 0/5] - INFO - res.shape is :torch.Size([47])
2024-12-21 16:31:03,070 - [Process 0/5] - INFO - len(per_windows_prompt):1
2024-12-21 16:31:10,324 - [Process 0/5] - INFO - res.shape is :torch.Size([86])
2024-12-21 16:31:10,470 - [Process 0/5] - INFO - len(per_windows_prompt):1
2024-12-21 16:31:16,438 - [Process 0/5] - INFO - res.shape is :torch.Size([54])
2024-12-21 16:31:16,564 - [Process 0/5] - INFO - len(per_windows_prompt):1
2024-12-21 16:31:21,658 - [Process 0/5] - INFO - res.shape is :torch.Size([32])
2024-12-21 16:31:21,880 - [Process 0/5] - INFO - len(per_windows_prompt):1
2024-12-21 16:31:29,142 - [Process 0/5] - INFO - res.shape is :torch.Size([86])
2024-12-21 16:31:29,301 - [Process 0/5] - INFO - len(per_windows_prompt):1
2024-12-21 16:31:36,680 - [Process 0/5] - INFO - res.shape is :torch.Size([89])
2024-12-21 16:31:36,818 - [Process 0/5] - INFO - len(per_windows_prompt):1
2024-12-21 16:31:43,117 - [Process 0/5] - INFO - res.shape is :torch.Size([62])
2024-12-21 16:31:43,318 - [Process 0/5] - INFO - len(per_windows_prompt):1
2024-12-21 16:31:59,034 - [Process 0/5] - INFO - res.shape is :torch.Size([284])
2024-12-21 16:31:59,214 - [Process 0/5] - INFO - len(per_windows_prompt):1
2024-12-21 16:32:07,677 - [Process 0/5] - INFO - res.shape is :torch.Size([116])
2024-12-21 16:32:07,861 - [Process 0/5] - INFO - len(per_windows_prompt):1
2024-12-21 16:32:13,713 - [Process 0/5] - INFO - res.shape is :torch.Size([51])
2024-12-21 16:32:13,872 - [Process 0/5] - INFO - len(per_windows_prompt):1
2024-12-21 16:32:22,732 - [Process 0/5] - INFO - res.shape is :torch.Size([126])
2024-12-21 16:32:22,906 - [Process 0/5] - INFO - len(per_windows_prompt):1
2024-12-21 16:32:31,415 - [Process 0/5] - INFO - res.shape is :torch.Size([117])
2024-12-21 16:32:31,556 - [Process 0/5] - INFO - len(per_windows_prompt):1
2024-12-21 16:32:38,853 - [Process 0/5] - INFO - res.shape is :torch.Size([87])
2024-12-21 16:32:38,997 - [Process 0/5] - INFO - len(per_windows_prompt):1
2024-12-21 16:32:45,298 - [Process 0/5] - INFO - res.shape is :torch.Size([62])
2024-12-21 16:32:45,460 - [Process 0/5] - INFO - len(per_windows_prompt):1
2024-12-21 16:32:52,687 - [Process 0/5] - INFO - res.shape is :torch.Size([85])
2024-12-21 16:32:52,825 - [Process 0/5] - INFO - len(per_windows_prompt):1
2024-12-21 16:32:57,680 - [Process 0/5] - INFO - res.shape is :torch.Size([26])
2024-12-21 16:32:57,850 - [Process 0/5] - INFO - len(per_windows_prompt):1
2024-12-21 16:33:05,099 - [Process 0/5] - INFO - res.shape is :torch.Size([86])
