2024-12-21 13:09:32,565 - [Process 4/5] - INFO - loading datasets finished
2024-12-21 13:09:32,566 - [Process 4/5] - INFO - model_max_len: 3950
2024-12-21 13:09:32,566 - [Process 4/5] - INFO - output_max_len: 32
2024-12-21 13:09:32,623 - [Process 4/5] - INFO - Max Length is 17355
2024-12-21 13:09:32,623 - [Process 4/5] - INFO - Finish loading dataset
2024-12-21 13:09:32,624 - [Process 4/5] - INFO - get_predicted begin
2024-12-21 13:09:37,449 - [Process 4/5] - INFO - len(per_windows_prompt):1
2024-12-21 13:09:42,300 - [Process 4/5] - INFO - res.shape is :torch.Size([7])
2024-12-21 13:09:42,583 - [Process 4/5] - INFO - len(per_windows_prompt):1
2024-12-21 13:09:46,562 - [Process 4/5] - INFO - res.shape is :torch.Size([4])
2024-12-21 13:09:46,853 - [Process 4/5] - INFO - len(per_windows_prompt):1
2024-12-21 13:09:50,893 - [Process 4/5] - INFO - res.shape is :torch.Size([5])
2024-12-21 13:09:51,181 - [Process 4/5] - INFO - len(per_windows_prompt):1
2024-12-21 13:09:56,119 - [Process 4/5] - INFO - res.shape is :torch.Size([26])
2024-12-21 13:09:56,399 - [Process 4/5] - INFO - len(per_windows_prompt):1
2024-12-21 13:10:00,441 - [Process 4/5] - INFO - res.shape is :torch.Size([5])
2024-12-21 13:10:00,707 - [Process 4/5] - INFO - len(per_windows_prompt):1
2024-12-21 13:10:04,722 - [Process 4/5] - INFO - res.shape is :torch.Size([4])
2024-12-21 13:10:04,984 - [Process 4/5] - INFO - len(per_windows_prompt):1
2024-12-21 13:10:10,205 - [Process 4/5] - INFO - res.shape is :torch.Size([32])
2024-12-21 13:10:10,474 - [Process 4/5] - INFO - len(per_windows_prompt):1
2024-12-21 13:10:14,692 - [Process 4/5] - INFO - res.shape is :torch.Size([9])
2024-12-21 13:10:14,967 - [Process 4/5] - INFO - len(per_windows_prompt):1
2024-12-21 13:10:19,351 - [Process 4/5] - INFO - res.shape is :torch.Size([12])
2024-12-21 13:10:19,661 - [Process 4/5] - INFO - len(per_windows_prompt):1
2024-12-21 13:10:23,642 - [Process 4/5] - INFO - res.shape is :torch.Size([3])
2024-12-21 13:10:23,918 - [Process 4/5] - INFO - len(per_windows_prompt):1
2024-12-21 13:10:27,983 - [Process 4/5] - INFO - res.shape is :torch.Size([5])
2024-12-21 13:10:28,289 - [Process 4/5] - INFO - len(per_windows_prompt):1
2024-12-21 13:10:32,361 - [Process 4/5] - INFO - res.shape is :torch.Size([5])
2024-12-21 13:10:32,664 - [Process 4/5] - INFO - len(per_windows_prompt):1
2024-12-21 13:10:36,689 - [Process 4/5] - INFO - res.shape is :torch.Size([4])
2024-12-21 13:10:36,962 - [Process 4/5] - INFO - len(per_windows_prompt):1
2024-12-21 13:10:41,856 - [Process 4/5] - INFO - res.shape is :torch.Size([24])
2024-12-21 13:10:42,128 - [Process 4/5] - INFO - len(per_windows_prompt):1
2024-12-21 13:10:46,980 - [Process 4/5] - INFO - res.shape is :torch.Size([23])
2024-12-21 13:10:47,258 - [Process 4/5] - INFO - len(per_windows_prompt):1
2024-12-21 13:10:51,395 - [Process 4/5] - INFO - res.shape is :torch.Size([6])
2024-12-21 13:10:51,703 - [Process 4/5] - INFO - len(per_windows_prompt):1
2024-12-21 13:10:55,793 - [Process 4/5] - INFO - res.shape is :torch.Size([5])
2024-12-21 13:10:56,100 - [Process 4/5] - INFO - len(per_windows_prompt):1
2024-12-21 13:11:00,277 - [Process 4/5] - INFO - res.shape is :torch.Size([7])
2024-12-21 13:11:00,559 - [Process 4/5] - INFO - len(per_windows_prompt):1
2024-12-21 13:11:05,791 - [Process 4/5] - INFO - res.shape is :torch.Size([32])
2024-12-21 13:11:06,096 - [Process 4/5] - INFO - len(per_windows_prompt):1
2024-12-21 13:11:10,154 - [Process 4/5] - INFO - res.shape is :torch.Size([4])
2024-12-21 13:11:10,451 - [Process 4/5] - INFO - len(per_windows_prompt):1
2024-12-21 13:11:14,716 - [Process 4/5] - INFO - res.shape is :torch.Size([9])
2024-12-21 13:11:14,985 - [Process 4/5] - INFO - len(per_windows_prompt):1
2024-12-21 13:11:20,245 - [Process 4/5] - INFO - res.shape is :torch.Size([32])
2024-12-21 13:11:20,533 - [Process 4/5] - INFO - len(per_windows_prompt):1
2024-12-21 13:11:25,781 - [Process 4/5] - INFO - res.shape is :torch.Size([32])
2024-12-21 13:11:26,063 - [Process 4/5] - INFO - len(per_windows_prompt):1
2024-12-21 13:11:30,165 - [Process 4/5] - INFO - res.shape is :torch.Size([5])
2024-12-21 13:11:30,447 - [Process 4/5] - INFO - len(per_windows_prompt):1
2024-12-21 13:11:34,842 - [Process 4/5] - INFO - res.shape is :torch.Size([12])
2024-12-21 13:11:35,121 - [Process 4/5] - INFO - len(per_windows_prompt):1
2024-12-21 13:11:39,225 - [Process 4/5] - INFO - res.shape is :torch.Size([5])
2024-12-21 13:11:39,507 - [Process 4/5] - INFO - len(per_windows_prompt):1
2024-12-21 13:11:44,073 - [Process 4/5] - INFO - res.shape is :torch.Size([16])
2024-12-21 13:11:44,345 - [Process 4/5] - INFO - len(per_windows_prompt):1
2024-12-21 13:11:48,786 - [Process 4/5] - INFO - res.shape is :torch.Size([13])
2024-12-21 13:11:49,074 - [Process 4/5] - INFO - len(per_windows_prompt):1
2024-12-21 13:11:53,432 - [Process 4/5] - INFO - res.shape is :torch.Size([11])
2024-12-21 13:11:53,708 - [Process 4/5] - INFO - len(per_windows_prompt):1
2024-12-21 13:11:57,898 - [Process 4/5] - INFO - res.shape is :torch.Size([7])
2024-12-21 13:11:58,147 - [Process 4/5] - INFO - len(per_windows_prompt):1
2024-12-21 13:12:03,050 - [Process 4/5] - INFO - res.shape is :torch.Size([24])
2024-12-21 13:12:03,253 - [Process 4/5] - INFO - len(per_windows_prompt):1
2024-12-21 13:12:07,313 - [Process 4/5] - INFO - res.shape is :torch.Size([4])
2024-12-21 13:12:07,587 - [Process 4/5] - INFO - len(per_windows_prompt):1
2024-12-21 13:12:12,829 - [Process 4/5] - INFO - res.shape is :torch.Size([32])
2024-12-21 13:12:13,102 - [Process 4/5] - INFO - len(per_windows_prompt):1
2024-12-21 13:12:17,591 - [Process 4/5] - INFO - res.shape is :torch.Size([14])
2024-12-21 13:12:17,875 - [Process 4/5] - INFO - len(per_windows_prompt):1
2024-12-21 13:12:23,077 - [Process 4/5] - INFO - res.shape is :torch.Size([31])
2024-12-21 13:12:23,353 - [Process 4/5] - INFO - len(per_windows_prompt):1
2024-12-21 13:12:27,420 - [Process 4/5] - INFO - res.shape is :torch.Size([4])
2024-12-21 13:12:27,699 - [Process 4/5] - INFO - len(per_windows_prompt):1
2024-12-21 13:12:32,186 - [Process 4/5] - INFO - res.shape is :torch.Size([14])
2024-12-21 13:12:32,456 - [Process 4/5] - INFO - len(per_windows_prompt):1
2024-12-21 13:12:37,702 - [Process 4/5] - INFO - res.shape is :torch.Size([32])
2024-12-21 13:12:37,982 - [Process 4/5] - INFO - len(per_windows_prompt):1
2024-12-21 13:12:42,218 - [Process 4/5] - INFO - res.shape is :torch.Size([8])
2024-12-21 13:12:42,497 - [Process 4/5] - INFO - len(per_windows_prompt):1
2024-12-21 13:12:47,396 - [Process 4/5] - INFO - res.shape is :torch.Size([24])
