2024-12-21 17:20:39,540 - [Process 4/5] - INFO - loading datasets finished
2024-12-21 17:20:39,541 - [Process 4/5] - INFO - model_max_len: 3950
2024-12-21 17:20:39,541 - [Process 4/5] - INFO - output_max_len: 512
2024-12-21 17:20:39,559 - [Process 4/5] - INFO - Max Length is 10933
2024-12-21 17:20:39,559 - [Process 4/5] - INFO - Finish loading dataset
2024-12-21 17:20:39,560 - [Process 4/5] - INFO - get_predicted begin
2024-12-21 17:20:44,332 - [Process 4/5] - INFO - len(per_windows_prompt):1
2024-12-21 17:20:59,309 - [Process 4/5] - INFO - res.shape is :torch.Size([270])
2024-12-21 17:20:59,439 - [Process 4/5] - INFO - len(per_windows_prompt):1
2024-12-21 17:21:18,826 - [Process 4/5] - INFO - res.shape is :torch.Size([383])
2024-12-21 17:21:18,964 - [Process 4/5] - INFO - len(per_windows_prompt):1
2024-12-21 17:21:29,245 - [Process 4/5] - INFO - res.shape is :torch.Size([170])
2024-12-21 17:21:29,442 - [Process 4/5] - INFO - len(per_windows_prompt):1
2024-12-21 17:21:58,167 - [Process 4/5] - INFO - res.shape is :torch.Size([512])
2024-12-21 17:21:58,241 - [Process 4/5] - INFO - len(per_windows_prompt):1
2024-12-21 17:22:05,279 - [Process 4/5] - INFO - res.shape is :torch.Size([134])
2024-12-21 17:22:05,431 - [Process 4/5] - INFO - len(per_windows_prompt):1
2024-12-21 17:22:19,848 - [Process 4/5] - INFO - res.shape is :torch.Size([258])
2024-12-21 17:22:19,944 - [Process 4/5] - INFO - len(per_windows_prompt):1
2024-12-21 17:22:29,605 - [Process 4/5] - INFO - res.shape is :torch.Size([183])
2024-12-21 17:22:29,689 - [Process 4/5] - INFO - len(per_windows_prompt):1
2024-12-21 17:22:45,671 - [Process 4/5] - INFO - res.shape is :torch.Size([334])
2024-12-21 17:22:45,760 - [Process 4/5] - INFO - len(per_windows_prompt):1
2024-12-21 17:23:02,548 - [Process 4/5] - INFO - res.shape is :torch.Size([352])
2024-12-21 17:23:02,604 - [Process 4/5] - INFO - len(per_windows_prompt):1
2024-12-21 17:23:10,944 - [Process 4/5] - INFO - res.shape is :torch.Size([184])
2024-12-21 17:23:11,044 - [Process 4/5] - INFO - len(per_windows_prompt):1
2024-12-21 17:23:24,105 - [Process 4/5] - INFO - res.shape is :torch.Size([252])
2024-12-21 17:23:24,280 - [Process 4/5] - INFO - len(per_windows_prompt):1
2024-12-21 17:23:35,692 - [Process 4/5] - INFO - res.shape is :torch.Size([190])
2024-12-21 17:23:35,764 - [Process 4/5] - INFO - len(per_windows_prompt):1
2024-12-21 17:23:44,627 - [Process 4/5] - INFO - res.shape is :torch.Size([172])
2024-12-21 17:23:44,754 - [Process 4/5] - INFO - len(per_windows_prompt):1
2024-12-21 17:23:58,015 - [Process 4/5] - INFO - res.shape is :torch.Size([247])
2024-12-21 17:23:58,127 - [Process 4/5] - INFO - len(per_windows_prompt):1
2024-12-21 17:24:12,822 - [Process 4/5] - INFO - res.shape is :torch.Size([299])
2024-12-21 17:24:12,938 - [Process 4/5] - INFO - len(per_windows_prompt):1
2024-12-21 17:24:37,886 - [Process 4/5] - INFO - res.shape is :torch.Size([512])
2024-12-21 17:24:37,991 - [Process 4/5] - INFO - len(per_windows_prompt):1
2024-12-21 17:24:50,036 - [Process 4/5] - INFO - res.shape is :torch.Size([248])
2024-12-21 17:24:50,136 - [Process 4/5] - INFO - len(per_windows_prompt):1
2024-12-21 17:25:04,460 - [Process 4/5] - INFO - res.shape is :torch.Size([284])
2024-12-21 17:25:04,597 - [Process 4/5] - INFO - len(per_windows_prompt):1
2024-12-21 17:25:19,530 - [Process 4/5] - INFO - res.shape is :torch.Size([268])
2024-12-21 17:25:19,629 - [Process 4/5] - INFO - len(per_windows_prompt):1
2024-12-21 17:25:29,163 - [Process 4/5] - INFO - res.shape is :torch.Size([183])
2024-12-21 17:25:29,360 - [Process 4/5] - INFO - len(per_windows_prompt):1
2024-12-21 17:25:56,550 - [Process 4/5] - INFO - res.shape is :torch.Size([512])
2024-12-21 17:25:56,676 - [Process 4/5] - INFO - len(per_windows_prompt):1
2024-12-21 17:26:08,252 - [Process 4/5] - INFO - res.shape is :torch.Size([224])
2024-12-21 17:26:08,354 - [Process 4/5] - INFO - len(per_windows_prompt):1
2024-12-21 17:26:21,870 - [Process 4/5] - INFO - res.shape is :torch.Size([265])
2024-12-21 17:26:22,065 - [Process 4/5] - INFO - len(per_windows_prompt):1
2024-12-21 17:26:34,854 - [Process 4/5] - INFO - res.shape is :torch.Size([217])
2024-12-21 17:26:34,947 - [Process 4/5] - INFO - len(per_windows_prompt):1
2024-12-21 17:26:44,144 - [Process 4/5] - INFO - res.shape is :torch.Size([156])
2024-12-21 17:26:44,261 - [Process 4/5] - INFO - len(per_windows_prompt):1
2024-12-21 17:27:10,035 - [Process 4/5] - INFO - res.shape is :torch.Size([512])
2024-12-21 17:27:10,136 - [Process 4/5] - INFO - len(per_windows_prompt):1
2024-12-21 17:27:30,173 - [Process 4/5] - INFO - res.shape is :torch.Size([413])
2024-12-21 17:27:30,243 - [Process 4/5] - INFO - len(per_windows_prompt):1
2024-12-21 17:27:39,864 - [Process 4/5] - INFO - res.shape is :torch.Size([214])
2024-12-21 17:27:39,949 - [Process 4/5] - INFO - len(per_windows_prompt):1
2024-12-21 17:28:02,448 - [Process 4/5] - INFO - res.shape is :torch.Size([512])
2024-12-21 17:28:02,597 - [Process 4/5] - INFO - len(per_windows_prompt):1
2024-12-21 17:28:11,048 - [Process 4/5] - INFO - res.shape is :torch.Size([136])
2024-12-21 17:28:11,134 - [Process 4/5] - INFO - len(per_windows_prompt):1
2024-12-21 17:28:21,357 - [Process 4/5] - INFO - res.shape is :torch.Size([192])
2024-12-21 17:28:21,516 - [Process 4/5] - INFO - len(per_windows_prompt):1
2024-12-21 17:28:47,051 - [Process 4/5] - INFO - res.shape is :torch.Size([512])
2024-12-21 17:28:47,172 - [Process 4/5] - INFO - len(per_windows_prompt):1
2024-12-21 17:29:06,684 - [Process 4/5] - INFO - res.shape is :torch.Size([414])
2024-12-21 17:29:06,740 - [Process 4/5] - INFO - len(per_windows_prompt):1
2024-12-21 17:29:18,339 - [Process 4/5] - INFO - res.shape is :torch.Size([241])
2024-12-21 17:29:18,493 - [Process 4/5] - INFO - len(per_windows_prompt):1
2024-12-21 17:29:29,302 - [Process 4/5] - INFO - res.shape is :torch.Size([180])
2024-12-21 17:29:29,405 - [Process 4/5] - INFO - len(per_windows_prompt):1
2024-12-21 17:29:43,527 - [Process 4/5] - INFO - res.shape is :torch.Size([282])
2024-12-21 17:29:43,587 - [Process 4/5] - INFO - len(per_windows_prompt):1
2024-12-21 17:29:54,030 - [Process 4/5] - INFO - res.shape is :torch.Size([209])
2024-12-21 17:29:54,210 - [Process 4/5] - INFO - len(per_windows_prompt):1
2024-12-21 17:30:03,385 - [Process 4/5] - INFO - res.shape is :torch.Size([128])
2024-12-21 17:30:03,585 - [Process 4/5] - INFO - len(per_windows_prompt):1
2024-12-21 17:30:30,688 - [Process 4/5] - INFO - res.shape is :torch.Size([512])
2024-12-21 17:30:30,731 - [Process 4/5] - INFO - len(per_windows_prompt):1
2024-12-21 17:30:38,584 - [Process 4/5] - INFO - res.shape is :torch.Size([167])
