2024-12-21 13:45:40,946 - [Process 4/5] - INFO - loading datasets finished
2024-12-21 13:45:40,947 - [Process 4/5] - INFO - model_max_len: 3950
2024-12-21 13:45:40,947 - [Process 4/5] - INFO - output_max_len: 128
2024-12-21 13:45:41,019 - [Process 4/5] - INFO - Max Length is 12252
2024-12-21 13:45:41,020 - [Process 4/5] - INFO - Finish loading dataset
2024-12-21 13:45:41,020 - [Process 4/5] - INFO - get_predicted begin
2024-12-21 13:45:45,804 - [Process 4/5] - INFO - len(per_windows_prompt):1
2024-12-21 13:45:56,169 - [Process 4/5] - INFO - res.shape is :torch.Size([128])
2024-12-21 13:45:56,378 - [Process 4/5] - INFO - len(per_windows_prompt):1
2024-12-21 13:46:05,863 - [Process 4/5] - INFO - res.shape is :torch.Size([128])
2024-12-21 13:46:06,102 - [Process 4/5] - INFO - len(per_windows_prompt):1
2024-12-21 13:46:15,598 - [Process 4/5] - INFO - res.shape is :torch.Size([128])
2024-12-21 13:46:15,807 - [Process 4/5] - INFO - len(per_windows_prompt):1
2024-12-21 13:46:25,311 - [Process 4/5] - INFO - res.shape is :torch.Size([128])
2024-12-21 13:46:25,566 - [Process 4/5] - INFO - len(per_windows_prompt):1
2024-12-21 13:46:35,069 - [Process 4/5] - INFO - res.shape is :torch.Size([128])
2024-12-21 13:46:35,232 - [Process 4/5] - INFO - len(per_windows_prompt):1
2024-12-21 13:46:44,317 - [Process 4/5] - INFO - res.shape is :torch.Size([128])
2024-12-21 13:46:44,581 - [Process 4/5] - INFO - len(per_windows_prompt):1
2024-12-21 13:46:54,012 - [Process 4/5] - INFO - res.shape is :torch.Size([128])
2024-12-21 13:46:54,243 - [Process 4/5] - INFO - len(per_windows_prompt):1
2024-12-21 13:47:03,765 - [Process 4/5] - INFO - res.shape is :torch.Size([128])
2024-12-21 13:47:03,976 - [Process 4/5] - INFO - len(per_windows_prompt):1
2024-12-21 13:47:13,344 - [Process 4/5] - INFO - res.shape is :torch.Size([128])
2024-12-21 13:47:13,588 - [Process 4/5] - INFO - len(per_windows_prompt):1
2024-12-21 13:47:22,958 - [Process 4/5] - INFO - res.shape is :torch.Size([128])
2024-12-21 13:47:23,233 - [Process 4/5] - INFO - len(per_windows_prompt):1
2024-12-21 13:47:32,602 - [Process 4/5] - INFO - res.shape is :torch.Size([128])
2024-12-21 13:47:32,773 - [Process 4/5] - INFO - len(per_windows_prompt):1
2024-12-21 13:47:41,660 - [Process 4/5] - INFO - res.shape is :torch.Size([128])
2024-12-21 13:47:41,907 - [Process 4/5] - INFO - len(per_windows_prompt):1
2024-12-21 13:47:51,275 - [Process 4/5] - INFO - res.shape is :torch.Size([128])
2024-12-21 13:47:51,554 - [Process 4/5] - INFO - len(per_windows_prompt):1
2024-12-21 13:48:00,928 - [Process 4/5] - INFO - res.shape is :torch.Size([128])
2024-12-21 13:48:01,141 - [Process 4/5] - INFO - len(per_windows_prompt):1
2024-12-21 13:48:10,511 - [Process 4/5] - INFO - res.shape is :torch.Size([128])
2024-12-21 13:48:10,710 - [Process 4/5] - INFO - len(per_windows_prompt):1
2024-12-21 13:48:20,073 - [Process 4/5] - INFO - res.shape is :torch.Size([128])
2024-12-21 13:48:20,334 - [Process 4/5] - INFO - len(per_windows_prompt):1
2024-12-21 13:48:29,832 - [Process 4/5] - INFO - res.shape is :torch.Size([128])
2024-12-21 13:48:30,042 - [Process 4/5] - INFO - len(per_windows_prompt):1
2024-12-21 13:48:39,520 - [Process 4/5] - INFO - res.shape is :torch.Size([128])
2024-12-21 13:48:39,806 - [Process 4/5] - INFO - len(per_windows_prompt):1
2024-12-21 13:48:49,287 - [Process 4/5] - INFO - res.shape is :torch.Size([128])
2024-12-21 13:48:49,488 - [Process 4/5] - INFO - len(per_windows_prompt):1
2024-12-21 13:48:58,971 - [Process 4/5] - INFO - res.shape is :torch.Size([128])
2024-12-21 13:48:59,243 - [Process 4/5] - INFO - len(per_windows_prompt):1
2024-12-21 13:49:08,738 - [Process 4/5] - INFO - res.shape is :torch.Size([128])
2024-12-21 13:49:08,937 - [Process 4/5] - INFO - len(per_windows_prompt):1
2024-12-21 13:49:18,430 - [Process 4/5] - INFO - res.shape is :torch.Size([128])
2024-12-21 13:49:18,682 - [Process 4/5] - INFO - len(per_windows_prompt):1
2024-12-21 13:49:28,174 - [Process 4/5] - INFO - res.shape is :torch.Size([128])
2024-12-21 13:49:28,386 - [Process 4/5] - INFO - len(per_windows_prompt):1
2024-12-21 13:49:37,880 - [Process 4/5] - INFO - res.shape is :torch.Size([128])
2024-12-21 13:49:38,077 - [Process 4/5] - INFO - len(per_windows_prompt):1
2024-12-21 13:49:47,570 - [Process 4/5] - INFO - res.shape is :torch.Size([128])
2024-12-21 13:49:47,823 - [Process 4/5] - INFO - len(per_windows_prompt):1
2024-12-21 13:49:57,431 - [Process 4/5] - INFO - res.shape is :torch.Size([128])
2024-12-21 13:49:57,710 - [Process 4/5] - INFO - len(per_windows_prompt):1
2024-12-21 13:50:07,319 - [Process 4/5] - INFO - res.shape is :torch.Size([128])
2024-12-21 13:50:07,549 - [Process 4/5] - INFO - len(per_windows_prompt):1
2024-12-21 13:50:17,166 - [Process 4/5] - INFO - res.shape is :torch.Size([128])
2024-12-21 13:50:17,371 - [Process 4/5] - INFO - len(per_windows_prompt):1
2024-12-21 13:50:26,931 - [Process 4/5] - INFO - res.shape is :torch.Size([128])
2024-12-21 13:50:27,169 - [Process 4/5] - INFO - len(per_windows_prompt):1
2024-12-21 13:50:36,734 - [Process 4/5] - INFO - res.shape is :torch.Size([128])
2024-12-21 13:50:36,927 - [Process 4/5] - INFO - len(per_windows_prompt):1
2024-12-21 13:50:46,483 - [Process 4/5] - INFO - res.shape is :torch.Size([128])
2024-12-21 13:50:46,737 - [Process 4/5] - INFO - len(per_windows_prompt):1
2024-12-21 13:50:56,269 - [Process 4/5] - INFO - res.shape is :torch.Size([128])
2024-12-21 13:50:56,479 - [Process 4/5] - INFO - len(per_windows_prompt):1
2024-12-21 13:51:06,014 - [Process 4/5] - INFO - res.shape is :torch.Size([128])
2024-12-21 13:51:06,228 - [Process 4/5] - INFO - len(per_windows_prompt):1
2024-12-21 13:51:15,764 - [Process 4/5] - INFO - res.shape is :torch.Size([128])
2024-12-21 13:51:15,862 - [Process 4/5] - INFO - len(per_windows_prompt):1
2024-12-21 13:51:23,498 - [Process 4/5] - INFO - res.shape is :torch.Size([128])
2024-12-21 13:51:23,753 - [Process 4/5] - INFO - len(per_windows_prompt):1
2024-12-21 13:51:33,425 - [Process 4/5] - INFO - res.shape is :torch.Size([128])
2024-12-21 13:51:33,666 - [Process 4/5] - INFO - len(per_windows_prompt):1
2024-12-21 13:51:40,210 - [Process 4/5] - INFO - res.shape is :torch.Size([59])
2024-12-21 13:51:40,497 - [Process 4/5] - INFO - len(per_windows_prompt):1
2024-12-21 13:51:49,969 - [Process 4/5] - INFO - res.shape is :torch.Size([128])
2024-12-21 13:51:50,195 - [Process 4/5] - INFO - len(per_windows_prompt):1
2024-12-21 13:51:59,675 - [Process 4/5] - INFO - res.shape is :torch.Size([128])
2024-12-21 13:51:59,961 - [Process 4/5] - INFO - len(per_windows_prompt):1
2024-12-21 13:52:05,351 - [Process 4/5] - INFO - res.shape is :torch.Size([36])
