2024-12-21 14:34:03,767 - [Process 2/5] - INFO - loading datasets finished
2024-12-21 14:34:03,767 - [Process 2/5] - INFO - model_max_len: 3950
2024-12-21 14:34:03,767 - [Process 2/5] - INFO - output_max_len: 32
2024-12-21 14:34:03,843 - [Process 2/5] - INFO - Max Length is 12697
2024-12-21 14:34:03,843 - [Process 2/5] - INFO - Finish loading dataset
2024-12-21 14:34:03,844 - [Process 2/5] - INFO - get_predicted begin
2024-12-21 14:34:08,611 - [Process 2/5] - INFO - len(per_windows_prompt):1
2024-12-21 14:34:13,337 - [Process 2/5] - INFO - res.shape is :torch.Size([7])
2024-12-21 14:34:13,514 - [Process 2/5] - INFO - len(per_windows_prompt):1
2024-12-21 14:34:17,534 - [Process 2/5] - INFO - res.shape is :torch.Size([5])
2024-12-21 14:34:17,705 - [Process 2/5] - INFO - len(per_windows_prompt):1
2024-12-21 14:34:21,802 - [Process 2/5] - INFO - res.shape is :torch.Size([7])
2024-12-21 14:34:21,931 - [Process 2/5] - INFO - len(per_windows_prompt):1
2024-12-21 14:34:26,064 - [Process 2/5] - INFO - res.shape is :torch.Size([8])
2024-12-21 14:34:26,234 - [Process 2/5] - INFO - len(per_windows_prompt):1
2024-12-21 14:34:31,319 - [Process 2/5] - INFO - res.shape is :torch.Size([32])
2024-12-21 14:34:31,432 - [Process 2/5] - INFO - len(per_windows_prompt):1
2024-12-21 14:34:35,330 - [Process 2/5] - INFO - res.shape is :torch.Size([2])
2024-12-21 14:34:35,500 - [Process 2/5] - INFO - len(per_windows_prompt):1
2024-12-21 14:34:39,559 - [Process 2/5] - INFO - res.shape is :torch.Size([6])
2024-12-21 14:34:39,727 - [Process 2/5] - INFO - len(per_windows_prompt):1
2024-12-21 14:34:43,750 - [Process 2/5] - INFO - res.shape is :torch.Size([5])
2024-12-21 14:34:43,912 - [Process 2/5] - INFO - len(per_windows_prompt):1
2024-12-21 14:34:48,173 - [Process 2/5] - INFO - res.shape is :torch.Size([11])
2024-12-21 14:34:48,311 - [Process 2/5] - INFO - len(per_windows_prompt):1
2024-12-21 14:34:52,339 - [Process 2/5] - INFO - res.shape is :torch.Size([5])
2024-12-21 14:34:52,477 - [Process 2/5] - INFO - len(per_windows_prompt):1
2024-12-21 14:34:56,481 - [Process 2/5] - INFO - res.shape is :torch.Size([4])
2024-12-21 14:34:56,649 - [Process 2/5] - INFO - len(per_windows_prompt):1
2024-12-21 14:35:01,134 - [Process 2/5] - INFO - res.shape is :torch.Size([16])
2024-12-21 14:35:01,302 - [Process 2/5] - INFO - len(per_windows_prompt):1
2024-12-21 14:35:05,233 - [Process 2/5] - INFO - res.shape is :torch.Size([2])
2024-12-21 14:35:05,407 - [Process 2/5] - INFO - len(per_windows_prompt):1
2024-12-21 14:35:09,658 - [Process 2/5] - INFO - res.shape is :torch.Size([10])
2024-12-21 14:35:09,801 - [Process 2/5] - INFO - len(per_windows_prompt):1
2024-12-21 14:35:14,923 - [Process 2/5] - INFO - res.shape is :torch.Size([32])
2024-12-21 14:35:15,093 - [Process 2/5] - INFO - len(per_windows_prompt):1
2024-12-21 14:35:19,227 - [Process 2/5] - INFO - res.shape is :torch.Size([7])
2024-12-21 14:35:19,399 - [Process 2/5] - INFO - len(per_windows_prompt):1
2024-12-21 14:35:23,456 - [Process 2/5] - INFO - res.shape is :torch.Size([5])
2024-12-21 14:35:23,611 - [Process 2/5] - INFO - len(per_windows_prompt):1
2024-12-21 14:35:27,670 - [Process 2/5] - INFO - res.shape is :torch.Size([5])
2024-12-21 14:35:27,802 - [Process 2/5] - INFO - len(per_windows_prompt):1
2024-12-21 14:35:31,937 - [Process 2/5] - INFO - res.shape is :torch.Size([7])
2024-12-21 14:35:32,108 - [Process 2/5] - INFO - len(per_windows_prompt):1
2024-12-21 14:35:36,248 - [Process 2/5] - INFO - res.shape is :torch.Size([7])
2024-12-21 14:35:36,411 - [Process 2/5] - INFO - len(per_windows_prompt):1
2024-12-21 14:35:40,510 - [Process 2/5] - INFO - res.shape is :torch.Size([6])
2024-12-21 14:35:40,674 - [Process 2/5] - INFO - len(per_windows_prompt):1
2024-12-21 14:35:44,695 - [Process 2/5] - INFO - res.shape is :torch.Size([4])
2024-12-21 14:35:44,836 - [Process 2/5] - INFO - len(per_windows_prompt):1
2024-12-21 14:35:49,133 - [Process 2/5] - INFO - res.shape is :torch.Size([11])
2024-12-21 14:35:49,261 - [Process 2/5] - INFO - len(per_windows_prompt):1
2024-12-21 14:35:53,331 - [Process 2/5] - INFO - res.shape is :torch.Size([5])
2024-12-21 14:35:53,500 - [Process 2/5] - INFO - len(per_windows_prompt):1
2024-12-21 14:35:57,563 - [Process 2/5] - INFO - res.shape is :torch.Size([5])
2024-12-21 14:35:57,730 - [Process 2/5] - INFO - len(per_windows_prompt):1
2024-12-21 14:36:01,678 - [Process 2/5] - INFO - res.shape is :torch.Size([2])
2024-12-21 14:36:01,854 - [Process 2/5] - INFO - len(per_windows_prompt):1
2024-12-21 14:36:06,435 - [Process 2/5] - INFO - res.shape is :torch.Size([18])
2024-12-21 14:36:06,598 - [Process 2/5] - INFO - len(per_windows_prompt):1
2024-12-21 14:36:10,662 - [Process 2/5] - INFO - res.shape is :torch.Size([5])
2024-12-21 14:36:10,830 - [Process 2/5] - INFO - len(per_windows_prompt):1
2024-12-21 14:36:14,935 - [Process 2/5] - INFO - res.shape is :torch.Size([6])
2024-12-21 14:36:15,075 - [Process 2/5] - INFO - len(per_windows_prompt):1
2024-12-21 14:36:19,140 - [Process 2/5] - INFO - res.shape is :torch.Size([5])
2024-12-21 14:36:19,315 - [Process 2/5] - INFO - len(per_windows_prompt):1
2024-12-21 14:36:23,344 - [Process 2/5] - INFO - res.shape is :torch.Size([4])
2024-12-21 14:36:23,511 - [Process 2/5] - INFO - len(per_windows_prompt):1
2024-12-21 14:36:27,618 - [Process 2/5] - INFO - res.shape is :torch.Size([6])
2024-12-21 14:36:27,780 - [Process 2/5] - INFO - len(per_windows_prompt):1
2024-12-21 14:36:32,913 - [Process 2/5] - INFO - res.shape is :torch.Size([32])
2024-12-21 14:36:33,075 - [Process 2/5] - INFO - len(per_windows_prompt):1
2024-12-21 14:36:37,026 - [Process 2/5] - INFO - res.shape is :torch.Size([2])
2024-12-21 14:36:37,135 - [Process 2/5] - INFO - len(per_windows_prompt):1
2024-12-21 14:36:41,165 - [Process 2/5] - INFO - res.shape is :torch.Size([4])
2024-12-21 14:36:41,311 - [Process 2/5] - INFO - len(per_windows_prompt):1
2024-12-21 14:36:45,898 - [Process 2/5] - INFO - res.shape is :torch.Size([18])
2024-12-21 14:36:46,042 - [Process 2/5] - INFO - len(per_windows_prompt):1
2024-12-21 14:36:50,110 - [Process 2/5] - INFO - res.shape is :torch.Size([5])
2024-12-21 14:36:50,279 - [Process 2/5] - INFO - len(per_windows_prompt):1
2024-12-21 14:36:54,390 - [Process 2/5] - INFO - res.shape is :torch.Size([6])
2024-12-21 14:36:54,537 - [Process 2/5] - INFO - len(per_windows_prompt):1
2024-12-21 14:36:58,566 - [Process 2/5] - INFO - res.shape is :torch.Size([4])
2024-12-21 14:36:58,729 - [Process 2/5] - INFO - len(per_windows_prompt):1
2024-12-21 14:37:02,798 - [Process 2/5] - INFO - res.shape is :torch.Size([5])
