2024-12-21 13:04:15,482 - [Process 2/5] - INFO - loading datasets finished
2024-12-21 13:04:15,482 - [Process 2/5] - INFO - model_max_len: 3950
2024-12-21 13:04:15,483 - [Process 2/5] - INFO - output_max_len: 32
2024-12-21 13:04:15,524 - [Process 2/5] - INFO - Max Length is 11950
2024-12-21 13:04:15,525 - [Process 2/5] - INFO - Finish loading dataset
2024-12-21 13:04:15,525 - [Process 2/5] - INFO - get_predicted begin
2024-12-21 13:04:20,332 - [Process 2/5] - INFO - len(per_windows_prompt):1
2024-12-21 13:04:25,194 - [Process 2/5] - INFO - res.shape is :torch.Size([6])
2024-12-21 13:04:25,410 - [Process 2/5] - INFO - len(per_windows_prompt):1
2024-12-21 13:04:29,823 - [Process 2/5] - INFO - res.shape is :torch.Size([13])
2024-12-21 13:04:30,040 - [Process 2/5] - INFO - len(per_windows_prompt):1
2024-12-21 13:04:34,092 - [Process 2/5] - INFO - res.shape is :torch.Size([5])
2024-12-21 13:04:34,327 - [Process 2/5] - INFO - len(per_windows_prompt):1
2024-12-21 13:04:38,638 - [Process 2/5] - INFO - res.shape is :torch.Size([11])
2024-12-21 13:04:38,841 - [Process 2/5] - INFO - len(per_windows_prompt):1
2024-12-21 13:04:43,267 - [Process 2/5] - INFO - res.shape is :torch.Size([14])
2024-12-21 13:04:43,555 - [Process 2/5] - INFO - len(per_windows_prompt):1
2024-12-21 13:04:47,477 - [Process 2/5] - INFO - res.shape is :torch.Size([2])
2024-12-21 13:04:47,701 - [Process 2/5] - INFO - len(per_windows_prompt):1
2024-12-21 13:04:52,659 - [Process 2/5] - INFO - res.shape is :torch.Size([26])
2024-12-21 13:04:52,894 - [Process 2/5] - INFO - len(per_windows_prompt):1
2024-12-21 13:04:56,945 - [Process 2/5] - INFO - res.shape is :torch.Size([5])
2024-12-21 13:04:57,197 - [Process 2/5] - INFO - len(per_windows_prompt):1
2024-12-21 13:05:01,382 - [Process 2/5] - INFO - res.shape is :torch.Size([8])
2024-12-21 13:05:01,562 - [Process 2/5] - INFO - len(per_windows_prompt):1
2024-12-21 13:05:06,127 - [Process 2/5] - INFO - res.shape is :torch.Size([17])
2024-12-21 13:05:06,344 - [Process 2/5] - INFO - len(per_windows_prompt):1
2024-12-21 13:05:10,996 - [Process 2/5] - INFO - res.shape is :torch.Size([19])
2024-12-21 13:05:11,215 - [Process 2/5] - INFO - len(per_windows_prompt):1
2024-12-21 13:05:15,403 - [Process 2/5] - INFO - res.shape is :torch.Size([8])
2024-12-21 13:05:15,602 - [Process 2/5] - INFO - len(per_windows_prompt):1
2024-12-21 13:05:19,626 - [Process 2/5] - INFO - res.shape is :torch.Size([4])
2024-12-21 13:05:19,891 - [Process 2/5] - INFO - len(per_windows_prompt):1
2024-12-21 13:05:24,253 - [Process 2/5] - INFO - res.shape is :torch.Size([12])
2024-12-21 13:05:24,445 - [Process 2/5] - INFO - len(per_windows_prompt):1
2024-12-21 13:05:29,021 - [Process 2/5] - INFO - res.shape is :torch.Size([17])
2024-12-21 13:05:29,228 - [Process 2/5] - INFO - len(per_windows_prompt):1
2024-12-21 13:05:33,386 - [Process 2/5] - INFO - res.shape is :torch.Size([7])
2024-12-21 13:05:33,625 - [Process 2/5] - INFO - len(per_windows_prompt):1
2024-12-21 13:05:38,167 - [Process 2/5] - INFO - res.shape is :torch.Size([16])
2024-12-21 13:05:38,320 - [Process 2/5] - INFO - len(per_windows_prompt):1
2024-12-21 13:05:41,761 - [Process 2/5] - INFO - res.shape is :torch.Size([6])
2024-12-21 13:05:42,016 - [Process 2/5] - INFO - len(per_windows_prompt):1
2024-12-21 13:05:46,351 - [Process 2/5] - INFO - res.shape is :torch.Size([11])
2024-12-21 13:05:46,536 - [Process 2/5] - INFO - len(per_windows_prompt):1
2024-12-21 13:05:50,746 - [Process 2/5] - INFO - res.shape is :torch.Size([8])
2024-12-21 13:05:50,943 - [Process 2/5] - INFO - len(per_windows_prompt):1
2024-12-21 13:05:55,616 - [Process 2/5] - INFO - res.shape is :torch.Size([19])
2024-12-21 13:05:55,769 - [Process 2/5] - INFO - len(per_windows_prompt):1
2024-12-21 13:05:59,352 - [Process 2/5] - INFO - res.shape is :torch.Size([2])
2024-12-21 13:05:59,538 - [Process 2/5] - INFO - len(per_windows_prompt):1
2024-12-21 13:06:04,420 - [Process 2/5] - INFO - res.shape is :torch.Size([24])
2024-12-21 13:06:04,620 - [Process 2/5] - INFO - len(per_windows_prompt):1
2024-12-21 13:06:09,381 - [Process 2/5] - INFO - res.shape is :torch.Size([21])
2024-12-21 13:06:09,648 - [Process 2/5] - INFO - len(per_windows_prompt):1
2024-12-21 13:06:13,950 - [Process 2/5] - INFO - res.shape is :torch.Size([10])
2024-12-21 13:06:14,154 - [Process 2/5] - INFO - len(per_windows_prompt):1
2024-12-21 13:06:18,873 - [Process 2/5] - INFO - res.shape is :torch.Size([20])
2024-12-21 13:06:19,012 - [Process 2/5] - INFO - len(per_windows_prompt):1
2024-12-21 13:06:22,322 - [Process 2/5] - INFO - res.shape is :torch.Size([9])
2024-12-21 13:06:22,508 - [Process 2/5] - INFO - len(per_windows_prompt):1
2024-12-21 13:06:27,737 - [Process 2/5] - INFO - res.shape is :torch.Size([32])
2024-12-21 13:06:27,930 - [Process 2/5] - INFO - len(per_windows_prompt):1
2024-12-21 13:06:32,103 - [Process 2/5] - INFO - res.shape is :torch.Size([7])
2024-12-21 13:06:32,285 - [Process 2/5] - INFO - len(per_windows_prompt):1
2024-12-21 13:06:36,501 - [Process 2/5] - INFO - res.shape is :torch.Size([8])
2024-12-21 13:06:36,695 - [Process 2/5] - INFO - len(per_windows_prompt):1
2024-12-21 13:06:41,301 - [Process 2/5] - INFO - res.shape is :torch.Size([17])
2024-12-21 13:06:41,495 - [Process 2/5] - INFO - len(per_windows_prompt):1
2024-12-21 13:06:45,589 - [Process 2/5] - INFO - res.shape is :torch.Size([5])
2024-12-21 13:06:45,791 - [Process 2/5] - INFO - len(per_windows_prompt):1
2024-12-21 13:06:50,179 - [Process 2/5] - INFO - res.shape is :torch.Size([12])
2024-12-21 13:06:50,396 - [Process 2/5] - INFO - len(per_windows_prompt):1
2024-12-21 13:06:54,363 - [Process 2/5] - INFO - res.shape is :torch.Size([2])
2024-12-21 13:06:54,561 - [Process 2/5] - INFO - len(per_windows_prompt):1
2024-12-21 13:06:59,285 - [Process 2/5] - INFO - res.shape is :torch.Size([20])
2024-12-21 13:06:59,510 - [Process 2/5] - INFO - len(per_windows_prompt):1
2024-12-21 13:07:03,600 - [Process 2/5] - INFO - res.shape is :torch.Size([5])
2024-12-21 13:07:03,785 - [Process 2/5] - INFO - len(per_windows_prompt):1
2024-12-21 13:07:07,961 - [Process 2/5] - INFO - res.shape is :torch.Size([7])
2024-12-21 13:07:08,168 - [Process 2/5] - INFO - len(per_windows_prompt):1
2024-12-21 13:07:12,685 - [Process 2/5] - INFO - res.shape is :torch.Size([15])
2024-12-21 13:07:12,791 - [Process 2/5] - INFO - len(per_windows_prompt):1
2024-12-21 13:07:15,462 - [Process 2/5] - INFO - res.shape is :torch.Size([8])
2024-12-21 13:07:15,558 - [Process 2/5] - INFO - len(per_windows_prompt):1
2024-12-21 13:07:17,713 - [Process 2/5] - INFO - res.shape is :torch.Size([2])
