2024-12-21 13:09:32,597 - [Process 0/5] - INFO - loading datasets finished
2024-12-21 13:09:32,597 - [Process 0/5] - INFO - model_max_len: 3950
2024-12-21 13:09:32,597 - [Process 0/5] - INFO - output_max_len: 32
2024-12-21 13:09:32,690 - [Process 0/5] - INFO - Max Length is 17355
2024-12-21 13:09:32,691 - [Process 0/5] - INFO - Finish loading dataset
2024-12-21 13:09:32,691 - [Process 0/5] - INFO - get_predicted begin
2024-12-21 13:09:37,362 - [Process 0/5] - INFO - len(per_windows_prompt):1
2024-12-21 13:09:42,063 - [Process 0/5] - INFO - res.shape is :torch.Size([4])
2024-12-21 13:09:42,369 - [Process 0/5] - INFO - len(per_windows_prompt):1
2024-12-21 13:09:46,380 - [Process 0/5] - INFO - res.shape is :torch.Size([5])
2024-12-21 13:09:46,682 - [Process 0/5] - INFO - len(per_windows_prompt):1
2024-12-21 13:09:51,011 - [Process 0/5] - INFO - res.shape is :torch.Size([12])
2024-12-21 13:09:51,305 - [Process 0/5] - INFO - len(per_windows_prompt):1
2024-12-21 13:09:55,286 - [Process 0/5] - INFO - res.shape is :torch.Size([4])
2024-12-21 13:09:55,591 - [Process 0/5] - INFO - len(per_windows_prompt):1
2024-12-21 13:09:59,653 - [Process 0/5] - INFO - res.shape is :torch.Size([6])
2024-12-21 13:09:59,926 - [Process 0/5] - INFO - len(per_windows_prompt):1
2024-12-21 13:10:05,105 - [Process 0/5] - INFO - res.shape is :torch.Size([32])
2024-12-21 13:10:05,379 - [Process 0/5] - INFO - len(per_windows_prompt):1
2024-12-21 13:10:09,514 - [Process 0/5] - INFO - res.shape is :torch.Size([7])
2024-12-21 13:10:09,817 - [Process 0/5] - INFO - len(per_windows_prompt):1
2024-12-21 13:10:13,939 - [Process 0/5] - INFO - res.shape is :torch.Size([7])
2024-12-21 13:10:14,213 - [Process 0/5] - INFO - len(per_windows_prompt):1
2024-12-21 13:10:19,425 - [Process 0/5] - INFO - res.shape is :torch.Size([32])
2024-12-21 13:10:19,728 - [Process 0/5] - INFO - len(per_windows_prompt):1
2024-12-21 13:10:23,823 - [Process 0/5] - INFO - res.shape is :torch.Size([6])
2024-12-21 13:10:24,119 - [Process 0/5] - INFO - len(per_windows_prompt):1
2024-12-21 13:10:28,171 - [Process 0/5] - INFO - res.shape is :torch.Size([5])
2024-12-21 13:10:28,453 - [Process 0/5] - INFO - len(per_windows_prompt):1
2024-12-21 13:10:32,810 - [Process 0/5] - INFO - res.shape is :torch.Size([12])
2024-12-21 13:10:33,090 - [Process 0/5] - INFO - len(per_windows_prompt):1
2024-12-21 13:10:37,182 - [Process 0/5] - INFO - res.shape is :torch.Size([6])
2024-12-21 13:10:37,456 - [Process 0/5] - INFO - len(per_windows_prompt):1
2024-12-21 13:10:41,476 - [Process 0/5] - INFO - res.shape is :torch.Size([4])
2024-12-21 13:10:41,747 - [Process 0/5] - INFO - len(per_windows_prompt):1
2024-12-21 13:10:46,191 - [Process 0/5] - INFO - res.shape is :torch.Size([14])
2024-12-21 13:10:46,484 - [Process 0/5] - INFO - len(per_windows_prompt):1
2024-12-21 13:10:51,616 - [Process 0/5] - INFO - res.shape is :torch.Size([30])
2024-12-21 13:10:51,908 - [Process 0/5] - INFO - len(per_windows_prompt):1
2024-12-21 13:10:57,108 - [Process 0/5] - INFO - res.shape is :torch.Size([32])
2024-12-21 13:10:57,386 - [Process 0/5] - INFO - len(per_windows_prompt):1
2024-12-21 13:11:01,647 - [Process 0/5] - INFO - res.shape is :torch.Size([10])
2024-12-21 13:11:01,933 - [Process 0/5] - INFO - len(per_windows_prompt):1
2024-12-21 13:11:05,950 - [Process 0/5] - INFO - res.shape is :torch.Size([4])
2024-12-21 13:11:06,240 - [Process 0/5] - INFO - len(per_windows_prompt):1
2024-12-21 13:11:10,942 - [Process 0/5] - INFO - res.shape is :torch.Size([20])
2024-12-21 13:11:11,225 - [Process 0/5] - INFO - len(per_windows_prompt):1
2024-12-21 13:11:15,531 - [Process 0/5] - INFO - res.shape is :torch.Size([11])
2024-12-21 13:11:15,810 - [Process 0/5] - INFO - len(per_windows_prompt):1
2024-12-21 13:11:19,882 - [Process 0/5] - INFO - res.shape is :torch.Size([5])
2024-12-21 13:11:20,200 - [Process 0/5] - INFO - len(per_windows_prompt):1
2024-12-21 13:11:24,426 - [Process 0/5] - INFO - res.shape is :torch.Size([9])
2024-12-21 13:11:24,731 - [Process 0/5] - INFO - len(per_windows_prompt):1
2024-12-21 13:11:29,084 - [Process 0/5] - INFO - res.shape is :torch.Size([12])
2024-12-21 13:11:29,366 - [Process 0/5] - INFO - len(per_windows_prompt):1
2024-12-21 13:11:33,381 - [Process 0/5] - INFO - res.shape is :torch.Size([4])
2024-12-21 13:11:33,634 - [Process 0/5] - INFO - len(per_windows_prompt):1
2024-12-21 13:11:37,728 - [Process 0/5] - INFO - res.shape is :torch.Size([6])
2024-12-21 13:11:38,011 - [Process 0/5] - INFO - len(per_windows_prompt):1
2024-12-21 13:11:42,661 - [Process 0/5] - INFO - res.shape is :torch.Size([19])
2024-12-21 13:11:42,943 - [Process 0/5] - INFO - len(per_windows_prompt):1
2024-12-21 13:11:47,001 - [Process 0/5] - INFO - res.shape is :torch.Size([5])
2024-12-21 13:11:47,280 - [Process 0/5] - INFO - len(per_windows_prompt):1
2024-12-21 13:11:51,883 - [Process 0/5] - INFO - res.shape is :torch.Size([18])
2024-12-21 13:11:52,161 - [Process 0/5] - INFO - len(per_windows_prompt):1
2024-12-21 13:11:56,262 - [Process 0/5] - INFO - res.shape is :torch.Size([6])
2024-12-21 13:11:56,487 - [Process 0/5] - INFO - len(per_windows_prompt):1
2024-12-21 13:12:00,543 - [Process 0/5] - INFO - res.shape is :torch.Size([5])
2024-12-21 13:12:00,825 - [Process 0/5] - INFO - len(per_windows_prompt):1
2024-12-21 13:12:06,015 - [Process 0/5] - INFO - res.shape is :torch.Size([32])
2024-12-21 13:12:06,297 - [Process 0/5] - INFO - len(per_windows_prompt):1
2024-12-21 13:12:11,029 - [Process 0/5] - INFO - res.shape is :torch.Size([21])
2024-12-21 13:12:11,298 - [Process 0/5] - INFO - len(per_windows_prompt):1
2024-12-21 13:12:15,819 - [Process 0/5] - INFO - res.shape is :torch.Size([16])
2024-12-21 13:12:16,098 - [Process 0/5] - INFO - len(per_windows_prompt):1
2024-12-21 13:12:20,158 - [Process 0/5] - INFO - res.shape is :torch.Size([5])
2024-12-21 13:12:20,406 - [Process 0/5] - INFO - len(per_windows_prompt):1
2024-12-21 13:12:24,927 - [Process 0/5] - INFO - res.shape is :torch.Size([16])
2024-12-21 13:12:25,214 - [Process 0/5] - INFO - len(per_windows_prompt):1
2024-12-21 13:12:29,403 - [Process 0/5] - INFO - res.shape is :torch.Size([8])
2024-12-21 13:12:29,640 - [Process 0/5] - INFO - len(per_windows_prompt):1
2024-12-21 13:12:34,075 - [Process 0/5] - INFO - res.shape is :torch.Size([14])
2024-12-21 13:12:34,351 - [Process 0/5] - INFO - len(per_windows_prompt):1
2024-12-21 13:12:38,456 - [Process 0/5] - INFO - res.shape is :torch.Size([6])
2024-12-21 13:12:38,743 - [Process 0/5] - INFO - len(per_windows_prompt):1
2024-12-21 13:12:42,885 - [Process 0/5] - INFO - res.shape is :torch.Size([7])
