2024-12-21 17:20:39,551 - [Process 3/5] - INFO - loading datasets finished
2024-12-21 17:20:39,551 - [Process 3/5] - INFO - model_max_len: 3950
2024-12-21 17:20:39,551 - [Process 3/5] - INFO - output_max_len: 512
2024-12-21 17:20:39,570 - [Process 3/5] - INFO - Max Length is 10933
2024-12-21 17:20:39,570 - [Process 3/5] - INFO - Finish loading dataset
2024-12-21 17:20:39,571 - [Process 3/5] - INFO - get_predicted begin
2024-12-21 17:20:44,363 - [Process 3/5] - INFO - len(per_windows_prompt):1
2024-12-21 17:20:58,812 - [Process 3/5] - INFO - res.shape is :torch.Size([232])
2024-12-21 17:20:59,033 - [Process 3/5] - INFO - len(per_windows_prompt):1
2024-12-21 17:21:17,098 - [Process 3/5] - INFO - res.shape is :torch.Size([295])
2024-12-21 17:21:17,276 - [Process 3/5] - INFO - len(per_windows_prompt):1
2024-12-21 17:21:28,329 - [Process 3/5] - INFO - res.shape is :torch.Size([178])
2024-12-21 17:21:28,481 - [Process 3/5] - INFO - len(per_windows_prompt):1
2024-12-21 17:21:42,471 - [Process 3/5] - INFO - res.shape is :torch.Size([255])
2024-12-21 17:21:42,675 - [Process 3/5] - INFO - len(per_windows_prompt):1
2024-12-21 17:21:55,804 - [Process 3/5] - INFO - res.shape is :torch.Size([204])
2024-12-21 17:21:56,019 - [Process 3/5] - INFO - len(per_windows_prompt):1
2024-12-21 17:22:24,121 - [Process 3/5] - INFO - res.shape is :torch.Size([512])
2024-12-21 17:22:24,210 - [Process 3/5] - INFO - len(per_windows_prompt):1
2024-12-21 17:22:35,312 - [Process 3/5] - INFO - res.shape is :torch.Size([223])
2024-12-21 17:22:35,475 - [Process 3/5] - INFO - len(per_windows_prompt):1
2024-12-21 17:22:46,731 - [Process 3/5] - INFO - res.shape is :torch.Size([181])
2024-12-21 17:22:46,925 - [Process 3/5] - INFO - len(per_windows_prompt):1
2024-12-21 17:23:03,696 - [Process 3/5] - INFO - res.shape is :torch.Size([284])
2024-12-21 17:23:03,920 - [Process 3/5] - INFO - len(per_windows_prompt):1
2024-12-21 17:23:30,888 - [Process 3/5] - INFO - res.shape is :torch.Size([512])
2024-12-21 17:23:31,082 - [Process 3/5] - INFO - len(per_windows_prompt):1
2024-12-21 17:23:46,116 - [Process 3/5] - INFO - res.shape is :torch.Size([261])
2024-12-21 17:23:46,254 - [Process 3/5] - INFO - len(per_windows_prompt):1
2024-12-21 17:24:01,157 - [Process 3/5] - INFO - res.shape is :torch.Size([277])
2024-12-21 17:24:01,347 - [Process 3/5] - INFO - len(per_windows_prompt):1
2024-12-21 17:24:12,590 - [Process 3/5] - INFO - res.shape is :torch.Size([165])
2024-12-21 17:24:12,659 - [Process 3/5] - INFO - len(per_windows_prompt):1
2024-12-21 17:24:20,822 - [Process 3/5] - INFO - res.shape is :torch.Size([162])
2024-12-21 17:24:20,951 - [Process 3/5] - INFO - len(per_windows_prompt):1
2024-12-21 17:24:37,972 - [Process 3/5] - INFO - res.shape is :torch.Size([325])
2024-12-21 17:24:38,162 - [Process 3/5] - INFO - len(per_windows_prompt):1
2024-12-21 17:24:49,250 - [Process 3/5] - INFO - res.shape is :torch.Size([157])
2024-12-21 17:24:49,452 - [Process 3/5] - INFO - len(per_windows_prompt):1
2024-12-21 17:25:03,483 - [Process 3/5] - INFO - res.shape is :torch.Size([223])
2024-12-21 17:25:03,647 - [Process 3/5] - INFO - len(per_windows_prompt):1
2024-12-21 17:25:27,621 - [Process 3/5] - INFO - res.shape is :torch.Size([468])
2024-12-21 17:25:27,755 - [Process 3/5] - INFO - len(per_windows_prompt):1
2024-12-21 17:25:42,104 - [Process 3/5] - INFO - res.shape is :torch.Size([283])
2024-12-21 17:25:42,234 - [Process 3/5] - INFO - len(per_windows_prompt):1
2024-12-21 17:25:52,649 - [Process 3/5] - INFO - res.shape is :torch.Size([185])
2024-12-21 17:25:52,710 - [Process 3/5] - INFO - len(per_windows_prompt):1
2024-12-21 17:26:05,397 - [Process 3/5] - INFO - res.shape is :torch.Size([267])
2024-12-21 17:26:05,581 - [Process 3/5] - INFO - len(per_windows_prompt):1
2024-12-21 17:26:17,572 - [Process 3/5] - INFO - res.shape is :torch.Size([192])
2024-12-21 17:26:17,684 - [Process 3/5] - INFO - len(per_windows_prompt):1
2024-12-21 17:26:29,705 - [Process 3/5] - INFO - res.shape is :torch.Size([234])
2024-12-21 17:26:29,909 - [Process 3/5] - INFO - len(per_windows_prompt):1
2024-12-21 17:26:56,703 - [Process 3/5] - INFO - res.shape is :torch.Size([512])
2024-12-21 17:26:56,932 - [Process 3/5] - INFO - len(per_windows_prompt):1
2024-12-21 17:27:21,355 - [Process 3/5] - INFO - res.shape is :torch.Size([512])
2024-12-21 17:27:21,445 - [Process 3/5] - INFO - len(per_windows_prompt):1
2024-12-21 17:27:38,980 - [Process 3/5] - INFO - res.shape is :torch.Size([366])
2024-12-21 17:27:39,193 - [Process 3/5] - INFO - len(per_windows_prompt):1
2024-12-21 17:28:06,037 - [Process 3/5] - INFO - res.shape is :torch.Size([512])
2024-12-21 17:28:06,069 - [Process 3/5] - INFO - len(per_windows_prompt):1
2024-12-21 17:28:10,225 - [Process 3/5] - INFO - res.shape is :torch.Size([88])
2024-12-21 17:28:10,339 - [Process 3/5] - INFO - len(per_windows_prompt):1
2024-12-21 17:28:22,624 - [Process 3/5] - INFO - res.shape is :torch.Size([233])
2024-12-21 17:28:22,820 - [Process 3/5] - INFO - len(per_windows_prompt):1
2024-12-21 17:28:40,761 - [Process 3/5] - INFO - res.shape is :torch.Size([309])
2024-12-21 17:28:40,933 - [Process 3/5] - INFO - len(per_windows_prompt):1
2024-12-21 17:28:50,430 - [Process 3/5] - INFO - res.shape is :torch.Size([142])
2024-12-21 17:28:50,532 - [Process 3/5] - INFO - len(per_windows_prompt):1
2024-12-21 17:29:01,811 - [Process 3/5] - INFO - res.shape is :torch.Size([210])
2024-12-21 17:29:02,049 - [Process 3/5] - INFO - len(per_windows_prompt):1
2024-12-21 17:29:29,107 - [Process 3/5] - INFO - res.shape is :torch.Size([512])
2024-12-21 17:29:29,271 - [Process 3/5] - INFO - len(per_windows_prompt):1
2024-12-21 17:29:40,996 - [Process 3/5] - INFO - res.shape is :torch.Size([199])
2024-12-21 17:29:41,138 - [Process 3/5] - INFO - len(per_windows_prompt):1
2024-12-21 17:30:01,172 - [Process 3/5] - INFO - res.shape is :torch.Size([402])
2024-12-21 17:30:01,263 - [Process 3/5] - INFO - len(per_windows_prompt):1
2024-12-21 17:30:12,030 - [Process 3/5] - INFO - res.shape is :torch.Size([226])
2024-12-21 17:30:12,245 - [Process 3/5] - INFO - len(per_windows_prompt):1
2024-12-21 17:30:39,521 - [Process 3/5] - INFO - res.shape is :torch.Size([512])
2024-12-21 17:30:39,598 - [Process 3/5] - INFO - len(per_windows_prompt):1
2024-12-21 17:30:49,171 - [Process 3/5] - INFO - res.shape is :torch.Size([222])
2024-12-21 17:30:49,279 - [Process 3/5] - INFO - len(per_windows_prompt):1
2024-12-21 17:31:04,199 - [Process 3/5] - INFO - res.shape is :torch.Size([333])
2024-12-21 17:31:04,357 - [Process 3/5] - INFO - len(per_windows_prompt):1
2024-12-21 17:31:13,895 - [Process 3/5] - INFO - res.shape is :torch.Size([157])
