2024-12-21 12:59:03,867 - [Process 1/5] - INFO - loading datasets finished
2024-12-21 12:59:03,867 - [Process 1/5] - INFO - model_max_len: 3950
2024-12-21 12:59:03,867 - [Process 1/5] - INFO - output_max_len: 32
2024-12-21 12:59:03,945 - [Process 1/5] - INFO - Max Length is 12697
2024-12-21 12:59:03,946 - [Process 1/5] - INFO - Finish loading dataset
2024-12-21 12:59:03,946 - [Process 1/5] - INFO - get_predicted begin
2024-12-21 12:59:08,718 - [Process 1/5] - INFO - len(per_windows_prompt):1
2024-12-21 12:59:13,686 - [Process 1/5] - INFO - res.shape is :torch.Size([8])
2024-12-21 12:59:13,977 - [Process 1/5] - INFO - len(per_windows_prompt):1
2024-12-21 12:59:18,287 - [Process 1/5] - INFO - res.shape is :torch.Size([11])
2024-12-21 12:59:18,528 - [Process 1/5] - INFO - len(per_windows_prompt):1
2024-12-21 12:59:22,538 - [Process 1/5] - INFO - res.shape is :torch.Size([4])
2024-12-21 12:59:22,814 - [Process 1/5] - INFO - len(per_windows_prompt):1
2024-12-21 12:59:26,840 - [Process 1/5] - INFO - res.shape is :torch.Size([4])
2024-12-21 12:59:27,133 - [Process 1/5] - INFO - len(per_windows_prompt):1
2024-12-21 12:59:31,213 - [Process 1/5] - INFO - res.shape is :torch.Size([5])
2024-12-21 12:59:31,492 - [Process 1/5] - INFO - len(per_windows_prompt):1
2024-12-21 12:59:35,520 - [Process 1/5] - INFO - res.shape is :torch.Size([4])
2024-12-21 12:59:35,758 - [Process 1/5] - INFO - len(per_windows_prompt):1
2024-12-21 12:59:39,789 - [Process 1/5] - INFO - res.shape is :torch.Size([4])
2024-12-21 12:59:40,018 - [Process 1/5] - INFO - len(per_windows_prompt):1
2024-12-21 12:59:45,227 - [Process 1/5] - INFO - res.shape is :torch.Size([32])
2024-12-21 12:59:45,469 - [Process 1/5] - INFO - len(per_windows_prompt):1
2024-12-21 12:59:49,694 - [Process 1/5] - INFO - res.shape is :torch.Size([8])
2024-12-21 12:59:50,000 - [Process 1/5] - INFO - len(per_windows_prompt):1
2024-12-21 12:59:55,232 - [Process 1/5] - INFO - res.shape is :torch.Size([32])
2024-12-21 12:59:55,417 - [Process 1/5] - INFO - len(per_windows_prompt):1
2024-12-21 12:59:59,458 - [Process 1/5] - INFO - res.shape is :torch.Size([4])
2024-12-21 12:59:59,731 - [Process 1/5] - INFO - len(per_windows_prompt):1
2024-12-21 13:00:03,788 - [Process 1/5] - INFO - res.shape is :torch.Size([4])
2024-12-21 13:00:04,080 - [Process 1/5] - INFO - len(per_windows_prompt):1
2024-12-21 13:00:08,039 - [Process 1/5] - INFO - res.shape is :torch.Size([2])
2024-12-21 13:00:08,244 - [Process 1/5] - INFO - len(per_windows_prompt):1
2024-12-21 13:00:12,326 - [Process 1/5] - INFO - res.shape is :torch.Size([5])
2024-12-21 13:00:12,539 - [Process 1/5] - INFO - len(per_windows_prompt):1
2024-12-21 13:00:17,823 - [Process 1/5] - INFO - res.shape is :torch.Size([32])
2024-12-21 13:00:18,102 - [Process 1/5] - INFO - len(per_windows_prompt):1
2024-12-21 13:00:22,108 - [Process 1/5] - INFO - res.shape is :torch.Size([3])
2024-12-21 13:00:22,365 - [Process 1/5] - INFO - len(per_windows_prompt):1
2024-12-21 13:00:26,748 - [Process 1/5] - INFO - res.shape is :torch.Size([12])
2024-12-21 13:00:27,024 - [Process 1/5] - INFO - len(per_windows_prompt):1
2024-12-21 13:00:32,254 - [Process 1/5] - INFO - res.shape is :torch.Size([32])
2024-12-21 13:00:32,530 - [Process 1/5] - INFO - len(per_windows_prompt):1
2024-12-21 13:00:37,619 - [Process 1/5] - INFO - res.shape is :torch.Size([28])
2024-12-21 13:00:37,865 - [Process 1/5] - INFO - len(per_windows_prompt):1
2024-12-21 13:00:43,137 - [Process 1/5] - INFO - res.shape is :torch.Size([32])
2024-12-21 13:00:43,421 - [Process 1/5] - INFO - len(per_windows_prompt):1
2024-12-21 13:00:47,403 - [Process 1/5] - INFO - res.shape is :torch.Size([2])
2024-12-21 13:00:47,595 - [Process 1/5] - INFO - len(per_windows_prompt):1
2024-12-21 13:00:51,586 - [Process 1/5] - INFO - res.shape is :torch.Size([2])
2024-12-21 13:00:51,860 - [Process 1/5] - INFO - len(per_windows_prompt):1
2024-12-21 13:00:56,497 - [Process 1/5] - INFO - res.shape is :torch.Size([17])
2024-12-21 13:00:56,754 - [Process 1/5] - INFO - len(per_windows_prompt):1
2024-12-21 13:01:00,868 - [Process 1/5] - INFO - res.shape is :torch.Size([5])
2024-12-21 13:01:01,146 - [Process 1/5] - INFO - len(per_windows_prompt):1
2024-12-21 13:01:05,178 - [Process 1/5] - INFO - res.shape is :torch.Size([3])
2024-12-21 13:01:05,452 - [Process 1/5] - INFO - len(per_windows_prompt):1
2024-12-21 13:01:09,610 - [Process 1/5] - INFO - res.shape is :torch.Size([6])
2024-12-21 13:01:09,859 - [Process 1/5] - INFO - len(per_windows_prompt):1
2024-12-21 13:01:13,939 - [Process 1/5] - INFO - res.shape is :torch.Size([4])
2024-12-21 13:01:14,178 - [Process 1/5] - INFO - len(per_windows_prompt):1
2024-12-21 13:01:19,355 - [Process 1/5] - INFO - res.shape is :torch.Size([29])
2024-12-21 13:01:19,605 - [Process 1/5] - INFO - len(per_windows_prompt):1
2024-12-21 13:01:23,648 - [Process 1/5] - INFO - res.shape is :torch.Size([3])
2024-12-21 13:01:23,949 - [Process 1/5] - INFO - len(per_windows_prompt):1
2024-12-21 13:01:27,945 - [Process 1/5] - INFO - res.shape is :torch.Size([2])
2024-12-21 13:01:28,200 - [Process 1/5] - INFO - len(per_windows_prompt):1
2024-12-21 13:01:32,834 - [Process 1/5] - INFO - res.shape is :torch.Size([17])
2024-12-21 13:01:33,135 - [Process 1/5] - INFO - len(per_windows_prompt):1
2024-12-21 13:01:37,424 - [Process 1/5] - INFO - res.shape is :torch.Size([9])
2024-12-21 13:01:37,640 - [Process 1/5] - INFO - len(per_windows_prompt):1
2024-12-21 13:01:42,920 - [Process 1/5] - INFO - res.shape is :torch.Size([32])
2024-12-21 13:01:43,171 - [Process 1/5] - INFO - len(per_windows_prompt):1
2024-12-21 13:01:47,249 - [Process 1/5] - INFO - res.shape is :torch.Size([4])
2024-12-21 13:01:47,485 - [Process 1/5] - INFO - len(per_windows_prompt):1
2024-12-21 13:01:52,747 - [Process 1/5] - INFO - res.shape is :torch.Size([32])
2024-12-21 13:01:52,942 - [Process 1/5] - INFO - len(per_windows_prompt):1
2024-12-21 13:01:57,771 - [Process 1/5] - INFO - res.shape is :torch.Size([22])
2024-12-21 13:01:58,032 - [Process 1/5] - INFO - len(per_windows_prompt):1
2024-12-21 13:02:02,863 - [Process 1/5] - INFO - res.shape is :torch.Size([22])
2024-12-21 13:02:03,133 - [Process 1/5] - INFO - len(per_windows_prompt):1
2024-12-21 13:02:08,382 - [Process 1/5] - INFO - res.shape is :torch.Size([32])
2024-12-21 13:02:08,576 - [Process 1/5] - INFO - len(per_windows_prompt):1
2024-12-21 13:02:13,450 - [Process 1/5] - INFO - res.shape is :torch.Size([23])
2024-12-21 13:02:13,670 - [Process 1/5] - INFO - len(per_windows_prompt):1
2024-12-21 13:02:18,162 - [Process 1/5] - INFO - res.shape is :torch.Size([14])
