2024-12-21 12:54:30,134 - [Process 2/5] - INFO - loading datasets finished
2024-12-21 12:54:30,134 - [Process 2/5] - INFO - model_max_len: 3950
2024-12-21 12:54:30,134 - [Process 2/5] - INFO - output_max_len: 64
2024-12-21 12:54:30,160 - [Process 2/5] - INFO - Max Length is 10337
2024-12-21 12:54:30,161 - [Process 2/5] - INFO - Finish loading dataset
2024-12-21 12:54:30,161 - [Process 2/5] - INFO - get_predicted begin
2024-12-21 12:54:34,899 - [Process 2/5] - INFO - len(per_windows_prompt):1
2024-12-21 12:54:40,312 - [Process 2/5] - INFO - res.shape is :torch.Size([26])
2024-12-21 12:54:40,577 - [Process 2/5] - INFO - len(per_windows_prompt):1
2024-12-21 12:54:44,974 - [Process 2/5] - INFO - res.shape is :torch.Size([14])
2024-12-21 12:54:45,123 - [Process 2/5] - INFO - len(per_windows_prompt):1
2024-12-21 12:54:48,794 - [Process 2/5] - INFO - res.shape is :torch.Size([13])
2024-12-21 12:54:48,955 - [Process 2/5] - INFO - len(per_windows_prompt):1
2024-12-21 12:54:52,530 - [Process 2/5] - INFO - res.shape is :torch.Size([5])
2024-12-21 12:54:52,624 - [Process 2/5] - INFO - len(per_windows_prompt):1
2024-12-21 12:54:56,529 - [Process 2/5] - INFO - res.shape is :torch.Size([49])
2024-12-21 12:54:56,746 - [Process 2/5] - INFO - len(per_windows_prompt):1
2024-12-21 12:55:01,085 - [Process 2/5] - INFO - res.shape is :torch.Size([11])
2024-12-21 12:55:01,341 - [Process 2/5] - INFO - len(per_windows_prompt):1
2024-12-21 12:55:05,346 - [Process 2/5] - INFO - res.shape is :torch.Size([4])
2024-12-21 12:55:05,549 - [Process 2/5] - INFO - len(per_windows_prompt):1
2024-12-21 12:55:10,777 - [Process 2/5] - INFO - res.shape is :torch.Size([33])
2024-12-21 12:55:10,967 - [Process 2/5] - INFO - len(per_windows_prompt):1
2024-12-21 12:55:15,146 - [Process 2/5] - INFO - res.shape is :torch.Size([8])
2024-12-21 12:55:15,330 - [Process 2/5] - INFO - len(per_windows_prompt):1
2024-12-21 12:55:19,626 - [Process 2/5] - INFO - res.shape is :torch.Size([11])
2024-12-21 12:55:19,732 - [Process 2/5] - INFO - len(per_windows_prompt):1
2024-12-21 12:55:22,512 - [Process 2/5] - INFO - res.shape is :torch.Size([17])
2024-12-21 12:55:22,594 - [Process 2/5] - INFO - len(per_windows_prompt):1
2024-12-21 12:55:24,376 - [Process 2/5] - INFO - res.shape is :torch.Size([4])
2024-12-21 12:55:24,581 - [Process 2/5] - INFO - len(per_windows_prompt):1
2024-12-21 12:55:29,558 - [Process 2/5] - INFO - res.shape is :torch.Size([27])
2024-12-21 12:55:29,779 - [Process 2/5] - INFO - len(per_windows_prompt):1
2024-12-21 12:55:36,340 - [Process 2/5] - INFO - res.shape is :torch.Size([64])
2024-12-21 12:55:36,597 - [Process 2/5] - INFO - len(per_windows_prompt):1
2024-12-21 12:55:40,632 - [Process 2/5] - INFO - res.shape is :torch.Size([4])
2024-12-21 12:55:40,874 - [Process 2/5] - INFO - len(per_windows_prompt):1
2024-12-21 12:55:45,700 - [Process 2/5] - INFO - res.shape is :torch.Size([23])
2024-12-21 12:55:45,867 - [Process 2/5] - INFO - len(per_windows_prompt):1
2024-12-21 12:55:49,565 - [Process 2/5] - INFO - res.shape is :torch.Size([7])
2024-12-21 12:55:49,767 - [Process 2/5] - INFO - len(per_windows_prompt):1
2024-12-21 12:55:54,229 - [Process 2/5] - INFO - res.shape is :torch.Size([14])
2024-12-21 12:55:54,418 - [Process 2/5] - INFO - len(per_windows_prompt):1
2024-12-21 12:55:59,546 - [Process 2/5] - INFO - res.shape is :torch.Size([30])
2024-12-21 12:55:59,752 - [Process 2/5] - INFO - len(per_windows_prompt):1
2024-12-21 12:56:03,705 - [Process 2/5] - INFO - res.shape is :torch.Size([2])
2024-12-21 12:56:03,916 - [Process 2/5] - INFO - len(per_windows_prompt):1
2024-12-21 12:56:08,285 - [Process 2/5] - INFO - res.shape is :torch.Size([11])
2024-12-21 12:56:08,513 - [Process 2/5] - INFO - len(per_windows_prompt):1
2024-12-21 12:56:13,964 - [Process 2/5] - INFO - res.shape is :torch.Size([37])
2024-12-21 12:56:14,144 - [Process 2/5] - INFO - len(per_windows_prompt):1
2024-12-21 12:56:20,201 - [Process 2/5] - INFO - res.shape is :torch.Size([49])
2024-12-21 12:56:20,286 - [Process 2/5] - INFO - len(per_windows_prompt):1
2024-12-21 12:56:22,096 - [Process 2/5] - INFO - res.shape is :torch.Size([4])
2024-12-21 12:56:22,286 - [Process 2/5] - INFO - len(per_windows_prompt):1
2024-12-21 12:56:27,086 - [Process 2/5] - INFO - res.shape is :torch.Size([22])
2024-12-21 12:56:27,340 - [Process 2/5] - INFO - len(per_windows_prompt):1
2024-12-21 12:56:33,888 - [Process 2/5] - INFO - res.shape is :torch.Size([63])
2024-12-21 12:56:33,975 - [Process 2/5] - INFO - len(per_windows_prompt):1
2024-12-21 12:56:36,031 - [Process 2/5] - INFO - res.shape is :torch.Size([10])
2024-12-21 12:56:36,176 - [Process 2/5] - INFO - len(per_windows_prompt):1
2024-12-21 12:56:39,345 - [Process 2/5] - INFO - res.shape is :torch.Size([4])
2024-12-21 12:56:39,533 - [Process 2/5] - INFO - len(per_windows_prompt):1
2024-12-21 12:56:44,078 - [Process 2/5] - INFO - res.shape is :torch.Size([16])
2024-12-21 12:56:44,270 - [Process 2/5] - INFO - len(per_windows_prompt):1
2024-12-21 12:56:48,221 - [Process 2/5] - INFO - res.shape is :torch.Size([2])
