2024-12-21 15:50:54,502 - [Process 4/5] - INFO - loading datasets finished
2024-12-21 15:50:54,502 - [Process 4/5] - INFO - model_max_len: 3950
2024-12-21 15:50:54,502 - [Process 4/5] - INFO - output_max_len: 32
2024-12-21 15:50:54,580 - [Process 4/5] - INFO - Max Length is 12697
2024-12-21 15:50:54,580 - [Process 4/5] - INFO - Finish loading dataset
2024-12-21 15:50:54,581 - [Process 4/5] - INFO - get_predicted begin
2024-12-21 15:50:59,365 - [Process 4/5] - INFO - len(per_windows_prompt):1
2024-12-21 15:51:04,070 - [Process 4/5] - INFO - res.shape is :torch.Size([3])
2024-12-21 15:51:04,334 - [Process 4/5] - INFO - len(per_windows_prompt):1
2024-12-21 15:51:08,362 - [Process 4/5] - INFO - res.shape is :torch.Size([5])
2024-12-21 15:51:08,614 - [Process 4/5] - INFO - len(per_windows_prompt):1
2024-12-21 15:51:12,557 - [Process 4/5] - INFO - res.shape is :torch.Size([3])
2024-12-21 15:51:12,847 - [Process 4/5] - INFO - len(per_windows_prompt):1
2024-12-21 15:51:16,839 - [Process 4/5] - INFO - res.shape is :torch.Size([4])
2024-12-21 15:51:17,137 - [Process 4/5] - INFO - len(per_windows_prompt):1
2024-12-21 15:51:21,270 - [Process 4/5] - INFO - res.shape is :torch.Size([7])
2024-12-21 15:51:21,456 - [Process 4/5] - INFO - len(per_windows_prompt):1
2024-12-21 15:51:25,368 - [Process 4/5] - INFO - res.shape is :torch.Size([2])
2024-12-21 15:51:25,658 - [Process 4/5] - INFO - len(per_windows_prompt):1
2024-12-21 15:51:29,574 - [Process 4/5] - INFO - res.shape is :torch.Size([2])
2024-12-21 15:51:29,772 - [Process 4/5] - INFO - len(per_windows_prompt):1
2024-12-21 15:51:33,685 - [Process 4/5] - INFO - res.shape is :torch.Size([2])
2024-12-21 15:51:33,965 - [Process 4/5] - INFO - len(per_windows_prompt):1
2024-12-21 15:51:37,921 - [Process 4/5] - INFO - res.shape is :torch.Size([3])
2024-12-21 15:51:38,186 - [Process 4/5] - INFO - len(per_windows_prompt):1
2024-12-21 15:51:42,148 - [Process 4/5] - INFO - res.shape is :torch.Size([3])
2024-12-21 15:51:42,427 - [Process 4/5] - INFO - len(per_windows_prompt):1
2024-12-21 15:51:46,394 - [Process 4/5] - INFO - res.shape is :torch.Size([3])
2024-12-21 15:51:46,667 - [Process 4/5] - INFO - len(per_windows_prompt):1
2024-12-21 15:51:51,268 - [Process 4/5] - INFO - res.shape is :torch.Size([18])
2024-12-21 15:51:51,533 - [Process 4/5] - INFO - len(per_windows_prompt):1
2024-12-21 15:51:55,464 - [Process 4/5] - INFO - res.shape is :torch.Size([2])
2024-12-21 15:51:55,743 - [Process 4/5] - INFO - len(per_windows_prompt):1
2024-12-21 15:51:59,758 - [Process 4/5] - INFO - res.shape is :torch.Size([4])
2024-12-21 15:52:00,016 - [Process 4/5] - INFO - len(per_windows_prompt):1
2024-12-21 15:52:03,993 - [Process 4/5] - INFO - res.shape is :torch.Size([3])
2024-12-21 15:52:04,191 - [Process 4/5] - INFO - len(per_windows_prompt):1
2024-12-21 15:52:08,168 - [Process 4/5] - INFO - res.shape is :torch.Size([3])
2024-12-21 15:52:08,445 - [Process 4/5] - INFO - len(per_windows_prompt):1
2024-12-21 15:52:12,722 - [Process 4/5] - INFO - res.shape is :torch.Size([10])
2024-12-21 15:52:12,981 - [Process 4/5] - INFO - len(per_windows_prompt):1
2024-12-21 15:52:17,051 - [Process 4/5] - INFO - res.shape is :torch.Size([5])
2024-12-21 15:52:17,264 - [Process 4/5] - INFO - len(per_windows_prompt):1
2024-12-21 15:52:21,262 - [Process 4/5] - INFO - res.shape is :torch.Size([3])
2024-12-21 15:52:21,541 - [Process 4/5] - INFO - len(per_windows_prompt):1
2024-12-21 15:52:25,539 - [Process 4/5] - INFO - res.shape is :torch.Size([3])
2024-12-21 15:52:25,811 - [Process 4/5] - INFO - len(per_windows_prompt):1
2024-12-21 15:52:29,853 - [Process 4/5] - INFO - res.shape is :torch.Size([4])
2024-12-21 15:52:30,052 - [Process 4/5] - INFO - len(per_windows_prompt):1
2024-12-21 15:52:34,814 - [Process 4/5] - INFO - res.shape is :torch.Size([21])
2024-12-21 15:52:35,053 - [Process 4/5] - INFO - len(per_windows_prompt):1
2024-12-21 15:52:39,141 - [Process 4/5] - INFO - res.shape is :torch.Size([5])
2024-12-21 15:52:39,384 - [Process 4/5] - INFO - len(per_windows_prompt):1
2024-12-21 15:52:43,350 - [Process 4/5] - INFO - res.shape is :torch.Size([2])
2024-12-21 15:52:43,594 - [Process 4/5] - INFO - len(per_windows_prompt):1
2024-12-21 15:52:47,599 - [Process 4/5] - INFO - res.shape is :torch.Size([3])
2024-12-21 15:52:47,878 - [Process 4/5] - INFO - len(per_windows_prompt):1
2024-12-21 15:52:51,847 - [Process 4/5] - INFO - res.shape is :torch.Size([2])
2024-12-21 15:52:52,119 - [Process 4/5] - INFO - len(per_windows_prompt):1
2024-12-21 15:52:56,212 - [Process 4/5] - INFO - res.shape is :torch.Size([5])
2024-12-21 15:52:56,422 - [Process 4/5] - INFO - len(per_windows_prompt):1
2024-12-21 15:53:00,688 - [Process 4/5] - INFO - res.shape is :torch.Size([9])
2024-12-21 15:53:00,911 - [Process 4/5] - INFO - len(per_windows_prompt):1
2024-12-21 15:53:06,149 - [Process 4/5] - INFO - res.shape is :torch.Size([32])
2024-12-21 15:53:06,418 - [Process 4/5] - INFO - len(per_windows_prompt):1
2024-12-21 15:53:10,431 - [Process 4/5] - INFO - res.shape is :torch.Size([3])
2024-12-21 15:53:10,702 - [Process 4/5] - INFO - len(per_windows_prompt):1
2024-12-21 15:53:14,672 - [Process 4/5] - INFO - res.shape is :torch.Size([2])
2024-12-21 15:53:14,864 - [Process 4/5] - INFO - len(per_windows_prompt):1
2024-12-21 15:53:18,837 - [Process 4/5] - INFO - res.shape is :torch.Size([2])
2024-12-21 15:53:19,072 - [Process 4/5] - INFO - len(per_windows_prompt):1
2024-12-21 15:53:23,131 - [Process 4/5] - INFO - res.shape is :torch.Size([4])
2024-12-21 15:53:23,337 - [Process 4/5] - INFO - len(per_windows_prompt):1
2024-12-21 15:53:27,354 - [Process 4/5] - INFO - res.shape is :torch.Size([3])
2024-12-21 15:53:27,628 - [Process 4/5] - INFO - len(per_windows_prompt):1
2024-12-21 15:53:31,731 - [Process 4/5] - INFO - res.shape is :torch.Size([5])
2024-12-21 15:53:31,964 - [Process 4/5] - INFO - len(per_windows_prompt):1
2024-12-21 15:53:35,983 - [Process 4/5] - INFO - res.shape is :torch.Size([3])
2024-12-21 15:53:36,245 - [Process 4/5] - INFO - len(per_windows_prompt):1
2024-12-21 15:53:40,351 - [Process 4/5] - INFO - res.shape is :torch.Size([5])
2024-12-21 15:53:40,529 - [Process 4/5] - INFO - len(per_windows_prompt):1
2024-12-21 15:53:44,759 - [Process 4/5] - INFO - res.shape is :torch.Size([8])
2024-12-21 15:53:45,042 - [Process 4/5] - INFO - len(per_windows_prompt):1
2024-12-21 15:53:49,104 - [Process 4/5] - INFO - res.shape is :torch.Size([4])
2024-12-21 15:53:49,298 - [Process 4/5] - INFO - len(per_windows_prompt):1
2024-12-21 15:53:54,457 - [Process 4/5] - INFO - res.shape is :torch.Size([30])
