2024-12-21 13:45:40,955 - [Process 2/5] - INFO - loading datasets finished
2024-12-21 13:45:40,956 - [Process 2/5] - INFO - model_max_len: 3950
2024-12-21 13:45:40,956 - [Process 2/5] - INFO - output_max_len: 128
2024-12-21 13:45:41,032 - [Process 2/5] - INFO - Max Length is 12252
2024-12-21 13:45:41,032 - [Process 2/5] - INFO - Finish loading dataset
2024-12-21 13:45:41,033 - [Process 2/5] - INFO - get_predicted begin
2024-12-21 13:45:45,803 - [Process 2/5] - INFO - len(per_windows_prompt):1
2024-12-21 13:45:56,167 - [Process 2/5] - INFO - res.shape is :torch.Size([128])
2024-12-21 13:45:56,446 - [Process 2/5] - INFO - len(per_windows_prompt):1
2024-12-21 13:46:06,047 - [Process 2/5] - INFO - res.shape is :torch.Size([128])
2024-12-21 13:46:06,255 - [Process 2/5] - INFO - len(per_windows_prompt):1
2024-12-21 13:46:15,867 - [Process 2/5] - INFO - res.shape is :torch.Size([128])
2024-12-21 13:46:16,089 - [Process 2/5] - INFO - len(per_windows_prompt):1
2024-12-21 13:46:25,708 - [Process 2/5] - INFO - res.shape is :torch.Size([128])
2024-12-21 13:46:25,972 - [Process 2/5] - INFO - len(per_windows_prompt):1
2024-12-21 13:46:35,594 - [Process 2/5] - INFO - res.shape is :torch.Size([128])
2024-12-21 13:46:35,797 - [Process 2/5] - INFO - len(per_windows_prompt):1
2024-12-21 13:46:45,423 - [Process 2/5] - INFO - res.shape is :torch.Size([128])
2024-12-21 13:46:45,614 - [Process 2/5] - INFO - len(per_windows_prompt):1
2024-12-21 13:46:55,233 - [Process 2/5] - INFO - res.shape is :torch.Size([128])
2024-12-21 13:46:55,421 - [Process 2/5] - INFO - len(per_windows_prompt):1
2024-12-21 13:47:04,974 - [Process 2/5] - INFO - res.shape is :torch.Size([128])
2024-12-21 13:47:05,216 - [Process 2/5] - INFO - len(per_windows_prompt):1
2024-12-21 13:47:14,803 - [Process 2/5] - INFO - res.shape is :torch.Size([128])
2024-12-21 13:47:15,056 - [Process 2/5] - INFO - len(per_windows_prompt):1
2024-12-21 13:47:24,546 - [Process 2/5] - INFO - res.shape is :torch.Size([128])
2024-12-21 13:47:24,684 - [Process 2/5] - INFO - len(per_windows_prompt):1
2024-12-21 13:47:33,280 - [Process 2/5] - INFO - res.shape is :torch.Size([128])
2024-12-21 13:47:33,498 - [Process 2/5] - INFO - len(per_windows_prompt):1
2024-12-21 13:47:43,121 - [Process 2/5] - INFO - res.shape is :torch.Size([128])
2024-12-21 13:47:43,368 - [Process 2/5] - INFO - len(per_windows_prompt):1
2024-12-21 13:47:51,153 - [Process 2/5] - INFO - res.shape is :torch.Size([87])
2024-12-21 13:47:51,383 - [Process 2/5] - INFO - len(per_windows_prompt):1
2024-12-21 13:48:00,901 - [Process 2/5] - INFO - res.shape is :torch.Size([128])
2024-12-21 13:48:01,149 - [Process 2/5] - INFO - len(per_windows_prompt):1
2024-12-21 13:48:10,667 - [Process 2/5] - INFO - res.shape is :torch.Size([128])
2024-12-21 13:48:10,965 - [Process 2/5] - INFO - len(per_windows_prompt):1
2024-12-21 13:48:20,481 - [Process 2/5] - INFO - res.shape is :torch.Size([128])
2024-12-21 13:48:20,691 - [Process 2/5] - INFO - len(per_windows_prompt):1
2024-12-21 13:48:30,194 - [Process 2/5] - INFO - res.shape is :torch.Size([128])
2024-12-21 13:48:30,471 - [Process 2/5] - INFO - len(per_windows_prompt):1
2024-12-21 13:48:40,058 - [Process 2/5] - INFO - res.shape is :torch.Size([128])
2024-12-21 13:48:40,190 - [Process 2/5] - INFO - len(per_windows_prompt):1
2024-12-21 13:48:48,416 - [Process 2/5] - INFO - res.shape is :torch.Size([128])
2024-12-21 13:48:48,658 - [Process 2/5] - INFO - len(per_windows_prompt):1
2024-12-21 13:48:58,203 - [Process 2/5] - INFO - res.shape is :torch.Size([128])
2024-12-21 13:48:58,461 - [Process 2/5] - INFO - len(per_windows_prompt):1
2024-12-21 13:49:08,003 - [Process 2/5] - INFO - res.shape is :torch.Size([128])
2024-12-21 13:49:08,253 - [Process 2/5] - INFO - len(per_windows_prompt):1
2024-12-21 13:49:17,791 - [Process 2/5] - INFO - res.shape is :torch.Size([128])
2024-12-21 13:49:18,033 - [Process 2/5] - INFO - len(per_windows_prompt):1
2024-12-21 13:49:27,571 - [Process 2/5] - INFO - res.shape is :torch.Size([128])
2024-12-21 13:49:27,757 - [Process 2/5] - INFO - len(per_windows_prompt):1
2024-12-21 13:49:37,352 - [Process 2/5] - INFO - res.shape is :torch.Size([128])
2024-12-21 13:49:37,527 - [Process 2/5] - INFO - len(per_windows_prompt):1
2024-12-21 13:49:46,453 - [Process 2/5] - INFO - res.shape is :torch.Size([128])
2024-12-21 13:49:46,686 - [Process 2/5] - INFO - len(per_windows_prompt):1
2024-12-21 13:49:56,168 - [Process 2/5] - INFO - res.shape is :torch.Size([128])
2024-12-21 13:49:56,374 - [Process 2/5] - INFO - len(per_windows_prompt):1
2024-12-21 13:50:05,856 - [Process 2/5] - INFO - res.shape is :torch.Size([128])
2024-12-21 13:50:06,082 - [Process 2/5] - INFO - len(per_windows_prompt):1
2024-12-21 13:50:15,556 - [Process 2/5] - INFO - res.shape is :torch.Size([128])
2024-12-21 13:50:15,777 - [Process 2/5] - INFO - len(per_windows_prompt):1
2024-12-21 13:50:25,235 - [Process 2/5] - INFO - res.shape is :torch.Size([128])
2024-12-21 13:50:25,450 - [Process 2/5] - INFO - len(per_windows_prompt):1
2024-12-21 13:50:34,903 - [Process 2/5] - INFO - res.shape is :torch.Size([128])
2024-12-21 13:50:35,110 - [Process 2/5] - INFO - len(per_windows_prompt):1
2024-12-21 13:50:44,589 - [Process 2/5] - INFO - res.shape is :torch.Size([128])
2024-12-21 13:50:44,848 - [Process 2/5] - INFO - len(per_windows_prompt):1
2024-12-21 13:50:54,374 - [Process 2/5] - INFO - res.shape is :torch.Size([128])
2024-12-21 13:50:54,602 - [Process 2/5] - INFO - len(per_windows_prompt):1
2024-12-21 13:51:04,121 - [Process 2/5] - INFO - res.shape is :torch.Size([128])
2024-12-21 13:51:04,330 - [Process 2/5] - INFO - len(per_windows_prompt):1
2024-12-21 13:51:13,841 - [Process 2/5] - INFO - res.shape is :torch.Size([128])
2024-12-21 13:51:14,049 - [Process 2/5] - INFO - len(per_windows_prompt):1
2024-12-21 13:51:23,549 - [Process 2/5] - INFO - res.shape is :torch.Size([128])
2024-12-21 13:51:23,740 - [Process 2/5] - INFO - len(per_windows_prompt):1
2024-12-21 13:51:33,230 - [Process 2/5] - INFO - res.shape is :torch.Size([128])
2024-12-21 13:51:33,421 - [Process 2/5] - INFO - len(per_windows_prompt):1
2024-12-21 13:51:42,938 - [Process 2/5] - INFO - res.shape is :torch.Size([128])
2024-12-21 13:51:43,230 - [Process 2/5] - INFO - len(per_windows_prompt):1
2024-12-21 13:51:52,758 - [Process 2/5] - INFO - res.shape is :torch.Size([128])
2024-12-21 13:51:52,979 - [Process 2/5] - INFO - len(per_windows_prompt):1
2024-12-21 13:52:02,504 - [Process 2/5] - INFO - res.shape is :torch.Size([128])
2024-12-21 13:52:02,717 - [Process 2/5] - INFO - len(per_windows_prompt):1
2024-12-21 13:52:12,227 - [Process 2/5] - INFO - res.shape is :torch.Size([128])
