2024-12-21 12:59:03,856 - [Process 4/5] - INFO - loading datasets finished
2024-12-21 12:59:03,857 - [Process 4/5] - INFO - model_max_len: 3950
2024-12-21 12:59:03,857 - [Process 4/5] - INFO - output_max_len: 32
2024-12-21 12:59:03,929 - [Process 4/5] - INFO - Max Length is 12697
2024-12-21 12:59:03,930 - [Process 4/5] - INFO - Finish loading dataset
2024-12-21 12:59:03,930 - [Process 4/5] - INFO - get_predicted begin
2024-12-21 12:59:08,718 - [Process 4/5] - INFO - len(per_windows_prompt):1
2024-12-21 12:59:13,477 - [Process 4/5] - INFO - res.shape is :torch.Size([4])
2024-12-21 12:59:13,739 - [Process 4/5] - INFO - len(per_windows_prompt):1
2024-12-21 12:59:17,758 - [Process 4/5] - INFO - res.shape is :torch.Size([5])
2024-12-21 12:59:18,007 - [Process 4/5] - INFO - len(per_windows_prompt):1
2024-12-21 12:59:22,118 - [Process 4/5] - INFO - res.shape is :torch.Size([7])
2024-12-21 12:59:22,387 - [Process 4/5] - INFO - len(per_windows_prompt):1
2024-12-21 12:59:26,553 - [Process 4/5] - INFO - res.shape is :torch.Size([8])
2024-12-21 12:59:26,841 - [Process 4/5] - INFO - len(per_windows_prompt):1
2024-12-21 12:59:31,594 - [Process 4/5] - INFO - res.shape is :torch.Size([21])
2024-12-21 12:59:31,772 - [Process 4/5] - INFO - len(per_windows_prompt):1
2024-12-21 12:59:36,457 - [Process 4/5] - INFO - res.shape is :torch.Size([20])
2024-12-21 12:59:36,726 - [Process 4/5] - INFO - len(per_windows_prompt):1
2024-12-21 12:59:41,197 - [Process 4/5] - INFO - res.shape is :torch.Size([15])
2024-12-21 12:59:41,379 - [Process 4/5] - INFO - len(per_windows_prompt):1
2024-12-21 12:59:45,305 - [Process 4/5] - INFO - res.shape is :torch.Size([2])
2024-12-21 12:59:45,602 - [Process 4/5] - INFO - len(per_windows_prompt):1
2024-12-21 12:59:49,671 - [Process 4/5] - INFO - res.shape is :torch.Size([5])
2024-12-21 12:59:49,959 - [Process 4/5] - INFO - len(per_windows_prompt):1
2024-12-21 12:59:53,987 - [Process 4/5] - INFO - res.shape is :torch.Size([4])
2024-12-21 12:59:54,289 - [Process 4/5] - INFO - len(per_windows_prompt):1
2024-12-21 12:59:58,693 - [Process 4/5] - INFO - res.shape is :torch.Size([13])
2024-12-21 12:59:58,963 - [Process 4/5] - INFO - len(per_windows_prompt):1
2024-12-21 13:00:04,190 - [Process 4/5] - INFO - res.shape is :torch.Size([32])
2024-12-21 13:00:04,455 - [Process 4/5] - INFO - len(per_windows_prompt):1
2024-12-21 13:00:08,522 - [Process 4/5] - INFO - res.shape is :torch.Size([5])
2024-12-21 13:00:08,799 - [Process 4/5] - INFO - len(per_windows_prompt):1
2024-12-21 13:00:12,870 - [Process 4/5] - INFO - res.shape is :torch.Size([5])
2024-12-21 13:00:13,127 - [Process 4/5] - INFO - len(per_windows_prompt):1
2024-12-21 13:00:18,381 - [Process 4/5] - INFO - res.shape is :torch.Size([31])
2024-12-21 13:00:18,579 - [Process 4/5] - INFO - len(per_windows_prompt):1
2024-12-21 13:00:23,805 - [Process 4/5] - INFO - res.shape is :torch.Size([32])
2024-12-21 13:00:24,086 - [Process 4/5] - INFO - len(per_windows_prompt):1
2024-12-21 13:00:28,558 - [Process 4/5] - INFO - res.shape is :torch.Size([14])
2024-12-21 13:00:28,817 - [Process 4/5] - INFO - len(per_windows_prompt):1
2024-12-21 13:00:32,905 - [Process 4/5] - INFO - res.shape is :torch.Size([5])
2024-12-21 13:00:33,116 - [Process 4/5] - INFO - len(per_windows_prompt):1
2024-12-21 13:00:37,182 - [Process 4/5] - INFO - res.shape is :torch.Size([4])
2024-12-21 13:00:37,483 - [Process 4/5] - INFO - len(per_windows_prompt):1
2024-12-21 13:00:41,976 - [Process 4/5] - INFO - res.shape is :torch.Size([14])
2024-12-21 13:00:42,274 - [Process 4/5] - INFO - len(per_windows_prompt):1
2024-12-21 13:00:46,542 - [Process 4/5] - INFO - res.shape is :torch.Size([9])
2024-12-21 13:00:46,741 - [Process 4/5] - INFO - len(per_windows_prompt):1
2024-12-21 13:00:51,428 - [Process 4/5] - INFO - res.shape is :torch.Size([19])
2024-12-21 13:00:51,678 - [Process 4/5] - INFO - len(per_windows_prompt):1
2024-12-21 13:00:55,873 - [Process 4/5] - INFO - res.shape is :torch.Size([7])
2024-12-21 13:00:56,138 - [Process 4/5] - INFO - len(per_windows_prompt):1
2024-12-21 13:01:00,114 - [Process 4/5] - INFO - res.shape is :torch.Size([2])
2024-12-21 13:01:00,355 - [Process 4/5] - INFO - len(per_windows_prompt):1
2024-12-21 13:01:04,668 - [Process 4/5] - INFO - res.shape is :torch.Size([10])
2024-12-21 13:01:04,947 - [Process 4/5] - INFO - len(per_windows_prompt):1
2024-12-21 13:01:08,968 - [Process 4/5] - INFO - res.shape is :torch.Size([3])
2024-12-21 13:01:09,236 - [Process 4/5] - INFO - len(per_windows_prompt):1
2024-12-21 13:01:13,719 - [Process 4/5] - INFO - res.shape is :torch.Size([14])
2024-12-21 13:01:13,941 - [Process 4/5] - INFO - len(per_windows_prompt):1
2024-12-21 13:01:18,683 - [Process 4/5] - INFO - res.shape is :torch.Size([19])
2024-12-21 13:01:18,924 - [Process 4/5] - INFO - len(per_windows_prompt):1
2024-12-21 13:01:24,193 - [Process 4/5] - INFO - res.shape is :torch.Size([32])
2024-12-21 13:01:24,462 - [Process 4/5] - INFO - len(per_windows_prompt):1
2024-12-21 13:01:28,570 - [Process 4/5] - INFO - res.shape is :torch.Size([5])
2024-12-21 13:01:28,842 - [Process 4/5] - INFO - len(per_windows_prompt):1
2024-12-21 13:01:33,645 - [Process 4/5] - INFO - res.shape is :torch.Size([21])
2024-12-21 13:01:33,838 - [Process 4/5] - INFO - len(per_windows_prompt):1
2024-12-21 13:01:37,864 - [Process 4/5] - INFO - res.shape is :torch.Size([3])
2024-12-21 13:01:38,100 - [Process 4/5] - INFO - len(per_windows_prompt):1
2024-12-21 13:01:42,228 - [Process 4/5] - INFO - res.shape is :torch.Size([5])
2024-12-21 13:01:42,448 - [Process 4/5] - INFO - len(per_windows_prompt):1
2024-12-21 13:01:46,688 - [Process 4/5] - INFO - res.shape is :torch.Size([8])
2024-12-21 13:01:46,963 - [Process 4/5] - INFO - len(per_windows_prompt):1
2024-12-21 13:01:51,282 - [Process 4/5] - INFO - res.shape is :torch.Size([10])
2024-12-21 13:01:51,523 - [Process 4/5] - INFO - len(per_windows_prompt):1
2024-12-21 13:01:55,594 - [Process 4/5] - INFO - res.shape is :torch.Size([4])
2024-12-21 13:01:55,854 - [Process 4/5] - INFO - len(per_windows_prompt):1
2024-12-21 13:02:01,069 - [Process 4/5] - INFO - res.shape is :torch.Size([31])
2024-12-21 13:02:01,249 - [Process 4/5] - INFO - len(per_windows_prompt):1
2024-12-21 13:02:05,485 - [Process 4/5] - INFO - res.shape is :torch.Size([8])
2024-12-21 13:02:05,768 - [Process 4/5] - INFO - len(per_windows_prompt):1
2024-12-21 13:02:10,175 - [Process 4/5] - INFO - res.shape is :torch.Size([12])
2024-12-21 13:02:10,370 - [Process 4/5] - INFO - len(per_windows_prompt):1
2024-12-21 13:02:14,355 - [Process 4/5] - INFO - res.shape is :torch.Size([2])
