2024-12-21 12:18:47,080 - [Process 4/5] - INFO - loading datasets finished
2024-12-21 12:18:47,081 - [Process 4/5] - INFO - model_max_len: 3950
2024-12-21 12:18:47,081 - [Process 4/5] - INFO - output_max_len: 64
2024-12-21 12:18:47,097 - [Process 4/5] - INFO - Max Length is 10337
2024-12-21 12:18:47,097 - [Process 4/5] - INFO - Finish loading dataset
2024-12-21 12:18:47,097 - [Process 4/5] - INFO - get_predicted begin
2024-12-21 12:18:51,874 - [Process 4/5] - INFO - len(per_windows_prompt):1
2024-12-21 12:18:56,092 - [Process 4/5] - INFO - res.shape is :torch.Size([11])
2024-12-21 12:18:56,213 - [Process 4/5] - INFO - len(per_windows_prompt):1
2024-12-21 12:19:01,971 - [Process 4/5] - INFO - res.shape is :torch.Size([49])
2024-12-21 12:19:02,068 - [Process 4/5] - INFO - len(per_windows_prompt):1
2024-12-21 12:19:06,162 - [Process 4/5] - INFO - res.shape is :torch.Size([11])
2024-12-21 12:19:06,271 - [Process 4/5] - INFO - len(per_windows_prompt):1
2024-12-21 12:19:10,226 - [Process 4/5] - INFO - res.shape is :torch.Size([4])
2024-12-21 12:19:10,351 - [Process 4/5] - INFO - len(per_windows_prompt):1
2024-12-21 12:19:15,285 - [Process 4/5] - INFO - res.shape is :torch.Size([28])
2024-12-21 12:19:15,413 - [Process 4/5] - INFO - len(per_windows_prompt):1
2024-12-21 12:19:19,626 - [Process 4/5] - INFO - res.shape is :torch.Size([10])
2024-12-21 12:19:19,739 - [Process 4/5] - INFO - len(per_windows_prompt):1
2024-12-21 12:19:24,678 - [Process 4/5] - INFO - res.shape is :torch.Size([28])
2024-12-21 12:19:24,804 - [Process 4/5] - INFO - len(per_windows_prompt):1
2024-12-21 12:19:28,789 - [Process 4/5] - INFO - res.shape is :torch.Size([4])
2024-12-21 12:19:28,900 - [Process 4/5] - INFO - len(per_windows_prompt):1
2024-12-21 12:19:32,801 - [Process 4/5] - INFO - res.shape is :torch.Size([2])
2024-12-21 12:19:32,935 - [Process 4/5] - INFO - len(per_windows_prompt):1
2024-12-21 12:19:38,436 - [Process 4/5] - INFO - res.shape is :torch.Size([42])
2024-12-21 12:19:38,533 - [Process 4/5] - INFO - len(per_windows_prompt):1
2024-12-21 12:19:42,389 - [Process 4/5] - INFO - res.shape is :torch.Size([4])
2024-12-21 12:19:42,485 - [Process 4/5] - INFO - len(per_windows_prompt):1
2024-12-21 12:19:46,387 - [Process 4/5] - INFO - res.shape is :torch.Size([5])
2024-12-21 12:19:46,491 - [Process 4/5] - INFO - len(per_windows_prompt):1
2024-12-21 12:19:52,477 - [Process 4/5] - INFO - res.shape is :torch.Size([54])
2024-12-21 12:19:52,615 - [Process 4/5] - INFO - len(per_windows_prompt):1
2024-12-21 12:19:58,013 - [Process 4/5] - INFO - res.shape is :torch.Size([39])
2024-12-21 12:19:58,151 - [Process 4/5] - INFO - len(per_windows_prompt):1
2024-12-21 12:20:02,249 - [Process 4/5] - INFO - res.shape is :torch.Size([6])
2024-12-21 12:20:02,386 - [Process 4/5] - INFO - len(per_windows_prompt):1
2024-12-21 12:20:06,642 - [Process 4/5] - INFO - res.shape is :torch.Size([10])
2024-12-21 12:20:06,770 - [Process 4/5] - INFO - len(per_windows_prompt):1
2024-12-21 12:20:10,753 - [Process 4/5] - INFO - res.shape is :torch.Size([3])
2024-12-21 12:20:10,886 - [Process 4/5] - INFO - len(per_windows_prompt):1
2024-12-21 12:20:14,951 - [Process 4/5] - INFO - res.shape is :torch.Size([5])
2024-12-21 12:20:15,070 - [Process 4/5] - INFO - len(per_windows_prompt):1
2024-12-21 12:20:19,098 - [Process 4/5] - INFO - res.shape is :torch.Size([4])
2024-12-21 12:20:19,224 - [Process 4/5] - INFO - len(per_windows_prompt):1
2024-12-21 12:20:24,133 - [Process 4/5] - INFO - res.shape is :torch.Size([26])
2024-12-21 12:20:24,247 - [Process 4/5] - INFO - len(per_windows_prompt):1
2024-12-21 12:20:28,357 - [Process 4/5] - INFO - res.shape is :torch.Size([6])
2024-12-21 12:20:28,454 - [Process 4/5] - INFO - len(per_windows_prompt):1
2024-12-21 12:20:32,276 - [Process 4/5] - INFO - res.shape is :torch.Size([7])
2024-12-21 12:20:32,421 - [Process 4/5] - INFO - len(per_windows_prompt):1
2024-12-21 12:20:37,095 - [Process 4/5] - INFO - res.shape is :torch.Size([20])
2024-12-21 12:20:37,192 - [Process 4/5] - INFO - len(per_windows_prompt):1
2024-12-21 12:20:41,595 - [Process 4/5] - INFO - res.shape is :torch.Size([17])
2024-12-21 12:20:41,634 - [Process 4/5] - INFO - len(per_windows_prompt):1
2024-12-21 12:20:44,807 - [Process 4/5] - INFO - res.shape is :torch.Size([55])
2024-12-21 12:20:44,942 - [Process 4/5] - INFO - len(per_windows_prompt):1
2024-12-21 12:20:51,369 - [Process 4/5] - INFO - res.shape is :torch.Size([64])
2024-12-21 12:20:51,448 - [Process 4/5] - INFO - len(per_windows_prompt):1
2024-12-21 12:20:54,613 - [Process 4/5] - INFO - res.shape is :torch.Size([4])
2024-12-21 12:20:54,748 - [Process 4/5] - INFO - len(per_windows_prompt):1
2024-12-21 12:20:58,712 - [Process 4/5] - INFO - res.shape is :torch.Size([2])
2024-12-21 12:20:58,824 - [Process 4/5] - INFO - len(per_windows_prompt):1
2024-12-21 12:21:04,016 - [Process 4/5] - INFO - res.shape is :torch.Size([33])
2024-12-21 12:21:04,155 - [Process 4/5] - INFO - len(per_windows_prompt):1
2024-12-21 12:21:09,119 - [Process 4/5] - INFO - res.shape is :torch.Size([27])
