2024-12-21 13:04:15,458 - [Process 4/5] - INFO - loading datasets finished
2024-12-21 13:04:15,458 - [Process 4/5] - INFO - model_max_len: 3950
2024-12-21 13:04:15,458 - [Process 4/5] - INFO - output_max_len: 32
2024-12-21 13:04:15,499 - [Process 4/5] - INFO - Max Length is 11950
2024-12-21 13:04:15,500 - [Process 4/5] - INFO - Finish loading dataset
2024-12-21 13:04:15,500 - [Process 4/5] - INFO - get_predicted begin
2024-12-21 13:04:20,337 - [Process 4/5] - INFO - len(per_windows_prompt):1
2024-12-21 13:04:25,261 - [Process 4/5] - INFO - res.shape is :torch.Size([8])
2024-12-21 13:04:25,460 - [Process 4/5] - INFO - len(per_windows_prompt):1
2024-12-21 13:04:29,481 - [Process 4/5] - INFO - res.shape is :torch.Size([5])
2024-12-21 13:04:29,710 - [Process 4/5] - INFO - len(per_windows_prompt):1
2024-12-21 13:04:34,031 - [Process 4/5] - INFO - res.shape is :torch.Size([12])
2024-12-21 13:04:34,229 - [Process 4/5] - INFO - len(per_windows_prompt):1
2024-12-21 13:04:38,144 - [Process 4/5] - INFO - res.shape is :torch.Size([2])
2024-12-21 13:04:38,331 - [Process 4/5] - INFO - len(per_windows_prompt):1
2024-12-21 13:04:42,670 - [Process 4/5] - INFO - res.shape is :torch.Size([12])
2024-12-21 13:04:42,868 - [Process 4/5] - INFO - len(per_windows_prompt):1
2024-12-21 13:04:47,332 - [Process 4/5] - INFO - res.shape is :torch.Size([15])
2024-12-21 13:04:47,522 - [Process 4/5] - INFO - len(per_windows_prompt):1
2024-12-21 13:04:52,746 - [Process 4/5] - INFO - res.shape is :torch.Size([32])
2024-12-21 13:04:52,930 - [Process 4/5] - INFO - len(per_windows_prompt):1
2024-12-21 13:04:56,997 - [Process 4/5] - INFO - res.shape is :torch.Size([5])
2024-12-21 13:04:57,253 - [Process 4/5] - INFO - len(per_windows_prompt):1
2024-12-21 13:05:01,310 - [Process 4/5] - INFO - res.shape is :torch.Size([5])
2024-12-21 13:05:01,510 - [Process 4/5] - INFO - len(per_windows_prompt):1
2024-12-21 13:05:06,595 - [Process 4/5] - INFO - res.shape is :torch.Size([28])
2024-12-21 13:05:06,806 - [Process 4/5] - INFO - len(per_windows_prompt):1
2024-12-21 13:05:12,031 - [Process 4/5] - INFO - res.shape is :torch.Size([32])
2024-12-21 13:05:12,238 - [Process 4/5] - INFO - len(per_windows_prompt):1
2024-12-21 13:05:16,228 - [Process 4/5] - INFO - res.shape is :torch.Size([3])
2024-12-21 13:05:16,512 - [Process 4/5] - INFO - len(per_windows_prompt):1
2024-12-21 13:05:21,758 - [Process 4/5] - INFO - res.shape is :torch.Size([32])
2024-12-21 13:05:21,956 - [Process 4/5] - INFO - len(per_windows_prompt):1
2024-12-21 13:05:26,292 - [Process 4/5] - INFO - res.shape is :torch.Size([11])
2024-12-21 13:05:26,541 - [Process 4/5] - INFO - len(per_windows_prompt):1
2024-12-21 13:05:31,428 - [Process 4/5] - INFO - res.shape is :torch.Size([24])
2024-12-21 13:05:31,645 - [Process 4/5] - INFO - len(per_windows_prompt):1
2024-12-21 13:05:36,364 - [Process 4/5] - INFO - res.shape is :torch.Size([20])
2024-12-21 13:05:36,617 - [Process 4/5] - INFO - len(per_windows_prompt):1
2024-12-21 13:05:41,088 - [Process 4/5] - INFO - res.shape is :torch.Size([14])
2024-12-21 13:05:41,329 - [Process 4/5] - INFO - len(per_windows_prompt):1
2024-12-21 13:05:46,182 - [Process 4/5] - INFO - res.shape is :torch.Size([23])
2024-12-21 13:05:46,377 - [Process 4/5] - INFO - len(per_windows_prompt):1
2024-12-21 13:05:50,427 - [Process 4/5] - INFO - res.shape is :torch.Size([4])
2024-12-21 13:05:50,619 - [Process 4/5] - INFO - len(per_windows_prompt):1
2024-12-21 13:05:54,673 - [Process 4/5] - INFO - res.shape is :torch.Size([4])
2024-12-21 13:05:54,869 - [Process 4/5] - INFO - len(per_windows_prompt):1
2024-12-21 13:06:00,107 - [Process 4/5] - INFO - res.shape is :torch.Size([32])
2024-12-21 13:06:00,329 - [Process 4/5] - INFO - len(per_windows_prompt):1
2024-12-21 13:06:05,418 - [Process 4/5] - INFO - res.shape is :torch.Size([28])
2024-12-21 13:06:05,609 - [Process 4/5] - INFO - len(per_windows_prompt):1
2024-12-21 13:06:10,006 - [Process 4/5] - INFO - res.shape is :torch.Size([12])
2024-12-21 13:06:10,206 - [Process 4/5] - INFO - len(per_windows_prompt):1
2024-12-21 13:06:14,777 - [Process 4/5] - INFO - res.shape is :torch.Size([16])
2024-12-21 13:06:14,988 - [Process 4/5] - INFO - len(per_windows_prompt):1
2024-12-21 13:06:18,963 - [Process 4/5] - INFO - res.shape is :torch.Size([2])
2024-12-21 13:06:19,152 - [Process 4/5] - INFO - len(per_windows_prompt):1
2024-12-21 13:06:23,508 - [Process 4/5] - INFO - res.shape is :torch.Size([11])
2024-12-21 13:06:23,670 - [Process 4/5] - INFO - len(per_windows_prompt):1
2024-12-21 13:06:27,703 - [Process 4/5] - INFO - res.shape is :torch.Size([13])
2024-12-21 13:06:27,899 - [Process 4/5] - INFO - len(per_windows_prompt):1
2024-12-21 13:06:32,135 - [Process 4/5] - INFO - res.shape is :torch.Size([8])
2024-12-21 13:06:32,207 - [Process 4/5] - INFO - len(per_windows_prompt):1
2024-12-21 13:06:33,723 - [Process 4/5] - INFO - res.shape is :torch.Size([2])
2024-12-21 13:06:33,996 - [Process 4/5] - INFO - len(per_windows_prompt):1
2024-12-21 13:06:38,062 - [Process 4/5] - INFO - res.shape is :torch.Size([4])
2024-12-21 13:06:38,280 - [Process 4/5] - INFO - len(per_windows_prompt):1
2024-12-21 13:06:42,893 - [Process 4/5] - INFO - res.shape is :torch.Size([17])
2024-12-21 13:06:42,954 - [Process 4/5] - INFO - len(per_windows_prompt):1
2024-12-21 13:06:44,313 - [Process 4/5] - INFO - res.shape is :torch.Size([2])
2024-12-21 13:06:44,618 - [Process 4/5] - INFO - len(per_windows_prompt):1
2024-12-21 13:06:48,601 - [Process 4/5] - INFO - res.shape is :torch.Size([2])
2024-12-21 13:06:48,802 - [Process 4/5] - INFO - len(per_windows_prompt):1
2024-12-21 13:06:53,335 - [Process 4/5] - INFO - res.shape is :torch.Size([15])
2024-12-21 13:06:53,528 - [Process 4/5] - INFO - len(per_windows_prompt):1
2024-12-21 13:06:58,785 - [Process 4/5] - INFO - res.shape is :torch.Size([32])
2024-12-21 13:06:59,009 - [Process 4/5] - INFO - len(per_windows_prompt):1
2024-12-21 13:07:03,263 - [Process 4/5] - INFO - res.shape is :torch.Size([8])
2024-12-21 13:07:03,520 - [Process 4/5] - INFO - len(per_windows_prompt):1
2024-12-21 13:07:08,378 - [Process 4/5] - INFO - res.shape is :torch.Size([22])
2024-12-21 13:07:08,567 - [Process 4/5] - INFO - len(per_windows_prompt):1
2024-12-21 13:07:12,764 - [Process 4/5] - INFO - res.shape is :torch.Size([7])
2024-12-21 13:07:12,953 - [Process 4/5] - INFO - len(per_windows_prompt):1
2024-12-21 13:07:16,982 - [Process 4/5] - INFO - res.shape is :torch.Size([3])
2024-12-21 13:07:17,176 - [Process 4/5] - INFO - len(per_windows_prompt):1
2024-12-21 13:07:21,896 - [Process 4/5] - INFO - res.shape is :torch.Size([18])
