2024-12-21 17:07:42,605 - [Process 2/5] - INFO - loading datasets finished
2024-12-21 17:07:42,606 - [Process 2/5] - INFO - model_max_len: 3950
2024-12-21 17:07:42,606 - [Process 2/5] - INFO - output_max_len: 512
2024-12-21 17:07:42,676 - [Process 2/5] - INFO - Max Length is 40508
2024-12-21 17:07:42,677 - [Process 2/5] - INFO - Finish loading dataset
2024-12-21 17:07:42,677 - [Process 2/5] - INFO - get_predicted begin
2024-12-21 17:07:47,431 - [Process 2/5] - INFO - len(per_windows_prompt):1
2024-12-21 17:08:01,580 - [Process 2/5] - INFO - res.shape is :torch.Size([237])
2024-12-21 17:08:01,791 - [Process 2/5] - INFO - len(per_windows_prompt):1
2024-12-21 17:08:20,213 - [Process 2/5] - INFO - res.shape is :torch.Size([309])
2024-12-21 17:08:20,538 - [Process 2/5] - INFO - len(per_windows_prompt):1
2024-12-21 17:08:30,080 - [Process 2/5] - INFO - res.shape is :torch.Size([125])
2024-12-21 17:08:30,359 - [Process 2/5] - INFO - len(per_windows_prompt):1
2024-12-21 17:08:44,315 - [Process 2/5] - INFO - res.shape is :torch.Size([221])
2024-12-21 17:08:44,551 - [Process 2/5] - INFO - len(per_windows_prompt):1
2024-12-21 17:09:12,619 - [Process 2/5] - INFO - res.shape is :torch.Size([512])
2024-12-21 17:09:12,886 - [Process 2/5] - INFO - len(per_windows_prompt):1
2024-12-21 17:09:23,677 - [Process 2/5] - INFO - res.shape is :torch.Size([152])
2024-12-21 17:09:23,966 - [Process 2/5] - INFO - len(per_windows_prompt):1
2024-12-21 17:09:35,775 - [Process 2/5] - INFO - res.shape is :torch.Size([182])
2024-12-21 17:09:36,021 - [Process 2/5] - INFO - len(per_windows_prompt):1
2024-12-21 17:09:45,234 - [Process 2/5] - INFO - res.shape is :torch.Size([121])
2024-12-21 17:09:45,456 - [Process 2/5] - INFO - len(per_windows_prompt):1
2024-12-21 17:09:57,220 - [Process 2/5] - INFO - res.shape is :torch.Size([173])
2024-12-21 17:09:57,454 - [Process 2/5] - INFO - len(per_windows_prompt):1
2024-12-21 17:10:11,627 - [Process 2/5] - INFO - res.shape is :torch.Size([233])
2024-12-21 17:10:12,000 - [Process 2/5] - INFO - len(per_windows_prompt):1
2024-12-21 17:10:29,908 - [Process 2/5] - INFO - res.shape is :torch.Size([312])
2024-12-21 17:10:30,146 - [Process 2/5] - INFO - len(per_windows_prompt):1
2024-12-21 17:10:44,771 - [Process 2/5] - INFO - res.shape is :torch.Size([240])
2024-12-21 17:10:45,056 - [Process 2/5] - INFO - len(per_windows_prompt):1
2024-12-21 17:11:12,252 - [Process 2/5] - INFO - res.shape is :torch.Size([512])
2024-12-21 17:11:12,723 - [Process 2/5] - INFO - len(per_windows_prompt):1
2024-12-21 17:11:28,176 - [Process 2/5] - INFO - res.shape is :torch.Size([255])
2024-12-21 17:11:28,398 - [Process 2/5] - INFO - len(per_windows_prompt):1
2024-12-21 17:11:44,162 - [Process 2/5] - INFO - res.shape is :torch.Size([268])
2024-12-21 17:11:44,388 - [Process 2/5] - INFO - len(per_windows_prompt):1
2024-12-21 17:12:04,754 - [Process 2/5] - INFO - res.shape is :torch.Size([366])
2024-12-21 17:12:04,926 - [Process 2/5] - INFO - len(per_windows_prompt):1
2024-12-21 17:12:16,240 - [Process 2/5] - INFO - res.shape is :torch.Size([196])
2024-12-21 17:12:16,500 - [Process 2/5] - INFO - len(per_windows_prompt):1
2024-12-21 17:12:34,016 - [Process 2/5] - INFO - res.shape is :torch.Size([307])
2024-12-21 17:12:34,441 - [Process 2/5] - INFO - len(per_windows_prompt):1
2024-12-21 17:12:49,213 - [Process 2/5] - INFO - res.shape is :torch.Size([245])
2024-12-21 17:12:49,432 - [Process 2/5] - INFO - len(per_windows_prompt):1
2024-12-21 17:13:05,775 - [Process 2/5] - INFO - res.shape is :torch.Size([280])
2024-12-21 17:13:06,010 - [Process 2/5] - INFO - len(per_windows_prompt):1
2024-12-21 17:13:17,588 - [Process 2/5] - INFO - res.shape is :torch.Size([176])
2024-12-21 17:13:17,823 - [Process 2/5] - INFO - len(per_windows_prompt):1
2024-12-21 17:13:44,846 - [Process 2/5] - INFO - res.shape is :torch.Size([512])
2024-12-21 17:13:45,064 - [Process 2/5] - INFO - len(per_windows_prompt):1
2024-12-21 17:14:01,430 - [Process 2/5] - INFO - res.shape is :torch.Size([280])
2024-12-21 17:14:01,708 - [Process 2/5] - INFO - len(per_windows_prompt):1
2024-12-21 17:14:17,636 - [Process 2/5] - INFO - res.shape is :torch.Size([270])
2024-12-21 17:14:17,880 - [Process 2/5] - INFO - len(per_windows_prompt):1
2024-12-21 17:14:44,988 - [Process 2/5] - INFO - res.shape is :torch.Size([512])
2024-12-21 17:14:45,220 - [Process 2/5] - INFO - len(per_windows_prompt):1
2024-12-21 17:15:01,970 - [Process 2/5] - INFO - res.shape is :torch.Size([285])
2024-12-21 17:15:02,192 - [Process 2/5] - INFO - len(per_windows_prompt):1
2024-12-21 17:15:19,721 - [Process 2/5] - INFO - res.shape is :torch.Size([306])
2024-12-21 17:15:19,974 - [Process 2/5] - INFO - len(per_windows_prompt):1
2024-12-21 17:15:29,992 - [Process 2/5] - INFO - res.shape is :torch.Size([139])
2024-12-21 17:15:30,205 - [Process 2/5] - INFO - len(per_windows_prompt):1
2024-12-21 17:15:44,483 - [Process 2/5] - INFO - res.shape is :torch.Size([227])
2024-12-21 17:15:44,663 - [Process 2/5] - INFO - len(per_windows_prompt):1
2024-12-21 17:15:57,602 - [Process 2/5] - INFO - res.shape is :torch.Size([222])
2024-12-21 17:15:57,793 - [Process 2/5] - INFO - len(per_windows_prompt):1
2024-12-21 17:16:11,868 - [Process 2/5] - INFO - res.shape is :torch.Size([231])
2024-12-21 17:16:12,113 - [Process 2/5] - INFO - len(per_windows_prompt):1
2024-12-21 17:16:39,162 - [Process 2/5] - INFO - res.shape is :torch.Size([512])
2024-12-21 17:16:39,458 - [Process 2/5] - INFO - len(per_windows_prompt):1
2024-12-21 17:16:50,617 - [Process 2/5] - INFO - res.shape is :torch.Size([165])
2024-12-21 17:16:50,812 - [Process 2/5] - INFO - len(per_windows_prompt):1
2024-12-21 17:17:17,946 - [Process 2/5] - INFO - res.shape is :torch.Size([512])
2024-12-21 17:17:18,156 - [Process 2/5] - INFO - len(per_windows_prompt):1
2024-12-21 17:17:29,484 - [Process 2/5] - INFO - res.shape is :torch.Size([176])
2024-12-21 17:17:30,189 - [Process 2/5] - INFO - len(per_windows_prompt):1
2024-12-21 17:17:40,412 - [Process 2/5] - INFO - res.shape is :torch.Size([144])
2024-12-21 17:17:40,699 - [Process 2/5] - INFO - len(per_windows_prompt):1
2024-12-21 17:17:54,793 - [Process 2/5] - INFO - res.shape is :torch.Size([241])
2024-12-21 17:17:55,016 - [Process 2/5] - INFO - len(per_windows_prompt):1
2024-12-21 17:18:06,839 - [Process 2/5] - INFO - res.shape is :torch.Size([188])
2024-12-21 17:18:07,065 - [Process 2/5] - INFO - len(per_windows_prompt):1
2024-12-21 17:18:20,862 - [Process 2/5] - INFO - res.shape is :torch.Size([235])
2024-12-21 17:18:21,120 - [Process 2/5] - INFO - len(per_windows_prompt):1
2024-12-21 17:18:31,980 - [Process 2/5] - INFO - res.shape is :torch.Size([166])
