2024-12-21 16:42:03,311 - [Process 2/5] - INFO - loading datasets finished
2024-12-21 16:42:03,311 - [Process 2/5] - INFO - model_max_len: 3950
2024-12-21 16:42:03,311 - [Process 2/5] - INFO - output_max_len: 64
2024-12-21 16:42:03,345 - [Process 2/5] - INFO - Max Length is 10029
2024-12-21 16:42:03,346 - [Process 2/5] - INFO - Finish loading dataset
2024-12-21 16:42:03,347 - [Process 2/5] - INFO - get_predicted begin
2024-12-21 16:42:08,162 - [Process 2/5] - INFO - len(per_windows_prompt):1
2024-12-21 16:42:15,681 - [Process 2/5] - INFO - res.shape is :torch.Size([64])
2024-12-21 16:42:15,809 - [Process 2/5] - INFO - len(per_windows_prompt):1
2024-12-21 16:42:19,386 - [Process 2/5] - INFO - res.shape is :torch.Size([35])
2024-12-21 16:42:19,505 - [Process 2/5] - INFO - len(per_windows_prompt):1
2024-12-21 16:42:24,522 - [Process 2/5] - INFO - res.shape is :torch.Size([64])
2024-12-21 16:42:24,625 - [Process 2/5] - INFO - len(per_windows_prompt):1
2024-12-21 16:42:29,293 - [Process 2/5] - INFO - res.shape is :torch.Size([64])
2024-12-21 16:42:29,380 - [Process 2/5] - INFO - len(per_windows_prompt):1
2024-12-21 16:42:33,475 - [Process 2/5] - INFO - res.shape is :torch.Size([57])
2024-12-21 16:42:33,652 - [Process 2/5] - INFO - len(per_windows_prompt):1
2024-12-21 16:42:40,256 - [Process 2/5] - INFO - res.shape is :torch.Size([64])
2024-12-21 16:42:40,393 - [Process 2/5] - INFO - len(per_windows_prompt):1
2024-12-21 16:42:46,159 - [Process 2/5] - INFO - res.shape is :torch.Size([64])
2024-12-21 16:42:46,276 - [Process 2/5] - INFO - len(per_windows_prompt):1
2024-12-21 16:42:51,699 - [Process 2/5] - INFO - res.shape is :torch.Size([64])
2024-12-21 16:42:51,854 - [Process 2/5] - INFO - len(per_windows_prompt):1
2024-12-21 16:42:57,770 - [Process 2/5] - INFO - res.shape is :torch.Size([64])
2024-12-21 16:42:57,975 - [Process 2/5] - INFO - len(per_windows_prompt):1
2024-12-21 16:43:04,688 - [Process 2/5] - INFO - res.shape is :torch.Size([64])
2024-12-21 16:43:04,840 - [Process 2/5] - INFO - len(per_windows_prompt):1
2024-12-21 16:43:10,838 - [Process 2/5] - INFO - res.shape is :torch.Size([64])
2024-12-21 16:43:11,018 - [Process 2/5] - INFO - len(per_windows_prompt):1
2024-12-21 16:43:17,669 - [Process 2/5] - INFO - res.shape is :torch.Size([64])
2024-12-21 16:43:17,787 - [Process 2/5] - INFO - len(per_windows_prompt):1
2024-12-21 16:43:23,119 - [Process 2/5] - INFO - res.shape is :torch.Size([64])
2024-12-21 16:43:23,230 - [Process 2/5] - INFO - len(per_windows_prompt):1
2024-12-21 16:43:28,333 - [Process 2/5] - INFO - res.shape is :torch.Size([64])
2024-12-21 16:43:28,526 - [Process 2/5] - INFO - len(per_windows_prompt):1
2024-12-21 16:43:35,242 - [Process 2/5] - INFO - res.shape is :torch.Size([64])
2024-12-21 16:43:35,399 - [Process 2/5] - INFO - len(per_windows_prompt):1
2024-12-21 16:43:41,364 - [Process 2/5] - INFO - res.shape is :torch.Size([64])
2024-12-21 16:43:41,449 - [Process 2/5] - INFO - len(per_windows_prompt):1
2024-12-21 16:43:45,939 - [Process 2/5] - INFO - res.shape is :torch.Size([64])
2024-12-21 16:43:46,125 - [Process 2/5] - INFO - len(per_windows_prompt):1
2024-12-21 16:43:52,873 - [Process 2/5] - INFO - res.shape is :torch.Size([64])
2024-12-21 16:43:52,995 - [Process 2/5] - INFO - len(per_windows_prompt):1
2024-12-21 16:43:58,330 - [Process 2/5] - INFO - res.shape is :torch.Size([64])
2024-12-21 16:43:58,413 - [Process 2/5] - INFO - len(per_windows_prompt):1
2024-12-21 16:44:02,279 - [Process 2/5] - INFO - res.shape is :torch.Size([64])
2024-12-21 16:44:02,474 - [Process 2/5] - INFO - len(per_windows_prompt):1
2024-12-21 16:44:09,140 - [Process 2/5] - INFO - res.shape is :torch.Size([64])
2024-12-21 16:44:09,308 - [Process 2/5] - INFO - len(per_windows_prompt):1
2024-12-21 16:44:15,175 - [Process 2/5] - INFO - res.shape is :torch.Size([64])
2024-12-21 16:44:15,357 - [Process 2/5] - INFO - len(per_windows_prompt):1
2024-12-21 16:44:21,822 - [Process 2/5] - INFO - res.shape is :torch.Size([64])
2024-12-21 16:44:21,921 - [Process 2/5] - INFO - len(per_windows_prompt):1
2024-12-21 16:44:26,037 - [Process 2/5] - INFO - res.shape is :torch.Size([64])
2024-12-21 16:44:26,165 - [Process 2/5] - INFO - len(per_windows_prompt):1
2024-12-21 16:44:31,148 - [Process 2/5] - INFO - res.shape is :torch.Size([64])
2024-12-21 16:44:31,249 - [Process 2/5] - INFO - len(per_windows_prompt):1
2024-12-21 16:44:36,104 - [Process 2/5] - INFO - res.shape is :torch.Size([64])
2024-12-21 16:44:36,260 - [Process 2/5] - INFO - len(per_windows_prompt):1
2024-12-21 16:44:42,330 - [Process 2/5] - INFO - res.shape is :torch.Size([64])
2024-12-21 16:44:42,469 - [Process 2/5] - INFO - len(per_windows_prompt):1
2024-12-21 16:44:47,525 - [Process 2/5] - INFO - res.shape is :torch.Size([64])
2024-12-21 16:44:47,639 - [Process 2/5] - INFO - len(per_windows_prompt):1
2024-12-21 16:44:52,535 - [Process 2/5] - INFO - res.shape is :torch.Size([64])
2024-12-21 16:44:52,738 - [Process 2/5] - INFO - len(per_windows_prompt):1
2024-12-21 16:44:59,386 - [Process 2/5] - INFO - res.shape is :torch.Size([64])
2024-12-21 16:44:59,489 - [Process 2/5] - INFO - len(per_windows_prompt):1
2024-12-21 16:45:04,273 - [Process 2/5] - INFO - res.shape is :torch.Size([64])
2024-12-21 16:45:04,399 - [Process 2/5] - INFO - len(per_windows_prompt):1
2024-12-21 16:45:10,051 - [Process 2/5] - INFO - res.shape is :torch.Size([64])
2024-12-21 16:45:10,148 - [Process 2/5] - INFO - len(per_windows_prompt):1
2024-12-21 16:45:12,941 - [Process 2/5] - INFO - res.shape is :torch.Size([24])
2024-12-21 16:45:13,051 - [Process 2/5] - INFO - len(per_windows_prompt):1
2024-12-21 16:45:17,864 - [Process 2/5] - INFO - res.shape is :torch.Size([64])
2024-12-21 16:45:17,986 - [Process 2/5] - INFO - len(per_windows_prompt):1
2024-12-21 16:45:23,329 - [Process 2/5] - INFO - res.shape is :torch.Size([64])
2024-12-21 16:45:23,530 - [Process 2/5] - INFO - len(per_windows_prompt):1
2024-12-21 16:45:30,212 - [Process 2/5] - INFO - res.shape is :torch.Size([64])
2024-12-21 16:45:30,355 - [Process 2/5] - INFO - len(per_windows_prompt):1
2024-12-21 16:45:36,143 - [Process 2/5] - INFO - res.shape is :torch.Size([64])
2024-12-21 16:45:36,260 - [Process 2/5] - INFO - len(per_windows_prompt):1
2024-12-21 16:45:41,523 - [Process 2/5] - INFO - res.shape is :torch.Size([64])
2024-12-21 16:45:41,627 - [Process 2/5] - INFO - len(per_windows_prompt):1
2024-12-21 16:45:46,561 - [Process 2/5] - INFO - res.shape is :torch.Size([64])
2024-12-21 16:45:46,695 - [Process 2/5] - INFO - len(per_windows_prompt):1
2024-12-21 16:45:52,066 - [Process 2/5] - INFO - res.shape is :torch.Size([64])
2024-12-21 16:45:52,245 - [Process 2/5] - INFO - len(per_windows_prompt):1
2024-12-21 16:45:58,891 - [Process 2/5] - INFO - res.shape is :torch.Size([64])
2024-12-21 16:45:59,087 - [Process 2/5] - INFO - len(per_windows_prompt):1
2024-12-21 16:46:05,813 - [Process 2/5] - INFO - res.shape is :torch.Size([64])
2024-12-21 16:46:05,937 - [Process 2/5] - INFO - len(per_windows_prompt):1
2024-12-21 16:46:11,108 - [Process 2/5] - INFO - res.shape is :torch.Size([64])
2024-12-21 16:46:11,330 - [Process 2/5] - INFO - len(per_windows_prompt):1
2024-12-21 16:46:18,000 - [Process 2/5] - INFO - res.shape is :torch.Size([64])
2024-12-21 16:46:18,193 - [Process 2/5] - INFO - len(per_windows_prompt):1
2024-12-21 16:46:24,860 - [Process 2/5] - INFO - res.shape is :torch.Size([64])
2024-12-21 16:46:25,065 - [Process 2/5] - INFO - len(per_windows_prompt):1
2024-12-21 16:46:31,745 - [Process 2/5] - INFO - res.shape is :torch.Size([64])
2024-12-21 16:46:31,859 - [Process 2/5] - INFO - len(per_windows_prompt):1
2024-12-21 16:46:36,823 - [Process 2/5] - INFO - res.shape is :torch.Size([64])
2024-12-21 16:46:36,958 - [Process 2/5] - INFO - len(per_windows_prompt):1
2024-12-21 16:46:42,814 - [Process 2/5] - INFO - res.shape is :torch.Size([64])
2024-12-21 16:46:43,158 - [Process 2/5] - INFO - len(per_windows_prompt):1
2024-12-21 16:46:49,899 - [Process 2/5] - INFO - res.shape is :torch.Size([64])
2024-12-21 16:46:50,015 - [Process 2/5] - INFO - len(per_windows_prompt):1
2024-12-21 16:46:54,986 - [Process 2/5] - INFO - res.shape is :torch.Size([64])
2024-12-21 16:46:55,312 - [Process 2/5] - INFO - len(per_windows_prompt):1
2024-12-21 16:47:02,066 - [Process 2/5] - INFO - res.shape is :torch.Size([64])
2024-12-21 16:47:02,192 - [Process 2/5] - INFO - len(per_windows_prompt):1
2024-12-21 16:47:07,014 - [Process 2/5] - INFO - res.shape is :torch.Size([64])
2024-12-21 16:47:07,151 - [Process 2/5] - INFO - len(per_windows_prompt):1
2024-12-21 16:47:12,435 - [Process 2/5] - INFO - res.shape is :torch.Size([64])
2024-12-21 16:47:12,660 - [Process 2/5] - INFO - len(per_windows_prompt):1
2024-12-21 16:47:19,380 - [Process 2/5] - INFO - res.shape is :torch.Size([64])
2024-12-21 16:47:19,518 - [Process 2/5] - INFO - len(per_windows_prompt):1
2024-12-21 16:47:25,383 - [Process 2/5] - INFO - res.shape is :torch.Size([64])
2024-12-21 16:47:25,545 - [Process 2/5] - INFO - len(per_windows_prompt):1
2024-12-21 16:47:31,849 - [Process 2/5] - INFO - res.shape is :torch.Size([64])
2024-12-21 16:47:31,962 - [Process 2/5] - INFO - len(per_windows_prompt):1
2024-12-21 16:47:37,217 - [Process 2/5] - INFO - res.shape is :torch.Size([64])
2024-12-21 16:47:37,350 - [Process 2/5] - INFO - len(per_windows_prompt):1
2024-12-21 16:47:42,555 - [Process 2/5] - INFO - res.shape is :torch.Size([63])
2024-12-21 16:47:42,659 - [Process 2/5] - INFO - len(per_windows_prompt):1
2024-12-21 16:47:46,974 - [Process 2/5] - INFO - res.shape is :torch.Size([64])
2024-12-21 16:47:47,116 - [Process 2/5] - INFO - len(per_windows_prompt):1
2024-12-21 16:47:52,846 - [Process 2/5] - INFO - res.shape is :torch.Size([64])
2024-12-21 16:47:53,085 - [Process 2/5] - INFO - len(per_windows_prompt):1
2024-12-21 16:47:59,764 - [Process 2/5] - INFO - res.shape is :torch.Size([64])
2024-12-21 16:47:59,922 - [Process 2/5] - INFO - len(per_windows_prompt):1
2024-12-21 16:48:05,897 - [Process 2/5] - INFO - res.shape is :torch.Size([64])
2024-12-21 16:48:06,015 - [Process 2/5] - INFO - len(per_windows_prompt):1
2024-12-21 16:48:10,738 - [Process 2/5] - INFO - res.shape is :torch.Size([64])
2024-12-21 16:48:10,959 - [Process 2/5] - INFO - len(per_windows_prompt):1
2024-12-21 16:48:17,727 - [Process 2/5] - INFO - res.shape is :torch.Size([64])
2024-12-21 16:48:18,027 - [Process 2/5] - INFO - len(per_windows_prompt):1
2024-12-21 16:48:24,756 - [Process 2/5] - INFO - res.shape is :torch.Size([64])
2024-12-21 16:48:24,836 - [Process 2/5] - INFO - len(per_windows_prompt):1
2024-12-21 16:48:28,978 - [Process 2/5] - INFO - res.shape is :torch.Size([64])
2024-12-21 16:48:29,175 - [Process 2/5] - INFO - len(per_windows_prompt):1
2024-12-21 16:48:35,842 - [Process 2/5] - INFO - res.shape is :torch.Size([64])
2024-12-21 16:48:36,066 - [Process 2/5] - INFO - len(per_windows_prompt):1
2024-12-21 16:48:42,797 - [Process 2/5] - INFO - res.shape is :torch.Size([64])
2024-12-21 16:48:42,951 - [Process 2/5] - INFO - len(per_windows_prompt):1
2024-12-21 16:48:49,059 - [Process 2/5] - INFO - res.shape is :torch.Size([64])
2024-12-21 16:48:49,368 - [Process 2/5] - INFO - len(per_windows_prompt):1
2024-12-21 16:48:56,069 - [Process 2/5] - INFO - res.shape is :torch.Size([64])
2024-12-21 16:48:56,199 - [Process 2/5] - INFO - len(per_windows_prompt):1
2024-12-21 16:49:01,376 - [Process 2/5] - INFO - res.shape is :torch.Size([64])
2024-12-21 16:49:01,443 - [Process 2/5] - INFO - len(per_windows_prompt):1
2024-12-21 16:49:05,058 - [Process 2/5] - INFO - res.shape is :torch.Size([53])
2024-12-21 16:49:05,197 - [Process 2/5] - INFO - len(per_windows_prompt):1
2024-12-21 16:49:10,788 - [Process 2/5] - INFO - res.shape is :torch.Size([64])
2024-12-21 16:49:10,924 - [Process 2/5] - INFO - len(per_windows_prompt):1
2024-12-21 16:49:16,489 - [Process 2/5] - INFO - res.shape is :torch.Size([64])
2024-12-21 16:49:16,704 - [Process 2/5] - INFO - len(per_windows_prompt):1
2024-12-21 16:49:23,257 - [Process 2/5] - INFO - res.shape is :torch.Size([64])
2024-12-21 16:49:23,368 - [Process 2/5] - INFO - len(per_windows_prompt):1
2024-12-21 16:49:28,315 - [Process 2/5] - INFO - res.shape is :torch.Size([64])
2024-12-21 16:49:28,462 - [Process 2/5] - INFO - len(per_windows_prompt):1
2024-12-21 16:49:34,286 - [Process 2/5] - INFO - res.shape is :torch.Size([64])
2024-12-21 16:49:34,464 - [Process 2/5] - INFO - len(per_windows_prompt):1
2024-12-21 16:49:41,121 - [Process 2/5] - INFO - res.shape is :torch.Size([64])
2024-12-21 16:49:41,337 - [Process 2/5] - INFO - len(per_windows_prompt):1
2024-12-21 16:49:48,003 - [Process 2/5] - INFO - res.shape is :torch.Size([64])
2024-12-21 16:49:48,210 - [Process 2/5] - INFO - len(per_windows_prompt):1
2024-12-21 16:49:54,897 - [Process 2/5] - INFO - res.shape is :torch.Size([64])
2024-12-21 16:49:55,032 - [Process 2/5] - INFO - len(per_windows_prompt):1
2024-12-21 16:50:00,022 - [Process 2/5] - INFO - res.shape is :torch.Size([64])
2024-12-21 16:50:00,162 - [Process 2/5] - INFO - len(per_windows_prompt):1
2024-12-21 16:50:05,301 - [Process 2/5] - INFO - res.shape is :torch.Size([64])
2024-12-21 16:50:05,417 - [Process 2/5] - INFO - len(per_windows_prompt):1
2024-12-21 16:50:10,414 - [Process 2/5] - INFO - res.shape is :torch.Size([64])
2024-12-21 16:50:10,559 - [Process 2/5] - INFO - len(per_windows_prompt):1
2024-12-21 16:50:16,310 - [Process 2/5] - INFO - res.shape is :torch.Size([64])
2024-12-21 16:50:16,430 - [Process 2/5] - INFO - len(per_windows_prompt):1
2024-12-21 16:50:21,576 - [Process 2/5] - INFO - res.shape is :torch.Size([64])
2024-12-21 16:50:21,695 - [Process 2/5] - INFO - len(per_windows_prompt):1
2024-12-21 16:50:26,317 - [Process 2/5] - INFO - res.shape is :torch.Size([64])
2024-12-21 16:50:26,468 - [Process 2/5] - INFO - len(per_windows_prompt):1
2024-12-21 16:50:32,384 - [Process 2/5] - INFO - res.shape is :torch.Size([64])
2024-12-21 16:50:32,509 - [Process 2/5] - INFO - len(per_windows_prompt):1
2024-12-21 16:50:37,914 - [Process 2/5] - INFO - res.shape is :torch.Size([64])
2024-12-21 16:50:38,002 - [Process 2/5] - INFO - len(per_windows_prompt):1
2024-12-21 16:50:42,373 - [Process 2/5] - INFO - res.shape is :torch.Size([64])
2024-12-21 16:50:42,581 - [Process 2/5] - INFO - len(per_windows_prompt):1
2024-12-21 16:50:49,281 - [Process 2/5] - INFO - res.shape is :torch.Size([64])
2024-12-21 16:50:49,459 - [Process 2/5] - INFO - len(per_windows_prompt):1
2024-12-21 16:50:56,035 - [Process 2/5] - INFO - res.shape is :torch.Size([64])
2024-12-21 16:50:56,232 - [Process 2/5] - INFO - len(per_windows_prompt):1
2024-12-21 16:51:02,975 - [Process 2/5] - INFO - res.shape is :torch.Size([64])
2024-12-21 16:51:03,183 - [Process 2/5] - INFO - len(per_windows_prompt):1
2024-12-21 16:51:09,936 - [Process 2/5] - INFO - res.shape is :torch.Size([64])
2024-12-21 16:51:10,057 - [Process 2/5] - INFO - len(per_windows_prompt):1
2024-12-21 16:51:14,958 - [Process 2/5] - INFO - res.shape is :torch.Size([64])
2024-12-21 16:51:15,113 - [Process 2/5] - INFO - len(per_windows_prompt):1
2024-12-21 16:51:21,090 - [Process 2/5] - INFO - res.shape is :torch.Size([64])
2024-12-21 16:51:21,220 - [Process 2/5] - INFO - len(per_windows_prompt):1
2024-12-21 16:51:26,216 - [Process 2/5] - INFO - res.shape is :torch.Size([64])
2024-12-21 16:51:26,326 - [Process 2/5] - INFO - len(per_windows_prompt):1
2024-12-21 16:51:31,280 - [Process 2/5] - INFO - res.shape is :torch.Size([64])
2024-12-21 16:51:31,472 - [Process 2/5] - INFO - len(per_windows_prompt):1
2024-12-21 16:51:38,221 - [Process 2/5] - INFO - res.shape is :torch.Size([64])
2024-12-21 16:51:38,400 - [Process 2/5] - INFO - len(per_windows_prompt):1
2024-12-21 16:51:45,123 - [Process 2/5] - INFO - res.shape is :torch.Size([64])
2024-12-21 16:51:45,402 - [Process 2/5] - INFO - len(per_windows_prompt):1
2024-12-21 16:51:51,959 - [Process 2/5] - INFO - res.shape is :torch.Size([64])
