2024-12-21 15:40:37,618 - [Process 4/5] - INFO - loading datasets finished
2024-12-21 15:40:37,619 - [Process 4/5] - INFO - model_max_len: 3950
2024-12-21 15:40:37,619 - [Process 4/5] - INFO - output_max_len: 128
2024-12-21 15:40:37,648 - [Process 4/5] - INFO - Max Length is 14660
2024-12-21 15:40:37,649 - [Process 4/5] - INFO - Finish loading dataset
2024-12-21 15:40:37,649 - [Process 4/5] - INFO - get_predicted begin
2024-12-21 15:40:42,481 - [Process 4/5] - INFO - len(per_windows_prompt):1
2024-12-21 15:40:47,194 - [Process 4/5] - INFO - res.shape is :torch.Size([3])
2024-12-21 15:40:47,412 - [Process 4/5] - INFO - len(per_windows_prompt):1
2024-12-21 15:40:52,255 - [Process 4/5] - INFO - res.shape is :torch.Size([23])
2024-12-21 15:40:52,399 - [Process 4/5] - INFO - len(per_windows_prompt):1
2024-12-21 15:40:56,087 - [Process 4/5] - INFO - res.shape is :torch.Size([18])
2024-12-21 15:40:56,253 - [Process 4/5] - INFO - len(per_windows_prompt):1
2024-12-21 15:41:04,724 - [Process 4/5] - INFO - res.shape is :torch.Size([128])
2024-12-21 15:41:04,891 - [Process 4/5] - INFO - len(per_windows_prompt):1
2024-12-21 15:41:13,435 - [Process 4/5] - INFO - res.shape is :torch.Size([128])
2024-12-21 15:41:13,629 - [Process 4/5] - INFO - len(per_windows_prompt):1
2024-12-21 15:41:17,579 - [Process 4/5] - INFO - res.shape is :torch.Size([3])
2024-12-21 15:41:17,743 - [Process 4/5] - INFO - len(per_windows_prompt):1
2024-12-21 15:41:22,062 - [Process 4/5] - INFO - res.shape is :torch.Size([18])
2024-12-21 15:41:22,259 - [Process 4/5] - INFO - len(per_windows_prompt):1
2024-12-21 15:41:26,231 - [Process 4/5] - INFO - res.shape is :torch.Size([3])
2024-12-21 15:41:26,435 - [Process 4/5] - INFO - len(per_windows_prompt):1
2024-12-21 15:41:30,398 - [Process 4/5] - INFO - res.shape is :torch.Size([3])
2024-12-21 15:41:30,582 - [Process 4/5] - INFO - len(per_windows_prompt):1
2024-12-21 15:41:34,592 - [Process 4/5] - INFO - res.shape is :torch.Size([4])
2024-12-21 15:41:34,799 - [Process 4/5] - INFO - len(per_windows_prompt):1
2024-12-21 15:41:39,659 - [Process 4/5] - INFO - res.shape is :torch.Size([24])
2024-12-21 15:41:39,854 - [Process 4/5] - INFO - len(per_windows_prompt):1
2024-12-21 15:41:44,378 - [Process 4/5] - INFO - res.shape is :torch.Size([16])
2024-12-21 15:41:44,544 - [Process 4/5] - INFO - len(per_windows_prompt):1
2024-12-21 15:41:49,310 - [Process 4/5] - INFO - res.shape is :torch.Size([25])
2024-12-21 15:41:49,493 - [Process 4/5] - INFO - len(per_windows_prompt):1
2024-12-21 15:41:54,023 - [Process 4/5] - INFO - res.shape is :torch.Size([16])
2024-12-21 15:41:54,223 - [Process 4/5] - INFO - len(per_windows_prompt):1
2024-12-21 15:41:58,964 - [Process 4/5] - INFO - res.shape is :torch.Size([21])
2024-12-21 15:41:59,167 - [Process 4/5] - INFO - len(per_windows_prompt):1
2024-12-21 15:42:03,199 - [Process 4/5] - INFO - res.shape is :torch.Size([4])
2024-12-21 15:42:03,401 - [Process 4/5] - INFO - len(per_windows_prompt):1
2024-12-21 15:42:07,569 - [Process 4/5] - INFO - res.shape is :torch.Size([7])
2024-12-21 15:42:07,762 - [Process 4/5] - INFO - len(per_windows_prompt):1
2024-12-21 15:42:11,762 - [Process 4/5] - INFO - res.shape is :torch.Size([3])
2024-12-21 15:42:11,977 - [Process 4/5] - INFO - len(per_windows_prompt):1
2024-12-21 15:42:17,569 - [Process 4/5] - INFO - res.shape is :torch.Size([40])
2024-12-21 15:42:17,711 - [Process 4/5] - INFO - len(per_windows_prompt):1
2024-12-21 15:42:20,933 - [Process 4/5] - INFO - res.shape is :torch.Size([2])
2024-12-21 15:42:21,098 - [Process 4/5] - INFO - len(per_windows_prompt):1
2024-12-21 15:42:25,063 - [Process 4/5] - INFO - res.shape is :torch.Size([19])
2024-12-21 15:42:25,265 - [Process 4/5] - INFO - len(per_windows_prompt):1
2024-12-21 15:42:30,163 - [Process 4/5] - INFO - res.shape is :torch.Size([24])
2024-12-21 15:42:30,355 - [Process 4/5] - INFO - len(per_windows_prompt):1
2024-12-21 15:42:35,173 - [Process 4/5] - INFO - res.shape is :torch.Size([22])
2024-12-21 15:42:35,372 - [Process 4/5] - INFO - len(per_windows_prompt):1
2024-12-21 15:42:39,424 - [Process 4/5] - INFO - res.shape is :torch.Size([4])
2024-12-21 15:42:39,629 - [Process 4/5] - INFO - len(per_windows_prompt):1
2024-12-21 15:42:43,680 - [Process 4/5] - INFO - res.shape is :torch.Size([4])
2024-12-21 15:42:43,873 - [Process 4/5] - INFO - len(per_windows_prompt):1
2024-12-21 15:42:48,620 - [Process 4/5] - INFO - res.shape is :torch.Size([19])
2024-12-21 15:42:48,797 - [Process 4/5] - INFO - len(per_windows_prompt):1
2024-12-21 15:42:53,777 - [Process 4/5] - INFO - res.shape is :torch.Size([34])
2024-12-21 15:42:53,977 - [Process 4/5] - INFO - len(per_windows_prompt):1
2024-12-21 15:42:59,765 - [Process 4/5] - INFO - res.shape is :torch.Size([43])
2024-12-21 15:42:59,964 - [Process 4/5] - INFO - len(per_windows_prompt):1
2024-12-21 15:43:03,935 - [Process 4/5] - INFO - res.shape is :torch.Size([2])
2024-12-21 15:43:04,124 - [Process 4/5] - INFO - len(per_windows_prompt):1
2024-12-21 15:43:08,181 - [Process 4/5] - INFO - res.shape is :torch.Size([4])
2024-12-21 15:43:08,403 - [Process 4/5] - INFO - len(per_windows_prompt):1
2024-12-21 15:43:12,463 - [Process 4/5] - INFO - res.shape is :torch.Size([4])
2024-12-21 15:43:12,651 - [Process 4/5] - INFO - len(per_windows_prompt):1
2024-12-21 15:43:17,675 - [Process 4/5] - INFO - res.shape is :torch.Size([26])
2024-12-21 15:43:17,877 - [Process 4/5] - INFO - len(per_windows_prompt):1
2024-12-21 15:43:21,981 - [Process 4/5] - INFO - res.shape is :torch.Size([5])
2024-12-21 15:43:22,163 - [Process 4/5] - INFO - len(per_windows_prompt):1
2024-12-21 15:43:26,219 - [Process 4/5] - INFO - res.shape is :torch.Size([4])
2024-12-21 15:43:26,415 - [Process 4/5] - INFO - len(per_windows_prompt):1
2024-12-21 15:43:30,391 - [Process 4/5] - INFO - res.shape is :torch.Size([2])
2024-12-21 15:43:30,592 - [Process 4/5] - INFO - len(per_windows_prompt):1
2024-12-21 15:43:34,655 - [Process 4/5] - INFO - res.shape is :torch.Size([4])
2024-12-21 15:43:34,882 - [Process 4/5] - INFO - len(per_windows_prompt):1
2024-12-21 15:43:38,901 - [Process 4/5] - INFO - res.shape is :torch.Size([3])
2024-12-21 15:43:39,102 - [Process 4/5] - INFO - len(per_windows_prompt):1
2024-12-21 15:43:43,163 - [Process 4/5] - INFO - res.shape is :torch.Size([4])
2024-12-21 15:43:43,292 - [Process 4/5] - INFO - len(per_windows_prompt):1
2024-12-21 15:43:47,835 - [Process 4/5] - INFO - res.shape is :torch.Size([48])
2024-12-21 15:43:48,041 - [Process 4/5] - INFO - len(per_windows_prompt):1
2024-12-21 15:43:52,607 - [Process 4/5] - INFO - res.shape is :torch.Size([16])
