2024-12-21 13:21:33,232 - [Process 0/5] - INFO - loading datasets finished
2024-12-21 13:21:33,232 - [Process 0/5] - INFO - model_max_len: 3950
2024-12-21 13:21:33,232 - [Process 0/5] - INFO - output_max_len: 32
2024-12-21 13:21:33,303 - [Process 0/5] - INFO - Max Length is 16633
2024-12-21 13:21:33,303 - [Process 0/5] - INFO - Finish loading dataset
2024-12-21 13:21:33,303 - [Process 0/5] - INFO - get_predicted begin
2024-12-21 13:21:38,074 - [Process 0/5] - INFO - len(per_windows_prompt):1
2024-12-21 13:21:43,993 - [Process 0/5] - INFO - res.shape is :torch.Size([32])
2024-12-21 13:21:44,271 - [Process 0/5] - INFO - len(per_windows_prompt):1
2024-12-21 13:21:48,587 - [Process 0/5] - INFO - res.shape is :torch.Size([12])
2024-12-21 13:21:48,833 - [Process 0/5] - INFO - len(per_windows_prompt):1
2024-12-21 13:21:53,985 - [Process 0/5] - INFO - res.shape is :torch.Size([32])
2024-12-21 13:21:54,292 - [Process 0/5] - INFO - len(per_windows_prompt):1
2024-12-21 13:21:59,439 - [Process 0/5] - INFO - res.shape is :torch.Size([32])
2024-12-21 13:21:59,676 - [Process 0/5] - INFO - len(per_windows_prompt):1
2024-12-21 13:22:03,858 - [Process 0/5] - INFO - res.shape is :torch.Size([9])
2024-12-21 13:22:04,091 - [Process 0/5] - INFO - len(per_windows_prompt):1
2024-12-21 13:22:08,444 - [Process 0/5] - INFO - res.shape is :torch.Size([13])
2024-12-21 13:22:08,652 - [Process 0/5] - INFO - len(per_windows_prompt):1
2024-12-21 13:22:13,805 - [Process 0/5] - INFO - res.shape is :torch.Size([32])
2024-12-21 13:22:13,984 - [Process 0/5] - INFO - len(per_windows_prompt):1
2024-12-21 13:22:19,143 - [Process 0/5] - INFO - res.shape is :torch.Size([32])
2024-12-21 13:22:19,328 - [Process 0/5] - INFO - len(per_windows_prompt):1
2024-12-21 13:22:23,447 - [Process 0/5] - INFO - res.shape is :torch.Size([7])
2024-12-21 13:22:23,666 - [Process 0/5] - INFO - len(per_windows_prompt):1
2024-12-21 13:22:28,828 - [Process 0/5] - INFO - res.shape is :torch.Size([32])
2024-12-21 13:22:29,129 - [Process 0/5] - INFO - len(per_windows_prompt):1
2024-12-21 13:22:33,209 - [Process 0/5] - INFO - res.shape is :torch.Size([6])
2024-12-21 13:22:33,434 - [Process 0/5] - INFO - len(per_windows_prompt):1
2024-12-21 13:22:38,596 - [Process 0/5] - INFO - res.shape is :torch.Size([32])
2024-12-21 13:22:38,783 - [Process 0/5] - INFO - len(per_windows_prompt):1
2024-12-21 13:22:42,903 - [Process 0/5] - INFO - res.shape is :torch.Size([7])
2024-12-21 13:22:43,148 - [Process 0/5] - INFO - len(per_windows_prompt):1
2024-12-21 13:22:48,310 - [Process 0/5] - INFO - res.shape is :torch.Size([32])
2024-12-21 13:22:48,498 - [Process 0/5] - INFO - len(per_windows_prompt):1
2024-12-21 13:22:52,576 - [Process 0/5] - INFO - res.shape is :torch.Size([6])
2024-12-21 13:22:52,766 - [Process 0/5] - INFO - len(per_windows_prompt):1
2024-12-21 13:22:56,804 - [Process 0/5] - INFO - res.shape is :torch.Size([5])
2024-12-21 13:22:57,088 - [Process 0/5] - INFO - len(per_windows_prompt):1
2024-12-21 13:23:01,925 - [Process 0/5] - INFO - res.shape is :torch.Size([24])
2024-12-21 13:23:02,061 - [Process 0/5] - INFO - len(per_windows_prompt):1
2024-12-21 13:23:06,302 - [Process 0/5] - INFO - res.shape is :torch.Size([32])
2024-12-21 13:23:06,576 - [Process 0/5] - INFO - len(per_windows_prompt):1
2024-12-21 13:23:10,833 - [Process 0/5] - INFO - res.shape is :torch.Size([10])
2024-12-21 13:23:11,110 - [Process 0/5] - INFO - len(per_windows_prompt):1
2024-12-21 13:23:15,372 - [Process 0/5] - INFO - res.shape is :torch.Size([10])
2024-12-21 13:23:15,620 - [Process 0/5] - INFO - len(per_windows_prompt):1
2024-12-21 13:23:20,867 - [Process 0/5] - INFO - res.shape is :torch.Size([32])
2024-12-21 13:23:21,055 - [Process 0/5] - INFO - len(per_windows_prompt):1
2024-12-21 13:23:25,356 - [Process 0/5] - INFO - res.shape is :torch.Size([11])
2024-12-21 13:23:25,575 - [Process 0/5] - INFO - len(per_windows_prompt):1
2024-12-21 13:23:29,824 - [Process 0/5] - INFO - res.shape is :torch.Size([9])
2024-12-21 13:23:30,086 - [Process 0/5] - INFO - len(per_windows_prompt):1
2024-12-21 13:23:35,322 - [Process 0/5] - INFO - res.shape is :torch.Size([32])
2024-12-21 13:23:35,608 - [Process 0/5] - INFO - len(per_windows_prompt):1
2024-12-21 13:23:40,037 - [Process 0/5] - INFO - res.shape is :torch.Size([13])
2024-12-21 13:23:40,312 - [Process 0/5] - INFO - len(per_windows_prompt):1
2024-12-21 13:23:44,631 - [Process 0/5] - INFO - res.shape is :torch.Size([11])
2024-12-21 13:23:44,946 - [Process 0/5] - INFO - len(per_windows_prompt):1
2024-12-21 13:23:49,042 - [Process 0/5] - INFO - res.shape is :torch.Size([6])
2024-12-21 13:23:49,244 - [Process 0/5] - INFO - len(per_windows_prompt):1
2024-12-21 13:23:53,594 - [Process 0/5] - INFO - res.shape is :torch.Size([12])
2024-12-21 13:23:53,765 - [Process 0/5] - INFO - len(per_windows_prompt):1
2024-12-21 13:23:59,004 - [Process 0/5] - INFO - res.shape is :torch.Size([32])
2024-12-21 13:23:59,252 - [Process 0/5] - INFO - len(per_windows_prompt):1
2024-12-21 13:24:03,311 - [Process 0/5] - INFO - res.shape is :torch.Size([5])
2024-12-21 13:24:03,543 - [Process 0/5] - INFO - len(per_windows_prompt):1
2024-12-21 13:24:08,265 - [Process 0/5] - INFO - res.shape is :torch.Size([21])
2024-12-21 13:24:08,439 - [Process 0/5] - INFO - len(per_windows_prompt):1
2024-12-21 13:24:13,605 - [Process 0/5] - INFO - res.shape is :torch.Size([32])
2024-12-21 13:24:13,877 - [Process 0/5] - INFO - len(per_windows_prompt):1
2024-12-21 13:24:17,976 - [Process 0/5] - INFO - res.shape is :torch.Size([6])
2024-12-21 13:24:18,179 - [Process 0/5] - INFO - len(per_windows_prompt):1
2024-12-21 13:24:22,569 - [Process 0/5] - INFO - res.shape is :torch.Size([13])
2024-12-21 13:24:22,822 - [Process 0/5] - INFO - len(per_windows_prompt):1
2024-12-21 13:24:26,962 - [Process 0/5] - INFO - res.shape is :torch.Size([7])
2024-12-21 13:24:27,275 - [Process 0/5] - INFO - len(per_windows_prompt):1
2024-12-21 13:24:31,749 - [Process 0/5] - INFO - res.shape is :torch.Size([15])
2024-12-21 13:24:31,825 - [Process 0/5] - INFO - len(per_windows_prompt):1
2024-12-21 13:24:33,486 - [Process 0/5] - INFO - res.shape is :torch.Size([5])
2024-12-21 13:24:33,798 - [Process 0/5] - INFO - len(per_windows_prompt):1
2024-12-21 13:24:38,523 - [Process 0/5] - INFO - res.shape is :torch.Size([21])
2024-12-21 13:24:38,825 - [Process 0/5] - INFO - len(per_windows_prompt):1
2024-12-21 13:24:43,464 - [Process 0/5] - INFO - res.shape is :torch.Size([19])
2024-12-21 13:24:43,701 - [Process 0/5] - INFO - len(per_windows_prompt):1
2024-12-21 13:24:48,507 - [Process 0/5] - INFO - res.shape is :torch.Size([23])
