2024-12-21 16:18:03,382 - [Process 0/5] - INFO - loading datasets finished
2024-12-21 16:18:03,382 - [Process 0/5] - INFO - model_max_len: 3950
2024-12-21 16:18:03,382 - [Process 0/5] - INFO - output_max_len: 32
2024-12-21 16:18:03,469 - [Process 0/5] - INFO - Max Length is 22099
2024-12-21 16:18:03,469 - [Process 0/5] - INFO - Finish loading dataset
2024-12-21 16:18:03,470 - [Process 0/5] - INFO - get_predicted begin
2024-12-21 16:18:08,245 - [Process 0/5] - INFO - len(per_windows_prompt):1
2024-12-21 16:18:13,453 - [Process 0/5] - INFO - res.shape is :torch.Size([15])
2024-12-21 16:18:13,710 - [Process 0/5] - INFO - len(per_windows_prompt):1
2024-12-21 16:18:18,127 - [Process 0/5] - INFO - res.shape is :torch.Size([15])
2024-12-21 16:18:18,348 - [Process 0/5] - INFO - len(per_windows_prompt):1
2024-12-21 16:18:22,765 - [Process 0/5] - INFO - res.shape is :torch.Size([15])
2024-12-21 16:18:23,094 - [Process 0/5] - INFO - len(per_windows_prompt):1
2024-12-21 16:18:26,972 - [Process 0/5] - INFO - res.shape is :torch.Size([2])
2024-12-21 16:18:27,341 - [Process 0/5] - INFO - len(per_windows_prompt):1
2024-12-21 16:18:31,223 - [Process 0/5] - INFO - res.shape is :torch.Size([2])
2024-12-21 16:18:31,460 - [Process 0/5] - INFO - len(per_windows_prompt):1
2024-12-21 16:18:36,603 - [Process 0/5] - INFO - res.shape is :torch.Size([32])
2024-12-21 16:18:36,804 - [Process 0/5] - INFO - len(per_windows_prompt):1
2024-12-21 16:18:41,240 - [Process 0/5] - INFO - res.shape is :torch.Size([15])
2024-12-21 16:18:41,536 - [Process 0/5] - INFO - len(per_windows_prompt):1
2024-12-21 16:18:45,433 - [Process 0/5] - INFO - res.shape is :torch.Size([2])
2024-12-21 16:18:45,736 - [Process 0/5] - INFO - len(per_windows_prompt):1
2024-12-21 16:18:49,650 - [Process 0/5] - INFO - res.shape is :torch.Size([2])
2024-12-21 16:18:49,952 - [Process 0/5] - INFO - len(per_windows_prompt):1
2024-12-21 16:18:53,864 - [Process 0/5] - INFO - res.shape is :torch.Size([2])
2024-12-21 16:18:54,202 - [Process 0/5] - INFO - len(per_windows_prompt):1
2024-12-21 16:18:58,666 - [Process 0/5] - INFO - res.shape is :torch.Size([15])
2024-12-21 16:18:58,955 - [Process 0/5] - INFO - len(per_windows_prompt):1
2024-12-21 16:19:03,419 - [Process 0/5] - INFO - res.shape is :torch.Size([15])
2024-12-21 16:19:03,626 - [Process 0/5] - INFO - len(per_windows_prompt):1
2024-12-21 16:19:08,081 - [Process 0/5] - INFO - res.shape is :torch.Size([15])
2024-12-21 16:19:08,451 - [Process 0/5] - INFO - len(per_windows_prompt):1
2024-12-21 16:19:12,366 - [Process 0/5] - INFO - res.shape is :torch.Size([2])
2024-12-21 16:19:12,655 - [Process 0/5] - INFO - len(per_windows_prompt):1
2024-12-21 16:19:16,564 - [Process 0/5] - INFO - res.shape is :torch.Size([2])
2024-12-21 16:19:16,823 - [Process 0/5] - INFO - len(per_windows_prompt):1
2024-12-21 16:19:21,276 - [Process 0/5] - INFO - res.shape is :torch.Size([15])
2024-12-21 16:19:21,525 - [Process 0/5] - INFO - len(per_windows_prompt):1
2024-12-21 16:19:25,981 - [Process 0/5] - INFO - res.shape is :torch.Size([15])
2024-12-21 16:19:26,236 - [Process 0/5] - INFO - len(per_windows_prompt):1
2024-12-21 16:19:30,689 - [Process 0/5] - INFO - res.shape is :torch.Size([15])
2024-12-21 16:19:31,007 - [Process 0/5] - INFO - len(per_windows_prompt):1
2024-12-21 16:19:35,477 - [Process 0/5] - INFO - res.shape is :torch.Size([15])
2024-12-21 16:19:35,685 - [Process 0/5] - INFO - len(per_windows_prompt):1
2024-12-21 16:19:40,171 - [Process 0/5] - INFO - res.shape is :torch.Size([15])
2024-12-21 16:19:40,464 - [Process 0/5] - INFO - len(per_windows_prompt):1
2024-12-21 16:19:44,382 - [Process 0/5] - INFO - res.shape is :torch.Size([2])
2024-12-21 16:19:44,685 - [Process 0/5] - INFO - len(per_windows_prompt):1
2024-12-21 16:19:48,609 - [Process 0/5] - INFO - res.shape is :torch.Size([2])
2024-12-21 16:19:48,912 - [Process 0/5] - INFO - len(per_windows_prompt):1
2024-12-21 16:19:53,395 - [Process 0/5] - INFO - res.shape is :torch.Size([15])
2024-12-21 16:19:53,609 - [Process 0/5] - INFO - len(per_windows_prompt):1
2024-12-21 16:19:58,110 - [Process 0/5] - INFO - res.shape is :torch.Size([15])
2024-12-21 16:19:58,324 - [Process 0/5] - INFO - len(per_windows_prompt):1
2024-12-21 16:20:02,831 - [Process 0/5] - INFO - res.shape is :torch.Size([15])
2024-12-21 16:20:03,132 - [Process 0/5] - INFO - len(per_windows_prompt):1
2024-12-21 16:20:07,195 - [Process 0/5] - INFO - res.shape is :torch.Size([5])
2024-12-21 16:20:07,416 - [Process 0/5] - INFO - len(per_windows_prompt):1
2024-12-21 16:20:11,898 - [Process 0/5] - INFO - res.shape is :torch.Size([15])
2024-12-21 16:20:12,253 - [Process 0/5] - INFO - len(per_windows_prompt):1
2024-12-21 16:20:16,729 - [Process 0/5] - INFO - res.shape is :torch.Size([15])
2024-12-21 16:20:16,994 - [Process 0/5] - INFO - len(per_windows_prompt):1
2024-12-21 16:20:21,460 - [Process 0/5] - INFO - res.shape is :torch.Size([15])
2024-12-21 16:20:21,752 - [Process 0/5] - INFO - len(per_windows_prompt):1
2024-12-21 16:20:25,674 - [Process 0/5] - INFO - res.shape is :torch.Size([2])
2024-12-21 16:20:25,965 - [Process 0/5] - INFO - len(per_windows_prompt):1
2024-12-21 16:20:30,014 - [Process 0/5] - INFO - res.shape is :torch.Size([5])
2024-12-21 16:20:30,262 - [Process 0/5] - INFO - len(per_windows_prompt):1
2024-12-21 16:20:34,185 - [Process 0/5] - INFO - res.shape is :torch.Size([2])
2024-12-21 16:20:34,434 - [Process 0/5] - INFO - len(per_windows_prompt):1
2024-12-21 16:20:38,905 - [Process 0/5] - INFO - res.shape is :torch.Size([15])
2024-12-21 16:20:39,181 - [Process 0/5] - INFO - len(per_windows_prompt):1
2024-12-21 16:20:43,105 - [Process 0/5] - INFO - res.shape is :torch.Size([2])
2024-12-21 16:20:43,438 - [Process 0/5] - INFO - len(per_windows_prompt):1
2024-12-21 16:20:47,907 - [Process 0/5] - INFO - res.shape is :torch.Size([15])
2024-12-21 16:20:48,165 - [Process 0/5] - INFO - len(per_windows_prompt):1
2024-12-21 16:20:52,088 - [Process 0/5] - INFO - res.shape is :torch.Size([2])
2024-12-21 16:20:52,374 - [Process 0/5] - INFO - len(per_windows_prompt):1
2024-12-21 16:20:56,306 - [Process 0/5] - INFO - res.shape is :torch.Size([2])
2024-12-21 16:20:56,681 - [Process 0/5] - INFO - len(per_windows_prompt):1
2024-12-21 16:21:00,612 - [Process 0/5] - INFO - res.shape is :torch.Size([2])
2024-12-21 16:21:00,911 - [Process 0/5] - INFO - len(per_windows_prompt):1
2024-12-21 16:21:04,835 - [Process 0/5] - INFO - res.shape is :torch.Size([2])
2024-12-21 16:21:05,101 - [Process 0/5] - INFO - len(per_windows_prompt):1
2024-12-21 16:21:09,025 - [Process 0/5] - INFO - res.shape is :torch.Size([2])
