2024-12-21 15:56:02,786 - [Process 0/5] - INFO - loading datasets finished
2024-12-21 15:56:02,787 - [Process 0/5] - INFO - model_max_len: 3950
2024-12-21 15:56:02,787 - [Process 0/5] - INFO - output_max_len: 32
2024-12-21 15:56:02,828 - [Process 0/5] - INFO - Max Length is 11950
2024-12-21 15:56:02,829 - [Process 0/5] - INFO - Finish loading dataset
2024-12-21 15:56:02,829 - [Process 0/5] - INFO - get_predicted begin
2024-12-21 15:56:07,644 - [Process 0/5] - INFO - len(per_windows_prompt):1
2024-12-21 15:56:13,081 - [Process 0/5] - INFO - res.shape is :torch.Size([20])
2024-12-21 15:56:13,284 - [Process 0/5] - INFO - len(per_windows_prompt):1
2024-12-21 15:56:18,420 - [Process 0/5] - INFO - res.shape is :torch.Size([32])
2024-12-21 15:56:18,620 - [Process 0/5] - INFO - len(per_windows_prompt):1
2024-12-21 15:56:22,492 - [Process 0/5] - INFO - res.shape is :torch.Size([2])
2024-12-21 15:56:22,730 - [Process 0/5] - INFO - len(per_windows_prompt):1
2024-12-21 15:56:26,607 - [Process 0/5] - INFO - res.shape is :torch.Size([2])
2024-12-21 15:56:26,808 - [Process 0/5] - INFO - len(per_windows_prompt):1
2024-12-21 15:56:30,895 - [Process 0/5] - INFO - res.shape is :torch.Size([7])
2024-12-21 15:56:31,094 - [Process 0/5] - INFO - len(per_windows_prompt):1
2024-12-21 15:56:35,065 - [Process 0/5] - INFO - res.shape is :torch.Size([4])
2024-12-21 15:56:35,267 - [Process 0/5] - INFO - len(per_windows_prompt):1
2024-12-21 15:56:39,450 - [Process 0/5] - INFO - res.shape is :torch.Size([9])
2024-12-21 15:56:39,684 - [Process 0/5] - INFO - len(per_windows_prompt):1
2024-12-21 15:56:43,671 - [Process 0/5] - INFO - res.shape is :torch.Size([4])
2024-12-21 15:56:43,865 - [Process 0/5] - INFO - len(per_windows_prompt):1
2024-12-21 15:56:48,020 - [Process 0/5] - INFO - res.shape is :torch.Size([8])
2024-12-21 15:56:48,228 - [Process 0/5] - INFO - len(per_windows_prompt):1
2024-12-21 15:56:52,175 - [Process 0/5] - INFO - res.shape is :torch.Size([3])
2024-12-21 15:56:52,439 - [Process 0/5] - INFO - len(per_windows_prompt):1
2024-12-21 15:56:56,473 - [Process 0/5] - INFO - res.shape is :torch.Size([5])
2024-12-21 15:56:56,662 - [Process 0/5] - INFO - len(per_windows_prompt):1
2024-12-21 15:57:00,733 - [Process 0/5] - INFO - res.shape is :torch.Size([6])
2024-12-21 15:57:00,846 - [Process 0/5] - INFO - len(per_windows_prompt):1
2024-12-21 15:57:03,767 - [Process 0/5] - INFO - res.shape is :torch.Size([10])
2024-12-21 15:57:03,966 - [Process 0/5] - INFO - len(per_windows_prompt):1
2024-12-21 15:57:08,011 - [Process 0/5] - INFO - res.shape is :torch.Size([5])
2024-12-21 15:57:08,228 - [Process 0/5] - INFO - len(per_windows_prompt):1
2024-12-21 15:57:12,141 - [Process 0/5] - INFO - res.shape is :torch.Size([2])
2024-12-21 15:57:12,422 - [Process 0/5] - INFO - len(per_windows_prompt):1
2024-12-21 15:57:16,416 - [Process 0/5] - INFO - res.shape is :torch.Size([4])
2024-12-21 15:57:16,548 - [Process 0/5] - INFO - len(per_windows_prompt):1
2024-12-21 15:57:19,516 - [Process 0/5] - INFO - res.shape is :torch.Size([6])
2024-12-21 15:57:19,731 - [Process 0/5] - INFO - len(per_windows_prompt):1
2024-12-21 15:57:23,646 - [Process 0/5] - INFO - res.shape is :torch.Size([2])
2024-12-21 15:57:23,704 - [Process 0/5] - INFO - len(per_windows_prompt):1
2024-12-21 15:57:24,998 - [Process 0/5] - INFO - res.shape is :torch.Size([2])
2024-12-21 15:57:25,205 - [Process 0/5] - INFO - len(per_windows_prompt):1
2024-12-21 15:57:29,119 - [Process 0/5] - INFO - res.shape is :torch.Size([2])
2024-12-21 15:57:29,301 - [Process 0/5] - INFO - len(per_windows_prompt):1
2024-12-21 15:57:33,222 - [Process 0/5] - INFO - res.shape is :torch.Size([2])
2024-12-21 15:57:33,453 - [Process 0/5] - INFO - len(per_windows_prompt):1
2024-12-21 15:57:37,582 - [Process 0/5] - INFO - res.shape is :torch.Size([7])
2024-12-21 15:57:37,839 - [Process 0/5] - INFO - len(per_windows_prompt):1
2024-12-21 15:57:41,887 - [Process 0/5] - INFO - res.shape is :torch.Size([5])
2024-12-21 15:57:42,102 - [Process 0/5] - INFO - len(per_windows_prompt):1
2024-12-21 15:57:46,144 - [Process 0/5] - INFO - res.shape is :torch.Size([5])
2024-12-21 15:57:46,362 - [Process 0/5] - INFO - len(per_windows_prompt):1
2024-12-21 15:57:50,663 - [Process 0/5] - INFO - res.shape is :torch.Size([11])
2024-12-21 15:57:50,746 - [Process 0/5] - INFO - len(per_windows_prompt):1
2024-12-21 15:57:52,775 - [Process 0/5] - INFO - res.shape is :torch.Size([10])
2024-12-21 15:57:52,964 - [Process 0/5] - INFO - len(per_windows_prompt):1
2024-12-21 15:57:57,009 - [Process 0/5] - INFO - res.shape is :torch.Size([5])
2024-12-21 15:57:57,204 - [Process 0/5] - INFO - len(per_windows_prompt):1
2024-12-21 15:58:01,919 - [Process 0/5] - INFO - res.shape is :torch.Size([21])
2024-12-21 15:58:02,112 - [Process 0/5] - INFO - len(per_windows_prompt):1
2024-12-21 15:58:06,194 - [Process 0/5] - INFO - res.shape is :torch.Size([6])
2024-12-21 15:58:06,396 - [Process 0/5] - INFO - len(per_windows_prompt):1
2024-12-21 15:58:10,401 - [Process 0/5] - INFO - res.shape is :torch.Size([4])
2024-12-21 15:58:10,598 - [Process 0/5] - INFO - len(per_windows_prompt):1
2024-12-21 15:58:14,934 - [Process 0/5] - INFO - res.shape is :torch.Size([12])
2024-12-21 15:58:15,143 - [Process 0/5] - INFO - len(per_windows_prompt):1
2024-12-21 15:58:19,275 - [Process 0/5] - INFO - res.shape is :torch.Size([7])
2024-12-21 15:58:19,575 - [Process 0/5] - INFO - len(per_windows_prompt):1
2024-12-21 15:58:23,502 - [Process 0/5] - INFO - res.shape is :torch.Size([2])
2024-12-21 15:58:23,702 - [Process 0/5] - INFO - len(per_windows_prompt):1
2024-12-21 15:58:27,624 - [Process 0/5] - INFO - res.shape is :torch.Size([2])
2024-12-21 15:58:27,819 - [Process 0/5] - INFO - len(per_windows_prompt):1
2024-12-21 15:58:31,823 - [Process 0/5] - INFO - res.shape is :torch.Size([4])
2024-12-21 15:58:32,006 - [Process 0/5] - INFO - len(per_windows_prompt):1
2024-12-21 15:58:36,014 - [Process 0/5] - INFO - res.shape is :torch.Size([4])
2024-12-21 15:58:36,211 - [Process 0/5] - INFO - len(per_windows_prompt):1
2024-12-21 15:58:40,174 - [Process 0/5] - INFO - res.shape is :torch.Size([3])
2024-12-21 15:58:40,358 - [Process 0/5] - INFO - len(per_windows_prompt):1
2024-12-21 15:58:44,321 - [Process 0/5] - INFO - res.shape is :torch.Size([3])
2024-12-21 15:58:44,539 - [Process 0/5] - INFO - len(per_windows_prompt):1
2024-12-21 15:58:48,631 - [Process 0/5] - INFO - res.shape is :torch.Size([6])
2024-12-21 15:58:48,832 - [Process 0/5] - INFO - len(per_windows_prompt):1
2024-12-21 15:58:52,796 - [Process 0/5] - INFO - res.shape is :torch.Size([3])
