2024-12-21 12:43:10,145 - [Process 0/5] - INFO - loading datasets finished
2024-12-21 12:43:10,145 - [Process 0/5] - INFO - model_max_len: 3950
2024-12-21 12:43:10,145 - [Process 0/5] - INFO - output_max_len: 128
2024-12-21 12:43:10,243 - [Process 0/5] - INFO - Max Length is 36418
2024-12-21 12:43:10,244 - [Process 0/5] - INFO - Finish loading dataset
2024-12-21 12:43:10,244 - [Process 0/5] - INFO - get_predicted begin
2024-12-21 12:43:14,995 - [Process 0/5] - INFO - len(per_windows_prompt):1
2024-12-21 12:43:19,873 - [Process 0/5] - INFO - res.shape is :torch.Size([7])
2024-12-21 12:43:20,317 - [Process 0/5] - INFO - len(per_windows_prompt):1
2024-12-21 12:43:25,033 - [Process 0/5] - INFO - res.shape is :torch.Size([21])
2024-12-21 12:43:25,243 - [Process 0/5] - INFO - len(per_windows_prompt):1
2024-12-21 12:43:29,475 - [Process 0/5] - INFO - res.shape is :torch.Size([10])
2024-12-21 12:43:29,687 - [Process 0/5] - INFO - len(per_windows_prompt):1
2024-12-21 12:43:34,100 - [Process 0/5] - INFO - res.shape is :torch.Size([14])
2024-12-21 12:43:34,534 - [Process 0/5] - INFO - len(per_windows_prompt):1
2024-12-21 12:43:39,154 - [Process 0/5] - INFO - res.shape is :torch.Size([18])
2024-12-21 12:43:39,413 - [Process 0/5] - INFO - len(per_windows_prompt):1
2024-12-21 12:43:43,487 - [Process 0/5] - INFO - res.shape is :torch.Size([6])
2024-12-21 12:43:43,857 - [Process 0/5] - INFO - len(per_windows_prompt):1
2024-12-21 12:43:47,849 - [Process 0/5] - INFO - res.shape is :torch.Size([4])
2024-12-21 12:43:48,357 - [Process 0/5] - INFO - len(per_windows_prompt):1
2024-12-21 12:43:52,379 - [Process 0/5] - INFO - res.shape is :torch.Size([5])
2024-12-21 12:43:52,777 - [Process 0/5] - INFO - len(per_windows_prompt):1
2024-12-21 12:43:56,685 - [Process 0/5] - INFO - res.shape is :torch.Size([2])
2024-12-21 12:43:56,895 - [Process 0/5] - INFO - len(per_windows_prompt):1
2024-12-21 12:44:00,925 - [Process 0/5] - INFO - res.shape is :torch.Size([5])
2024-12-21 12:44:01,370 - [Process 0/5] - INFO - len(per_windows_prompt):1
2024-12-21 12:44:05,699 - [Process 0/5] - INFO - res.shape is :torch.Size([12])
2024-12-21 12:44:05,962 - [Process 0/5] - INFO - len(per_windows_prompt):1
2024-12-21 12:44:10,700 - [Process 0/5] - INFO - res.shape is :torch.Size([20])
2024-12-21 12:44:10,951 - [Process 0/5] - INFO - len(per_windows_prompt):1
2024-12-21 12:44:14,993 - [Process 0/5] - INFO - res.shape is :torch.Size([5])
2024-12-21 12:44:15,227 - [Process 0/5] - INFO - len(per_windows_prompt):1
2024-12-21 12:44:19,768 - [Process 0/5] - INFO - res.shape is :torch.Size([17])
2024-12-21 12:44:20,005 - [Process 0/5] - INFO - len(per_windows_prompt):1
2024-12-21 12:44:24,087 - [Process 0/5] - INFO - res.shape is :torch.Size([6])
2024-12-21 12:44:24,564 - [Process 0/5] - INFO - len(per_windows_prompt):1
2024-12-21 12:44:28,942 - [Process 0/5] - INFO - res.shape is :torch.Size([13])
2024-12-21 12:44:29,245 - [Process 0/5] - INFO - len(per_windows_prompt):1
2024-12-21 12:44:33,753 - [Process 0/5] - INFO - res.shape is :torch.Size([16])
2024-12-21 12:44:34,198 - [Process 0/5] - INFO - len(per_windows_prompt):1
2024-12-21 12:44:38,541 - [Process 0/5] - INFO - res.shape is :torch.Size([12])
2024-12-21 12:44:38,907 - [Process 0/5] - INFO - len(per_windows_prompt):1
2024-12-21 12:44:43,161 - [Process 0/5] - INFO - res.shape is :torch.Size([10])
2024-12-21 12:44:43,373 - [Process 0/5] - INFO - len(per_windows_prompt):1
2024-12-21 12:44:49,189 - [Process 0/5] - INFO - res.shape is :torch.Size([46])
2024-12-21 12:44:49,470 - [Process 0/5] - INFO - len(per_windows_prompt):1
2024-12-21 12:44:53,969 - [Process 0/5] - INFO - res.shape is :torch.Size([15])
2024-12-21 12:44:54,420 - [Process 0/5] - INFO - len(per_windows_prompt):1
2024-12-21 12:44:58,537 - [Process 0/5] - INFO - res.shape is :torch.Size([6])
2024-12-21 12:44:59,109 - [Process 0/5] - INFO - len(per_windows_prompt):1
2024-12-21 12:45:04,069 - [Process 0/5] - INFO - res.shape is :torch.Size([26])
2024-12-21 12:45:04,285 - [Process 0/5] - INFO - len(per_windows_prompt):1
2024-12-21 12:45:09,101 - [Process 0/5] - INFO - res.shape is :torch.Size([23])
2024-12-21 12:45:09,492 - [Process 0/5] - INFO - len(per_windows_prompt):1
2024-12-21 12:45:13,759 - [Process 0/5] - INFO - res.shape is :torch.Size([10])
2024-12-21 12:45:14,125 - [Process 0/5] - INFO - len(per_windows_prompt):1
2024-12-21 12:45:18,134 - [Process 0/5] - INFO - res.shape is :torch.Size([4])
2024-12-21 12:45:18,345 - [Process 0/5] - INFO - len(per_windows_prompt):1
2024-12-21 12:45:23,834 - [Process 0/5] - INFO - res.shape is :torch.Size([39])
2024-12-21 12:45:24,394 - [Process 0/5] - INFO - len(per_windows_prompt):1
2024-12-21 12:45:28,780 - [Process 0/5] - INFO - res.shape is :torch.Size([13])
2024-12-21 12:45:29,168 - [Process 0/5] - INFO - len(per_windows_prompt):1
2024-12-21 12:45:33,351 - [Process 0/5] - INFO - res.shape is :torch.Size([8])
2024-12-21 12:45:33,718 - [Process 0/5] - INFO - len(per_windows_prompt):1
2024-12-21 12:45:38,237 - [Process 0/5] - INFO - res.shape is :torch.Size([16])
2024-12-21 12:45:38,503 - [Process 0/5] - INFO - len(per_windows_prompt):1
2024-12-21 12:45:43,715 - [Process 0/5] - INFO - res.shape is :torch.Size([32])
2024-12-21 12:45:44,108 - [Process 0/5] - INFO - len(per_windows_prompt):1
2024-12-21 12:45:48,089 - [Process 0/5] - INFO - res.shape is :torch.Size([3])
2024-12-21 12:45:48,474 - [Process 0/5] - INFO - len(per_windows_prompt):1
2024-12-21 12:45:52,488 - [Process 0/5] - INFO - res.shape is :torch.Size([4])
2024-12-21 12:45:52,887 - [Process 0/5] - INFO - len(per_windows_prompt):1
2024-12-21 12:45:57,155 - [Process 0/5] - INFO - res.shape is :torch.Size([10])
2024-12-21 12:45:57,395 - [Process 0/5] - INFO - len(per_windows_prompt):1
2024-12-21 12:46:02,801 - [Process 0/5] - INFO - res.shape is :torch.Size([37])
2024-12-21 12:46:03,227 - [Process 0/5] - INFO - len(per_windows_prompt):1
2024-12-21 12:46:08,234 - [Process 0/5] - INFO - res.shape is :torch.Size([27])
2024-12-21 12:46:08,785 - [Process 0/5] - INFO - len(per_windows_prompt):1
2024-12-21 12:46:13,303 - [Process 0/5] - INFO - res.shape is :torch.Size([16])
2024-12-21 12:46:13,553 - [Process 0/5] - INFO - len(per_windows_prompt):1
2024-12-21 12:46:18,261 - [Process 0/5] - INFO - res.shape is :torch.Size([20])
2024-12-21 12:46:18,734 - [Process 0/5] - INFO - len(per_windows_prompt):1
2024-12-21 12:46:22,745 - [Process 0/5] - INFO - res.shape is :torch.Size([4])
2024-12-21 12:46:23,144 - [Process 0/5] - INFO - len(per_windows_prompt):1
2024-12-21 12:46:27,713 - [Process 0/5] - INFO - res.shape is :torch.Size([17])
