2024-12-21 12:36:26,298 - [Process 4/5] - INFO - loading datasets finished
2024-12-21 12:36:26,299 - [Process 4/5] - INFO - model_max_len: 3950
2024-12-21 12:36:26,299 - [Process 4/5] - INFO - output_max_len: 64
2024-12-21 12:36:26,325 - [Process 4/5] - INFO - Max Length is 10337
2024-12-21 12:36:26,326 - [Process 4/5] - INFO - Finish loading dataset
2024-12-21 12:36:26,326 - [Process 4/5] - INFO - get_predicted begin
2024-12-21 12:36:31,132 - [Process 4/5] - INFO - len(per_windows_prompt):1
2024-12-21 12:36:35,536 - [Process 4/5] - INFO - res.shape is :torch.Size([11])
2024-12-21 12:36:35,745 - [Process 4/5] - INFO - len(per_windows_prompt):1
2024-12-21 12:36:41,679 - [Process 4/5] - INFO - res.shape is :torch.Size([49])
2024-12-21 12:36:41,842 - [Process 4/5] - INFO - len(per_windows_prompt):1
2024-12-21 12:36:45,975 - [Process 4/5] - INFO - res.shape is :torch.Size([11])
2024-12-21 12:36:46,160 - [Process 4/5] - INFO - len(per_windows_prompt):1
2024-12-21 12:36:50,134 - [Process 4/5] - INFO - res.shape is :torch.Size([4])
2024-12-21 12:36:50,343 - [Process 4/5] - INFO - len(per_windows_prompt):1
2024-12-21 12:36:55,350 - [Process 4/5] - INFO - res.shape is :torch.Size([28])
2024-12-21 12:36:55,565 - [Process 4/5] - INFO - len(per_windows_prompt):1
2024-12-21 12:36:59,817 - [Process 4/5] - INFO - res.shape is :torch.Size([10])
2024-12-21 12:37:00,007 - [Process 4/5] - INFO - len(per_windows_prompt):1
2024-12-21 12:37:05,029 - [Process 4/5] - INFO - res.shape is :torch.Size([28])
2024-12-21 12:37:05,240 - [Process 4/5] - INFO - len(per_windows_prompt):1
2024-12-21 12:37:09,247 - [Process 4/5] - INFO - res.shape is :torch.Size([4])
2024-12-21 12:37:09,434 - [Process 4/5] - INFO - len(per_windows_prompt):1
2024-12-21 12:37:13,349 - [Process 4/5] - INFO - res.shape is :torch.Size([2])
2024-12-21 12:37:13,573 - [Process 4/5] - INFO - len(per_windows_prompt):1
2024-12-21 12:37:19,261 - [Process 4/5] - INFO - res.shape is :torch.Size([42])
2024-12-21 12:37:19,425 - [Process 4/5] - INFO - len(per_windows_prompt):1
2024-12-21 12:37:23,311 - [Process 4/5] - INFO - res.shape is :torch.Size([4])
2024-12-21 12:37:23,475 - [Process 4/5] - INFO - len(per_windows_prompt):1
2024-12-21 12:37:27,400 - [Process 4/5] - INFO - res.shape is :torch.Size([5])
2024-12-21 12:37:27,580 - [Process 4/5] - INFO - len(per_windows_prompt):1
2024-12-21 12:37:33,823 - [Process 4/5] - INFO - res.shape is :torch.Size([54])
2024-12-21 12:37:34,055 - [Process 4/5] - INFO - len(per_windows_prompt):1
2024-12-21 12:37:39,557 - [Process 4/5] - INFO - res.shape is :torch.Size([39])
2024-12-21 12:37:39,783 - [Process 4/5] - INFO - len(per_windows_prompt):1
2024-12-21 12:37:43,894 - [Process 4/5] - INFO - res.shape is :torch.Size([6])
2024-12-21 12:37:44,116 - [Process 4/5] - INFO - len(per_windows_prompt):1
2024-12-21 12:37:48,401 - [Process 4/5] - INFO - res.shape is :torch.Size([10])
2024-12-21 12:37:48,613 - [Process 4/5] - INFO - len(per_windows_prompt):1
2024-12-21 12:37:52,611 - [Process 4/5] - INFO - res.shape is :torch.Size([3])
2024-12-21 12:37:52,830 - [Process 4/5] - INFO - len(per_windows_prompt):1
2024-12-21 12:37:56,913 - [Process 4/5] - INFO - res.shape is :torch.Size([5])
2024-12-21 12:37:57,111 - [Process 4/5] - INFO - len(per_windows_prompt):1
2024-12-21 12:38:01,155 - [Process 4/5] - INFO - res.shape is :torch.Size([4])
2024-12-21 12:38:01,363 - [Process 4/5] - INFO - len(per_windows_prompt):1
2024-12-21 12:38:06,333 - [Process 4/5] - INFO - res.shape is :torch.Size([26])
2024-12-21 12:38:06,522 - [Process 4/5] - INFO - len(per_windows_prompt):1
2024-12-21 12:38:10,656 - [Process 4/5] - INFO - res.shape is :torch.Size([6])
2024-12-21 12:38:10,816 - [Process 4/5] - INFO - len(per_windows_prompt):1
2024-12-21 12:38:14,689 - [Process 4/5] - INFO - res.shape is :torch.Size([7])
2024-12-21 12:38:14,943 - [Process 4/5] - INFO - len(per_windows_prompt):1
2024-12-21 12:38:19,668 - [Process 4/5] - INFO - res.shape is :torch.Size([20])
2024-12-21 12:38:19,828 - [Process 4/5] - INFO - len(per_windows_prompt):1
2024-12-21 12:38:24,271 - [Process 4/5] - INFO - res.shape is :torch.Size([17])
2024-12-21 12:38:24,335 - [Process 4/5] - INFO - len(per_windows_prompt):1
2024-12-21 12:38:27,775 - [Process 4/5] - INFO - res.shape is :torch.Size([55])
2024-12-21 12:38:28,016 - [Process 4/5] - INFO - len(per_windows_prompt):1
2024-12-21 12:38:34,620 - [Process 4/5] - INFO - res.shape is :torch.Size([64])
2024-12-21 12:38:34,756 - [Process 4/5] - INFO - len(per_windows_prompt):1
2024-12-21 12:38:37,930 - [Process 4/5] - INFO - res.shape is :torch.Size([4])
2024-12-21 12:38:38,151 - [Process 4/5] - INFO - len(per_windows_prompt):1
2024-12-21 12:38:42,125 - [Process 4/5] - INFO - res.shape is :torch.Size([2])
2024-12-21 12:38:42,315 - [Process 4/5] - INFO - len(per_windows_prompt):1
2024-12-21 12:38:47,581 - [Process 4/5] - INFO - res.shape is :torch.Size([33])
2024-12-21 12:38:47,807 - [Process 4/5] - INFO - len(per_windows_prompt):1
2024-12-21 12:38:52,827 - [Process 4/5] - INFO - res.shape is :torch.Size([27])
