2024-12-21 13:54:18,967 - [Process 3/5] - INFO - loading datasets finished
2024-12-21 13:54:18,967 - [Process 3/5] - INFO - model_max_len: 3950
2024-12-21 13:54:18,967 - [Process 3/5] - INFO - output_max_len: 64
2024-12-21 13:54:19,000 - [Process 3/5] - INFO - Max Length is 10029
2024-12-21 13:54:19,001 - [Process 3/5] - INFO - Finish loading dataset
2024-12-21 13:54:19,002 - [Process 3/5] - INFO - get_predicted begin
2024-12-21 13:54:23,751 - [Process 3/5] - INFO - len(per_windows_prompt):1
2024-12-21 13:54:29,816 - [Process 3/5] - INFO - res.shape is :torch.Size([64])
2024-12-21 13:54:29,975 - [Process 3/5] - INFO - len(per_windows_prompt):1
2024-12-21 13:54:36,012 - [Process 3/5] - INFO - res.shape is :torch.Size([64])
2024-12-21 13:54:36,152 - [Process 3/5] - INFO - len(per_windows_prompt):1
2024-12-21 13:54:41,353 - [Process 3/5] - INFO - res.shape is :torch.Size([64])
2024-12-21 13:54:41,463 - [Process 3/5] - INFO - len(per_windows_prompt):1
2024-12-21 13:54:45,943 - [Process 3/5] - INFO - res.shape is :torch.Size([64])
2024-12-21 13:54:46,068 - [Process 3/5] - INFO - len(per_windows_prompt):1
2024-12-21 13:54:51,366 - [Process 3/5] - INFO - res.shape is :torch.Size([64])
2024-12-21 13:54:51,459 - [Process 3/5] - INFO - len(per_windows_prompt):1
2024-12-21 13:54:56,137 - [Process 3/5] - INFO - res.shape is :torch.Size([64])
2024-12-21 13:54:56,268 - [Process 3/5] - INFO - len(per_windows_prompt):1
2024-12-21 13:55:01,552 - [Process 3/5] - INFO - res.shape is :torch.Size([64])
2024-12-21 13:55:01,664 - [Process 3/5] - INFO - len(per_windows_prompt):1
2024-12-21 13:55:06,311 - [Process 3/5] - INFO - res.shape is :torch.Size([64])
2024-12-21 13:55:06,426 - [Process 3/5] - INFO - len(per_windows_prompt):1
2024-12-21 13:55:10,961 - [Process 3/5] - INFO - res.shape is :torch.Size([64])
2024-12-21 13:55:11,214 - [Process 3/5] - INFO - len(per_windows_prompt):1
2024-12-21 13:55:17,857 - [Process 3/5] - INFO - res.shape is :torch.Size([64])
2024-12-21 13:55:18,043 - [Process 3/5] - INFO - len(per_windows_prompt):1
2024-12-21 13:55:24,740 - [Process 3/5] - INFO - res.shape is :torch.Size([64])
2024-12-21 13:55:24,956 - [Process 3/5] - INFO - len(per_windows_prompt):1
2024-12-21 13:55:31,532 - [Process 3/5] - INFO - res.shape is :torch.Size([64])
2024-12-21 13:55:31,645 - [Process 3/5] - INFO - len(per_windows_prompt):1
2024-12-21 13:55:36,441 - [Process 3/5] - INFO - res.shape is :torch.Size([64])
2024-12-21 13:55:36,560 - [Process 3/5] - INFO - len(per_windows_prompt):1
2024-12-21 13:55:41,634 - [Process 3/5] - INFO - res.shape is :torch.Size([64])
2024-12-21 13:55:41,738 - [Process 3/5] - INFO - len(per_windows_prompt):1
2024-12-21 13:55:46,628 - [Process 3/5] - INFO - res.shape is :torch.Size([64])
2024-12-21 13:55:46,773 - [Process 3/5] - INFO - len(per_windows_prompt):1
2024-12-21 13:55:52,852 - [Process 3/5] - INFO - res.shape is :torch.Size([64])
2024-12-21 13:55:52,993 - [Process 3/5] - INFO - len(per_windows_prompt):1
2024-12-21 13:55:58,551 - [Process 3/5] - INFO - res.shape is :torch.Size([64])
2024-12-21 13:55:58,650 - [Process 3/5] - INFO - len(per_windows_prompt):1
2024-12-21 13:56:03,587 - [Process 3/5] - INFO - res.shape is :torch.Size([64])
2024-12-21 13:56:03,743 - [Process 3/5] - INFO - len(per_windows_prompt):1
2024-12-21 13:56:10,014 - [Process 3/5] - INFO - res.shape is :torch.Size([64])
2024-12-21 13:56:10,148 - [Process 3/5] - INFO - len(per_windows_prompt):1
2024-12-21 13:56:15,291 - [Process 3/5] - INFO - res.shape is :torch.Size([64])
2024-12-21 13:56:15,443 - [Process 3/5] - INFO - len(per_windows_prompt):1
2024-12-21 13:56:21,599 - [Process 3/5] - INFO - res.shape is :torch.Size([64])
2024-12-21 13:56:21,688 - [Process 3/5] - INFO - len(per_windows_prompt):1
2024-12-21 13:56:26,184 - [Process 3/5] - INFO - res.shape is :torch.Size([64])
2024-12-21 13:56:26,362 - [Process 3/5] - INFO - len(per_windows_prompt):1
2024-12-21 13:56:33,061 - [Process 3/5] - INFO - res.shape is :torch.Size([64])
2024-12-21 13:56:33,245 - [Process 3/5] - INFO - len(per_windows_prompt):1
2024-12-21 13:56:39,904 - [Process 3/5] - INFO - res.shape is :torch.Size([64])
2024-12-21 13:56:40,191 - [Process 3/5] - INFO - len(per_windows_prompt):1
2024-12-21 13:56:46,930 - [Process 3/5] - INFO - res.shape is :torch.Size([64])
2024-12-21 13:56:47,030 - [Process 3/5] - INFO - len(per_windows_prompt):1
2024-12-21 13:56:51,874 - [Process 3/5] - INFO - res.shape is :torch.Size([64])
2024-12-21 13:56:51,985 - [Process 3/5] - INFO - len(per_windows_prompt):1
2024-12-21 13:56:56,804 - [Process 3/5] - INFO - res.shape is :torch.Size([64])
2024-12-21 13:56:56,902 - [Process 3/5] - INFO - len(per_windows_prompt):1
2024-12-21 13:57:01,399 - [Process 3/5] - INFO - res.shape is :torch.Size([64])
2024-12-21 13:57:01,587 - [Process 3/5] - INFO - len(per_windows_prompt):1
2024-12-21 13:57:08,263 - [Process 3/5] - INFO - res.shape is :torch.Size([64])
2024-12-21 13:57:08,389 - [Process 3/5] - INFO - len(per_windows_prompt):1
2024-12-21 13:57:13,605 - [Process 3/5] - INFO - res.shape is :torch.Size([64])
2024-12-21 13:57:13,720 - [Process 3/5] - INFO - len(per_windows_prompt):1
2024-12-21 13:57:18,742 - [Process 3/5] - INFO - res.shape is :torch.Size([64])
2024-12-21 13:57:18,930 - [Process 3/5] - INFO - len(per_windows_prompt):1
2024-12-21 13:57:25,676 - [Process 3/5] - INFO - res.shape is :torch.Size([64])
2024-12-21 13:57:25,794 - [Process 3/5] - INFO - len(per_windows_prompt):1
2024-12-21 13:57:31,100 - [Process 3/5] - INFO - res.shape is :torch.Size([64])
2024-12-21 13:57:31,363 - [Process 3/5] - INFO - len(per_windows_prompt):1
2024-12-21 13:57:37,950 - [Process 3/5] - INFO - res.shape is :torch.Size([64])
2024-12-21 13:57:38,090 - [Process 3/5] - INFO - len(per_windows_prompt):1
2024-12-21 13:57:43,752 - [Process 3/5] - INFO - res.shape is :torch.Size([64])
2024-12-21 13:57:43,932 - [Process 3/5] - INFO - len(per_windows_prompt):1
2024-12-21 13:57:50,521 - [Process 3/5] - INFO - res.shape is :torch.Size([64])
2024-12-21 13:57:50,716 - [Process 3/5] - INFO - len(per_windows_prompt):1
2024-12-21 13:57:54,741 - [Process 3/5] - INFO - res.shape is :torch.Size([3])
2024-12-21 13:57:54,824 - [Process 3/5] - INFO - len(per_windows_prompt):1
2024-12-21 13:57:59,121 - [Process 3/5] - INFO - res.shape is :torch.Size([64])
2024-12-21 13:57:59,239 - [Process 3/5] - INFO - len(per_windows_prompt):1
2024-12-21 13:58:04,497 - [Process 3/5] - INFO - res.shape is :torch.Size([64])
2024-12-21 13:58:04,608 - [Process 3/5] - INFO - len(per_windows_prompt):1
2024-12-21 13:58:09,929 - [Process 3/5] - INFO - res.shape is :torch.Size([64])
2024-12-21 13:58:10,094 - [Process 3/5] - INFO - len(per_windows_prompt):1
2024-12-21 13:58:16,101 - [Process 3/5] - INFO - res.shape is :torch.Size([64])
2024-12-21 13:58:16,216 - [Process 3/5] - INFO - len(per_windows_prompt):1
2024-12-21 13:58:21,006 - [Process 3/5] - INFO - res.shape is :torch.Size([64])
2024-12-21 13:58:21,135 - [Process 3/5] - INFO - len(per_windows_prompt):1
2024-12-21 13:58:26,143 - [Process 3/5] - INFO - res.shape is :torch.Size([64])
2024-12-21 13:58:26,339 - [Process 3/5] - INFO - len(per_windows_prompt):1
2024-12-21 13:58:32,922 - [Process 3/5] - INFO - res.shape is :torch.Size([64])
2024-12-21 13:58:33,105 - [Process 3/5] - INFO - len(per_windows_prompt):1
2024-12-21 13:58:39,681 - [Process 3/5] - INFO - res.shape is :torch.Size([64])
2024-12-21 13:58:39,760 - [Process 3/5] - INFO - len(per_windows_prompt):1
2024-12-21 13:58:43,834 - [Process 3/5] - INFO - res.shape is :torch.Size([64])
2024-12-21 13:58:44,007 - [Process 3/5] - INFO - len(per_windows_prompt):1
2024-12-21 13:58:50,578 - [Process 3/5] - INFO - res.shape is :torch.Size([64])
2024-12-21 13:58:50,772 - [Process 3/5] - INFO - len(per_windows_prompt):1
2024-12-21 13:58:57,365 - [Process 3/5] - INFO - res.shape is :torch.Size([64])
2024-12-21 13:58:57,562 - [Process 3/5] - INFO - len(per_windows_prompt):1
2024-12-21 13:59:04,299 - [Process 3/5] - INFO - res.shape is :torch.Size([64])
2024-12-21 13:59:04,491 - [Process 3/5] - INFO - len(per_windows_prompt):1
2024-12-21 13:59:11,224 - [Process 3/5] - INFO - res.shape is :torch.Size([64])
2024-12-21 13:59:11,305 - [Process 3/5] - INFO - len(per_windows_prompt):1
2024-12-21 13:59:15,315 - [Process 3/5] - INFO - res.shape is :torch.Size([64])
2024-12-21 13:59:15,409 - [Process 3/5] - INFO - len(per_windows_prompt):1
2024-12-21 13:59:19,509 - [Process 3/5] - INFO - res.shape is :torch.Size([64])
2024-12-21 13:59:19,664 - [Process 3/5] - INFO - len(per_windows_prompt):1
2024-12-21 13:59:25,774 - [Process 3/5] - INFO - res.shape is :torch.Size([64])
2024-12-21 13:59:25,869 - [Process 3/5] - INFO - len(per_windows_prompt):1
2024-12-21 13:59:30,425 - [Process 3/5] - INFO - res.shape is :torch.Size([64])
2024-12-21 13:59:30,605 - [Process 3/5] - INFO - len(per_windows_prompt):1
2024-12-21 13:59:37,202 - [Process 3/5] - INFO - res.shape is :torch.Size([64])
2024-12-21 13:59:37,317 - [Process 3/5] - INFO - len(per_windows_prompt):1
2024-12-21 13:59:42,592 - [Process 3/5] - INFO - res.shape is :torch.Size([64])
2024-12-21 13:59:42,732 - [Process 3/5] - INFO - len(per_windows_prompt):1
2024-12-21 13:59:48,362 - [Process 3/5] - INFO - res.shape is :torch.Size([64])
2024-12-21 13:59:48,538 - [Process 3/5] - INFO - len(per_windows_prompt):1
2024-12-21 13:59:55,247 - [Process 3/5] - INFO - res.shape is :torch.Size([64])
2024-12-21 13:59:55,449 - [Process 3/5] - INFO - len(per_windows_prompt):1
2024-12-21 14:00:02,237 - [Process 3/5] - INFO - res.shape is :torch.Size([64])
2024-12-21 14:00:02,406 - [Process 3/5] - INFO - len(per_windows_prompt):1
2024-12-21 14:00:08,820 - [Process 3/5] - INFO - res.shape is :torch.Size([64])
2024-12-21 14:00:08,921 - [Process 3/5] - INFO - len(per_windows_prompt):1
2024-12-21 14:00:13,412 - [Process 3/5] - INFO - res.shape is :torch.Size([64])
2024-12-21 14:00:13,524 - [Process 3/5] - INFO - len(per_windows_prompt):1
2024-12-21 14:00:18,135 - [Process 3/5] - INFO - res.shape is :torch.Size([64])
2024-12-21 14:00:18,307 - [Process 3/5] - INFO - len(per_windows_prompt):1
2024-12-21 14:00:24,454 - [Process 3/5] - INFO - res.shape is :torch.Size([64])
2024-12-21 14:00:24,653 - [Process 3/5] - INFO - len(per_windows_prompt):1
2024-12-21 14:00:31,248 - [Process 3/5] - INFO - res.shape is :torch.Size([64])
2024-12-21 14:00:31,442 - [Process 3/5] - INFO - len(per_windows_prompt):1
2024-12-21 14:00:38,242 - [Process 3/5] - INFO - res.shape is :torch.Size([64])
2024-12-21 14:00:38,440 - [Process 3/5] - INFO - len(per_windows_prompt):1
2024-12-21 14:00:45,236 - [Process 3/5] - INFO - res.shape is :torch.Size([64])
2024-12-21 14:00:45,432 - [Process 3/5] - INFO - len(per_windows_prompt):1
2024-12-21 14:00:52,227 - [Process 3/5] - INFO - res.shape is :torch.Size([64])
2024-12-21 14:00:52,337 - [Process 3/5] - INFO - len(per_windows_prompt):1
2024-12-21 14:00:57,486 - [Process 3/5] - INFO - res.shape is :torch.Size([64])
2024-12-21 14:00:57,696 - [Process 3/5] - INFO - len(per_windows_prompt):1
2024-12-21 14:01:04,432 - [Process 3/5] - INFO - res.shape is :torch.Size([64])
2024-12-21 14:01:04,545 - [Process 3/5] - INFO - len(per_windows_prompt):1
2024-12-21 14:01:09,309 - [Process 3/5] - INFO - res.shape is :torch.Size([64])
2024-12-21 14:01:09,501 - [Process 3/5] - INFO - len(per_windows_prompt):1
2024-12-21 14:01:16,179 - [Process 3/5] - INFO - res.shape is :torch.Size([64])
2024-12-21 14:01:16,275 - [Process 3/5] - INFO - len(per_windows_prompt):1
2024-12-21 14:01:20,977 - [Process 3/5] - INFO - res.shape is :torch.Size([64])
2024-12-21 14:01:21,131 - [Process 3/5] - INFO - len(per_windows_prompt):1
2024-12-21 14:01:27,467 - [Process 3/5] - INFO - res.shape is :torch.Size([64])
2024-12-21 14:01:27,569 - [Process 3/5] - INFO - len(per_windows_prompt):1
2024-12-21 14:01:32,489 - [Process 3/5] - INFO - res.shape is :torch.Size([64])
2024-12-21 14:01:32,684 - [Process 3/5] - INFO - len(per_windows_prompt):1
2024-12-21 14:01:39,391 - [Process 3/5] - INFO - res.shape is :torch.Size([64])
2024-12-21 14:01:39,503 - [Process 3/5] - INFO - len(per_windows_prompt):1
2024-12-21 14:01:44,646 - [Process 3/5] - INFO - res.shape is :torch.Size([64])
2024-12-21 14:01:44,765 - [Process 3/5] - INFO - len(per_windows_prompt):1
2024-12-21 14:01:50,297 - [Process 3/5] - INFO - res.shape is :torch.Size([64])
2024-12-21 14:01:50,415 - [Process 3/5] - INFO - len(per_windows_prompt):1
2024-12-21 14:01:55,191 - [Process 3/5] - INFO - res.shape is :torch.Size([64])
2024-12-21 14:01:55,371 - [Process 3/5] - INFO - len(per_windows_prompt):1
2024-12-21 14:02:01,947 - [Process 3/5] - INFO - res.shape is :torch.Size([64])
2024-12-21 14:02:02,149 - [Process 3/5] - INFO - len(per_windows_prompt):1
2024-12-21 14:02:08,838 - [Process 3/5] - INFO - res.shape is :torch.Size([64])
2024-12-21 14:02:08,956 - [Process 3/5] - INFO - len(per_windows_prompt):1
2024-12-21 14:02:13,900 - [Process 3/5] - INFO - res.shape is :torch.Size([64])
2024-12-21 14:02:14,111 - [Process 3/5] - INFO - len(per_windows_prompt):1
2024-12-21 14:02:20,902 - [Process 3/5] - INFO - res.shape is :torch.Size([64])
2024-12-21 14:02:21,035 - [Process 3/5] - INFO - len(per_windows_prompt):1
2024-12-21 14:02:26,950 - [Process 3/5] - INFO - res.shape is :torch.Size([64])
2024-12-21 14:02:27,088 - [Process 3/5] - INFO - len(per_windows_prompt):1
2024-12-21 14:02:32,627 - [Process 3/5] - INFO - res.shape is :torch.Size([64])
2024-12-21 14:02:32,797 - [Process 3/5] - INFO - len(per_windows_prompt):1
2024-12-21 14:02:39,418 - [Process 3/5] - INFO - res.shape is :torch.Size([64])
2024-12-21 14:02:39,554 - [Process 3/5] - INFO - len(per_windows_prompt):1
2024-12-21 14:02:45,320 - [Process 3/5] - INFO - res.shape is :torch.Size([64])
2024-12-21 14:02:45,442 - [Process 3/5] - INFO - len(per_windows_prompt):1
2024-12-21 14:02:50,568 - [Process 3/5] - INFO - res.shape is :torch.Size([64])
2024-12-21 14:02:50,767 - [Process 3/5] - INFO - len(per_windows_prompt):1
2024-12-21 14:02:57,409 - [Process 3/5] - INFO - res.shape is :torch.Size([64])
2024-12-21 14:02:57,541 - [Process 3/5] - INFO - len(per_windows_prompt):1
2024-12-21 14:03:02,808 - [Process 3/5] - INFO - res.shape is :torch.Size([64])
2024-12-21 14:03:02,888 - [Process 3/5] - INFO - len(per_windows_prompt):1
2024-12-21 14:03:07,259 - [Process 3/5] - INFO - res.shape is :torch.Size([64])
2024-12-21 14:03:07,445 - [Process 3/5] - INFO - len(per_windows_prompt):1
2024-12-21 14:03:14,168 - [Process 3/5] - INFO - res.shape is :torch.Size([64])
2024-12-21 14:03:14,247 - [Process 3/5] - INFO - len(per_windows_prompt):1
2024-12-21 14:03:18,369 - [Process 3/5] - INFO - res.shape is :torch.Size([64])
2024-12-21 14:03:18,570 - [Process 3/5] - INFO - len(per_windows_prompt):1
2024-12-21 14:03:25,369 - [Process 3/5] - INFO - res.shape is :torch.Size([64])
2024-12-21 14:03:25,547 - [Process 3/5] - INFO - len(per_windows_prompt):1
2024-12-21 14:03:32,121 - [Process 3/5] - INFO - res.shape is :torch.Size([64])
2024-12-21 14:03:32,267 - [Process 3/5] - INFO - len(per_windows_prompt):1
2024-12-21 14:03:38,288 - [Process 3/5] - INFO - res.shape is :torch.Size([64])
2024-12-21 14:03:38,439 - [Process 3/5] - INFO - len(per_windows_prompt):1
2024-12-21 14:03:44,236 - [Process 3/5] - INFO - res.shape is :torch.Size([64])
2024-12-21 14:03:44,431 - [Process 3/5] - INFO - len(per_windows_prompt):1
2024-12-21 14:03:51,030 - [Process 3/5] - INFO - res.shape is :torch.Size([64])
2024-12-21 14:03:51,207 - [Process 3/5] - INFO - len(per_windows_prompt):1
2024-12-21 14:03:57,807 - [Process 3/5] - INFO - res.shape is :torch.Size([64])
2024-12-21 14:03:57,922 - [Process 3/5] - INFO - len(per_windows_prompt):1
2024-12-21 14:04:03,146 - [Process 3/5] - INFO - res.shape is :torch.Size([64])
2024-12-21 14:04:03,239 - [Process 3/5] - INFO - len(per_windows_prompt):1
2024-12-21 14:04:07,517 - [Process 3/5] - INFO - res.shape is :torch.Size([64])
