2024-12-21 17:20:39,552 - [Process 2/5] - INFO - loading datasets finished
2024-12-21 17:20:39,552 - [Process 2/5] - INFO - model_max_len: 3950
2024-12-21 17:20:39,552 - [Process 2/5] - INFO - output_max_len: 512
2024-12-21 17:20:39,571 - [Process 2/5] - INFO - Max Length is 10933
2024-12-21 17:20:39,571 - [Process 2/5] - INFO - Finish loading dataset
2024-12-21 17:20:39,571 - [Process 2/5] - INFO - get_predicted begin
2024-12-21 17:20:44,342 - [Process 2/5] - INFO - len(per_windows_prompt):1
2024-12-21 17:21:04,418 - [Process 2/5] - INFO - res.shape is :torch.Size([380])
2024-12-21 17:21:04,535 - [Process 2/5] - INFO - len(per_windows_prompt):1
2024-12-21 17:21:16,713 - [Process 2/5] - INFO - res.shape is :torch.Size([236])
2024-12-21 17:21:16,941 - [Process 2/5] - INFO - len(per_windows_prompt):1
2024-12-21 17:21:37,549 - [Process 2/5] - INFO - res.shape is :torch.Size([345])
2024-12-21 17:21:37,650 - [Process 2/5] - INFO - len(per_windows_prompt):1
2024-12-21 17:21:52,654 - [Process 2/5] - INFO - res.shape is :torch.Size([303])
2024-12-21 17:21:52,759 - [Process 2/5] - INFO - len(per_windows_prompt):1
2024-12-21 17:22:04,969 - [Process 2/5] - INFO - res.shape is :torch.Size([246])
2024-12-21 17:22:05,049 - [Process 2/5] - INFO - len(per_windows_prompt):1
2024-12-21 17:22:21,518 - [Process 2/5] - INFO - res.shape is :torch.Size([341])
2024-12-21 17:22:21,581 - [Process 2/5] - INFO - len(per_windows_prompt):1
2024-12-21 17:22:30,981 - [Process 2/5] - INFO - res.shape is :torch.Size([188])
2024-12-21 17:22:31,178 - [Process 2/5] - INFO - len(per_windows_prompt):1
2024-12-21 17:22:59,090 - [Process 2/5] - INFO - res.shape is :torch.Size([512])
2024-12-21 17:22:59,398 - [Process 2/5] - INFO - len(per_windows_prompt):1
2024-12-21 17:23:26,675 - [Process 2/5] - INFO - res.shape is :torch.Size([512])
2024-12-21 17:23:26,816 - [Process 2/5] - INFO - len(per_windows_prompt):1
2024-12-21 17:23:39,344 - [Process 2/5] - INFO - res.shape is :torch.Size([236])
2024-12-21 17:23:39,424 - [Process 2/5] - INFO - len(per_windows_prompt):1
2024-12-21 17:23:51,803 - [Process 2/5] - INFO - res.shape is :torch.Size([249])
2024-12-21 17:23:51,887 - [Process 2/5] - INFO - len(per_windows_prompt):1
2024-12-21 17:24:04,465 - [Process 2/5] - INFO - res.shape is :torch.Size([265])
2024-12-21 17:24:04,680 - [Process 2/5] - INFO - len(per_windows_prompt):1
2024-12-21 17:24:31,867 - [Process 2/5] - INFO - res.shape is :torch.Size([512])
2024-12-21 17:24:32,035 - [Process 2/5] - INFO - len(per_windows_prompt):1
2024-12-21 17:24:43,461 - [Process 2/5] - INFO - res.shape is :torch.Size([196])
2024-12-21 17:24:43,500 - [Process 2/5] - INFO - len(per_windows_prompt):1
2024-12-21 17:24:50,748 - [Process 2/5] - INFO - res.shape is :torch.Size([148])
2024-12-21 17:24:50,766 - [Process 2/5] - INFO - len(per_windows_prompt):1
2024-12-21 17:24:55,124 - [Process 2/5] - INFO - res.shape is :torch.Size([103])
2024-12-21 17:24:55,205 - [Process 2/5] - INFO - len(per_windows_prompt):1
2024-12-21 17:25:08,269 - [Process 2/5] - INFO - res.shape is :torch.Size([255])
2024-12-21 17:25:08,423 - [Process 2/5] - INFO - len(per_windows_prompt):1
2024-12-21 17:25:28,407 - [Process 2/5] - INFO - res.shape is :torch.Size([382])
2024-12-21 17:25:28,526 - [Process 2/5] - INFO - len(per_windows_prompt):1
2024-12-21 17:25:40,163 - [Process 2/5] - INFO - res.shape is :torch.Size([230])
2024-12-21 17:25:40,321 - [Process 2/5] - INFO - len(per_windows_prompt):1
2024-12-21 17:25:52,620 - [Process 2/5] - INFO - res.shape is :torch.Size([198])
2024-12-21 17:25:52,856 - [Process 2/5] - INFO - len(per_windows_prompt):1
2024-12-21 17:26:19,957 - [Process 2/5] - INFO - res.shape is :torch.Size([512])
2024-12-21 17:26:20,122 - [Process 2/5] - INFO - len(per_windows_prompt):1
2024-12-21 17:26:39,819 - [Process 2/5] - INFO - res.shape is :torch.Size([380])
2024-12-21 17:26:40,059 - [Process 2/5] - INFO - len(per_windows_prompt):1
2024-12-21 17:27:06,887 - [Process 2/5] - INFO - res.shape is :torch.Size([512])
2024-12-21 17:27:06,981 - [Process 2/5] - INFO - len(per_windows_prompt):1
2024-12-21 17:27:17,043 - [Process 2/5] - INFO - res.shape is :torch.Size([198])
2024-12-21 17:27:17,109 - [Process 2/5] - INFO - len(per_windows_prompt):1
2024-12-21 17:27:33,955 - [Process 2/5] - INFO - res.shape is :torch.Size([353])
2024-12-21 17:27:34,175 - [Process 2/5] - INFO - len(per_windows_prompt):1
2024-12-21 17:27:46,267 - [Process 2/5] - INFO - res.shape is :torch.Size([187])
2024-12-21 17:27:46,391 - [Process 2/5] - INFO - len(per_windows_prompt):1
2024-12-21 17:27:58,653 - [Process 2/5] - INFO - res.shape is :torch.Size([220])
2024-12-21 17:27:58,713 - [Process 2/5] - INFO - len(per_windows_prompt):1
2024-12-21 17:28:10,081 - [Process 2/5] - INFO - res.shape is :torch.Size([245])
2024-12-21 17:28:10,214 - [Process 2/5] - INFO - len(per_windows_prompt):1
2024-12-21 17:28:29,258 - [Process 2/5] - INFO - res.shape is :torch.Size([364])
2024-12-21 17:28:29,325 - [Process 2/5] - INFO - len(per_windows_prompt):1
2024-12-21 17:28:38,701 - [Process 2/5] - INFO - res.shape is :torch.Size([201])
2024-12-21 17:28:38,822 - [Process 2/5] - INFO - len(per_windows_prompt):1
2024-12-21 17:28:51,105 - [Process 2/5] - INFO - res.shape is :torch.Size([223])
2024-12-21 17:28:51,213 - [Process 2/5] - INFO - len(per_windows_prompt):1
2024-12-21 17:29:02,600 - [Process 2/5] - INFO - res.shape is :torch.Size([219])
2024-12-21 17:29:02,740 - [Process 2/5] - INFO - len(per_windows_prompt):1
2024-12-21 17:29:13,578 - [Process 2/5] - INFO - res.shape is :torch.Size([182])
2024-12-21 17:29:13,778 - [Process 2/5] - INFO - len(per_windows_prompt):1
2024-12-21 17:29:40,770 - [Process 2/5] - INFO - res.shape is :torch.Size([512])
2024-12-21 17:29:40,825 - [Process 2/5] - INFO - len(per_windows_prompt):1
2024-12-21 17:29:48,960 - [Process 2/5] - INFO - res.shape is :torch.Size([172])
2024-12-21 17:29:49,210 - [Process 2/5] - INFO - len(per_windows_prompt):1
2024-12-21 17:30:01,002 - [Process 2/5] - INFO - res.shape is :torch.Size([174])
2024-12-21 17:30:01,100 - [Process 2/5] - INFO - len(per_windows_prompt):1
2024-12-21 17:30:18,009 - [Process 2/5] - INFO - res.shape is :torch.Size([394])
2024-12-21 17:30:18,028 - [Process 2/5] - INFO - len(per_windows_prompt):1
2024-12-21 17:30:22,499 - [Process 2/5] - INFO - res.shape is :torch.Size([124])
2024-12-21 17:30:22,577 - [Process 2/5] - INFO - len(per_windows_prompt):1
2024-12-21 17:30:33,425 - [Process 2/5] - INFO - res.shape is :torch.Size([224])
2024-12-21 17:30:33,456 - [Process 2/5] - INFO - len(per_windows_prompt):1
2024-12-21 17:30:44,186 - [Process 2/5] - INFO - res.shape is :torch.Size([292])
