2024-12-21 12:11:39,348 - [Process 1/5] - INFO - loading datasets finished
2024-12-21 12:11:39,348 - [Process 1/5] - INFO - model_max_len: 3950
2024-12-21 12:11:39,348 - [Process 1/5] - INFO - output_max_len: 64
2024-12-21 12:11:39,364 - [Process 1/5] - INFO - Max Length is 10337
2024-12-21 12:11:39,364 - [Process 1/5] - INFO - Finish loading dataset
2024-12-21 12:11:39,364 - [Process 1/5] - INFO - get_predicted begin
2024-12-21 12:11:44,129 - [Process 1/5] - INFO - len(per_windows_prompt):1
2024-12-21 12:11:49,755 - [Process 1/5] - INFO - res.shape is :torch.Size([31])
2024-12-21 12:11:49,869 - [Process 1/5] - INFO - len(per_windows_prompt):1
2024-12-21 12:11:54,097 - [Process 1/5] - INFO - res.shape is :torch.Size([10])
2024-12-21 12:11:54,225 - [Process 1/5] - INFO - len(per_windows_prompt):1
2024-12-21 12:11:59,097 - [Process 1/5] - INFO - res.shape is :torch.Size([26])
2024-12-21 12:11:59,218 - [Process 1/5] - INFO - len(per_windows_prompt):1
2024-12-21 12:12:04,491 - [Process 1/5] - INFO - res.shape is :torch.Size([36])
2024-12-21 12:12:04,618 - [Process 1/5] - INFO - len(per_windows_prompt):1
2024-12-21 12:12:09,735 - [Process 1/5] - INFO - res.shape is :torch.Size([32])
2024-12-21 12:12:09,848 - [Process 1/5] - INFO - len(per_windows_prompt):1
2024-12-21 12:12:14,884 - [Process 1/5] - INFO - res.shape is :torch.Size([30])
2024-12-21 12:12:14,944 - [Process 1/5] - INFO - len(per_windows_prompt):1
2024-12-21 12:12:17,110 - [Process 1/5] - INFO - res.shape is :torch.Size([3])
2024-12-21 12:12:17,225 - [Process 1/5] - INFO - len(per_windows_prompt):1
2024-12-21 12:12:23,222 - [Process 1/5] - INFO - res.shape is :torch.Size([54])
2024-12-21 12:12:23,330 - [Process 1/5] - INFO - len(per_windows_prompt):1
2024-12-21 12:12:27,345 - [Process 1/5] - INFO - res.shape is :torch.Size([4])
2024-12-21 12:12:27,454 - [Process 1/5] - INFO - len(per_windows_prompt):1
2024-12-21 12:12:31,513 - [Process 1/5] - INFO - res.shape is :torch.Size([5])
2024-12-21 12:12:31,618 - [Process 1/5] - INFO - len(per_windows_prompt):1
2024-12-21 12:12:35,717 - [Process 1/5] - INFO - res.shape is :torch.Size([6])
2024-12-21 12:12:35,780 - [Process 1/5] - INFO - len(per_windows_prompt):1
2024-12-21 12:12:38,065 - [Process 1/5] - INFO - res.shape is :torch.Size([5])
2024-12-21 12:12:38,177 - [Process 1/5] - INFO - len(per_windows_prompt):1
2024-12-21 12:12:44,594 - [Process 1/5] - INFO - res.shape is :torch.Size([64])
2024-12-21 12:12:44,738 - [Process 1/5] - INFO - len(per_windows_prompt):1
2024-12-21 12:12:51,174 - [Process 1/5] - INFO - res.shape is :torch.Size([64])
2024-12-21 12:12:51,312 - [Process 1/5] - INFO - len(per_windows_prompt):1
2024-12-21 12:12:55,467 - [Process 1/5] - INFO - res.shape is :torch.Size([7])
2024-12-21 12:12:55,595 - [Process 1/5] - INFO - len(per_windows_prompt):1
2024-12-21 12:13:01,892 - [Process 1/5] - INFO - res.shape is :torch.Size([61])
2024-12-21 12:13:02,016 - [Process 1/5] - INFO - len(per_windows_prompt):1
2024-12-21 12:13:06,290 - [Process 1/5] - INFO - res.shape is :torch.Size([10])
2024-12-21 12:13:06,417 - [Process 1/5] - INFO - len(per_windows_prompt):1
2024-12-21 12:13:10,458 - [Process 1/5] - INFO - res.shape is :torch.Size([4])
2024-12-21 12:13:10,553 - [Process 1/5] - INFO - len(per_windows_prompt):1
2024-12-21 12:13:14,437 - [Process 1/5] - INFO - res.shape is :torch.Size([12])
2024-12-21 12:13:14,535 - [Process 1/5] - INFO - len(per_windows_prompt):1
2024-12-21 12:13:18,565 - [Process 1/5] - INFO - res.shape is :torch.Size([4])
2024-12-21 12:13:18,656 - [Process 1/5] - INFO - len(per_windows_prompt):1
2024-12-21 12:13:22,277 - [Process 1/5] - INFO - res.shape is :torch.Size([11])
2024-12-21 12:13:22,422 - [Process 1/5] - INFO - len(per_windows_prompt):1
2024-12-21 12:13:28,846 - [Process 1/5] - INFO - res.shape is :torch.Size([64])
2024-12-21 12:13:28,979 - [Process 1/5] - INFO - len(per_windows_prompt):1
2024-12-21 12:13:34,650 - [Process 1/5] - INFO - res.shape is :torch.Size([45])
2024-12-21 12:13:34,766 - [Process 1/5] - INFO - len(per_windows_prompt):1
2024-12-21 12:13:38,960 - [Process 1/5] - INFO - res.shape is :torch.Size([8])
2024-12-21 12:13:39,056 - [Process 1/5] - INFO - len(per_windows_prompt):1
2024-12-21 12:13:42,916 - [Process 1/5] - INFO - res.shape is :torch.Size([7])
2024-12-21 12:13:42,995 - [Process 1/5] - INFO - len(per_windows_prompt):1
2024-12-21 12:13:46,563 - [Process 1/5] - INFO - res.shape is :torch.Size([11])
2024-12-21 12:13:46,675 - [Process 1/5] - INFO - len(per_windows_prompt):1
2024-12-21 12:13:51,074 - [Process 1/5] - INFO - res.shape is :torch.Size([13])
2024-12-21 12:13:51,165 - [Process 1/5] - INFO - len(per_windows_prompt):1
2024-12-21 12:13:54,481 - [Process 1/5] - INFO - res.shape is :torch.Size([3])
2024-12-21 12:13:54,520 - [Process 1/5] - INFO - len(per_windows_prompt):1
2024-12-21 12:13:56,709 - [Process 1/5] - INFO - res.shape is :torch.Size([27])
2024-12-21 12:13:56,818 - [Process 1/5] - INFO - len(per_windows_prompt):1
2024-12-21 12:14:01,057 - [Process 1/5] - INFO - res.shape is :torch.Size([9])
