2024-12-21 12:25:54,805 - [Process 4/5] - INFO - loading datasets finished
2024-12-21 12:25:54,805 - [Process 4/5] - INFO - model_max_len: 3950
2024-12-21 12:25:54,805 - [Process 4/5] - INFO - output_max_len: 64
2024-12-21 12:25:54,822 - [Process 4/5] - INFO - Max Length is 10337
2024-12-21 12:25:54,822 - [Process 4/5] - INFO - Finish loading dataset
2024-12-21 12:25:54,822 - [Process 4/5] - INFO - get_predicted begin
2024-12-21 12:25:59,658 - [Process 4/5] - INFO - len(per_windows_prompt):1
2024-12-21 12:26:04,070 - [Process 4/5] - INFO - res.shape is :torch.Size([11])
2024-12-21 12:26:04,278 - [Process 4/5] - INFO - len(per_windows_prompt):1
2024-12-21 12:26:10,217 - [Process 4/5] - INFO - res.shape is :torch.Size([49])
2024-12-21 12:26:10,382 - [Process 4/5] - INFO - len(per_windows_prompt):1
2024-12-21 12:26:14,517 - [Process 4/5] - INFO - res.shape is :torch.Size([11])
2024-12-21 12:26:14,698 - [Process 4/5] - INFO - len(per_windows_prompt):1
2024-12-21 12:26:18,679 - [Process 4/5] - INFO - res.shape is :torch.Size([4])
2024-12-21 12:26:18,885 - [Process 4/5] - INFO - len(per_windows_prompt):1
2024-12-21 12:26:23,903 - [Process 4/5] - INFO - res.shape is :torch.Size([28])
2024-12-21 12:26:24,116 - [Process 4/5] - INFO - len(per_windows_prompt):1
2024-12-21 12:26:28,372 - [Process 4/5] - INFO - res.shape is :torch.Size([10])
2024-12-21 12:26:28,563 - [Process 4/5] - INFO - len(per_windows_prompt):1
2024-12-21 12:26:33,590 - [Process 4/5] - INFO - res.shape is :torch.Size([28])
2024-12-21 12:26:33,799 - [Process 4/5] - INFO - len(per_windows_prompt):1
2024-12-21 12:26:37,810 - [Process 4/5] - INFO - res.shape is :torch.Size([4])
2024-12-21 12:26:37,994 - [Process 4/5] - INFO - len(per_windows_prompt):1
2024-12-21 12:26:41,914 - [Process 4/5] - INFO - res.shape is :torch.Size([2])
2024-12-21 12:26:42,137 - [Process 4/5] - INFO - len(per_windows_prompt):1
2024-12-21 12:26:47,827 - [Process 4/5] - INFO - res.shape is :torch.Size([42])
2024-12-21 12:26:47,992 - [Process 4/5] - INFO - len(per_windows_prompt):1
2024-12-21 12:26:51,874 - [Process 4/5] - INFO - res.shape is :torch.Size([4])
2024-12-21 12:26:52,036 - [Process 4/5] - INFO - len(per_windows_prompt):1
2024-12-21 12:26:55,966 - [Process 4/5] - INFO - res.shape is :torch.Size([5])
2024-12-21 12:26:56,147 - [Process 4/5] - INFO - len(per_windows_prompt):1
2024-12-21 12:27:02,403 - [Process 4/5] - INFO - res.shape is :torch.Size([54])
2024-12-21 12:27:02,634 - [Process 4/5] - INFO - len(per_windows_prompt):1
2024-12-21 12:27:08,150 - [Process 4/5] - INFO - res.shape is :torch.Size([39])
2024-12-21 12:27:08,379 - [Process 4/5] - INFO - len(per_windows_prompt):1
2024-12-21 12:27:12,505 - [Process 4/5] - INFO - res.shape is :torch.Size([6])
2024-12-21 12:27:12,730 - [Process 4/5] - INFO - len(per_windows_prompt):1
2024-12-21 12:27:17,031 - [Process 4/5] - INFO - res.shape is :torch.Size([10])
2024-12-21 12:27:17,245 - [Process 4/5] - INFO - len(per_windows_prompt):1
2024-12-21 12:27:21,252 - [Process 4/5] - INFO - res.shape is :torch.Size([3])
2024-12-21 12:27:21,474 - [Process 4/5] - INFO - len(per_windows_prompt):1
2024-12-21 12:27:25,567 - [Process 4/5] - INFO - res.shape is :torch.Size([5])
2024-12-21 12:27:25,767 - [Process 4/5] - INFO - len(per_windows_prompt):1
2024-12-21 12:27:29,825 - [Process 4/5] - INFO - res.shape is :torch.Size([4])
2024-12-21 12:27:30,038 - [Process 4/5] - INFO - len(per_windows_prompt):1
2024-12-21 12:27:35,025 - [Process 4/5] - INFO - res.shape is :torch.Size([26])
2024-12-21 12:27:35,216 - [Process 4/5] - INFO - len(per_windows_prompt):1
2024-12-21 12:27:39,360 - [Process 4/5] - INFO - res.shape is :torch.Size([6])
2024-12-21 12:27:39,520 - [Process 4/5] - INFO - len(per_windows_prompt):1
2024-12-21 12:27:43,406 - [Process 4/5] - INFO - res.shape is :torch.Size([7])
2024-12-21 12:27:43,662 - [Process 4/5] - INFO - len(per_windows_prompt):1
2024-12-21 12:27:48,403 - [Process 4/5] - INFO - res.shape is :torch.Size([20])
2024-12-21 12:27:48,565 - [Process 4/5] - INFO - len(per_windows_prompt):1
2024-12-21 12:27:53,022 - [Process 4/5] - INFO - res.shape is :torch.Size([17])
2024-12-21 12:27:53,088 - [Process 4/5] - INFO - len(per_windows_prompt):1
2024-12-21 12:27:56,574 - [Process 4/5] - INFO - res.shape is :torch.Size([55])
2024-12-21 12:27:56,817 - [Process 4/5] - INFO - len(per_windows_prompt):1
2024-12-21 12:28:03,451 - [Process 4/5] - INFO - res.shape is :torch.Size([64])
2024-12-21 12:28:03,586 - [Process 4/5] - INFO - len(per_windows_prompt):1
2024-12-21 12:28:06,773 - [Process 4/5] - INFO - res.shape is :torch.Size([4])
2024-12-21 12:28:06,996 - [Process 4/5] - INFO - len(per_windows_prompt):1
2024-12-21 12:28:10,979 - [Process 4/5] - INFO - res.shape is :torch.Size([2])
2024-12-21 12:28:11,172 - [Process 4/5] - INFO - len(per_windows_prompt):1
2024-12-21 12:28:16,458 - [Process 4/5] - INFO - res.shape is :torch.Size([33])
2024-12-21 12:28:16,690 - [Process 4/5] - INFO - len(per_windows_prompt):1
2024-12-21 12:28:21,727 - [Process 4/5] - INFO - res.shape is :torch.Size([27])
