2024-12-21 13:04:15,483 - [Process 3/5] - INFO - loading datasets finished
2024-12-21 13:04:15,483 - [Process 3/5] - INFO - model_max_len: 3950
2024-12-21 13:04:15,483 - [Process 3/5] - INFO - output_max_len: 32
2024-12-21 13:04:15,524 - [Process 3/5] - INFO - Max Length is 11950
2024-12-21 13:04:15,525 - [Process 3/5] - INFO - Finish loading dataset
2024-12-21 13:04:15,525 - [Process 3/5] - INFO - get_predicted begin
2024-12-21 13:04:20,333 - [Process 3/5] - INFO - len(per_windows_prompt):1
2024-12-21 13:04:26,021 - [Process 3/5] - INFO - res.shape is :torch.Size([25])
2024-12-21 13:04:26,215 - [Process 3/5] - INFO - len(per_windows_prompt):1
2024-12-21 13:04:30,362 - [Process 3/5] - INFO - res.shape is :torch.Size([7])
2024-12-21 13:04:30,547 - [Process 3/5] - INFO - len(per_windows_prompt):1
2024-12-21 13:04:34,573 - [Process 3/5] - INFO - res.shape is :torch.Size([4])
2024-12-21 13:04:34,776 - [Process 3/5] - INFO - len(per_windows_prompt):1
2024-12-21 13:04:38,973 - [Process 3/5] - INFO - res.shape is :torch.Size([8])
2024-12-21 13:04:39,187 - [Process 3/5] - INFO - len(per_windows_prompt):1
2024-12-21 13:04:43,346 - [Process 3/5] - INFO - res.shape is :torch.Size([7])
2024-12-21 13:04:43,549 - [Process 3/5] - INFO - len(per_windows_prompt):1
2024-12-21 13:04:47,719 - [Process 3/5] - INFO - res.shape is :torch.Size([7])
2024-12-21 13:04:47,983 - [Process 3/5] - INFO - len(per_windows_prompt):1
2024-12-21 13:04:52,228 - [Process 3/5] - INFO - res.shape is :torch.Size([8])
2024-12-21 13:04:52,423 - [Process 3/5] - INFO - len(per_windows_prompt):1
2024-12-21 13:04:57,264 - [Process 3/5] - INFO - res.shape is :torch.Size([22])
2024-12-21 13:04:57,465 - [Process 3/5] - INFO - len(per_windows_prompt):1
2024-12-21 13:05:01,739 - [Process 3/5] - INFO - res.shape is :torch.Size([9])
2024-12-21 13:05:01,931 - [Process 3/5] - INFO - len(per_windows_prompt):1
2024-12-21 13:05:07,230 - [Process 3/5] - INFO - res.shape is :torch.Size([32])
2024-12-21 13:05:07,486 - [Process 3/5] - INFO - len(per_windows_prompt):1
2024-12-21 13:05:11,561 - [Process 3/5] - INFO - res.shape is :torch.Size([4])
2024-12-21 13:05:11,765 - [Process 3/5] - INFO - len(per_windows_prompt):1
2024-12-21 13:05:16,523 - [Process 3/5] - INFO - res.shape is :torch.Size([20])
2024-12-21 13:05:16,717 - [Process 3/5] - INFO - len(per_windows_prompt):1
2024-12-21 13:05:21,022 - [Process 3/5] - INFO - res.shape is :torch.Size([9])
2024-12-21 13:05:21,224 - [Process 3/5] - INFO - len(per_windows_prompt):1
2024-12-21 13:05:25,461 - [Process 3/5] - INFO - res.shape is :torch.Size([8])
2024-12-21 13:05:25,640 - [Process 3/5] - INFO - len(per_windows_prompt):1
2024-12-21 13:05:29,790 - [Process 3/5] - INFO - res.shape is :torch.Size([6])
2024-12-21 13:05:29,989 - [Process 3/5] - INFO - len(per_windows_prompt):1
2024-12-21 13:05:33,976 - [Process 3/5] - INFO - res.shape is :torch.Size([2])
2024-12-21 13:05:34,177 - [Process 3/5] - INFO - len(per_windows_prompt):1
2024-12-21 13:05:38,331 - [Process 3/5] - INFO - res.shape is :torch.Size([6])
2024-12-21 13:05:38,577 - [Process 3/5] - INFO - len(per_windows_prompt):1
2024-12-21 13:05:42,902 - [Process 3/5] - INFO - res.shape is :torch.Size([10])
2024-12-21 13:05:43,101 - [Process 3/5] - INFO - len(per_windows_prompt):1
2024-12-21 13:05:47,341 - [Process 3/5] - INFO - res.shape is :torch.Size([8])
2024-12-21 13:05:47,532 - [Process 3/5] - INFO - len(per_windows_prompt):1
2024-12-21 13:05:51,647 - [Process 3/5] - INFO - res.shape is :torch.Size([5])
2024-12-21 13:05:51,837 - [Process 3/5] - INFO - len(per_windows_prompt):1
2024-12-21 13:05:55,955 - [Process 3/5] - INFO - res.shape is :torch.Size([5])
2024-12-21 13:05:56,159 - [Process 3/5] - INFO - len(per_windows_prompt):1
2024-12-21 13:06:00,539 - [Process 3/5] - INFO - res.shape is :torch.Size([11])
2024-12-21 13:06:00,771 - [Process 3/5] - INFO - len(per_windows_prompt):1
2024-12-21 13:06:04,817 - [Process 3/5] - INFO - res.shape is :torch.Size([3])
2024-12-21 13:06:05,018 - [Process 3/5] - INFO - len(per_windows_prompt):1
2024-12-21 13:06:09,180 - [Process 3/5] - INFO - res.shape is :torch.Size([6])
2024-12-21 13:06:09,376 - [Process 3/5] - INFO - len(per_windows_prompt):1
2024-12-21 13:06:13,538 - [Process 3/5] - INFO - res.shape is :torch.Size([6])
2024-12-21 13:06:13,761 - [Process 3/5] - INFO - len(per_windows_prompt):1
2024-12-21 13:06:17,757 - [Process 3/5] - INFO - res.shape is :torch.Size([2])
2024-12-21 13:06:17,944 - [Process 3/5] - INFO - len(per_windows_prompt):1
2024-12-21 13:06:22,316 - [Process 3/5] - INFO - res.shape is :torch.Size([11])
2024-12-21 13:06:22,498 - [Process 3/5] - INFO - len(per_windows_prompt):1
2024-12-21 13:06:27,043 - [Process 3/5] - INFO - res.shape is :torch.Size([15])
2024-12-21 13:06:27,326 - [Process 3/5] - INFO - len(per_windows_prompt):1
2024-12-21 13:06:31,322 - [Process 3/5] - INFO - res.shape is :torch.Size([2])
2024-12-21 13:06:31,514 - [Process 3/5] - INFO - len(per_windows_prompt):1
2024-12-21 13:06:35,716 - [Process 3/5] - INFO - res.shape is :torch.Size([7])
2024-12-21 13:06:35,899 - [Process 3/5] - INFO - len(per_windows_prompt):1
2024-12-21 13:06:40,060 - [Process 3/5] - INFO - res.shape is :torch.Size([6])
2024-12-21 13:06:40,310 - [Process 3/5] - INFO - len(per_windows_prompt):1
2024-12-21 13:06:45,500 - [Process 3/5] - INFO - res.shape is :torch.Size([30])
2024-12-21 13:06:45,699 - [Process 3/5] - INFO - len(per_windows_prompt):1
2024-12-21 13:06:50,073 - [Process 3/5] - INFO - res.shape is :torch.Size([11])
2024-12-21 13:06:50,326 - [Process 3/5] - INFO - len(per_windows_prompt):1
2024-12-21 13:06:54,535 - [Process 3/5] - INFO - res.shape is :torch.Size([7])
2024-12-21 13:06:54,775 - [Process 3/5] - INFO - len(per_windows_prompt):1
2024-12-21 13:06:58,865 - [Process 3/5] - INFO - res.shape is :torch.Size([4])
2024-12-21 13:06:59,083 - [Process 3/5] - INFO - len(per_windows_prompt):1
2024-12-21 13:07:03,130 - [Process 3/5] - INFO - res.shape is :torch.Size([3])
2024-12-21 13:07:03,352 - [Process 3/5] - INFO - len(per_windows_prompt):1
2024-12-21 13:07:07,662 - [Process 3/5] - INFO - res.shape is :torch.Size([9])
2024-12-21 13:07:07,960 - [Process 3/5] - INFO - len(per_windows_prompt):1
2024-12-21 13:07:12,169 - [Process 3/5] - INFO - res.shape is :torch.Size([7])
2024-12-21 13:07:12,363 - [Process 3/5] - INFO - len(per_windows_prompt):1
2024-12-21 13:07:16,483 - [Process 3/5] - INFO - res.shape is :torch.Size([5])
2024-12-21 13:07:16,701 - [Process 3/5] - INFO - len(per_windows_prompt):1
2024-12-21 13:07:22,014 - [Process 3/5] - INFO - res.shape is :torch.Size([32])
