2024-12-21 14:34:03,767 - [Process 1/5] - INFO - loading datasets finished
2024-12-21 14:34:03,767 - [Process 1/5] - INFO - model_max_len: 3950
2024-12-21 14:34:03,767 - [Process 1/5] - INFO - output_max_len: 32
2024-12-21 14:34:03,836 - [Process 1/5] - INFO - Max Length is 12697
2024-12-21 14:34:03,837 - [Process 1/5] - INFO - Finish loading dataset
2024-12-21 14:34:03,837 - [Process 1/5] - INFO - get_predicted begin
2024-12-21 14:34:08,614 - [Process 1/5] - INFO - len(per_windows_prompt):1
2024-12-21 14:34:13,429 - [Process 1/5] - INFO - res.shape is :torch.Size([5])
2024-12-21 14:34:13,740 - [Process 1/5] - INFO - len(per_windows_prompt):1
2024-12-21 14:34:18,963 - [Process 1/5] - INFO - res.shape is :torch.Size([32])
2024-12-21 14:34:19,204 - [Process 1/5] - INFO - len(per_windows_prompt):1
2024-12-21 14:34:23,218 - [Process 1/5] - INFO - res.shape is :torch.Size([4])
2024-12-21 14:34:23,497 - [Process 1/5] - INFO - len(per_windows_prompt):1
2024-12-21 14:34:27,472 - [Process 1/5] - INFO - res.shape is :torch.Size([3])
2024-12-21 14:34:27,761 - [Process 1/5] - INFO - len(per_windows_prompt):1
2024-12-21 14:34:31,821 - [Process 1/5] - INFO - res.shape is :torch.Size([5])
2024-12-21 14:34:32,077 - [Process 1/5] - INFO - len(per_windows_prompt):1
2024-12-21 14:34:36,100 - [Process 1/5] - INFO - res.shape is :torch.Size([4])
2024-12-21 14:34:36,326 - [Process 1/5] - INFO - len(per_windows_prompt):1
2024-12-21 14:34:40,356 - [Process 1/5] - INFO - res.shape is :torch.Size([4])
2024-12-21 14:34:40,588 - [Process 1/5] - INFO - len(per_windows_prompt):1
2024-12-21 14:34:45,377 - [Process 1/5] - INFO - res.shape is :torch.Size([22])
2024-12-21 14:34:45,603 - [Process 1/5] - INFO - len(per_windows_prompt):1
2024-12-21 14:34:49,802 - [Process 1/5] - INFO - res.shape is :torch.Size([8])
2024-12-21 14:34:50,082 - [Process 1/5] - INFO - len(per_windows_prompt):1
2024-12-21 14:34:54,163 - [Process 1/5] - INFO - res.shape is :torch.Size([5])
2024-12-21 14:34:54,348 - [Process 1/5] - INFO - len(per_windows_prompt):1
2024-12-21 14:34:58,383 - [Process 1/5] - INFO - res.shape is :torch.Size([4])
2024-12-21 14:34:58,654 - [Process 1/5] - INFO - len(per_windows_prompt):1
2024-12-21 14:35:02,864 - [Process 1/5] - INFO - res.shape is :torch.Size([8])
2024-12-21 14:35:03,132 - [Process 1/5] - INFO - len(per_windows_prompt):1
2024-12-21 14:35:07,091 - [Process 1/5] - INFO - res.shape is :torch.Size([2])
2024-12-21 14:35:07,297 - [Process 1/5] - INFO - len(per_windows_prompt):1
2024-12-21 14:35:11,382 - [Process 1/5] - INFO - res.shape is :torch.Size([5])
2024-12-21 14:35:11,597 - [Process 1/5] - INFO - len(per_windows_prompt):1
2024-12-21 14:35:15,686 - [Process 1/5] - INFO - res.shape is :torch.Size([5])
2024-12-21 14:35:15,942 - [Process 1/5] - INFO - len(per_windows_prompt):1
2024-12-21 14:35:19,948 - [Process 1/5] - INFO - res.shape is :torch.Size([3])
2024-12-21 14:35:20,204 - [Process 1/5] - INFO - len(per_windows_prompt):1
2024-12-21 14:35:24,589 - [Process 1/5] - INFO - res.shape is :torch.Size([12])
2024-12-21 14:35:24,861 - [Process 1/5] - INFO - len(per_windows_prompt):1
2024-12-21 14:35:28,994 - [Process 1/5] - INFO - res.shape is :torch.Size([6])
2024-12-21 14:35:29,271 - [Process 1/5] - INFO - len(per_windows_prompt):1
2024-12-21 14:35:33,364 - [Process 1/5] - INFO - res.shape is :torch.Size([5])
2024-12-21 14:35:33,611 - [Process 1/5] - INFO - len(per_windows_prompt):1
2024-12-21 14:35:38,843 - [Process 1/5] - INFO - res.shape is :torch.Size([32])
2024-12-21 14:35:39,132 - [Process 1/5] - INFO - len(per_windows_prompt):1
2024-12-21 14:35:43,104 - [Process 1/5] - INFO - res.shape is :torch.Size([2])
2024-12-21 14:35:43,294 - [Process 1/5] - INFO - len(per_windows_prompt):1
2024-12-21 14:35:47,264 - [Process 1/5] - INFO - res.shape is :torch.Size([2])
2024-12-21 14:35:47,528 - [Process 1/5] - INFO - len(per_windows_prompt):1
2024-12-21 14:35:51,749 - [Process 1/5] - INFO - res.shape is :torch.Size([8])
2024-12-21 14:35:52,009 - [Process 1/5] - INFO - len(per_windows_prompt):1
2024-12-21 14:35:56,107 - [Process 1/5] - INFO - res.shape is :torch.Size([5])
2024-12-21 14:35:56,393 - [Process 1/5] - INFO - len(per_windows_prompt):1
2024-12-21 14:36:00,409 - [Process 1/5] - INFO - res.shape is :torch.Size([3])
2024-12-21 14:36:00,688 - [Process 1/5] - INFO - len(per_windows_prompt):1
2024-12-21 14:36:04,833 - [Process 1/5] - INFO - res.shape is :torch.Size([6])
2024-12-21 14:36:05,084 - [Process 1/5] - INFO - len(per_windows_prompt):1
2024-12-21 14:36:09,142 - [Process 1/5] - INFO - res.shape is :torch.Size([4])
2024-12-21 14:36:09,380 - [Process 1/5] - INFO - len(per_windows_prompt):1
2024-12-21 14:36:13,437 - [Process 1/5] - INFO - res.shape is :torch.Size([4])
2024-12-21 14:36:13,701 - [Process 1/5] - INFO - len(per_windows_prompt):1
2024-12-21 14:36:17,715 - [Process 1/5] - INFO - res.shape is :torch.Size([3])
2024-12-21 14:36:17,994 - [Process 1/5] - INFO - len(per_windows_prompt):1
2024-12-21 14:36:21,985 - [Process 1/5] - INFO - res.shape is :torch.Size([2])
2024-12-21 14:36:22,241 - [Process 1/5] - INFO - len(per_windows_prompt):1
2024-12-21 14:36:26,356 - [Process 1/5] - INFO - res.shape is :torch.Size([5])
2024-12-21 14:36:26,633 - [Process 1/5] - INFO - len(per_windows_prompt):1
2024-12-21 14:36:30,709 - [Process 1/5] - INFO - res.shape is :torch.Size([4])
2024-12-21 14:36:30,923 - [Process 1/5] - INFO - len(per_windows_prompt):1
2024-12-21 14:36:35,040 - [Process 1/5] - INFO - res.shape is :torch.Size([5])
2024-12-21 14:36:35,289 - [Process 1/5] - INFO - len(per_windows_prompt):1
2024-12-21 14:36:39,366 - [Process 1/5] - INFO - res.shape is :torch.Size([4])
2024-12-21 14:36:39,602 - [Process 1/5] - INFO - len(per_windows_prompt):1
2024-12-21 14:36:43,677 - [Process 1/5] - INFO - res.shape is :torch.Size([4])
2024-12-21 14:36:43,870 - [Process 1/5] - INFO - len(per_windows_prompt):1
2024-12-21 14:36:47,903 - [Process 1/5] - INFO - res.shape is :torch.Size([3])
2024-12-21 14:36:48,163 - [Process 1/5] - INFO - len(per_windows_prompt):1
2024-12-21 14:36:52,283 - [Process 1/5] - INFO - res.shape is :torch.Size([5])
2024-12-21 14:36:52,555 - [Process 1/5] - INFO - len(per_windows_prompt):1
2024-12-21 14:36:57,355 - [Process 1/5] - INFO - res.shape is :torch.Size([21])
2024-12-21 14:36:57,565 - [Process 1/5] - INFO - len(per_windows_prompt):1
2024-12-21 14:37:01,740 - [Process 1/5] - INFO - res.shape is :torch.Size([6])
2024-12-21 14:37:01,967 - [Process 1/5] - INFO - len(per_windows_prompt):1
2024-12-21 14:37:06,468 - [Process 1/5] - INFO - res.shape is :torch.Size([14])
